[2025-12-02T16:54:28.792+0000] {taskinstance.py:1159} INFO - Dependencies all met for dep_context=non-requeueable deps ti=<TaskInstance: flight_etl.python_etl_pipeline manual__2025-12-02T16:54:25.862257+00:00 [queued]>
[2025-12-02T16:54:28.798+0000] {taskinstance.py:1159} INFO - Dependencies all met for dep_context=requeueable deps ti=<TaskInstance: flight_etl.python_etl_pipeline manual__2025-12-02T16:54:25.862257+00:00 [queued]>
[2025-12-02T16:54:28.798+0000] {taskinstance.py:1361} INFO - Starting attempt 1 of 1
[2025-12-02T16:54:28.807+0000] {taskinstance.py:1382} INFO - Executing <Task(BashOperator): python_etl_pipeline> on 2025-12-02 16:54:25.862257+00:00
[2025-12-02T16:54:28.812+0000] {standard_task_runner.py:57} INFO - Started process 389 to run task
[2025-12-02T16:54:28.814+0000] {standard_task_runner.py:84} INFO - Running: ['***', 'tasks', 'run', 'flight_etl', 'python_etl_pipeline', 'manual__2025-12-02T16:54:25.862257+00:00', '--job-id', '129', '--raw', '--subdir', 'DAGS_FOLDER/etl-dag.py', '--cfg-path', '/tmp/tmpt_1lt3gt']
[2025-12-02T16:54:28.815+0000] {standard_task_runner.py:85} INFO - Job 129: Subtask python_etl_pipeline
[2025-12-02T16:54:28.856+0000] {task_command.py:416} INFO - Running <TaskInstance: flight_etl.python_etl_pipeline manual__2025-12-02T16:54:25.862257+00:00 [running]> on host aee8163c4710
[2025-12-02T16:54:28.926+0000] {taskinstance.py:1662} INFO - Exporting env vars: AIRFLOW_CTX_DAG_OWNER='***' AIRFLOW_CTX_DAG_ID='flight_etl' AIRFLOW_CTX_TASK_ID='python_etl_pipeline' AIRFLOW_CTX_EXECUTION_DATE='2025-12-02T16:54:25.862257+00:00' AIRFLOW_CTX_TRY_NUMBER='1' AIRFLOW_CTX_DAG_RUN_ID='manual__2025-12-02T16:54:25.862257+00:00'
[2025-12-02T16:54:28.927+0000] {subprocess.py:63} INFO - Tmp dir root location: /tmp
[2025-12-02T16:54:28.927+0000] {subprocess.py:75} INFO - Running command: ['/bin/bash', '-c', '\n        echo "Starting ETL pipeline execution..." &&         cd /opt/***/etl_scripts &&         echo "Current directory is: $(pwd)" &&         echo "Installing requirements..." &&         /usr/local/bin/pip install --ignore-installed -r requirements.txt &&         rm -rf ~/.kaggle/kagglehub/datasets/usdot/flight-delays/\n        echo "Starting main.py script..." &&         python main.py\n    ']
[2025-12-02T16:54:28.939+0000] {subprocess.py:86} INFO - Output:
[2025-12-02T16:54:28.941+0000] {subprocess.py:93} INFO - Starting ETL pipeline execution...
[2025-12-02T16:54:28.942+0000] {subprocess.py:93} INFO - Current directory is: /opt/***/etl_scripts
[2025-12-02T16:54:28.943+0000] {subprocess.py:93} INFO - Installing requirements...
[2025-12-02T16:54:30.647+0000] {subprocess.py:93} INFO - Collecting certifi==2025.8.3
[2025-12-02T16:54:30.650+0000] {subprocess.py:93} INFO -   Using cached certifi-2025.8.3-py3-none-any.whl (161 kB)
[2025-12-02T16:54:30.865+0000] {subprocess.py:93} INFO - Collecting charset-normalizer==3.4.3
[2025-12-02T16:54:30.868+0000] {subprocess.py:93} INFO -   Using cached charset_normalizer-3.4.3-cp38-cp38-manylinux2014_x86_64.manylinux_2_17_x86_64.manylinux_2_28_x86_64.whl (147 kB)
[2025-12-02T16:54:31.074+0000] {subprocess.py:93} INFO - Collecting Faker==35.2.2
[2025-12-02T16:54:31.084+0000] {subprocess.py:93} INFO -   Using cached Faker-35.2.2-py3-none-any.whl (1.9 MB)
[2025-12-02T16:54:31.371+0000] {subprocess.py:93} INFO - Collecting greenlet==2.0.2
[2025-12-02T16:54:31.376+0000] {subprocess.py:93} INFO -   Using cached greenlet-2.0.2-cp38-cp38-manylinux_2_17_x86_64.manylinux2014_x86_64.whl (618 kB)
[2025-12-02T16:54:31.498+0000] {subprocess.py:93} INFO - Collecting idna==3.10
[2025-12-02T16:54:31.501+0000] {subprocess.py:93} INFO -   Using cached idna-3.10-py3-none-any.whl (70 kB)
[2025-12-02T16:54:31.619+0000] {subprocess.py:93} INFO - Collecting kagglehub==0.2.9
[2025-12-02T16:54:31.620+0000] {subprocess.py:93} INFO -   Using cached kagglehub-0.2.9-py3-none-any.whl (39 kB)
[2025-12-02T16:54:32.021+0000] {subprocess.py:93} INFO - Collecting numpy==1.24.4
[2025-12-02T16:54:32.060+0000] {subprocess.py:93} INFO -   Using cached numpy-1.24.4-cp38-cp38-manylinux_2_17_x86_64.manylinux2014_x86_64.whl (17.3 MB)
[2025-12-02T16:54:32.223+0000] {subprocess.py:93} INFO - Collecting packaging==25.0
[2025-12-02T16:54:32.225+0000] {subprocess.py:93} INFO -   Using cached packaging-25.0-py3-none-any.whl (66 kB)
[2025-12-02T16:54:32.485+0000] {subprocess.py:93} INFO - Collecting pandas==1.5.3
[2025-12-02T16:54:32.512+0000] {subprocess.py:93} INFO -   Using cached pandas-1.5.3-cp38-cp38-manylinux_2_17_x86_64.manylinux2014_x86_64.whl (12.2 MB)
[2025-12-02T16:54:32.741+0000] {subprocess.py:93} INFO - Collecting psycopg2-binary==2.9.10
[2025-12-02T16:54:32.749+0000] {subprocess.py:93} INFO -   Using cached psycopg2_binary-2.9.10-cp38-cp38-manylinux_2_17_x86_64.manylinux2014_x86_64.whl (3.0 MB)
[2025-12-02T16:54:32.868+0000] {subprocess.py:93} INFO - Collecting python-dateutil==2.9.0.post0
[2025-12-02T16:54:32.869+0000] {subprocess.py:93} INFO -   Using cached python_dateutil-2.9.0.post0-py2.py3-none-any.whl (229 kB)
[2025-12-02T16:54:33.010+0000] {subprocess.py:93} INFO - Collecting pytz==2025.2
[2025-12-02T16:54:33.012+0000] {subprocess.py:93} INFO -   Using cached pytz-2025.2-py2.py3-none-any.whl (509 kB)
[2025-12-02T16:54:33.161+0000] {subprocess.py:93} INFO - Collecting PyYAML==6.0.2
[2025-12-02T16:54:33.164+0000] {subprocess.py:93} INFO -   Using cached PyYAML-6.0.2-cp38-cp38-manylinux_2_17_x86_64.manylinux2014_x86_64.whl (746 kB)
[2025-12-02T16:54:33.278+0000] {subprocess.py:93} INFO - Collecting requests==2.32.4
[2025-12-02T16:54:33.280+0000] {subprocess.py:93} INFO -   Using cached requests-2.32.4-py3-none-any.whl (64 kB)
[2025-12-02T16:54:33.376+0000] {subprocess.py:93} INFO - Collecting six==1.17.0
[2025-12-02T16:54:33.378+0000] {subprocess.py:93} INFO -   Using cached six-1.17.0-py2.py3-none-any.whl (11 kB)
[2025-12-02T16:54:33.953+0000] {subprocess.py:93} INFO - Collecting SQLAlchemy==2.0.43
[2025-12-02T16:54:33.960+0000] {subprocess.py:93} INFO -   Using cached sqlalchemy-2.0.43-cp38-cp38-manylinux_2_17_x86_64.manylinux2014_x86_64.whl (3.2 MB)
[2025-12-02T16:54:34.103+0000] {subprocess.py:93} INFO - Collecting tqdm==4.67.1
[2025-12-02T16:54:34.106+0000] {subprocess.py:93} INFO -   Using cached tqdm-4.67.1-py3-none-any.whl (78 kB)
[2025-12-02T16:54:34.220+0000] {subprocess.py:93} INFO - Collecting typing_extensions==4.13.2
[2025-12-02T16:54:34.221+0000] {subprocess.py:93} INFO -   Using cached typing_extensions-4.13.2-py3-none-any.whl (45 kB)
[2025-12-02T16:54:34.330+0000] {subprocess.py:93} INFO - Collecting tzdata==2025.2
[2025-12-02T16:54:34.332+0000] {subprocess.py:93} INFO -   Using cached tzdata-2025.2-py2.py3-none-any.whl (347 kB)
[2025-12-02T16:54:34.472+0000] {subprocess.py:93} INFO - Collecting urllib3==2.2.3
[2025-12-02T16:54:34.475+0000] {subprocess.py:93} INFO -   Using cached urllib3-2.2.3-py3-none-any.whl (126 kB)
[2025-12-02T16:54:38.395+0000] {subprocess.py:93} INFO - Installing collected packages: pytz, urllib3, tzdata, typing_extensions, tqdm, six, PyYAML, psycopg2-binary, packaging, numpy, idna, greenlet, charset-normalizer, certifi, SQLAlchemy, requests, python-dateutil, pandas, kagglehub, Faker
