[2025-12-02T16:12:39.060+0000] {taskinstance.py:1159} INFO - Dependencies all met for dep_context=non-requeueable deps ti=<TaskInstance: flight_etl.spark_batch_processor manual__2025-12-02T16:10:59.772025+00:00 [queued]>
[2025-12-02T16:12:39.066+0000] {taskinstance.py:1159} INFO - Dependencies all met for dep_context=requeueable deps ti=<TaskInstance: flight_etl.spark_batch_processor manual__2025-12-02T16:10:59.772025+00:00 [queued]>
[2025-12-02T16:12:39.066+0000] {taskinstance.py:1361} INFO - Starting attempt 1 of 1
[2025-12-02T16:12:39.074+0000] {taskinstance.py:1382} INFO - Executing <Task(BashOperator): spark_batch_processor> on 2025-12-02 16:10:59.772025+00:00
[2025-12-02T16:12:39.079+0000] {standard_task_runner.py:57} INFO - Started process 1070 to run task
[2025-12-02T16:12:39.081+0000] {standard_task_runner.py:84} INFO - Running: ['***', 'tasks', 'run', 'flight_etl', 'spark_batch_processor', 'manual__2025-12-02T16:10:59.772025+00:00', '--job-id', '68', '--raw', '--subdir', 'DAGS_FOLDER/etl-dag.py', '--cfg-path', '/tmp/tmpeaxwebu2']
[2025-12-02T16:12:39.084+0000] {standard_task_runner.py:85} INFO - Job 68: Subtask spark_batch_processor
[2025-12-02T16:12:39.122+0000] {task_command.py:416} INFO - Running <TaskInstance: flight_etl.spark_batch_processor manual__2025-12-02T16:10:59.772025+00:00 [running]> on host 2c329b5e4716
[2025-12-02T16:12:39.176+0000] {taskinstance.py:1662} INFO - Exporting env vars: AIRFLOW_CTX_DAG_OWNER='***' AIRFLOW_CTX_DAG_ID='flight_etl' AIRFLOW_CTX_TASK_ID='spark_batch_processor' AIRFLOW_CTX_EXECUTION_DATE='2025-12-02T16:10:59.772025+00:00' AIRFLOW_CTX_TRY_NUMBER='1' AIRFLOW_CTX_DAG_RUN_ID='manual__2025-12-02T16:10:59.772025+00:00'
[2025-12-02T16:12:39.177+0000] {subprocess.py:63} INFO - Tmp dir root location: /tmp
[2025-12-02T16:12:39.178+0000] {subprocess.py:75} INFO - Running command: ['/bin/bash', '-c', '\n    docker exec spark-master /spark/bin/spark-submit     --master spark://spark-master:7077     --jars /spark/jars/postgresql-42.7.7.jar     --conf spark.pyspark.python=/usr/bin/python3     /tmp/spark_drivers/batch.py\n    ']
[2025-12-02T16:12:39.187+0000] {subprocess.py:86} INFO - Output:
[2025-12-02T16:12:41.068+0000] {subprocess.py:93} INFO - 25/12/02 16:12:41 WARN NativeCodeLoader: Unable to load native-hadoop library for your platform... using builtin-java classes where applicable
[2025-12-02T16:12:41.618+0000] {subprocess.py:93} INFO - 25/12/02 16:12:41 INFO SparkContext: Running Spark version 3.3.0
[2025-12-02T16:12:41.639+0000] {subprocess.py:93} INFO - 25/12/02 16:12:41 INFO ResourceUtils: ==============================================================
[2025-12-02T16:12:41.639+0000] {subprocess.py:93} INFO - 25/12/02 16:12:41 INFO ResourceUtils: No custom resources configured for spark.driver.
[2025-12-02T16:12:41.639+0000] {subprocess.py:93} INFO - 25/12/02 16:12:41 INFO ResourceUtils: ==============================================================
[2025-12-02T16:12:41.639+0000] {subprocess.py:93} INFO - 25/12/02 16:12:41 INFO SparkContext: Submitted application: postgres-to-hive
[2025-12-02T16:12:41.657+0000] {subprocess.py:93} INFO - 25/12/02 16:12:41 INFO ResourceProfile: Default ResourceProfile created, executor resources: Map(cores -> name: cores, amount: 1, script: , vendor: , memory -> name: memory, amount: 1024, script: , vendor: , offHeap -> name: offHeap, amount: 0, script: , vendor: ), task resources: Map(cpus -> name: cpus, amount: 1.0)
[2025-12-02T16:12:41.668+0000] {subprocess.py:93} INFO - 25/12/02 16:12:41 INFO ResourceProfile: Limiting resource is cpu
[2025-12-02T16:12:41.668+0000] {subprocess.py:93} INFO - 25/12/02 16:12:41 INFO ResourceProfileManager: Added ResourceProfile id: 0
[2025-12-02T16:12:41.713+0000] {subprocess.py:93} INFO - 25/12/02 16:12:41 INFO SecurityManager: Changing view acls to: root
[2025-12-02T16:12:41.713+0000] {subprocess.py:93} INFO - 25/12/02 16:12:41 INFO SecurityManager: Changing modify acls to: root
[2025-12-02T16:12:41.713+0000] {subprocess.py:93} INFO - 25/12/02 16:12:41 INFO SecurityManager: Changing view acls groups to:
[2025-12-02T16:12:41.713+0000] {subprocess.py:93} INFO - 25/12/02 16:12:41 INFO SecurityManager: Changing modify acls groups to:
[2025-12-02T16:12:41.713+0000] {subprocess.py:93} INFO - 25/12/02 16:12:41 INFO SecurityManager: SecurityManager: authentication disabled; ui acls disabled; users  with view permissions: Set(root); groups with view permissions: Set(); users  with modify permissions: Set(root); groups with modify permissions: Set()
[2025-12-02T16:12:41.919+0000] {subprocess.py:93} INFO - 25/12/02 16:12:41 INFO Utils: Successfully started service 'sparkDriver' on port 41447.
[2025-12-02T16:12:41.938+0000] {subprocess.py:93} INFO - 25/12/02 16:12:41 INFO SparkEnv: Registering MapOutputTracker
[2025-12-02T16:12:41.965+0000] {subprocess.py:93} INFO - 25/12/02 16:12:41 INFO SparkEnv: Registering BlockManagerMaster
[2025-12-02T16:12:41.981+0000] {subprocess.py:93} INFO - 25/12/02 16:12:41 INFO BlockManagerMasterEndpoint: Using org.apache.spark.storage.DefaultTopologyMapper for getting topology information
[2025-12-02T16:12:41.981+0000] {subprocess.py:93} INFO - 25/12/02 16:12:41 INFO BlockManagerMasterEndpoint: BlockManagerMasterEndpoint up
[2025-12-02T16:12:41.984+0000] {subprocess.py:93} INFO - 25/12/02 16:12:41 INFO SparkEnv: Registering BlockManagerMasterHeartbeat
[2025-12-02T16:12:42.000+0000] {subprocess.py:93} INFO - 25/12/02 16:12:41 INFO DiskBlockManager: Created local directory at /tmp/blockmgr-68a416b4-e5c2-44b4-80f4-579ed0e4d958
[2025-12-02T16:12:42.014+0000] {subprocess.py:93} INFO - 25/12/02 16:12:42 INFO MemoryStore: MemoryStore started with capacity 366.3 MiB
[2025-12-02T16:12:42.026+0000] {subprocess.py:93} INFO - 25/12/02 16:12:42 INFO SparkEnv: Registering OutputCommitCoordinator
[2025-12-02T16:12:42.205+0000] {subprocess.py:93} INFO - 25/12/02 16:12:42 INFO Utils: Successfully started service 'SparkUI' on port 4040.
[2025-12-02T16:12:42.312+0000] {subprocess.py:93} INFO - 25/12/02 16:12:42 INFO StandaloneAppClient$ClientEndpoint: Connecting to master spark://spark-master:7077...
[2025-12-02T16:12:42.357+0000] {subprocess.py:93} INFO - 25/12/02 16:12:42 INFO TransportClientFactory: Successfully created connection to spark-master/172.19.0.6:7077 after 27 ms (0 ms spent in bootstraps)
[2025-12-02T16:12:42.429+0000] {subprocess.py:93} INFO - 25/12/02 16:12:42 INFO StandaloneSchedulerBackend: Connected to Spark cluster with app ID app-20251202161242-0003
[2025-12-02T16:12:42.430+0000] {subprocess.py:93} INFO - 25/12/02 16:12:42 INFO StandaloneAppClient$ClientEndpoint: Executor added: app-20251202161242-0003/0 on worker-20251202155501-172.19.0.15-40597 (172.19.0.15:40597) with 20 core(s)
[2025-12-02T16:12:42.431+0000] {subprocess.py:93} INFO - 25/12/02 16:12:42 INFO StandaloneSchedulerBackend: Granted executor ID app-20251202161242-0003/0 on hostPort 172.19.0.15:40597 with 20 core(s), 1024.0 MiB RAM
[2025-12-02T16:12:42.431+0000] {subprocess.py:93} INFO - 25/12/02 16:12:42 INFO StandaloneAppClient$ClientEndpoint: Executor added: app-20251202161242-0003/1 on worker-20251202155501-172.19.0.16-38403 (172.19.0.16:38403) with 20 core(s)
[2025-12-02T16:12:42.431+0000] {subprocess.py:93} INFO - 25/12/02 16:12:42 INFO StandaloneSchedulerBackend: Granted executor ID app-20251202161242-0003/1 on hostPort 172.19.0.16:38403 with 20 core(s), 1024.0 MiB RAM
[2025-12-02T16:12:42.440+0000] {subprocess.py:93} INFO - 25/12/02 16:12:42 INFO Utils: Successfully started service 'org.apache.spark.network.netty.NettyBlockTransferService' on port 42595.
[2025-12-02T16:12:42.441+0000] {subprocess.py:93} INFO - 25/12/02 16:12:42 INFO NettyBlockTransferService: Server created on cf8fd005787a:42595
[2025-12-02T16:12:42.442+0000] {subprocess.py:93} INFO - 25/12/02 16:12:42 INFO BlockManager: Using org.apache.spark.storage.RandomBlockReplicationPolicy for block replication policy
[2025-12-02T16:12:42.452+0000] {subprocess.py:93} INFO - 25/12/02 16:12:42 INFO BlockManagerMaster: Registering BlockManager BlockManagerId(driver, cf8fd005787a, 42595, None)
[2025-12-02T16:12:42.455+0000] {subprocess.py:93} INFO - 25/12/02 16:12:42 INFO BlockManagerMasterEndpoint: Registering block manager cf8fd005787a:42595 with 366.3 MiB RAM, BlockManagerId(driver, cf8fd005787a, 42595, None)
[2025-12-02T16:12:42.457+0000] {subprocess.py:93} INFO - 25/12/02 16:12:42 INFO BlockManagerMaster: Registered BlockManager BlockManagerId(driver, cf8fd005787a, 42595, None)
[2025-12-02T16:12:42.457+0000] {subprocess.py:93} INFO - 25/12/02 16:12:42 INFO StandaloneAppClient$ClientEndpoint: Executor updated: app-20251202161242-0003/1 is now RUNNING
[2025-12-02T16:12:42.457+0000] {subprocess.py:93} INFO - 25/12/02 16:12:42 INFO StandaloneAppClient$ClientEndpoint: Executor updated: app-20251202161242-0003/0 is now RUNNING
[2025-12-02T16:12:42.458+0000] {subprocess.py:93} INFO - 25/12/02 16:12:42 INFO BlockManager: Initialized BlockManager: BlockManagerId(driver, cf8fd005787a, 42595, None)
[2025-12-02T16:12:42.603+0000] {subprocess.py:93} INFO - 25/12/02 16:12:42 INFO StandaloneSchedulerBackend: SchedulerBackend is ready for scheduling beginning after reached minRegisteredResourcesRatio: 0.0
[2025-12-02T16:12:42.762+0000] {subprocess.py:93} INFO - 25/12/02 16:12:42 INFO SharedState: Setting hive.metastore.warehouse.dir ('null') to the value of spark.sql.warehouse.dir.
[2025-12-02T16:12:43.108+0000] {subprocess.py:93} INFO - 25/12/02 16:12:43 INFO SharedState: Warehouse path is 'hdfs://namenode:9000/hive/warehouse'.
[2025-12-02T16:12:44.406+0000] {subprocess.py:93} INFO - 25/12/02 16:12:44 INFO CoarseGrainedSchedulerBackend$DriverEndpoint: Registered executor NettyRpcEndpointRef(spark-client://Executor) (172.19.0.16:43608) with ID 1,  ResourceProfileId 0
[2025-12-02T16:12:44.430+0000] {subprocess.py:93} INFO - 25/12/02 16:12:44 INFO CoarseGrainedSchedulerBackend$DriverEndpoint: Registered executor NettyRpcEndpointRef(spark-client://Executor) (172.19.0.15:45202) with ID 0,  ResourceProfileId 0
[2025-12-02T16:12:44.494+0000] {subprocess.py:93} INFO - 25/12/02 16:12:44 INFO BlockManagerMasterEndpoint: Registering block manager 172.19.0.16:43975 with 366.3 MiB RAM, BlockManagerId(1, 172.19.0.16, 43975, None)
[2025-12-02T16:12:44.497+0000] {subprocess.py:93} INFO - 25/12/02 16:12:44 INFO BlockManagerMasterEndpoint: Registering block manager 172.19.0.15:43629 with 366.3 MiB RAM, BlockManagerId(0, 172.19.0.15, 43629, None)
[2025-12-02T16:12:45.660+0000] {subprocess.py:93} INFO - 25/12/02 16:12:45 INFO HiveConf: Found configuration file null
[2025-12-02T16:12:45.670+0000] {subprocess.py:93} INFO - 25/12/02 16:12:45 INFO HiveUtils: Initializing HiveMetastoreConnection version 2.3.9 using Spark classes.
[2025-12-02T16:12:45.939+0000] {subprocess.py:93} INFO - 25/12/02 16:12:45 INFO HiveClientImpl: Warehouse location for Hive client (version 2.3.9) is hdfs://namenode:9000/hive/warehouse
[2025-12-02T16:12:46.154+0000] {subprocess.py:93} INFO - 
[2025-12-02T16:12:46.154+0000] {subprocess.py:93} INFO - --- Reading from PG table: gold_dim_airport ---
[2025-12-02T16:12:46.218+0000] {subprocess.py:93} INFO - Error processing table gold_dim_airport: An error occurred while calling o48.load.
[2025-12-02T16:12:46.218+0000] {subprocess.py:93} INFO - : java.lang.ClassNotFoundException: org.postgresql.Driver
[2025-12-02T16:12:46.218+0000] {subprocess.py:93} INFO - 	at java.net.URLClassLoader.findClass(URLClassLoader.java:382)
[2025-12-02T16:12:46.218+0000] {subprocess.py:93} INFO - 	at java.lang.ClassLoader.loadClass(ClassLoader.java:419)
[2025-12-02T16:12:46.218+0000] {subprocess.py:93} INFO - 	at java.lang.ClassLoader.loadClass(ClassLoader.java:352)
[2025-12-02T16:12:46.218+0000] {subprocess.py:93} INFO - 	at org.apache.spark.sql.execution.datasources.jdbc.DriverRegistry$.register(DriverRegistry.scala:46)
[2025-12-02T16:12:46.218+0000] {subprocess.py:93} INFO - 	at org.apache.spark.sql.execution.datasources.jdbc.JDBCOptions.$anonfun$driverClass$1(JDBCOptions.scala:101)
[2025-12-02T16:12:46.218+0000] {subprocess.py:93} INFO - 	at org.apache.spark.sql.execution.datasources.jdbc.JDBCOptions.$anonfun$driverClass$1$adapted(JDBCOptions.scala:101)
[2025-12-02T16:12:46.218+0000] {subprocess.py:93} INFO - 	at scala.Option.foreach(Option.scala:407)
[2025-12-02T16:12:46.218+0000] {subprocess.py:93} INFO - 	at org.apache.spark.sql.execution.datasources.jdbc.JDBCOptions.<init>(JDBCOptions.scala:101)
[2025-12-02T16:12:46.218+0000] {subprocess.py:93} INFO - 	at org.apache.spark.sql.execution.datasources.jdbc.JDBCOptions.<init>(JDBCOptions.scala:39)
[2025-12-02T16:12:46.218+0000] {subprocess.py:93} INFO - 	at org.apache.spark.sql.execution.datasources.jdbc.JdbcRelationProvider.createRelation(JdbcRelationProvider.scala:34)
[2025-12-02T16:12:46.218+0000] {subprocess.py:93} INFO - 	at org.apache.spark.sql.execution.datasources.DataSource.resolveRelation(DataSource.scala:350)
[2025-12-02T16:12:46.218+0000] {subprocess.py:93} INFO - 	at org.apache.spark.sql.DataFrameReader.loadV1Source(DataFrameReader.scala:228)
[2025-12-02T16:12:46.219+0000] {subprocess.py:93} INFO - 	at org.apache.spark.sql.DataFrameReader.$anonfun$load$2(DataFrameReader.scala:210)
[2025-12-02T16:12:46.219+0000] {subprocess.py:93} INFO - 	at scala.Option.getOrElse(Option.scala:189)
[2025-12-02T16:12:46.219+0000] {subprocess.py:93} INFO - 	at org.apache.spark.sql.DataFrameReader.load(DataFrameReader.scala:210)
[2025-12-02T16:12:46.219+0000] {subprocess.py:93} INFO - 	at org.apache.spark.sql.DataFrameReader.load(DataFrameReader.scala:171)
[2025-12-02T16:12:46.219+0000] {subprocess.py:93} INFO - 	at sun.reflect.NativeMethodAccessorImpl.invoke0(Native Method)
[2025-12-02T16:12:46.219+0000] {subprocess.py:93} INFO - 	at sun.reflect.NativeMethodAccessorImpl.invoke(NativeMethodAccessorImpl.java:62)
[2025-12-02T16:12:46.219+0000] {subprocess.py:93} INFO - 	at sun.reflect.DelegatingMethodAccessorImpl.invoke(DelegatingMethodAccessorImpl.java:43)
[2025-12-02T16:12:46.219+0000] {subprocess.py:93} INFO - 	at java.lang.reflect.Method.invoke(Method.java:498)
[2025-12-02T16:12:46.219+0000] {subprocess.py:93} INFO - 	at py4j.reflection.MethodInvoker.invoke(MethodInvoker.java:244)
[2025-12-02T16:12:46.219+0000] {subprocess.py:93} INFO - 	at py4j.reflection.ReflectionEngine.invoke(ReflectionEngine.java:357)
[2025-12-02T16:12:46.219+0000] {subprocess.py:93} INFO - 	at py4j.Gateway.invoke(Gateway.java:282)
[2025-12-02T16:12:46.219+0000] {subprocess.py:93} INFO - 	at py4j.commands.AbstractCommand.invokeMethod(AbstractCommand.java:132)
[2025-12-02T16:12:46.219+0000] {subprocess.py:93} INFO - 	at py4j.commands.CallCommand.execute(CallCommand.java:79)
[2025-12-02T16:12:46.219+0000] {subprocess.py:93} INFO - 	at py4j.ClientServerConnection.waitForCommands(ClientServerConnection.java:182)
[2025-12-02T16:12:46.219+0000] {subprocess.py:93} INFO - 	at py4j.ClientServerConnection.run(ClientServerConnection.java:106)
[2025-12-02T16:12:46.219+0000] {subprocess.py:93} INFO - 	at java.lang.Thread.run(Thread.java:748)
[2025-12-02T16:12:46.219+0000] {subprocess.py:93} INFO - 
[2025-12-02T16:12:46.219+0000] {subprocess.py:93} INFO - 
[2025-12-02T16:12:46.219+0000] {subprocess.py:93} INFO - --- Reading from PG table: gold_dim_date ---
[2025-12-02T16:12:46.233+0000] {subprocess.py:93} INFO - Error processing table gold_dim_date: An error occurred while calling o56.load.
[2025-12-02T16:12:46.233+0000] {subprocess.py:93} INFO - : java.lang.ClassNotFoundException: org.postgresql.Driver
[2025-12-02T16:12:46.233+0000] {subprocess.py:93} INFO - 	at java.net.URLClassLoader.findClass(URLClassLoader.java:382)
[2025-12-02T16:12:46.233+0000] {subprocess.py:93} INFO - 	at java.lang.ClassLoader.loadClass(ClassLoader.java:419)
[2025-12-02T16:12:46.233+0000] {subprocess.py:93} INFO - 	at java.lang.ClassLoader.loadClass(ClassLoader.java:352)
[2025-12-02T16:12:46.233+0000] {subprocess.py:93} INFO - 	at org.apache.spark.sql.execution.datasources.jdbc.DriverRegistry$.register(DriverRegistry.scala:46)
[2025-12-02T16:12:46.233+0000] {subprocess.py:93} INFO - 	at org.apache.spark.sql.execution.datasources.jdbc.JDBCOptions.$anonfun$driverClass$1(JDBCOptions.scala:101)
[2025-12-02T16:12:46.233+0000] {subprocess.py:93} INFO - 	at org.apache.spark.sql.execution.datasources.jdbc.JDBCOptions.$anonfun$driverClass$1$adapted(JDBCOptions.scala:101)
[2025-12-02T16:12:46.233+0000] {subprocess.py:93} INFO - 	at scala.Option.foreach(Option.scala:407)
[2025-12-02T16:12:46.233+0000] {subprocess.py:93} INFO - 	at org.apache.spark.sql.execution.datasources.jdbc.JDBCOptions.<init>(JDBCOptions.scala:101)
[2025-12-02T16:12:46.233+0000] {subprocess.py:93} INFO - 	at org.apache.spark.sql.execution.datasources.jdbc.JDBCOptions.<init>(JDBCOptions.scala:39)
[2025-12-02T16:12:46.233+0000] {subprocess.py:93} INFO - 	at org.apache.spark.sql.execution.datasources.jdbc.JdbcRelationProvider.createRelation(JdbcRelationProvider.scala:34)
[2025-12-02T16:12:46.233+0000] {subprocess.py:93} INFO - 	at org.apache.spark.sql.execution.datasources.DataSource.resolveRelation(DataSource.scala:350)
[2025-12-02T16:12:46.233+0000] {subprocess.py:93} INFO - 	at org.apache.spark.sql.DataFrameReader.loadV1Source(DataFrameReader.scala:228)
[2025-12-02T16:12:46.234+0000] {subprocess.py:93} INFO - 	at org.apache.spark.sql.DataFrameReader.$anonfun$load$2(DataFrameReader.scala:210)
[2025-12-02T16:12:46.234+0000] {subprocess.py:93} INFO - 	at scala.Option.getOrElse(Option.scala:189)
[2025-12-02T16:12:46.234+0000] {subprocess.py:93} INFO - 	at org.apache.spark.sql.DataFrameReader.load(DataFrameReader.scala:210)
[2025-12-02T16:12:46.234+0000] {subprocess.py:93} INFO - 	at org.apache.spark.sql.DataFrameReader.load(DataFrameReader.scala:171)
[2025-12-02T16:12:46.234+0000] {subprocess.py:93} INFO - 	at sun.reflect.NativeMethodAccessorImpl.invoke0(Native Method)
[2025-12-02T16:12:46.234+0000] {subprocess.py:93} INFO - 	at sun.reflect.NativeMethodAccessorImpl.invoke(NativeMethodAccessorImpl.java:62)
[2025-12-02T16:12:46.234+0000] {subprocess.py:93} INFO - 	at sun.reflect.DelegatingMethodAccessorImpl.invoke(DelegatingMethodAccessorImpl.java:43)
[2025-12-02T16:12:46.234+0000] {subprocess.py:93} INFO - 	at java.lang.reflect.Method.invoke(Method.java:498)
[2025-12-02T16:12:46.234+0000] {subprocess.py:93} INFO - 	at py4j.reflection.MethodInvoker.invoke(MethodInvoker.java:244)
[2025-12-02T16:12:46.234+0000] {subprocess.py:93} INFO - 	at py4j.reflection.ReflectionEngine.invoke(ReflectionEngine.java:357)
[2025-12-02T16:12:46.234+0000] {subprocess.py:93} INFO - 	at py4j.Gateway.invoke(Gateway.java:282)
[2025-12-02T16:12:46.234+0000] {subprocess.py:93} INFO - 	at py4j.commands.AbstractCommand.invokeMethod(AbstractCommand.java:132)
[2025-12-02T16:12:46.234+0000] {subprocess.py:93} INFO - 	at py4j.commands.CallCommand.execute(CallCommand.java:79)
[2025-12-02T16:12:46.234+0000] {subprocess.py:93} INFO - 	at py4j.ClientServerConnection.waitForCommands(ClientServerConnection.java:182)
[2025-12-02T16:12:46.234+0000] {subprocess.py:93} INFO - 	at py4j.ClientServerConnection.run(ClientServerConnection.java:106)
[2025-12-02T16:12:46.234+0000] {subprocess.py:93} INFO - 	at java.lang.Thread.run(Thread.java:748)
[2025-12-02T16:12:46.234+0000] {subprocess.py:93} INFO - 
[2025-12-02T16:12:46.234+0000] {subprocess.py:93} INFO - 
[2025-12-02T16:12:46.234+0000] {subprocess.py:93} INFO - --- Reading from PG table: gold_dim_flight ---
[2025-12-02T16:12:46.245+0000] {subprocess.py:93} INFO - Error processing table gold_dim_flight: An error occurred while calling o64.load.
[2025-12-02T16:12:46.245+0000] {subprocess.py:93} INFO - : java.lang.ClassNotFoundException: org.postgresql.Driver
[2025-12-02T16:12:46.245+0000] {subprocess.py:93} INFO - 	at java.net.URLClassLoader.findClass(URLClassLoader.java:382)
[2025-12-02T16:12:46.246+0000] {subprocess.py:93} INFO - 	at java.lang.ClassLoader.loadClass(ClassLoader.java:419)
[2025-12-02T16:12:46.246+0000] {subprocess.py:93} INFO - 	at java.lang.ClassLoader.loadClass(ClassLoader.java:352)
[2025-12-02T16:12:46.246+0000] {subprocess.py:93} INFO - 	at org.apache.spark.sql.execution.datasources.jdbc.DriverRegistry$.register(DriverRegistry.scala:46)
[2025-12-02T16:12:46.246+0000] {subprocess.py:93} INFO - 	at org.apache.spark.sql.execution.datasources.jdbc.JDBCOptions.$anonfun$driverClass$1(JDBCOptions.scala:101)
[2025-12-02T16:12:46.246+0000] {subprocess.py:93} INFO - 	at org.apache.spark.sql.execution.datasources.jdbc.JDBCOptions.$anonfun$driverClass$1$adapted(JDBCOptions.scala:101)
[2025-12-02T16:12:46.246+0000] {subprocess.py:93} INFO - 	at scala.Option.foreach(Option.scala:407)
[2025-12-02T16:12:46.246+0000] {subprocess.py:93} INFO - 	at org.apache.spark.sql.execution.datasources.jdbc.JDBCOptions.<init>(JDBCOptions.scala:101)
[2025-12-02T16:12:46.246+0000] {subprocess.py:93} INFO - 	at org.apache.spark.sql.execution.datasources.jdbc.JDBCOptions.<init>(JDBCOptions.scala:39)
[2025-12-02T16:12:46.246+0000] {subprocess.py:93} INFO - 	at org.apache.spark.sql.execution.datasources.jdbc.JdbcRelationProvider.createRelation(JdbcRelationProvider.scala:34)
[2025-12-02T16:12:46.246+0000] {subprocess.py:93} INFO - 	at org.apache.spark.sql.execution.datasources.DataSource.resolveRelation(DataSource.scala:350)
[2025-12-02T16:12:46.246+0000] {subprocess.py:93} INFO - 	at org.apache.spark.sql.DataFrameReader.loadV1Source(DataFrameReader.scala:228)
[2025-12-02T16:12:46.246+0000] {subprocess.py:93} INFO - 	at org.apache.spark.sql.DataFrameReader.$anonfun$load$2(DataFrameReader.scala:210)
[2025-12-02T16:12:46.246+0000] {subprocess.py:93} INFO - 	at scala.Option.getOrElse(Option.scala:189)
[2025-12-02T16:12:46.246+0000] {subprocess.py:93} INFO - 	at org.apache.spark.sql.DataFrameReader.load(DataFrameReader.scala:210)
[2025-12-02T16:12:46.246+0000] {subprocess.py:93} INFO - 	at org.apache.spark.sql.DataFrameReader.load(DataFrameReader.scala:171)
[2025-12-02T16:12:46.246+0000] {subprocess.py:93} INFO - 	at sun.reflect.NativeMethodAccessorImpl.invoke0(Native Method)
[2025-12-02T16:12:46.246+0000] {subprocess.py:93} INFO - 	at sun.reflect.NativeMethodAccessorImpl.invoke(NativeMethodAccessorImpl.java:62)
[2025-12-02T16:12:46.247+0000] {subprocess.py:93} INFO - 	at sun.reflect.DelegatingMethodAccessorImpl.invoke(DelegatingMethodAccessorImpl.java:43)
[2025-12-02T16:12:46.247+0000] {subprocess.py:93} INFO - 	at java.lang.reflect.Method.invoke(Method.java:498)
[2025-12-02T16:12:46.247+0000] {subprocess.py:93} INFO - 	at py4j.reflection.MethodInvoker.invoke(MethodInvoker.java:244)
[2025-12-02T16:12:46.247+0000] {subprocess.py:93} INFO - 	at py4j.reflection.ReflectionEngine.invoke(ReflectionEngine.java:357)
[2025-12-02T16:12:46.247+0000] {subprocess.py:93} INFO - 	at py4j.Gateway.invoke(Gateway.java:282)
[2025-12-02T16:12:46.247+0000] {subprocess.py:93} INFO - 	at py4j.commands.AbstractCommand.invokeMethod(AbstractCommand.java:132)
[2025-12-02T16:12:46.247+0000] {subprocess.py:93} INFO - 	at py4j.commands.CallCommand.execute(CallCommand.java:79)
[2025-12-02T16:12:46.247+0000] {subprocess.py:93} INFO - 	at py4j.ClientServerConnection.waitForCommands(ClientServerConnection.java:182)
[2025-12-02T16:12:46.247+0000] {subprocess.py:93} INFO - 	at py4j.ClientServerConnection.run(ClientServerConnection.java:106)
[2025-12-02T16:12:46.247+0000] {subprocess.py:93} INFO - 	at java.lang.Thread.run(Thread.java:748)
[2025-12-02T16:12:46.247+0000] {subprocess.py:93} INFO - 
[2025-12-02T16:12:46.247+0000] {subprocess.py:93} INFO - 
[2025-12-02T16:12:46.247+0000] {subprocess.py:93} INFO - --- Reading from PG table: gold_dim_passenger ---
[2025-12-02T16:12:46.256+0000] {subprocess.py:93} INFO - Error processing table gold_dim_passenger: An error occurred while calling o72.load.
[2025-12-02T16:12:46.256+0000] {subprocess.py:93} INFO - : java.lang.ClassNotFoundException: org.postgresql.Driver
[2025-12-02T16:12:46.256+0000] {subprocess.py:93} INFO - 	at java.net.URLClassLoader.findClass(URLClassLoader.java:382)
[2025-12-02T16:12:46.257+0000] {subprocess.py:93} INFO - 	at java.lang.ClassLoader.loadClass(ClassLoader.java:419)
[2025-12-02T16:12:46.257+0000] {subprocess.py:93} INFO - 	at java.lang.ClassLoader.loadClass(ClassLoader.java:352)
[2025-12-02T16:12:46.257+0000] {subprocess.py:93} INFO - 	at org.apache.spark.sql.execution.datasources.jdbc.DriverRegistry$.register(DriverRegistry.scala:46)
[2025-12-02T16:12:46.257+0000] {subprocess.py:93} INFO - 	at org.apache.spark.sql.execution.datasources.jdbc.JDBCOptions.$anonfun$driverClass$1(JDBCOptions.scala:101)
[2025-12-02T16:12:46.257+0000] {subprocess.py:93} INFO - 	at org.apache.spark.sql.execution.datasources.jdbc.JDBCOptions.$anonfun$driverClass$1$adapted(JDBCOptions.scala:101)
[2025-12-02T16:12:46.257+0000] {subprocess.py:93} INFO - 	at scala.Option.foreach(Option.scala:407)
[2025-12-02T16:12:46.257+0000] {subprocess.py:93} INFO - 	at org.apache.spark.sql.execution.datasources.jdbc.JDBCOptions.<init>(JDBCOptions.scala:101)
[2025-12-02T16:12:46.257+0000] {subprocess.py:93} INFO - 	at org.apache.spark.sql.execution.datasources.jdbc.JDBCOptions.<init>(JDBCOptions.scala:39)
[2025-12-02T16:12:46.257+0000] {subprocess.py:93} INFO - 	at org.apache.spark.sql.execution.datasources.jdbc.JdbcRelationProvider.createRelation(JdbcRelationProvider.scala:34)
[2025-12-02T16:12:46.258+0000] {subprocess.py:93} INFO - 	at org.apache.spark.sql.execution.datasources.DataSource.resolveRelation(DataSource.scala:350)
[2025-12-02T16:12:46.258+0000] {subprocess.py:93} INFO - 	at org.apache.spark.sql.DataFrameReader.loadV1Source(DataFrameReader.scala:228)
[2025-12-02T16:12:46.258+0000] {subprocess.py:93} INFO - 	at org.apache.spark.sql.DataFrameReader.$anonfun$load$2(DataFrameReader.scala:210)
[2025-12-02T16:12:46.258+0000] {subprocess.py:93} INFO - 	at scala.Option.getOrElse(Option.scala:189)
[2025-12-02T16:12:46.258+0000] {subprocess.py:93} INFO - 	at org.apache.spark.sql.DataFrameReader.load(DataFrameReader.scala:210)
[2025-12-02T16:12:46.258+0000] {subprocess.py:93} INFO - 	at org.apache.spark.sql.DataFrameReader.load(DataFrameReader.scala:171)
[2025-12-02T16:12:46.258+0000] {subprocess.py:93} INFO - 	at sun.reflect.NativeMethodAccessorImpl.invoke0(Native Method)
[2025-12-02T16:12:46.258+0000] {subprocess.py:93} INFO - 	at sun.reflect.NativeMethodAccessorImpl.invoke(NativeMethodAccessorImpl.java:62)
[2025-12-02T16:12:46.258+0000] {subprocess.py:93} INFO - 	at sun.reflect.DelegatingMethodAccessorImpl.invoke(DelegatingMethodAccessorImpl.java:43)
[2025-12-02T16:12:46.258+0000] {subprocess.py:93} INFO - 	at java.lang.reflect.Method.invoke(Method.java:498)
[2025-12-02T16:12:46.259+0000] {subprocess.py:93} INFO - 	at py4j.reflection.MethodInvoker.invoke(MethodInvoker.java:244)
[2025-12-02T16:12:46.259+0000] {subprocess.py:93} INFO - 	at py4j.reflection.ReflectionEngine.invoke(ReflectionEngine.java:357)
[2025-12-02T16:12:46.259+0000] {subprocess.py:93} INFO - 	at py4j.Gateway.invoke(Gateway.java:282)
[2025-12-02T16:12:46.259+0000] {subprocess.py:93} INFO - 	at py4j.commands.AbstractCommand.invokeMethod(AbstractCommand.java:132)
[2025-12-02T16:12:46.259+0000] {subprocess.py:93} INFO - 	at py4j.commands.CallCommand.execute(CallCommand.java:79)
[2025-12-02T16:12:46.259+0000] {subprocess.py:93} INFO - 	at py4j.ClientServerConnection.waitForCommands(ClientServerConnection.java:182)
[2025-12-02T16:12:46.259+0000] {subprocess.py:93} INFO - 	at py4j.ClientServerConnection.run(ClientServerConnection.java:106)
[2025-12-02T16:12:46.259+0000] {subprocess.py:93} INFO - 	at java.lang.Thread.run(Thread.java:748)
[2025-12-02T16:12:46.259+0000] {subprocess.py:93} INFO - 
[2025-12-02T16:12:46.259+0000] {subprocess.py:93} INFO - 
[2025-12-02T16:12:46.260+0000] {subprocess.py:93} INFO - --- Reading from PG table: gold_dim_ticket ---
[2025-12-02T16:12:46.273+0000] {subprocess.py:93} INFO - Error processing table gold_dim_ticket: An error occurred while calling o80.load.
[2025-12-02T16:12:46.273+0000] {subprocess.py:93} INFO - : java.lang.ClassNotFoundException: org.postgresql.Driver
[2025-12-02T16:12:46.273+0000] {subprocess.py:93} INFO - 	at java.net.URLClassLoader.findClass(URLClassLoader.java:382)
[2025-12-02T16:12:46.273+0000] {subprocess.py:93} INFO - 	at java.lang.ClassLoader.loadClass(ClassLoader.java:419)
[2025-12-02T16:12:46.273+0000] {subprocess.py:93} INFO - 	at java.lang.ClassLoader.loadClass(ClassLoader.java:352)
[2025-12-02T16:12:46.273+0000] {subprocess.py:93} INFO - 	at org.apache.spark.sql.execution.datasources.jdbc.DriverRegistry$.register(DriverRegistry.scala:46)
[2025-12-02T16:12:46.273+0000] {subprocess.py:93} INFO - 	at org.apache.spark.sql.execution.datasources.jdbc.JDBCOptions.$anonfun$driverClass$1(JDBCOptions.scala:101)
[2025-12-02T16:12:46.273+0000] {subprocess.py:93} INFO - 	at org.apache.spark.sql.execution.datasources.jdbc.JDBCOptions.$anonfun$driverClass$1$adapted(JDBCOptions.scala:101)
[2025-12-02T16:12:46.273+0000] {subprocess.py:93} INFO - 	at scala.Option.foreach(Option.scala:407)
[2025-12-02T16:12:46.273+0000] {subprocess.py:93} INFO - 	at org.apache.spark.sql.execution.datasources.jdbc.JDBCOptions.<init>(JDBCOptions.scala:101)
[2025-12-02T16:12:46.273+0000] {subprocess.py:93} INFO - 	at org.apache.spark.sql.execution.datasources.jdbc.JDBCOptions.<init>(JDBCOptions.scala:39)
[2025-12-02T16:12:46.273+0000] {subprocess.py:93} INFO - 	at org.apache.spark.sql.execution.datasources.jdbc.JdbcRelationProvider.createRelation(JdbcRelationProvider.scala:34)
[2025-12-02T16:12:46.274+0000] {subprocess.py:93} INFO - 	at org.apache.spark.sql.execution.datasources.DataSource.resolveRelation(DataSource.scala:350)
[2025-12-02T16:12:46.274+0000] {subprocess.py:93} INFO - 	at org.apache.spark.sql.DataFrameReader.loadV1Source(DataFrameReader.scala:228)
[2025-12-02T16:12:46.274+0000] {subprocess.py:93} INFO - 	at org.apache.spark.sql.DataFrameReader.$anonfun$load$2(DataFrameReader.scala:210)
[2025-12-02T16:12:46.274+0000] {subprocess.py:93} INFO - 	at scala.Option.getOrElse(Option.scala:189)
[2025-12-02T16:12:46.274+0000] {subprocess.py:93} INFO - 	at org.apache.spark.sql.DataFrameReader.load(DataFrameReader.scala:210)
[2025-12-02T16:12:46.274+0000] {subprocess.py:93} INFO - 	at org.apache.spark.sql.DataFrameReader.load(DataFrameReader.scala:171)
[2025-12-02T16:12:46.274+0000] {subprocess.py:93} INFO - 	at sun.reflect.NativeMethodAccessorImpl.invoke0(Native Method)
[2025-12-02T16:12:46.274+0000] {subprocess.py:93} INFO - 	at sun.reflect.NativeMethodAccessorImpl.invoke(NativeMethodAccessorImpl.java:62)
[2025-12-02T16:12:46.274+0000] {subprocess.py:93} INFO - 	at sun.reflect.DelegatingMethodAccessorImpl.invoke(DelegatingMethodAccessorImpl.java:43)
[2025-12-02T16:12:46.274+0000] {subprocess.py:93} INFO - 	at java.lang.reflect.Method.invoke(Method.java:498)
[2025-12-02T16:12:46.274+0000] {subprocess.py:93} INFO - 	at py4j.reflection.MethodInvoker.invoke(MethodInvoker.java:244)
[2025-12-02T16:12:46.274+0000] {subprocess.py:93} INFO - 	at py4j.reflection.ReflectionEngine.invoke(ReflectionEngine.java:357)
[2025-12-02T16:12:46.274+0000] {subprocess.py:93} INFO - 	at py4j.Gateway.invoke(Gateway.java:282)
[2025-12-02T16:12:46.274+0000] {subprocess.py:93} INFO - 	at py4j.commands.AbstractCommand.invokeMethod(AbstractCommand.java:132)
[2025-12-02T16:12:46.274+0000] {subprocess.py:93} INFO - 	at py4j.commands.CallCommand.execute(CallCommand.java:79)
[2025-12-02T16:12:46.274+0000] {subprocess.py:93} INFO - 	at py4j.ClientServerConnection.waitForCommands(ClientServerConnection.java:182)
[2025-12-02T16:12:46.274+0000] {subprocess.py:93} INFO - 	at py4j.ClientServerConnection.run(ClientServerConnection.java:106)
[2025-12-02T16:12:46.274+0000] {subprocess.py:93} INFO - 	at java.lang.Thread.run(Thread.java:748)
[2025-12-02T16:12:46.274+0000] {subprocess.py:93} INFO - 
[2025-12-02T16:12:46.274+0000] {subprocess.py:93} INFO - 
[2025-12-02T16:12:46.274+0000] {subprocess.py:93} INFO - --- Reading from PG table: gold_dim_weather ---
[2025-12-02T16:12:46.283+0000] {subprocess.py:93} INFO - Error processing table gold_dim_weather: An error occurred while calling o88.load.
[2025-12-02T16:12:46.284+0000] {subprocess.py:93} INFO - : java.lang.ClassNotFoundException: org.postgresql.Driver
[2025-12-02T16:12:46.284+0000] {subprocess.py:93} INFO - 	at java.net.URLClassLoader.findClass(URLClassLoader.java:382)
[2025-12-02T16:12:46.284+0000] {subprocess.py:93} INFO - 	at java.lang.ClassLoader.loadClass(ClassLoader.java:419)
[2025-12-02T16:12:46.284+0000] {subprocess.py:93} INFO - 	at java.lang.ClassLoader.loadClass(ClassLoader.java:352)
[2025-12-02T16:12:46.284+0000] {subprocess.py:93} INFO - 	at org.apache.spark.sql.execution.datasources.jdbc.DriverRegistry$.register(DriverRegistry.scala:46)
[2025-12-02T16:12:46.284+0000] {subprocess.py:93} INFO - 	at org.apache.spark.sql.execution.datasources.jdbc.JDBCOptions.$anonfun$driverClass$1(JDBCOptions.scala:101)
[2025-12-02T16:12:46.284+0000] {subprocess.py:93} INFO - 	at org.apache.spark.sql.execution.datasources.jdbc.JDBCOptions.$anonfun$driverClass$1$adapted(JDBCOptions.scala:101)
[2025-12-02T16:12:46.284+0000] {subprocess.py:93} INFO - 	at scala.Option.foreach(Option.scala:407)
[2025-12-02T16:12:46.284+0000] {subprocess.py:93} INFO - 	at org.apache.spark.sql.execution.datasources.jdbc.JDBCOptions.<init>(JDBCOptions.scala:101)
[2025-12-02T16:12:46.285+0000] {subprocess.py:93} INFO - 	at org.apache.spark.sql.execution.datasources.jdbc.JDBCOptions.<init>(JDBCOptions.scala:39)
[2025-12-02T16:12:46.285+0000] {subprocess.py:93} INFO - 	at org.apache.spark.sql.execution.datasources.jdbc.JdbcRelationProvider.createRelation(JdbcRelationProvider.scala:34)
[2025-12-02T16:12:46.285+0000] {subprocess.py:93} INFO - 	at org.apache.spark.sql.execution.datasources.DataSource.resolveRelation(DataSource.scala:350)
[2025-12-02T16:12:46.285+0000] {subprocess.py:93} INFO - 	at org.apache.spark.sql.DataFrameReader.loadV1Source(DataFrameReader.scala:228)
[2025-12-02T16:12:46.285+0000] {subprocess.py:93} INFO - 	at org.apache.spark.sql.DataFrameReader.$anonfun$load$2(DataFrameReader.scala:210)
[2025-12-02T16:12:46.285+0000] {subprocess.py:93} INFO - 	at scala.Option.getOrElse(Option.scala:189)
[2025-12-02T16:12:46.285+0000] {subprocess.py:93} INFO - 	at org.apache.spark.sql.DataFrameReader.load(DataFrameReader.scala:210)
[2025-12-02T16:12:46.285+0000] {subprocess.py:93} INFO - 	at org.apache.spark.sql.DataFrameReader.load(DataFrameReader.scala:171)
[2025-12-02T16:12:46.285+0000] {subprocess.py:93} INFO - 	at sun.reflect.NativeMethodAccessorImpl.invoke0(Native Method)
[2025-12-02T16:12:46.286+0000] {subprocess.py:93} INFO - 	at sun.reflect.NativeMethodAccessorImpl.invoke(NativeMethodAccessorImpl.java:62)
[2025-12-02T16:12:46.286+0000] {subprocess.py:93} INFO - 	at sun.reflect.DelegatingMethodAccessorImpl.invoke(DelegatingMethodAccessorImpl.java:43)
[2025-12-02T16:12:46.286+0000] {subprocess.py:93} INFO - 	at java.lang.reflect.Method.invoke(Method.java:498)
[2025-12-02T16:12:46.286+0000] {subprocess.py:93} INFO - 	at py4j.reflection.MethodInvoker.invoke(MethodInvoker.java:244)
[2025-12-02T16:12:46.286+0000] {subprocess.py:93} INFO - 	at py4j.reflection.ReflectionEngine.invoke(ReflectionEngine.java:357)
[2025-12-02T16:12:46.286+0000] {subprocess.py:93} INFO - 	at py4j.Gateway.invoke(Gateway.java:282)
[2025-12-02T16:12:46.286+0000] {subprocess.py:93} INFO - 	at py4j.commands.AbstractCommand.invokeMethod(AbstractCommand.java:132)
[2025-12-02T16:12:46.286+0000] {subprocess.py:93} INFO - 	at py4j.commands.CallCommand.execute(CallCommand.java:79)
[2025-12-02T16:12:46.286+0000] {subprocess.py:93} INFO - 	at py4j.ClientServerConnection.waitForCommands(ClientServerConnection.java:182)
[2025-12-02T16:12:46.286+0000] {subprocess.py:93} INFO - 	at py4j.ClientServerConnection.run(ClientServerConnection.java:106)
[2025-12-02T16:12:46.287+0000] {subprocess.py:93} INFO - 	at java.lang.Thread.run(Thread.java:748)
[2025-12-02T16:12:46.287+0000] {subprocess.py:93} INFO - 
[2025-12-02T16:12:46.287+0000] {subprocess.py:93} INFO - 
[2025-12-02T16:12:46.287+0000] {subprocess.py:93} INFO - --- Reading from PG table: gold_fact_booking ---
[2025-12-02T16:12:46.293+0000] {subprocess.py:93} INFO - Error processing table gold_fact_booking: An error occurred while calling o96.load.
[2025-12-02T16:12:46.293+0000] {subprocess.py:93} INFO - : java.lang.ClassNotFoundException: org.postgresql.Driver
[2025-12-02T16:12:46.293+0000] {subprocess.py:93} INFO - 	at java.net.URLClassLoader.findClass(URLClassLoader.java:382)
[2025-12-02T16:12:46.294+0000] {subprocess.py:93} INFO - 	at java.lang.ClassLoader.loadClass(ClassLoader.java:419)
[2025-12-02T16:12:46.294+0000] {subprocess.py:93} INFO - 	at java.lang.ClassLoader.loadClass(ClassLoader.java:352)
[2025-12-02T16:12:46.294+0000] {subprocess.py:93} INFO - 	at org.apache.spark.sql.execution.datasources.jdbc.DriverRegistry$.register(DriverRegistry.scala:46)
[2025-12-02T16:12:46.294+0000] {subprocess.py:93} INFO - 	at org.apache.spark.sql.execution.datasources.jdbc.JDBCOptions.$anonfun$driverClass$1(JDBCOptions.scala:101)
[2025-12-02T16:12:46.294+0000] {subprocess.py:93} INFO - 	at org.apache.spark.sql.execution.datasources.jdbc.JDBCOptions.$anonfun$driverClass$1$adapted(JDBCOptions.scala:101)
[2025-12-02T16:12:46.294+0000] {subprocess.py:93} INFO - 	at scala.Option.foreach(Option.scala:407)
[2025-12-02T16:12:46.294+0000] {subprocess.py:93} INFO - 	at org.apache.spark.sql.execution.datasources.jdbc.JDBCOptions.<init>(JDBCOptions.scala:101)
[2025-12-02T16:12:46.294+0000] {subprocess.py:93} INFO - 	at org.apache.spark.sql.execution.datasources.jdbc.JDBCOptions.<init>(JDBCOptions.scala:39)
[2025-12-02T16:12:46.295+0000] {subprocess.py:93} INFO - 	at org.apache.spark.sql.execution.datasources.jdbc.JdbcRelationProvider.createRelation(JdbcRelationProvider.scala:34)
[2025-12-02T16:12:46.295+0000] {subprocess.py:93} INFO - 	at org.apache.spark.sql.execution.datasources.DataSource.resolveRelation(DataSource.scala:350)
[2025-12-02T16:12:46.295+0000] {subprocess.py:93} INFO - 	at org.apache.spark.sql.DataFrameReader.loadV1Source(DataFrameReader.scala:228)
[2025-12-02T16:12:46.295+0000] {subprocess.py:93} INFO - 	at org.apache.spark.sql.DataFrameReader.$anonfun$load$2(DataFrameReader.scala:210)
[2025-12-02T16:12:46.295+0000] {subprocess.py:93} INFO - 	at scala.Option.getOrElse(Option.scala:189)
[2025-12-02T16:12:46.295+0000] {subprocess.py:93} INFO - 	at org.apache.spark.sql.DataFrameReader.load(DataFrameReader.scala:210)
[2025-12-02T16:12:46.295+0000] {subprocess.py:93} INFO - 	at org.apache.spark.sql.DataFrameReader.load(DataFrameReader.scala:171)
[2025-12-02T16:12:46.295+0000] {subprocess.py:93} INFO - 	at sun.reflect.NativeMethodAccessorImpl.invoke0(Native Method)
[2025-12-02T16:12:46.295+0000] {subprocess.py:93} INFO - 	at sun.reflect.NativeMethodAccessorImpl.invoke(NativeMethodAccessorImpl.java:62)
[2025-12-02T16:12:46.295+0000] {subprocess.py:93} INFO - 	at sun.reflect.DelegatingMethodAccessorImpl.invoke(DelegatingMethodAccessorImpl.java:43)
[2025-12-02T16:12:46.295+0000] {subprocess.py:93} INFO - 	at java.lang.reflect.Method.invoke(Method.java:498)
[2025-12-02T16:12:46.295+0000] {subprocess.py:93} INFO - 	at py4j.reflection.MethodInvoker.invoke(MethodInvoker.java:244)
[2025-12-02T16:12:46.296+0000] {subprocess.py:93} INFO - 	at py4j.reflection.ReflectionEngine.invoke(ReflectionEngine.java:357)
[2025-12-02T16:12:46.296+0000] {subprocess.py:93} INFO - 	at py4j.Gateway.invoke(Gateway.java:282)
[2025-12-02T16:12:46.296+0000] {subprocess.py:93} INFO - 	at py4j.commands.AbstractCommand.invokeMethod(AbstractCommand.java:132)
[2025-12-02T16:12:46.296+0000] {subprocess.py:93} INFO - 	at py4j.commands.CallCommand.execute(CallCommand.java:79)
[2025-12-02T16:12:46.296+0000] {subprocess.py:93} INFO - 	at py4j.ClientServerConnection.waitForCommands(ClientServerConnection.java:182)
[2025-12-02T16:12:46.296+0000] {subprocess.py:93} INFO - 	at py4j.ClientServerConnection.run(ClientServerConnection.java:106)
[2025-12-02T16:12:46.296+0000] {subprocess.py:93} INFO - 	at java.lang.Thread.run(Thread.java:748)
[2025-12-02T16:12:46.296+0000] {subprocess.py:93} INFO - 
[2025-12-02T16:12:46.296+0000] {subprocess.py:93} INFO - 
[2025-12-02T16:12:46.296+0000] {subprocess.py:93} INFO - SHOWING TABLES in Hive:
[2025-12-02T16:12:46.862+0000] {subprocess.py:93} INFO - 25/12/02 16:12:46 INFO CodeGenerator: Code generated in 128.017043 ms
[2025-12-02T16:12:46.903+0000] {subprocess.py:93} INFO - +---------+---------+-----------+
[2025-12-02T16:12:46.903+0000] {subprocess.py:93} INFO - |namespace|tableName|isTemporary|
[2025-12-02T16:12:46.903+0000] {subprocess.py:93} INFO - +---------+---------+-----------+
[2025-12-02T16:12:46.903+0000] {subprocess.py:93} INFO - +---------+---------+-----------+
[2025-12-02T16:12:46.903+0000] {subprocess.py:93} INFO - 
[2025-12-02T16:12:46.949+0000] {subprocess.py:93} INFO - Traceback (most recent call last):
[2025-12-02T16:12:46.949+0000] {subprocess.py:93} INFO -   File "/tmp/spark_drivers/batch.py", line 64, in <module>
[2025-12-02T16:12:46.949+0000] {subprocess.py:93} INFO -     spark.sql("SELECT * FROM dim_flight").show()
[2025-12-02T16:12:46.949+0000] {subprocess.py:93} INFO -   File "/spark/python/lib/pyspark.zip/pyspark/sql/session.py", line 1034, in sql
[2025-12-02T16:12:46.949+0000] {subprocess.py:93} INFO -   File "/spark/python/lib/py4j-0.10.9.5-src.zip/py4j/java_gateway.py", line 1322, in __call__
[2025-12-02T16:12:46.949+0000] {subprocess.py:93} INFO -   File "/spark/python/lib/pyspark.zip/pyspark/sql/utils.py", line 196, in deco
[2025-12-02T16:12:46.952+0000] {subprocess.py:93} INFO - pyspark.sql.utils.AnalysisException: Table or view not found: dim_flight; line 1 pos 14;
[2025-12-02T16:12:46.953+0000] {subprocess.py:93} INFO - 'Project [*]
[2025-12-02T16:12:46.953+0000] {subprocess.py:93} INFO - +- 'UnresolvedRelation [dim_flight], [], false
[2025-12-02T16:12:46.953+0000] {subprocess.py:93} INFO - 
[2025-12-02T16:12:46.967+0000] {subprocess.py:93} INFO - 25/12/02 16:12:46 INFO SparkContext: Invoking stop() from shutdown hook
[2025-12-02T16:12:46.977+0000] {subprocess.py:93} INFO - 25/12/02 16:12:46 INFO SparkUI: Stopped Spark web UI at http://cf8fd005787a:4040
[2025-12-02T16:12:46.980+0000] {subprocess.py:93} INFO - 25/12/02 16:12:46 INFO StandaloneSchedulerBackend: Shutting down all executors
[2025-12-02T16:12:46.980+0000] {subprocess.py:93} INFO - 25/12/02 16:12:46 INFO CoarseGrainedSchedulerBackend$DriverEndpoint: Asking each executor to shut down
[2025-12-02T16:12:46.997+0000] {subprocess.py:93} INFO - 25/12/02 16:12:46 INFO MapOutputTrackerMasterEndpoint: MapOutputTrackerMasterEndpoint stopped!
[2025-12-02T16:12:47.008+0000] {subprocess.py:93} INFO - 25/12/02 16:12:47 INFO MemoryStore: MemoryStore cleared
[2025-12-02T16:12:47.008+0000] {subprocess.py:93} INFO - 25/12/02 16:12:47 INFO BlockManager: BlockManager stopped
[2025-12-02T16:12:47.015+0000] {subprocess.py:93} INFO - 25/12/02 16:12:47 INFO BlockManagerMaster: BlockManagerMaster stopped
[2025-12-02T16:12:47.017+0000] {subprocess.py:93} INFO - 25/12/02 16:12:47 INFO OutputCommitCoordinator$OutputCommitCoordinatorEndpoint: OutputCommitCoordinator stopped!
[2025-12-02T16:12:47.021+0000] {subprocess.py:93} INFO - 25/12/02 16:12:47 INFO SparkContext: Successfully stopped SparkContext
[2025-12-02T16:12:47.021+0000] {subprocess.py:93} INFO - 25/12/02 16:12:47 INFO ShutdownHookManager: Shutdown hook called
[2025-12-02T16:12:47.021+0000] {subprocess.py:93} INFO - 25/12/02 16:12:47 INFO ShutdownHookManager: Deleting directory /tmp/spark-fde62867-b26f-4fbb-9495-fb9e3bffa55e
[2025-12-02T16:12:47.023+0000] {subprocess.py:93} INFO - 25/12/02 16:12:47 INFO ShutdownHookManager: Deleting directory /tmp/spark-4cc08311-c509-46b1-a4da-5bd4de3b61db
[2025-12-02T16:12:47.025+0000] {subprocess.py:93} INFO - 25/12/02 16:12:47 INFO ShutdownHookManager: Deleting directory /tmp/spark-4cc08311-c509-46b1-a4da-5bd4de3b61db/pyspark-a9dfa90c-ce8a-4c0d-8e56-f6c0d8a31960
[2025-12-02T16:12:47.096+0000] {subprocess.py:97} INFO - Command exited with return code 1
[2025-12-02T16:12:47.103+0000] {taskinstance.py:1937} ERROR - Task failed with exception
Traceback (most recent call last):
  File "/home/airflow/.local/lib/python3.8/site-packages/airflow/operators/bash.py", line 210, in execute
    raise AirflowException(
airflow.exceptions.AirflowException: Bash command failed. The command returned a non-zero exit code 1.
[2025-12-02T16:12:47.106+0000] {taskinstance.py:1400} INFO - Marking task as FAILED. dag_id=flight_etl, task_id=spark_batch_processor, execution_date=20251202T161059, start_date=20251202T161239, end_date=20251202T161247
[2025-12-02T16:12:47.118+0000] {standard_task_runner.py:104} ERROR - Failed to execute job 68 for task spark_batch_processor (Bash command failed. The command returned a non-zero exit code 1.; 1070)
[2025-12-02T16:12:47.143+0000] {local_task_job_runner.py:228} INFO - Task exited with return code 1
[2025-12-02T16:12:47.154+0000] {taskinstance.py:2778} INFO - 0 downstream tasks scheduled from follow-on schedule check
