[2025-11-29T14:40:05.191+0000] {taskinstance.py:1159} INFO - Dependencies all met for dep_context=non-requeueable deps ti=<TaskInstance: flight_etl.call_bronze_procedure manual__2025-11-29T14:40:00.576150+00:00 [queued]>
[2025-11-29T14:40:05.200+0000] {taskinstance.py:1159} INFO - Dependencies all met for dep_context=requeueable deps ti=<TaskInstance: flight_etl.call_bronze_procedure manual__2025-11-29T14:40:00.576150+00:00 [queued]>
[2025-11-29T14:40:05.200+0000] {taskinstance.py:1361} INFO - Starting attempt 1 of 1
[2025-11-29T14:40:05.541+0000] {taskinstance.py:1382} INFO - Executing <Task(PythonOperator): call_bronze_procedure> on 2025-11-29 14:40:00.576150+00:00
[2025-11-29T14:40:05.549+0000] {standard_task_runner.py:57} INFO - Started process 235 to run task
[2025-11-29T14:40:05.553+0000] {standard_task_runner.py:84} INFO - Running: ['***', 'tasks', 'run', 'flight_etl', 'call_bronze_procedure', 'manual__2025-11-29T14:40:00.576150+00:00', '--job-id', '3', '--raw', '--subdir', 'DAGS_FOLDER/etl-dag.py', '--cfg-path', '/tmp/tmp2x591tsl']
[2025-11-29T14:40:05.555+0000] {standard_task_runner.py:85} INFO - Job 3: Subtask call_bronze_procedure
[2025-11-29T14:40:05.635+0000] {task_command.py:416} INFO - Running <TaskInstance: flight_etl.call_bronze_procedure manual__2025-11-29T14:40:00.576150+00:00 [running]> on host 1618a97435a6
[2025-11-29T14:40:05.824+0000] {taskinstance.py:1662} INFO - Exporting env vars: AIRFLOW_CTX_DAG_OWNER='***' AIRFLOW_CTX_DAG_ID='flight_etl' AIRFLOW_CTX_TASK_ID='call_bronze_procedure' AIRFLOW_CTX_EXECUTION_DATE='2025-11-29T14:40:00.576150+00:00' AIRFLOW_CTX_TRY_NUMBER='1' AIRFLOW_CTX_DAG_RUN_ID='manual__2025-11-29T14:40:00.576150+00:00'
[2025-11-29T14:40:05.845+0000] {taskinstance.py:1937} ERROR - Task failed with exception
Traceback (most recent call last):
  File "/home/airflow/.local/lib/python3.8/site-packages/airflow/operators/python.py", line 192, in execute
    return_value = self.execute_callable()
  File "/home/airflow/.local/lib/python3.8/site-packages/airflow/operators/python.py", line 209, in execute_callable
    return self.python_callable(*self.op_args, **self.op_kwargs)
  File "/opt/airflow/dags/etl-dag.py", line 12, in call_procedure
    conn = hook.get_conn()
  File "/home/airflow/.local/lib/python3.8/site-packages/airflow/providers/postgres/hooks/postgres.py", line 125, in get_conn
    conn = deepcopy(self.connection or self.get_connection(conn_id))
  File "/home/airflow/.local/lib/python3.8/site-packages/airflow/hooks/base.py", line 72, in get_connection
    conn = Connection.get_connection_from_secrets(conn_id)
  File "/home/airflow/.local/lib/python3.8/site-packages/airflow/models/connection.py", line 477, in get_connection_from_secrets
    raise AirflowNotFoundException(f"The conn_id `{conn_id}` isn't defined")
airflow.exceptions.AirflowNotFoundException: The conn_id `depi_db` isn't defined
[2025-11-29T14:40:05.851+0000] {taskinstance.py:1400} INFO - Marking task as FAILED. dag_id=flight_etl, task_id=call_bronze_procedure, execution_date=20251129T144000, start_date=20251129T144005, end_date=20251129T144005
[2025-11-29T14:40:05.922+0000] {standard_task_runner.py:104} ERROR - Failed to execute job 3 for task call_bronze_procedure (The conn_id `depi_db` isn't defined; 235)
[2025-11-29T14:40:05.965+0000] {local_task_job_runner.py:228} INFO - Task exited with return code 1
[2025-11-29T14:40:05.988+0000] {taskinstance.py:2778} INFO - 0 downstream tasks scheduled from follow-on schedule check
