[2025-11-30T00:51:42.948+0000] {taskinstance.py:1159} INFO - Dependencies all met for dep_context=non-requeueable deps ti=<TaskInstance: flight_etl.debug_check_spark_files manual__2025-11-30T00:50:16.103232+00:00 [queued]>
[2025-11-30T00:51:42.952+0000] {taskinstance.py:1159} INFO - Dependencies all met for dep_context=requeueable deps ti=<TaskInstance: flight_etl.debug_check_spark_files manual__2025-11-30T00:50:16.103232+00:00 [queued]>
[2025-11-30T00:51:42.952+0000] {taskinstance.py:1361} INFO - Starting attempt 1 of 1
[2025-11-30T00:51:42.961+0000] {taskinstance.py:1382} INFO - Executing <Task(BashOperator): debug_check_spark_files> on 2025-11-30 00:50:16.103232+00:00
[2025-11-30T00:51:42.965+0000] {standard_task_runner.py:57} INFO - Started process 971 to run task
[2025-11-30T00:51:42.968+0000] {standard_task_runner.py:84} INFO - Running: ['***', 'tasks', 'run', 'flight_etl', 'debug_check_spark_files', 'manual__2025-11-30T00:50:16.103232+00:00', '--job-id', '427', '--raw', '--subdir', 'DAGS_FOLDER/etl-dag.py', '--cfg-path', '/tmp/tmp03a6im3w']
[2025-11-30T00:51:42.970+0000] {standard_task_runner.py:85} INFO - Job 427: Subtask debug_check_spark_files
[2025-11-30T00:51:42.999+0000] {task_command.py:416} INFO - Running <TaskInstance: flight_etl.debug_check_spark_files manual__2025-11-30T00:50:16.103232+00:00 [running]> on host 45304bb2c878
[2025-11-30T00:51:43.062+0000] {taskinstance.py:1662} INFO - Exporting env vars: AIRFLOW_CTX_DAG_OWNER='***' AIRFLOW_CTX_DAG_ID='flight_etl' AIRFLOW_CTX_TASK_ID='debug_check_spark_files' AIRFLOW_CTX_EXECUTION_DATE='2025-11-30T00:50:16.103232+00:00' AIRFLOW_CTX_TRY_NUMBER='1' AIRFLOW_CTX_DAG_RUN_ID='manual__2025-11-30T00:50:16.103232+00:00'
[2025-11-30T00:51:43.064+0000] {subprocess.py:63} INFO - Tmp dir root location: /tmp
[2025-11-30T00:51:43.064+0000] {subprocess.py:75} INFO - Running command: ['/bin/bash', '-c', '\n            SPARK_MASTER="spark-master"\n            DEST_DIR="/tmp/spark_drivers/"\n            \n            echo "--- Checking files on ${SPARK_MASTER}:${DEST_DIR} ---"\n            \n            # Use docker exec to run ls inside the Spark Master container\n            docker exec ${SPARK_MASTER} ls -l ${DEST_DIR}\n            \n            echo "--- Debug check complete ---"\n            \n            # If the ls command fails or files are missing, this task will still succeed \n            # unless we force a failure, but the logs will tell us everything we need.\n        ']
[2025-11-30T00:51:43.078+0000] {subprocess.py:86} INFO - Output:
[2025-11-30T00:51:43.080+0000] {subprocess.py:93} INFO - --- Checking files on spark-master:/tmp/spark_drivers/ ---
[2025-11-30T00:51:43.153+0000] {subprocess.py:93} INFO - total 0
[2025-11-30T00:51:43.153+0000] {subprocess.py:93} INFO - drwxr-xr-x 1 root root 42 Nov 29 23:12 postgresql-42.7.7.jar
[2025-11-30T00:51:43.154+0000] {subprocess.py:93} INFO - --- Debug check complete ---
[2025-11-30T00:51:43.155+0000] {subprocess.py:97} INFO - Command exited with return code 0
[2025-11-30T00:51:43.178+0000] {taskinstance.py:1400} INFO - Marking task as SUCCESS. dag_id=flight_etl, task_id=debug_check_spark_files, execution_date=20251130T005016, start_date=20251130T005142, end_date=20251130T005143
[2025-11-30T00:51:43.219+0000] {local_task_job_runner.py:228} INFO - Task exited with return code 0
[2025-11-30T00:51:43.244+0000] {taskinstance.py:2778} INFO - 1 downstream tasks scheduled from follow-on schedule check
