[2025-11-29T19:03:03.175+0000] {taskinstance.py:1159} INFO - Dependencies all met for dep_context=non-requeueable deps ti=<TaskInstance: flight_etl.call_bronze_procedure manual__2025-11-29T19:03:00.755594+00:00 [queued]>
[2025-11-29T19:03:03.191+0000] {taskinstance.py:1159} INFO - Dependencies all met for dep_context=requeueable deps ti=<TaskInstance: flight_etl.call_bronze_procedure manual__2025-11-29T19:03:00.755594+00:00 [queued]>
[2025-11-29T19:03:03.191+0000] {taskinstance.py:1361} INFO - Starting attempt 1 of 1
[2025-11-29T19:03:03.250+0000] {taskinstance.py:1382} INFO - Executing <Task(PythonOperator): call_bronze_procedure> on 2025-11-29 19:03:00.755594+00:00
[2025-11-29T19:03:03.258+0000] {standard_task_runner.py:57} INFO - Started process 332 to run task
[2025-11-29T19:03:03.263+0000] {standard_task_runner.py:84} INFO - Running: ['***', 'tasks', 'run', 'flight_etl', 'call_bronze_procedure', 'manual__2025-11-29T19:03:00.755594+00:00', '--job-id', '149', '--raw', '--subdir', 'DAGS_FOLDER/etl-dag.py', '--cfg-path', '/tmp/tmpd1ew18zc']
[2025-11-29T19:03:03.265+0000] {standard_task_runner.py:85} INFO - Job 149: Subtask call_bronze_procedure
[2025-11-29T19:03:03.362+0000] {task_command.py:416} INFO - Running <TaskInstance: flight_etl.call_bronze_procedure manual__2025-11-29T19:03:00.755594+00:00 [running]> on host 5eb1b8ec96b4
[2025-11-29T19:03:03.992+0000] {taskinstance.py:1662} INFO - Exporting env vars: AIRFLOW_CTX_DAG_OWNER='***' AIRFLOW_CTX_DAG_ID='flight_etl' AIRFLOW_CTX_TASK_ID='call_bronze_procedure' AIRFLOW_CTX_EXECUTION_DATE='2025-11-29T19:03:00.755594+00:00' AIRFLOW_CTX_TRY_NUMBER='1' AIRFLOW_CTX_DAG_RUN_ID='manual__2025-11-29T19:03:00.755594+00:00'
[2025-11-29T19:03:03.994+0000] {crypto.py:82} WARNING - empty cryptography key - values will not be stored encrypted.
[2025-11-29T19:03:03.996+0000] {base.py:73} INFO - Using connection ID 'depi_db' for task execution.
[2025-11-29T19:03:04.006+0000] {logging_mixin.py:154} INFO - Starting bronze procedure execution...
[2025-11-29T19:12:06.208+0000] {logging_mixin.py:154} INFO - Procedure bronze failed: deadlock detected
DETAIL:  Process 831 waits for AccessExclusiveLock on relation 27438 of database 16384; blocked by process 843.
Process 843 waits for AccessExclusiveLock on relation 27345 of database 16384; blocked by process 831.
HINT:  See server log for query details.
CONTEXT:  SQL function "bronze_layer" statement 6
[2025-11-29T19:12:06.210+0000] {taskinstance.py:1937} ERROR - Task failed with exception
Traceback (most recent call last):
  File "/home/airflow/.local/lib/python3.8/site-packages/airflow/operators/python.py", line 192, in execute
    return_value = self.execute_callable()
  File "/home/airflow/.local/lib/python3.8/site-packages/airflow/operators/python.py", line 209, in execute_callable
    return self.python_callable(*self.op_args, **self.op_kwargs)
  File "/opt/airflow/dags/etl-dag.py", line 17, in call_procedure
    cursor.execute(f"CALL {procedure_name}_layer();")
psycopg2.errors.DeadlockDetected: deadlock detected
DETAIL:  Process 831 waits for AccessExclusiveLock on relation 27438 of database 16384; blocked by process 843.
Process 843 waits for AccessExclusiveLock on relation 27345 of database 16384; blocked by process 831.
HINT:  See server log for query details.
CONTEXT:  SQL function "bronze_layer" statement 6

[2025-11-29T19:12:06.224+0000] {taskinstance.py:1400} INFO - Marking task as FAILED. dag_id=flight_etl, task_id=call_bronze_procedure, execution_date=20251129T190300, start_date=20251129T190303, end_date=20251129T191206
[2025-11-29T19:12:06.238+0000] {standard_task_runner.py:104} ERROR - Failed to execute job 149 for task call_bronze_procedure (deadlock detected
DETAIL:  Process 831 waits for AccessExclusiveLock on relation 27438 of database 16384; blocked by process 843.
Process 843 waits for AccessExclusiveLock on relation 27345 of database 16384; blocked by process 831.
HINT:  See server log for query details.
CONTEXT:  SQL function "bronze_layer" statement 6
; 332)
[2025-11-29T19:12:06.266+0000] {local_task_job_runner.py:228} INFO - Task exited with return code 1
[2025-11-29T19:12:06.278+0000] {taskinstance.py:2778} INFO - 0 downstream tasks scheduled from follow-on schedule check
