[2025-12-02T16:08:40.384+0000] {taskinstance.py:1159} INFO - Dependencies all met for dep_context=non-requeueable deps ti=<TaskInstance: flight_etl.spark_batch_processor manual__2025-12-02T16:07:01.511131+00:00 [queued]>
[2025-12-02T16:08:40.389+0000] {taskinstance.py:1159} INFO - Dependencies all met for dep_context=requeueable deps ti=<TaskInstance: flight_etl.spark_batch_processor manual__2025-12-02T16:07:01.511131+00:00 [queued]>
[2025-12-02T16:08:40.390+0000] {taskinstance.py:1361} INFO - Starting attempt 1 of 1
[2025-12-02T16:08:40.398+0000] {taskinstance.py:1382} INFO - Executing <Task(BashOperator): spark_batch_processor> on 2025-12-02 16:07:01.511131+00:00
[2025-12-02T16:08:40.402+0000] {standard_task_runner.py:57} INFO - Started process 826 to run task
[2025-12-02T16:08:40.405+0000] {standard_task_runner.py:84} INFO - Running: ['***', 'tasks', 'run', 'flight_etl', 'spark_batch_processor', 'manual__2025-12-02T16:07:01.511131+00:00', '--job-id', '58', '--raw', '--subdir', 'DAGS_FOLDER/etl-dag.py', '--cfg-path', '/tmp/tmp7_xgvrua']
[2025-12-02T16:08:40.407+0000] {standard_task_runner.py:85} INFO - Job 58: Subtask spark_batch_processor
[2025-12-02T16:08:40.458+0000] {task_command.py:416} INFO - Running <TaskInstance: flight_etl.spark_batch_processor manual__2025-12-02T16:07:01.511131+00:00 [running]> on host 2c329b5e4716
[2025-12-02T16:08:40.540+0000] {taskinstance.py:1662} INFO - Exporting env vars: AIRFLOW_CTX_DAG_OWNER='***' AIRFLOW_CTX_DAG_ID='flight_etl' AIRFLOW_CTX_TASK_ID='spark_batch_processor' AIRFLOW_CTX_EXECUTION_DATE='2025-12-02T16:07:01.511131+00:00' AIRFLOW_CTX_TRY_NUMBER='1' AIRFLOW_CTX_DAG_RUN_ID='manual__2025-12-02T16:07:01.511131+00:00'
[2025-12-02T16:08:40.543+0000] {subprocess.py:63} INFO - Tmp dir root location: /tmp
[2025-12-02T16:08:40.544+0000] {subprocess.py:75} INFO - Running command: ['/bin/bash', '-c', '\n    docker exec spark-master /spark/bin/spark-submit     --master spark://spark-master:7077     --jars /tmp/spark_drivers/postgresql-42.7.7.jar     --conf spark.driver.extraClassPath=/tmp/spark_drivers/postgresql-42.7.7.jar     --conf spark.executor.extraClassPath=postgresql-42.7.7.jar     --conf spark.pyspark.python=/usr/bin/python3     /tmp/spark_drivers/batch.py\n    ']
[2025-12-02T16:08:40.555+0000] {subprocess.py:86} INFO - Output:
[2025-12-02T16:08:42.833+0000] {subprocess.py:93} INFO - 25/12/02 16:08:42 WARN NativeCodeLoader: Unable to load native-hadoop library for your platform... using builtin-java classes where applicable
[2025-12-02T16:08:43.714+0000] {subprocess.py:93} INFO - 25/12/02 16:08:43 INFO SparkContext: Running Spark version 3.3.0
[2025-12-02T16:08:43.785+0000] {subprocess.py:93} INFO - 25/12/02 16:08:43 INFO ResourceUtils: ==============================================================
[2025-12-02T16:08:43.785+0000] {subprocess.py:93} INFO - 25/12/02 16:08:43 INFO ResourceUtils: No custom resources configured for spark.driver.
[2025-12-02T16:08:43.785+0000] {subprocess.py:93} INFO - 25/12/02 16:08:43 INFO ResourceUtils: ==============================================================
[2025-12-02T16:08:43.785+0000] {subprocess.py:93} INFO - 25/12/02 16:08:43 INFO SparkContext: Submitted application: postgres-to-hive
[2025-12-02T16:08:43.825+0000] {subprocess.py:93} INFO - 25/12/02 16:08:43 INFO ResourceProfile: Default ResourceProfile created, executor resources: Map(cores -> name: cores, amount: 1, script: , vendor: , memory -> name: memory, amount: 1024, script: , vendor: , offHeap -> name: offHeap, amount: 0, script: , vendor: ), task resources: Map(cpus -> name: cpus, amount: 1.0)
[2025-12-02T16:08:43.839+0000] {subprocess.py:93} INFO - 25/12/02 16:08:43 INFO ResourceProfile: Limiting resource is cpu
[2025-12-02T16:08:43.839+0000] {subprocess.py:93} INFO - 25/12/02 16:08:43 INFO ResourceProfileManager: Added ResourceProfile id: 0
[2025-12-02T16:08:43.907+0000] {subprocess.py:93} INFO - 25/12/02 16:08:43 INFO SecurityManager: Changing view acls to: root
[2025-12-02T16:08:43.908+0000] {subprocess.py:93} INFO - 25/12/02 16:08:43 INFO SecurityManager: Changing modify acls to: root
[2025-12-02T16:08:43.908+0000] {subprocess.py:93} INFO - 25/12/02 16:08:43 INFO SecurityManager: Changing view acls groups to:
[2025-12-02T16:08:43.908+0000] {subprocess.py:93} INFO - 25/12/02 16:08:43 INFO SecurityManager: Changing modify acls groups to:
[2025-12-02T16:08:43.908+0000] {subprocess.py:93} INFO - 25/12/02 16:08:43 INFO SecurityManager: SecurityManager: authentication disabled; ui acls disabled; users  with view permissions: Set(root); groups with view permissions: Set(); users  with modify permissions: Set(root); groups with modify permissions: Set()
[2025-12-02T16:08:44.181+0000] {subprocess.py:93} INFO - 25/12/02 16:08:44 INFO Utils: Successfully started service 'sparkDriver' on port 35387.
[2025-12-02T16:08:44.202+0000] {subprocess.py:93} INFO - 25/12/02 16:08:44 INFO SparkEnv: Registering MapOutputTracker
[2025-12-02T16:08:44.232+0000] {subprocess.py:93} INFO - 25/12/02 16:08:44 INFO SparkEnv: Registering BlockManagerMaster
[2025-12-02T16:08:44.251+0000] {subprocess.py:93} INFO - 25/12/02 16:08:44 INFO BlockManagerMasterEndpoint: Using org.apache.spark.storage.DefaultTopologyMapper for getting topology information
[2025-12-02T16:08:44.251+0000] {subprocess.py:93} INFO - 25/12/02 16:08:44 INFO BlockManagerMasterEndpoint: BlockManagerMasterEndpoint up
[2025-12-02T16:08:44.254+0000] {subprocess.py:93} INFO - 25/12/02 16:08:44 INFO SparkEnv: Registering BlockManagerMasterHeartbeat
[2025-12-02T16:08:44.271+0000] {subprocess.py:93} INFO - 25/12/02 16:08:44 INFO DiskBlockManager: Created local directory at /tmp/blockmgr-2e2f76d1-db4f-418c-b2fc-fa7ce6f780e4
[2025-12-02T16:08:44.287+0000] {subprocess.py:93} INFO - 25/12/02 16:08:44 INFO MemoryStore: MemoryStore started with capacity 366.3 MiB
[2025-12-02T16:08:44.299+0000] {subprocess.py:93} INFO - 25/12/02 16:08:44 INFO SparkEnv: Registering OutputCommitCoordinator
[2025-12-02T16:08:44.501+0000] {subprocess.py:93} INFO - 25/12/02 16:08:44 INFO Utils: Successfully started service 'SparkUI' on port 4040.
[2025-12-02T16:08:44.613+0000] {subprocess.py:93} INFO - 25/12/02 16:08:44 INFO StandaloneAppClient$ClientEndpoint: Connecting to master spark://spark-master:7077...
[2025-12-02T16:08:44.675+0000] {subprocess.py:93} INFO - 25/12/02 16:08:44 INFO TransportClientFactory: Successfully created connection to spark-master/172.19.0.6:7077 after 36 ms (0 ms spent in bootstraps)
[2025-12-02T16:08:44.769+0000] {subprocess.py:93} INFO - 25/12/02 16:08:44 INFO StandaloneSchedulerBackend: Connected to Spark cluster with app ID app-20251202160844-0002
[2025-12-02T16:08:44.770+0000] {subprocess.py:93} INFO - 25/12/02 16:08:44 INFO StandaloneAppClient$ClientEndpoint: Executor added: app-20251202160844-0002/0 on worker-20251202155501-172.19.0.15-40597 (172.19.0.15:40597) with 20 core(s)
[2025-12-02T16:08:44.772+0000] {subprocess.py:93} INFO - 25/12/02 16:08:44 INFO StandaloneSchedulerBackend: Granted executor ID app-20251202160844-0002/0 on hostPort 172.19.0.15:40597 with 20 core(s), 1024.0 MiB RAM
[2025-12-02T16:08:44.772+0000] {subprocess.py:93} INFO - 25/12/02 16:08:44 INFO StandaloneAppClient$ClientEndpoint: Executor added: app-20251202160844-0002/1 on worker-20251202155501-172.19.0.16-38403 (172.19.0.16:38403) with 20 core(s)
[2025-12-02T16:08:44.773+0000] {subprocess.py:93} INFO - 25/12/02 16:08:44 INFO StandaloneSchedulerBackend: Granted executor ID app-20251202160844-0002/1 on hostPort 172.19.0.16:38403 with 20 core(s), 1024.0 MiB RAM
[2025-12-02T16:08:44.781+0000] {subprocess.py:93} INFO - 25/12/02 16:08:44 INFO Utils: Successfully started service 'org.apache.spark.network.netty.NettyBlockTransferService' on port 32871.
[2025-12-02T16:08:44.782+0000] {subprocess.py:93} INFO - 25/12/02 16:08:44 INFO NettyBlockTransferService: Server created on cf8fd005787a:32871
[2025-12-02T16:08:44.783+0000] {subprocess.py:93} INFO - 25/12/02 16:08:44 INFO BlockManager: Using org.apache.spark.storage.RandomBlockReplicationPolicy for block replication policy
[2025-12-02T16:08:44.790+0000] {subprocess.py:93} INFO - 25/12/02 16:08:44 INFO BlockManagerMaster: Registering BlockManager BlockManagerId(driver, cf8fd005787a, 32871, None)
[2025-12-02T16:08:44.794+0000] {subprocess.py:93} INFO - 25/12/02 16:08:44 INFO BlockManagerMasterEndpoint: Registering block manager cf8fd005787a:32871 with 366.3 MiB RAM, BlockManagerId(driver, cf8fd005787a, 32871, None)
[2025-12-02T16:08:44.798+0000] {subprocess.py:93} INFO - 25/12/02 16:08:44 INFO BlockManagerMaster: Registered BlockManager BlockManagerId(driver, cf8fd005787a, 32871, None)
[2025-12-02T16:08:44.800+0000] {subprocess.py:93} INFO - 25/12/02 16:08:44 INFO BlockManager: Initialized BlockManager: BlockManagerId(driver, cf8fd005787a, 32871, None)
[2025-12-02T16:08:44.808+0000] {subprocess.py:93} INFO - 25/12/02 16:08:44 INFO StandaloneAppClient$ClientEndpoint: Executor updated: app-20251202160844-0002/0 is now RUNNING
[2025-12-02T16:08:44.808+0000] {subprocess.py:93} INFO - 25/12/02 16:08:44 INFO StandaloneAppClient$ClientEndpoint: Executor updated: app-20251202160844-0002/1 is now RUNNING
[2025-12-02T16:08:44.957+0000] {subprocess.py:93} INFO - 25/12/02 16:08:44 INFO StandaloneSchedulerBackend: SchedulerBackend is ready for scheduling beginning after reached minRegisteredResourcesRatio: 0.0
[2025-12-02T16:08:45.153+0000] {subprocess.py:93} INFO - 25/12/02 16:08:45 INFO SharedState: Setting hive.metastore.warehouse.dir ('null') to the value of spark.sql.warehouse.dir.
[2025-12-02T16:08:45.675+0000] {subprocess.py:93} INFO - 25/12/02 16:08:45 INFO SharedState: Warehouse path is 'hdfs://namenode:9000/hive/warehouse'.
[2025-12-02T16:08:47.741+0000] {subprocess.py:93} INFO - 25/12/02 16:08:47 INFO CoarseGrainedSchedulerBackend$DriverEndpoint: Registered executor NettyRpcEndpointRef(spark-client://Executor) (172.19.0.15:48114) with ID 0,  ResourceProfileId 0
[2025-12-02T16:08:47.742+0000] {subprocess.py:93} INFO - 25/12/02 16:08:47 INFO CoarseGrainedSchedulerBackend$DriverEndpoint: Registered executor NettyRpcEndpointRef(spark-client://Executor) (172.19.0.16:55766) with ID 1,  ResourceProfileId 0
[2025-12-02T16:08:47.815+0000] {subprocess.py:93} INFO - 25/12/02 16:08:47 INFO BlockManagerMasterEndpoint: Registering block manager 172.19.0.15:43623 with 366.3 MiB RAM, BlockManagerId(0, 172.19.0.15, 43623, None)
[2025-12-02T16:08:47.818+0000] {subprocess.py:93} INFO - 25/12/02 16:08:47 INFO BlockManagerMasterEndpoint: Registering block manager 172.19.0.16:42737 with 366.3 MiB RAM, BlockManagerId(1, 172.19.0.16, 42737, None)
[2025-12-02T16:08:49.372+0000] {subprocess.py:93} INFO - 25/12/02 16:08:49 INFO HiveConf: Found configuration file null
[2025-12-02T16:08:49.384+0000] {subprocess.py:93} INFO - 25/12/02 16:08:49 INFO HiveUtils: Initializing HiveMetastoreConnection version 2.3.9 using Spark classes.
[2025-12-02T16:08:50.054+0000] {subprocess.py:93} INFO - 25/12/02 16:08:50 INFO HiveClientImpl: Warehouse location for Hive client (version 2.3.9) is hdfs://namenode:9000/hive/warehouse
[2025-12-02T16:08:50.566+0000] {subprocess.py:93} INFO - 
[2025-12-02T16:08:50.567+0000] {subprocess.py:93} INFO - --- Reading from PG table: gold_dim_airport ---
[2025-12-02T16:08:50.921+0000] {subprocess.py:93} INFO - Error processing table gold_dim_airport: An error occurred while calling o48.load.
[2025-12-02T16:08:50.922+0000] {subprocess.py:93} INFO - : java.lang.ClassNotFoundException: org.postgresql.Driver
[2025-12-02T16:08:50.922+0000] {subprocess.py:93} INFO - 	at java.net.URLClassLoader.findClass(URLClassLoader.java:382)
[2025-12-02T16:08:50.922+0000] {subprocess.py:93} INFO - 	at java.lang.ClassLoader.loadClass(ClassLoader.java:419)
[2025-12-02T16:08:50.922+0000] {subprocess.py:93} INFO - 	at java.lang.ClassLoader.loadClass(ClassLoader.java:352)
[2025-12-02T16:08:50.922+0000] {subprocess.py:93} INFO - 	at org.apache.spark.sql.execution.datasources.jdbc.DriverRegistry$.register(DriverRegistry.scala:46)
[2025-12-02T16:08:50.922+0000] {subprocess.py:93} INFO - 	at org.apache.spark.sql.execution.datasources.jdbc.JDBCOptions.$anonfun$driverClass$1(JDBCOptions.scala:101)
[2025-12-02T16:08:50.923+0000] {subprocess.py:93} INFO - 	at org.apache.spark.sql.execution.datasources.jdbc.JDBCOptions.$anonfun$driverClass$1$adapted(JDBCOptions.scala:101)
[2025-12-02T16:08:50.923+0000] {subprocess.py:93} INFO - 	at scala.Option.foreach(Option.scala:407)
[2025-12-02T16:08:50.923+0000] {subprocess.py:93} INFO - 	at org.apache.spark.sql.execution.datasources.jdbc.JDBCOptions.<init>(JDBCOptions.scala:101)
[2025-12-02T16:08:50.923+0000] {subprocess.py:93} INFO - 	at org.apache.spark.sql.execution.datasources.jdbc.JDBCOptions.<init>(JDBCOptions.scala:39)
[2025-12-02T16:08:50.923+0000] {subprocess.py:93} INFO - 	at org.apache.spark.sql.execution.datasources.jdbc.JdbcRelationProvider.createRelation(JdbcRelationProvider.scala:34)
[2025-12-02T16:08:50.923+0000] {subprocess.py:93} INFO - 	at org.apache.spark.sql.execution.datasources.DataSource.resolveRelation(DataSource.scala:350)
[2025-12-02T16:08:50.923+0000] {subprocess.py:93} INFO - 	at org.apache.spark.sql.DataFrameReader.loadV1Source(DataFrameReader.scala:228)
[2025-12-02T16:08:50.923+0000] {subprocess.py:93} INFO - 	at org.apache.spark.sql.DataFrameReader.$anonfun$load$2(DataFrameReader.scala:210)
[2025-12-02T16:08:50.923+0000] {subprocess.py:93} INFO - 	at scala.Option.getOrElse(Option.scala:189)
[2025-12-02T16:08:50.923+0000] {subprocess.py:93} INFO - 	at org.apache.spark.sql.DataFrameReader.load(DataFrameReader.scala:210)
[2025-12-02T16:08:50.923+0000] {subprocess.py:93} INFO - 	at org.apache.spark.sql.DataFrameReader.load(DataFrameReader.scala:171)
[2025-12-02T16:08:50.924+0000] {subprocess.py:93} INFO - 	at sun.reflect.NativeMethodAccessorImpl.invoke0(Native Method)
[2025-12-02T16:08:50.924+0000] {subprocess.py:93} INFO - 	at sun.reflect.NativeMethodAccessorImpl.invoke(NativeMethodAccessorImpl.java:62)
[2025-12-02T16:08:50.924+0000] {subprocess.py:93} INFO - 	at sun.reflect.DelegatingMethodAccessorImpl.invoke(DelegatingMethodAccessorImpl.java:43)
[2025-12-02T16:08:50.924+0000] {subprocess.py:93} INFO - 	at java.lang.reflect.Method.invoke(Method.java:498)
[2025-12-02T16:08:50.924+0000] {subprocess.py:93} INFO - 	at py4j.reflection.MethodInvoker.invoke(MethodInvoker.java:244)
[2025-12-02T16:08:50.924+0000] {subprocess.py:93} INFO - 	at py4j.reflection.ReflectionEngine.invoke(ReflectionEngine.java:357)
[2025-12-02T16:08:50.924+0000] {subprocess.py:93} INFO - 	at py4j.Gateway.invoke(Gateway.java:282)
[2025-12-02T16:08:50.924+0000] {subprocess.py:93} INFO - 	at py4j.commands.AbstractCommand.invokeMethod(AbstractCommand.java:132)
[2025-12-02T16:08:50.924+0000] {subprocess.py:93} INFO - 	at py4j.commands.CallCommand.execute(CallCommand.java:79)
[2025-12-02T16:08:50.924+0000] {subprocess.py:93} INFO - 	at py4j.ClientServerConnection.waitForCommands(ClientServerConnection.java:182)
[2025-12-02T16:08:50.924+0000] {subprocess.py:93} INFO - 	at py4j.ClientServerConnection.run(ClientServerConnection.java:106)
[2025-12-02T16:08:50.924+0000] {subprocess.py:93} INFO - 	at java.lang.Thread.run(Thread.java:748)
[2025-12-02T16:08:50.924+0000] {subprocess.py:93} INFO - 
[2025-12-02T16:08:50.924+0000] {subprocess.py:93} INFO - 
[2025-12-02T16:08:50.924+0000] {subprocess.py:93} INFO - --- Reading from PG table: gold_dim_date ---
[2025-12-02T16:08:50.927+0000] {subprocess.py:93} INFO - Error processing table gold_dim_date: An error occurred while calling o56.load.
[2025-12-02T16:08:50.927+0000] {subprocess.py:93} INFO - : java.lang.ClassNotFoundException: org.postgresql.Driver
[2025-12-02T16:08:50.927+0000] {subprocess.py:93} INFO - 	at java.net.URLClassLoader.findClass(URLClassLoader.java:382)
[2025-12-02T16:08:50.927+0000] {subprocess.py:93} INFO - 	at java.lang.ClassLoader.loadClass(ClassLoader.java:419)
[2025-12-02T16:08:50.927+0000] {subprocess.py:93} INFO - 	at java.lang.ClassLoader.loadClass(ClassLoader.java:352)
[2025-12-02T16:08:50.927+0000] {subprocess.py:93} INFO - 	at org.apache.spark.sql.execution.datasources.jdbc.DriverRegistry$.register(DriverRegistry.scala:46)
[2025-12-02T16:08:50.928+0000] {subprocess.py:93} INFO - 	at org.apache.spark.sql.execution.datasources.jdbc.JDBCOptions.$anonfun$driverClass$1(JDBCOptions.scala:101)
[2025-12-02T16:08:50.928+0000] {subprocess.py:93} INFO - 	at org.apache.spark.sql.execution.datasources.jdbc.JDBCOptions.$anonfun$driverClass$1$adapted(JDBCOptions.scala:101)
[2025-12-02T16:08:50.928+0000] {subprocess.py:93} INFO - 	at scala.Option.foreach(Option.scala:407)
[2025-12-02T16:08:50.928+0000] {subprocess.py:93} INFO - 	at org.apache.spark.sql.execution.datasources.jdbc.JDBCOptions.<init>(JDBCOptions.scala:101)
[2025-12-02T16:08:50.928+0000] {subprocess.py:93} INFO - 	at org.apache.spark.sql.execution.datasources.jdbc.JDBCOptions.<init>(JDBCOptions.scala:39)
[2025-12-02T16:08:50.928+0000] {subprocess.py:93} INFO - 	at org.apache.spark.sql.execution.datasources.jdbc.JdbcRelationProvider.createRelation(JdbcRelationProvider.scala:34)
[2025-12-02T16:08:50.928+0000] {subprocess.py:93} INFO - 	at org.apache.spark.sql.execution.datasources.DataSource.resolveRelation(DataSource.scala:350)
[2025-12-02T16:08:50.928+0000] {subprocess.py:93} INFO - 	at org.apache.spark.sql.DataFrameReader.loadV1Source(DataFrameReader.scala:228)
[2025-12-02T16:08:50.928+0000] {subprocess.py:93} INFO - 	at org.apache.spark.sql.DataFrameReader.$anonfun$load$2(DataFrameReader.scala:210)
[2025-12-02T16:08:50.928+0000] {subprocess.py:93} INFO - 	at scala.Option.getOrElse(Option.scala:189)
[2025-12-02T16:08:50.928+0000] {subprocess.py:93} INFO - 	at org.apache.spark.sql.DataFrameReader.load(DataFrameReader.scala:210)
[2025-12-02T16:08:50.929+0000] {subprocess.py:93} INFO - 	at org.apache.spark.sql.DataFrameReader.load(DataFrameReader.scala:171)
[2025-12-02T16:08:50.929+0000] {subprocess.py:93} INFO - 	at sun.reflect.NativeMethodAccessorImpl.invoke0(Native Method)
[2025-12-02T16:08:50.929+0000] {subprocess.py:93} INFO - 	at sun.reflect.NativeMethodAccessorImpl.invoke(NativeMethodAccessorImpl.java:62)
[2025-12-02T16:08:50.929+0000] {subprocess.py:93} INFO - 	at sun.reflect.DelegatingMethodAccessorImpl.invoke(DelegatingMethodAccessorImpl.java:43)
[2025-12-02T16:08:50.929+0000] {subprocess.py:93} INFO - 	at java.lang.reflect.Method.invoke(Method.java:498)
[2025-12-02T16:08:50.929+0000] {subprocess.py:93} INFO - 	at py4j.reflection.MethodInvoker.invoke(MethodInvoker.java:244)
[2025-12-02T16:08:50.929+0000] {subprocess.py:93} INFO - 	at py4j.reflection.ReflectionEngine.invoke(ReflectionEngine.java:357)
[2025-12-02T16:08:50.929+0000] {subprocess.py:93} INFO - 	at py4j.Gateway.invoke(Gateway.java:282)
[2025-12-02T16:08:50.929+0000] {subprocess.py:93} INFO - 	at py4j.commands.AbstractCommand.invokeMethod(AbstractCommand.java:132)
[2025-12-02T16:08:50.929+0000] {subprocess.py:93} INFO - 	at py4j.commands.CallCommand.execute(CallCommand.java:79)
[2025-12-02T16:08:50.929+0000] {subprocess.py:93} INFO - 	at py4j.ClientServerConnection.waitForCommands(ClientServerConnection.java:182)
[2025-12-02T16:08:50.929+0000] {subprocess.py:93} INFO - 	at py4j.ClientServerConnection.run(ClientServerConnection.java:106)
[2025-12-02T16:08:50.929+0000] {subprocess.py:93} INFO - 	at java.lang.Thread.run(Thread.java:748)
[2025-12-02T16:08:50.929+0000] {subprocess.py:93} INFO - 
[2025-12-02T16:08:50.929+0000] {subprocess.py:93} INFO - 
[2025-12-02T16:08:50.929+0000] {subprocess.py:93} INFO - --- Reading from PG table: gold_dim_flight ---
[2025-12-02T16:08:50.940+0000] {subprocess.py:93} INFO - Error processing table gold_dim_flight: An error occurred while calling o64.load.
[2025-12-02T16:08:50.940+0000] {subprocess.py:93} INFO - : java.lang.ClassNotFoundException: org.postgresql.Driver
[2025-12-02T16:08:50.940+0000] {subprocess.py:93} INFO - 	at java.net.URLClassLoader.findClass(URLClassLoader.java:382)
[2025-12-02T16:08:50.940+0000] {subprocess.py:93} INFO - 	at java.lang.ClassLoader.loadClass(ClassLoader.java:419)
[2025-12-02T16:08:50.940+0000] {subprocess.py:93} INFO - 	at java.lang.ClassLoader.loadClass(ClassLoader.java:352)
[2025-12-02T16:08:50.941+0000] {subprocess.py:93} INFO - 	at org.apache.spark.sql.execution.datasources.jdbc.DriverRegistry$.register(DriverRegistry.scala:46)
[2025-12-02T16:08:50.941+0000] {subprocess.py:93} INFO - 	at org.apache.spark.sql.execution.datasources.jdbc.JDBCOptions.$anonfun$driverClass$1(JDBCOptions.scala:101)
[2025-12-02T16:08:50.941+0000] {subprocess.py:93} INFO - 	at org.apache.spark.sql.execution.datasources.jdbc.JDBCOptions.$anonfun$driverClass$1$adapted(JDBCOptions.scala:101)
[2025-12-02T16:08:50.941+0000] {subprocess.py:93} INFO - 	at scala.Option.foreach(Option.scala:407)
[2025-12-02T16:08:50.941+0000] {subprocess.py:93} INFO - 	at org.apache.spark.sql.execution.datasources.jdbc.JDBCOptions.<init>(JDBCOptions.scala:101)
[2025-12-02T16:08:50.941+0000] {subprocess.py:93} INFO - 	at org.apache.spark.sql.execution.datasources.jdbc.JDBCOptions.<init>(JDBCOptions.scala:39)
[2025-12-02T16:08:50.941+0000] {subprocess.py:93} INFO - 	at org.apache.spark.sql.execution.datasources.jdbc.JdbcRelationProvider.createRelation(JdbcRelationProvider.scala:34)
[2025-12-02T16:08:50.941+0000] {subprocess.py:93} INFO - 	at org.apache.spark.sql.execution.datasources.DataSource.resolveRelation(DataSource.scala:350)
[2025-12-02T16:08:50.941+0000] {subprocess.py:93} INFO - 	at org.apache.spark.sql.DataFrameReader.loadV1Source(DataFrameReader.scala:228)
[2025-12-02T16:08:50.942+0000] {subprocess.py:93} INFO - 	at org.apache.spark.sql.DataFrameReader.$anonfun$load$2(DataFrameReader.scala:210)
[2025-12-02T16:08:50.942+0000] {subprocess.py:93} INFO - 	at scala.Option.getOrElse(Option.scala:189)
[2025-12-02T16:08:50.942+0000] {subprocess.py:93} INFO - 	at org.apache.spark.sql.DataFrameReader.load(DataFrameReader.scala:210)
[2025-12-02T16:08:50.942+0000] {subprocess.py:93} INFO - 	at org.apache.spark.sql.DataFrameReader.load(DataFrameReader.scala:171)
[2025-12-02T16:08:50.942+0000] {subprocess.py:93} INFO - 	at sun.reflect.NativeMethodAccessorImpl.invoke0(Native Method)
[2025-12-02T16:08:50.942+0000] {subprocess.py:93} INFO - 	at sun.reflect.NativeMethodAccessorImpl.invoke(NativeMethodAccessorImpl.java:62)
[2025-12-02T16:08:50.942+0000] {subprocess.py:93} INFO - 	at sun.reflect.DelegatingMethodAccessorImpl.invoke(DelegatingMethodAccessorImpl.java:43)
[2025-12-02T16:08:50.942+0000] {subprocess.py:93} INFO - 	at java.lang.reflect.Method.invoke(Method.java:498)
[2025-12-02T16:08:50.942+0000] {subprocess.py:93} INFO - 	at py4j.reflection.MethodInvoker.invoke(MethodInvoker.java:244)
[2025-12-02T16:08:50.942+0000] {subprocess.py:93} INFO - 	at py4j.reflection.ReflectionEngine.invoke(ReflectionEngine.java:357)
[2025-12-02T16:08:50.943+0000] {subprocess.py:93} INFO - 	at py4j.Gateway.invoke(Gateway.java:282)
[2025-12-02T16:08:50.943+0000] {subprocess.py:93} INFO - 	at py4j.commands.AbstractCommand.invokeMethod(AbstractCommand.java:132)
[2025-12-02T16:08:50.943+0000] {subprocess.py:93} INFO - 	at py4j.commands.CallCommand.execute(CallCommand.java:79)
[2025-12-02T16:08:50.943+0000] {subprocess.py:93} INFO - 	at py4j.ClientServerConnection.waitForCommands(ClientServerConnection.java:182)
[2025-12-02T16:08:50.943+0000] {subprocess.py:93} INFO - 	at py4j.ClientServerConnection.run(ClientServerConnection.java:106)
[2025-12-02T16:08:50.943+0000] {subprocess.py:93} INFO - 	at java.lang.Thread.run(Thread.java:748)
[2025-12-02T16:08:50.943+0000] {subprocess.py:93} INFO - 
[2025-12-02T16:08:50.943+0000] {subprocess.py:93} INFO - 
[2025-12-02T16:08:50.943+0000] {subprocess.py:93} INFO - --- Reading from PG table: gold_dim_passenger ---
[2025-12-02T16:08:50.955+0000] {subprocess.py:93} INFO - Error processing table gold_dim_passenger: An error occurred while calling o72.load.
[2025-12-02T16:08:50.955+0000] {subprocess.py:93} INFO - : java.lang.ClassNotFoundException: org.postgresql.Driver
[2025-12-02T16:08:50.955+0000] {subprocess.py:93} INFO - 	at java.net.URLClassLoader.findClass(URLClassLoader.java:382)
[2025-12-02T16:08:50.955+0000] {subprocess.py:93} INFO - 	at java.lang.ClassLoader.loadClass(ClassLoader.java:419)
[2025-12-02T16:08:50.955+0000] {subprocess.py:93} INFO - 	at java.lang.ClassLoader.loadClass(ClassLoader.java:352)
[2025-12-02T16:08:50.956+0000] {subprocess.py:93} INFO - 	at org.apache.spark.sql.execution.datasources.jdbc.DriverRegistry$.register(DriverRegistry.scala:46)
[2025-12-02T16:08:50.956+0000] {subprocess.py:93} INFO - 	at org.apache.spark.sql.execution.datasources.jdbc.JDBCOptions.$anonfun$driverClass$1(JDBCOptions.scala:101)
[2025-12-02T16:08:50.956+0000] {subprocess.py:93} INFO - 	at org.apache.spark.sql.execution.datasources.jdbc.JDBCOptions.$anonfun$driverClass$1$adapted(JDBCOptions.scala:101)
[2025-12-02T16:08:50.956+0000] {subprocess.py:93} INFO - 	at scala.Option.foreach(Option.scala:407)
[2025-12-02T16:08:50.956+0000] {subprocess.py:93} INFO - 	at org.apache.spark.sql.execution.datasources.jdbc.JDBCOptions.<init>(JDBCOptions.scala:101)
[2025-12-02T16:08:50.956+0000] {subprocess.py:93} INFO - 	at org.apache.spark.sql.execution.datasources.jdbc.JDBCOptions.<init>(JDBCOptions.scala:39)
[2025-12-02T16:08:50.956+0000] {subprocess.py:93} INFO - 	at org.apache.spark.sql.execution.datasources.jdbc.JdbcRelationProvider.createRelation(JdbcRelationProvider.scala:34)
[2025-12-02T16:08:50.956+0000] {subprocess.py:93} INFO - 	at org.apache.spark.sql.execution.datasources.DataSource.resolveRelation(DataSource.scala:350)
[2025-12-02T16:08:50.957+0000] {subprocess.py:93} INFO - 	at org.apache.spark.sql.DataFrameReader.loadV1Source(DataFrameReader.scala:228)
[2025-12-02T16:08:50.957+0000] {subprocess.py:93} INFO - 	at org.apache.spark.sql.DataFrameReader.$anonfun$load$2(DataFrameReader.scala:210)
[2025-12-02T16:08:50.957+0000] {subprocess.py:93} INFO - 	at scala.Option.getOrElse(Option.scala:189)
[2025-12-02T16:08:50.957+0000] {subprocess.py:93} INFO - 	at org.apache.spark.sql.DataFrameReader.load(DataFrameReader.scala:210)
[2025-12-02T16:08:50.957+0000] {subprocess.py:93} INFO - 	at org.apache.spark.sql.DataFrameReader.load(DataFrameReader.scala:171)
[2025-12-02T16:08:50.957+0000] {subprocess.py:93} INFO - 	at sun.reflect.NativeMethodAccessorImpl.invoke0(Native Method)
[2025-12-02T16:08:50.957+0000] {subprocess.py:93} INFO - 	at sun.reflect.NativeMethodAccessorImpl.invoke(NativeMethodAccessorImpl.java:62)
[2025-12-02T16:08:50.957+0000] {subprocess.py:93} INFO - 	at sun.reflect.DelegatingMethodAccessorImpl.invoke(DelegatingMethodAccessorImpl.java:43)
[2025-12-02T16:08:50.958+0000] {subprocess.py:93} INFO - 	at java.lang.reflect.Method.invoke(Method.java:498)
[2025-12-02T16:08:50.958+0000] {subprocess.py:93} INFO - 	at py4j.reflection.MethodInvoker.invoke(MethodInvoker.java:244)
[2025-12-02T16:08:50.958+0000] {subprocess.py:93} INFO - 	at py4j.reflection.ReflectionEngine.invoke(ReflectionEngine.java:357)
[2025-12-02T16:08:50.958+0000] {subprocess.py:93} INFO - 	at py4j.Gateway.invoke(Gateway.java:282)
[2025-12-02T16:08:50.958+0000] {subprocess.py:93} INFO - 	at py4j.commands.AbstractCommand.invokeMethod(AbstractCommand.java:132)
[2025-12-02T16:08:50.958+0000] {subprocess.py:93} INFO - 	at py4j.commands.CallCommand.execute(CallCommand.java:79)
[2025-12-02T16:08:50.958+0000] {subprocess.py:93} INFO - 	at py4j.ClientServerConnection.waitForCommands(ClientServerConnection.java:182)
[2025-12-02T16:08:50.958+0000] {subprocess.py:93} INFO - 	at py4j.ClientServerConnection.run(ClientServerConnection.java:106)
[2025-12-02T16:08:50.958+0000] {subprocess.py:93} INFO - 	at java.lang.Thread.run(Thread.java:748)
[2025-12-02T16:08:50.958+0000] {subprocess.py:93} INFO - 
[2025-12-02T16:08:50.958+0000] {subprocess.py:93} INFO - 
[2025-12-02T16:08:50.958+0000] {subprocess.py:93} INFO - --- Reading from PG table: gold_dim_ticket ---
[2025-12-02T16:08:50.972+0000] {subprocess.py:93} INFO - Error processing table gold_dim_ticket: An error occurred while calling o80.load.
[2025-12-02T16:08:50.973+0000] {subprocess.py:93} INFO - : java.lang.ClassNotFoundException: org.postgresql.Driver
[2025-12-02T16:08:50.973+0000] {subprocess.py:93} INFO - 	at java.net.URLClassLoader.findClass(URLClassLoader.java:382)
[2025-12-02T16:08:50.973+0000] {subprocess.py:93} INFO - 	at java.lang.ClassLoader.loadClass(ClassLoader.java:419)
[2025-12-02T16:08:50.973+0000] {subprocess.py:93} INFO - 	at java.lang.ClassLoader.loadClass(ClassLoader.java:352)
[2025-12-02T16:08:50.973+0000] {subprocess.py:93} INFO - 	at org.apache.spark.sql.execution.datasources.jdbc.DriverRegistry$.register(DriverRegistry.scala:46)
[2025-12-02T16:08:50.973+0000] {subprocess.py:93} INFO - 	at org.apache.spark.sql.execution.datasources.jdbc.JDBCOptions.$anonfun$driverClass$1(JDBCOptions.scala:101)
[2025-12-02T16:08:50.973+0000] {subprocess.py:93} INFO - 	at org.apache.spark.sql.execution.datasources.jdbc.JDBCOptions.$anonfun$driverClass$1$adapted(JDBCOptions.scala:101)
[2025-12-02T16:08:50.973+0000] {subprocess.py:93} INFO - 	at scala.Option.foreach(Option.scala:407)
[2025-12-02T16:08:50.974+0000] {subprocess.py:93} INFO - 	at org.apache.spark.sql.execution.datasources.jdbc.JDBCOptions.<init>(JDBCOptions.scala:101)
[2025-12-02T16:08:50.974+0000] {subprocess.py:93} INFO - 	at org.apache.spark.sql.execution.datasources.jdbc.JDBCOptions.<init>(JDBCOptions.scala:39)
[2025-12-02T16:08:50.974+0000] {subprocess.py:93} INFO - 	at org.apache.spark.sql.execution.datasources.jdbc.JdbcRelationProvider.createRelation(JdbcRelationProvider.scala:34)
[2025-12-02T16:08:50.974+0000] {subprocess.py:93} INFO - 	at org.apache.spark.sql.execution.datasources.DataSource.resolveRelation(DataSource.scala:350)
[2025-12-02T16:08:50.974+0000] {subprocess.py:93} INFO - 	at org.apache.spark.sql.DataFrameReader.loadV1Source(DataFrameReader.scala:228)
[2025-12-02T16:08:50.974+0000] {subprocess.py:93} INFO - 	at org.apache.spark.sql.DataFrameReader.$anonfun$load$2(DataFrameReader.scala:210)
[2025-12-02T16:08:50.974+0000] {subprocess.py:93} INFO - 	at scala.Option.getOrElse(Option.scala:189)
[2025-12-02T16:08:50.974+0000] {subprocess.py:93} INFO - 	at org.apache.spark.sql.DataFrameReader.load(DataFrameReader.scala:210)
[2025-12-02T16:08:50.974+0000] {subprocess.py:93} INFO - 	at org.apache.spark.sql.DataFrameReader.load(DataFrameReader.scala:171)
[2025-12-02T16:08:50.975+0000] {subprocess.py:93} INFO - 	at sun.reflect.NativeMethodAccessorImpl.invoke0(Native Method)
[2025-12-02T16:08:50.975+0000] {subprocess.py:93} INFO - 	at sun.reflect.NativeMethodAccessorImpl.invoke(NativeMethodAccessorImpl.java:62)
[2025-12-02T16:08:50.975+0000] {subprocess.py:93} INFO - 	at sun.reflect.DelegatingMethodAccessorImpl.invoke(DelegatingMethodAccessorImpl.java:43)
[2025-12-02T16:08:50.975+0000] {subprocess.py:93} INFO - 	at java.lang.reflect.Method.invoke(Method.java:498)
[2025-12-02T16:08:50.975+0000] {subprocess.py:93} INFO - 	at py4j.reflection.MethodInvoker.invoke(MethodInvoker.java:244)
[2025-12-02T16:08:50.975+0000] {subprocess.py:93} INFO - 	at py4j.reflection.ReflectionEngine.invoke(ReflectionEngine.java:357)
[2025-12-02T16:08:50.975+0000] {subprocess.py:93} INFO - 	at py4j.Gateway.invoke(Gateway.java:282)
[2025-12-02T16:08:50.975+0000] {subprocess.py:93} INFO - 	at py4j.commands.AbstractCommand.invokeMethod(AbstractCommand.java:132)
[2025-12-02T16:08:50.975+0000] {subprocess.py:93} INFO - 	at py4j.commands.CallCommand.execute(CallCommand.java:79)
[2025-12-02T16:08:50.975+0000] {subprocess.py:93} INFO - 	at py4j.ClientServerConnection.waitForCommands(ClientServerConnection.java:182)
[2025-12-02T16:08:50.975+0000] {subprocess.py:93} INFO - 	at py4j.ClientServerConnection.run(ClientServerConnection.java:106)
[2025-12-02T16:08:50.975+0000] {subprocess.py:93} INFO - 	at java.lang.Thread.run(Thread.java:748)
[2025-12-02T16:08:50.975+0000] {subprocess.py:93} INFO - 
[2025-12-02T16:08:50.975+0000] {subprocess.py:93} INFO - 
[2025-12-02T16:08:50.975+0000] {subprocess.py:93} INFO - --- Reading from PG table: gold_dim_weather ---
[2025-12-02T16:08:50.991+0000] {subprocess.py:93} INFO - Error processing table gold_dim_weather: An error occurred while calling o88.load.
[2025-12-02T16:08:50.991+0000] {subprocess.py:93} INFO - : java.lang.ClassNotFoundException: org.postgresql.Driver
[2025-12-02T16:08:50.991+0000] {subprocess.py:93} INFO - 	at java.net.URLClassLoader.findClass(URLClassLoader.java:382)
[2025-12-02T16:08:50.992+0000] {subprocess.py:93} INFO - 	at java.lang.ClassLoader.loadClass(ClassLoader.java:419)
[2025-12-02T16:08:50.992+0000] {subprocess.py:93} INFO - 	at java.lang.ClassLoader.loadClass(ClassLoader.java:352)
[2025-12-02T16:08:50.992+0000] {subprocess.py:93} INFO - 	at org.apache.spark.sql.execution.datasources.jdbc.DriverRegistry$.register(DriverRegistry.scala:46)
[2025-12-02T16:08:50.992+0000] {subprocess.py:93} INFO - 	at org.apache.spark.sql.execution.datasources.jdbc.JDBCOptions.$anonfun$driverClass$1(JDBCOptions.scala:101)
[2025-12-02T16:08:50.992+0000] {subprocess.py:93} INFO - 	at org.apache.spark.sql.execution.datasources.jdbc.JDBCOptions.$anonfun$driverClass$1$adapted(JDBCOptions.scala:101)
[2025-12-02T16:08:50.992+0000] {subprocess.py:93} INFO - 	at scala.Option.foreach(Option.scala:407)
[2025-12-02T16:08:50.992+0000] {subprocess.py:93} INFO - 	at org.apache.spark.sql.execution.datasources.jdbc.JDBCOptions.<init>(JDBCOptions.scala:101)
[2025-12-02T16:08:50.992+0000] {subprocess.py:93} INFO - 	at org.apache.spark.sql.execution.datasources.jdbc.JDBCOptions.<init>(JDBCOptions.scala:39)
[2025-12-02T16:08:50.992+0000] {subprocess.py:93} INFO - 	at org.apache.spark.sql.execution.datasources.jdbc.JdbcRelationProvider.createRelation(JdbcRelationProvider.scala:34)
[2025-12-02T16:08:50.992+0000] {subprocess.py:93} INFO - 	at org.apache.spark.sql.execution.datasources.DataSource.resolveRelation(DataSource.scala:350)
[2025-12-02T16:08:50.992+0000] {subprocess.py:93} INFO - 	at org.apache.spark.sql.DataFrameReader.loadV1Source(DataFrameReader.scala:228)
[2025-12-02T16:08:50.992+0000] {subprocess.py:93} INFO - 	at org.apache.spark.sql.DataFrameReader.$anonfun$load$2(DataFrameReader.scala:210)
[2025-12-02T16:08:50.992+0000] {subprocess.py:93} INFO - 	at scala.Option.getOrElse(Option.scala:189)
[2025-12-02T16:08:50.992+0000] {subprocess.py:93} INFO - 	at org.apache.spark.sql.DataFrameReader.load(DataFrameReader.scala:210)
[2025-12-02T16:08:50.992+0000] {subprocess.py:93} INFO - 	at org.apache.spark.sql.DataFrameReader.load(DataFrameReader.scala:171)
[2025-12-02T16:08:50.992+0000] {subprocess.py:93} INFO - 	at sun.reflect.NativeMethodAccessorImpl.invoke0(Native Method)
[2025-12-02T16:08:50.992+0000] {subprocess.py:93} INFO - 	at sun.reflect.NativeMethodAccessorImpl.invoke(NativeMethodAccessorImpl.java:62)
[2025-12-02T16:08:50.992+0000] {subprocess.py:93} INFO - 	at sun.reflect.DelegatingMethodAccessorImpl.invoke(DelegatingMethodAccessorImpl.java:43)
[2025-12-02T16:08:50.993+0000] {subprocess.py:93} INFO - 	at java.lang.reflect.Method.invoke(Method.java:498)
[2025-12-02T16:08:50.993+0000] {subprocess.py:93} INFO - 	at py4j.reflection.MethodInvoker.invoke(MethodInvoker.java:244)
[2025-12-02T16:08:50.993+0000] {subprocess.py:93} INFO - 	at py4j.reflection.ReflectionEngine.invoke(ReflectionEngine.java:357)
[2025-12-02T16:08:50.993+0000] {subprocess.py:93} INFO - 	at py4j.Gateway.invoke(Gateway.java:282)
[2025-12-02T16:08:50.993+0000] {subprocess.py:93} INFO - 	at py4j.commands.AbstractCommand.invokeMethod(AbstractCommand.java:132)
[2025-12-02T16:08:50.993+0000] {subprocess.py:93} INFO - 	at py4j.commands.CallCommand.execute(CallCommand.java:79)
[2025-12-02T16:08:50.993+0000] {subprocess.py:93} INFO - 	at py4j.ClientServerConnection.waitForCommands(ClientServerConnection.java:182)
[2025-12-02T16:08:50.993+0000] {subprocess.py:93} INFO - 	at py4j.ClientServerConnection.run(ClientServerConnection.java:106)
[2025-12-02T16:08:50.993+0000] {subprocess.py:93} INFO - 	at java.lang.Thread.run(Thread.java:748)
[2025-12-02T16:08:50.993+0000] {subprocess.py:93} INFO - 
[2025-12-02T16:08:50.993+0000] {subprocess.py:93} INFO - 
[2025-12-02T16:08:50.993+0000] {subprocess.py:93} INFO - --- Reading from PG table: gold_fact_booking ---
[2025-12-02T16:08:51.005+0000] {subprocess.py:93} INFO - Error processing table gold_fact_booking: An error occurred while calling o96.load.
[2025-12-02T16:08:51.005+0000] {subprocess.py:93} INFO - : java.lang.ClassNotFoundException: org.postgresql.Driver
[2025-12-02T16:08:51.005+0000] {subprocess.py:93} INFO - 	at java.net.URLClassLoader.findClass(URLClassLoader.java:382)
[2025-12-02T16:08:51.005+0000] {subprocess.py:93} INFO - 	at java.lang.ClassLoader.loadClass(ClassLoader.java:419)
[2025-12-02T16:08:51.006+0000] {subprocess.py:93} INFO - 	at java.lang.ClassLoader.loadClass(ClassLoader.java:352)
[2025-12-02T16:08:51.006+0000] {subprocess.py:93} INFO - 	at org.apache.spark.sql.execution.datasources.jdbc.DriverRegistry$.register(DriverRegistry.scala:46)
[2025-12-02T16:08:51.006+0000] {subprocess.py:93} INFO - 	at org.apache.spark.sql.execution.datasources.jdbc.JDBCOptions.$anonfun$driverClass$1(JDBCOptions.scala:101)
[2025-12-02T16:08:51.006+0000] {subprocess.py:93} INFO - 	at org.apache.spark.sql.execution.datasources.jdbc.JDBCOptions.$anonfun$driverClass$1$adapted(JDBCOptions.scala:101)
[2025-12-02T16:08:51.006+0000] {subprocess.py:93} INFO - 	at scala.Option.foreach(Option.scala:407)
[2025-12-02T16:08:51.006+0000] {subprocess.py:93} INFO - 	at org.apache.spark.sql.execution.datasources.jdbc.JDBCOptions.<init>(JDBCOptions.scala:101)
[2025-12-02T16:08:51.006+0000] {subprocess.py:93} INFO - 	at org.apache.spark.sql.execution.datasources.jdbc.JDBCOptions.<init>(JDBCOptions.scala:39)
[2025-12-02T16:08:51.006+0000] {subprocess.py:93} INFO - 	at org.apache.spark.sql.execution.datasources.jdbc.JdbcRelationProvider.createRelation(JdbcRelationProvider.scala:34)
[2025-12-02T16:08:51.007+0000] {subprocess.py:93} INFO - 	at org.apache.spark.sql.execution.datasources.DataSource.resolveRelation(DataSource.scala:350)
[2025-12-02T16:08:51.007+0000] {subprocess.py:93} INFO - 	at org.apache.spark.sql.DataFrameReader.loadV1Source(DataFrameReader.scala:228)
[2025-12-02T16:08:51.007+0000] {subprocess.py:93} INFO - 	at org.apache.spark.sql.DataFrameReader.$anonfun$load$2(DataFrameReader.scala:210)
[2025-12-02T16:08:51.007+0000] {subprocess.py:93} INFO - 	at scala.Option.getOrElse(Option.scala:189)
[2025-12-02T16:08:51.007+0000] {subprocess.py:93} INFO - 	at org.apache.spark.sql.DataFrameReader.load(DataFrameReader.scala:210)
[2025-12-02T16:08:51.007+0000] {subprocess.py:93} INFO - 	at org.apache.spark.sql.DataFrameReader.load(DataFrameReader.scala:171)
[2025-12-02T16:08:51.007+0000] {subprocess.py:93} INFO - 	at sun.reflect.NativeMethodAccessorImpl.invoke0(Native Method)
[2025-12-02T16:08:51.007+0000] {subprocess.py:93} INFO - 	at sun.reflect.NativeMethodAccessorImpl.invoke(NativeMethodAccessorImpl.java:62)
[2025-12-02T16:08:51.008+0000] {subprocess.py:93} INFO - 	at sun.reflect.DelegatingMethodAccessorImpl.invoke(DelegatingMethodAccessorImpl.java:43)
[2025-12-02T16:08:51.008+0000] {subprocess.py:93} INFO - 	at java.lang.reflect.Method.invoke(Method.java:498)
[2025-12-02T16:08:51.008+0000] {subprocess.py:93} INFO - 	at py4j.reflection.MethodInvoker.invoke(MethodInvoker.java:244)
[2025-12-02T16:08:51.008+0000] {subprocess.py:93} INFO - 	at py4j.reflection.ReflectionEngine.invoke(ReflectionEngine.java:357)
[2025-12-02T16:08:51.008+0000] {subprocess.py:93} INFO - 	at py4j.Gateway.invoke(Gateway.java:282)
[2025-12-02T16:08:51.008+0000] {subprocess.py:93} INFO - 	at py4j.commands.AbstractCommand.invokeMethod(AbstractCommand.java:132)
[2025-12-02T16:08:51.008+0000] {subprocess.py:93} INFO - 	at py4j.commands.CallCommand.execute(CallCommand.java:79)
[2025-12-02T16:08:51.008+0000] {subprocess.py:93} INFO - 	at py4j.ClientServerConnection.waitForCommands(ClientServerConnection.java:182)
[2025-12-02T16:08:51.008+0000] {subprocess.py:93} INFO - 	at py4j.ClientServerConnection.run(ClientServerConnection.java:106)
[2025-12-02T16:08:51.009+0000] {subprocess.py:93} INFO - 	at java.lang.Thread.run(Thread.java:748)
[2025-12-02T16:08:51.009+0000] {subprocess.py:93} INFO - 
[2025-12-02T16:08:51.009+0000] {subprocess.py:93} INFO - 
[2025-12-02T16:08:51.009+0000] {subprocess.py:93} INFO - SHOWING TABLES in Hive:
[2025-12-02T16:08:52.405+0000] {subprocess.py:93} INFO - 25/12/02 16:08:52 INFO CodeGenerator: Code generated in 200.990617 ms
[2025-12-02T16:08:52.459+0000] {subprocess.py:93} INFO - +---------+---------+-----------+
[2025-12-02T16:08:52.460+0000] {subprocess.py:93} INFO - |namespace|tableName|isTemporary|
[2025-12-02T16:08:52.460+0000] {subprocess.py:93} INFO - +---------+---------+-----------+
[2025-12-02T16:08:52.460+0000] {subprocess.py:93} INFO - +---------+---------+-----------+
[2025-12-02T16:08:52.460+0000] {subprocess.py:93} INFO - 
[2025-12-02T16:08:52.519+0000] {subprocess.py:93} INFO - Traceback (most recent call last):
[2025-12-02T16:08:52.519+0000] {subprocess.py:93} INFO -   File "/tmp/spark_drivers/batch.py", line 64, in <module>
[2025-12-02T16:08:52.519+0000] {subprocess.py:93} INFO -     spark.sql("SELECT * FROM dim_flight").show()
[2025-12-02T16:08:52.519+0000] {subprocess.py:93} INFO -   File "/spark/python/lib/pyspark.zip/pyspark/sql/session.py", line 1034, in sql
[2025-12-02T16:08:52.520+0000] {subprocess.py:93} INFO -   File "/spark/python/lib/py4j-0.10.9.5-src.zip/py4j/java_gateway.py", line 1322, in __call__
[2025-12-02T16:08:52.520+0000] {subprocess.py:93} INFO -   File "/spark/python/lib/pyspark.zip/pyspark/sql/utils.py", line 196, in deco
[2025-12-02T16:08:52.524+0000] {subprocess.py:93} INFO - pyspark.sql.utils.AnalysisException: Table or view not found: dim_flight; line 1 pos 14;
[2025-12-02T16:08:52.524+0000] {subprocess.py:93} INFO - 'Project [*]
[2025-12-02T16:08:52.524+0000] {subprocess.py:93} INFO - +- 'UnresolvedRelation [dim_flight], [], false
[2025-12-02T16:08:52.525+0000] {subprocess.py:93} INFO - 
[2025-12-02T16:08:52.566+0000] {subprocess.py:93} INFO - 25/12/02 16:08:52 INFO SparkContext: Invoking stop() from shutdown hook
[2025-12-02T16:08:52.582+0000] {subprocess.py:93} INFO - 25/12/02 16:08:52 INFO SparkUI: Stopped Spark web UI at http://cf8fd005787a:4040
[2025-12-02T16:08:52.585+0000] {subprocess.py:93} INFO - 25/12/02 16:08:52 INFO StandaloneSchedulerBackend: Shutting down all executors
[2025-12-02T16:08:52.585+0000] {subprocess.py:93} INFO - 25/12/02 16:08:52 INFO CoarseGrainedSchedulerBackend$DriverEndpoint: Asking each executor to shut down
[2025-12-02T16:08:52.606+0000] {subprocess.py:93} INFO - 25/12/02 16:08:52 INFO MapOutputTrackerMasterEndpoint: MapOutputTrackerMasterEndpoint stopped!
[2025-12-02T16:08:52.618+0000] {subprocess.py:93} INFO - 25/12/02 16:08:52 INFO MemoryStore: MemoryStore cleared
[2025-12-02T16:08:52.618+0000] {subprocess.py:93} INFO - 25/12/02 16:08:52 INFO BlockManager: BlockManager stopped
[2025-12-02T16:08:52.634+0000] {subprocess.py:93} INFO - 25/12/02 16:08:52 INFO BlockManagerMaster: BlockManagerMaster stopped
[2025-12-02T16:08:52.637+0000] {subprocess.py:93} INFO - 25/12/02 16:08:52 INFO OutputCommitCoordinator$OutputCommitCoordinatorEndpoint: OutputCommitCoordinator stopped!
[2025-12-02T16:08:52.642+0000] {subprocess.py:93} INFO - 25/12/02 16:08:52 INFO SparkContext: Successfully stopped SparkContext
[2025-12-02T16:08:52.643+0000] {subprocess.py:93} INFO - 25/12/02 16:08:52 INFO ShutdownHookManager: Shutdown hook called
[2025-12-02T16:08:52.643+0000] {subprocess.py:93} INFO - 25/12/02 16:08:52 INFO ShutdownHookManager: Deleting directory /tmp/spark-cc7da55b-894e-49b3-850e-1e957ccb19bb
[2025-12-02T16:08:52.645+0000] {subprocess.py:93} INFO - 25/12/02 16:08:52 INFO ShutdownHookManager: Deleting directory /tmp/spark-38f113b2-890c-4867-91d5-b49877de572e
[2025-12-02T16:08:52.647+0000] {subprocess.py:93} INFO - 25/12/02 16:08:52 INFO ShutdownHookManager: Deleting directory /tmp/spark-38f113b2-890c-4867-91d5-b49877de572e/pyspark-9ac1c414-4c02-48f5-abdd-2f8d1c29dfc6
[2025-12-02T16:08:52.799+0000] {subprocess.py:97} INFO - Command exited with return code 1
[2025-12-02T16:08:52.813+0000] {taskinstance.py:1937} ERROR - Task failed with exception
Traceback (most recent call last):
  File "/home/airflow/.local/lib/python3.8/site-packages/airflow/operators/bash.py", line 210, in execute
    raise AirflowException(
airflow.exceptions.AirflowException: Bash command failed. The command returned a non-zero exit code 1.
[2025-12-02T16:08:52.818+0000] {taskinstance.py:1400} INFO - Marking task as FAILED. dag_id=flight_etl, task_id=spark_batch_processor, execution_date=20251202T160701, start_date=20251202T160840, end_date=20251202T160852
[2025-12-02T16:08:52.838+0000] {standard_task_runner.py:104} ERROR - Failed to execute job 58 for task spark_batch_processor (Bash command failed. The command returned a non-zero exit code 1.; 826)
[2025-12-02T16:08:52.866+0000] {local_task_job_runner.py:228} INFO - Task exited with return code 1
[2025-12-02T16:08:52.884+0000] {taskinstance.py:2778} INFO - 0 downstream tasks scheduled from follow-on schedule check
