[2025-11-29T12:41:01.532+0000] {taskinstance.py:1159} INFO - Dependencies all met for dep_context=non-requeueable deps ti=<TaskInstance: flight_etl.talend_etl_pipeline manual__2025-11-29T12:40:59.734549+00:00 [queued]>
[2025-11-29T12:41:01.544+0000] {taskinstance.py:1159} INFO - Dependencies all met for dep_context=requeueable deps ti=<TaskInstance: flight_etl.talend_etl_pipeline manual__2025-11-29T12:40:59.734549+00:00 [queued]>
[2025-11-29T12:41:01.545+0000] {taskinstance.py:1361} INFO - Starting attempt 1 of 1
[2025-11-29T12:41:01.563+0000] {taskinstance.py:1382} INFO - Executing <Task(PythonOperator): talend_etl_pipeline> on 2025-11-29 12:40:59.734549+00:00
[2025-11-29T12:41:01.570+0000] {standard_task_runner.py:57} INFO - Started process 384 to run task
[2025-11-29T12:41:01.573+0000] {standard_task_runner.py:84} INFO - Running: ['***', 'tasks', 'run', 'flight_etl', 'talend_etl_pipeline', 'manual__2025-11-29T12:40:59.734549+00:00', '--job-id', '33', '--raw', '--subdir', 'DAGS_FOLDER/etl-dag.py', '--cfg-path', '/tmp/tmppqdb3n8q']
[2025-11-29T12:41:01.575+0000] {standard_task_runner.py:85} INFO - Job 33: Subtask talend_etl_pipeline
[2025-11-29T12:41:01.622+0000] {task_command.py:416} INFO - Running <TaskInstance: flight_etl.talend_etl_pipeline manual__2025-11-29T12:40:59.734549+00:00 [running]> on host f15c5890988a
[2025-11-29T12:41:01.714+0000] {taskinstance.py:1662} INFO - Exporting env vars: AIRFLOW_CTX_DAG_OWNER='***' AIRFLOW_CTX_DAG_ID='flight_etl' AIRFLOW_CTX_TASK_ID='talend_etl_pipeline' AIRFLOW_CTX_EXECUTION_DATE='2025-11-29T12:40:59.734549+00:00' AIRFLOW_CTX_TRY_NUMBER='1' AIRFLOW_CTX_DAG_RUN_ID='manual__2025-11-29T12:40:59.734549+00:00'
[2025-11-29T12:41:01.799+0000] {taskinstance.py:1937} ERROR - Task failed with exception
Traceback (most recent call last):
  File "/home/airflow/.local/lib/python3.8/site-packages/airflow/operators/python.py", line 192, in execute
    return_value = self.execute_callable()
  File "/home/airflow/.local/lib/python3.8/site-packages/airflow/operators/python.py", line 209, in execute_callable
    return self.python_callable(*self.op_args, **self.op_kwargs)
  File "/opt/airflow/dags/etl-dag.py", line 38, in run_talend_job
    raise Exception(f"Talend job failed: {result.stderr}")
Exception: Talend job failed: /bin/bash: line 1: cd: /opt/***/talend_jobs/parent_job: No such file or directory

[2025-11-29T12:41:01.818+0000] {taskinstance.py:1400} INFO - Marking task as FAILED. dag_id=flight_etl, task_id=talend_etl_pipeline, execution_date=20251129T124059, start_date=20251129T124101, end_date=20251129T124101
[2025-11-29T12:41:01.865+0000] {standard_task_runner.py:104} ERROR - Failed to execute job 33 for task talend_etl_pipeline (Talend job failed: /bin/bash: line 1: cd: /opt/***/talend_jobs/parent_job: No such file or directory
; 384)
[2025-11-29T12:41:01.905+0000] {local_task_job_runner.py:228} INFO - Task exited with return code 1
[2025-11-29T12:41:01.923+0000] {taskinstance.py:2778} INFO - 0 downstream tasks scheduled from follow-on schedule check
