[2025-11-30T01:10:47.537+0000] {taskinstance.py:1159} INFO - Dependencies all met for dep_context=non-requeueable deps ti=<TaskInstance: flight_etl.spark_batch_processor manual__2025-11-30T01:09:08.687181+00:00 [queued]>
[2025-11-30T01:10:47.545+0000] {taskinstance.py:1159} INFO - Dependencies all met for dep_context=requeueable deps ti=<TaskInstance: flight_etl.spark_batch_processor manual__2025-11-30T01:09:08.687181+00:00 [queued]>
[2025-11-30T01:10:47.545+0000] {taskinstance.py:1361} INFO - Starting attempt 1 of 1
[2025-11-30T01:10:47.555+0000] {taskinstance.py:1382} INFO - Executing <Task(BashOperator): spark_batch_processor> on 2025-11-30 01:09:08.687181+00:00
[2025-11-30T01:10:47.559+0000] {standard_task_runner.py:57} INFO - Started process 2567 to run task
[2025-11-30T01:10:47.562+0000] {standard_task_runner.py:84} INFO - Running: ['***', 'tasks', 'run', 'flight_etl', 'spark_batch_processor', 'manual__2025-11-30T01:09:08.687181+00:00', '--job-id', '498', '--raw', '--subdir', 'DAGS_FOLDER/etl-dag.py', '--cfg-path', '/tmp/tmpfl1war1a']
[2025-11-30T01:10:47.564+0000] {standard_task_runner.py:85} INFO - Job 498: Subtask spark_batch_processor
[2025-11-30T01:10:47.618+0000] {task_command.py:416} INFO - Running <TaskInstance: flight_etl.spark_batch_processor manual__2025-11-30T01:09:08.687181+00:00 [running]> on host 45304bb2c878
[2025-11-30T01:10:47.695+0000] {taskinstance.py:1662} INFO - Exporting env vars: AIRFLOW_CTX_DAG_OWNER='***' AIRFLOW_CTX_DAG_ID='flight_etl' AIRFLOW_CTX_TASK_ID='spark_batch_processor' AIRFLOW_CTX_EXECUTION_DATE='2025-11-30T01:09:08.687181+00:00' AIRFLOW_CTX_TRY_NUMBER='1' AIRFLOW_CTX_DAG_RUN_ID='manual__2025-11-30T01:09:08.687181+00:00'
[2025-11-30T01:10:47.697+0000] {subprocess.py:63} INFO - Tmp dir root location: /tmp
[2025-11-30T01:10:47.698+0000] {subprocess.py:75} INFO - Running command: ['/bin/bash', '-c', '\ndocker exec spark-master /spark/bin/spark-submit   --master spark://spark-master:7077   **--packages org.postgresql:postgresql:42.7.7**   --conf spark.pyspark.python=/usr/bin/python3 /tmp/spark_drivers/batch.py']
[2025-11-30T01:10:47.712+0000] {subprocess.py:86} INFO - Output:
[2025-11-30T01:10:49.599+0000] {subprocess.py:93} INFO - 25/11/30 01:10:49 WARN NativeCodeLoader: Unable to load native-hadoop library for your platform... using builtin-java classes where applicable
[2025-11-30T01:10:49.687+0000] {subprocess.py:93} INFO - Exception in thread "main" org.apache.spark.SparkException: Failed to get main class in JAR with error 'File file:/**--packages does not exist'.  Please specify one with --class.
[2025-11-30T01:10:49.688+0000] {subprocess.py:93} INFO - 	at org.apache.spark.deploy.SparkSubmit.error(SparkSubmit.scala:975)
[2025-11-30T01:10:49.688+0000] {subprocess.py:93} INFO - 	at org.apache.spark.deploy.SparkSubmit.prepareSubmitEnvironment(SparkSubmit.scala:486)
[2025-11-30T01:10:49.688+0000] {subprocess.py:93} INFO - 	at org.apache.spark.deploy.SparkSubmit.org$apache$spark$deploy$SparkSubmit$$runMain(SparkSubmit.scala:901)
[2025-11-30T01:10:49.688+0000] {subprocess.py:93} INFO - 	at org.apache.spark.deploy.SparkSubmit.doRunMain$1(SparkSubmit.scala:180)
[2025-11-30T01:10:49.688+0000] {subprocess.py:93} INFO - 	at org.apache.spark.deploy.SparkSubmit.submit(SparkSubmit.scala:203)
[2025-11-30T01:10:49.688+0000] {subprocess.py:93} INFO - 	at org.apache.spark.deploy.SparkSubmit.doSubmit(SparkSubmit.scala:90)
[2025-11-30T01:10:49.688+0000] {subprocess.py:93} INFO - 	at org.apache.spark.deploy.SparkSubmit$$anon$2.doSubmit(SparkSubmit.scala:1046)
[2025-11-30T01:10:49.689+0000] {subprocess.py:93} INFO - 	at org.apache.spark.deploy.SparkSubmit$.main(SparkSubmit.scala:1055)
[2025-11-30T01:10:49.689+0000] {subprocess.py:93} INFO - 	at org.apache.spark.deploy.SparkSubmit.main(SparkSubmit.scala)
[2025-11-30T01:10:49.738+0000] {subprocess.py:97} INFO - Command exited with return code 1
[2025-11-30T01:10:49.752+0000] {taskinstance.py:1937} ERROR - Task failed with exception
Traceback (most recent call last):
  File "/home/airflow/.local/lib/python3.8/site-packages/airflow/operators/bash.py", line 210, in execute
    raise AirflowException(
airflow.exceptions.AirflowException: Bash command failed. The command returned a non-zero exit code 1.
[2025-11-30T01:10:49.757+0000] {taskinstance.py:1400} INFO - Marking task as FAILED. dag_id=flight_etl, task_id=spark_batch_processor, execution_date=20251130T010908, start_date=20251130T011047, end_date=20251130T011049
[2025-11-30T01:10:49.769+0000] {standard_task_runner.py:104} ERROR - Failed to execute job 498 for task spark_batch_processor (Bash command failed. The command returned a non-zero exit code 1.; 2567)
[2025-11-30T01:10:49.779+0000] {local_task_job_runner.py:228} INFO - Task exited with return code 1
[2025-11-30T01:10:49.800+0000] {taskinstance.py:2778} INFO - 0 downstream tasks scheduled from follow-on schedule check
