[2025-12-02T16:38:32.840+0000] {taskinstance.py:1159} INFO - Dependencies all met for dep_context=non-requeueable deps ti=<TaskInstance: flight_etl.copy_spark_script manual__2025-12-02T16:37:04.834819+00:00 [queued]>
[2025-12-02T16:38:32.844+0000] {taskinstance.py:1159} INFO - Dependencies all met for dep_context=requeueable deps ti=<TaskInstance: flight_etl.copy_spark_script manual__2025-12-02T16:37:04.834819+00:00 [queued]>
[2025-12-02T16:38:32.844+0000] {taskinstance.py:1361} INFO - Starting attempt 1 of 1
[2025-12-02T16:38:32.851+0000] {taskinstance.py:1382} INFO - Executing <Task(BashOperator): copy_spark_script> on 2025-12-02 16:37:04.834819+00:00
[2025-12-02T16:38:32.855+0000] {standard_task_runner.py:57} INFO - Started process 539 to run task
[2025-12-02T16:38:32.857+0000] {standard_task_runner.py:84} INFO - Running: ['***', 'tasks', 'run', 'flight_etl', 'copy_spark_script', 'manual__2025-12-02T16:37:04.834819+00:00', '--job-id', '107', '--raw', '--subdir', 'DAGS_FOLDER/etl-dag.py', '--cfg-path', '/tmp/tmpl0em00gi']
[2025-12-02T16:38:32.859+0000] {standard_task_runner.py:85} INFO - Job 107: Subtask copy_spark_script
[2025-12-02T16:38:32.893+0000] {task_command.py:416} INFO - Running <TaskInstance: flight_etl.copy_spark_script manual__2025-12-02T16:37:04.834819+00:00 [running]> on host 5bf2ff338570
[2025-12-02T16:38:32.962+0000] {taskinstance.py:1662} INFO - Exporting env vars: AIRFLOW_CTX_DAG_OWNER='***' AIRFLOW_CTX_DAG_ID='flight_etl' AIRFLOW_CTX_TASK_ID='copy_spark_script' AIRFLOW_CTX_EXECUTION_DATE='2025-12-02T16:37:04.834819+00:00' AIRFLOW_CTX_TRY_NUMBER='1' AIRFLOW_CTX_DAG_RUN_ID='manual__2025-12-02T16:37:04.834819+00:00'
[2025-12-02T16:38:32.966+0000] {subprocess.py:63} INFO - Tmp dir root location: /tmp
[2025-12-02T16:38:32.966+0000] {subprocess.py:75} INFO - Running command: ['/bin/bash', '-c', '\n        SPARK_MASTER="spark-master"\n        # 1. CORRECT SOURCE PATH on the worker container\n        SOURCE_PATH="/scripts/pyspark/batch.py" \n        DEST_DIR="/tmp/spark_drivers/"\n        SCRIPT_NAME="batch.py"\n        \n        # 2. CREATE DESTINATION DIRECTORY\n        docker exec ${SPARK_MASTER} mkdir -p ${DEST_DIR}\n\n        # 3. CRITICAL: RECURSIVELY CLEAN UP CORRUPTED PATH\n        docker exec ${SPARK_MASTER} rm -rf ${DEST_DIR}${SCRIPT_NAME}\n\n        # 4. Copy the file\n        docker cp ${SOURCE_PATH} ${SPARK_MASTER}:${DEST_DIR}${SCRIPT_NAME}\n    ']
[2025-12-02T16:38:32.978+0000] {subprocess.py:86} INFO - Output:
[2025-12-02T16:38:33.198+0000] {subprocess.py:93} INFO - lstat /scripts/pyspark: no such file or directory
[2025-12-02T16:38:33.200+0000] {subprocess.py:97} INFO - Command exited with return code 1
[2025-12-02T16:38:33.215+0000] {taskinstance.py:1937} ERROR - Task failed with exception
Traceback (most recent call last):
  File "/home/airflow/.local/lib/python3.8/site-packages/airflow/operators/bash.py", line 210, in execute
    raise AirflowException(
airflow.exceptions.AirflowException: Bash command failed. The command returned a non-zero exit code 1.
[2025-12-02T16:38:33.220+0000] {taskinstance.py:1400} INFO - Marking task as FAILED. dag_id=flight_etl, task_id=copy_spark_script, execution_date=20251202T163704, start_date=20251202T163832, end_date=20251202T163833
[2025-12-02T16:38:33.234+0000] {standard_task_runner.py:104} ERROR - Failed to execute job 107 for task copy_spark_script (Bash command failed. The command returned a non-zero exit code 1.; 539)
[2025-12-02T16:38:33.270+0000] {local_task_job_runner.py:228} INFO - Task exited with return code 1
[2025-12-02T16:38:33.299+0000] {taskinstance.py:2778} INFO - 0 downstream tasks scheduled from follow-on schedule check
