[2025-12-11T01:32:31.010+0000] {taskinstance.py:1159} INFO - Dependencies all met for dep_context=non-requeueable deps ti=<TaskInstance: flight_etl.run_machine_learning_prediction manual__2025-12-11T01:30:31.725358+00:00 [queued]>
[2025-12-11T01:32:31.016+0000] {taskinstance.py:1159} INFO - Dependencies all met for dep_context=requeueable deps ti=<TaskInstance: flight_etl.run_machine_learning_prediction manual__2025-12-11T01:30:31.725358+00:00 [queued]>
[2025-12-11T01:32:31.017+0000] {taskinstance.py:1361} INFO - Starting attempt 1 of 1
[2025-12-11T01:32:31.027+0000] {taskinstance.py:1382} INFO - Executing <Task(BashOperator): run_machine_learning_prediction> on 2025-12-11 01:30:31.725358+00:00
[2025-12-11T01:32:31.032+0000] {standard_task_runner.py:57} INFO - Started process 1499 to run task
[2025-12-11T01:32:31.034+0000] {standard_task_runner.py:84} INFO - Running: ['***', 'tasks', 'run', 'flight_etl', 'run_machine_learning_prediction', 'manual__2025-12-11T01:30:31.725358+00:00', '--job-id', '224', '--raw', '--subdir', 'DAGS_FOLDER/etl-dag.py', '--cfg-path', '/tmp/tmpi6q3_381']
[2025-12-11T01:32:31.037+0000] {standard_task_runner.py:85} INFO - Job 224: Subtask run_machine_learning_prediction
[2025-12-11T01:32:31.070+0000] {task_command.py:416} INFO - Running <TaskInstance: flight_etl.run_machine_learning_prediction manual__2025-12-11T01:30:31.725358+00:00 [running]> on host 8115e33213ed
[2025-12-11T01:32:31.127+0000] {taskinstance.py:1662} INFO - Exporting env vars: AIRFLOW_CTX_DAG_OWNER='***' AIRFLOW_CTX_DAG_ID='flight_etl' AIRFLOW_CTX_TASK_ID='run_machine_learning_prediction' AIRFLOW_CTX_EXECUTION_DATE='2025-12-11T01:30:31.725358+00:00' AIRFLOW_CTX_TRY_NUMBER='1' AIRFLOW_CTX_DAG_RUN_ID='manual__2025-12-11T01:30:31.725358+00:00'
[2025-12-11T01:32:31.128+0000] {subprocess.py:63} INFO - Tmp dir root location: /tmp
[2025-12-11T01:32:31.129+0000] {subprocess.py:75} INFO - Running command: ['/bin/bash', '-c', '\n        cd /opt/***/etl_scripts &&         python ml_job.py\n    ']
[2025-12-11T01:32:31.139+0000] {subprocess.py:86} INFO - Output:
[2025-12-11T01:32:31.524+0000] {subprocess.py:93} INFO - Traceback (most recent call last):
[2025-12-11T01:32:31.524+0000] {subprocess.py:93} INFO -   File "ml_job.py", line 56, in <module>
[2025-12-11T01:32:31.524+0000] {subprocess.py:93} INFO -     if _name_ == "_main_":
[2025-12-11T01:32:31.524+0000] {subprocess.py:93} INFO - NameError: name '_name_' is not defined
[2025-12-11T01:32:31.575+0000] {subprocess.py:97} INFO - Command exited with return code 1
[2025-12-11T01:32:31.583+0000] {taskinstance.py:1937} ERROR - Task failed with exception
Traceback (most recent call last):
  File "/home/airflow/.local/lib/python3.8/site-packages/airflow/operators/bash.py", line 210, in execute
    raise AirflowException(
airflow.exceptions.AirflowException: Bash command failed. The command returned a non-zero exit code 1.
[2025-12-11T01:32:31.588+0000] {taskinstance.py:1400} INFO - Marking task as FAILED. dag_id=flight_etl, task_id=run_machine_learning_prediction, execution_date=20251211T013031, start_date=20251211T013231, end_date=20251211T013231
[2025-12-11T01:32:31.597+0000] {standard_task_runner.py:104} ERROR - Failed to execute job 224 for task run_machine_learning_prediction (Bash command failed. The command returned a non-zero exit code 1.; 1499)
[2025-12-11T01:32:31.607+0000] {local_task_job_runner.py:228} INFO - Task exited with return code 1
[2025-12-11T01:32:31.637+0000] {taskinstance.py:2778} INFO - 0 downstream tasks scheduled from follow-on schedule check
