[2025-11-29T17:53:28.073+0000] {taskinstance.py:1159} INFO - Dependencies all met for dep_context=non-requeueable deps ti=<TaskInstance: flight_etl.python_etl_pipeline manual__2025-11-29T17:44:10.056911+00:00 [queued]>
[2025-11-29T17:53:28.079+0000] {taskinstance.py:1159} INFO - Dependencies all met for dep_context=requeueable deps ti=<TaskInstance: flight_etl.python_etl_pipeline manual__2025-11-29T17:44:10.056911+00:00 [queued]>
[2025-11-29T17:53:28.079+0000] {taskinstance.py:1361} INFO - Starting attempt 2 of 1
[2025-11-29T17:53:28.087+0000] {taskinstance.py:1382} INFO - Executing <Task(BashOperator): python_etl_pipeline> on 2025-11-29 17:44:10.056911+00:00
[2025-11-29T17:53:28.090+0000] {standard_task_runner.py:57} INFO - Started process 316 to run task
[2025-11-29T17:53:28.092+0000] {standard_task_runner.py:84} INFO - Running: ['***', 'tasks', 'run', 'flight_etl', 'python_etl_pipeline', 'manual__2025-11-29T17:44:10.056911+00:00', '--job-id', '97', '--raw', '--subdir', 'DAGS_FOLDER/etl-dag.py', '--cfg-path', '/tmp/tmpa71uyk3g']
[2025-11-29T17:53:28.093+0000] {standard_task_runner.py:85} INFO - Job 97: Subtask python_etl_pipeline
[2025-11-29T17:53:28.127+0000] {task_command.py:416} INFO - Running <TaskInstance: flight_etl.python_etl_pipeline manual__2025-11-29T17:44:10.056911+00:00 [running]> on host b1192ff162bb
[2025-11-29T17:53:28.292+0000] {taskinstance.py:1662} INFO - Exporting env vars: AIRFLOW_CTX_DAG_OWNER='***' AIRFLOW_CTX_DAG_ID='flight_etl' AIRFLOW_CTX_TASK_ID='python_etl_pipeline' AIRFLOW_CTX_EXECUTION_DATE='2025-11-29T17:44:10.056911+00:00' AIRFLOW_CTX_TRY_NUMBER='2' AIRFLOW_CTX_DAG_RUN_ID='manual__2025-11-29T17:44:10.056911+00:00'
[2025-11-29T17:53:28.294+0000] {subprocess.py:63} INFO - Tmp dir root location: /tmp
[2025-11-29T17:53:28.294+0000] {subprocess.py:75} INFO - Running command: ['/bin/bash', '-c', '\n            echo "Starting ETL pipeline execution..." &&             cd /opt/***/etl_scripts &&             echo "Current directory is: $(pwd)" &&             echo "Installing requirements..." &&             /usr/local/bin/pip install -r requirements.txt &&             echo "Starting main.py script..." &&             python main.py\n        ']
[2025-11-29T17:53:28.308+0000] {subprocess.py:86} INFO - Output:
[2025-11-29T17:53:28.313+0000] {subprocess.py:93} INFO - Starting ETL pipeline execution...
[2025-11-29T17:53:28.314+0000] {subprocess.py:93} INFO - Current directory is: /opt/***/etl_scripts
[2025-11-29T17:53:28.314+0000] {subprocess.py:93} INFO - Installing requirements...
[2025-11-29T17:53:28.834+0000] {subprocess.py:93} INFO - Requirement already satisfied: certifi==2025.8.3 in /usr/local/lib/python3.8/site-packages (from -r requirements.txt (line 1)) (2025.8.3)
[2025-11-29T17:53:28.835+0000] {subprocess.py:93} INFO - Requirement already satisfied: charset-normalizer==3.4.3 in /usr/local/lib/python3.8/site-packages (from -r requirements.txt (line 2)) (3.4.3)
[2025-11-29T17:53:28.836+0000] {subprocess.py:93} INFO - Requirement already satisfied: Faker==35.2.2 in /usr/local/lib/python3.8/site-packages (from -r requirements.txt (line 3)) (35.2.2)
[2025-11-29T17:53:28.836+0000] {subprocess.py:93} INFO - Requirement already satisfied: greenlet==2.0.2 in /usr/local/lib/python3.8/site-packages (from -r requirements.txt (line 4)) (2.0.2)
[2025-11-29T17:53:28.837+0000] {subprocess.py:93} INFO - Requirement already satisfied: idna==3.10 in /usr/local/lib/python3.8/site-packages (from -r requirements.txt (line 5)) (3.10)
[2025-11-29T17:53:28.837+0000] {subprocess.py:93} INFO - Requirement already satisfied: kagglehub==0.2.9 in /usr/local/lib/python3.8/site-packages (from -r requirements.txt (line 6)) (0.2.9)
[2025-11-29T17:53:28.838+0000] {subprocess.py:93} INFO - Requirement already satisfied: numpy==1.24.4 in /home/***/.local/lib/python3.8/site-packages (from -r requirements.txt (line 7)) (1.24.4)
[2025-11-29T17:53:28.838+0000] {subprocess.py:93} INFO - Requirement already satisfied: packaging==25.0 in /usr/local/lib/python3.8/site-packages (from -r requirements.txt (line 8)) (25.0)
[2025-11-29T17:53:28.838+0000] {subprocess.py:93} INFO - Requirement already satisfied: pandas==1.5.3 in /usr/local/lib/python3.8/site-packages (from -r requirements.txt (line 9)) (1.5.3)
[2025-11-29T17:53:28.839+0000] {subprocess.py:93} INFO - Requirement already satisfied: psycopg2-binary==2.9.10 in /usr/local/lib/python3.8/site-packages (from -r requirements.txt (line 10)) (2.9.10)
[2025-11-29T17:53:28.839+0000] {subprocess.py:93} INFO - Requirement already satisfied: python-dateutil==2.9.0.post0 in /usr/local/lib/python3.8/site-packages (from -r requirements.txt (line 11)) (2.9.0.post0)
[2025-11-29T17:53:28.840+0000] {subprocess.py:93} INFO - Requirement already satisfied: pytz==2025.2 in /usr/local/lib/python3.8/site-packages (from -r requirements.txt (line 12)) (2025.2)
[2025-11-29T17:53:28.840+0000] {subprocess.py:93} INFO - Requirement already satisfied: PyYAML==6.0.2 in /usr/local/lib/python3.8/site-packages (from -r requirements.txt (line 13)) (6.0.2)
[2025-11-29T17:53:28.840+0000] {subprocess.py:93} INFO - Requirement already satisfied: requests==2.32.4 in /usr/local/lib/python3.8/site-packages (from -r requirements.txt (line 14)) (2.32.4)
[2025-11-29T17:53:28.841+0000] {subprocess.py:93} INFO - Requirement already satisfied: six==1.17.0 in /usr/local/lib/python3.8/site-packages (from -r requirements.txt (line 15)) (1.17.0)
[2025-11-29T17:53:28.841+0000] {subprocess.py:93} INFO - Requirement already satisfied: SQLAlchemy==2.0.43 in /usr/local/lib/python3.8/site-packages (from -r requirements.txt (line 16)) (2.0.43)
[2025-11-29T17:53:28.842+0000] {subprocess.py:93} INFO - Requirement already satisfied: tqdm==4.67.1 in /usr/local/lib/python3.8/site-packages (from -r requirements.txt (line 17)) (4.67.1)
[2025-11-29T17:53:28.842+0000] {subprocess.py:93} INFO - Requirement already satisfied: typing_extensions==4.13.2 in /usr/local/lib/python3.8/site-packages (from -r requirements.txt (line 18)) (4.13.2)
[2025-11-29T17:53:28.842+0000] {subprocess.py:93} INFO - Requirement already satisfied: tzdata==2025.2 in /usr/local/lib/python3.8/site-packages (from -r requirements.txt (line 19)) (2025.2)
[2025-11-29T17:53:28.843+0000] {subprocess.py:93} INFO - Requirement already satisfied: urllib3==2.2.3 in /usr/local/lib/python3.8/site-packages (from -r requirements.txt (line 20)) (2.2.3)
[2025-11-29T17:53:31.816+0000] {subprocess.py:93} INFO - WARNING: Running pip as the 'root' user can result in broken permissions and conflicting behaviour with the system package manager. It is recommended to use a virtual environment instead: https://pip.pypa.io/warnings/venv
[2025-11-29T17:53:31.820+0000] {subprocess.py:93} INFO - 
[2025-11-29T17:53:31.820+0000] {subprocess.py:93} INFO - [notice] A new release of pip is available: 23.0.1 -> 25.0.1
[2025-11-29T17:53:31.820+0000] {subprocess.py:93} INFO - [notice] To update, run: pip3 install --upgrade pip
[2025-11-29T17:53:31.902+0000] {subprocess.py:93} INFO - Starting main.py script...
[2025-11-29T18:06:08.856+0000] {subprocess.py:93} INFO - All tables truncated successfully
[2025-11-29T18:06:08.857+0000] {subprocess.py:93} INFO - Warning: Looks like you're using an outdated `kagglehub` version, please consider updating (latest version: 0.3.13)
