[2025-11-29T12:37:46.463+0000] {taskinstance.py:1159} INFO - Dependencies all met for dep_context=non-requeueable deps ti=<TaskInstance: flight_etl.talend_etl_pipeline manual__2025-11-29T12:37:44.278540+00:00 [queued]>
[2025-11-29T12:37:46.469+0000] {taskinstance.py:1159} INFO - Dependencies all met for dep_context=requeueable deps ti=<TaskInstance: flight_etl.talend_etl_pipeline manual__2025-11-29T12:37:44.278540+00:00 [queued]>
[2025-11-29T12:37:46.469+0000] {taskinstance.py:1361} INFO - Starting attempt 1 of 1
[2025-11-29T12:37:46.480+0000] {taskinstance.py:1382} INFO - Executing <Task(PythonOperator): talend_etl_pipeline> on 2025-11-29 12:37:44.278540+00:00
[2025-11-29T12:37:46.492+0000] {standard_task_runner.py:57} INFO - Started process 244 to run task
[2025-11-29T12:37:46.496+0000] {standard_task_runner.py:84} INFO - Running: ['***', 'tasks', 'run', 'flight_etl', 'talend_etl_pipeline', 'manual__2025-11-29T12:37:44.278540+00:00', '--job-id', '24', '--raw', '--subdir', 'DAGS_FOLDER/etl-dag.py', '--cfg-path', '/tmp/tmpct6fqajc']
[2025-11-29T12:37:46.498+0000] {standard_task_runner.py:85} INFO - Job 24: Subtask talend_etl_pipeline
[2025-11-29T12:37:46.702+0000] {task_command.py:416} INFO - Running <TaskInstance: flight_etl.talend_etl_pipeline manual__2025-11-29T12:37:44.278540+00:00 [running]> on host f15c5890988a
[2025-11-29T12:37:46.786+0000] {taskinstance.py:1662} INFO - Exporting env vars: AIRFLOW_CTX_DAG_OWNER='***' AIRFLOW_CTX_DAG_ID='flight_etl' AIRFLOW_CTX_TASK_ID='talend_etl_pipeline' AIRFLOW_CTX_EXECUTION_DATE='2025-11-29T12:37:44.278540+00:00' AIRFLOW_CTX_TRY_NUMBER='1' AIRFLOW_CTX_DAG_RUN_ID='manual__2025-11-29T12:37:44.278540+00:00'
[2025-11-29T12:37:46.804+0000] {taskinstance.py:1937} ERROR - Task failed with exception
Traceback (most recent call last):
  File "/home/airflow/.local/lib/python3.8/site-packages/airflow/operators/python.py", line 192, in execute
    return_value = self.execute_callable()
  File "/home/airflow/.local/lib/python3.8/site-packages/airflow/operators/python.py", line 209, in execute_callable
    return self.python_callable(*self.op_args, **self.op_kwargs)
  File "/opt/airflow/dags/etl-dag.py", line 38, in run_talend_job
    raise Exception(f"Talend job failed: {result.stderr}")
Exception: Talend job failed: /bin/bash: line 1: cd: /opt/***/talend_jobs/parent_job: No such file or directory

[2025-11-29T12:37:46.816+0000] {taskinstance.py:1400} INFO - Marking task as FAILED. dag_id=flight_etl, task_id=talend_etl_pipeline, execution_date=20251129T123744, start_date=20251129T123746, end_date=20251129T123746
[2025-11-29T12:37:46.841+0000] {standard_task_runner.py:104} ERROR - Failed to execute job 24 for task talend_etl_pipeline (Talend job failed: /bin/bash: line 1: cd: /opt/***/talend_jobs/parent_job: No such file or directory
; 244)
[2025-11-29T12:37:46.868+0000] {local_task_job_runner.py:228} INFO - Task exited with return code 1
[2025-11-29T12:37:46.905+0000] {taskinstance.py:2778} INFO - 0 downstream tasks scheduled from follow-on schedule check
