[2025-12-02T16:35:24.319+0000] {taskinstance.py:1159} INFO - Dependencies all met for dep_context=non-requeueable deps ti=<TaskInstance: flight_etl.call_bronze_procedure manual__2025-12-02T16:35:22.084115+00:00 [queued]>
[2025-12-02T16:35:24.324+0000] {taskinstance.py:1159} INFO - Dependencies all met for dep_context=requeueable deps ti=<TaskInstance: flight_etl.call_bronze_procedure manual__2025-12-02T16:35:22.084115+00:00 [queued]>
[2025-12-02T16:35:24.324+0000] {taskinstance.py:1361} INFO - Starting attempt 1 of 1
[2025-12-02T16:35:24.366+0000] {taskinstance.py:1382} INFO - Executing <Task(PythonOperator): call_bronze_procedure> on 2025-12-02 16:35:22.084115+00:00
[2025-12-02T16:35:24.374+0000] {standard_task_runner.py:57} INFO - Started process 240 to run task
[2025-12-02T16:35:24.379+0000] {standard_task_runner.py:84} INFO - Running: ['***', 'tasks', 'run', 'flight_etl', 'call_bronze_procedure', 'manual__2025-12-02T16:35:22.084115+00:00', '--job-id', '93', '--raw', '--subdir', 'DAGS_FOLDER/etl-dag.py', '--cfg-path', '/tmp/tmph2jfsjhe']
[2025-12-02T16:35:24.382+0000] {standard_task_runner.py:85} INFO - Job 93: Subtask call_bronze_procedure
[2025-12-02T16:35:24.469+0000] {task_command.py:416} INFO - Running <TaskInstance: flight_etl.call_bronze_procedure manual__2025-12-02T16:35:22.084115+00:00 [running]> on host 5bf2ff338570
[2025-12-02T16:35:24.605+0000] {taskinstance.py:1662} INFO - Exporting env vars: AIRFLOW_CTX_DAG_OWNER='***' AIRFLOW_CTX_DAG_ID='flight_etl' AIRFLOW_CTX_TASK_ID='call_bronze_procedure' AIRFLOW_CTX_EXECUTION_DATE='2025-12-02T16:35:22.084115+00:00' AIRFLOW_CTX_TRY_NUMBER='1' AIRFLOW_CTX_DAG_RUN_ID='manual__2025-12-02T16:35:22.084115+00:00'
[2025-12-02T16:35:24.608+0000] {crypto.py:82} WARNING - empty cryptography key - values will not be stored encrypted.
[2025-12-02T16:35:24.608+0000] {base.py:73} INFO - Using connection ID 'depi_db' for task execution.
[2025-12-02T16:35:24.613+0000] {logging_mixin.py:154} INFO - Starting bronze procedure execution...
[2025-12-02T16:35:25.690+0000] {logging_mixin.py:154} INFO - Procedure bronze failed: deadlock detected
DETAIL:  Process 230 waits for AccessExclusiveLock on relation 18643 of database 16384; blocked by process 163.
Process 163 waits for RowExclusiveLock on relation 18670 of database 16384; blocked by process 230.
HINT:  See server log for query details.
CONTEXT:  SQL function "bronze_layer" statement 5
[2025-12-02T16:35:25.690+0000] {taskinstance.py:1937} ERROR - Task failed with exception
Traceback (most recent call last):
  File "/home/airflow/.local/lib/python3.8/site-packages/airflow/operators/python.py", line 192, in execute
    return_value = self.execute_callable()
  File "/home/airflow/.local/lib/python3.8/site-packages/airflow/operators/python.py", line 209, in execute_callable
    return self.python_callable(*self.op_args, **self.op_kwargs)
  File "/opt/airflow/dags/etl-dag.py", line 17, in call_procedure
    cursor.execute(f"CALL {procedure_name}_layer();")
psycopg2.errors.DeadlockDetected: deadlock detected
DETAIL:  Process 230 waits for AccessExclusiveLock on relation 18643 of database 16384; blocked by process 163.
Process 163 waits for RowExclusiveLock on relation 18670 of database 16384; blocked by process 230.
HINT:  See server log for query details.
CONTEXT:  SQL function "bronze_layer" statement 5

[2025-12-02T16:35:25.706+0000] {taskinstance.py:1400} INFO - Marking task as FAILED. dag_id=flight_etl, task_id=call_bronze_procedure, execution_date=20251202T163522, start_date=20251202T163524, end_date=20251202T163525
[2025-12-02T16:35:25.784+0000] {standard_task_runner.py:104} ERROR - Failed to execute job 93 for task call_bronze_procedure (deadlock detected
DETAIL:  Process 230 waits for AccessExclusiveLock on relation 18643 of database 16384; blocked by process 163.
Process 163 waits for RowExclusiveLock on relation 18670 of database 16384; blocked by process 230.
HINT:  See server log for query details.
CONTEXT:  SQL function "bronze_layer" statement 5
; 240)
[2025-12-02T16:35:25.793+0000] {local_task_job_runner.py:228} INFO - Task exited with return code 1
[2025-12-02T16:35:25.821+0000] {taskinstance.py:2778} INFO - 0 downstream tasks scheduled from follow-on schedule check
