[2025-12-02T16:52:23.074+0000] {taskinstance.py:1159} INFO - Dependencies all met for dep_context=non-requeueable deps ti=<TaskInstance: flight_etl.debug_check_spark_files manual__2025-12-02T16:47:35.243762+00:00 [queued]>
[2025-12-02T16:52:23.079+0000] {taskinstance.py:1159} INFO - Dependencies all met for dep_context=requeueable deps ti=<TaskInstance: flight_etl.debug_check_spark_files manual__2025-12-02T16:47:35.243762+00:00 [queued]>
[2025-12-02T16:52:23.079+0000] {taskinstance.py:1361} INFO - Starting attempt 1 of 1
[2025-12-02T16:52:23.088+0000] {taskinstance.py:1382} INFO - Executing <Task(BashOperator): debug_check_spark_files> on 2025-12-02 16:47:35.243762+00:00
[2025-12-02T16:52:23.092+0000] {standard_task_runner.py:57} INFO - Started process 332 to run task
[2025-12-02T16:52:23.095+0000] {standard_task_runner.py:84} INFO - Running: ['***', 'tasks', 'run', 'flight_etl', 'debug_check_spark_files', 'manual__2025-12-02T16:47:35.243762+00:00', '--job-id', '125', '--raw', '--subdir', 'DAGS_FOLDER/etl-dag.py', '--cfg-path', '/tmp/tmpm8kzv2fb']
[2025-12-02T16:52:23.097+0000] {standard_task_runner.py:85} INFO - Job 125: Subtask debug_check_spark_files
[2025-12-02T16:52:23.132+0000] {task_command.py:416} INFO - Running <TaskInstance: flight_etl.debug_check_spark_files manual__2025-12-02T16:47:35.243762+00:00 [running]> on host aee8163c4710
[2025-12-02T16:52:23.178+0000] {taskinstance.py:1662} INFO - Exporting env vars: AIRFLOW_CTX_DAG_OWNER='***' AIRFLOW_CTX_DAG_ID='flight_etl' AIRFLOW_CTX_TASK_ID='debug_check_spark_files' AIRFLOW_CTX_EXECUTION_DATE='2025-12-02T16:47:35.243762+00:00' AIRFLOW_CTX_TRY_NUMBER='1' AIRFLOW_CTX_DAG_RUN_ID='manual__2025-12-02T16:47:35.243762+00:00'
[2025-12-02T16:52:23.179+0000] {subprocess.py:63} INFO - Tmp dir root location: /tmp
[2025-12-02T16:52:23.180+0000] {subprocess.py:75} INFO - Running command: ['/bin/bash', '-c', '\n            SPARK_MASTER="spark-master"\n            DEST_DIR="/tmp/spark_drivers/"\n            \n            echo "--- Checking files on ${SPARK_MASTER}:${DEST_DIR} ---"\n            \n            # Use docker exec to run ls inside the Spark Master container\n            docker exec ${SPARK_MASTER} ls -l ${DEST_DIR}\n            \n            echo "--- Debug check complete ---"\n            \n            # If the ls command fails or files are missing, this task will still succeed \n            # unless we force a failure, but the logs will tell us everything we need.\n        ']
[2025-12-02T16:52:23.190+0000] {subprocess.py:86} INFO - Output:
[2025-12-02T16:52:23.192+0000] {subprocess.py:93} INFO - --- Checking files on spark-master:/tmp/spark_drivers/ ---
[2025-12-02T16:52:23.247+0000] {subprocess.py:93} INFO - total 4
[2025-12-02T16:52:23.247+0000] {subprocess.py:93} INFO - -rw-r--r-- 1 1000 1000 3046 Dec  2 16:28 batch.py
[2025-12-02T16:52:23.248+0000] {subprocess.py:93} INFO - --- Debug check complete ---
[2025-12-02T16:52:23.248+0000] {subprocess.py:97} INFO - Command exited with return code 0
[2025-12-02T16:52:23.267+0000] {taskinstance.py:1400} INFO - Marking task as SUCCESS. dag_id=flight_etl, task_id=debug_check_spark_files, execution_date=20251202T164735, start_date=20251202T165223, end_date=20251202T165223
[2025-12-02T16:52:23.306+0000] {local_task_job_runner.py:228} INFO - Task exited with return code 0
[2025-12-02T16:52:23.322+0000] {taskinstance.py:2778} INFO - 1 downstream tasks scheduled from follow-on schedule check
