[2025-11-29T13:27:55.206+0000] {taskinstance.py:1159} INFO - Dependencies all met for dep_context=non-requeueable deps ti=<TaskInstance: flight_etl.call_bronze_procedure manual__2025-11-29T13:27:50.992981+00:00 [queued]>
[2025-11-29T13:27:55.210+0000] {taskinstance.py:1159} INFO - Dependencies all met for dep_context=requeueable deps ti=<TaskInstance: flight_etl.call_bronze_procedure manual__2025-11-29T13:27:50.992981+00:00 [queued]>
[2025-11-29T13:27:55.211+0000] {taskinstance.py:1361} INFO - Starting attempt 1 of 1
[2025-11-29T13:27:55.219+0000] {taskinstance.py:1382} INFO - Executing <Task(PythonOperator): call_bronze_procedure> on 2025-11-29 13:27:50.992981+00:00
[2025-11-29T13:27:55.224+0000] {standard_task_runner.py:57} INFO - Started process 195 to run task
[2025-11-29T13:27:55.227+0000] {standard_task_runner.py:84} INFO - Running: ['***', 'tasks', 'run', 'flight_etl', 'call_bronze_procedure', 'manual__2025-11-29T13:27:50.992981+00:00', '--job-id', '7', '--raw', '--subdir', 'DAGS_FOLDER/etl-dag.py', '--cfg-path', '/tmp/tmpr3cmrn9l']
[2025-11-29T13:27:55.231+0000] {standard_task_runner.py:85} INFO - Job 7: Subtask call_bronze_procedure
[2025-11-29T13:27:55.266+0000] {task_command.py:416} INFO - Running <TaskInstance: flight_etl.call_bronze_procedure manual__2025-11-29T13:27:50.992981+00:00 [running]> on host 5c8e1088e7e2
[2025-11-29T13:27:55.353+0000] {taskinstance.py:1662} INFO - Exporting env vars: AIRFLOW_CTX_DAG_OWNER='***' AIRFLOW_CTX_DAG_ID='flight_etl' AIRFLOW_CTX_TASK_ID='call_bronze_procedure' AIRFLOW_CTX_EXECUTION_DATE='2025-11-29T13:27:50.992981+00:00' AIRFLOW_CTX_TRY_NUMBER='1' AIRFLOW_CTX_DAG_RUN_ID='manual__2025-11-29T13:27:50.992981+00:00'
[2025-11-29T13:27:55.361+0000] {base.py:73} INFO - Using connection ID 'depi_db' for task execution.
[2025-11-29T13:28:05.493+0000] {taskinstance.py:1937} ERROR - Task failed with exception
Traceback (most recent call last):
  File "/home/airflow/.local/lib/python3.8/site-packages/airflow/operators/python.py", line 192, in execute
    return_value = self.execute_callable()
  File "/home/airflow/.local/lib/python3.8/site-packages/airflow/operators/python.py", line 209, in execute_callable
    return self.python_callable(*self.op_args, **self.op_kwargs)
  File "/opt/airflow/dags/etl-dag.py", line 12, in call_procedure
    conn = hook.get_conn()
  File "/home/airflow/.local/lib/python3.8/site-packages/airflow/providers/postgres/hooks/postgres.py", line 155, in get_conn
    self.conn = psycopg2.connect(**conn_args)
  File "/home/airflow/.local/lib/python3.8/site-packages/psycopg2/__init__.py", line 122, in connect
    conn = _connect(dsn, connection_factory=connection_factory, **kwasync)
psycopg2.OperationalError: could not translate host name "dwh-***s" to address: Name or service not known

[2025-11-29T13:28:05.514+0000] {taskinstance.py:1400} INFO - Marking task as FAILED. dag_id=flight_etl, task_id=call_bronze_procedure, execution_date=20251129T132750, start_date=20251129T132755, end_date=20251129T132805
[2025-11-29T13:28:05.522+0000] {standard_task_runner.py:104} ERROR - Failed to execute job 7 for task call_bronze_procedure (could not translate host name "dwh-***s" to address: Name or service not known
; 195)
[2025-11-29T13:28:05.529+0000] {local_task_job_runner.py:228} INFO - Task exited with return code 1
[2025-11-29T13:28:05.542+0000] {taskinstance.py:2778} INFO - 0 downstream tasks scheduled from follow-on schedule check
