[2025-11-29T15:17:06.166+0000] {taskinstance.py:1159} INFO - Dependencies all met for dep_context=non-requeueable deps ti=<TaskInstance: flight_etl.call_bronze_procedure manual__2025-11-29T15:17:00.168833+00:00 [queued]>
[2025-11-29T15:17:06.174+0000] {taskinstance.py:1159} INFO - Dependencies all met for dep_context=requeueable deps ti=<TaskInstance: flight_etl.call_bronze_procedure manual__2025-11-29T15:17:00.168833+00:00 [queued]>
[2025-11-29T15:17:06.174+0000] {taskinstance.py:1361} INFO - Starting attempt 1 of 1
[2025-11-29T15:17:06.289+0000] {taskinstance.py:1382} INFO - Executing <Task(PythonOperator): call_bronze_procedure> on 2025-11-29 15:17:00.168833+00:00
[2025-11-29T15:17:06.298+0000] {standard_task_runner.py:57} INFO - Started process 105 to run task
[2025-11-29T15:17:06.303+0000] {standard_task_runner.py:84} INFO - Running: ['***', 'tasks', 'run', 'flight_etl', 'call_bronze_procedure', 'manual__2025-11-29T15:17:00.168833+00:00', '--job-id', '5', '--raw', '--subdir', 'DAGS_FOLDER/etl-dag.py', '--cfg-path', '/tmp/tmp4vveb6am']
[2025-11-29T15:17:06.307+0000] {standard_task_runner.py:85} INFO - Job 5: Subtask call_bronze_procedure
[2025-11-29T15:17:06.460+0000] {task_command.py:416} INFO - Running <TaskInstance: flight_etl.call_bronze_procedure manual__2025-11-29T15:17:00.168833+00:00 [running]> on host b1c2b52c2d18
[2025-11-29T15:17:06.572+0000] {taskinstance.py:1662} INFO - Exporting env vars: AIRFLOW_CTX_DAG_OWNER='***' AIRFLOW_CTX_DAG_ID='flight_etl' AIRFLOW_CTX_TASK_ID='call_bronze_procedure' AIRFLOW_CTX_EXECUTION_DATE='2025-11-29T15:17:00.168833+00:00' AIRFLOW_CTX_TRY_NUMBER='1' AIRFLOW_CTX_DAG_RUN_ID='manual__2025-11-29T15:17:00.168833+00:00'
[2025-11-29T15:17:06.574+0000] {crypto.py:82} WARNING - empty cryptography key - values will not be stored encrypted.
[2025-11-29T15:17:06.574+0000] {base.py:73} INFO - Using connection ID 'depi_db' for task execution.
[2025-11-29T15:19:20.499+0000] {taskinstance.py:1937} ERROR - Task failed with exception
Traceback (most recent call last):
  File "/home/airflow/.local/lib/python3.8/site-packages/airflow/operators/python.py", line 192, in execute
    return_value = self.execute_callable()
  File "/home/airflow/.local/lib/python3.8/site-packages/airflow/operators/python.py", line 209, in execute_callable
    return self.python_callable(*self.op_args, **self.op_kwargs)
  File "/opt/airflow/dags/etl-dag.py", line 12, in call_procedure
    conn = hook.get_conn()
  File "/home/airflow/.local/lib/python3.8/site-packages/airflow/providers/postgres/hooks/postgres.py", line 155, in get_conn
    self.conn = psycopg2.connect(**conn_args)
  File "/home/airflow/.local/lib/python3.8/site-packages/psycopg2/__init__.py", line 122, in connect
    conn = _connect(dsn, connection_factory=connection_factory, **kwasync)
psycopg2.OperationalError: connection to server at "dwh-***" (172.19.0.5), port 5432 failed: Connection timed out
	Is the server running on that host and accepting TCP/IP connections?

[2025-11-29T15:19:20.512+0000] {taskinstance.py:1400} INFO - Marking task as FAILED. dag_id=flight_etl, task_id=call_bronze_procedure, execution_date=20251129T151700, start_date=20251129T151706, end_date=20251129T151920
[2025-11-29T15:19:20.523+0000] {standard_task_runner.py:104} ERROR - Failed to execute job 5 for task call_bronze_procedure (connection to server at "dwh-***" (172.19.0.5), port 5432 failed: Connection timed out
	Is the server running on that host and accepting TCP/IP connections?
; 105)
[2025-11-29T15:19:20.546+0000] {local_task_job_runner.py:228} INFO - Task exited with return code 1
[2025-11-29T15:19:20.561+0000] {taskinstance.py:2778} INFO - 0 downstream tasks scheduled from follow-on schedule check
