[2025-11-29T12:35:21.013+0000] {taskinstance.py:1159} INFO - Dependencies all met for dep_context=non-requeueable deps ti=<TaskInstance: flight_etl.spark_batch_processor scheduled__2025-11-28T00:00:00+00:00 [queued]>
[2025-11-29T12:35:21.023+0000] {taskinstance.py:1159} INFO - Dependencies all met for dep_context=requeueable deps ti=<TaskInstance: flight_etl.spark_batch_processor scheduled__2025-11-28T00:00:00+00:00 [queued]>
[2025-11-29T12:35:21.023+0000] {taskinstance.py:1361} INFO - Starting attempt 1 of 1
[2025-11-29T12:35:21.072+0000] {taskinstance.py:1382} INFO - Executing <Task(BashOperator): spark_batch_processor> on 2025-11-28 00:00:00+00:00
[2025-11-29T12:35:21.095+0000] {standard_task_runner.py:57} INFO - Started process 111 to run task
[2025-11-29T12:35:21.105+0000] {standard_task_runner.py:84} INFO - Running: ['***', 'tasks', 'run', 'flight_etl', 'spark_batch_processor', 'scheduled__2025-11-28T00:00:00+00:00', '--job-id', '16', '--raw', '--subdir', 'DAGS_FOLDER/etl-dag.py', '--cfg-path', '/tmp/tmp55sz7330']
[2025-11-29T12:35:21.114+0000] {standard_task_runner.py:85} INFO - Job 16: Subtask spark_batch_processor
[2025-11-29T12:35:21.306+0000] {task_command.py:416} INFO - Running <TaskInstance: flight_etl.spark_batch_processor scheduled__2025-11-28T00:00:00+00:00 [running]> on host f15c5890988a
[2025-11-29T12:35:21.934+0000] {taskinstance.py:1662} INFO - Exporting env vars: AIRFLOW_CTX_DAG_OWNER='***' AIRFLOW_CTX_DAG_ID='flight_etl' AIRFLOW_CTX_TASK_ID='spark_batch_processor' AIRFLOW_CTX_EXECUTION_DATE='2025-11-28T00:00:00+00:00' AIRFLOW_CTX_TRY_NUMBER='1' AIRFLOW_CTX_DAG_RUN_ID='scheduled__2025-11-28T00:00:00+00:00'
[2025-11-29T12:35:21.943+0000] {subprocess.py:63} INFO - Tmp dir root location: /tmp
[2025-11-29T12:35:21.945+0000] {subprocess.py:75} INFO - Running command: ['/bin/bash', '-c', '\n            docker exec -it spark-master /spark/bin/spark-submit \\\n                --master spark://spark-master:7077 \\\n                --jars /tmp/spark_drivers/postgresql-42.7.7.jar \\\n                /opt/create_tables.py\n        ']
[2025-11-29T12:35:21.997+0000] {subprocess.py:86} INFO - Output:
[2025-11-29T12:35:26.435+0000] {subprocess.py:93} INFO - the input device is not a TTY
[2025-11-29T12:35:27.278+0000] {subprocess.py:97} INFO - Command exited with return code 1
[2025-11-29T12:35:28.719+0000] {taskinstance.py:1937} ERROR - Task failed with exception
Traceback (most recent call last):
  File "/home/airflow/.local/lib/python3.8/site-packages/airflow/operators/bash.py", line 210, in execute
    raise AirflowException(
airflow.exceptions.AirflowException: Bash command failed. The command returned a non-zero exit code 1.
[2025-11-29T12:35:29.157+0000] {taskinstance.py:1400} INFO - Marking task as FAILED. dag_id=flight_etl, task_id=spark_batch_processor, execution_date=20251128T000000, start_date=20251129T123521, end_date=20251129T123529
[2025-11-29T12:35:43.441+0000] {standard_task_runner.py:104} ERROR - Failed to execute job 16 for task spark_batch_processor (Bash command failed. The command returned a non-zero exit code 1.; 111)
[2025-11-29T12:35:43.778+0000] {local_task_job_runner.py:228} INFO - Task exited with return code 1
[2025-11-29T12:35:43.919+0000] {taskinstance.py:2778} INFO - 0 downstream tasks scheduled from follow-on schedule check
