[2025-11-29T12:35:21.005+0000] {taskinstance.py:1159} INFO - Dependencies all met for dep_context=non-requeueable deps ti=<TaskInstance: flight_etl.python_etl_pipeline scheduled__2025-11-28T00:00:00+00:00 [queued]>
[2025-11-29T12:35:21.014+0000] {taskinstance.py:1159} INFO - Dependencies all met for dep_context=requeueable deps ti=<TaskInstance: flight_etl.python_etl_pipeline scheduled__2025-11-28T00:00:00+00:00 [queued]>
[2025-11-29T12:35:21.015+0000] {taskinstance.py:1361} INFO - Starting attempt 1 of 1
[2025-11-29T12:35:21.074+0000] {taskinstance.py:1382} INFO - Executing <Task(BashOperator): python_etl_pipeline> on 2025-11-28 00:00:00+00:00
[2025-11-29T12:35:21.095+0000] {standard_task_runner.py:57} INFO - Started process 113 to run task
[2025-11-29T12:35:21.110+0000] {standard_task_runner.py:84} INFO - Running: ['***', 'tasks', 'run', 'flight_etl', 'python_etl_pipeline', 'scheduled__2025-11-28T00:00:00+00:00', '--job-id', '12', '--raw', '--subdir', 'DAGS_FOLDER/etl-dag.py', '--cfg-path', '/tmp/tmp4zr_r5a9']
[2025-11-29T12:35:21.117+0000] {standard_task_runner.py:85} INFO - Job 12: Subtask python_etl_pipeline
[2025-11-29T12:35:21.304+0000] {task_command.py:416} INFO - Running <TaskInstance: flight_etl.python_etl_pipeline scheduled__2025-11-28T00:00:00+00:00 [running]> on host f15c5890988a
[2025-11-29T12:35:21.919+0000] {taskinstance.py:1662} INFO - Exporting env vars: AIRFLOW_CTX_DAG_OWNER='***' AIRFLOW_CTX_DAG_ID='flight_etl' AIRFLOW_CTX_TASK_ID='python_etl_pipeline' AIRFLOW_CTX_EXECUTION_DATE='2025-11-28T00:00:00+00:00' AIRFLOW_CTX_TRY_NUMBER='1' AIRFLOW_CTX_DAG_RUN_ID='scheduled__2025-11-28T00:00:00+00:00'
[2025-11-29T12:35:21.929+0000] {subprocess.py:63} INFO - Tmp dir root location: /tmp
[2025-11-29T12:35:21.930+0000] {subprocess.py:75} INFO - Running command: ['/bin/bash', '-c', 'cd /opt/***/etl_scripts && pip install -r requirements.txt && python main.py']
[2025-11-29T12:35:21.998+0000] {subprocess.py:86} INFO - Output:
[2025-11-29T12:35:24.366+0000] {subprocess.py:93} INFO - 
[2025-11-29T12:35:24.367+0000] {subprocess.py:93} INFO - [31mYou are running pip as root. Please use '***' user to run pip![0m
[2025-11-29T12:35:24.497+0000] {subprocess.py:93} INFO - 
[2025-11-29T12:35:24.498+0000] {subprocess.py:93} INFO - [33mSee: https://***.apache.org/docs/docker-stack/build.html#adding-a-new-pypi-package[0m
[2025-11-29T12:35:24.498+0000] {subprocess.py:93} INFO - 
[2025-11-29T12:35:24.498+0000] {subprocess.py:97} INFO - Command exited with return code 1
[2025-11-29T12:35:24.734+0000] {taskinstance.py:1937} ERROR - Task failed with exception
Traceback (most recent call last):
  File "/home/airflow/.local/lib/python3.8/site-packages/airflow/operators/bash.py", line 210, in execute
    raise AirflowException(
airflow.exceptions.AirflowException: Bash command failed. The command returned a non-zero exit code 1.
[2025-11-29T12:35:24.965+0000] {taskinstance.py:1400} INFO - Marking task as FAILED. dag_id=flight_etl, task_id=python_etl_pipeline, execution_date=20251128T000000, start_date=20251129T123521, end_date=20251129T123524
[2025-11-29T12:35:32.674+0000] {standard_task_runner.py:104} ERROR - Failed to execute job 12 for task python_etl_pipeline (Bash command failed. The command returned a non-zero exit code 1.; 113)
[2025-11-29T12:35:33.726+0000] {local_task_job_runner.py:228} INFO - Task exited with return code 1
[2025-11-29T12:35:43.490+0000] {taskinstance.py:2778} INFO - 0 downstream tasks scheduled from follow-on schedule check
