[2025-11-29T12:55:55.057+0000] {taskinstance.py:1159} INFO - Dependencies all met for dep_context=non-requeueable deps ti=<TaskInstance: flight_etl.call_bronze_procedure manual__2025-11-29T12:55:52.125701+00:00 [queued]>
[2025-11-29T12:55:55.064+0000] {taskinstance.py:1159} INFO - Dependencies all met for dep_context=requeueable deps ti=<TaskInstance: flight_etl.call_bronze_procedure manual__2025-11-29T12:55:52.125701+00:00 [queued]>
[2025-11-29T12:55:55.064+0000] {taskinstance.py:1361} INFO - Starting attempt 1 of 1
[2025-11-29T12:55:55.088+0000] {taskinstance.py:1382} INFO - Executing <Task(PythonOperator): call_bronze_procedure> on 2025-11-29 12:55:52.125701+00:00
[2025-11-29T12:55:55.095+0000] {standard_task_runner.py:57} INFO - Started process 122 to run task
[2025-11-29T12:55:55.097+0000] {standard_task_runner.py:84} INFO - Running: ['***', 'tasks', 'run', 'flight_etl', 'call_bronze_procedure', 'manual__2025-11-29T12:55:52.125701+00:00', '--job-id', '49', '--raw', '--subdir', 'DAGS_FOLDER/etl-dag.py', '--cfg-path', '/tmp/tmp5r4xk691']
[2025-11-29T12:55:55.100+0000] {standard_task_runner.py:85} INFO - Job 49: Subtask call_bronze_procedure
[2025-11-29T12:55:55.138+0000] {task_command.py:416} INFO - Running <TaskInstance: flight_etl.call_bronze_procedure manual__2025-11-29T12:55:52.125701+00:00 [running]> on host fc05d09d6848
[2025-11-29T12:55:55.262+0000] {taskinstance.py:1662} INFO - Exporting env vars: AIRFLOW_CTX_DAG_OWNER='***' AIRFLOW_CTX_DAG_ID='flight_etl' AIRFLOW_CTX_TASK_ID='call_bronze_procedure' AIRFLOW_CTX_EXECUTION_DATE='2025-11-29T12:55:52.125701+00:00' AIRFLOW_CTX_TRY_NUMBER='1' AIRFLOW_CTX_DAG_RUN_ID='manual__2025-11-29T12:55:52.125701+00:00'
[2025-11-29T12:55:55.280+0000] {base.py:73} INFO - Using connection ID 'depi_db' for task execution.
[2025-11-29T12:56:05.367+0000] {taskinstance.py:1937} ERROR - Task failed with exception
Traceback (most recent call last):
  File "/home/airflow/.local/lib/python3.8/site-packages/airflow/operators/python.py", line 192, in execute
    return_value = self.execute_callable()
  File "/home/airflow/.local/lib/python3.8/site-packages/airflow/operators/python.py", line 209, in execute_callable
    return self.python_callable(*self.op_args, **self.op_kwargs)
  File "/opt/airflow/dags/etl-dag.py", line 12, in call_procedure
    conn = hook.get_conn()
  File "/home/airflow/.local/lib/python3.8/site-packages/airflow/providers/postgres/hooks/postgres.py", line 155, in get_conn
    self.conn = psycopg2.connect(**conn_args)
  File "/home/airflow/.local/lib/python3.8/site-packages/psycopg2/__init__.py", line 122, in connect
    conn = _connect(dsn, connection_factory=connection_factory, **kwasync)
psycopg2.OperationalError: could not translate host name "dwh-***" to address: Name or service not known

[2025-11-29T12:56:05.383+0000] {taskinstance.py:1400} INFO - Marking task as FAILED. dag_id=flight_etl, task_id=call_bronze_procedure, execution_date=20251129T125552, start_date=20251129T125555, end_date=20251129T125605
[2025-11-29T12:56:05.393+0000] {standard_task_runner.py:104} ERROR - Failed to execute job 49 for task call_bronze_procedure (could not translate host name "dwh-***" to address: Name or service not known
; 122)
[2025-11-29T12:56:05.425+0000] {local_task_job_runner.py:228} INFO - Task exited with return code 1
[2025-11-29T12:56:05.455+0000] {taskinstance.py:2778} INFO - 0 downstream tasks scheduled from follow-on schedule check
