[2025-12-11T01:46:11.713+0000] {taskinstance.py:1159} INFO - Dependencies all met for dep_context=non-requeueable deps ti=<TaskInstance: flight_etl.run_machine_learning_prediction manual__2025-12-11T01:44:20.914384+00:00 [queued]>
[2025-12-11T01:46:11.720+0000] {taskinstance.py:1159} INFO - Dependencies all met for dep_context=requeueable deps ti=<TaskInstance: flight_etl.run_machine_learning_prediction manual__2025-12-11T01:44:20.914384+00:00 [queued]>
[2025-12-11T01:46:11.720+0000] {taskinstance.py:1361} INFO - Starting attempt 1 of 1
[2025-12-11T01:46:11.729+0000] {taskinstance.py:1382} INFO - Executing <Task(BashOperator): run_machine_learning_prediction> on 2025-12-11 01:44:20.914384+00:00
[2025-12-11T01:46:11.733+0000] {standard_task_runner.py:57} INFO - Started process 2461 to run task
[2025-12-11T01:46:11.737+0000] {standard_task_runner.py:84} INFO - Running: ['***', 'tasks', 'run', 'flight_etl', 'run_machine_learning_prediction', 'manual__2025-12-11T01:44:20.914384+00:00', '--job-id', '254', '--raw', '--subdir', 'DAGS_FOLDER/etl-dag.py', '--cfg-path', '/tmp/tmphz8hje81']
[2025-12-11T01:46:11.739+0000] {standard_task_runner.py:85} INFO - Job 254: Subtask run_machine_learning_prediction
[2025-12-11T01:46:11.770+0000] {task_command.py:416} INFO - Running <TaskInstance: flight_etl.run_machine_learning_prediction manual__2025-12-11T01:44:20.914384+00:00 [running]> on host 8115e33213ed
[2025-12-11T01:46:11.823+0000] {taskinstance.py:1662} INFO - Exporting env vars: AIRFLOW_CTX_DAG_OWNER='***' AIRFLOW_CTX_DAG_ID='flight_etl' AIRFLOW_CTX_TASK_ID='run_machine_learning_prediction' AIRFLOW_CTX_EXECUTION_DATE='2025-12-11T01:44:20.914384+00:00' AIRFLOW_CTX_TRY_NUMBER='1' AIRFLOW_CTX_DAG_RUN_ID='manual__2025-12-11T01:44:20.914384+00:00'
[2025-12-11T01:46:11.824+0000] {subprocess.py:63} INFO - Tmp dir root location: /tmp
[2025-12-11T01:46:11.825+0000] {subprocess.py:75} INFO - Running command: ['/bin/bash', '-c', '\n        cd /opt/***/etl_scripts &&         python ml_job.py\n    ']
[2025-12-11T01:46:11.835+0000] {subprocess.py:86} INFO - Output:
[2025-12-11T01:46:13.776+0000] {subprocess.py:93} INFO - --- Starting Prediction Job ---
[2025-12-11T01:46:13.777+0000] {subprocess.py:93} INFO - Loading model version: v20251211_0146
[2025-12-11T01:46:13.777+0000] {subprocess.py:93} INFO - Rows fetched from DB: 9593
[2025-12-11T01:46:13.777+0000] {subprocess.py:93} INFO - Rows after dropping NULLs: 1 (Dropped 9592 rows)
[2025-12-11T01:46:13.777+0000] {subprocess.py:93} INFO - SUCCESS: Predictions inserted: 1
[2025-12-11T01:46:13.930+0000] {subprocess.py:97} INFO - Command exited with return code 0
[2025-12-11T01:46:13.949+0000] {taskinstance.py:1400} INFO - Marking task as SUCCESS. dag_id=flight_etl, task_id=run_machine_learning_prediction, execution_date=20251211T014420, start_date=20251211T014611, end_date=20251211T014613
[2025-12-11T01:46:13.996+0000] {local_task_job_runner.py:228} INFO - Task exited with return code 0
[2025-12-11T01:46:14.017+0000] {taskinstance.py:2778} INFO - 1 downstream tasks scheduled from follow-on schedule check
