[2025-11-29T12:35:21.015+0000] {taskinstance.py:1159} INFO - Dependencies all met for dep_context=non-requeueable deps ti=<TaskInstance: flight_etl.call_bronze_procedure scheduled__2025-11-28T00:00:00+00:00 [queued]>
[2025-11-29T12:35:21.024+0000] {taskinstance.py:1159} INFO - Dependencies all met for dep_context=requeueable deps ti=<TaskInstance: flight_etl.call_bronze_procedure scheduled__2025-11-28T00:00:00+00:00 [queued]>
[2025-11-29T12:35:21.025+0000] {taskinstance.py:1361} INFO - Starting attempt 1 of 1
[2025-11-29T12:35:21.072+0000] {taskinstance.py:1382} INFO - Executing <Task(PythonOperator): call_bronze_procedure> on 2025-11-28 00:00:00+00:00
[2025-11-29T12:35:21.096+0000] {standard_task_runner.py:57} INFO - Started process 114 to run task
[2025-11-29T12:35:21.109+0000] {standard_task_runner.py:84} INFO - Running: ['***', 'tasks', 'run', 'flight_etl', 'call_bronze_procedure', 'scheduled__2025-11-28T00:00:00+00:00', '--job-id', '17', '--raw', '--subdir', 'DAGS_FOLDER/etl-dag.py', '--cfg-path', '/tmp/tmp8_m9pznh']
[2025-11-29T12:35:21.114+0000] {standard_task_runner.py:85} INFO - Job 17: Subtask call_bronze_procedure
[2025-11-29T12:35:21.302+0000] {task_command.py:416} INFO - Running <TaskInstance: flight_etl.call_bronze_procedure scheduled__2025-11-28T00:00:00+00:00 [running]> on host f15c5890988a
[2025-11-29T12:35:21.926+0000] {taskinstance.py:1662} INFO - Exporting env vars: AIRFLOW_CTX_DAG_OWNER='***' AIRFLOW_CTX_DAG_ID='flight_etl' AIRFLOW_CTX_TASK_ID='call_bronze_procedure' AIRFLOW_CTX_EXECUTION_DATE='2025-11-28T00:00:00+00:00' AIRFLOW_CTX_TRY_NUMBER='1' AIRFLOW_CTX_DAG_RUN_ID='scheduled__2025-11-28T00:00:00+00:00'
[2025-11-29T12:35:22.000+0000] {taskinstance.py:1937} ERROR - Task failed with exception
Traceback (most recent call last):
  File "/home/airflow/.local/lib/python3.8/site-packages/airflow/operators/python.py", line 192, in execute
    return_value = self.execute_callable()
  File "/home/airflow/.local/lib/python3.8/site-packages/airflow/operators/python.py", line 209, in execute_callable
    return self.python_callable(*self.op_args, **self.op_kwargs)
  File "/opt/airflow/dags/etl-dag.py", line 12, in call_procedure
    conn = hook.get_conn()
  File "/home/airflow/.local/lib/python3.8/site-packages/airflow/providers/postgres/hooks/postgres.py", line 125, in get_conn
    conn = deepcopy(self.connection or self.get_connection(conn_id))
  File "/home/airflow/.local/lib/python3.8/site-packages/airflow/hooks/base.py", line 72, in get_connection
    conn = Connection.get_connection_from_secrets(conn_id)
  File "/home/airflow/.local/lib/python3.8/site-packages/airflow/models/connection.py", line 477, in get_connection_from_secrets
    raise AirflowNotFoundException(f"The conn_id `{conn_id}` isn't defined")
airflow.exceptions.AirflowNotFoundException: The conn_id `depi_db` isn't defined
[2025-11-29T12:35:22.227+0000] {taskinstance.py:1400} INFO - Marking task as FAILED. dag_id=flight_etl, task_id=call_bronze_procedure, execution_date=20251128T000000, start_date=20251129T123521, end_date=20251129T123522
[2025-11-29T12:35:22.966+0000] {standard_task_runner.py:104} ERROR - Failed to execute job 17 for task call_bronze_procedure (The conn_id `depi_db` isn't defined; 114)
[2025-11-29T12:35:23.004+0000] {local_task_job_runner.py:228} INFO - Task exited with return code 1
[2025-11-29T12:35:24.557+0000] {taskinstance.py:2778} INFO - 0 downstream tasks scheduled from follow-on schedule check
[2025-11-29T13:24:52.679+0000] {taskinstance.py:1159} INFO - Dependencies all met for dep_context=non-requeueable deps ti=<TaskInstance: flight_etl.call_bronze_procedure scheduled__2025-11-28T00:00:00+00:00 [queued]>
[2025-11-29T13:24:52.689+0000] {taskinstance.py:1159} INFO - Dependencies all met for dep_context=requeueable deps ti=<TaskInstance: flight_etl.call_bronze_procedure scheduled__2025-11-28T00:00:00+00:00 [queued]>
[2025-11-29T13:24:52.689+0000] {taskinstance.py:1361} INFO - Starting attempt 1 of 1
[2025-11-29T13:24:52.762+0000] {taskinstance.py:1382} INFO - Executing <Task(PythonOperator): call_bronze_procedure> on 2025-11-28 00:00:00+00:00
[2025-11-29T13:24:52.767+0000] {standard_task_runner.py:57} INFO - Started process 156 to run task
[2025-11-29T13:24:52.771+0000] {standard_task_runner.py:84} INFO - Running: ['***', 'tasks', 'run', 'flight_etl', 'call_bronze_procedure', 'scheduled__2025-11-28T00:00:00+00:00', '--job-id', '6', '--raw', '--subdir', 'DAGS_FOLDER/etl-dag.py', '--cfg-path', '/tmp/tmpo3hoqnbu']
[2025-11-29T13:24:52.774+0000] {standard_task_runner.py:85} INFO - Job 6: Subtask call_bronze_procedure
[2025-11-29T13:24:52.815+0000] {task_command.py:416} INFO - Running <TaskInstance: flight_etl.call_bronze_procedure scheduled__2025-11-28T00:00:00+00:00 [running]> on host 5c8e1088e7e2
[2025-11-29T13:24:52.873+0000] {taskinstance.py:1662} INFO - Exporting env vars: AIRFLOW_CTX_DAG_OWNER='***' AIRFLOW_CTX_DAG_ID='flight_etl' AIRFLOW_CTX_TASK_ID='call_bronze_procedure' AIRFLOW_CTX_EXECUTION_DATE='2025-11-28T00:00:00+00:00' AIRFLOW_CTX_TRY_NUMBER='1' AIRFLOW_CTX_DAG_RUN_ID='scheduled__2025-11-28T00:00:00+00:00'
[2025-11-29T13:24:52.885+0000] {taskinstance.py:1937} ERROR - Task failed with exception
Traceback (most recent call last):
  File "/home/airflow/.local/lib/python3.8/site-packages/airflow/operators/python.py", line 192, in execute
    return_value = self.execute_callable()
  File "/home/airflow/.local/lib/python3.8/site-packages/airflow/operators/python.py", line 209, in execute_callable
    return self.python_callable(*self.op_args, **self.op_kwargs)
  File "/opt/airflow/dags/etl-dag.py", line 12, in call_procedure
    conn = hook.get_conn()
  File "/home/airflow/.local/lib/python3.8/site-packages/airflow/providers/postgres/hooks/postgres.py", line 125, in get_conn
    conn = deepcopy(self.connection or self.get_connection(conn_id))
  File "/home/airflow/.local/lib/python3.8/site-packages/airflow/hooks/base.py", line 72, in get_connection
    conn = Connection.get_connection_from_secrets(conn_id)
  File "/home/airflow/.local/lib/python3.8/site-packages/airflow/models/connection.py", line 477, in get_connection_from_secrets
    raise AirflowNotFoundException(f"The conn_id `{conn_id}` isn't defined")
airflow.exceptions.AirflowNotFoundException: The conn_id `depi_db` isn't defined
[2025-11-29T13:24:52.949+0000] {taskinstance.py:1400} INFO - Marking task as FAILED. dag_id=flight_etl, task_id=call_bronze_procedure, execution_date=20251128T000000, start_date=20251129T132452, end_date=20251129T132452
[2025-11-29T13:24:53.060+0000] {standard_task_runner.py:104} ERROR - Failed to execute job 6 for task call_bronze_procedure (The conn_id `depi_db` isn't defined; 156)
[2025-11-29T13:24:53.102+0000] {local_task_job_runner.py:228} INFO - Task exited with return code 1
[2025-11-29T13:24:53.118+0000] {taskinstance.py:2778} INFO - 0 downstream tasks scheduled from follow-on schedule check
[2025-11-29T14:40:05.192+0000] {taskinstance.py:1159} INFO - Dependencies all met for dep_context=non-requeueable deps ti=<TaskInstance: flight_etl.call_bronze_procedure scheduled__2025-11-28T00:00:00+00:00 [queued]>
[2025-11-29T14:40:05.217+0000] {taskinstance.py:1159} INFO - Dependencies all met for dep_context=requeueable deps ti=<TaskInstance: flight_etl.call_bronze_procedure scheduled__2025-11-28T00:00:00+00:00 [queued]>
[2025-11-29T14:40:05.217+0000] {taskinstance.py:1361} INFO - Starting attempt 1 of 1
[2025-11-29T14:40:05.541+0000] {taskinstance.py:1382} INFO - Executing <Task(PythonOperator): call_bronze_procedure> on 2025-11-28 00:00:00+00:00
[2025-11-29T14:40:05.547+0000] {standard_task_runner.py:57} INFO - Started process 234 to run task
[2025-11-29T14:40:05.552+0000] {standard_task_runner.py:84} INFO - Running: ['***', 'tasks', 'run', 'flight_etl', 'call_bronze_procedure', 'scheduled__2025-11-28T00:00:00+00:00', '--job-id', '4', '--raw', '--subdir', 'DAGS_FOLDER/etl-dag.py', '--cfg-path', '/tmp/tmpmi0lik5l']
[2025-11-29T14:40:05.557+0000] {standard_task_runner.py:85} INFO - Job 4: Subtask call_bronze_procedure
[2025-11-29T14:40:05.712+0000] {task_command.py:416} INFO - Running <TaskInstance: flight_etl.call_bronze_procedure scheduled__2025-11-28T00:00:00+00:00 [running]> on host 1618a97435a6
[2025-11-29T14:40:05.860+0000] {taskinstance.py:1662} INFO - Exporting env vars: AIRFLOW_CTX_DAG_OWNER='***' AIRFLOW_CTX_DAG_ID='flight_etl' AIRFLOW_CTX_TASK_ID='call_bronze_procedure' AIRFLOW_CTX_EXECUTION_DATE='2025-11-28T00:00:00+00:00' AIRFLOW_CTX_TRY_NUMBER='1' AIRFLOW_CTX_DAG_RUN_ID='scheduled__2025-11-28T00:00:00+00:00'
[2025-11-29T14:40:05.875+0000] {taskinstance.py:1937} ERROR - Task failed with exception
Traceback (most recent call last):
  File "/home/airflow/.local/lib/python3.8/site-packages/airflow/operators/python.py", line 192, in execute
    return_value = self.execute_callable()
  File "/home/airflow/.local/lib/python3.8/site-packages/airflow/operators/python.py", line 209, in execute_callable
    return self.python_callable(*self.op_args, **self.op_kwargs)
  File "/opt/airflow/dags/etl-dag.py", line 12, in call_procedure
    conn = hook.get_conn()
  File "/home/airflow/.local/lib/python3.8/site-packages/airflow/providers/postgres/hooks/postgres.py", line 125, in get_conn
    conn = deepcopy(self.connection or self.get_connection(conn_id))
  File "/home/airflow/.local/lib/python3.8/site-packages/airflow/hooks/base.py", line 72, in get_connection
    conn = Connection.get_connection_from_secrets(conn_id)
  File "/home/airflow/.local/lib/python3.8/site-packages/airflow/models/connection.py", line 477, in get_connection_from_secrets
    raise AirflowNotFoundException(f"The conn_id `{conn_id}` isn't defined")
airflow.exceptions.AirflowNotFoundException: The conn_id `depi_db` isn't defined
[2025-11-29T14:40:05.878+0000] {taskinstance.py:1400} INFO - Marking task as FAILED. dag_id=flight_etl, task_id=call_bronze_procedure, execution_date=20251128T000000, start_date=20251129T144005, end_date=20251129T144005
[2025-11-29T14:40:05.922+0000] {standard_task_runner.py:104} ERROR - Failed to execute job 4 for task call_bronze_procedure (The conn_id `depi_db` isn't defined; 234)
[2025-11-29T14:40:05.963+0000] {local_task_job_runner.py:228} INFO - Task exited with return code 1
[2025-11-29T14:40:05.982+0000] {taskinstance.py:2778} INFO - 0 downstream tasks scheduled from follow-on schedule check
[2025-11-29T15:15:33.300+0000] {taskinstance.py:1159} INFO - Dependencies all met for dep_context=non-requeueable deps ti=<TaskInstance: flight_etl.call_bronze_procedure scheduled__2025-11-28T00:00:00+00:00 [queued]>
[2025-11-29T15:15:33.328+0000] {taskinstance.py:1159} INFO - Dependencies all met for dep_context=requeueable deps ti=<TaskInstance: flight_etl.call_bronze_procedure scheduled__2025-11-28T00:00:00+00:00 [queued]>
[2025-11-29T15:15:33.328+0000] {taskinstance.py:1361} INFO - Starting attempt 1 of 1
[2025-11-29T15:15:33.480+0000] {taskinstance.py:1382} INFO - Executing <Task(PythonOperator): call_bronze_procedure> on 2025-11-28 00:00:00+00:00
[2025-11-29T15:15:33.510+0000] {standard_task_runner.py:57} INFO - Started process 84 to run task
[2025-11-29T15:15:33.516+0000] {standard_task_runner.py:84} INFO - Running: ['***', 'tasks', 'run', 'flight_etl', 'call_bronze_procedure', 'scheduled__2025-11-28T00:00:00+00:00', '--job-id', '3', '--raw', '--subdir', 'DAGS_FOLDER/etl-dag.py', '--cfg-path', '/tmp/tmp3hokw00_']
[2025-11-29T15:15:33.520+0000] {standard_task_runner.py:85} INFO - Job 3: Subtask call_bronze_procedure
[2025-11-29T15:15:33.726+0000] {task_command.py:416} INFO - Running <TaskInstance: flight_etl.call_bronze_procedure scheduled__2025-11-28T00:00:00+00:00 [running]> on host b1c2b52c2d18
[2025-11-29T15:15:34.139+0000] {taskinstance.py:1662} INFO - Exporting env vars: AIRFLOW_CTX_DAG_OWNER='***' AIRFLOW_CTX_DAG_ID='flight_etl' AIRFLOW_CTX_TASK_ID='call_bronze_procedure' AIRFLOW_CTX_EXECUTION_DATE='2025-11-28T00:00:00+00:00' AIRFLOW_CTX_TRY_NUMBER='1' AIRFLOW_CTX_DAG_RUN_ID='scheduled__2025-11-28T00:00:00+00:00'
[2025-11-29T15:15:34.144+0000] {crypto.py:82} WARNING - empty cryptography key - values will not be stored encrypted.
[2025-11-29T15:15:34.145+0000] {base.py:73} INFO - Using connection ID 'depi_db' for task execution.
[2025-11-29T15:17:50.384+0000] {taskinstance.py:1937} ERROR - Task failed with exception
Traceback (most recent call last):
  File "/home/airflow/.local/lib/python3.8/site-packages/airflow/operators/python.py", line 192, in execute
    return_value = self.execute_callable()
  File "/home/airflow/.local/lib/python3.8/site-packages/airflow/operators/python.py", line 209, in execute_callable
    return self.python_callable(*self.op_args, **self.op_kwargs)
  File "/opt/airflow/dags/etl-dag.py", line 12, in call_procedure
    conn = hook.get_conn()
  File "/home/airflow/.local/lib/python3.8/site-packages/airflow/providers/postgres/hooks/postgres.py", line 155, in get_conn
    self.conn = psycopg2.connect(**conn_args)
  File "/home/airflow/.local/lib/python3.8/site-packages/psycopg2/__init__.py", line 122, in connect
    conn = _connect(dsn, connection_factory=connection_factory, **kwasync)
psycopg2.OperationalError: connection to server at "dwh-***" (172.19.0.5), port 5432 failed: Connection timed out
	Is the server running on that host and accepting TCP/IP connections?

[2025-11-29T15:17:50.415+0000] {taskinstance.py:1400} INFO - Marking task as FAILED. dag_id=flight_etl, task_id=call_bronze_procedure, execution_date=20251128T000000, start_date=20251129T151533, end_date=20251129T151750
[2025-11-29T15:17:50.471+0000] {standard_task_runner.py:104} ERROR - Failed to execute job 3 for task call_bronze_procedure (connection to server at "dwh-***" (172.19.0.5), port 5432 failed: Connection timed out
	Is the server running on that host and accepting TCP/IP connections?
; 84)
[2025-11-29T15:17:50.483+0000] {local_task_job_runner.py:228} INFO - Task exited with return code 1
[2025-11-29T15:17:50.502+0000] {taskinstance.py:2778} INFO - 0 downstream tasks scheduled from follow-on schedule check
