[2025-11-30T00:55:57.248+0000] {taskinstance.py:1159} INFO - Dependencies all met for dep_context=non-requeueable deps ti=<TaskInstance: flight_etl.python_etl_pipeline manual__2025-11-30T00:55:54.852304+00:00 [queued]>
[2025-11-30T00:55:57.253+0000] {taskinstance.py:1159} INFO - Dependencies all met for dep_context=requeueable deps ti=<TaskInstance: flight_etl.python_etl_pipeline manual__2025-11-30T00:55:54.852304+00:00 [queued]>
[2025-11-30T00:55:57.253+0000] {taskinstance.py:1361} INFO - Starting attempt 1 of 1
[2025-11-30T00:55:57.262+0000] {taskinstance.py:1382} INFO - Executing <Task(BashOperator): python_etl_pipeline> on 2025-11-30 00:55:54.852304+00:00
[2025-11-30T00:55:57.267+0000] {standard_task_runner.py:57} INFO - Started process 1252 to run task
[2025-11-30T00:55:57.270+0000] {standard_task_runner.py:84} INFO - Running: ['***', 'tasks', 'run', 'flight_etl', 'python_etl_pipeline', 'manual__2025-11-30T00:55:54.852304+00:00', '--job-id', '442', '--raw', '--subdir', 'DAGS_FOLDER/etl-dag.py', '--cfg-path', '/tmp/tmpaelzktj9']
[2025-11-30T00:55:57.271+0000] {standard_task_runner.py:85} INFO - Job 442: Subtask python_etl_pipeline
[2025-11-30T00:55:57.305+0000] {task_command.py:416} INFO - Running <TaskInstance: flight_etl.python_etl_pipeline manual__2025-11-30T00:55:54.852304+00:00 [running]> on host 45304bb2c878
[2025-11-30T00:55:57.356+0000] {taskinstance.py:1662} INFO - Exporting env vars: AIRFLOW_CTX_DAG_OWNER='***' AIRFLOW_CTX_DAG_ID='flight_etl' AIRFLOW_CTX_TASK_ID='python_etl_pipeline' AIRFLOW_CTX_EXECUTION_DATE='2025-11-30T00:55:54.852304+00:00' AIRFLOW_CTX_TRY_NUMBER='1' AIRFLOW_CTX_DAG_RUN_ID='manual__2025-11-30T00:55:54.852304+00:00'
[2025-11-30T00:55:57.358+0000] {subprocess.py:63} INFO - Tmp dir root location: /tmp
[2025-11-30T00:55:57.358+0000] {subprocess.py:75} INFO - Running command: ['/bin/bash', '-c', '\n        echo "Starting ETL pipeline execution..." &&         cd /opt/***/etl_scripts &&         echo "Current directory is: $(pwd)" &&         echo "Installing requirements..." &&         /usr/local/bin/pip install --ignore-installed -r requirements.txt &&         rm -rf ~/.kaggle/kagglehub/datasets/usdot/flight-delays/\n        echo "Starting main.py script..." &&         python main.py\n    ']
[2025-11-30T00:55:57.368+0000] {subprocess.py:86} INFO - Output:
[2025-11-30T00:55:57.370+0000] {subprocess.py:93} INFO - Starting ETL pipeline execution...
[2025-11-30T00:55:57.370+0000] {subprocess.py:93} INFO - Current directory is: /opt/***/etl_scripts
[2025-11-30T00:55:57.371+0000] {subprocess.py:93} INFO - Installing requirements...
[2025-11-30T00:55:58.085+0000] {subprocess.py:93} INFO - Collecting certifi==2025.8.3
[2025-11-30T00:55:58.088+0000] {subprocess.py:93} INFO -   Using cached certifi-2025.8.3-py3-none-any.whl (161 kB)
[2025-11-30T00:55:58.271+0000] {subprocess.py:93} INFO - Collecting charset-normalizer==3.4.3
[2025-11-30T00:55:58.274+0000] {subprocess.py:93} INFO -   Using cached charset_normalizer-3.4.3-cp38-cp38-manylinux2014_x86_64.manylinux_2_17_x86_64.manylinux_2_28_x86_64.whl (147 kB)
[2025-11-30T00:55:58.449+0000] {subprocess.py:93} INFO - Collecting Faker==35.2.2
[2025-11-30T00:55:58.536+0000] {subprocess.py:93} INFO -   Using cached Faker-35.2.2-py3-none-any.whl (1.9 MB)
[2025-11-30T00:55:58.800+0000] {subprocess.py:93} INFO - Collecting greenlet==2.0.2
[2025-11-30T00:55:58.802+0000] {subprocess.py:93} INFO -   Using cached greenlet-2.0.2-cp38-cp38-manylinux_2_17_x86_64.manylinux2014_x86_64.whl (618 kB)
[2025-11-30T00:55:58.876+0000] {subprocess.py:93} INFO - Collecting idna==3.10
[2025-11-30T00:55:58.878+0000] {subprocess.py:93} INFO -   Using cached idna-3.10-py3-none-any.whl (70 kB)
[2025-11-30T00:55:58.957+0000] {subprocess.py:93} INFO - Collecting kagglehub==0.2.9
[2025-11-30T00:55:58.959+0000] {subprocess.py:93} INFO -   Using cached kagglehub-0.2.9-py3-none-any.whl (39 kB)
[2025-11-30T00:55:59.323+0000] {subprocess.py:93} INFO - Collecting numpy==1.24.4
[2025-11-30T00:55:59.369+0000] {subprocess.py:93} INFO -   Using cached numpy-1.24.4-cp38-cp38-manylinux_2_17_x86_64.manylinux2014_x86_64.whl (17.3 MB)
[2025-11-30T00:55:59.489+0000] {subprocess.py:93} INFO - Collecting packaging==25.0
[2025-11-30T00:55:59.492+0000] {subprocess.py:93} INFO -   Using cached packaging-25.0-py3-none-any.whl (66 kB)
[2025-11-30T00:55:59.714+0000] {subprocess.py:93} INFO - Collecting pandas==1.5.3
[2025-11-30T00:55:59.744+0000] {subprocess.py:93} INFO -   Using cached pandas-1.5.3-cp38-cp38-manylinux_2_17_x86_64.manylinux2014_x86_64.whl (12.2 MB)
[2025-11-30T00:55:59.926+0000] {subprocess.py:93} INFO - Collecting psycopg2-binary==2.9.10
[2025-11-30T00:55:59.937+0000] {subprocess.py:93} INFO -   Using cached psycopg2_binary-2.9.10-cp38-cp38-manylinux_2_17_x86_64.manylinux2014_x86_64.whl (3.0 MB)
[2025-11-30T00:56:00.030+0000] {subprocess.py:93} INFO - Collecting python-dateutil==2.9.0.post0
[2025-11-30T00:56:00.032+0000] {subprocess.py:93} INFO -   Using cached python_dateutil-2.9.0.post0-py2.py3-none-any.whl (229 kB)
[2025-11-30T00:56:00.129+0000] {subprocess.py:93} INFO - Collecting pytz==2025.2
[2025-11-30T00:56:00.132+0000] {subprocess.py:93} INFO -   Using cached pytz-2025.2-py2.py3-none-any.whl (509 kB)
[2025-11-30T00:56:00.248+0000] {subprocess.py:93} INFO - Collecting PyYAML==6.0.2
[2025-11-30T00:56:00.252+0000] {subprocess.py:93} INFO -   Using cached PyYAML-6.0.2-cp38-cp38-manylinux_2_17_x86_64.manylinux2014_x86_64.whl (746 kB)
[2025-11-30T00:56:00.337+0000] {subprocess.py:93} INFO - Collecting requests==2.32.4
[2025-11-30T00:56:00.339+0000] {subprocess.py:93} INFO -   Using cached requests-2.32.4-py3-none-any.whl (64 kB)
[2025-11-30T00:56:00.406+0000] {subprocess.py:93} INFO - Collecting six==1.17.0
[2025-11-30T00:56:00.408+0000] {subprocess.py:93} INFO -   Using cached six-1.17.0-py2.py3-none-any.whl (11 kB)
[2025-11-30T00:56:00.932+0000] {subprocess.py:93} INFO - Collecting SQLAlchemy==2.0.43
[2025-11-30T00:56:00.940+0000] {subprocess.py:93} INFO -   Using cached sqlalchemy-2.0.43-cp38-cp38-manylinux_2_17_x86_64.manylinux2014_x86_64.whl (3.2 MB)
[2025-11-30T00:56:01.071+0000] {subprocess.py:93} INFO - Collecting tqdm==4.67.1
[2025-11-30T00:56:01.073+0000] {subprocess.py:93} INFO -   Using cached tqdm-4.67.1-py3-none-any.whl (78 kB)
[2025-11-30T00:56:01.147+0000] {subprocess.py:93} INFO - Collecting typing_extensions==4.13.2
[2025-11-30T00:56:01.149+0000] {subprocess.py:93} INFO -   Using cached typing_extensions-4.13.2-py3-none-any.whl (45 kB)
[2025-11-30T00:56:01.220+0000] {subprocess.py:93} INFO - Collecting tzdata==2025.2
[2025-11-30T00:56:01.222+0000] {subprocess.py:93} INFO -   Using cached tzdata-2025.2-py2.py3-none-any.whl (347 kB)
[2025-11-30T00:56:01.324+0000] {subprocess.py:93} INFO - Collecting urllib3==2.2.3
[2025-11-30T00:56:01.326+0000] {subprocess.py:93} INFO -   Using cached urllib3-2.2.3-py3-none-any.whl (126 kB)
[2025-11-30T00:56:04.397+0000] {subprocess.py:93} INFO - Installing collected packages: pytz, urllib3, tzdata, typing_extensions, tqdm, six, PyYAML, psycopg2-binary, packaging, numpy, idna, greenlet, charset-normalizer, certifi, SQLAlchemy, requests, python-dateutil, pandas, kagglehub, Faker
[2025-11-30T00:56:10.709+0000] {subprocess.py:93} INFO - ERROR: pip's dependency resolver does not currently take into account all the packages that are installed. This behaviour is the source of the following dependency conflicts.
[2025-11-30T00:56:10.709+0000] {subprocess.py:93} INFO - sqlalchemy-redshift 0.8.14 requires SQLAlchemy<2.0.0,>=0.9.2, but you have sqlalchemy 2.0.43 which is incompatible.
[2025-11-30T00:56:10.709+0000] {subprocess.py:93} INFO - sqlalchemy-bigquery 1.8.0 requires sqlalchemy<2.0.0dev,>=1.2.0, but you have sqlalchemy 2.0.43 which is incompatible.
[2025-11-30T00:56:10.709+0000] {subprocess.py:93} INFO - snowflake-sqlalchemy 1.5.0 requires sqlalchemy<2.0.0,>=1.4.0, but you have sqlalchemy 2.0.43 which is incompatible.
[2025-11-30T00:56:10.710+0000] {subprocess.py:93} INFO - snowflake-connector-python 3.3.1 requires urllib3<1.27,>=1.21.1, but you have urllib3 2.2.3 which is incompatible.
[2025-11-30T00:56:10.710+0000] {subprocess.py:93} INFO - limits 3.6.0 requires packaging<24,>=21, but you have packaging 25.0 which is incompatible.
[2025-11-30T00:56:10.710+0000] {subprocess.py:93} INFO - flask-appbuilder 4.3.6 requires SQLAlchemy<1.5, but you have sqlalchemy 2.0.43 which is incompatible.
[2025-11-30T00:56:10.710+0000] {subprocess.py:93} INFO - botocore 1.31.64 requires urllib3<1.27,>=1.25.4; python_version < "3.10", but you have urllib3 2.2.3 which is incompatible.
[2025-11-30T00:56:10.710+0000] {subprocess.py:93} INFO - apache-*** 2.7.3 requires sqlalchemy<2.0,>=1.4.28, but you have sqlalchemy 2.0.43 which is incompatible.
[2025-11-30T00:56:10.710+0000] {subprocess.py:93} INFO - Successfully installed Faker-35.2.2 PyYAML-6.0.2 SQLAlchemy-2.0.43 certifi-2025.8.3 charset-normalizer-3.4.3 greenlet-2.0.2 idna-3.10 kagglehub-0.2.9 numpy-1.24.4 packaging-25.0 pandas-1.5.3 psycopg2-binary-2.9.10 python-dateutil-2.9.0.post0 pytz-2025.2 requests-2.32.4 six-1.17.0 tqdm-4.67.1 typing_extensions-4.13.2 tzdata-2025.2 urllib3-2.2.3
[2025-11-30T00:56:10.710+0000] {subprocess.py:93} INFO - WARNING: Running pip as the 'root' user can result in broken permissions and conflicting behaviour with the system package manager. It is recommended to use a virtual environment instead: https://pip.pypa.io/warnings/venv
[2025-11-30T00:56:10.714+0000] {subprocess.py:93} INFO - 
[2025-11-30T00:56:10.714+0000] {subprocess.py:93} INFO - [notice] A new release of pip is available: 23.0.1 -> 25.0.1
[2025-11-30T00:56:10.715+0000] {subprocess.py:93} INFO - [notice] To update, run: pip3 install --upgrade pip
[2025-11-30T00:56:10.974+0000] {subprocess.py:93} INFO - Starting main.py script...
[2025-11-30T00:56:12.015+0000] {subprocess.py:93} INFO - All tables truncated successfully
[2025-11-30T00:56:12.015+0000] {subprocess.py:93} INFO - Warning: Looks like you're using an outdated `kagglehub` version, please consider updating (latest version: 0.3.13)
[2025-11-30T00:57:03.857+0000] {subprocess.py:93} INFO - /root/.cache/kagglehub/datasets/usdot/flight-delays/versions/1
[2025-11-30T00:57:03.858+0000] {subprocess.py:93} INFO - AIRPORT_THREAD_STARTED
[2025-11-30T00:57:03.859+0000] {subprocess.py:93} INFO - FLIGHT_THREAD_STARTED
[2025-11-30T00:57:03.859+0000] {subprocess.py:93} INFO - FLIGHT:FLIGHT_SUB_THREAD_HAS_STARTED
[2025-11-30T00:57:03.859+0000] {subprocess.py:93} INFO - FLIGHT:AIRELINE_SUB_THREAD_HAS_STARTED
[2025-11-30T00:57:03.860+0000] {subprocess.py:93} INFO - FLIGHT:AIRLINE_SUB_THREAD_HAS_FINISHED
[2025-11-30T00:57:03.860+0000] {subprocess.py:93} INFO - Chunk 1 written to 'bronze_dim_airport'
[2025-11-30T00:57:03.860+0000] {subprocess.py:93} INFO - Completed writing bronze_dim_airport
[2025-11-30T00:57:03.860+0000] {subprocess.py:93} INFO - FLIGHT:FLIGHT_SUB_THREAD_HAS_FINISHED
[2025-11-30T00:57:03.861+0000] {subprocess.py:93} INFO -       month  day  ...  iata_code                  carrier_name
[2025-11-30T00:57:03.861+0000] {subprocess.py:93} INFO - 0         1    1  ...         AS          Alaska Airlines Inc.
[2025-11-30T00:57:03.861+0000] {subprocess.py:93} INFO - 1         1    1  ...         AA        American Airlines Inc.
[2025-11-30T00:57:03.861+0000] {subprocess.py:93} INFO - 2         1    1  ...         US               US Airways Inc.
[2025-11-30T00:57:03.861+0000] {subprocess.py:93} INFO - 3         1    1  ...         AA        American Airlines Inc.
[2025-11-30T00:57:03.862+0000] {subprocess.py:93} INFO - 4         1    1  ...         AS          Alaska Airlines Inc.
[2025-11-30T00:57:03.862+0000] {subprocess.py:93} INFO - ...     ...  ...  ...        ...                           ...
[2025-11-30T00:57:03.862+0000] {subprocess.py:93} INFO - 9995      1    1  ...         HA        Hawaiian Airlines Inc.
[2025-11-30T00:57:03.862+0000] {subprocess.py:93} INFO - 9996      1    1  ...         MQ  American Eagle Airlines Inc.
[2025-11-30T00:57:03.862+0000] {subprocess.py:93} INFO - 9997      1    1  ...         MQ  American Eagle Airlines Inc.
[2025-11-30T00:57:03.863+0000] {subprocess.py:93} INFO - 9998      1    1  ...         MQ  American Eagle Airlines Inc.
[2025-11-30T00:57:03.863+0000] {subprocess.py:93} INFO - 9999      1    1  ...         MQ  American Eagle Airlines Inc.
[2025-11-30T00:57:03.863+0000] {subprocess.py:93} INFO - 
[2025-11-30T00:57:03.863+0000] {subprocess.py:93} INFO - [10000 rows x 32 columns]
[2025-11-30T00:57:03.863+0000] {subprocess.py:93} INFO - Chunk 1 written to 'bronze_dim_flight'
[2025-11-30T00:57:03.864+0000] {subprocess.py:93} INFO - Completed writing bronze_dim_flight
[2025-11-30T00:57:03.864+0000] {subprocess.py:93} INFO - FLIGHT_THREAD_FINISHED
[2025-11-30T00:57:03.864+0000] {subprocess.py:93} INFO - PASSENGER_THREAD_STARTED
[2025-11-30T00:57:03.864+0000] {subprocess.py:93} INFO - PAYMENT_THREAD_STARTED
[2025-11-30T00:57:03.864+0000] {subprocess.py:93} INFO - TICKET_THREAD_STARTED
[2025-11-30T00:57:03.864+0000] {subprocess.py:93} INFO - BOOKING_THREAD_STARTED
[2025-11-30T00:57:03.864+0000] {subprocess.py:93} INFO - AIRPORT_THREAD_FINISHED
[2025-11-30T00:57:03.864+0000] {subprocess.py:93} INFO - PASSENGER: Progress: 0/1000
[2025-11-30T00:57:03.865+0000] {subprocess.py:93} INFO - PAYMENT: Progress: 0/1000
[2025-11-30T00:57:03.865+0000] {subprocess.py:93} INFO - PASSENGER: Progress: 100/1000
[2025-11-30T00:57:03.865+0000] {subprocess.py:93} INFO - PAYMENT: Progress: 100/1000
[2025-11-30T00:57:03.865+0000] {subprocess.py:93} INFO - PASSENGER: Progress: 200/1000
[2025-11-30T00:57:03.865+0000] {subprocess.py:93} INFO - PAYMENT: Progress: 200/1000
[2025-11-30T00:57:03.865+0000] {subprocess.py:93} INFO - PASSENGER: Progress: 300/1000
[2025-11-30T00:57:03.865+0000] {subprocess.py:93} INFO - PAYMENT: Progress: 300/1000
[2025-11-30T00:57:03.865+0000] {subprocess.py:93} INFO - PASSENGER: Progress: 400/1000
[2025-11-30T00:57:03.865+0000] {subprocess.py:93} INFO - PAYMENT: Progress: 400/1000
[2025-11-30T00:57:03.866+0000] {subprocess.py:93} INFO - PAYMENT: Progress: 500/1000
[2025-11-30T00:57:03.866+0000] {subprocess.py:93} INFO - PASSENGER: Progress: 500/1000
[2025-11-30T00:57:03.866+0000] {subprocess.py:93} INFO - PAYMENT: Progress: 600/1000
[2025-11-30T00:57:03.866+0000] {subprocess.py:93} INFO - PASSENGER: Progress: 600/1000
[2025-11-30T00:57:03.866+0000] {subprocess.py:93} INFO - PAYMENT: Progress: 700/1000
[2025-11-30T00:57:03.866+0000] {subprocess.py:93} INFO - PASSENGER: Progress: 700/1000
[2025-11-30T00:57:03.866+0000] {subprocess.py:93} INFO - PAYMENT: Progress: 800/1000
[2025-11-30T00:57:03.866+0000] {subprocess.py:93} INFO - PASSENGER: Progress: 800/1000
[2025-11-30T00:57:03.866+0000] {subprocess.py:93} INFO - PAYMENT: Progress: 900/1000
[2025-11-30T00:57:03.866+0000] {subprocess.py:93} INFO - PASSENGER: Progress: 900/1000
[2025-11-30T00:57:03.867+0000] {subprocess.py:93} INFO - PASSENGER_THREAD_FINISHED
[2025-11-30T00:57:03.867+0000] {subprocess.py:93} INFO - PAYMENT_THREAD_FINISHED
[2025-11-30T00:57:03.867+0000] {subprocess.py:93} INFO - TICKET_THREAD_FINISHED
[2025-11-30T00:57:03.867+0000] {subprocess.py:93} INFO - BOOKING_THREAD_FINISHED
[2025-11-30T00:57:03.867+0000] {subprocess.py:93} INFO - DATE_THREAD_STARTED
[2025-11-30T00:57:03.867+0000] {subprocess.py:93} INFO - DATE_THREAD_FINISHED
[2025-11-30T00:57:03.867+0000] {subprocess.py:93} INFO - WEATHER_THREAD_STARTED
[2025-11-30T00:57:03.867+0000] {subprocess.py:93} INFO - 1
[2025-11-30T00:57:03.867+0000] {subprocess.py:93} INFO - 2
[2025-11-30T00:57:03.868+0000] {subprocess.py:93} INFO - 3
[2025-11-30T00:57:03.868+0000] {subprocess.py:93} INFO - 4
[2025-11-30T00:57:03.868+0000] {subprocess.py:93} INFO - 5
[2025-11-30T00:57:03.868+0000] {subprocess.py:93} INFO - 6
[2025-11-30T00:57:03.868+0000] {subprocess.py:93} INFO - 7
[2025-11-30T00:57:03.868+0000] {subprocess.py:93} INFO - 8
[2025-11-30T00:57:03.868+0000] {subprocess.py:93} INFO - 9
[2025-11-30T00:57:03.868+0000] {subprocess.py:93} INFO - 10
[2025-11-30T00:57:03.868+0000] {subprocess.py:93} INFO - 11
[2025-11-30T00:57:03.868+0000] {subprocess.py:93} INFO - 12
[2025-11-30T00:57:03.869+0000] {subprocess.py:93} INFO - 13
[2025-11-30T00:57:03.869+0000] {subprocess.py:93} INFO - 14
[2025-11-30T00:57:03.869+0000] {subprocess.py:93} INFO - 15
[2025-11-30T00:57:03.869+0000] {subprocess.py:93} INFO - 16
[2025-11-30T00:57:03.869+0000] {subprocess.py:93} INFO - 17
[2025-11-30T00:57:03.869+0000] {subprocess.py:93} INFO - 18
[2025-11-30T00:57:03.869+0000] {subprocess.py:93} INFO - 19
[2025-11-30T00:57:03.869+0000] {subprocess.py:93} INFO - 20
[2025-11-30T00:57:03.869+0000] {subprocess.py:93} INFO - 21
[2025-11-30T00:57:03.870+0000] {subprocess.py:93} INFO - 22
[2025-11-30T00:57:03.870+0000] {subprocess.py:93} INFO - 23
[2025-11-30T00:57:03.870+0000] {subprocess.py:93} INFO - 24
[2025-11-30T00:57:03.870+0000] {subprocess.py:93} INFO - 25
[2025-11-30T00:57:03.870+0000] {subprocess.py:93} INFO - 26
[2025-11-30T00:57:03.870+0000] {subprocess.py:93} INFO - 27
[2025-11-30T00:57:03.870+0000] {subprocess.py:93} INFO - 28
[2025-11-30T00:57:03.870+0000] {subprocess.py:93} INFO - 29
[2025-11-30T00:57:03.870+0000] {subprocess.py:93} INFO - 30
[2025-11-30T00:57:03.870+0000] {subprocess.py:93} INFO - 31
[2025-11-30T00:57:03.871+0000] {subprocess.py:93} INFO - 32
[2025-11-30T00:57:03.871+0000] {subprocess.py:93} INFO - 33
[2025-11-30T00:57:03.871+0000] {subprocess.py:93} INFO - 34
[2025-11-30T00:57:03.871+0000] {subprocess.py:93} INFO - 35
[2025-11-30T00:57:03.871+0000] {subprocess.py:93} INFO - 36
[2025-11-30T00:57:03.871+0000] {subprocess.py:93} INFO - 37
[2025-11-30T00:57:03.871+0000] {subprocess.py:93} INFO - 38
[2025-11-30T00:57:03.871+0000] {subprocess.py:93} INFO - 39
[2025-11-30T00:57:03.871+0000] {subprocess.py:93} INFO - 40
[2025-11-30T00:57:03.871+0000] {subprocess.py:93} INFO - 41
[2025-11-30T00:57:03.872+0000] {subprocess.py:93} INFO - 42
[2025-11-30T00:57:03.872+0000] {subprocess.py:93} INFO - 43
[2025-11-30T00:57:03.872+0000] {subprocess.py:93} INFO - 44
[2025-11-30T00:57:03.872+0000] {subprocess.py:93} INFO - 45
[2025-11-30T00:57:03.872+0000] {subprocess.py:93} INFO - 46
[2025-11-30T00:57:03.872+0000] {subprocess.py:93} INFO - 47
[2025-11-30T00:57:03.872+0000] {subprocess.py:93} INFO - 48
[2025-11-30T00:57:03.872+0000] {subprocess.py:93} INFO - 49
[2025-11-30T00:57:03.872+0000] {subprocess.py:93} INFO - 50
[2025-11-30T00:57:03.872+0000] {subprocess.py:93} INFO - 51
[2025-11-30T00:57:03.873+0000] {subprocess.py:93} INFO - 52
[2025-11-30T00:57:03.873+0000] {subprocess.py:93} INFO - 53
[2025-11-30T00:57:03.873+0000] {subprocess.py:93} INFO - 54
[2025-11-30T00:57:03.873+0000] {subprocess.py:93} INFO - 55
[2025-11-30T00:57:03.873+0000] {subprocess.py:93} INFO - 56
[2025-11-30T00:57:03.873+0000] {subprocess.py:93} INFO - 57
[2025-11-30T00:57:03.873+0000] {subprocess.py:93} INFO - 58
[2025-11-30T00:57:03.873+0000] {subprocess.py:93} INFO - 59
[2025-11-30T00:57:03.873+0000] {subprocess.py:93} INFO - 60
[2025-11-30T00:57:03.873+0000] {subprocess.py:93} INFO - 61
[2025-11-30T00:57:03.874+0000] {subprocess.py:93} INFO - 62
[2025-11-30T00:57:03.874+0000] {subprocess.py:93} INFO - 63
[2025-11-30T00:57:03.874+0000] {subprocess.py:93} INFO - 64
[2025-11-30T00:57:03.874+0000] {subprocess.py:93} INFO - 65
[2025-11-30T00:57:03.874+0000] {subprocess.py:93} INFO - 66
[2025-11-30T00:57:03.874+0000] {subprocess.py:93} INFO - 67
[2025-11-30T00:57:03.874+0000] {subprocess.py:93} INFO - 68
[2025-11-30T00:57:03.874+0000] {subprocess.py:93} INFO - 69
[2025-11-30T00:57:03.874+0000] {subprocess.py:93} INFO - 70
[2025-11-30T00:57:03.874+0000] {subprocess.py:93} INFO - 71
[2025-11-30T00:57:03.874+0000] {subprocess.py:93} INFO - 72
[2025-11-30T00:57:03.874+0000] {subprocess.py:93} INFO - 73
[2025-11-30T00:57:03.874+0000] {subprocess.py:93} INFO - 74
[2025-11-30T00:57:03.874+0000] {subprocess.py:93} INFO - 75
[2025-11-30T00:57:03.874+0000] {subprocess.py:93} INFO - 76
[2025-11-30T00:57:03.874+0000] {subprocess.py:93} INFO - 77
[2025-11-30T00:57:03.874+0000] {subprocess.py:93} INFO - 78
[2025-11-30T00:57:03.874+0000] {subprocess.py:93} INFO - 79
[2025-11-30T00:57:03.874+0000] {subprocess.py:93} INFO - WEATHER_THREAD_FINISHED
[2025-11-30T00:57:03.964+0000] {subprocess.py:97} INFO - Command exited with return code 0
[2025-11-30T00:57:03.997+0000] {taskinstance.py:1400} INFO - Marking task as SUCCESS. dag_id=flight_etl, task_id=python_etl_pipeline, execution_date=20251130T005554, start_date=20251130T005557, end_date=20251130T005703
[2025-11-30T00:57:04.063+0000] {local_task_job_runner.py:228} INFO - Task exited with return code 0
[2025-11-30T00:57:04.096+0000] {taskinstance.py:2778} INFO - 1 downstream tasks scheduled from follow-on schedule check
