[2025-12-02T16:52:24.200+0000] {taskinstance.py:1159} INFO - Dependencies all met for dep_context=non-requeueable deps ti=<TaskInstance: flight_etl.spark_batch_processor manual__2025-12-02T16:47:35.243762+00:00 [queued]>
[2025-12-02T16:52:24.205+0000] {taskinstance.py:1159} INFO - Dependencies all met for dep_context=requeueable deps ti=<TaskInstance: flight_etl.spark_batch_processor manual__2025-12-02T16:47:35.243762+00:00 [queued]>
[2025-12-02T16:52:24.205+0000] {taskinstance.py:1361} INFO - Starting attempt 1 of 1
[2025-12-02T16:52:24.213+0000] {taskinstance.py:1382} INFO - Executing <Task(BashOperator): spark_batch_processor> on 2025-12-02 16:47:35.243762+00:00
[2025-12-02T16:52:24.217+0000] {standard_task_runner.py:57} INFO - Started process 344 to run task
[2025-12-02T16:52:24.220+0000] {standard_task_runner.py:84} INFO - Running: ['***', 'tasks', 'run', 'flight_etl', 'spark_batch_processor', 'manual__2025-12-02T16:47:35.243762+00:00', '--job-id', '126', '--raw', '--subdir', 'DAGS_FOLDER/etl-dag.py', '--cfg-path', '/tmp/tmpttv14mo5']
[2025-12-02T16:52:24.222+0000] {standard_task_runner.py:85} INFO - Job 126: Subtask spark_batch_processor
[2025-12-02T16:52:24.250+0000] {task_command.py:416} INFO - Running <TaskInstance: flight_etl.spark_batch_processor manual__2025-12-02T16:47:35.243762+00:00 [running]> on host aee8163c4710
[2025-12-02T16:52:24.300+0000] {taskinstance.py:1662} INFO - Exporting env vars: AIRFLOW_CTX_DAG_OWNER='***' AIRFLOW_CTX_DAG_ID='flight_etl' AIRFLOW_CTX_TASK_ID='spark_batch_processor' AIRFLOW_CTX_EXECUTION_DATE='2025-12-02T16:47:35.243762+00:00' AIRFLOW_CTX_TRY_NUMBER='1' AIRFLOW_CTX_DAG_RUN_ID='manual__2025-12-02T16:47:35.243762+00:00'
[2025-12-02T16:52:24.301+0000] {subprocess.py:63} INFO - Tmp dir root location: /tmp
[2025-12-02T16:52:24.301+0000] {subprocess.py:75} INFO - Running command: ['/bin/bash', '-c', '\n        docker exec spark-master /spark/bin/spark-submit         --master spark://spark-master:7077         --jars /spark/jars/postgresql-42.7.7.jar         --driver-class-path /spark/jars/postgresql-42.7.7.jar         --conf spark.pyspark.python=/usr/bin/python3         /tmp/spark_drivers/batch.py\n        ']
[2025-12-02T16:52:24.312+0000] {subprocess.py:86} INFO - Output:
[2025-12-02T16:52:26.854+0000] {subprocess.py:93} INFO - 25/12/02 16:52:26 WARN NativeCodeLoader: Unable to load native-hadoop library for your platform... using builtin-java classes where applicable
[2025-12-02T16:52:27.638+0000] {subprocess.py:93} INFO - 25/12/02 16:52:27 INFO SparkContext: Running Spark version 3.3.0
[2025-12-02T16:52:27.660+0000] {subprocess.py:93} INFO - 25/12/02 16:52:27 INFO ResourceUtils: ==============================================================
[2025-12-02T16:52:27.661+0000] {subprocess.py:93} INFO - 25/12/02 16:52:27 INFO ResourceUtils: No custom resources configured for spark.driver.
[2025-12-02T16:52:27.661+0000] {subprocess.py:93} INFO - 25/12/02 16:52:27 INFO ResourceUtils: ==============================================================
[2025-12-02T16:52:27.661+0000] {subprocess.py:93} INFO - 25/12/02 16:52:27 INFO SparkContext: Submitted application: postgres-to-hive
[2025-12-02T16:52:27.689+0000] {subprocess.py:93} INFO - 25/12/02 16:52:27 INFO ResourceProfile: Default ResourceProfile created, executor resources: Map(cores -> name: cores, amount: 1, script: , vendor: , memory -> name: memory, amount: 1024, script: , vendor: , offHeap -> name: offHeap, amount: 0, script: , vendor: ), task resources: Map(cpus -> name: cpus, amount: 1.0)
[2025-12-02T16:52:27.701+0000] {subprocess.py:93} INFO - 25/12/02 16:52:27 INFO ResourceProfile: Limiting resource is cpu
[2025-12-02T16:52:27.702+0000] {subprocess.py:93} INFO - 25/12/02 16:52:27 INFO ResourceProfileManager: Added ResourceProfile id: 0
[2025-12-02T16:52:27.766+0000] {subprocess.py:93} INFO - 25/12/02 16:52:27 INFO SecurityManager: Changing view acls to: root
[2025-12-02T16:52:27.766+0000] {subprocess.py:93} INFO - 25/12/02 16:52:27 INFO SecurityManager: Changing modify acls to: root
[2025-12-02T16:52:27.766+0000] {subprocess.py:93} INFO - 25/12/02 16:52:27 INFO SecurityManager: Changing view acls groups to:
[2025-12-02T16:52:27.767+0000] {subprocess.py:93} INFO - 25/12/02 16:52:27 INFO SecurityManager: Changing modify acls groups to:
[2025-12-02T16:52:27.767+0000] {subprocess.py:93} INFO - 25/12/02 16:52:27 INFO SecurityManager: SecurityManager: authentication disabled; ui acls disabled; users  with view permissions: Set(root); groups with view permissions: Set(); users  with modify permissions: Set(root); groups with modify permissions: Set()
[2025-12-02T16:52:27.976+0000] {subprocess.py:93} INFO - 25/12/02 16:52:27 INFO Utils: Successfully started service 'sparkDriver' on port 35473.
[2025-12-02T16:52:27.995+0000] {subprocess.py:93} INFO - 25/12/02 16:52:27 INFO SparkEnv: Registering MapOutputTracker
[2025-12-02T16:52:28.023+0000] {subprocess.py:93} INFO - 25/12/02 16:52:28 INFO SparkEnv: Registering BlockManagerMaster
[2025-12-02T16:52:28.039+0000] {subprocess.py:93} INFO - 25/12/02 16:52:28 INFO BlockManagerMasterEndpoint: Using org.apache.spark.storage.DefaultTopologyMapper for getting topology information
[2025-12-02T16:52:28.040+0000] {subprocess.py:93} INFO - 25/12/02 16:52:28 INFO BlockManagerMasterEndpoint: BlockManagerMasterEndpoint up
[2025-12-02T16:52:28.044+0000] {subprocess.py:93} INFO - 25/12/02 16:52:28 INFO SparkEnv: Registering BlockManagerMasterHeartbeat
[2025-12-02T16:52:28.061+0000] {subprocess.py:93} INFO - 25/12/02 16:52:28 INFO DiskBlockManager: Created local directory at /tmp/blockmgr-22d4ed48-7c4c-4b1f-9b37-7a465b8b937d
[2025-12-02T16:52:28.077+0000] {subprocess.py:93} INFO - 25/12/02 16:52:28 INFO MemoryStore: MemoryStore started with capacity 366.3 MiB
[2025-12-02T16:52:28.088+0000] {subprocess.py:93} INFO - 25/12/02 16:52:28 INFO SparkEnv: Registering OutputCommitCoordinator
[2025-12-02T16:52:28.262+0000] {subprocess.py:93} INFO - 25/12/02 16:52:28 INFO Utils: Successfully started service 'SparkUI' on port 4040.
[2025-12-02T16:52:28.293+0000] {subprocess.py:93} INFO - 25/12/02 16:52:28 INFO SparkContext: Added JAR file:///spark/jars/postgresql-42.7.7.jar at spark://3dcc364fd13c:35473/jars/postgresql-42.7.7.jar with timestamp 1764694347631
[2025-12-02T16:52:28.382+0000] {subprocess.py:93} INFO - 25/12/02 16:52:28 INFO StandaloneAppClient$ClientEndpoint: Connecting to master spark://spark-master:7077...
[2025-12-02T16:52:28.428+0000] {subprocess.py:93} INFO - 25/12/02 16:52:28 INFO TransportClientFactory: Successfully created connection to spark-master/172.19.0.2:7077 after 29 ms (0 ms spent in bootstraps)
[2025-12-02T16:52:28.556+0000] {subprocess.py:93} INFO - 25/12/02 16:52:28 INFO StandaloneSchedulerBackend: Connected to Spark cluster with app ID app-20251202165228-0000
[2025-12-02T16:52:28.561+0000] {subprocess.py:93} INFO - 25/12/02 16:52:28 INFO Utils: Successfully started service 'org.apache.spark.network.netty.NettyBlockTransferService' on port 45351.
[2025-12-02T16:52:28.561+0000] {subprocess.py:93} INFO - 25/12/02 16:52:28 INFO NettyBlockTransferService: Server created on 3dcc364fd13c:45351
[2025-12-02T16:52:28.562+0000] {subprocess.py:93} INFO - 25/12/02 16:52:28 INFO BlockManager: Using org.apache.spark.storage.RandomBlockReplicationPolicy for block replication policy
[2025-12-02T16:52:28.567+0000] {subprocess.py:93} INFO - 25/12/02 16:52:28 INFO BlockManagerMaster: Registering BlockManager BlockManagerId(driver, 3dcc364fd13c, 45351, None)
[2025-12-02T16:52:28.571+0000] {subprocess.py:93} INFO - 25/12/02 16:52:28 INFO BlockManagerMasterEndpoint: Registering block manager 3dcc364fd13c:45351 with 366.3 MiB RAM, BlockManagerId(driver, 3dcc364fd13c, 45351, None)
[2025-12-02T16:52:28.572+0000] {subprocess.py:93} INFO - 25/12/02 16:52:28 INFO BlockManagerMaster: Registered BlockManager BlockManagerId(driver, 3dcc364fd13c, 45351, None)
[2025-12-02T16:52:28.573+0000] {subprocess.py:93} INFO - 25/12/02 16:52:28 INFO BlockManager: Initialized BlockManager: BlockManagerId(driver, 3dcc364fd13c, 45351, None)
[2025-12-02T16:52:28.588+0000] {subprocess.py:93} INFO - 25/12/02 16:52:28 INFO StandaloneAppClient$ClientEndpoint: Executor added: app-20251202165228-0000/0 on worker-20251202164624-172.19.0.15-45475 (172.19.0.15:45475) with 20 core(s)
[2025-12-02T16:52:28.589+0000] {subprocess.py:93} INFO - 25/12/02 16:52:28 INFO StandaloneSchedulerBackend: Granted executor ID app-20251202165228-0000/0 on hostPort 172.19.0.15:45475 with 20 core(s), 1024.0 MiB RAM
[2025-12-02T16:52:28.589+0000] {subprocess.py:93} INFO - 25/12/02 16:52:28 INFO StandaloneAppClient$ClientEndpoint: Executor added: app-20251202165228-0000/1 on worker-20251202164624-172.19.0.14-43433 (172.19.0.14:43433) with 20 core(s)
[2025-12-02T16:52:28.589+0000] {subprocess.py:93} INFO - 25/12/02 16:52:28 INFO StandaloneSchedulerBackend: Granted executor ID app-20251202165228-0000/1 on hostPort 172.19.0.14:43433 with 20 core(s), 1024.0 MiB RAM
[2025-12-02T16:52:28.723+0000] {subprocess.py:93} INFO - 25/12/02 16:52:28 INFO StandaloneSchedulerBackend: SchedulerBackend is ready for scheduling beginning after reached minRegisteredResourcesRatio: 0.0
[2025-12-02T16:52:28.759+0000] {subprocess.py:93} INFO - 25/12/02 16:52:28 INFO StandaloneAppClient$ClientEndpoint: Executor updated: app-20251202165228-0000/1 is now RUNNING
[2025-12-02T16:52:28.765+0000] {subprocess.py:93} INFO - 25/12/02 16:52:28 INFO StandaloneAppClient$ClientEndpoint: Executor updated: app-20251202165228-0000/0 is now RUNNING
[2025-12-02T16:52:28.941+0000] {subprocess.py:93} INFO - 25/12/02 16:52:28 INFO SharedState: Setting hive.metastore.warehouse.dir ('null') to the value of spark.sql.warehouse.dir.
[2025-12-02T16:52:29.380+0000] {subprocess.py:93} INFO - 25/12/02 16:52:29 INFO SharedState: Warehouse path is 'hdfs://namenode:9000/hive/warehouse'.
[2025-12-02T16:52:31.279+0000] {subprocess.py:93} INFO - 25/12/02 16:52:31 INFO CoarseGrainedSchedulerBackend$DriverEndpoint: Registered executor NettyRpcEndpointRef(spark-client://Executor) (172.19.0.14:37096) with ID 1,  ResourceProfileId 0
[2025-12-02T16:52:31.281+0000] {subprocess.py:93} INFO - 25/12/02 16:52:31 INFO CoarseGrainedSchedulerBackend$DriverEndpoint: Registered executor NettyRpcEndpointRef(spark-client://Executor) (172.19.0.15:55884) with ID 0,  ResourceProfileId 0
[2025-12-02T16:52:31.347+0000] {subprocess.py:93} INFO - 25/12/02 16:52:31 INFO BlockManagerMasterEndpoint: Registering block manager 172.19.0.15:35051 with 366.3 MiB RAM, BlockManagerId(0, 172.19.0.15, 35051, None)
[2025-12-02T16:52:31.359+0000] {subprocess.py:93} INFO - 25/12/02 16:52:31 INFO BlockManagerMasterEndpoint: Registering block manager 172.19.0.14:34659 with 366.3 MiB RAM, BlockManagerId(1, 172.19.0.14, 34659, None)
[2025-12-02T16:52:32.387+0000] {subprocess.py:93} INFO - 25/12/02 16:52:32 INFO HiveConf: Found configuration file null
[2025-12-02T16:52:32.398+0000] {subprocess.py:93} INFO - 25/12/02 16:52:32 INFO HiveUtils: Initializing HiveMetastoreConnection version 2.3.9 using Spark classes.
[2025-12-02T16:52:32.705+0000] {subprocess.py:93} INFO - 25/12/02 16:52:32 INFO HiveClientImpl: Warehouse location for Hive client (version 2.3.9) is hdfs://namenode:9000/hive/warehouse
[2025-12-02T16:52:33.128+0000] {subprocess.py:93} INFO - 
[2025-12-02T16:52:33.129+0000] {subprocess.py:93} INFO - --- Reading from PG table: gold_dim_airport ---
[2025-12-02T16:52:33.376+0000] {subprocess.py:93} INFO - Schema inferred from PostgreSQL table 'gold_dim_airport':
[2025-12-02T16:52:33.401+0000] {subprocess.py:93} INFO - root
[2025-12-02T16:52:33.401+0000] {subprocess.py:93} INFO -  |-- id: integer (nullable = true)
[2025-12-02T16:52:33.402+0000] {subprocess.py:93} INFO -  |-- iata_code: string (nullable = true)
[2025-12-02T16:52:33.402+0000] {subprocess.py:93} INFO -  |-- airport: string (nullable = true)
[2025-12-02T16:52:33.402+0000] {subprocess.py:93} INFO -  |-- city: string (nullable = true)
[2025-12-02T16:52:33.402+0000] {subprocess.py:93} INFO -  |-- state: string (nullable = true)
[2025-12-02T16:52:33.402+0000] {subprocess.py:93} INFO -  |-- latitude: string (nullable = true)
[2025-12-02T16:52:33.402+0000] {subprocess.py:93} INFO -  |-- longitude: string (nullable = true)
[2025-12-02T16:52:33.402+0000] {subprocess.py:93} INFO - 
[2025-12-02T16:52:33.780+0000] {subprocess.py:93} INFO - 25/12/02 16:52:33 INFO ParquetFileFormat: Using default output committer for Parquet: org.apache.parquet.hadoop.ParquetOutputCommitter
[2025-12-02T16:52:33.816+0000] {subprocess.py:93} INFO - 25/12/02 16:52:33 INFO FileOutputCommitter: File Output Committer Algorithm version is 1
[2025-12-02T16:52:33.816+0000] {subprocess.py:93} INFO - 25/12/02 16:52:33 INFO FileOutputCommitter: FileOutputCommitter skip cleanup _temporary folders under output directory:false, ignore cleanup failures: false
[2025-12-02T16:52:33.817+0000] {subprocess.py:93} INFO - 25/12/02 16:52:33 INFO SQLHadoopMapReduceCommitProtocol: Using user defined output committer class org.apache.parquet.hadoop.ParquetOutputCommitter
[2025-12-02T16:52:33.817+0000] {subprocess.py:93} INFO - 25/12/02 16:52:33 INFO FileOutputCommitter: File Output Committer Algorithm version is 1
[2025-12-02T16:52:33.817+0000] {subprocess.py:93} INFO - 25/12/02 16:52:33 INFO FileOutputCommitter: FileOutputCommitter skip cleanup _temporary folders under output directory:false, ignore cleanup failures: false
[2025-12-02T16:52:33.817+0000] {subprocess.py:93} INFO - 25/12/02 16:52:33 INFO SQLHadoopMapReduceCommitProtocol: Using output committer class org.apache.parquet.hadoop.ParquetOutputCommitter
[2025-12-02T16:52:34.326+0000] {subprocess.py:93} INFO - 25/12/02 16:52:34 INFO CodeGenerator: Code generated in 143.640954 ms
[2025-12-02T16:52:34.418+0000] {subprocess.py:93} INFO - 25/12/02 16:52:34 INFO SparkContext: Starting job: saveAsTable at NativeMethodAccessorImpl.java:0
[2025-12-02T16:52:34.430+0000] {subprocess.py:93} INFO - 25/12/02 16:52:34 INFO DAGScheduler: Got job 0 (saveAsTable at NativeMethodAccessorImpl.java:0) with 1 output partitions
[2025-12-02T16:52:34.430+0000] {subprocess.py:93} INFO - 25/12/02 16:52:34 INFO DAGScheduler: Final stage: ResultStage 0 (saveAsTable at NativeMethodAccessorImpl.java:0)
[2025-12-02T16:52:34.430+0000] {subprocess.py:93} INFO - 25/12/02 16:52:34 INFO DAGScheduler: Parents of final stage: List()
[2025-12-02T16:52:34.431+0000] {subprocess.py:93} INFO - 25/12/02 16:52:34 INFO DAGScheduler: Missing parents: List()
[2025-12-02T16:52:34.434+0000] {subprocess.py:93} INFO - 25/12/02 16:52:34 INFO DAGScheduler: Submitting ResultStage 0 (MapPartitionsRDD[1] at saveAsTable at NativeMethodAccessorImpl.java:0), which has no missing parents
[2025-12-02T16:52:34.550+0000] {subprocess.py:93} INFO - 25/12/02 16:52:34 INFO MemoryStore: Block broadcast_0 stored as values in memory (estimated size 214.3 KiB, free 366.1 MiB)
[2025-12-02T16:52:34.580+0000] {subprocess.py:93} INFO - 25/12/02 16:52:34 INFO MemoryStore: Block broadcast_0_piece0 stored as bytes in memory (estimated size 76.4 KiB, free 366.0 MiB)
[2025-12-02T16:52:34.583+0000] {subprocess.py:93} INFO - 25/12/02 16:52:34 INFO BlockManagerInfo: Added broadcast_0_piece0 in memory on 3dcc364fd13c:45351 (size: 76.4 KiB, free: 366.2 MiB)
[2025-12-02T16:52:34.585+0000] {subprocess.py:93} INFO - 25/12/02 16:52:34 INFO SparkContext: Created broadcast 0 from broadcast at DAGScheduler.scala:1513
[2025-12-02T16:52:34.597+0000] {subprocess.py:93} INFO - 25/12/02 16:52:34 INFO DAGScheduler: Submitting 1 missing tasks from ResultStage 0 (MapPartitionsRDD[1] at saveAsTable at NativeMethodAccessorImpl.java:0) (first 15 tasks are for partitions Vector(0))
[2025-12-02T16:52:34.597+0000] {subprocess.py:93} INFO - 25/12/02 16:52:34 INFO TaskSchedulerImpl: Adding task set 0.0 with 1 tasks resource profile 0
[2025-12-02T16:52:34.630+0000] {subprocess.py:93} INFO - 25/12/02 16:52:34 INFO TaskSetManager: Starting task 0.0 in stage 0.0 (TID 0) (172.19.0.14, executor 1, partition 0, PROCESS_LOCAL, 4303 bytes) taskResourceAssignments Map()
[2025-12-02T16:52:34.848+0000] {subprocess.py:93} INFO - 25/12/02 16:52:34 INFO BlockManagerInfo: Added broadcast_0_piece0 in memory on 172.19.0.14:34659 (size: 76.4 KiB, free: 366.2 MiB)
[2025-12-02T16:52:38.016+0000] {subprocess.py:93} INFO - 25/12/02 16:52:38 INFO TaskSetManager: Finished task 0.0 in stage 0.0 (TID 0) in 3394 ms on 172.19.0.14 (executor 1) (1/1)
[2025-12-02T16:52:38.017+0000] {subprocess.py:93} INFO - 25/12/02 16:52:38 INFO TaskSchedulerImpl: Removed TaskSet 0.0, whose tasks have all completed, from pool
[2025-12-02T16:52:38.023+0000] {subprocess.py:93} INFO - 25/12/02 16:52:38 INFO DAGScheduler: ResultStage 0 (saveAsTable at NativeMethodAccessorImpl.java:0) finished in 3.578 s
[2025-12-02T16:52:38.024+0000] {subprocess.py:93} INFO - 25/12/02 16:52:38 INFO DAGScheduler: Job 0 is finished. Cancelling potential speculative or zombie tasks for this job
[2025-12-02T16:52:38.025+0000] {subprocess.py:93} INFO - 25/12/02 16:52:38 INFO TaskSchedulerImpl: Killing all running tasks in stage 0: Stage finished
[2025-12-02T16:52:38.026+0000] {subprocess.py:93} INFO - 25/12/02 16:52:38 INFO DAGScheduler: Job 0 finished: saveAsTable at NativeMethodAccessorImpl.java:0, took 3.607921 s
[2025-12-02T16:52:38.028+0000] {subprocess.py:93} INFO - 25/12/02 16:52:38 INFO FileFormatWriter: Start to commit write Job 23e42b34-b0a9-4bbf-851f-3e2f27199ce3.
[2025-12-02T16:52:38.099+0000] {subprocess.py:93} INFO - 25/12/02 16:52:38 INFO FileFormatWriter: Write Job 23e42b34-b0a9-4bbf-851f-3e2f27199ce3 committed. Elapsed time: 70 ms.
[2025-12-02T16:52:38.102+0000] {subprocess.py:93} INFO - 25/12/02 16:52:38 INFO FileFormatWriter: Finished processing stats for write job 23e42b34-b0a9-4bbf-851f-3e2f27199ce3.
[2025-12-02T16:52:38.170+0000] {subprocess.py:93} INFO - 25/12/02 16:52:38 INFO InMemoryFileIndex: It took 31 ms to list leaf files for 1 paths.
[2025-12-02T16:52:38.216+0000] {subprocess.py:93} INFO - 25/12/02 16:52:38 INFO HiveExternalCatalog: Persisting file based data source table `flight_data`.`dim_airport` into Hive metastore in Hive compatible format.
[2025-12-02T16:52:39.201+0000] {subprocess.py:93} INFO - Successfully created Hive table: flight_data.dim_airport
[2025-12-02T16:52:39.201+0000] {subprocess.py:93} INFO - 
[2025-12-02T16:52:39.201+0000] {subprocess.py:93} INFO - --- Reading from PG table: gold_dim_date ---
[2025-12-02T16:52:39.214+0000] {subprocess.py:93} INFO - Schema inferred from PostgreSQL table 'gold_dim_date':
[2025-12-02T16:52:39.214+0000] {subprocess.py:93} INFO - root
[2025-12-02T16:52:39.215+0000] {subprocess.py:93} INFO -  |-- id: integer (nullable = true)
[2025-12-02T16:52:39.215+0000] {subprocess.py:93} INFO -  |-- calender_date: integer (nullable = true)
[2025-12-02T16:52:39.215+0000] {subprocess.py:93} INFO -  |-- day_of_week: short (nullable = true)
[2025-12-02T16:52:39.215+0000] {subprocess.py:93} INFO -  |-- day_of_month: short (nullable = true)
[2025-12-02T16:52:39.215+0000] {subprocess.py:93} INFO -  |-- month_name: string (nullable = true)
[2025-12-02T16:52:39.215+0000] {subprocess.py:93} INFO -  |-- month_number: short (nullable = true)
[2025-12-02T16:52:39.215+0000] {subprocess.py:93} INFO -  |-- quarter: short (nullable = true)
[2025-12-02T16:52:39.215+0000] {subprocess.py:93} INFO -  |-- is_weekend: boolean (nullable = true)
[2025-12-02T16:52:39.216+0000] {subprocess.py:93} INFO - 
[2025-12-02T16:52:39.348+0000] {subprocess.py:93} INFO - 25/12/02 16:52:39 INFO ParquetFileFormat: Using default output committer for Parquet: org.apache.parquet.hadoop.ParquetOutputCommitter
[2025-12-02T16:52:39.349+0000] {subprocess.py:93} INFO - 25/12/02 16:52:39 INFO FileOutputCommitter: File Output Committer Algorithm version is 1
[2025-12-02T16:52:39.349+0000] {subprocess.py:93} INFO - 25/12/02 16:52:39 INFO FileOutputCommitter: FileOutputCommitter skip cleanup _temporary folders under output directory:false, ignore cleanup failures: false
[2025-12-02T16:52:39.349+0000] {subprocess.py:93} INFO - 25/12/02 16:52:39 INFO SQLHadoopMapReduceCommitProtocol: Using user defined output committer class org.apache.parquet.hadoop.ParquetOutputCommitter
[2025-12-02T16:52:39.349+0000] {subprocess.py:93} INFO - 25/12/02 16:52:39 INFO FileOutputCommitter: File Output Committer Algorithm version is 1
[2025-12-02T16:52:39.349+0000] {subprocess.py:93} INFO - 25/12/02 16:52:39 INFO FileOutputCommitter: FileOutputCommitter skip cleanup _temporary folders under output directory:false, ignore cleanup failures: false
[2025-12-02T16:52:39.349+0000] {subprocess.py:93} INFO - 25/12/02 16:52:39 INFO SQLHadoopMapReduceCommitProtocol: Using output committer class org.apache.parquet.hadoop.ParquetOutputCommitter
[2025-12-02T16:52:39.366+0000] {subprocess.py:93} INFO - 25/12/02 16:52:39 INFO CodeGenerator: Code generated in 9.822241 ms
[2025-12-02T16:52:39.380+0000] {subprocess.py:93} INFO - 25/12/02 16:52:39 INFO SparkContext: Starting job: saveAsTable at NativeMethodAccessorImpl.java:0
[2025-12-02T16:52:39.381+0000] {subprocess.py:93} INFO - 25/12/02 16:52:39 INFO DAGScheduler: Got job 1 (saveAsTable at NativeMethodAccessorImpl.java:0) with 1 output partitions
[2025-12-02T16:52:39.381+0000] {subprocess.py:93} INFO - 25/12/02 16:52:39 INFO DAGScheduler: Final stage: ResultStage 1 (saveAsTable at NativeMethodAccessorImpl.java:0)
[2025-12-02T16:52:39.381+0000] {subprocess.py:93} INFO - 25/12/02 16:52:39 INFO DAGScheduler: Parents of final stage: List()
[2025-12-02T16:52:39.381+0000] {subprocess.py:93} INFO - 25/12/02 16:52:39 INFO DAGScheduler: Missing parents: List()
[2025-12-02T16:52:39.382+0000] {subprocess.py:93} INFO - 25/12/02 16:52:39 INFO DAGScheduler: Submitting ResultStage 1 (MapPartitionsRDD[3] at saveAsTable at NativeMethodAccessorImpl.java:0), which has no missing parents
[2025-12-02T16:52:39.395+0000] {subprocess.py:93} INFO - 25/12/02 16:52:39 INFO MemoryStore: Block broadcast_1 stored as values in memory (estimated size 214.9 KiB, free 365.8 MiB)
[2025-12-02T16:52:39.398+0000] {subprocess.py:93} INFO - 25/12/02 16:52:39 INFO MemoryStore: Block broadcast_1_piece0 stored as bytes in memory (estimated size 76.7 KiB, free 365.7 MiB)
[2025-12-02T16:52:39.399+0000] {subprocess.py:93} INFO - 25/12/02 16:52:39 INFO BlockManagerInfo: Added broadcast_1_piece0 in memory on 3dcc364fd13c:45351 (size: 76.7 KiB, free: 366.2 MiB)
[2025-12-02T16:52:39.399+0000] {subprocess.py:93} INFO - 25/12/02 16:52:39 INFO SparkContext: Created broadcast 1 from broadcast at DAGScheduler.scala:1513
[2025-12-02T16:52:39.400+0000] {subprocess.py:93} INFO - 25/12/02 16:52:39 INFO DAGScheduler: Submitting 1 missing tasks from ResultStage 1 (MapPartitionsRDD[3] at saveAsTable at NativeMethodAccessorImpl.java:0) (first 15 tasks are for partitions Vector(0))
[2025-12-02T16:52:39.400+0000] {subprocess.py:93} INFO - 25/12/02 16:52:39 INFO TaskSchedulerImpl: Adding task set 1.0 with 1 tasks resource profile 0
[2025-12-02T16:52:39.402+0000] {subprocess.py:93} INFO - 25/12/02 16:52:39 INFO TaskSetManager: Starting task 0.0 in stage 1.0 (TID 1) (172.19.0.14, executor 1, partition 0, PROCESS_LOCAL, 4303 bytes) taskResourceAssignments Map()
[2025-12-02T16:52:39.427+0000] {subprocess.py:93} INFO - 25/12/02 16:52:39 INFO BlockManagerInfo: Added broadcast_1_piece0 in memory on 172.19.0.14:34659 (size: 76.7 KiB, free: 366.2 MiB)
[2025-12-02T16:52:39.541+0000] {subprocess.py:93} INFO - 25/12/02 16:52:39 INFO TaskSetManager: Finished task 0.0 in stage 1.0 (TID 1) in 139 ms on 172.19.0.14 (executor 1) (1/1)
[2025-12-02T16:52:39.541+0000] {subprocess.py:93} INFO - 25/12/02 16:52:39 INFO TaskSchedulerImpl: Removed TaskSet 1.0, whose tasks have all completed, from pool
[2025-12-02T16:52:39.541+0000] {subprocess.py:93} INFO - 25/12/02 16:52:39 INFO DAGScheduler: ResultStage 1 (saveAsTable at NativeMethodAccessorImpl.java:0) finished in 0.159 s
[2025-12-02T16:52:39.541+0000] {subprocess.py:93} INFO - 25/12/02 16:52:39 INFO DAGScheduler: Job 1 is finished. Cancelling potential speculative or zombie tasks for this job
[2025-12-02T16:52:39.542+0000] {subprocess.py:93} INFO - 25/12/02 16:52:39 INFO TaskSchedulerImpl: Killing all running tasks in stage 1: Stage finished
[2025-12-02T16:52:39.542+0000] {subprocess.py:93} INFO - 25/12/02 16:52:39 INFO DAGScheduler: Job 1 finished: saveAsTable at NativeMethodAccessorImpl.java:0, took 0.161583 s
[2025-12-02T16:52:39.542+0000] {subprocess.py:93} INFO - 25/12/02 16:52:39 INFO FileFormatWriter: Start to commit write Job 7e86259f-d9d5-4266-a851-8cb5c77adc33.
[2025-12-02T16:52:39.563+0000] {subprocess.py:93} INFO - 25/12/02 16:52:39 INFO FileFormatWriter: Write Job 7e86259f-d9d5-4266-a851-8cb5c77adc33 committed. Elapsed time: 20 ms.
[2025-12-02T16:52:39.563+0000] {subprocess.py:93} INFO - 25/12/02 16:52:39 INFO FileFormatWriter: Finished processing stats for write job 7e86259f-d9d5-4266-a851-8cb5c77adc33.
[2025-12-02T16:52:39.578+0000] {subprocess.py:93} INFO - 25/12/02 16:52:39 INFO InMemoryFileIndex: It took 4 ms to list leaf files for 1 paths.
[2025-12-02T16:52:39.586+0000] {subprocess.py:93} INFO - 25/12/02 16:52:39 INFO HiveExternalCatalog: Persisting file based data source table `flight_data`.`dim_date` into Hive metastore in Hive compatible format.
[2025-12-02T16:52:39.611+0000] {subprocess.py:93} INFO - Successfully created Hive table: flight_data.dim_date
[2025-12-02T16:52:39.611+0000] {subprocess.py:93} INFO - 
[2025-12-02T16:52:39.611+0000] {subprocess.py:93} INFO - --- Reading from PG table: gold_dim_flight ---
[2025-12-02T16:52:39.630+0000] {subprocess.py:93} INFO - Schema inferred from PostgreSQL table 'gold_dim_flight':
[2025-12-02T16:52:39.630+0000] {subprocess.py:93} INFO - root
[2025-12-02T16:52:39.630+0000] {subprocess.py:93} INFO -  |-- id: integer (nullable = true)
[2025-12-02T16:52:39.630+0000] {subprocess.py:93} INFO -  |-- day: integer (nullable = true)
[2025-12-02T16:52:39.630+0000] {subprocess.py:93} INFO -  |-- day_of_week: integer (nullable = true)
[2025-12-02T16:52:39.631+0000] {subprocess.py:93} INFO -  |-- flight_number: integer (nullable = true)
[2025-12-02T16:52:39.631+0000] {subprocess.py:93} INFO -  |-- carrier_code: string (nullable = true)
[2025-12-02T16:52:39.631+0000] {subprocess.py:93} INFO -  |-- tail_number: string (nullable = true)
[2025-12-02T16:52:39.631+0000] {subprocess.py:93} INFO -  |-- carrier_name: string (nullable = true)
[2025-12-02T16:52:39.631+0000] {subprocess.py:93} INFO -  |-- aircraft_type: string (nullable = true)
[2025-12-02T16:52:39.631+0000] {subprocess.py:93} INFO -  |-- origin_airport: string (nullable = true)
[2025-12-02T16:52:39.631+0000] {subprocess.py:93} INFO -  |-- destination_airport: string (nullable = true)
[2025-12-02T16:52:39.631+0000] {subprocess.py:93} INFO -  |-- scheduled_departure: integer (nullable = true)
[2025-12-02T16:52:39.631+0000] {subprocess.py:93} INFO -  |-- departure_time: float (nullable = true)
[2025-12-02T16:52:39.631+0000] {subprocess.py:93} INFO -  |-- departure_delay: float (nullable = true)
[2025-12-02T16:52:39.632+0000] {subprocess.py:93} INFO -  |-- taxi_out: float (nullable = true)
[2025-12-02T16:52:39.632+0000] {subprocess.py:93} INFO -  |-- wheels_off: float (nullable = true)
[2025-12-02T16:52:39.632+0000] {subprocess.py:93} INFO -  |-- scheduled_time: float (nullable = true)
[2025-12-02T16:52:39.632+0000] {subprocess.py:93} INFO -  |-- elapsed_time: float (nullable = true)
[2025-12-02T16:52:39.632+0000] {subprocess.py:93} INFO -  |-- air_time: float (nullable = true)
[2025-12-02T16:52:39.632+0000] {subprocess.py:93} INFO -  |-- distance: integer (nullable = true)
[2025-12-02T16:52:39.632+0000] {subprocess.py:93} INFO -  |-- wheels_on: float (nullable = true)
[2025-12-02T16:52:39.632+0000] {subprocess.py:93} INFO -  |-- taxi_in: float (nullable = true)
[2025-12-02T16:52:39.632+0000] {subprocess.py:93} INFO -  |-- scheduled_arrival: integer (nullable = true)
[2025-12-02T16:52:39.632+0000] {subprocess.py:93} INFO -  |-- arrival_time: float (nullable = true)
[2025-12-02T16:52:39.633+0000] {subprocess.py:93} INFO -  |-- arrival_delay: float (nullable = true)
[2025-12-02T16:52:39.633+0000] {subprocess.py:93} INFO -  |-- diverted: boolean (nullable = true)
[2025-12-02T16:52:39.633+0000] {subprocess.py:93} INFO -  |-- cancelled: boolean (nullable = true)
[2025-12-02T16:52:39.633+0000] {subprocess.py:93} INFO -  |-- air_system_delay: float (nullable = true)
[2025-12-02T16:52:39.633+0000] {subprocess.py:93} INFO -  |-- security_delay: float (nullable = true)
[2025-12-02T16:52:39.633+0000] {subprocess.py:93} INFO -  |-- airline_delay: float (nullable = true)
[2025-12-02T16:52:39.633+0000] {subprocess.py:93} INFO -  |-- late_aircraft_delay: float (nullable = true)
[2025-12-02T16:52:39.633+0000] {subprocess.py:93} INFO -  |-- weather_delay: float (nullable = true)
[2025-12-02T16:52:39.633+0000] {subprocess.py:93} INFO -  |-- arrived_earlier: boolean (nullable = true)
[2025-12-02T16:52:39.634+0000] {subprocess.py:93} INFO - 
[2025-12-02T16:52:39.736+0000] {subprocess.py:93} INFO - 25/12/02 16:52:39 WARN package: Truncated the string representation of a plan since it was too large. This behavior can be adjusted by setting 'spark.sql.debug.maxToStringFields'.
[2025-12-02T16:52:39.749+0000] {subprocess.py:93} INFO - 25/12/02 16:52:39 INFO ParquetFileFormat: Using default output committer for Parquet: org.apache.parquet.hadoop.ParquetOutputCommitter
[2025-12-02T16:52:39.753+0000] {subprocess.py:93} INFO - 25/12/02 16:52:39 INFO FileOutputCommitter: File Output Committer Algorithm version is 1
[2025-12-02T16:52:39.753+0000] {subprocess.py:93} INFO - 25/12/02 16:52:39 INFO FileOutputCommitter: FileOutputCommitter skip cleanup _temporary folders under output directory:false, ignore cleanup failures: false
[2025-12-02T16:52:39.753+0000] {subprocess.py:93} INFO - 25/12/02 16:52:39 INFO SQLHadoopMapReduceCommitProtocol: Using user defined output committer class org.apache.parquet.hadoop.ParquetOutputCommitter
[2025-12-02T16:52:39.753+0000] {subprocess.py:93} INFO - 25/12/02 16:52:39 INFO FileOutputCommitter: File Output Committer Algorithm version is 1
[2025-12-02T16:52:39.753+0000] {subprocess.py:93} INFO - 25/12/02 16:52:39 INFO FileOutputCommitter: FileOutputCommitter skip cleanup _temporary folders under output directory:false, ignore cleanup failures: false
[2025-12-02T16:52:39.753+0000] {subprocess.py:93} INFO - 25/12/02 16:52:39 INFO SQLHadoopMapReduceCommitProtocol: Using output committer class org.apache.parquet.hadoop.ParquetOutputCommitter
[2025-12-02T16:52:39.813+0000] {subprocess.py:93} INFO - 25/12/02 16:52:39 INFO CodeGenerator: Code generated in 47.360335 ms
[2025-12-02T16:52:39.830+0000] {subprocess.py:93} INFO - 25/12/02 16:52:39 INFO SparkContext: Starting job: saveAsTable at NativeMethodAccessorImpl.java:0
[2025-12-02T16:52:39.831+0000] {subprocess.py:93} INFO - 25/12/02 16:52:39 INFO DAGScheduler: Got job 2 (saveAsTable at NativeMethodAccessorImpl.java:0) with 1 output partitions
[2025-12-02T16:52:39.832+0000] {subprocess.py:93} INFO - 25/12/02 16:52:39 INFO DAGScheduler: Final stage: ResultStage 2 (saveAsTable at NativeMethodAccessorImpl.java:0)
[2025-12-02T16:52:39.832+0000] {subprocess.py:93} INFO - 25/12/02 16:52:39 INFO DAGScheduler: Parents of final stage: List()
[2025-12-02T16:52:39.832+0000] {subprocess.py:93} INFO - 25/12/02 16:52:39 INFO DAGScheduler: Missing parents: List()
[2025-12-02T16:52:39.833+0000] {subprocess.py:93} INFO - 25/12/02 16:52:39 INFO DAGScheduler: Submitting ResultStage 2 (MapPartitionsRDD[5] at saveAsTable at NativeMethodAccessorImpl.java:0), which has no missing parents
[2025-12-02T16:52:39.845+0000] {subprocess.py:93} INFO - 25/12/02 16:52:39 INFO MemoryStore: Block broadcast_2 stored as values in memory (estimated size 225.6 KiB, free 365.5 MiB)
[2025-12-02T16:52:39.847+0000] {subprocess.py:93} INFO - 25/12/02 16:52:39 INFO MemoryStore: Block broadcast_2_piece0 stored as bytes in memory (estimated size 79.2 KiB, free 365.4 MiB)
[2025-12-02T16:52:39.847+0000] {subprocess.py:93} INFO - 25/12/02 16:52:39 INFO BlockManagerInfo: Added broadcast_2_piece0 in memory on 3dcc364fd13c:45351 (size: 79.2 KiB, free: 366.1 MiB)
[2025-12-02T16:52:39.848+0000] {subprocess.py:93} INFO - 25/12/02 16:52:39 INFO SparkContext: Created broadcast 2 from broadcast at DAGScheduler.scala:1513
[2025-12-02T16:52:39.848+0000] {subprocess.py:93} INFO - 25/12/02 16:52:39 INFO DAGScheduler: Submitting 1 missing tasks from ResultStage 2 (MapPartitionsRDD[5] at saveAsTable at NativeMethodAccessorImpl.java:0) (first 15 tasks are for partitions Vector(0))
[2025-12-02T16:52:39.849+0000] {subprocess.py:93} INFO - 25/12/02 16:52:39 INFO TaskSchedulerImpl: Adding task set 2.0 with 1 tasks resource profile 0
[2025-12-02T16:52:39.850+0000] {subprocess.py:93} INFO - 25/12/02 16:52:39 INFO TaskSetManager: Starting task 0.0 in stage 2.0 (TID 2) (172.19.0.15, executor 0, partition 0, PROCESS_LOCAL, 4303 bytes) taskResourceAssignments Map()
[2025-12-02T16:52:40.006+0000] {subprocess.py:93} INFO - 25/12/02 16:52:40 INFO BlockManagerInfo: Added broadcast_2_piece0 in memory on 172.19.0.15:35051 (size: 79.2 KiB, free: 366.2 MiB)
[2025-12-02T16:52:41.876+0000] {subprocess.py:93} INFO - 25/12/02 16:52:41 INFO TaskSetManager: Finished task 0.0 in stage 2.0 (TID 2) in 2027 ms on 172.19.0.15 (executor 0) (1/1)
[2025-12-02T16:52:41.876+0000] {subprocess.py:93} INFO - 25/12/02 16:52:41 INFO TaskSchedulerImpl: Removed TaskSet 2.0, whose tasks have all completed, from pool
[2025-12-02T16:52:41.877+0000] {subprocess.py:93} INFO - 25/12/02 16:52:41 INFO DAGScheduler: ResultStage 2 (saveAsTable at NativeMethodAccessorImpl.java:0) finished in 2.043 s
[2025-12-02T16:52:41.877+0000] {subprocess.py:93} INFO - 25/12/02 16:52:41 INFO DAGScheduler: Job 2 is finished. Cancelling potential speculative or zombie tasks for this job
[2025-12-02T16:52:41.877+0000] {subprocess.py:93} INFO - 25/12/02 16:52:41 INFO TaskSchedulerImpl: Killing all running tasks in stage 2: Stage finished
[2025-12-02T16:52:41.877+0000] {subprocess.py:93} INFO - 25/12/02 16:52:41 INFO DAGScheduler: Job 2 finished: saveAsTable at NativeMethodAccessorImpl.java:0, took 2.046515 s
[2025-12-02T16:52:41.877+0000] {subprocess.py:93} INFO - 25/12/02 16:52:41 INFO FileFormatWriter: Start to commit write Job 79fc9144-0632-4c5e-8654-34cb78597f74.
[2025-12-02T16:52:41.894+0000] {subprocess.py:93} INFO - 25/12/02 16:52:41 INFO FileFormatWriter: Write Job 79fc9144-0632-4c5e-8654-34cb78597f74 committed. Elapsed time: 16 ms.
[2025-12-02T16:52:41.894+0000] {subprocess.py:93} INFO - 25/12/02 16:52:41 INFO FileFormatWriter: Finished processing stats for write job 79fc9144-0632-4c5e-8654-34cb78597f74.
[2025-12-02T16:52:41.910+0000] {subprocess.py:93} INFO - 25/12/02 16:52:41 INFO InMemoryFileIndex: It took 4 ms to list leaf files for 1 paths.
[2025-12-02T16:52:41.925+0000] {subprocess.py:93} INFO - 25/12/02 16:52:41 INFO HiveExternalCatalog: Persisting file based data source table `flight_data`.`dim_flight` into Hive metastore in Hive compatible format.
[2025-12-02T16:52:41.973+0000] {subprocess.py:93} INFO - Successfully created Hive table: flight_data.dim_flight
[2025-12-02T16:52:41.974+0000] {subprocess.py:93} INFO - 
[2025-12-02T16:52:41.974+0000] {subprocess.py:93} INFO - --- Reading from PG table: gold_dim_passenger ---
[2025-12-02T16:52:41.995+0000] {subprocess.py:93} INFO - Schema inferred from PostgreSQL table 'gold_dim_passenger':
[2025-12-02T16:52:41.996+0000] {subprocess.py:93} INFO - root
[2025-12-02T16:52:41.996+0000] {subprocess.py:93} INFO -  |-- id: integer (nullable = true)
[2025-12-02T16:52:41.996+0000] {subprocess.py:93} INFO -  |-- full_name: string (nullable = true)
[2025-12-02T16:52:41.996+0000] {subprocess.py:93} INFO -  |-- gender: string (nullable = true)
[2025-12-02T16:52:41.997+0000] {subprocess.py:93} INFO -  |-- age: integer (nullable = true)
[2025-12-02T16:52:41.997+0000] {subprocess.py:93} INFO -  |-- nationality: string (nullable = true)
[2025-12-02T16:52:41.997+0000] {subprocess.py:93} INFO -  |-- loyality_status: string (nullable = true)
[2025-12-02T16:52:41.997+0000] {subprocess.py:93} INFO -  |-- has_complaints: boolean (nullable = true)
[2025-12-02T16:52:41.997+0000] {subprocess.py:93} INFO - 
[2025-12-02T16:52:42.101+0000] {subprocess.py:93} INFO - 25/12/02 16:52:42 INFO ParquetFileFormat: Using default output committer for Parquet: org.apache.parquet.hadoop.ParquetOutputCommitter
[2025-12-02T16:52:42.101+0000] {subprocess.py:93} INFO - 25/12/02 16:52:42 INFO FileOutputCommitter: File Output Committer Algorithm version is 1
[2025-12-02T16:52:42.102+0000] {subprocess.py:93} INFO - 25/12/02 16:52:42 INFO FileOutputCommitter: FileOutputCommitter skip cleanup _temporary folders under output directory:false, ignore cleanup failures: false
[2025-12-02T16:52:42.102+0000] {subprocess.py:93} INFO - 25/12/02 16:52:42 INFO SQLHadoopMapReduceCommitProtocol: Using user defined output committer class org.apache.parquet.hadoop.ParquetOutputCommitter
[2025-12-02T16:52:42.102+0000] {subprocess.py:93} INFO - 25/12/02 16:52:42 INFO FileOutputCommitter: File Output Committer Algorithm version is 1
[2025-12-02T16:52:42.102+0000] {subprocess.py:93} INFO - 25/12/02 16:52:42 INFO FileOutputCommitter: FileOutputCommitter skip cleanup _temporary folders under output directory:false, ignore cleanup failures: false
[2025-12-02T16:52:42.102+0000] {subprocess.py:93} INFO - 25/12/02 16:52:42 INFO SQLHadoopMapReduceCommitProtocol: Using output committer class org.apache.parquet.hadoop.ParquetOutputCommitter
[2025-12-02T16:52:42.115+0000] {subprocess.py:93} INFO - 25/12/02 16:52:42 INFO CodeGenerator: Code generated in 8.296969 ms
[2025-12-02T16:52:42.128+0000] {subprocess.py:93} INFO - 25/12/02 16:52:42 INFO SparkContext: Starting job: saveAsTable at NativeMethodAccessorImpl.java:0
[2025-12-02T16:52:42.128+0000] {subprocess.py:93} INFO - 25/12/02 16:52:42 INFO DAGScheduler: Got job 3 (saveAsTable at NativeMethodAccessorImpl.java:0) with 1 output partitions
[2025-12-02T16:52:42.128+0000] {subprocess.py:93} INFO - 25/12/02 16:52:42 INFO DAGScheduler: Final stage: ResultStage 3 (saveAsTable at NativeMethodAccessorImpl.java:0)
[2025-12-02T16:52:42.129+0000] {subprocess.py:93} INFO - 25/12/02 16:52:42 INFO DAGScheduler: Parents of final stage: List()
[2025-12-02T16:52:42.129+0000] {subprocess.py:93} INFO - 25/12/02 16:52:42 INFO DAGScheduler: Missing parents: List()
[2025-12-02T16:52:42.129+0000] {subprocess.py:93} INFO - 25/12/02 16:52:42 INFO DAGScheduler: Submitting ResultStage 3 (MapPartitionsRDD[7] at saveAsTable at NativeMethodAccessorImpl.java:0), which has no missing parents
[2025-12-02T16:52:42.141+0000] {subprocess.py:93} INFO - 25/12/02 16:52:42 INFO MemoryStore: Block broadcast_3 stored as values in memory (estimated size 214.4 KiB, free 365.2 MiB)
[2025-12-02T16:52:42.143+0000] {subprocess.py:93} INFO - 25/12/02 16:52:42 INFO MemoryStore: Block broadcast_3_piece0 stored as bytes in memory (estimated size 76.5 KiB, free 365.1 MiB)
[2025-12-02T16:52:42.143+0000] {subprocess.py:93} INFO - 25/12/02 16:52:42 INFO BlockManagerInfo: Added broadcast_3_piece0 in memory on 3dcc364fd13c:45351 (size: 76.5 KiB, free: 366.0 MiB)
[2025-12-02T16:52:42.143+0000] {subprocess.py:93} INFO - 25/12/02 16:52:42 INFO SparkContext: Created broadcast 3 from broadcast at DAGScheduler.scala:1513
[2025-12-02T16:52:42.143+0000] {subprocess.py:93} INFO - 25/12/02 16:52:42 INFO DAGScheduler: Submitting 1 missing tasks from ResultStage 3 (MapPartitionsRDD[7] at saveAsTable at NativeMethodAccessorImpl.java:0) (first 15 tasks are for partitions Vector(0))
[2025-12-02T16:52:42.144+0000] {subprocess.py:93} INFO - 25/12/02 16:52:42 INFO TaskSchedulerImpl: Adding task set 3.0 with 1 tasks resource profile 0
[2025-12-02T16:52:42.144+0000] {subprocess.py:93} INFO - 25/12/02 16:52:42 INFO TaskSetManager: Starting task 0.0 in stage 3.0 (TID 3) (172.19.0.15, executor 0, partition 0, PROCESS_LOCAL, 4303 bytes) taskResourceAssignments Map()
[2025-12-02T16:52:42.160+0000] {subprocess.py:93} INFO - 25/12/02 16:52:42 INFO BlockManagerInfo: Added broadcast_3_piece0 in memory on 172.19.0.15:35051 (size: 76.5 KiB, free: 366.1 MiB)
[2025-12-02T16:52:42.265+0000] {subprocess.py:93} INFO - 25/12/02 16:52:42 INFO TaskSetManager: Finished task 0.0 in stage 3.0 (TID 3) in 121 ms on 172.19.0.15 (executor 0) (1/1)
[2025-12-02T16:52:42.265+0000] {subprocess.py:93} INFO - 25/12/02 16:52:42 INFO TaskSchedulerImpl: Removed TaskSet 3.0, whose tasks have all completed, from pool
[2025-12-02T16:52:42.266+0000] {subprocess.py:93} INFO - 25/12/02 16:52:42 INFO DAGScheduler: ResultStage 3 (saveAsTable at NativeMethodAccessorImpl.java:0) finished in 0.136 s
[2025-12-02T16:52:42.266+0000] {subprocess.py:93} INFO - 25/12/02 16:52:42 INFO DAGScheduler: Job 3 is finished. Cancelling potential speculative or zombie tasks for this job
[2025-12-02T16:52:42.266+0000] {subprocess.py:93} INFO - 25/12/02 16:52:42 INFO TaskSchedulerImpl: Killing all running tasks in stage 3: Stage finished
[2025-12-02T16:52:42.266+0000] {subprocess.py:93} INFO - 25/12/02 16:52:42 INFO DAGScheduler: Job 3 finished: saveAsTable at NativeMethodAccessorImpl.java:0, took 0.138536 s
[2025-12-02T16:52:42.267+0000] {subprocess.py:93} INFO - 25/12/02 16:52:42 INFO FileFormatWriter: Start to commit write Job 78458df7-becc-4064-8e3d-411d5907feca.
[2025-12-02T16:52:42.294+0000] {subprocess.py:93} INFO - 25/12/02 16:52:42 INFO FileFormatWriter: Write Job 78458df7-becc-4064-8e3d-411d5907feca committed. Elapsed time: 27 ms.
[2025-12-02T16:52:42.295+0000] {subprocess.py:93} INFO - 25/12/02 16:52:42 INFO FileFormatWriter: Finished processing stats for write job 78458df7-becc-4064-8e3d-411d5907feca.
[2025-12-02T16:52:42.303+0000] {subprocess.py:93} INFO - 25/12/02 16:52:42 INFO InMemoryFileIndex: It took 2 ms to list leaf files for 1 paths.
[2025-12-02T16:52:42.309+0000] {subprocess.py:93} INFO - 25/12/02 16:52:42 INFO HiveExternalCatalog: Persisting file based data source table `flight_data`.`dim_passenger` into Hive metastore in Hive compatible format.
[2025-12-02T16:52:42.329+0000] {subprocess.py:93} INFO - Successfully created Hive table: flight_data.dim_passenger
[2025-12-02T16:52:42.330+0000] {subprocess.py:93} INFO - 
[2025-12-02T16:52:42.330+0000] {subprocess.py:93} INFO - --- Reading from PG table: gold_dim_ticket ---
[2025-12-02T16:52:42.340+0000] {subprocess.py:93} INFO - Schema inferred from PostgreSQL table 'gold_dim_ticket':
[2025-12-02T16:52:42.340+0000] {subprocess.py:93} INFO - root
[2025-12-02T16:52:42.340+0000] {subprocess.py:93} INFO -  |-- id: integer (nullable = true)
[2025-12-02T16:52:42.340+0000] {subprocess.py:93} INFO -  |-- booking_class: string (nullable = true)
[2025-12-02T16:52:42.340+0000] {subprocess.py:93} INFO -  |-- seat_number: integer (nullable = true)
[2025-12-02T16:52:42.340+0000] {subprocess.py:93} INFO -  |-- fare_type: string (nullable = true)
[2025-12-02T16:52:42.340+0000] {subprocess.py:93} INFO -  |-- baggage_allowance: integer (nullable = true)
[2025-12-02T16:52:42.340+0000] {subprocess.py:93} INFO - 
[2025-12-02T16:52:42.461+0000] {subprocess.py:93} INFO - 25/12/02 16:52:42 INFO ParquetFileFormat: Using default output committer for Parquet: org.apache.parquet.hadoop.ParquetOutputCommitter
[2025-12-02T16:52:42.462+0000] {subprocess.py:93} INFO - 25/12/02 16:52:42 INFO FileOutputCommitter: File Output Committer Algorithm version is 1
[2025-12-02T16:52:42.463+0000] {subprocess.py:93} INFO - 25/12/02 16:52:42 INFO FileOutputCommitter: FileOutputCommitter skip cleanup _temporary folders under output directory:false, ignore cleanup failures: false
[2025-12-02T16:52:42.463+0000] {subprocess.py:93} INFO - 25/12/02 16:52:42 INFO SQLHadoopMapReduceCommitProtocol: Using user defined output committer class org.apache.parquet.hadoop.ParquetOutputCommitter
[2025-12-02T16:52:42.463+0000] {subprocess.py:93} INFO - 25/12/02 16:52:42 INFO FileOutputCommitter: File Output Committer Algorithm version is 1
[2025-12-02T16:52:42.463+0000] {subprocess.py:93} INFO - 25/12/02 16:52:42 INFO FileOutputCommitter: FileOutputCommitter skip cleanup _temporary folders under output directory:false, ignore cleanup failures: false
[2025-12-02T16:52:42.464+0000] {subprocess.py:93} INFO - 25/12/02 16:52:42 INFO SQLHadoopMapReduceCommitProtocol: Using output committer class org.apache.parquet.hadoop.ParquetOutputCommitter
[2025-12-02T16:52:42.479+0000] {subprocess.py:93} INFO - 25/12/02 16:52:42 INFO CodeGenerator: Code generated in 6.528794 ms
[2025-12-02T16:52:42.490+0000] {subprocess.py:93} INFO - 25/12/02 16:52:42 INFO SparkContext: Starting job: saveAsTable at NativeMethodAccessorImpl.java:0
[2025-12-02T16:52:42.491+0000] {subprocess.py:93} INFO - 25/12/02 16:52:42 INFO DAGScheduler: Got job 4 (saveAsTable at NativeMethodAccessorImpl.java:0) with 1 output partitions
[2025-12-02T16:52:42.491+0000] {subprocess.py:93} INFO - 25/12/02 16:52:42 INFO DAGScheduler: Final stage: ResultStage 4 (saveAsTable at NativeMethodAccessorImpl.java:0)
[2025-12-02T16:52:42.491+0000] {subprocess.py:93} INFO - 25/12/02 16:52:42 INFO DAGScheduler: Parents of final stage: List()
[2025-12-02T16:52:42.491+0000] {subprocess.py:93} INFO - 25/12/02 16:52:42 INFO DAGScheduler: Missing parents: List()
[2025-12-02T16:52:42.491+0000] {subprocess.py:93} INFO - 25/12/02 16:52:42 INFO DAGScheduler: Submitting ResultStage 4 (MapPartitionsRDD[9] at saveAsTable at NativeMethodAccessorImpl.java:0), which has no missing parents
[2025-12-02T16:52:42.502+0000] {subprocess.py:93} INFO - 25/12/02 16:52:42 INFO MemoryStore: Block broadcast_4 stored as values in memory (estimated size 213.5 KiB, free 364.9 MiB)
[2025-12-02T16:52:42.504+0000] {subprocess.py:93} INFO - 25/12/02 16:52:42 INFO MemoryStore: Block broadcast_4_piece0 stored as bytes in memory (estimated size 76.4 KiB, free 364.9 MiB)
[2025-12-02T16:52:42.504+0000] {subprocess.py:93} INFO - 25/12/02 16:52:42 INFO BlockManagerInfo: Added broadcast_4_piece0 in memory on 3dcc364fd13c:45351 (size: 76.4 KiB, free: 365.9 MiB)
[2025-12-02T16:52:42.505+0000] {subprocess.py:93} INFO - 25/12/02 16:52:42 INFO SparkContext: Created broadcast 4 from broadcast at DAGScheduler.scala:1513
[2025-12-02T16:52:42.505+0000] {subprocess.py:93} INFO - 25/12/02 16:52:42 INFO DAGScheduler: Submitting 1 missing tasks from ResultStage 4 (MapPartitionsRDD[9] at saveAsTable at NativeMethodAccessorImpl.java:0) (first 15 tasks are for partitions Vector(0))
[2025-12-02T16:52:42.505+0000] {subprocess.py:93} INFO - 25/12/02 16:52:42 INFO TaskSchedulerImpl: Adding task set 4.0 with 1 tasks resource profile 0
[2025-12-02T16:52:42.506+0000] {subprocess.py:93} INFO - 25/12/02 16:52:42 INFO TaskSetManager: Starting task 0.0 in stage 4.0 (TID 4) (172.19.0.14, executor 1, partition 0, PROCESS_LOCAL, 4303 bytes) taskResourceAssignments Map()
[2025-12-02T16:52:42.520+0000] {subprocess.py:93} INFO - 25/12/02 16:52:42 INFO BlockManagerInfo: Added broadcast_4_piece0 in memory on 172.19.0.14:34659 (size: 76.4 KiB, free: 366.1 MiB)
[2025-12-02T16:52:42.591+0000] {subprocess.py:93} INFO - 25/12/02 16:52:42 INFO TaskSetManager: Finished task 0.0 in stage 4.0 (TID 4) in 84 ms on 172.19.0.14 (executor 1) (1/1)
[2025-12-02T16:52:42.591+0000] {subprocess.py:93} INFO - 25/12/02 16:52:42 INFO TaskSchedulerImpl: Removed TaskSet 4.0, whose tasks have all completed, from pool
[2025-12-02T16:52:42.591+0000] {subprocess.py:93} INFO - 25/12/02 16:52:42 INFO DAGScheduler: ResultStage 4 (saveAsTable at NativeMethodAccessorImpl.java:0) finished in 0.100 s
[2025-12-02T16:52:42.591+0000] {subprocess.py:93} INFO - 25/12/02 16:52:42 INFO DAGScheduler: Job 4 is finished. Cancelling potential speculative or zombie tasks for this job
[2025-12-02T16:52:42.591+0000] {subprocess.py:93} INFO - 25/12/02 16:52:42 INFO TaskSchedulerImpl: Killing all running tasks in stage 4: Stage finished
[2025-12-02T16:52:42.591+0000] {subprocess.py:93} INFO - 25/12/02 16:52:42 INFO DAGScheduler: Job 4 finished: saveAsTable at NativeMethodAccessorImpl.java:0, took 0.101306 s
[2025-12-02T16:52:42.591+0000] {subprocess.py:93} INFO - 25/12/02 16:52:42 INFO FileFormatWriter: Start to commit write Job d1ecb349-7681-486c-901e-3206e8f1e326.
[2025-12-02T16:52:42.604+0000] {subprocess.py:93} INFO - 25/12/02 16:52:42 INFO FileFormatWriter: Write Job d1ecb349-7681-486c-901e-3206e8f1e326 committed. Elapsed time: 11 ms.
[2025-12-02T16:52:42.604+0000] {subprocess.py:93} INFO - 25/12/02 16:52:42 INFO FileFormatWriter: Finished processing stats for write job d1ecb349-7681-486c-901e-3206e8f1e326.
[2025-12-02T16:52:42.612+0000] {subprocess.py:93} INFO - 25/12/02 16:52:42 INFO InMemoryFileIndex: It took 2 ms to list leaf files for 1 paths.
[2025-12-02T16:52:42.619+0000] {subprocess.py:93} INFO - 25/12/02 16:52:42 INFO HiveExternalCatalog: Persisting file based data source table `flight_data`.`dim_ticket` into Hive metastore in Hive compatible format.
[2025-12-02T16:52:42.635+0000] {subprocess.py:93} INFO - Successfully created Hive table: flight_data.dim_ticket
[2025-12-02T16:52:42.636+0000] {subprocess.py:93} INFO - 
[2025-12-02T16:52:42.636+0000] {subprocess.py:93} INFO - --- Reading from PG table: gold_dim_weather ---
[2025-12-02T16:52:42.651+0000] {subprocess.py:93} INFO - Schema inferred from PostgreSQL table 'gold_dim_weather':
[2025-12-02T16:52:42.652+0000] {subprocess.py:93} INFO - root
[2025-12-02T16:52:42.652+0000] {subprocess.py:93} INFO -  |-- id: integer (nullable = true)
[2025-12-02T16:52:42.652+0000] {subprocess.py:93} INFO -  |-- airport_iata: integer (nullable = true)
[2025-12-02T16:52:42.652+0000] {subprocess.py:93} INFO -  |-- date_id: integer (nullable = true)
[2025-12-02T16:52:42.652+0000] {subprocess.py:93} INFO -  |-- temperature_c: integer (nullable = true)
[2025-12-02T16:52:42.653+0000] {subprocess.py:93} INFO -  |-- precipitation_mm: integer (nullable = true)
[2025-12-02T16:52:42.653+0000] {subprocess.py:93} INFO -  |-- wind_speed_kph: integer (nullable = true)
[2025-12-02T16:52:42.653+0000] {subprocess.py:93} INFO -  |-- weather_condition: string (nullable = true)
[2025-12-02T16:52:42.653+0000] {subprocess.py:93} INFO - 
[2025-12-02T16:52:42.769+0000] {subprocess.py:93} INFO - 25/12/02 16:52:42 INFO ParquetFileFormat: Using default output committer for Parquet: org.apache.parquet.hadoop.ParquetOutputCommitter
[2025-12-02T16:52:42.770+0000] {subprocess.py:93} INFO - 25/12/02 16:52:42 INFO FileOutputCommitter: File Output Committer Algorithm version is 1
[2025-12-02T16:52:42.770+0000] {subprocess.py:93} INFO - 25/12/02 16:52:42 INFO FileOutputCommitter: FileOutputCommitter skip cleanup _temporary folders under output directory:false, ignore cleanup failures: false
[2025-12-02T16:52:42.770+0000] {subprocess.py:93} INFO - 25/12/02 16:52:42 INFO SQLHadoopMapReduceCommitProtocol: Using user defined output committer class org.apache.parquet.hadoop.ParquetOutputCommitter
[2025-12-02T16:52:42.770+0000] {subprocess.py:93} INFO - 25/12/02 16:52:42 INFO FileOutputCommitter: File Output Committer Algorithm version is 1
[2025-12-02T16:52:42.770+0000] {subprocess.py:93} INFO - 25/12/02 16:52:42 INFO FileOutputCommitter: FileOutputCommitter skip cleanup _temporary folders under output directory:false, ignore cleanup failures: false
[2025-12-02T16:52:42.770+0000] {subprocess.py:93} INFO - 25/12/02 16:52:42 INFO SQLHadoopMapReduceCommitProtocol: Using output committer class org.apache.parquet.hadoop.ParquetOutputCommitter
[2025-12-02T16:52:42.785+0000] {subprocess.py:93} INFO - 25/12/02 16:52:42 INFO CodeGenerator: Code generated in 6.422047 ms
[2025-12-02T16:52:42.796+0000] {subprocess.py:93} INFO - 25/12/02 16:52:42 INFO SparkContext: Starting job: saveAsTable at NativeMethodAccessorImpl.java:0
[2025-12-02T16:52:42.796+0000] {subprocess.py:93} INFO - 25/12/02 16:52:42 INFO DAGScheduler: Got job 5 (saveAsTable at NativeMethodAccessorImpl.java:0) with 1 output partitions
[2025-12-02T16:52:42.796+0000] {subprocess.py:93} INFO - 25/12/02 16:52:42 INFO DAGScheduler: Final stage: ResultStage 5 (saveAsTable at NativeMethodAccessorImpl.java:0)
[2025-12-02T16:52:42.796+0000] {subprocess.py:93} INFO - 25/12/02 16:52:42 INFO DAGScheduler: Parents of final stage: List()
[2025-12-02T16:52:42.797+0000] {subprocess.py:93} INFO - 25/12/02 16:52:42 INFO DAGScheduler: Missing parents: List()
[2025-12-02T16:52:42.797+0000] {subprocess.py:93} INFO - 25/12/02 16:52:42 INFO DAGScheduler: Submitting ResultStage 5 (MapPartitionsRDD[11] at saveAsTable at NativeMethodAccessorImpl.java:0), which has no missing parents
[2025-12-02T16:52:42.806+0000] {subprocess.py:93} INFO - 25/12/02 16:52:42 INFO MemoryStore: Block broadcast_5 stored as values in memory (estimated size 214.4 KiB, free 364.7 MiB)
[2025-12-02T16:52:42.822+0000] {subprocess.py:93} INFO - 25/12/02 16:52:42 INFO MemoryStore: Block broadcast_5_piece0 stored as bytes in memory (estimated size 76.5 KiB, free 364.6 MiB)
[2025-12-02T16:52:42.823+0000] {subprocess.py:93} INFO - 25/12/02 16:52:42 INFO BlockManagerInfo: Added broadcast_5_piece0 in memory on 3dcc364fd13c:45351 (size: 76.5 KiB, free: 365.8 MiB)
[2025-12-02T16:52:42.824+0000] {subprocess.py:93} INFO - 25/12/02 16:52:42 INFO SparkContext: Created broadcast 5 from broadcast at DAGScheduler.scala:1513
[2025-12-02T16:52:42.824+0000] {subprocess.py:93} INFO - 25/12/02 16:52:42 INFO DAGScheduler: Submitting 1 missing tasks from ResultStage 5 (MapPartitionsRDD[11] at saveAsTable at NativeMethodAccessorImpl.java:0) (first 15 tasks are for partitions Vector(0))
[2025-12-02T16:52:42.824+0000] {subprocess.py:93} INFO - 25/12/02 16:52:42 INFO TaskSchedulerImpl: Adding task set 5.0 with 1 tasks resource profile 0
[2025-12-02T16:52:42.825+0000] {subprocess.py:93} INFO - 25/12/02 16:52:42 INFO TaskSetManager: Starting task 0.0 in stage 5.0 (TID 5) (172.19.0.14, executor 1, partition 0, PROCESS_LOCAL, 4303 bytes) taskResourceAssignments Map()
[2025-12-02T16:52:42.835+0000] {subprocess.py:93} INFO - 25/12/02 16:52:42 INFO BlockManagerInfo: Added broadcast_5_piece0 in memory on 172.19.0.14:34659 (size: 76.5 KiB, free: 366.0 MiB)
[2025-12-02T16:52:42.858+0000] {subprocess.py:93} INFO - 25/12/02 16:52:42 INFO BlockManagerInfo: Removed broadcast_1_piece0 on 3dcc364fd13c:45351 in memory (size: 76.7 KiB, free: 365.9 MiB)
[2025-12-02T16:52:42.863+0000] {subprocess.py:93} INFO - 25/12/02 16:52:42 INFO BlockManagerInfo: Removed broadcast_1_piece0 on 172.19.0.14:34659 in memory (size: 76.7 KiB, free: 366.1 MiB)
[2025-12-02T16:52:42.870+0000] {subprocess.py:93} INFO - 25/12/02 16:52:42 INFO BlockManagerInfo: Removed broadcast_2_piece0 on 3dcc364fd13c:45351 in memory (size: 79.2 KiB, free: 366.0 MiB)
[2025-12-02T16:52:42.874+0000] {subprocess.py:93} INFO - 25/12/02 16:52:42 INFO BlockManagerInfo: Removed broadcast_2_piece0 on 172.19.0.15:35051 in memory (size: 79.2 KiB, free: 366.2 MiB)
[2025-12-02T16:52:42.880+0000] {subprocess.py:93} INFO - 25/12/02 16:52:42 INFO BlockManagerInfo: Removed broadcast_3_piece0 on 3dcc364fd13c:45351 in memory (size: 76.5 KiB, free: 366.1 MiB)
[2025-12-02T16:52:42.883+0000] {subprocess.py:93} INFO - 25/12/02 16:52:42 INFO BlockManagerInfo: Removed broadcast_3_piece0 on 172.19.0.15:35051 in memory (size: 76.5 KiB, free: 366.3 MiB)
[2025-12-02T16:52:42.887+0000] {subprocess.py:93} INFO - 25/12/02 16:52:42 INFO BlockManagerInfo: Removed broadcast_4_piece0 on 3dcc364fd13c:45351 in memory (size: 76.4 KiB, free: 366.2 MiB)
[2025-12-02T16:52:42.888+0000] {subprocess.py:93} INFO - 25/12/02 16:52:42 INFO BlockManagerInfo: Removed broadcast_4_piece0 on 172.19.0.14:34659 in memory (size: 76.4 KiB, free: 366.2 MiB)
[2025-12-02T16:52:42.893+0000] {subprocess.py:93} INFO - 25/12/02 16:52:42 INFO BlockManagerInfo: Removed broadcast_0_piece0 on 3dcc364fd13c:45351 in memory (size: 76.4 KiB, free: 366.2 MiB)
[2025-12-02T16:52:42.895+0000] {subprocess.py:93} INFO - 25/12/02 16:52:42 INFO BlockManagerInfo: Removed broadcast_0_piece0 on 172.19.0.14:34659 in memory (size: 76.4 KiB, free: 366.2 MiB)
[2025-12-02T16:52:42.896+0000] {subprocess.py:93} INFO - 25/12/02 16:52:42 INFO TaskSetManager: Finished task 0.0 in stage 5.0 (TID 5) in 71 ms on 172.19.0.14 (executor 1) (1/1)
[2025-12-02T16:52:42.896+0000] {subprocess.py:93} INFO - 25/12/02 16:52:42 INFO TaskSchedulerImpl: Removed TaskSet 5.0, whose tasks have all completed, from pool
[2025-12-02T16:52:42.896+0000] {subprocess.py:93} INFO - 25/12/02 16:52:42 INFO DAGScheduler: ResultStage 5 (saveAsTable at NativeMethodAccessorImpl.java:0) finished in 0.100 s
[2025-12-02T16:52:42.896+0000] {subprocess.py:93} INFO - 25/12/02 16:52:42 INFO DAGScheduler: Job 5 is finished. Cancelling potential speculative or zombie tasks for this job
[2025-12-02T16:52:42.896+0000] {subprocess.py:93} INFO - 25/12/02 16:52:42 INFO TaskSchedulerImpl: Killing all running tasks in stage 5: Stage finished
[2025-12-02T16:52:42.896+0000] {subprocess.py:93} INFO - 25/12/02 16:52:42 INFO DAGScheduler: Job 5 finished: saveAsTable at NativeMethodAccessorImpl.java:0, took 0.100901 s
[2025-12-02T16:52:42.897+0000] {subprocess.py:93} INFO - 25/12/02 16:52:42 INFO FileFormatWriter: Start to commit write Job b2ec8d6c-cdd8-4bb2-b507-d2c1d548c79d.
[2025-12-02T16:52:42.909+0000] {subprocess.py:93} INFO - 25/12/02 16:52:42 INFO FileFormatWriter: Write Job b2ec8d6c-cdd8-4bb2-b507-d2c1d548c79d committed. Elapsed time: 12 ms.
[2025-12-02T16:52:42.910+0000] {subprocess.py:93} INFO - 25/12/02 16:52:42 INFO FileFormatWriter: Finished processing stats for write job b2ec8d6c-cdd8-4bb2-b507-d2c1d548c79d.
[2025-12-02T16:52:42.916+0000] {subprocess.py:93} INFO - 25/12/02 16:52:42 INFO InMemoryFileIndex: It took 2 ms to list leaf files for 1 paths.
[2025-12-02T16:52:42.923+0000] {subprocess.py:93} INFO - 25/12/02 16:52:42 INFO HiveExternalCatalog: Persisting file based data source table `flight_data`.`dim_weather` into Hive metastore in Hive compatible format.
[2025-12-02T16:52:42.947+0000] {subprocess.py:93} INFO - Successfully created Hive table: flight_data.dim_weather
[2025-12-02T16:52:42.947+0000] {subprocess.py:93} INFO - 
[2025-12-02T16:52:42.947+0000] {subprocess.py:93} INFO - --- Reading from PG table: gold_fact_booking ---
[2025-12-02T16:52:42.958+0000] {subprocess.py:93} INFO - Schema inferred from PostgreSQL table 'gold_fact_booking':
[2025-12-02T16:52:42.958+0000] {subprocess.py:93} INFO - root
[2025-12-02T16:52:42.959+0000] {subprocess.py:93} INFO -  |-- id: integer (nullable = true)
[2025-12-02T16:52:42.959+0000] {subprocess.py:93} INFO -  |-- passenger_id: integer (nullable = true)
[2025-12-02T16:52:42.959+0000] {subprocess.py:93} INFO -  |-- flight_id: integer (nullable = true)
[2025-12-02T16:52:42.959+0000] {subprocess.py:93} INFO -  |-- ticket_id: integer (nullable = true)
[2025-12-02T16:52:42.959+0000] {subprocess.py:93} INFO -  |-- payment_id: integer (nullable = true)
[2025-12-02T16:52:42.959+0000] {subprocess.py:93} INFO -  |-- booking_date_id: integer (nullable = true)
[2025-12-02T16:52:42.959+0000] {subprocess.py:93} INFO -  |-- departure_date_id: integer (nullable = true)
[2025-12-02T16:52:42.959+0000] {subprocess.py:93} INFO -  |-- base_fare_amount: integer (nullable = true)
[2025-12-02T16:52:42.959+0000] {subprocess.py:93} INFO -  |-- net_sales_amount: integer (nullable = true)
[2025-12-02T16:52:42.959+0000] {subprocess.py:93} INFO -  |-- number_of_bags: integer (nullable = true)
[2025-12-02T16:52:42.960+0000] {subprocess.py:93} INFO -  |-- total_weight_kg: integer (nullable = true)
[2025-12-02T16:52:42.960+0000] {subprocess.py:93} INFO - 
[2025-12-02T16:52:43.066+0000] {subprocess.py:93} INFO - 25/12/02 16:52:43 INFO ParquetFileFormat: Using default output committer for Parquet: org.apache.parquet.hadoop.ParquetOutputCommitter
[2025-12-02T16:52:43.067+0000] {subprocess.py:93} INFO - 25/12/02 16:52:43 INFO FileOutputCommitter: File Output Committer Algorithm version is 1
[2025-12-02T16:52:43.067+0000] {subprocess.py:93} INFO - 25/12/02 16:52:43 INFO FileOutputCommitter: FileOutputCommitter skip cleanup _temporary folders under output directory:false, ignore cleanup failures: false
[2025-12-02T16:52:43.067+0000] {subprocess.py:93} INFO - 25/12/02 16:52:43 INFO SQLHadoopMapReduceCommitProtocol: Using user defined output committer class org.apache.parquet.hadoop.ParquetOutputCommitter
[2025-12-02T16:52:43.067+0000] {subprocess.py:93} INFO - 25/12/02 16:52:43 INFO FileOutputCommitter: File Output Committer Algorithm version is 1
[2025-12-02T16:52:43.067+0000] {subprocess.py:93} INFO - 25/12/02 16:52:43 INFO FileOutputCommitter: FileOutputCommitter skip cleanup _temporary folders under output directory:false, ignore cleanup failures: false
[2025-12-02T16:52:43.067+0000] {subprocess.py:93} INFO - 25/12/02 16:52:43 INFO SQLHadoopMapReduceCommitProtocol: Using output committer class org.apache.parquet.hadoop.ParquetOutputCommitter
[2025-12-02T16:52:43.079+0000] {subprocess.py:93} INFO - 25/12/02 16:52:43 INFO CodeGenerator: Code generated in 5.631155 ms
[2025-12-02T16:52:43.093+0000] {subprocess.py:93} INFO - 25/12/02 16:52:43 INFO SparkContext: Starting job: saveAsTable at NativeMethodAccessorImpl.java:0
[2025-12-02T16:52:43.094+0000] {subprocess.py:93} INFO - 25/12/02 16:52:43 INFO DAGScheduler: Got job 6 (saveAsTable at NativeMethodAccessorImpl.java:0) with 1 output partitions
[2025-12-02T16:52:43.094+0000] {subprocess.py:93} INFO - 25/12/02 16:52:43 INFO DAGScheduler: Final stage: ResultStage 6 (saveAsTable at NativeMethodAccessorImpl.java:0)
[2025-12-02T16:52:43.094+0000] {subprocess.py:93} INFO - 25/12/02 16:52:43 INFO DAGScheduler: Parents of final stage: List()
[2025-12-02T16:52:43.094+0000] {subprocess.py:93} INFO - 25/12/02 16:52:43 INFO DAGScheduler: Missing parents: List()
[2025-12-02T16:52:43.095+0000] {subprocess.py:93} INFO - 25/12/02 16:52:43 INFO DAGScheduler: Submitting ResultStage 6 (MapPartitionsRDD[13] at saveAsTable at NativeMethodAccessorImpl.java:0), which has no missing parents
[2025-12-02T16:52:43.107+0000] {subprocess.py:93} INFO - 25/12/02 16:52:43 INFO MemoryStore: Block broadcast_6 stored as values in memory (estimated size 216.1 KiB, free 365.8 MiB)
[2025-12-02T16:52:43.108+0000] {subprocess.py:93} INFO - 25/12/02 16:52:43 INFO MemoryStore: Block broadcast_6_piece0 stored as bytes in memory (estimated size 77.0 KiB, free 365.7 MiB)
[2025-12-02T16:52:43.109+0000] {subprocess.py:93} INFO - 25/12/02 16:52:43 INFO BlockManagerInfo: Added broadcast_6_piece0 in memory on 3dcc364fd13c:45351 (size: 77.0 KiB, free: 366.2 MiB)
[2025-12-02T16:52:43.109+0000] {subprocess.py:93} INFO - 25/12/02 16:52:43 INFO SparkContext: Created broadcast 6 from broadcast at DAGScheduler.scala:1513
[2025-12-02T16:52:43.109+0000] {subprocess.py:93} INFO - 25/12/02 16:52:43 INFO DAGScheduler: Submitting 1 missing tasks from ResultStage 6 (MapPartitionsRDD[13] at saveAsTable at NativeMethodAccessorImpl.java:0) (first 15 tasks are for partitions Vector(0))
[2025-12-02T16:52:43.109+0000] {subprocess.py:93} INFO - 25/12/02 16:52:43 INFO TaskSchedulerImpl: Adding task set 6.0 with 1 tasks resource profile 0
[2025-12-02T16:52:43.110+0000] {subprocess.py:93} INFO - 25/12/02 16:52:43 INFO TaskSetManager: Starting task 0.0 in stage 6.0 (TID 6) (172.19.0.14, executor 1, partition 0, PROCESS_LOCAL, 4303 bytes) taskResourceAssignments Map()
[2025-12-02T16:52:43.119+0000] {subprocess.py:93} INFO - 25/12/02 16:52:43 INFO BlockManagerInfo: Added broadcast_6_piece0 in memory on 172.19.0.14:34659 (size: 77.0 KiB, free: 366.2 MiB)
[2025-12-02T16:52:43.253+0000] {subprocess.py:93} INFO - 25/12/02 16:52:43 INFO TaskSetManager: Finished task 0.0 in stage 6.0 (TID 6) in 142 ms on 172.19.0.14 (executor 1) (1/1)
[2025-12-02T16:52:43.253+0000] {subprocess.py:93} INFO - 25/12/02 16:52:43 INFO TaskSchedulerImpl: Removed TaskSet 6.0, whose tasks have all completed, from pool
[2025-12-02T16:52:43.253+0000] {subprocess.py:93} INFO - 25/12/02 16:52:43 INFO DAGScheduler: ResultStage 6 (saveAsTable at NativeMethodAccessorImpl.java:0) finished in 0.158 s
[2025-12-02T16:52:43.253+0000] {subprocess.py:93} INFO - 25/12/02 16:52:43 INFO DAGScheduler: Job 6 is finished. Cancelling potential speculative or zombie tasks for this job
[2025-12-02T16:52:43.253+0000] {subprocess.py:93} INFO - 25/12/02 16:52:43 INFO TaskSchedulerImpl: Killing all running tasks in stage 6: Stage finished
[2025-12-02T16:52:43.254+0000] {subprocess.py:93} INFO - 25/12/02 16:52:43 INFO DAGScheduler: Job 6 finished: saveAsTable at NativeMethodAccessorImpl.java:0, took 0.159996 s
[2025-12-02T16:52:43.254+0000] {subprocess.py:93} INFO - 25/12/02 16:52:43 INFO FileFormatWriter: Start to commit write Job 3a450ff8-aa24-4f19-a79c-fbbabc087bde.
[2025-12-02T16:52:43.265+0000] {subprocess.py:93} INFO - 25/12/02 16:52:43 INFO FileFormatWriter: Write Job 3a450ff8-aa24-4f19-a79c-fbbabc087bde committed. Elapsed time: 11 ms.
[2025-12-02T16:52:43.266+0000] {subprocess.py:93} INFO - 25/12/02 16:52:43 INFO FileFormatWriter: Finished processing stats for write job 3a450ff8-aa24-4f19-a79c-fbbabc087bde.
[2025-12-02T16:52:43.272+0000] {subprocess.py:93} INFO - 25/12/02 16:52:43 INFO InMemoryFileIndex: It took 2 ms to list leaf files for 1 paths.
[2025-12-02T16:52:43.278+0000] {subprocess.py:93} INFO - 25/12/02 16:52:43 INFO HiveExternalCatalog: Persisting file based data source table `flight_data`.`fact_booking` into Hive metastore in Hive compatible format.
[2025-12-02T16:52:43.296+0000] {subprocess.py:93} INFO - Successfully created Hive table: flight_data.fact_booking
[2025-12-02T16:52:43.297+0000] {subprocess.py:93} INFO - 
[2025-12-02T16:52:43.297+0000] {subprocess.py:93} INFO - SHOWING TABLES in Hive:
[2025-12-02T16:52:43.473+0000] {subprocess.py:93} INFO - 25/12/02 16:52:43 INFO CodeGenerator: Code generated in 20.338529 ms
[2025-12-02T16:52:43.544+0000] {subprocess.py:93} INFO - 25/12/02 16:52:43 INFO CodeGenerator: Code generated in 3.537422 ms
[2025-12-02T16:52:43.565+0000] {subprocess.py:93} INFO - 25/12/02 16:52:43 INFO CodeGenerator: Code generated in 4.217669 ms
[2025-12-02T16:52:43.578+0000] {subprocess.py:93} INFO - 25/12/02 16:52:43 INFO SparkContext: Starting job: showString at NativeMethodAccessorImpl.java:0
[2025-12-02T16:52:43.578+0000] {subprocess.py:93} INFO - 25/12/02 16:52:43 INFO DAGScheduler: Got job 7 (showString at NativeMethodAccessorImpl.java:0) with 1 output partitions
[2025-12-02T16:52:43.579+0000] {subprocess.py:93} INFO - 25/12/02 16:52:43 INFO DAGScheduler: Final stage: ResultStage 7 (showString at NativeMethodAccessorImpl.java:0)
[2025-12-02T16:52:43.579+0000] {subprocess.py:93} INFO - 25/12/02 16:52:43 INFO DAGScheduler: Parents of final stage: List()
[2025-12-02T16:52:43.579+0000] {subprocess.py:93} INFO - 25/12/02 16:52:43 INFO DAGScheduler: Missing parents: List()
[2025-12-02T16:52:43.579+0000] {subprocess.py:93} INFO - 25/12/02 16:52:43 INFO DAGScheduler: Submitting ResultStage 7 (MapPartitionsRDD[16] at showString at NativeMethodAccessorImpl.java:0), which has no missing parents
[2025-12-02T16:52:43.582+0000] {subprocess.py:93} INFO - 25/12/02 16:52:43 INFO MemoryStore: Block broadcast_7 stored as values in memory (estimated size 7.5 KiB, free 365.7 MiB)
[2025-12-02T16:52:43.583+0000] {subprocess.py:93} INFO - 25/12/02 16:52:43 INFO MemoryStore: Block broadcast_7_piece0 stored as bytes in memory (estimated size 3.8 KiB, free 365.7 MiB)
[2025-12-02T16:52:43.583+0000] {subprocess.py:93} INFO - 25/12/02 16:52:43 INFO BlockManagerInfo: Added broadcast_7_piece0 in memory on 3dcc364fd13c:45351 (size: 3.8 KiB, free: 366.1 MiB)
[2025-12-02T16:52:43.584+0000] {subprocess.py:93} INFO - 25/12/02 16:52:43 INFO SparkContext: Created broadcast 7 from broadcast at DAGScheduler.scala:1513
[2025-12-02T16:52:43.584+0000] {subprocess.py:93} INFO - 25/12/02 16:52:43 INFO DAGScheduler: Submitting 1 missing tasks from ResultStage 7 (MapPartitionsRDD[16] at showString at NativeMethodAccessorImpl.java:0) (first 15 tasks are for partitions Vector(0))
[2025-12-02T16:52:43.584+0000] {subprocess.py:93} INFO - 25/12/02 16:52:43 INFO TaskSchedulerImpl: Adding task set 7.0 with 1 tasks resource profile 0
[2025-12-02T16:52:43.587+0000] {subprocess.py:93} INFO - 25/12/02 16:52:43 INFO TaskSetManager: Starting task 0.0 in stage 7.0 (TID 7) (172.19.0.15, executor 0, partition 0, PROCESS_LOCAL, 4677 bytes) taskResourceAssignments Map()
[2025-12-02T16:52:43.601+0000] {subprocess.py:93} INFO - 25/12/02 16:52:43 INFO BlockManagerInfo: Added broadcast_7_piece0 in memory on 172.19.0.15:35051 (size: 3.8 KiB, free: 366.3 MiB)
[2025-12-02T16:52:43.709+0000] {subprocess.py:93} INFO - 25/12/02 16:52:43 INFO TaskSetManager: Finished task 0.0 in stage 7.0 (TID 7) in 123 ms on 172.19.0.15 (executor 0) (1/1)
[2025-12-02T16:52:43.709+0000] {subprocess.py:93} INFO - 25/12/02 16:52:43 INFO TaskSchedulerImpl: Removed TaskSet 7.0, whose tasks have all completed, from pool
[2025-12-02T16:52:43.709+0000] {subprocess.py:93} INFO - 25/12/02 16:52:43 INFO DAGScheduler: ResultStage 7 (showString at NativeMethodAccessorImpl.java:0) finished in 0.130 s
[2025-12-02T16:52:43.709+0000] {subprocess.py:93} INFO - 25/12/02 16:52:43 INFO DAGScheduler: Job 7 is finished. Cancelling potential speculative or zombie tasks for this job
[2025-12-02T16:52:43.709+0000] {subprocess.py:93} INFO - 25/12/02 16:52:43 INFO TaskSchedulerImpl: Killing all running tasks in stage 7: Stage finished
[2025-12-02T16:52:43.709+0000] {subprocess.py:93} INFO - 25/12/02 16:52:43 INFO DAGScheduler: Job 7 finished: showString at NativeMethodAccessorImpl.java:0, took 0.131366 s
[2025-12-02T16:52:43.716+0000] {subprocess.py:93} INFO - 25/12/02 16:52:43 INFO SparkContext: Starting job: showString at NativeMethodAccessorImpl.java:0
[2025-12-02T16:52:43.717+0000] {subprocess.py:93} INFO - 25/12/02 16:52:43 INFO DAGScheduler: Got job 8 (showString at NativeMethodAccessorImpl.java:0) with 4 output partitions
[2025-12-02T16:52:43.717+0000] {subprocess.py:93} INFO - 25/12/02 16:52:43 INFO DAGScheduler: Final stage: ResultStage 8 (showString at NativeMethodAccessorImpl.java:0)
[2025-12-02T16:52:43.717+0000] {subprocess.py:93} INFO - 25/12/02 16:52:43 INFO DAGScheduler: Parents of final stage: List()
[2025-12-02T16:52:43.717+0000] {subprocess.py:93} INFO - 25/12/02 16:52:43 INFO DAGScheduler: Missing parents: List()
[2025-12-02T16:52:43.718+0000] {subprocess.py:93} INFO - 25/12/02 16:52:43 INFO DAGScheduler: Submitting ResultStage 8 (MapPartitionsRDD[16] at showString at NativeMethodAccessorImpl.java:0), which has no missing parents
[2025-12-02T16:52:43.719+0000] {subprocess.py:93} INFO - 25/12/02 16:52:43 INFO MemoryStore: Block broadcast_8 stored as values in memory (estimated size 7.5 KiB, free 365.7 MiB)
[2025-12-02T16:52:43.720+0000] {subprocess.py:93} INFO - 25/12/02 16:52:43 INFO MemoryStore: Block broadcast_8_piece0 stored as bytes in memory (estimated size 3.8 KiB, free 365.7 MiB)
[2025-12-02T16:52:43.720+0000] {subprocess.py:93} INFO - 25/12/02 16:52:43 INFO BlockManagerInfo: Added broadcast_8_piece0 in memory on 3dcc364fd13c:45351 (size: 3.8 KiB, free: 366.1 MiB)
[2025-12-02T16:52:43.720+0000] {subprocess.py:93} INFO - 25/12/02 16:52:43 INFO SparkContext: Created broadcast 8 from broadcast at DAGScheduler.scala:1513
[2025-12-02T16:52:43.721+0000] {subprocess.py:93} INFO - 25/12/02 16:52:43 INFO DAGScheduler: Submitting 4 missing tasks from ResultStage 8 (MapPartitionsRDD[16] at showString at NativeMethodAccessorImpl.java:0) (first 15 tasks are for partitions Vector(1, 2, 3, 4))
[2025-12-02T16:52:43.721+0000] {subprocess.py:93} INFO - 25/12/02 16:52:43 INFO TaskSchedulerImpl: Adding task set 8.0 with 4 tasks resource profile 0
[2025-12-02T16:52:43.721+0000] {subprocess.py:93} INFO - 25/12/02 16:52:43 INFO TaskSetManager: Starting task 0.0 in stage 8.0 (TID 8) (172.19.0.15, executor 0, partition 1, PROCESS_LOCAL, 4669 bytes) taskResourceAssignments Map()
[2025-12-02T16:52:43.722+0000] {subprocess.py:93} INFO - 25/12/02 16:52:43 INFO TaskSetManager: Starting task 1.0 in stage 8.0 (TID 9) (172.19.0.14, executor 1, partition 2, PROCESS_LOCAL, 4677 bytes) taskResourceAssignments Map()
[2025-12-02T16:52:43.722+0000] {subprocess.py:93} INFO - 25/12/02 16:52:43 INFO TaskSetManager: Starting task 2.0 in stage 8.0 (TID 10) (172.19.0.15, executor 0, partition 3, PROCESS_LOCAL, 4677 bytes) taskResourceAssignments Map()
[2025-12-02T16:52:43.722+0000] {subprocess.py:93} INFO - 25/12/02 16:52:43 INFO TaskSetManager: Starting task 3.0 in stage 8.0 (TID 11) (172.19.0.14, executor 1, partition 4, PROCESS_LOCAL, 4677 bytes) taskResourceAssignments Map()
[2025-12-02T16:52:43.733+0000] {subprocess.py:93} INFO - 25/12/02 16:52:43 INFO BlockManagerInfo: Added broadcast_8_piece0 in memory on 172.19.0.15:35051 (size: 3.8 KiB, free: 366.3 MiB)
[2025-12-02T16:52:43.738+0000] {subprocess.py:93} INFO - 25/12/02 16:52:43 INFO BlockManagerInfo: Added broadcast_8_piece0 in memory on 172.19.0.14:34659 (size: 3.8 KiB, free: 366.1 MiB)
[2025-12-02T16:52:43.743+0000] {subprocess.py:93} INFO - 25/12/02 16:52:43 INFO TaskSetManager: Finished task 0.0 in stage 8.0 (TID 8) in 21 ms on 172.19.0.15 (executor 0) (1/4)
[2025-12-02T16:52:43.743+0000] {subprocess.py:93} INFO - 25/12/02 16:52:43 INFO TaskSetManager: Finished task 2.0 in stage 8.0 (TID 10) in 20 ms on 172.19.0.15 (executor 0) (2/4)
[2025-12-02T16:52:43.857+0000] {subprocess.py:93} INFO - 25/12/02 16:52:43 INFO TaskSetManager: Finished task 1.0 in stage 8.0 (TID 9) in 135 ms on 172.19.0.14 (executor 1) (3/4)
[2025-12-02T16:52:43.857+0000] {subprocess.py:93} INFO - 25/12/02 16:52:43 INFO TaskSetManager: Finished task 3.0 in stage 8.0 (TID 11) in 135 ms on 172.19.0.14 (executor 1) (4/4)
[2025-12-02T16:52:43.857+0000] {subprocess.py:93} INFO - 25/12/02 16:52:43 INFO TaskSchedulerImpl: Removed TaskSet 8.0, whose tasks have all completed, from pool
[2025-12-02T16:52:43.858+0000] {subprocess.py:93} INFO - 25/12/02 16:52:43 INFO DAGScheduler: ResultStage 8 (showString at NativeMethodAccessorImpl.java:0) finished in 0.139 s
[2025-12-02T16:52:43.858+0000] {subprocess.py:93} INFO - 25/12/02 16:52:43 INFO DAGScheduler: Job 8 is finished. Cancelling potential speculative or zombie tasks for this job
[2025-12-02T16:52:43.858+0000] {subprocess.py:93} INFO - 25/12/02 16:52:43 INFO TaskSchedulerImpl: Killing all running tasks in stage 8: Stage finished
[2025-12-02T16:52:43.858+0000] {subprocess.py:93} INFO - 25/12/02 16:52:43 INFO DAGScheduler: Job 8 finished: showString at NativeMethodAccessorImpl.java:0, took 0.141542 s
[2025-12-02T16:52:43.862+0000] {subprocess.py:93} INFO - 25/12/02 16:52:43 INFO SparkContext: Starting job: showString at NativeMethodAccessorImpl.java:0
[2025-12-02T16:52:43.862+0000] {subprocess.py:93} INFO - 25/12/02 16:52:43 INFO DAGScheduler: Got job 9 (showString at NativeMethodAccessorImpl.java:0) with 2 output partitions
[2025-12-02T16:52:43.862+0000] {subprocess.py:93} INFO - 25/12/02 16:52:43 INFO DAGScheduler: Final stage: ResultStage 9 (showString at NativeMethodAccessorImpl.java:0)
[2025-12-02T16:52:43.862+0000] {subprocess.py:93} INFO - 25/12/02 16:52:43 INFO DAGScheduler: Parents of final stage: List()
[2025-12-02T16:52:43.862+0000] {subprocess.py:93} INFO - 25/12/02 16:52:43 INFO DAGScheduler: Missing parents: List()
[2025-12-02T16:52:43.862+0000] {subprocess.py:93} INFO - 25/12/02 16:52:43 INFO DAGScheduler: Submitting ResultStage 9 (MapPartitionsRDD[16] at showString at NativeMethodAccessorImpl.java:0), which has no missing parents
[2025-12-02T16:52:43.865+0000] {subprocess.py:93} INFO - 25/12/02 16:52:43 INFO MemoryStore: Block broadcast_9 stored as values in memory (estimated size 7.5 KiB, free 365.7 MiB)
[2025-12-02T16:52:43.866+0000] {subprocess.py:93} INFO - 25/12/02 16:52:43 INFO MemoryStore: Block broadcast_9_piece0 stored as bytes in memory (estimated size 3.8 KiB, free 365.7 MiB)
[2025-12-02T16:52:43.866+0000] {subprocess.py:93} INFO - 25/12/02 16:52:43 INFO BlockManagerInfo: Added broadcast_9_piece0 in memory on 3dcc364fd13c:45351 (size: 3.8 KiB, free: 366.1 MiB)
[2025-12-02T16:52:43.866+0000] {subprocess.py:93} INFO - 25/12/02 16:52:43 INFO SparkContext: Created broadcast 9 from broadcast at DAGScheduler.scala:1513
[2025-12-02T16:52:43.867+0000] {subprocess.py:93} INFO - 25/12/02 16:52:43 INFO DAGScheduler: Submitting 2 missing tasks from ResultStage 9 (MapPartitionsRDD[16] at showString at NativeMethodAccessorImpl.java:0) (first 15 tasks are for partitions Vector(5, 6))
[2025-12-02T16:52:43.867+0000] {subprocess.py:93} INFO - 25/12/02 16:52:43 INFO TaskSchedulerImpl: Adding task set 9.0 with 2 tasks resource profile 0
[2025-12-02T16:52:43.868+0000] {subprocess.py:93} INFO - 25/12/02 16:52:43 INFO TaskSetManager: Starting task 0.0 in stage 9.0 (TID 12) (172.19.0.15, executor 0, partition 5, PROCESS_LOCAL, 4677 bytes) taskResourceAssignments Map()
[2025-12-02T16:52:43.868+0000] {subprocess.py:93} INFO - 25/12/02 16:52:43 INFO TaskSetManager: Starting task 1.0 in stage 9.0 (TID 13) (172.19.0.14, executor 1, partition 6, PROCESS_LOCAL, 4677 bytes) taskResourceAssignments Map()
[2025-12-02T16:52:43.880+0000] {subprocess.py:93} INFO - 25/12/02 16:52:43 INFO BlockManagerInfo: Added broadcast_9_piece0 in memory on 172.19.0.15:35051 (size: 3.8 KiB, free: 366.3 MiB)
[2025-12-02T16:52:43.881+0000] {subprocess.py:93} INFO - 25/12/02 16:52:43 INFO BlockManagerInfo: Added broadcast_9_piece0 in memory on 172.19.0.14:34659 (size: 3.8 KiB, free: 366.1 MiB)
[2025-12-02T16:52:43.887+0000] {subprocess.py:93} INFO - 25/12/02 16:52:43 INFO TaskSetManager: Finished task 0.0 in stage 9.0 (TID 12) in 20 ms on 172.19.0.15 (executor 0) (1/2)
[2025-12-02T16:52:43.887+0000] {subprocess.py:93} INFO - 25/12/02 16:52:43 INFO TaskSetManager: Finished task 1.0 in stage 9.0 (TID 13) in 19 ms on 172.19.0.14 (executor 1) (2/2)
[2025-12-02T16:52:43.888+0000] {subprocess.py:93} INFO - 25/12/02 16:52:43 INFO TaskSchedulerImpl: Removed TaskSet 9.0, whose tasks have all completed, from pool
[2025-12-02T16:52:43.888+0000] {subprocess.py:93} INFO - 25/12/02 16:52:43 INFO DAGScheduler: ResultStage 9 (showString at NativeMethodAccessorImpl.java:0) finished in 0.024 s
[2025-12-02T16:52:43.888+0000] {subprocess.py:93} INFO - 25/12/02 16:52:43 INFO DAGScheduler: Job 9 is finished. Cancelling potential speculative or zombie tasks for this job
[2025-12-02T16:52:43.888+0000] {subprocess.py:93} INFO - 25/12/02 16:52:43 INFO TaskSchedulerImpl: Killing all running tasks in stage 9: Stage finished
[2025-12-02T16:52:43.888+0000] {subprocess.py:93} INFO - 25/12/02 16:52:43 INFO DAGScheduler: Job 9 finished: showString at NativeMethodAccessorImpl.java:0, took 0.026296 s
[2025-12-02T16:52:43.903+0000] {subprocess.py:93} INFO - 25/12/02 16:52:43 INFO CodeGenerator: Code generated in 5.47329 ms
[2025-12-02T16:52:43.912+0000] {subprocess.py:93} INFO - +-----------+-------------+-----------+
[2025-12-02T16:52:43.912+0000] {subprocess.py:93} INFO - |  namespace|    tableName|isTemporary|
[2025-12-02T16:52:43.912+0000] {subprocess.py:93} INFO - +-----------+-------------+-----------+
[2025-12-02T16:52:43.913+0000] {subprocess.py:93} INFO - |flight_data|  dim_airport|      false|
[2025-12-02T16:52:43.913+0000] {subprocess.py:93} INFO - |flight_data|     dim_date|      false|
[2025-12-02T16:52:43.913+0000] {subprocess.py:93} INFO - |flight_data|   dim_flight|      false|
[2025-12-02T16:52:43.913+0000] {subprocess.py:93} INFO - |flight_data|dim_passenger|      false|
[2025-12-02T16:52:43.913+0000] {subprocess.py:93} INFO - |flight_data|   dim_ticket|      false|
[2025-12-02T16:52:43.913+0000] {subprocess.py:93} INFO - |flight_data|  dim_weather|      false|
[2025-12-02T16:52:43.913+0000] {subprocess.py:93} INFO - |flight_data| fact_booking|      false|
[2025-12-02T16:52:43.913+0000] {subprocess.py:93} INFO - +-----------+-------------+-----------+
[2025-12-02T16:52:43.913+0000] {subprocess.py:93} INFO - 
[2025-12-02T16:52:44.018+0000] {subprocess.py:93} INFO - 25/12/02 16:52:44 INFO InMemoryFileIndex: It took 4 ms to list leaf files for 1 paths.
[2025-12-02T16:52:44.088+0000] {subprocess.py:93} INFO - 25/12/02 16:52:44 INFO FileSourceStrategy: Pushed Filters:
[2025-12-02T16:52:44.089+0000] {subprocess.py:93} INFO - 25/12/02 16:52:44 INFO FileSourceStrategy: Post-Scan Filters:
[2025-12-02T16:52:44.090+0000] {subprocess.py:93} INFO - 25/12/02 16:52:44 INFO FileSourceStrategy: Output Data Schema: struct<id: int, day: int, day_of_week: int, flight_number: int, carrier_code: string ... 30 more fields>
[2025-12-02T16:52:44.150+0000] {subprocess.py:93} INFO - 25/12/02 16:52:44 INFO CodeGenerator: Code generated in 21.134429 ms
[2025-12-02T16:52:44.159+0000] {subprocess.py:93} INFO - 25/12/02 16:52:44 INFO MemoryStore: Block broadcast_10 stored as values in memory (estimated size 367.7 KiB, free 365.3 MiB)
[2025-12-02T16:52:44.165+0000] {subprocess.py:93} INFO - 25/12/02 16:52:44 INFO MemoryStore: Block broadcast_10_piece0 stored as bytes in memory (estimated size 36.2 KiB, free 365.3 MiB)
[2025-12-02T16:52:44.166+0000] {subprocess.py:93} INFO - 25/12/02 16:52:44 INFO BlockManagerInfo: Added broadcast_10_piece0 in memory on 3dcc364fd13c:45351 (size: 36.2 KiB, free: 366.1 MiB)
[2025-12-02T16:52:44.166+0000] {subprocess.py:93} INFO - 25/12/02 16:52:44 INFO SparkContext: Created broadcast 10 from showString at NativeMethodAccessorImpl.java:0
[2025-12-02T16:52:44.175+0000] {subprocess.py:93} INFO - 25/12/02 16:52:44 INFO FileSourceScanExec: Planning scan with bin packing, max size: 4194304 bytes, open cost is considered as scanning 4194304 bytes.
[2025-12-02T16:52:44.198+0000] {subprocess.py:93} INFO - 25/12/02 16:52:44 INFO SparkContext: Starting job: showString at NativeMethodAccessorImpl.java:0
[2025-12-02T16:52:44.198+0000] {subprocess.py:93} INFO - 25/12/02 16:52:44 INFO DAGScheduler: Got job 10 (showString at NativeMethodAccessorImpl.java:0) with 1 output partitions
[2025-12-02T16:52:44.199+0000] {subprocess.py:93} INFO - 25/12/02 16:52:44 INFO DAGScheduler: Final stage: ResultStage 10 (showString at NativeMethodAccessorImpl.java:0)
[2025-12-02T16:52:44.199+0000] {subprocess.py:93} INFO - 25/12/02 16:52:44 INFO DAGScheduler: Parents of final stage: List()
[2025-12-02T16:52:44.199+0000] {subprocess.py:93} INFO - 25/12/02 16:52:44 INFO DAGScheduler: Missing parents: List()
[2025-12-02T16:52:44.199+0000] {subprocess.py:93} INFO - 25/12/02 16:52:44 INFO DAGScheduler: Submitting ResultStage 10 (MapPartitionsRDD[20] at showString at NativeMethodAccessorImpl.java:0), which has no missing parents
[2025-12-02T16:52:44.214+0000] {subprocess.py:93} INFO - 25/12/02 16:52:44 INFO MemoryStore: Block broadcast_11 stored as values in memory (estimated size 36.4 KiB, free 365.3 MiB)
[2025-12-02T16:52:44.215+0000] {subprocess.py:93} INFO - 25/12/02 16:52:44 INFO MemoryStore: Block broadcast_11_piece0 stored as bytes in memory (estimated size 9.9 KiB, free 365.3 MiB)
[2025-12-02T16:52:44.216+0000] {subprocess.py:93} INFO - 25/12/02 16:52:44 INFO BlockManagerInfo: Added broadcast_11_piece0 in memory on 3dcc364fd13c:45351 (size: 9.9 KiB, free: 366.1 MiB)
[2025-12-02T16:52:44.216+0000] {subprocess.py:93} INFO - 25/12/02 16:52:44 INFO SparkContext: Created broadcast 11 from broadcast at DAGScheduler.scala:1513
[2025-12-02T16:52:44.216+0000] {subprocess.py:93} INFO - 25/12/02 16:52:44 INFO DAGScheduler: Submitting 1 missing tasks from ResultStage 10 (MapPartitionsRDD[20] at showString at NativeMethodAccessorImpl.java:0) (first 15 tasks are for partitions Vector(0))
[2025-12-02T16:52:44.217+0000] {subprocess.py:93} INFO - 25/12/02 16:52:44 INFO TaskSchedulerImpl: Adding task set 10.0 with 1 tasks resource profile 0
[2025-12-02T16:52:44.223+0000] {subprocess.py:93} INFO - 25/12/02 16:52:44 INFO TaskSetManager: Starting task 0.0 in stage 10.0 (TID 14) (172.19.0.15, executor 0, partition 0, ANY, 5004 bytes) taskResourceAssignments Map()
[2025-12-02T16:52:44.236+0000] {subprocess.py:93} INFO - 25/12/02 16:52:44 INFO BlockManagerInfo: Added broadcast_11_piece0 in memory on 172.19.0.15:35051 (size: 9.9 KiB, free: 366.3 MiB)
[2025-12-02T16:52:44.318+0000] {subprocess.py:93} INFO - 25/12/02 16:52:44 INFO BlockManagerInfo: Added broadcast_10_piece0 in memory on 172.19.0.15:35051 (size: 36.2 KiB, free: 366.2 MiB)
[2025-12-02T16:52:44.505+0000] {subprocess.py:93} INFO - 25/12/02 16:52:44 INFO TaskSetManager: Finished task 0.0 in stage 10.0 (TID 14) in 285 ms on 172.19.0.15 (executor 0) (1/1)
[2025-12-02T16:52:44.505+0000] {subprocess.py:93} INFO - 25/12/02 16:52:44 INFO TaskSchedulerImpl: Removed TaskSet 10.0, whose tasks have all completed, from pool
[2025-12-02T16:52:44.505+0000] {subprocess.py:93} INFO - 25/12/02 16:52:44 INFO DAGScheduler: ResultStage 10 (showString at NativeMethodAccessorImpl.java:0) finished in 0.302 s
[2025-12-02T16:52:44.505+0000] {subprocess.py:93} INFO - 25/12/02 16:52:44 INFO DAGScheduler: Job 10 is finished. Cancelling potential speculative or zombie tasks for this job
[2025-12-02T16:52:44.505+0000] {subprocess.py:93} INFO - 25/12/02 16:52:44 INFO TaskSchedulerImpl: Killing all running tasks in stage 10: Stage finished
[2025-12-02T16:52:44.505+0000] {subprocess.py:93} INFO - 25/12/02 16:52:44 INFO DAGScheduler: Job 10 finished: showString at NativeMethodAccessorImpl.java:0, took 0.307422 s
[2025-12-02T16:52:44.523+0000] {subprocess.py:93} INFO - 25/12/02 16:52:44 INFO CodeGenerator: Code generated in 10.983989 ms
[2025-12-02T16:52:44.570+0000] {subprocess.py:93} INFO - +---+---+-----------+-------------+------------+-----------+--------------------+-------------+--------------+-------------------+-------------------+--------------+---------------+--------+----------+--------------+------------+--------+--------+---------+-------+-----------------+------------+-------------+--------+---------+----------------+--------------+-------------+-------------------+-------------+---------------+
[2025-12-02T16:52:44.570+0000] {subprocess.py:93} INFO - | id|day|day_of_week|flight_number|carrier_code|tail_number|        carrier_name|aircraft_type|origin_airport|destination_airport|scheduled_departure|departure_time|departure_delay|taxi_out|wheels_off|scheduled_time|elapsed_time|air_time|distance|wheels_on|taxi_in|scheduled_arrival|arrival_time|arrival_delay|diverted|cancelled|air_system_delay|security_delay|airline_delay|late_aircraft_delay|weather_delay|arrived_earlier|
[2025-12-02T16:52:44.570+0000] {subprocess.py:93} INFO - +---+---+-----------+-------------+------------+-----------+--------------------+-------------+--------------+-------------------+-------------------+--------------+---------------+--------+----------+--------------+------------+--------+--------+---------+-------+-----------------+------------+-------------+--------+---------+----------------+--------------+-------------+-------------------+-------------+---------------+
[2025-12-02T16:52:44.570+0000] {subprocess.py:93} INFO - |  1|  1|          4|            1|          AA|     N787AA|American Airlines...|   Boeing 767|           JFK|                LAX|                900|         855.0|           -5.0|    17.0|     912.0|         390.0|       402.0|   378.0|    2475|   1230.0|    7.0|             1230|      1237.0|          7.0|   false|    false|             0.0|           0.0|          0.0|                0.0|          0.0|          false|
[2025-12-02T16:52:44.571+0000] {subprocess.py:93} INFO - |  2|  1|          4|            1|          HA|     N396HA|Hawaiian Airlines...|   Boeing 767|           LAX|                HNL|                840|         840.0|            0.0|    12.0|     852.0|         345.0|       364.0|   347.0|    2556|   1239.0|    5.0|             1225|      1244.0|         19.0|   false|    false|             0.0|           0.0|         19.0|                0.0|          0.0|          false|
[2025-12-02T16:52:44.571+0000] {subprocess.py:93} INFO - |  3|  1|          4|            1|          VX|     N837VA|      Virgin America|   Boeing 767|           SFO|                DCA|                800|         752.0|           -8.0|    11.0|     803.0|         300.0|       286.0|   271.0|    2442|   1534.0|    4.0|             1600|      1538.0|        -22.0|   false|    false|             0.0|           0.0|          0.0|                0.0|          0.0|           true|
[2025-12-02T16:52:44.571+0000] {subprocess.py:93} INFO - |  4|  1|          4|            1|          B6|     N715JB|     JetBlue Airways|   Boeing 767|           JFK|                FLL|                950|        1013.0|           23.0|    22.0|    1035.0|         186.0|       181.0|   153.0|    1069|   1308.0|    6.0|             1256|      1314.0|         18.0|   false|    false|             0.0|           0.0|         18.0|                0.0|          0.0|          false|
[2025-12-02T16:52:44.571+0000] {subprocess.py:93} INFO - |  5|  1|          4|            1|          AS|     N523AS|Alaska Airlines Inc.|   Boeing 767|           DCA|                SEA|                800|         756.0|           -4.0|     8.0|     804.0|         360.0|       341.0|   328.0|    2329|   1032.0|    5.0|             1100|      1037.0|        -23.0|   false|    false|             0.0|           0.0|          0.0|                0.0|          0.0|           true|
[2025-12-02T16:52:44.571+0000] {subprocess.py:93} INFO - |  6|  1|          4|            2|          AS|     N527AS|Alaska Airlines Inc.|   Boeing 767|           SEA|                DCA|               1410|        1407.0|           -3.0|    11.0|    1418.0|         285.0|       268.0|   253.0|    2329|   2131.0|    4.0|             2155|      2135.0|        -20.0|   false|    false|             0.0|           0.0|          0.0|                0.0|          0.0|           true|
[2025-12-02T16:52:44.571+0000] {subprocess.py:93} INFO - |  7|  1|          4|            2|          B6|     N633JB|     JetBlue Airways|   Boeing 767|           FLL|                JFK|                818|         901.0|           43.0|    11.0|     912.0|         162.0|       159.0|   140.0|    1069|   1132.0|    8.0|             1100|      1140.0|         40.0|   false|    false|             0.0|           0.0|         27.0|               13.0|          0.0|          false|
[2025-12-02T16:52:44.571+0000] {subprocess.py:93} INFO - |  8|  1|          4|            2|          VX|     N837VA|      Virgin America|   Boeing 767|           DCA|                SFO|               1700|        1701.0|            1.0|    17.0|    1718.0|         370.0|       366.0|   346.0|    2442|   2004.0|    3.0|             2010|      2007.0|         -3.0|   false|    false|             0.0|           0.0|          0.0|                0.0|          0.0|           true|
[2025-12-02T16:52:44.571+0000] {subprocess.py:93} INFO - |  9|  1|          4|            2|          HA|     N399HA|Hawaiian Airlines...|   Boeing 767|           HNL|                LAX|               1440|        1440.0|            0.0|    19.0|    1459.0|         325.0|       318.0|   289.0|    2556|   2148.0|   10.0|             2205|      2158.0|         -7.0|   false|    false|             0.0|           0.0|          0.0|                0.0|          0.0|           true|
[2025-12-02T16:52:44.571+0000] {subprocess.py:93} INFO - | 10|  1|          4|            2|          AA|     N795AA|American Airlines...|   Boeing 767|           LAX|                JFK|                900|         856.0|           -4.0|    16.0|     912.0|         335.0|       295.0|   271.0|    2475|   1643.0|    8.0|             1735|      1651.0|        -44.0|   false|    false|             0.0|           0.0|          0.0|                0.0|          0.0|           true|
[2025-12-02T16:52:44.571+0000] {subprocess.py:93} INFO - | 11|  1|          4|            3|          HA|     N393HA|Hawaiian Airlines...|   Boeing 767|           LAX|                HNL|               1000|         952.0|           -8.0|    12.0|    1004.0|         350.0|       368.0|   345.0|    2556|   1349.0|   11.0|             1350|      1400.0|         10.0|   false|    false|             0.0|           0.0|          0.0|                0.0|          0.0|          false|
[2025-12-02T16:52:44.571+0000] {subprocess.py:93} INFO - | 12|  1|          4|            3|          B6|     N913JB|     JetBlue Airways|   Boeing 767|           JFK|                SJU|                714|         711.0|           -3.0|    17.0|     728.0|         233.0|       202.0|   181.0|    1598|   1129.0|    4.0|             1207|      1133.0|        -34.0|   false|    false|             0.0|           0.0|          0.0|                0.0|          0.0|           true|
[2025-12-02T16:52:44.571+0000] {subprocess.py:93} INFO - | 13|  1|          4|            3|          UA|     N36469|United Air Lines ...|   Boeing 767|           MCO|                EWR|               1643|        1640.0|           -3.0|    13.0|    1653.0|         164.0|       150.0|   125.0|     937|   1858.0|   12.0|             1927|      1910.0|        -17.0|   false|    false|             0.0|           0.0|          0.0|                0.0|          0.0|           true|
[2025-12-02T16:52:44.571+0000] {subprocess.py:93} INFO - | 14|  1|          4|            3|          AA|     N798AA|American Airlines...|   Boeing 767|           JFK|                LAX|               1230|        1226.0|           -4.0|    19.0|    1245.0|         380.0|       382.0|   358.0|    2475|   1543.0|    5.0|             1550|      1548.0|         -2.0|   false|    false|             0.0|           0.0|          0.0|                0.0|          0.0|           true|
[2025-12-02T16:52:44.571+0000] {subprocess.py:93} INFO - | 15|  1|          4|            4|          B6|     N913JB|     JetBlue Airways|   Boeing 767|           SJU|                JFK|               1307|        1256.0|          -11.0|    14.0|    1310.0|         243.0|       245.0|   225.0|    1598|   1555.0|    6.0|             1610|      1601.0|         -9.0|   false|    false|             0.0|           0.0|          0.0|                0.0|          0.0|           true|
[2025-12-02T16:52:44.571+0000] {subprocess.py:93} INFO - | 16|  1|          4|            4|          AA|     N799AA|American Airlines...|   Boeing 767|           LAX|                JFK|               1220|        1214.0|           -6.0|    23.0|    1237.0|         330.0|       319.0|   284.0|    2475|   2021.0|   12.0|             2050|      2033.0|        -17.0|   false|    false|             0.0|           0.0|          0.0|                0.0|          0.0|           true|
[2025-12-02T16:52:44.571+0000] {subprocess.py:93} INFO - | 17|  1|          4|            4|          AS|     N581AS|Alaska Airlines Inc.|   Boeing 767|           SEA|                DCA|                815|         812.0|           -3.0|    24.0|     836.0|         295.0|       281.0|   254.0|    2329|   1550.0|    3.0|             1610|      1553.0|        -17.0|   false|    false|             0.0|           0.0|          0.0|                0.0|          0.0|           true|
[2025-12-02T16:52:44.571+0000] {subprocess.py:93} INFO - | 18|  1|          4|            5|          WN|     N648SW|Southwest Airline...|   Boeing 767|           PHL|                MCO|               1525|        1521.0|           -4.0|    10.0|    1531.0|         155.0|       146.0|   129.0|     861|   1740.0|    7.0|             1800|      1747.0|        -13.0|   false|    false|             0.0|           0.0|          0.0|                0.0|          0.0|           true|
[2025-12-02T16:52:44.571+0000] {subprocess.py:93} INFO - | 19|  1|          4|            5|          AA|     N376AA|American Airlines...|   Boeing 767|           DFW|                HNL|               1305|        1754.0|          289.0|    21.0|    1815.0|         515.0|       526.0|   499.0|    3784|   2234.0|    6.0|             1740|      2240.0|        300.0|   false|    false|            11.0|           0.0|        197.0|               92.0|          0.0|          false|
[2025-12-02T16:52:44.571+0000] {subprocess.py:93} INFO - | 20|  1|          4|            5|          WN|     N648SW|Southwest Airline...|   Boeing 767|           BNA|                PHL|               1155|        1150.0|           -5.0|    13.0|    1203.0|         115.0|       115.0|    97.0|     675|   1440.0|    5.0|             1450|      1445.0|         -5.0|   false|    false|             0.0|           0.0|          0.0|                0.0|          0.0|           true|
[2025-12-02T16:52:44.571+0000] {subprocess.py:93} INFO - +---+---+-----------+-------------+------------+-----------+--------------------+-------------+--------------+-------------------+-------------------+--------------+---------------+--------+----------+--------------+------------+--------+--------+---------+-------+-----------------+------------+-------------+--------+---------+----------------+--------------+-------------+-------------------+-------------+---------------+
[2025-12-02T16:52:44.571+0000] {subprocess.py:93} INFO - only showing top 20 rows
[2025-12-02T16:52:44.571+0000] {subprocess.py:93} INFO - 
[2025-12-02T16:52:44.584+0000] {subprocess.py:93} INFO - 25/12/02 16:52:44 INFO SparkUI: Stopped Spark web UI at http://3dcc364fd13c:4040
[2025-12-02T16:52:44.586+0000] {subprocess.py:93} INFO - 25/12/02 16:52:44 INFO StandaloneSchedulerBackend: Shutting down all executors
[2025-12-02T16:52:44.587+0000] {subprocess.py:93} INFO - 25/12/02 16:52:44 INFO CoarseGrainedSchedulerBackend$DriverEndpoint: Asking each executor to shut down
[2025-12-02T16:52:44.614+0000] {subprocess.py:93} INFO - 25/12/02 16:52:44 INFO MapOutputTrackerMasterEndpoint: MapOutputTrackerMasterEndpoint stopped!
[2025-12-02T16:52:44.626+0000] {subprocess.py:93} INFO - 25/12/02 16:52:44 INFO MemoryStore: MemoryStore cleared
[2025-12-02T16:52:44.627+0000] {subprocess.py:93} INFO - 25/12/02 16:52:44 INFO BlockManager: BlockManager stopped
[2025-12-02T16:52:44.637+0000] {subprocess.py:93} INFO - 25/12/02 16:52:44 INFO BlockManagerMaster: BlockManagerMaster stopped
[2025-12-02T16:52:44.644+0000] {subprocess.py:93} INFO - 25/12/02 16:52:44 INFO OutputCommitCoordinator$OutputCommitCoordinatorEndpoint: OutputCommitCoordinator stopped!
[2025-12-02T16:52:44.655+0000] {subprocess.py:93} INFO - 25/12/02 16:52:44 INFO SparkContext: Successfully stopped SparkContext
[2025-12-02T16:52:44.793+0000] {subprocess.py:93} INFO - 25/12/02 16:52:44 INFO ShutdownHookManager: Shutdown hook called
[2025-12-02T16:52:44.793+0000] {subprocess.py:93} INFO - 25/12/02 16:52:44 INFO ShutdownHookManager: Deleting directory /tmp/spark-e192478a-0a6e-4bc1-b8db-bc6544cf80e0/pyspark-e6f1c4bb-9df6-4dff-8ae9-7ad3afdabe55
[2025-12-02T16:52:44.797+0000] {subprocess.py:93} INFO - 25/12/02 16:52:44 INFO ShutdownHookManager: Deleting directory /tmp/spark-e192478a-0a6e-4bc1-b8db-bc6544cf80e0
[2025-12-02T16:52:44.800+0000] {subprocess.py:93} INFO - 25/12/02 16:52:44 INFO ShutdownHookManager: Deleting directory /tmp/spark-345a4194-1349-4482-b0e9-53423f1992a4
[2025-12-02T16:52:44.897+0000] {subprocess.py:97} INFO - Command exited with return code 0
[2025-12-02T16:52:44.921+0000] {taskinstance.py:1400} INFO - Marking task as SUCCESS. dag_id=flight_etl, task_id=spark_batch_processor, execution_date=20251202T164735, start_date=20251202T165224, end_date=20251202T165244
[2025-12-02T16:52:44.971+0000] {local_task_job_runner.py:228} INFO - Task exited with return code 0
[2025-12-02T16:52:44.983+0000] {taskinstance.py:2778} INFO - 0 downstream tasks scheduled from follow-on schedule check
