[2025-12-02T15:59:14.670+0000] {taskinstance.py:1159} INFO - Dependencies all met for dep_context=non-requeueable deps ti=<TaskInstance: flight_etl.spark_batch_processor manual__2025-12-02T15:55:52.729814+00:00 [queued]>
[2025-12-02T15:59:14.680+0000] {taskinstance.py:1159} INFO - Dependencies all met for dep_context=requeueable deps ti=<TaskInstance: flight_etl.spark_batch_processor manual__2025-12-02T15:55:52.729814+00:00 [queued]>
[2025-12-02T15:59:14.680+0000] {taskinstance.py:1361} INFO - Starting attempt 1 of 1
[2025-12-02T15:59:14.689+0000] {taskinstance.py:1382} INFO - Executing <Task(BashOperator): spark_batch_processor> on 2025-12-02 15:55:52.729814+00:00
[2025-12-02T15:59:14.693+0000] {standard_task_runner.py:57} INFO - Started process 316 to run task
[2025-12-02T15:59:14.695+0000] {standard_task_runner.py:84} INFO - Running: ['***', 'tasks', 'run', 'flight_etl', 'spark_batch_processor', 'manual__2025-12-02T15:55:52.729814+00:00', '--job-id', '38', '--raw', '--subdir', 'DAGS_FOLDER/etl-dag.py', '--cfg-path', '/tmp/tmpcqia2nyw']
[2025-12-02T15:59:14.697+0000] {standard_task_runner.py:85} INFO - Job 38: Subtask spark_batch_processor
[2025-12-02T15:59:14.751+0000] {task_command.py:416} INFO - Running <TaskInstance: flight_etl.spark_batch_processor manual__2025-12-02T15:55:52.729814+00:00 [running]> on host 2c329b5e4716
[2025-12-02T15:59:14.816+0000] {taskinstance.py:1662} INFO - Exporting env vars: AIRFLOW_CTX_DAG_OWNER='***' AIRFLOW_CTX_DAG_ID='flight_etl' AIRFLOW_CTX_TASK_ID='spark_batch_processor' AIRFLOW_CTX_EXECUTION_DATE='2025-12-02T15:55:52.729814+00:00' AIRFLOW_CTX_TRY_NUMBER='1' AIRFLOW_CTX_DAG_RUN_ID='manual__2025-12-02T15:55:52.729814+00:00'
[2025-12-02T15:59:14.819+0000] {subprocess.py:63} INFO - Tmp dir root location: /tmp
[2025-12-02T15:59:14.819+0000] {subprocess.py:75} INFO - Running command: ['/bin/bash', '-c', '\n    docker exec spark-master /spark/bin/spark-submit     --master spark://spark-master:7077     --jars /tmp/spark_drivers/postgresql-42.7.7.jar     --conf spark.pyspark.python=/usr/bin/python3     /tmp/spark_drivers/batch.py\n    ']
[2025-12-02T15:59:14.835+0000] {subprocess.py:86} INFO - Output:
[2025-12-02T15:59:17.288+0000] {subprocess.py:93} INFO - 25/12/02 15:59:17 WARN NativeCodeLoader: Unable to load native-hadoop library for your platform... using builtin-java classes where applicable
[2025-12-02T15:59:18.108+0000] {subprocess.py:93} INFO - 25/12/02 15:59:18 INFO SparkContext: Running Spark version 3.3.0
[2025-12-02T15:59:18.159+0000] {subprocess.py:93} INFO - 25/12/02 15:59:18 INFO ResourceUtils: ==============================================================
[2025-12-02T15:59:18.159+0000] {subprocess.py:93} INFO - 25/12/02 15:59:18 INFO ResourceUtils: No custom resources configured for spark.driver.
[2025-12-02T15:59:18.160+0000] {subprocess.py:93} INFO - 25/12/02 15:59:18 INFO ResourceUtils: ==============================================================
[2025-12-02T15:59:18.160+0000] {subprocess.py:93} INFO - 25/12/02 15:59:18 INFO SparkContext: Submitted application: postgres-to-hive
[2025-12-02T15:59:18.184+0000] {subprocess.py:93} INFO - 25/12/02 15:59:18 INFO ResourceProfile: Default ResourceProfile created, executor resources: Map(cores -> name: cores, amount: 1, script: , vendor: , memory -> name: memory, amount: 1024, script: , vendor: , offHeap -> name: offHeap, amount: 0, script: , vendor: ), task resources: Map(cpus -> name: cpus, amount: 1.0)
[2025-12-02T15:59:18.199+0000] {subprocess.py:93} INFO - 25/12/02 15:59:18 INFO ResourceProfile: Limiting resource is cpu
[2025-12-02T15:59:18.199+0000] {subprocess.py:93} INFO - 25/12/02 15:59:18 INFO ResourceProfileManager: Added ResourceProfile id: 0
[2025-12-02T15:59:18.260+0000] {subprocess.py:93} INFO - 25/12/02 15:59:18 INFO SecurityManager: Changing view acls to: root
[2025-12-02T15:59:18.260+0000] {subprocess.py:93} INFO - 25/12/02 15:59:18 INFO SecurityManager: Changing modify acls to: root
[2025-12-02T15:59:18.260+0000] {subprocess.py:93} INFO - 25/12/02 15:59:18 INFO SecurityManager: Changing view acls groups to:
[2025-12-02T15:59:18.260+0000] {subprocess.py:93} INFO - 25/12/02 15:59:18 INFO SecurityManager: Changing modify acls groups to:
[2025-12-02T15:59:18.261+0000] {subprocess.py:93} INFO - 25/12/02 15:59:18 INFO SecurityManager: SecurityManager: authentication disabled; ui acls disabled; users  with view permissions: Set(root); groups with view permissions: Set(); users  with modify permissions: Set(root); groups with modify permissions: Set()
[2025-12-02T15:59:18.660+0000] {subprocess.py:93} INFO - 25/12/02 15:59:18 INFO Utils: Successfully started service 'sparkDriver' on port 42719.
[2025-12-02T15:59:18.710+0000] {subprocess.py:93} INFO - 25/12/02 15:59:18 INFO SparkEnv: Registering MapOutputTracker
[2025-12-02T15:59:18.789+0000] {subprocess.py:93} INFO - 25/12/02 15:59:18 INFO SparkEnv: Registering BlockManagerMaster
[2025-12-02T15:59:18.811+0000] {subprocess.py:93} INFO - 25/12/02 15:59:18 INFO BlockManagerMasterEndpoint: Using org.apache.spark.storage.DefaultTopologyMapper for getting topology information
[2025-12-02T15:59:18.811+0000] {subprocess.py:93} INFO - 25/12/02 15:59:18 INFO BlockManagerMasterEndpoint: BlockManagerMasterEndpoint up
[2025-12-02T15:59:18.826+0000] {subprocess.py:93} INFO - 25/12/02 15:59:18 INFO SparkEnv: Registering BlockManagerMasterHeartbeat
[2025-12-02T15:59:18.874+0000] {subprocess.py:93} INFO - 25/12/02 15:59:18 INFO DiskBlockManager: Created local directory at /tmp/blockmgr-66592533-10d3-49a1-9173-d7cd6c266025
[2025-12-02T15:59:18.932+0000] {subprocess.py:93} INFO - 25/12/02 15:59:18 INFO MemoryStore: MemoryStore started with capacity 366.3 MiB
[2025-12-02T15:59:18.960+0000] {subprocess.py:93} INFO - 25/12/02 15:59:18 INFO SparkEnv: Registering OutputCommitCoordinator
[2025-12-02T15:59:19.322+0000] {subprocess.py:93} INFO - 25/12/02 15:59:19 INFO Utils: Successfully started service 'SparkUI' on port 4040.
[2025-12-02T15:59:19.466+0000] {subprocess.py:93} INFO - 25/12/02 15:59:19 INFO StandaloneAppClient$ClientEndpoint: Connecting to master spark://spark-master:7077...
[2025-12-02T15:59:19.512+0000] {subprocess.py:93} INFO - 25/12/02 15:59:19 INFO TransportClientFactory: Successfully created connection to spark-master/172.19.0.6:7077 after 25 ms (0 ms spent in bootstraps)
[2025-12-02T15:59:19.663+0000] {subprocess.py:93} INFO - 25/12/02 15:59:19 INFO StandaloneSchedulerBackend: Connected to Spark cluster with app ID app-20251202155919-0000
[2025-12-02T15:59:19.676+0000] {subprocess.py:93} INFO - 25/12/02 15:59:19 INFO Utils: Successfully started service 'org.apache.spark.network.netty.NettyBlockTransferService' on port 40341.
[2025-12-02T15:59:19.676+0000] {subprocess.py:93} INFO - 25/12/02 15:59:19 INFO NettyBlockTransferService: Server created on cf8fd005787a:40341
[2025-12-02T15:59:19.678+0000] {subprocess.py:93} INFO - 25/12/02 15:59:19 INFO BlockManager: Using org.apache.spark.storage.RandomBlockReplicationPolicy for block replication policy
[2025-12-02T15:59:19.684+0000] {subprocess.py:93} INFO - 25/12/02 15:59:19 INFO BlockManagerMaster: Registering BlockManager BlockManagerId(driver, cf8fd005787a, 40341, None)
[2025-12-02T15:59:19.687+0000] {subprocess.py:93} INFO - 25/12/02 15:59:19 INFO BlockManagerMasterEndpoint: Registering block manager cf8fd005787a:40341 with 366.3 MiB RAM, BlockManagerId(driver, cf8fd005787a, 40341, None)
[2025-12-02T15:59:19.688+0000] {subprocess.py:93} INFO - 25/12/02 15:59:19 INFO BlockManagerMaster: Registered BlockManager BlockManagerId(driver, cf8fd005787a, 40341, None)
[2025-12-02T15:59:19.689+0000] {subprocess.py:93} INFO - 25/12/02 15:59:19 INFO BlockManager: Initialized BlockManager: BlockManagerId(driver, cf8fd005787a, 40341, None)
[2025-12-02T15:59:19.700+0000] {subprocess.py:93} INFO - 25/12/02 15:59:19 INFO StandaloneAppClient$ClientEndpoint: Executor added: app-20251202155919-0000/0 on worker-20251202155501-172.19.0.15-40597 (172.19.0.15:40597) with 20 core(s)
[2025-12-02T15:59:19.702+0000] {subprocess.py:93} INFO - 25/12/02 15:59:19 INFO StandaloneSchedulerBackend: Granted executor ID app-20251202155919-0000/0 on hostPort 172.19.0.15:40597 with 20 core(s), 1024.0 MiB RAM
[2025-12-02T15:59:19.702+0000] {subprocess.py:93} INFO - 25/12/02 15:59:19 INFO StandaloneAppClient$ClientEndpoint: Executor added: app-20251202155919-0000/1 on worker-20251202155501-172.19.0.16-38403 (172.19.0.16:38403) with 20 core(s)
[2025-12-02T15:59:19.702+0000] {subprocess.py:93} INFO - 25/12/02 15:59:19 INFO StandaloneSchedulerBackend: Granted executor ID app-20251202155919-0000/1 on hostPort 172.19.0.16:38403 with 20 core(s), 1024.0 MiB RAM
[2025-12-02T15:59:19.881+0000] {subprocess.py:93} INFO - 25/12/02 15:59:19 INFO StandaloneSchedulerBackend: SchedulerBackend is ready for scheduling beginning after reached minRegisteredResourcesRatio: 0.0
[2025-12-02T15:59:20.052+0000] {subprocess.py:93} INFO - 25/12/02 15:59:20 INFO StandaloneAppClient$ClientEndpoint: Executor updated: app-20251202155919-0000/1 is now RUNNING
[2025-12-02T15:59:20.052+0000] {subprocess.py:93} INFO - 25/12/02 15:59:20 INFO StandaloneAppClient$ClientEndpoint: Executor updated: app-20251202155919-0000/0 is now RUNNING
[2025-12-02T15:59:20.291+0000] {subprocess.py:93} INFO - 25/12/02 15:59:20 INFO SharedState: Setting hive.metastore.warehouse.dir ('null') to the value of spark.sql.warehouse.dir.
[2025-12-02T15:59:20.745+0000] {subprocess.py:93} INFO - 25/12/02 15:59:20 INFO SharedState: Warehouse path is 'hdfs://namenode:9000/hive/warehouse'.
[2025-12-02T15:59:22.806+0000] {subprocess.py:93} INFO - 25/12/02 15:59:22 INFO CoarseGrainedSchedulerBackend$DriverEndpoint: Registered executor NettyRpcEndpointRef(spark-client://Executor) (172.19.0.15:49218) with ID 0,  ResourceProfileId 0
[2025-12-02T15:59:22.810+0000] {subprocess.py:93} INFO - 25/12/02 15:59:22 INFO CoarseGrainedSchedulerBackend$DriverEndpoint: Registered executor NettyRpcEndpointRef(spark-client://Executor) (172.19.0.16:51088) with ID 1,  ResourceProfileId 0
[2025-12-02T15:59:22.904+0000] {subprocess.py:93} INFO - 25/12/02 15:59:22 INFO BlockManagerMasterEndpoint: Registering block manager 172.19.0.16:35367 with 366.3 MiB RAM, BlockManagerId(1, 172.19.0.16, 35367, None)
[2025-12-02T15:59:22.907+0000] {subprocess.py:93} INFO - 25/12/02 15:59:22 INFO BlockManagerMasterEndpoint: Registering block manager 172.19.0.15:43719 with 366.3 MiB RAM, BlockManagerId(0, 172.19.0.15, 43719, None)
[2025-12-02T15:59:24.149+0000] {subprocess.py:93} INFO - 25/12/02 15:59:24 INFO HiveConf: Found configuration file null
[2025-12-02T15:59:24.161+0000] {subprocess.py:93} INFO - 25/12/02 15:59:24 INFO HiveUtils: Initializing HiveMetastoreConnection version 2.3.9 using Spark classes.
[2025-12-02T15:59:24.932+0000] {subprocess.py:93} INFO - 25/12/02 15:59:24 INFO HiveClientImpl: Warehouse location for Hive client (version 2.3.9) is hdfs://namenode:9000/hive/warehouse
[2025-12-02T15:59:25.593+0000] {subprocess.py:93} INFO - 
[2025-12-02T15:59:25.593+0000] {subprocess.py:93} INFO - --- Reading from PG table: gold_dim_airport ---
[2025-12-02T15:59:25.703+0000] {subprocess.py:93} INFO - Error processing table gold_dim_airport: An error occurred while calling o48.load.
[2025-12-02T15:59:25.704+0000] {subprocess.py:93} INFO - : java.lang.ClassNotFoundException: org.postgresql.Driver
[2025-12-02T15:59:25.704+0000] {subprocess.py:93} INFO - 	at java.net.URLClassLoader.findClass(URLClassLoader.java:382)
[2025-12-02T15:59:25.704+0000] {subprocess.py:93} INFO - 	at java.lang.ClassLoader.loadClass(ClassLoader.java:419)
[2025-12-02T15:59:25.704+0000] {subprocess.py:93} INFO - 	at java.lang.ClassLoader.loadClass(ClassLoader.java:352)
[2025-12-02T15:59:25.704+0000] {subprocess.py:93} INFO - 	at org.apache.spark.sql.execution.datasources.jdbc.DriverRegistry$.register(DriverRegistry.scala:46)
[2025-12-02T15:59:25.704+0000] {subprocess.py:93} INFO - 	at org.apache.spark.sql.execution.datasources.jdbc.JDBCOptions.$anonfun$driverClass$1(JDBCOptions.scala:101)
[2025-12-02T15:59:25.704+0000] {subprocess.py:93} INFO - 	at org.apache.spark.sql.execution.datasources.jdbc.JDBCOptions.$anonfun$driverClass$1$adapted(JDBCOptions.scala:101)
[2025-12-02T15:59:25.704+0000] {subprocess.py:93} INFO - 	at scala.Option.foreach(Option.scala:407)
[2025-12-02T15:59:25.704+0000] {subprocess.py:93} INFO - 	at org.apache.spark.sql.execution.datasources.jdbc.JDBCOptions.<init>(JDBCOptions.scala:101)
[2025-12-02T15:59:25.705+0000] {subprocess.py:93} INFO - 	at org.apache.spark.sql.execution.datasources.jdbc.JDBCOptions.<init>(JDBCOptions.scala:39)
[2025-12-02T15:59:25.705+0000] {subprocess.py:93} INFO - 	at org.apache.spark.sql.execution.datasources.jdbc.JdbcRelationProvider.createRelation(JdbcRelationProvider.scala:34)
[2025-12-02T15:59:25.705+0000] {subprocess.py:93} INFO - 	at org.apache.spark.sql.execution.datasources.DataSource.resolveRelation(DataSource.scala:350)
[2025-12-02T15:59:25.705+0000] {subprocess.py:93} INFO - 	at org.apache.spark.sql.DataFrameReader.loadV1Source(DataFrameReader.scala:228)
[2025-12-02T15:59:25.705+0000] {subprocess.py:93} INFO - 	at org.apache.spark.sql.DataFrameReader.$anonfun$load$2(DataFrameReader.scala:210)
[2025-12-02T15:59:25.705+0000] {subprocess.py:93} INFO - 	at scala.Option.getOrElse(Option.scala:189)
[2025-12-02T15:59:25.705+0000] {subprocess.py:93} INFO - 	at org.apache.spark.sql.DataFrameReader.load(DataFrameReader.scala:210)
[2025-12-02T15:59:25.705+0000] {subprocess.py:93} INFO - 	at org.apache.spark.sql.DataFrameReader.load(DataFrameReader.scala:171)
[2025-12-02T15:59:25.705+0000] {subprocess.py:93} INFO - 	at sun.reflect.NativeMethodAccessorImpl.invoke0(Native Method)
[2025-12-02T15:59:25.705+0000] {subprocess.py:93} INFO - 	at sun.reflect.NativeMethodAccessorImpl.invoke(NativeMethodAccessorImpl.java:62)
[2025-12-02T15:59:25.706+0000] {subprocess.py:93} INFO - 	at sun.reflect.DelegatingMethodAccessorImpl.invoke(DelegatingMethodAccessorImpl.java:43)
[2025-12-02T15:59:25.706+0000] {subprocess.py:93} INFO - 	at java.lang.reflect.Method.invoke(Method.java:498)
[2025-12-02T15:59:25.706+0000] {subprocess.py:93} INFO - 	at py4j.reflection.MethodInvoker.invoke(MethodInvoker.java:244)
[2025-12-02T15:59:25.706+0000] {subprocess.py:93} INFO - 	at py4j.reflection.ReflectionEngine.invoke(ReflectionEngine.java:357)
[2025-12-02T15:59:25.706+0000] {subprocess.py:93} INFO - 	at py4j.Gateway.invoke(Gateway.java:282)
[2025-12-02T15:59:25.706+0000] {subprocess.py:93} INFO - 	at py4j.commands.AbstractCommand.invokeMethod(AbstractCommand.java:132)
[2025-12-02T15:59:25.706+0000] {subprocess.py:93} INFO - 	at py4j.commands.CallCommand.execute(CallCommand.java:79)
[2025-12-02T15:59:25.706+0000] {subprocess.py:93} INFO - 	at py4j.ClientServerConnection.waitForCommands(ClientServerConnection.java:182)
[2025-12-02T15:59:25.706+0000] {subprocess.py:93} INFO - 	at py4j.ClientServerConnection.run(ClientServerConnection.java:106)
[2025-12-02T15:59:25.706+0000] {subprocess.py:93} INFO - 	at java.lang.Thread.run(Thread.java:748)
[2025-12-02T15:59:25.706+0000] {subprocess.py:93} INFO - 
[2025-12-02T15:59:25.706+0000] {subprocess.py:93} INFO - 
[2025-12-02T15:59:25.707+0000] {subprocess.py:93} INFO - --- Reading from PG table: gold_dim_date ---
[2025-12-02T15:59:25.714+0000] {subprocess.py:93} INFO - Error processing table gold_dim_date: An error occurred while calling o56.load.
[2025-12-02T15:59:25.714+0000] {subprocess.py:93} INFO - : java.lang.ClassNotFoundException: org.postgresql.Driver
[2025-12-02T15:59:25.714+0000] {subprocess.py:93} INFO - 	at java.net.URLClassLoader.findClass(URLClassLoader.java:382)
[2025-12-02T15:59:25.714+0000] {subprocess.py:93} INFO - 	at java.lang.ClassLoader.loadClass(ClassLoader.java:419)
[2025-12-02T15:59:25.714+0000] {subprocess.py:93} INFO - 	at java.lang.ClassLoader.loadClass(ClassLoader.java:352)
[2025-12-02T15:59:25.715+0000] {subprocess.py:93} INFO - 	at org.apache.spark.sql.execution.datasources.jdbc.DriverRegistry$.register(DriverRegistry.scala:46)
[2025-12-02T15:59:25.715+0000] {subprocess.py:93} INFO - 	at org.apache.spark.sql.execution.datasources.jdbc.JDBCOptions.$anonfun$driverClass$1(JDBCOptions.scala:101)
[2025-12-02T15:59:25.715+0000] {subprocess.py:93} INFO - 	at org.apache.spark.sql.execution.datasources.jdbc.JDBCOptions.$anonfun$driverClass$1$adapted(JDBCOptions.scala:101)
[2025-12-02T15:59:25.715+0000] {subprocess.py:93} INFO - 	at scala.Option.foreach(Option.scala:407)
[2025-12-02T15:59:25.715+0000] {subprocess.py:93} INFO - 	at org.apache.spark.sql.execution.datasources.jdbc.JDBCOptions.<init>(JDBCOptions.scala:101)
[2025-12-02T15:59:25.715+0000] {subprocess.py:93} INFO - 	at org.apache.spark.sql.execution.datasources.jdbc.JDBCOptions.<init>(JDBCOptions.scala:39)
[2025-12-02T15:59:25.715+0000] {subprocess.py:93} INFO - 	at org.apache.spark.sql.execution.datasources.jdbc.JdbcRelationProvider.createRelation(JdbcRelationProvider.scala:34)
[2025-12-02T15:59:25.715+0000] {subprocess.py:93} INFO - 	at org.apache.spark.sql.execution.datasources.DataSource.resolveRelation(DataSource.scala:350)
[2025-12-02T15:59:25.715+0000] {subprocess.py:93} INFO - 	at org.apache.spark.sql.DataFrameReader.loadV1Source(DataFrameReader.scala:228)
[2025-12-02T15:59:25.715+0000] {subprocess.py:93} INFO - 	at org.apache.spark.sql.DataFrameReader.$anonfun$load$2(DataFrameReader.scala:210)
[2025-12-02T15:59:25.716+0000] {subprocess.py:93} INFO - 	at scala.Option.getOrElse(Option.scala:189)
[2025-12-02T15:59:25.716+0000] {subprocess.py:93} INFO - 	at org.apache.spark.sql.DataFrameReader.load(DataFrameReader.scala:210)
[2025-12-02T15:59:25.716+0000] {subprocess.py:93} INFO - 	at org.apache.spark.sql.DataFrameReader.load(DataFrameReader.scala:171)
[2025-12-02T15:59:25.716+0000] {subprocess.py:93} INFO - 	at sun.reflect.NativeMethodAccessorImpl.invoke0(Native Method)
[2025-12-02T15:59:25.716+0000] {subprocess.py:93} INFO - 	at sun.reflect.NativeMethodAccessorImpl.invoke(NativeMethodAccessorImpl.java:62)
[2025-12-02T15:59:25.716+0000] {subprocess.py:93} INFO - 	at sun.reflect.DelegatingMethodAccessorImpl.invoke(DelegatingMethodAccessorImpl.java:43)
[2025-12-02T15:59:25.716+0000] {subprocess.py:93} INFO - 	at java.lang.reflect.Method.invoke(Method.java:498)
[2025-12-02T15:59:25.716+0000] {subprocess.py:93} INFO - 	at py4j.reflection.MethodInvoker.invoke(MethodInvoker.java:244)
[2025-12-02T15:59:25.716+0000] {subprocess.py:93} INFO - 	at py4j.reflection.ReflectionEngine.invoke(ReflectionEngine.java:357)
[2025-12-02T15:59:25.716+0000] {subprocess.py:93} INFO - 	at py4j.Gateway.invoke(Gateway.java:282)
[2025-12-02T15:59:25.717+0000] {subprocess.py:93} INFO - 	at py4j.commands.AbstractCommand.invokeMethod(AbstractCommand.java:132)
[2025-12-02T15:59:25.717+0000] {subprocess.py:93} INFO - 	at py4j.commands.CallCommand.execute(CallCommand.java:79)
[2025-12-02T15:59:25.717+0000] {subprocess.py:93} INFO - 	at py4j.ClientServerConnection.waitForCommands(ClientServerConnection.java:182)
[2025-12-02T15:59:25.717+0000] {subprocess.py:93} INFO - 	at py4j.ClientServerConnection.run(ClientServerConnection.java:106)
[2025-12-02T15:59:25.717+0000] {subprocess.py:93} INFO - 	at java.lang.Thread.run(Thread.java:748)
[2025-12-02T15:59:25.717+0000] {subprocess.py:93} INFO - 
[2025-12-02T15:59:25.717+0000] {subprocess.py:93} INFO - 
[2025-12-02T15:59:25.717+0000] {subprocess.py:93} INFO - --- Reading from PG table: gold_dim_flight ---
[2025-12-02T15:59:25.727+0000] {subprocess.py:93} INFO - Error processing table gold_dim_flight: An error occurred while calling o64.load.
[2025-12-02T15:59:25.728+0000] {subprocess.py:93} INFO - : java.lang.ClassNotFoundException: org.postgresql.Driver
[2025-12-02T15:59:25.728+0000] {subprocess.py:93} INFO - 	at java.net.URLClassLoader.findClass(URLClassLoader.java:382)
[2025-12-02T15:59:25.728+0000] {subprocess.py:93} INFO - 	at java.lang.ClassLoader.loadClass(ClassLoader.java:419)
[2025-12-02T15:59:25.728+0000] {subprocess.py:93} INFO - 	at java.lang.ClassLoader.loadClass(ClassLoader.java:352)
[2025-12-02T15:59:25.728+0000] {subprocess.py:93} INFO - 	at org.apache.spark.sql.execution.datasources.jdbc.DriverRegistry$.register(DriverRegistry.scala:46)
[2025-12-02T15:59:25.728+0000] {subprocess.py:93} INFO - 	at org.apache.spark.sql.execution.datasources.jdbc.JDBCOptions.$anonfun$driverClass$1(JDBCOptions.scala:101)
[2025-12-02T15:59:25.728+0000] {subprocess.py:93} INFO - 	at org.apache.spark.sql.execution.datasources.jdbc.JDBCOptions.$anonfun$driverClass$1$adapted(JDBCOptions.scala:101)
[2025-12-02T15:59:25.728+0000] {subprocess.py:93} INFO - 	at scala.Option.foreach(Option.scala:407)
[2025-12-02T15:59:25.728+0000] {subprocess.py:93} INFO - 	at org.apache.spark.sql.execution.datasources.jdbc.JDBCOptions.<init>(JDBCOptions.scala:101)
[2025-12-02T15:59:25.728+0000] {subprocess.py:93} INFO - 	at org.apache.spark.sql.execution.datasources.jdbc.JDBCOptions.<init>(JDBCOptions.scala:39)
[2025-12-02T15:59:25.728+0000] {subprocess.py:93} INFO - 	at org.apache.spark.sql.execution.datasources.jdbc.JdbcRelationProvider.createRelation(JdbcRelationProvider.scala:34)
[2025-12-02T15:59:25.728+0000] {subprocess.py:93} INFO - 	at org.apache.spark.sql.execution.datasources.DataSource.resolveRelation(DataSource.scala:350)
[2025-12-02T15:59:25.728+0000] {subprocess.py:93} INFO - 	at org.apache.spark.sql.DataFrameReader.loadV1Source(DataFrameReader.scala:228)
[2025-12-02T15:59:25.728+0000] {subprocess.py:93} INFO - 	at org.apache.spark.sql.DataFrameReader.$anonfun$load$2(DataFrameReader.scala:210)
[2025-12-02T15:59:25.728+0000] {subprocess.py:93} INFO - 	at scala.Option.getOrElse(Option.scala:189)
[2025-12-02T15:59:25.728+0000] {subprocess.py:93} INFO - 	at org.apache.spark.sql.DataFrameReader.load(DataFrameReader.scala:210)
[2025-12-02T15:59:25.728+0000] {subprocess.py:93} INFO - 	at org.apache.spark.sql.DataFrameReader.load(DataFrameReader.scala:171)
[2025-12-02T15:59:25.729+0000] {subprocess.py:93} INFO - 	at sun.reflect.NativeMethodAccessorImpl.invoke0(Native Method)
[2025-12-02T15:59:25.729+0000] {subprocess.py:93} INFO - 	at sun.reflect.NativeMethodAccessorImpl.invoke(NativeMethodAccessorImpl.java:62)
[2025-12-02T15:59:25.729+0000] {subprocess.py:93} INFO - 	at sun.reflect.DelegatingMethodAccessorImpl.invoke(DelegatingMethodAccessorImpl.java:43)
[2025-12-02T15:59:25.729+0000] {subprocess.py:93} INFO - 	at java.lang.reflect.Method.invoke(Method.java:498)
[2025-12-02T15:59:25.729+0000] {subprocess.py:93} INFO - 	at py4j.reflection.MethodInvoker.invoke(MethodInvoker.java:244)
[2025-12-02T15:59:25.729+0000] {subprocess.py:93} INFO - 	at py4j.reflection.ReflectionEngine.invoke(ReflectionEngine.java:357)
[2025-12-02T15:59:25.729+0000] {subprocess.py:93} INFO - 	at py4j.Gateway.invoke(Gateway.java:282)
[2025-12-02T15:59:25.729+0000] {subprocess.py:93} INFO - 	at py4j.commands.AbstractCommand.invokeMethod(AbstractCommand.java:132)
[2025-12-02T15:59:25.729+0000] {subprocess.py:93} INFO - 	at py4j.commands.CallCommand.execute(CallCommand.java:79)
[2025-12-02T15:59:25.729+0000] {subprocess.py:93} INFO - 	at py4j.ClientServerConnection.waitForCommands(ClientServerConnection.java:182)
[2025-12-02T15:59:25.729+0000] {subprocess.py:93} INFO - 	at py4j.ClientServerConnection.run(ClientServerConnection.java:106)
[2025-12-02T15:59:25.729+0000] {subprocess.py:93} INFO - 	at java.lang.Thread.run(Thread.java:748)
[2025-12-02T15:59:25.729+0000] {subprocess.py:93} INFO - 
[2025-12-02T15:59:25.729+0000] {subprocess.py:93} INFO - 
[2025-12-02T15:59:25.729+0000] {subprocess.py:93} INFO - --- Reading from PG table: gold_dim_passenger ---
[2025-12-02T15:59:25.739+0000] {subprocess.py:93} INFO - Error processing table gold_dim_passenger: An error occurred while calling o72.load.
[2025-12-02T15:59:25.739+0000] {subprocess.py:93} INFO - : java.lang.ClassNotFoundException: org.postgresql.Driver
[2025-12-02T15:59:25.740+0000] {subprocess.py:93} INFO - 	at java.net.URLClassLoader.findClass(URLClassLoader.java:382)
[2025-12-02T15:59:25.740+0000] {subprocess.py:93} INFO - 	at java.lang.ClassLoader.loadClass(ClassLoader.java:419)
[2025-12-02T15:59:25.740+0000] {subprocess.py:93} INFO - 	at java.lang.ClassLoader.loadClass(ClassLoader.java:352)
[2025-12-02T15:59:25.740+0000] {subprocess.py:93} INFO - 	at org.apache.spark.sql.execution.datasources.jdbc.DriverRegistry$.register(DriverRegistry.scala:46)
[2025-12-02T15:59:25.740+0000] {subprocess.py:93} INFO - 	at org.apache.spark.sql.execution.datasources.jdbc.JDBCOptions.$anonfun$driverClass$1(JDBCOptions.scala:101)
[2025-12-02T15:59:25.740+0000] {subprocess.py:93} INFO - 	at org.apache.spark.sql.execution.datasources.jdbc.JDBCOptions.$anonfun$driverClass$1$adapted(JDBCOptions.scala:101)
[2025-12-02T15:59:25.740+0000] {subprocess.py:93} INFO - 	at scala.Option.foreach(Option.scala:407)
[2025-12-02T15:59:25.740+0000] {subprocess.py:93} INFO - 	at org.apache.spark.sql.execution.datasources.jdbc.JDBCOptions.<init>(JDBCOptions.scala:101)
[2025-12-02T15:59:25.740+0000] {subprocess.py:93} INFO - 	at org.apache.spark.sql.execution.datasources.jdbc.JDBCOptions.<init>(JDBCOptions.scala:39)
[2025-12-02T15:59:25.741+0000] {subprocess.py:93} INFO - 	at org.apache.spark.sql.execution.datasources.jdbc.JdbcRelationProvider.createRelation(JdbcRelationProvider.scala:34)
[2025-12-02T15:59:25.741+0000] {subprocess.py:93} INFO - 	at org.apache.spark.sql.execution.datasources.DataSource.resolveRelation(DataSource.scala:350)
[2025-12-02T15:59:25.741+0000] {subprocess.py:93} INFO - 	at org.apache.spark.sql.DataFrameReader.loadV1Source(DataFrameReader.scala:228)
[2025-12-02T15:59:25.741+0000] {subprocess.py:93} INFO - 	at org.apache.spark.sql.DataFrameReader.$anonfun$load$2(DataFrameReader.scala:210)
[2025-12-02T15:59:25.741+0000] {subprocess.py:93} INFO - 	at scala.Option.getOrElse(Option.scala:189)
[2025-12-02T15:59:25.741+0000] {subprocess.py:93} INFO - 	at org.apache.spark.sql.DataFrameReader.load(DataFrameReader.scala:210)
[2025-12-02T15:59:25.741+0000] {subprocess.py:93} INFO - 	at org.apache.spark.sql.DataFrameReader.load(DataFrameReader.scala:171)
[2025-12-02T15:59:25.741+0000] {subprocess.py:93} INFO - 	at sun.reflect.NativeMethodAccessorImpl.invoke0(Native Method)
[2025-12-02T15:59:25.741+0000] {subprocess.py:93} INFO - 	at sun.reflect.NativeMethodAccessorImpl.invoke(NativeMethodAccessorImpl.java:62)
[2025-12-02T15:59:25.741+0000] {subprocess.py:93} INFO - 	at sun.reflect.DelegatingMethodAccessorImpl.invoke(DelegatingMethodAccessorImpl.java:43)
[2025-12-02T15:59:25.741+0000] {subprocess.py:93} INFO - 	at java.lang.reflect.Method.invoke(Method.java:498)
[2025-12-02T15:59:25.741+0000] {subprocess.py:93} INFO - 	at py4j.reflection.MethodInvoker.invoke(MethodInvoker.java:244)
[2025-12-02T15:59:25.742+0000] {subprocess.py:93} INFO - 	at py4j.reflection.ReflectionEngine.invoke(ReflectionEngine.java:357)
[2025-12-02T15:59:25.742+0000] {subprocess.py:93} INFO - 	at py4j.Gateway.invoke(Gateway.java:282)
[2025-12-02T15:59:25.742+0000] {subprocess.py:93} INFO - 	at py4j.commands.AbstractCommand.invokeMethod(AbstractCommand.java:132)
[2025-12-02T15:59:25.742+0000] {subprocess.py:93} INFO - 	at py4j.commands.CallCommand.execute(CallCommand.java:79)
[2025-12-02T15:59:25.742+0000] {subprocess.py:93} INFO - 	at py4j.ClientServerConnection.waitForCommands(ClientServerConnection.java:182)
[2025-12-02T15:59:25.742+0000] {subprocess.py:93} INFO - 	at py4j.ClientServerConnection.run(ClientServerConnection.java:106)
[2025-12-02T15:59:25.742+0000] {subprocess.py:93} INFO - 	at java.lang.Thread.run(Thread.java:748)
[2025-12-02T15:59:25.742+0000] {subprocess.py:93} INFO - 
[2025-12-02T15:59:25.742+0000] {subprocess.py:93} INFO - 
[2025-12-02T15:59:25.742+0000] {subprocess.py:93} INFO - --- Reading from PG table: gold_dim_ticket ---
[2025-12-02T15:59:25.750+0000] {subprocess.py:93} INFO - Error processing table gold_dim_ticket: An error occurred while calling o80.load.
[2025-12-02T15:59:25.750+0000] {subprocess.py:93} INFO - : java.lang.ClassNotFoundException: org.postgresql.Driver
[2025-12-02T15:59:25.750+0000] {subprocess.py:93} INFO - 	at java.net.URLClassLoader.findClass(URLClassLoader.java:382)
[2025-12-02T15:59:25.751+0000] {subprocess.py:93} INFO - 	at java.lang.ClassLoader.loadClass(ClassLoader.java:419)
[2025-12-02T15:59:25.751+0000] {subprocess.py:93} INFO - 	at java.lang.ClassLoader.loadClass(ClassLoader.java:352)
[2025-12-02T15:59:25.751+0000] {subprocess.py:93} INFO - 	at org.apache.spark.sql.execution.datasources.jdbc.DriverRegistry$.register(DriverRegistry.scala:46)
[2025-12-02T15:59:25.751+0000] {subprocess.py:93} INFO - 	at org.apache.spark.sql.execution.datasources.jdbc.JDBCOptions.$anonfun$driverClass$1(JDBCOptions.scala:101)
[2025-12-02T15:59:25.751+0000] {subprocess.py:93} INFO - 	at org.apache.spark.sql.execution.datasources.jdbc.JDBCOptions.$anonfun$driverClass$1$adapted(JDBCOptions.scala:101)
[2025-12-02T15:59:25.751+0000] {subprocess.py:93} INFO - 	at scala.Option.foreach(Option.scala:407)
[2025-12-02T15:59:25.751+0000] {subprocess.py:93} INFO - 	at org.apache.spark.sql.execution.datasources.jdbc.JDBCOptions.<init>(JDBCOptions.scala:101)
[2025-12-02T15:59:25.751+0000] {subprocess.py:93} INFO - 	at org.apache.spark.sql.execution.datasources.jdbc.JDBCOptions.<init>(JDBCOptions.scala:39)
[2025-12-02T15:59:25.751+0000] {subprocess.py:93} INFO - 	at org.apache.spark.sql.execution.datasources.jdbc.JdbcRelationProvider.createRelation(JdbcRelationProvider.scala:34)
[2025-12-02T15:59:25.751+0000] {subprocess.py:93} INFO - 	at org.apache.spark.sql.execution.datasources.DataSource.resolveRelation(DataSource.scala:350)
[2025-12-02T15:59:25.751+0000] {subprocess.py:93} INFO - 	at org.apache.spark.sql.DataFrameReader.loadV1Source(DataFrameReader.scala:228)
[2025-12-02T15:59:25.751+0000] {subprocess.py:93} INFO - 	at org.apache.spark.sql.DataFrameReader.$anonfun$load$2(DataFrameReader.scala:210)
[2025-12-02T15:59:25.751+0000] {subprocess.py:93} INFO - 	at scala.Option.getOrElse(Option.scala:189)
[2025-12-02T15:59:25.752+0000] {subprocess.py:93} INFO - 	at org.apache.spark.sql.DataFrameReader.load(DataFrameReader.scala:210)
[2025-12-02T15:59:25.752+0000] {subprocess.py:93} INFO - 	at org.apache.spark.sql.DataFrameReader.load(DataFrameReader.scala:171)
[2025-12-02T15:59:25.752+0000] {subprocess.py:93} INFO - 	at sun.reflect.NativeMethodAccessorImpl.invoke0(Native Method)
[2025-12-02T15:59:25.752+0000] {subprocess.py:93} INFO - 	at sun.reflect.NativeMethodAccessorImpl.invoke(NativeMethodAccessorImpl.java:62)
[2025-12-02T15:59:25.752+0000] {subprocess.py:93} INFO - 	at sun.reflect.DelegatingMethodAccessorImpl.invoke(DelegatingMethodAccessorImpl.java:43)
[2025-12-02T15:59:25.752+0000] {subprocess.py:93} INFO - 	at java.lang.reflect.Method.invoke(Method.java:498)
[2025-12-02T15:59:25.752+0000] {subprocess.py:93} INFO - 	at py4j.reflection.MethodInvoker.invoke(MethodInvoker.java:244)
[2025-12-02T15:59:25.752+0000] {subprocess.py:93} INFO - 	at py4j.reflection.ReflectionEngine.invoke(ReflectionEngine.java:357)
[2025-12-02T15:59:25.752+0000] {subprocess.py:93} INFO - 	at py4j.Gateway.invoke(Gateway.java:282)
[2025-12-02T15:59:25.752+0000] {subprocess.py:93} INFO - 	at py4j.commands.AbstractCommand.invokeMethod(AbstractCommand.java:132)
[2025-12-02T15:59:25.752+0000] {subprocess.py:93} INFO - 	at py4j.commands.CallCommand.execute(CallCommand.java:79)
[2025-12-02T15:59:25.752+0000] {subprocess.py:93} INFO - 	at py4j.ClientServerConnection.waitForCommands(ClientServerConnection.java:182)
[2025-12-02T15:59:25.752+0000] {subprocess.py:93} INFO - 	at py4j.ClientServerConnection.run(ClientServerConnection.java:106)
[2025-12-02T15:59:25.752+0000] {subprocess.py:93} INFO - 	at java.lang.Thread.run(Thread.java:748)
[2025-12-02T15:59:25.752+0000] {subprocess.py:93} INFO - 
[2025-12-02T15:59:25.752+0000] {subprocess.py:93} INFO - 
[2025-12-02T15:59:25.752+0000] {subprocess.py:93} INFO - --- Reading from PG table: gold_dim_weather ---
[2025-12-02T15:59:25.761+0000] {subprocess.py:93} INFO - Error processing table gold_dim_weather: An error occurred while calling o88.load.
[2025-12-02T15:59:25.761+0000] {subprocess.py:93} INFO - : java.lang.ClassNotFoundException: org.postgresql.Driver
[2025-12-02T15:59:25.761+0000] {subprocess.py:93} INFO - 	at java.net.URLClassLoader.findClass(URLClassLoader.java:382)
[2025-12-02T15:59:25.761+0000] {subprocess.py:93} INFO - 	at java.lang.ClassLoader.loadClass(ClassLoader.java:419)
[2025-12-02T15:59:25.761+0000] {subprocess.py:93} INFO - 	at java.lang.ClassLoader.loadClass(ClassLoader.java:352)
[2025-12-02T15:59:25.762+0000] {subprocess.py:93} INFO - 	at org.apache.spark.sql.execution.datasources.jdbc.DriverRegistry$.register(DriverRegistry.scala:46)
[2025-12-02T15:59:25.762+0000] {subprocess.py:93} INFO - 	at org.apache.spark.sql.execution.datasources.jdbc.JDBCOptions.$anonfun$driverClass$1(JDBCOptions.scala:101)
[2025-12-02T15:59:25.762+0000] {subprocess.py:93} INFO - 	at org.apache.spark.sql.execution.datasources.jdbc.JDBCOptions.$anonfun$driverClass$1$adapted(JDBCOptions.scala:101)
[2025-12-02T15:59:25.762+0000] {subprocess.py:93} INFO - 	at scala.Option.foreach(Option.scala:407)
[2025-12-02T15:59:25.762+0000] {subprocess.py:93} INFO - 	at org.apache.spark.sql.execution.datasources.jdbc.JDBCOptions.<init>(JDBCOptions.scala:101)
[2025-12-02T15:59:25.762+0000] {subprocess.py:93} INFO - 	at org.apache.spark.sql.execution.datasources.jdbc.JDBCOptions.<init>(JDBCOptions.scala:39)
[2025-12-02T15:59:25.762+0000] {subprocess.py:93} INFO - 	at org.apache.spark.sql.execution.datasources.jdbc.JdbcRelationProvider.createRelation(JdbcRelationProvider.scala:34)
[2025-12-02T15:59:25.763+0000] {subprocess.py:93} INFO - 	at org.apache.spark.sql.execution.datasources.DataSource.resolveRelation(DataSource.scala:350)
[2025-12-02T15:59:25.763+0000] {subprocess.py:93} INFO - 	at org.apache.spark.sql.DataFrameReader.loadV1Source(DataFrameReader.scala:228)
[2025-12-02T15:59:25.763+0000] {subprocess.py:93} INFO - 	at org.apache.spark.sql.DataFrameReader.$anonfun$load$2(DataFrameReader.scala:210)
[2025-12-02T15:59:25.763+0000] {subprocess.py:93} INFO - 	at scala.Option.getOrElse(Option.scala:189)
[2025-12-02T15:59:25.763+0000] {subprocess.py:93} INFO - 	at org.apache.spark.sql.DataFrameReader.load(DataFrameReader.scala:210)
[2025-12-02T15:59:25.763+0000] {subprocess.py:93} INFO - 	at org.apache.spark.sql.DataFrameReader.load(DataFrameReader.scala:171)
[2025-12-02T15:59:25.763+0000] {subprocess.py:93} INFO - 	at sun.reflect.NativeMethodAccessorImpl.invoke0(Native Method)
[2025-12-02T15:59:25.763+0000] {subprocess.py:93} INFO - 	at sun.reflect.NativeMethodAccessorImpl.invoke(NativeMethodAccessorImpl.java:62)
[2025-12-02T15:59:25.763+0000] {subprocess.py:93} INFO - 	at sun.reflect.DelegatingMethodAccessorImpl.invoke(DelegatingMethodAccessorImpl.java:43)
[2025-12-02T15:59:25.763+0000] {subprocess.py:93} INFO - 	at java.lang.reflect.Method.invoke(Method.java:498)
[2025-12-02T15:59:25.763+0000] {subprocess.py:93} INFO - 	at py4j.reflection.MethodInvoker.invoke(MethodInvoker.java:244)
[2025-12-02T15:59:25.763+0000] {subprocess.py:93} INFO - 	at py4j.reflection.ReflectionEngine.invoke(ReflectionEngine.java:357)
[2025-12-02T15:59:25.763+0000] {subprocess.py:93} INFO - 	at py4j.Gateway.invoke(Gateway.java:282)
[2025-12-02T15:59:25.763+0000] {subprocess.py:93} INFO - 	at py4j.commands.AbstractCommand.invokeMethod(AbstractCommand.java:132)
[2025-12-02T15:59:25.763+0000] {subprocess.py:93} INFO - 	at py4j.commands.CallCommand.execute(CallCommand.java:79)
[2025-12-02T15:59:25.763+0000] {subprocess.py:93} INFO - 	at py4j.ClientServerConnection.waitForCommands(ClientServerConnection.java:182)
[2025-12-02T15:59:25.763+0000] {subprocess.py:93} INFO - 	at py4j.ClientServerConnection.run(ClientServerConnection.java:106)
[2025-12-02T15:59:25.763+0000] {subprocess.py:93} INFO - 	at java.lang.Thread.run(Thread.java:748)
[2025-12-02T15:59:25.763+0000] {subprocess.py:93} INFO - 
[2025-12-02T15:59:25.763+0000] {subprocess.py:93} INFO - 
[2025-12-02T15:59:25.763+0000] {subprocess.py:93} INFO - --- Reading from PG table: gold_fact_booking ---
[2025-12-02T15:59:25.773+0000] {subprocess.py:93} INFO - Error processing table gold_fact_booking: An error occurred while calling o96.load.
[2025-12-02T15:59:25.773+0000] {subprocess.py:93} INFO - : java.lang.ClassNotFoundException: org.postgresql.Driver
[2025-12-02T15:59:25.773+0000] {subprocess.py:93} INFO - 	at java.net.URLClassLoader.findClass(URLClassLoader.java:382)
[2025-12-02T15:59:25.774+0000] {subprocess.py:93} INFO - 	at java.lang.ClassLoader.loadClass(ClassLoader.java:419)
[2025-12-02T15:59:25.774+0000] {subprocess.py:93} INFO - 	at java.lang.ClassLoader.loadClass(ClassLoader.java:352)
[2025-12-02T15:59:25.774+0000] {subprocess.py:93} INFO - 	at org.apache.spark.sql.execution.datasources.jdbc.DriverRegistry$.register(DriverRegistry.scala:46)
[2025-12-02T15:59:25.774+0000] {subprocess.py:93} INFO - 	at org.apache.spark.sql.execution.datasources.jdbc.JDBCOptions.$anonfun$driverClass$1(JDBCOptions.scala:101)
[2025-12-02T15:59:25.774+0000] {subprocess.py:93} INFO - 	at org.apache.spark.sql.execution.datasources.jdbc.JDBCOptions.$anonfun$driverClass$1$adapted(JDBCOptions.scala:101)
[2025-12-02T15:59:25.774+0000] {subprocess.py:93} INFO - 	at scala.Option.foreach(Option.scala:407)
[2025-12-02T15:59:25.774+0000] {subprocess.py:93} INFO - 	at org.apache.spark.sql.execution.datasources.jdbc.JDBCOptions.<init>(JDBCOptions.scala:101)
[2025-12-02T15:59:25.774+0000] {subprocess.py:93} INFO - 	at org.apache.spark.sql.execution.datasources.jdbc.JDBCOptions.<init>(JDBCOptions.scala:39)
[2025-12-02T15:59:25.774+0000] {subprocess.py:93} INFO - 	at org.apache.spark.sql.execution.datasources.jdbc.JdbcRelationProvider.createRelation(JdbcRelationProvider.scala:34)
[2025-12-02T15:59:25.775+0000] {subprocess.py:93} INFO - 	at org.apache.spark.sql.execution.datasources.DataSource.resolveRelation(DataSource.scala:350)
[2025-12-02T15:59:25.775+0000] {subprocess.py:93} INFO - 	at org.apache.spark.sql.DataFrameReader.loadV1Source(DataFrameReader.scala:228)
[2025-12-02T15:59:25.775+0000] {subprocess.py:93} INFO - 	at org.apache.spark.sql.DataFrameReader.$anonfun$load$2(DataFrameReader.scala:210)
[2025-12-02T15:59:25.775+0000] {subprocess.py:93} INFO - 	at scala.Option.getOrElse(Option.scala:189)
[2025-12-02T15:59:25.775+0000] {subprocess.py:93} INFO - 	at org.apache.spark.sql.DataFrameReader.load(DataFrameReader.scala:210)
[2025-12-02T15:59:25.775+0000] {subprocess.py:93} INFO - 	at org.apache.spark.sql.DataFrameReader.load(DataFrameReader.scala:171)
[2025-12-02T15:59:25.775+0000] {subprocess.py:93} INFO - 	at sun.reflect.NativeMethodAccessorImpl.invoke0(Native Method)
[2025-12-02T15:59:25.775+0000] {subprocess.py:93} INFO - 	at sun.reflect.NativeMethodAccessorImpl.invoke(NativeMethodAccessorImpl.java:62)
[2025-12-02T15:59:25.775+0000] {subprocess.py:93} INFO - 	at sun.reflect.DelegatingMethodAccessorImpl.invoke(DelegatingMethodAccessorImpl.java:43)
[2025-12-02T15:59:25.776+0000] {subprocess.py:93} INFO - 	at java.lang.reflect.Method.invoke(Method.java:498)
[2025-12-02T15:59:25.776+0000] {subprocess.py:93} INFO - 	at py4j.reflection.MethodInvoker.invoke(MethodInvoker.java:244)
[2025-12-02T15:59:25.776+0000] {subprocess.py:93} INFO - 	at py4j.reflection.ReflectionEngine.invoke(ReflectionEngine.java:357)
[2025-12-02T15:59:25.776+0000] {subprocess.py:93} INFO - 	at py4j.Gateway.invoke(Gateway.java:282)
[2025-12-02T15:59:25.776+0000] {subprocess.py:93} INFO - 	at py4j.commands.AbstractCommand.invokeMethod(AbstractCommand.java:132)
[2025-12-02T15:59:25.776+0000] {subprocess.py:93} INFO - 	at py4j.commands.CallCommand.execute(CallCommand.java:79)
[2025-12-02T15:59:25.776+0000] {subprocess.py:93} INFO - 	at py4j.ClientServerConnection.waitForCommands(ClientServerConnection.java:182)
[2025-12-02T15:59:25.776+0000] {subprocess.py:93} INFO - 	at py4j.ClientServerConnection.run(ClientServerConnection.java:106)
[2025-12-02T15:59:25.776+0000] {subprocess.py:93} INFO - 	at java.lang.Thread.run(Thread.java:748)
[2025-12-02T15:59:25.776+0000] {subprocess.py:93} INFO - 
[2025-12-02T15:59:25.777+0000] {subprocess.py:93} INFO - 
[2025-12-02T15:59:25.777+0000] {subprocess.py:93} INFO - SHOWING TABLES in Hive:
[2025-12-02T15:59:27.132+0000] {subprocess.py:93} INFO - 25/12/02 15:59:27 INFO CodeGenerator: Code generated in 142.211891 ms
[2025-12-02T15:59:27.181+0000] {subprocess.py:93} INFO - +---------+---------+-----------+
[2025-12-02T15:59:27.182+0000] {subprocess.py:93} INFO - |namespace|tableName|isTemporary|
[2025-12-02T15:59:27.182+0000] {subprocess.py:93} INFO - +---------+---------+-----------+
[2025-12-02T15:59:27.182+0000] {subprocess.py:93} INFO - +---------+---------+-----------+
[2025-12-02T15:59:27.182+0000] {subprocess.py:93} INFO - 
[2025-12-02T15:59:27.262+0000] {subprocess.py:93} INFO - Traceback (most recent call last):
[2025-12-02T15:59:27.262+0000] {subprocess.py:93} INFO -   File "/tmp/spark_drivers/batch.py", line 64, in <module>
[2025-12-02T15:59:27.262+0000] {subprocess.py:93} INFO -     spark.sql("SELECT * FROM dim_flight").show()
[2025-12-02T15:59:27.262+0000] {subprocess.py:93} INFO -   File "/spark/python/lib/pyspark.zip/pyspark/sql/session.py", line 1034, in sql
[2025-12-02T15:59:27.262+0000] {subprocess.py:93} INFO -   File "/spark/python/lib/py4j-0.10.9.5-src.zip/py4j/java_gateway.py", line 1322, in __call__
[2025-12-02T15:59:27.263+0000] {subprocess.py:93} INFO -   File "/spark/python/lib/pyspark.zip/pyspark/sql/utils.py", line 196, in deco
[2025-12-02T15:59:27.268+0000] {subprocess.py:93} INFO - pyspark.sql.utils.AnalysisException: Table or view not found: dim_flight; line 1 pos 14;
[2025-12-02T15:59:27.268+0000] {subprocess.py:93} INFO - 'Project [*]
[2025-12-02T15:59:27.268+0000] {subprocess.py:93} INFO - +- 'UnresolvedRelation [dim_flight], [], false
[2025-12-02T15:59:27.268+0000] {subprocess.py:93} INFO - 
[2025-12-02T15:59:27.297+0000] {subprocess.py:93} INFO - 25/12/02 15:59:27 INFO SparkContext: Invoking stop() from shutdown hook
[2025-12-02T15:59:27.312+0000] {subprocess.py:93} INFO - 25/12/02 15:59:27 INFO SparkUI: Stopped Spark web UI at http://cf8fd005787a:4040
[2025-12-02T15:59:27.315+0000] {subprocess.py:93} INFO - 25/12/02 15:59:27 INFO StandaloneSchedulerBackend: Shutting down all executors
[2025-12-02T15:59:27.315+0000] {subprocess.py:93} INFO - 25/12/02 15:59:27 INFO CoarseGrainedSchedulerBackend$DriverEndpoint: Asking each executor to shut down
[2025-12-02T15:59:27.335+0000] {subprocess.py:93} INFO - 25/12/02 15:59:27 INFO MapOutputTrackerMasterEndpoint: MapOutputTrackerMasterEndpoint stopped!
[2025-12-02T15:59:27.346+0000] {subprocess.py:93} INFO - 25/12/02 15:59:27 INFO MemoryStore: MemoryStore cleared
[2025-12-02T15:59:27.346+0000] {subprocess.py:93} INFO - 25/12/02 15:59:27 INFO BlockManager: BlockManager stopped
[2025-12-02T15:59:27.365+0000] {subprocess.py:93} INFO - 25/12/02 15:59:27 INFO BlockManagerMaster: BlockManagerMaster stopped
[2025-12-02T15:59:27.371+0000] {subprocess.py:93} INFO - 25/12/02 15:59:27 INFO OutputCommitCoordinator$OutputCommitCoordinatorEndpoint: OutputCommitCoordinator stopped!
[2025-12-02T15:59:27.375+0000] {subprocess.py:93} INFO - 25/12/02 15:59:27 INFO SparkContext: Successfully stopped SparkContext
[2025-12-02T15:59:27.375+0000] {subprocess.py:93} INFO - 25/12/02 15:59:27 INFO ShutdownHookManager: Shutdown hook called
[2025-12-02T15:59:27.375+0000] {subprocess.py:93} INFO - 25/12/02 15:59:27 INFO ShutdownHookManager: Deleting directory /tmp/spark-7748e9cc-440f-413e-98f8-68e2de82edd1/pyspark-9528d398-0b06-4459-95b9-e89729ce22bf
[2025-12-02T15:59:27.377+0000] {subprocess.py:93} INFO - 25/12/02 15:59:27 INFO ShutdownHookManager: Deleting directory /tmp/spark-b4473ebb-5087-49ee-a693-9545d5ef21a5
[2025-12-02T15:59:27.378+0000] {subprocess.py:93} INFO - 25/12/02 15:59:27 INFO ShutdownHookManager: Deleting directory /tmp/spark-7748e9cc-440f-413e-98f8-68e2de82edd1
[2025-12-02T15:59:27.560+0000] {subprocess.py:97} INFO - Command exited with return code 1
[2025-12-02T15:59:27.569+0000] {taskinstance.py:1937} ERROR - Task failed with exception
Traceback (most recent call last):
  File "/home/airflow/.local/lib/python3.8/site-packages/airflow/operators/bash.py", line 210, in execute
    raise AirflowException(
airflow.exceptions.AirflowException: Bash command failed. The command returned a non-zero exit code 1.
[2025-12-02T15:59:27.574+0000] {taskinstance.py:1400} INFO - Marking task as FAILED. dag_id=flight_etl, task_id=spark_batch_processor, execution_date=20251202T155552, start_date=20251202T155914, end_date=20251202T155927
[2025-12-02T15:59:27.632+0000] {standard_task_runner.py:104} ERROR - Failed to execute job 38 for task spark_batch_processor (Bash command failed. The command returned a non-zero exit code 1.; 316)
[2025-12-02T15:59:27.668+0000] {local_task_job_runner.py:228} INFO - Task exited with return code 1
[2025-12-02T15:59:27.680+0000] {taskinstance.py:2778} INFO - 0 downstream tasks scheduled from follow-on schedule check
