[2025-11-30T00:51:44.050+0000] {taskinstance.py:1159} INFO - Dependencies all met for dep_context=non-requeueable deps ti=<TaskInstance: flight_etl.spark_batch_processor manual__2025-11-30T00:50:16.103232+00:00 [queued]>
[2025-11-30T00:51:44.056+0000] {taskinstance.py:1159} INFO - Dependencies all met for dep_context=requeueable deps ti=<TaskInstance: flight_etl.spark_batch_processor manual__2025-11-30T00:50:16.103232+00:00 [queued]>
[2025-11-30T00:51:44.056+0000] {taskinstance.py:1361} INFO - Starting attempt 1 of 1
[2025-11-30T00:51:44.067+0000] {taskinstance.py:1382} INFO - Executing <Task(BashOperator): spark_batch_processor> on 2025-11-30 00:50:16.103232+00:00
[2025-11-30T00:51:44.071+0000] {standard_task_runner.py:57} INFO - Started process 984 to run task
[2025-11-30T00:51:44.074+0000] {standard_task_runner.py:84} INFO - Running: ['***', 'tasks', 'run', 'flight_etl', 'spark_batch_processor', 'manual__2025-11-30T00:50:16.103232+00:00', '--job-id', '428', '--raw', '--subdir', 'DAGS_FOLDER/etl-dag.py', '--cfg-path', '/tmp/tmp5efmns0x']
[2025-11-30T00:51:44.076+0000] {standard_task_runner.py:85} INFO - Job 428: Subtask spark_batch_processor
[2025-11-30T00:51:44.101+0000] {task_command.py:416} INFO - Running <TaskInstance: flight_etl.spark_batch_processor manual__2025-11-30T00:50:16.103232+00:00 [running]> on host 45304bb2c878
[2025-11-30T00:51:44.159+0000] {taskinstance.py:1662} INFO - Exporting env vars: AIRFLOW_CTX_DAG_OWNER='***' AIRFLOW_CTX_DAG_ID='flight_etl' AIRFLOW_CTX_TASK_ID='spark_batch_processor' AIRFLOW_CTX_EXECUTION_DATE='2025-11-30T00:50:16.103232+00:00' AIRFLOW_CTX_TRY_NUMBER='1' AIRFLOW_CTX_DAG_RUN_ID='manual__2025-11-30T00:50:16.103232+00:00'
[2025-11-30T00:51:44.161+0000] {subprocess.py:63} INFO - Tmp dir root location: /tmp
[2025-11-30T00:51:44.161+0000] {subprocess.py:75} INFO - Running command: ['/bin/bash', '-c', '\ndocker exec spark-master /spark/bin/spark-submit --master spark://spark-master:7077 --jars /tmp/spark_drivers/postgresql-42.7.7.jar --conf spark.pyspark.python=/usr/bin/python3 /tmp/spark_drivers/batch.py']
[2025-11-30T00:51:44.171+0000] {subprocess.py:86} INFO - Output:
[2025-11-30T00:51:46.132+0000] {subprocess.py:93} INFO - 25/11/30 00:51:46 WARN NativeCodeLoader: Unable to load native-hadoop library for your platform... using builtin-java classes where applicable
[2025-11-30T00:51:46.323+0000] {subprocess.py:93} INFO - /usr/bin/python3: can't open file '/tmp/spark_drivers/batch.py': [Errno 2] No such file or directory
[2025-11-30T00:51:46.329+0000] {subprocess.py:93} INFO - 25/11/30 00:51:46 INFO ShutdownHookManager: Shutdown hook called
[2025-11-30T00:51:46.330+0000] {subprocess.py:93} INFO - 25/11/30 00:51:46 INFO ShutdownHookManager: Deleting directory /tmp/spark-3007fe74-46ee-4dd4-aece-386b9f0be355
[2025-11-30T00:51:46.371+0000] {subprocess.py:97} INFO - Command exited with return code 2
[2025-11-30T00:51:46.378+0000] {taskinstance.py:1937} ERROR - Task failed with exception
Traceback (most recent call last):
  File "/home/airflow/.local/lib/python3.8/site-packages/airflow/operators/bash.py", line 210, in execute
    raise AirflowException(
airflow.exceptions.AirflowException: Bash command failed. The command returned a non-zero exit code 2.
[2025-11-30T00:51:46.381+0000] {taskinstance.py:1400} INFO - Marking task as FAILED. dag_id=flight_etl, task_id=spark_batch_processor, execution_date=20251130T005016, start_date=20251130T005144, end_date=20251130T005146
[2025-11-30T00:51:46.389+0000] {standard_task_runner.py:104} ERROR - Failed to execute job 428 for task spark_batch_processor (Bash command failed. The command returned a non-zero exit code 2.; 984)
[2025-11-30T00:51:46.411+0000] {local_task_job_runner.py:228} INFO - Task exited with return code 1
[2025-11-30T00:51:46.427+0000] {taskinstance.py:2778} INFO - 0 downstream tasks scheduled from follow-on schedule check
