[2025-12-02T16:25:05.820+0000] {taskinstance.py:1159} INFO - Dependencies all met for dep_context=non-requeueable deps ti=<TaskInstance: flight_etl.spark_batch_processor manual__2025-12-02T16:20:28.553554+00:00 [queued]>
[2025-12-02T16:25:05.830+0000] {taskinstance.py:1159} INFO - Dependencies all met for dep_context=requeueable deps ti=<TaskInstance: flight_etl.spark_batch_processor manual__2025-12-02T16:20:28.553554+00:00 [queued]>
[2025-12-02T16:25:05.830+0000] {taskinstance.py:1361} INFO - Starting attempt 1 of 1
[2025-12-02T16:25:05.844+0000] {taskinstance.py:1382} INFO - Executing <Task(BashOperator): spark_batch_processor> on 2025-12-02 16:20:28.553554+00:00
[2025-12-02T16:25:05.848+0000] {standard_task_runner.py:57} INFO - Started process 335 to run task
[2025-12-02T16:25:05.851+0000] {standard_task_runner.py:84} INFO - Running: ['***', 'tasks', 'run', 'flight_etl', 'spark_batch_processor', 'manual__2025-12-02T16:20:28.553554+00:00', '--job-id', '80', '--raw', '--subdir', 'DAGS_FOLDER/etl-dag.py', '--cfg-path', '/tmp/tmpa5gwquz9']
[2025-12-02T16:25:05.853+0000] {standard_task_runner.py:85} INFO - Job 80: Subtask spark_batch_processor
[2025-12-02T16:25:05.897+0000] {task_command.py:416} INFO - Running <TaskInstance: flight_etl.spark_batch_processor manual__2025-12-02T16:20:28.553554+00:00 [running]> on host 5b7927b7b68a
[2025-12-02T16:25:05.970+0000] {taskinstance.py:1662} INFO - Exporting env vars: AIRFLOW_CTX_DAG_OWNER='***' AIRFLOW_CTX_DAG_ID='flight_etl' AIRFLOW_CTX_TASK_ID='spark_batch_processor' AIRFLOW_CTX_EXECUTION_DATE='2025-12-02T16:20:28.553554+00:00' AIRFLOW_CTX_TRY_NUMBER='1' AIRFLOW_CTX_DAG_RUN_ID='manual__2025-12-02T16:20:28.553554+00:00'
[2025-12-02T16:25:05.972+0000] {subprocess.py:63} INFO - Tmp dir root location: /tmp
[2025-12-02T16:25:05.972+0000] {subprocess.py:75} INFO - Running command: ['/bin/bash', '-c', '\n        docker exec spark-master /spark/bin/spark-submit         --master spark://spark-master:7077         --jars /spark/jars/postgresql-42.7.7.jar         --conf spark.pyspark.python=/usr/bin/python3         /tmp/spark_drivers/batch.py\n        ']
[2025-12-02T16:25:05.987+0000] {subprocess.py:86} INFO - Output:
[2025-12-02T16:25:07.980+0000] {subprocess.py:93} INFO - 25/12/02 16:25:07 WARN NativeCodeLoader: Unable to load native-hadoop library for your platform... using builtin-java classes where applicable
[2025-12-02T16:25:08.485+0000] {subprocess.py:93} INFO - 25/12/02 16:25:08 INFO SparkContext: Running Spark version 3.3.0
[2025-12-02T16:25:08.505+0000] {subprocess.py:93} INFO - 25/12/02 16:25:08 INFO ResourceUtils: ==============================================================
[2025-12-02T16:25:08.506+0000] {subprocess.py:93} INFO - 25/12/02 16:25:08 INFO ResourceUtils: No custom resources configured for spark.driver.
[2025-12-02T16:25:08.506+0000] {subprocess.py:93} INFO - 25/12/02 16:25:08 INFO ResourceUtils: ==============================================================
[2025-12-02T16:25:08.506+0000] {subprocess.py:93} INFO - 25/12/02 16:25:08 INFO SparkContext: Submitted application: postgres-to-hive
[2025-12-02T16:25:08.526+0000] {subprocess.py:93} INFO - 25/12/02 16:25:08 INFO ResourceProfile: Default ResourceProfile created, executor resources: Map(cores -> name: cores, amount: 1, script: , vendor: , memory -> name: memory, amount: 1024, script: , vendor: , offHeap -> name: offHeap, amount: 0, script: , vendor: ), task resources: Map(cpus -> name: cpus, amount: 1.0)
[2025-12-02T16:25:08.537+0000] {subprocess.py:93} INFO - 25/12/02 16:25:08 INFO ResourceProfile: Limiting resource is cpu
[2025-12-02T16:25:08.537+0000] {subprocess.py:93} INFO - 25/12/02 16:25:08 INFO ResourceProfileManager: Added ResourceProfile id: 0
[2025-12-02T16:25:08.580+0000] {subprocess.py:93} INFO - 25/12/02 16:25:08 INFO SecurityManager: Changing view acls to: root
[2025-12-02T16:25:08.581+0000] {subprocess.py:93} INFO - 25/12/02 16:25:08 INFO SecurityManager: Changing modify acls to: root
[2025-12-02T16:25:08.581+0000] {subprocess.py:93} INFO - 25/12/02 16:25:08 INFO SecurityManager: Changing view acls groups to:
[2025-12-02T16:25:08.581+0000] {subprocess.py:93} INFO - 25/12/02 16:25:08 INFO SecurityManager: Changing modify acls groups to:
[2025-12-02T16:25:08.581+0000] {subprocess.py:93} INFO - 25/12/02 16:25:08 INFO SecurityManager: SecurityManager: authentication disabled; ui acls disabled; users  with view permissions: Set(root); groups with view permissions: Set(); users  with modify permissions: Set(root); groups with modify permissions: Set()
[2025-12-02T16:25:08.775+0000] {subprocess.py:93} INFO - 25/12/02 16:25:08 INFO Utils: Successfully started service 'sparkDriver' on port 38639.
[2025-12-02T16:25:08.793+0000] {subprocess.py:93} INFO - 25/12/02 16:25:08 INFO SparkEnv: Registering MapOutputTracker
[2025-12-02T16:25:08.819+0000] {subprocess.py:93} INFO - 25/12/02 16:25:08 INFO SparkEnv: Registering BlockManagerMaster
[2025-12-02T16:25:08.834+0000] {subprocess.py:93} INFO - 25/12/02 16:25:08 INFO BlockManagerMasterEndpoint: Using org.apache.spark.storage.DefaultTopologyMapper for getting topology information
[2025-12-02T16:25:08.834+0000] {subprocess.py:93} INFO - 25/12/02 16:25:08 INFO BlockManagerMasterEndpoint: BlockManagerMasterEndpoint up
[2025-12-02T16:25:08.837+0000] {subprocess.py:93} INFO - 25/12/02 16:25:08 INFO SparkEnv: Registering BlockManagerMasterHeartbeat
[2025-12-02T16:25:08.853+0000] {subprocess.py:93} INFO - 25/12/02 16:25:08 INFO DiskBlockManager: Created local directory at /tmp/blockmgr-9f677248-e0e2-4817-87c5-ac44f450fbc1
[2025-12-02T16:25:08.867+0000] {subprocess.py:93} INFO - 25/12/02 16:25:08 INFO MemoryStore: MemoryStore started with capacity 366.3 MiB
[2025-12-02T16:25:08.879+0000] {subprocess.py:93} INFO - 25/12/02 16:25:08 INFO SparkEnv: Registering OutputCommitCoordinator
[2025-12-02T16:25:09.048+0000] {subprocess.py:93} INFO - 25/12/02 16:25:09 INFO Utils: Successfully started service 'SparkUI' on port 4040.
[2025-12-02T16:25:09.141+0000] {subprocess.py:93} INFO - 25/12/02 16:25:09 INFO StandaloneAppClient$ClientEndpoint: Connecting to master spark://spark-master:7077...
[2025-12-02T16:25:09.187+0000] {subprocess.py:93} INFO - 25/12/02 16:25:09 INFO TransportClientFactory: Successfully created connection to spark-master/172.20.0.11:7077 after 26 ms (0 ms spent in bootstraps)
[2025-12-02T16:25:09.315+0000] {subprocess.py:93} INFO - 25/12/02 16:25:09 INFO StandaloneSchedulerBackend: Connected to Spark cluster with app ID app-20251202162509-0000
[2025-12-02T16:25:09.319+0000] {subprocess.py:93} INFO - 25/12/02 16:25:09 INFO Utils: Successfully started service 'org.apache.spark.network.netty.NettyBlockTransferService' on port 37179.
[2025-12-02T16:25:09.320+0000] {subprocess.py:93} INFO - 25/12/02 16:25:09 INFO NettyBlockTransferService: Server created on ecad8a91b3b0:37179
[2025-12-02T16:25:09.321+0000] {subprocess.py:93} INFO - 25/12/02 16:25:09 INFO BlockManager: Using org.apache.spark.storage.RandomBlockReplicationPolicy for block replication policy
[2025-12-02T16:25:09.328+0000] {subprocess.py:93} INFO - 25/12/02 16:25:09 INFO BlockManagerMaster: Registering BlockManager BlockManagerId(driver, ecad8a91b3b0, 37179, None)
[2025-12-02T16:25:09.340+0000] {subprocess.py:93} INFO - 25/12/02 16:25:09 INFO BlockManagerMasterEndpoint: Registering block manager ecad8a91b3b0:37179 with 366.3 MiB RAM, BlockManagerId(driver, ecad8a91b3b0, 37179, None)
[2025-12-02T16:25:09.342+0000] {subprocess.py:93} INFO - 25/12/02 16:25:09 INFO BlockManagerMaster: Registered BlockManager BlockManagerId(driver, ecad8a91b3b0, 37179, None)
[2025-12-02T16:25:09.342+0000] {subprocess.py:93} INFO - 25/12/02 16:25:09 INFO BlockManager: Initialized BlockManager: BlockManagerId(driver, ecad8a91b3b0, 37179, None)
[2025-12-02T16:25:09.349+0000] {subprocess.py:93} INFO - 25/12/02 16:25:09 INFO StandaloneAppClient$ClientEndpoint: Executor added: app-20251202162509-0000/0 on worker-20251202161935-172.20.0.15-45877 (172.20.0.15:45877) with 20 core(s)
[2025-12-02T16:25:09.349+0000] {subprocess.py:93} INFO - 25/12/02 16:25:09 INFO StandaloneSchedulerBackend: Granted executor ID app-20251202162509-0000/0 on hostPort 172.20.0.15:45877 with 20 core(s), 1024.0 MiB RAM
[2025-12-02T16:25:09.350+0000] {subprocess.py:93} INFO - 25/12/02 16:25:09 INFO StandaloneAppClient$ClientEndpoint: Executor added: app-20251202162509-0000/1 on worker-20251202161935-172.20.0.14-41741 (172.20.0.14:41741) with 20 core(s)
[2025-12-02T16:25:09.350+0000] {subprocess.py:93} INFO - 25/12/02 16:25:09 INFO StandaloneSchedulerBackend: Granted executor ID app-20251202162509-0000/1 on hostPort 172.20.0.14:41741 with 20 core(s), 1024.0 MiB RAM
[2025-12-02T16:25:09.476+0000] {subprocess.py:93} INFO - 25/12/02 16:25:09 INFO StandaloneAppClient$ClientEndpoint: Executor updated: app-20251202162509-0000/0 is now RUNNING
[2025-12-02T16:25:09.478+0000] {subprocess.py:93} INFO - 25/12/02 16:25:09 INFO StandaloneSchedulerBackend: SchedulerBackend is ready for scheduling beginning after reached minRegisteredResourcesRatio: 0.0
[2025-12-02T16:25:09.528+0000] {subprocess.py:93} INFO - 25/12/02 16:25:09 INFO StandaloneAppClient$ClientEndpoint: Executor updated: app-20251202162509-0000/1 is now RUNNING
[2025-12-02T16:25:09.638+0000] {subprocess.py:93} INFO - 25/12/02 16:25:09 INFO SharedState: Setting hive.metastore.warehouse.dir ('null') to the value of spark.sql.warehouse.dir.
[2025-12-02T16:25:09.995+0000] {subprocess.py:93} INFO - 25/12/02 16:25:09 INFO SharedState: Warehouse path is 'hdfs://namenode:9000/hive/warehouse'.
[2025-12-02T16:25:11.454+0000] {subprocess.py:93} INFO - 25/12/02 16:25:11 INFO CoarseGrainedSchedulerBackend$DriverEndpoint: Registered executor NettyRpcEndpointRef(spark-client://Executor) (172.20.0.15:35556) with ID 0,  ResourceProfileId 0
[2025-12-02T16:25:11.505+0000] {subprocess.py:93} INFO - 25/12/02 16:25:11 INFO CoarseGrainedSchedulerBackend$DriverEndpoint: Registered executor NettyRpcEndpointRef(spark-client://Executor) (172.20.0.14:36240) with ID 1,  ResourceProfileId 0
[2025-12-02T16:25:11.550+0000] {subprocess.py:93} INFO - 25/12/02 16:25:11 INFO BlockManagerMasterEndpoint: Registering block manager 172.20.0.15:36845 with 366.3 MiB RAM, BlockManagerId(0, 172.20.0.15, 36845, None)
[2025-12-02T16:25:11.576+0000] {subprocess.py:93} INFO - 25/12/02 16:25:11 INFO BlockManagerMasterEndpoint: Registering block manager 172.20.0.14:39877 with 366.3 MiB RAM, BlockManagerId(1, 172.20.0.14, 39877, None)
[2025-12-02T16:25:12.863+0000] {subprocess.py:93} INFO - 25/12/02 16:25:12 INFO HiveConf: Found configuration file null
[2025-12-02T16:25:12.874+0000] {subprocess.py:93} INFO - 25/12/02 16:25:12 INFO HiveUtils: Initializing HiveMetastoreConnection version 2.3.9 using Spark classes.
[2025-12-02T16:25:13.332+0000] {subprocess.py:93} INFO - 25/12/02 16:25:13 INFO HiveClientImpl: Warehouse location for Hive client (version 2.3.9) is hdfs://namenode:9000/hive/warehouse
[2025-12-02T16:25:13.939+0000] {subprocess.py:93} INFO - 
[2025-12-02T16:25:13.939+0000] {subprocess.py:93} INFO - --- Reading from PG table: gold_dim_airport ---
[2025-12-02T16:25:14.048+0000] {subprocess.py:93} INFO - Error processing table gold_dim_airport: An error occurred while calling o44.load.
[2025-12-02T16:25:14.048+0000] {subprocess.py:93} INFO - : java.lang.ClassNotFoundException: org.postgresql.Driver
[2025-12-02T16:25:14.048+0000] {subprocess.py:93} INFO - 	at java.net.URLClassLoader.findClass(URLClassLoader.java:382)
[2025-12-02T16:25:14.048+0000] {subprocess.py:93} INFO - 	at java.lang.ClassLoader.loadClass(ClassLoader.java:419)
[2025-12-02T16:25:14.049+0000] {subprocess.py:93} INFO - 	at java.lang.ClassLoader.loadClass(ClassLoader.java:352)
[2025-12-02T16:25:14.049+0000] {subprocess.py:93} INFO - 	at org.apache.spark.sql.execution.datasources.jdbc.DriverRegistry$.register(DriverRegistry.scala:46)
[2025-12-02T16:25:14.049+0000] {subprocess.py:93} INFO - 	at org.apache.spark.sql.execution.datasources.jdbc.JDBCOptions.$anonfun$driverClass$1(JDBCOptions.scala:101)
[2025-12-02T16:25:14.049+0000] {subprocess.py:93} INFO - 	at org.apache.spark.sql.execution.datasources.jdbc.JDBCOptions.$anonfun$driverClass$1$adapted(JDBCOptions.scala:101)
[2025-12-02T16:25:14.049+0000] {subprocess.py:93} INFO - 	at scala.Option.foreach(Option.scala:407)
[2025-12-02T16:25:14.049+0000] {subprocess.py:93} INFO - 	at org.apache.spark.sql.execution.datasources.jdbc.JDBCOptions.<init>(JDBCOptions.scala:101)
[2025-12-02T16:25:14.049+0000] {subprocess.py:93} INFO - 	at org.apache.spark.sql.execution.datasources.jdbc.JDBCOptions.<init>(JDBCOptions.scala:39)
[2025-12-02T16:25:14.049+0000] {subprocess.py:93} INFO - 	at org.apache.spark.sql.execution.datasources.jdbc.JdbcRelationProvider.createRelation(JdbcRelationProvider.scala:34)
[2025-12-02T16:25:14.049+0000] {subprocess.py:93} INFO - 	at org.apache.spark.sql.execution.datasources.DataSource.resolveRelation(DataSource.scala:350)
[2025-12-02T16:25:14.050+0000] {subprocess.py:93} INFO - 	at org.apache.spark.sql.DataFrameReader.loadV1Source(DataFrameReader.scala:228)
[2025-12-02T16:25:14.050+0000] {subprocess.py:93} INFO - 	at org.apache.spark.sql.DataFrameReader.$anonfun$load$2(DataFrameReader.scala:210)
[2025-12-02T16:25:14.050+0000] {subprocess.py:93} INFO - 	at scala.Option.getOrElse(Option.scala:189)
[2025-12-02T16:25:14.050+0000] {subprocess.py:93} INFO - 	at org.apache.spark.sql.DataFrameReader.load(DataFrameReader.scala:210)
[2025-12-02T16:25:14.050+0000] {subprocess.py:93} INFO - 	at org.apache.spark.sql.DataFrameReader.load(DataFrameReader.scala:171)
[2025-12-02T16:25:14.050+0000] {subprocess.py:93} INFO - 	at sun.reflect.NativeMethodAccessorImpl.invoke0(Native Method)
[2025-12-02T16:25:14.050+0000] {subprocess.py:93} INFO - 	at sun.reflect.NativeMethodAccessorImpl.invoke(NativeMethodAccessorImpl.java:62)
[2025-12-02T16:25:14.050+0000] {subprocess.py:93} INFO - 	at sun.reflect.DelegatingMethodAccessorImpl.invoke(DelegatingMethodAccessorImpl.java:43)
[2025-12-02T16:25:14.050+0000] {subprocess.py:93} INFO - 	at java.lang.reflect.Method.invoke(Method.java:498)
[2025-12-02T16:25:14.050+0000] {subprocess.py:93} INFO - 	at py4j.reflection.MethodInvoker.invoke(MethodInvoker.java:244)
[2025-12-02T16:25:14.050+0000] {subprocess.py:93} INFO - 	at py4j.reflection.ReflectionEngine.invoke(ReflectionEngine.java:357)
[2025-12-02T16:25:14.050+0000] {subprocess.py:93} INFO - 	at py4j.Gateway.invoke(Gateway.java:282)
[2025-12-02T16:25:14.050+0000] {subprocess.py:93} INFO - 	at py4j.commands.AbstractCommand.invokeMethod(AbstractCommand.java:132)
[2025-12-02T16:25:14.050+0000] {subprocess.py:93} INFO - 	at py4j.commands.CallCommand.execute(CallCommand.java:79)
[2025-12-02T16:25:14.050+0000] {subprocess.py:93} INFO - 	at py4j.ClientServerConnection.waitForCommands(ClientServerConnection.java:182)
[2025-12-02T16:25:14.050+0000] {subprocess.py:93} INFO - 	at py4j.ClientServerConnection.run(ClientServerConnection.java:106)
[2025-12-02T16:25:14.050+0000] {subprocess.py:93} INFO - 	at java.lang.Thread.run(Thread.java:748)
[2025-12-02T16:25:14.050+0000] {subprocess.py:93} INFO - 
[2025-12-02T16:25:14.050+0000] {subprocess.py:93} INFO - 
[2025-12-02T16:25:14.050+0000] {subprocess.py:93} INFO - --- Reading from PG table: gold_dim_date ---
[2025-12-02T16:25:14.058+0000] {subprocess.py:93} INFO - Error processing table gold_dim_date: An error occurred while calling o52.load.
[2025-12-02T16:25:14.058+0000] {subprocess.py:93} INFO - : java.lang.ClassNotFoundException: org.postgresql.Driver
[2025-12-02T16:25:14.058+0000] {subprocess.py:93} INFO - 	at java.net.URLClassLoader.findClass(URLClassLoader.java:382)
[2025-12-02T16:25:14.058+0000] {subprocess.py:93} INFO - 	at java.lang.ClassLoader.loadClass(ClassLoader.java:419)
[2025-12-02T16:25:14.058+0000] {subprocess.py:93} INFO - 	at java.lang.ClassLoader.loadClass(ClassLoader.java:352)
[2025-12-02T16:25:14.058+0000] {subprocess.py:93} INFO - 	at org.apache.spark.sql.execution.datasources.jdbc.DriverRegistry$.register(DriverRegistry.scala:46)
[2025-12-02T16:25:14.058+0000] {subprocess.py:93} INFO - 	at org.apache.spark.sql.execution.datasources.jdbc.JDBCOptions.$anonfun$driverClass$1(JDBCOptions.scala:101)
[2025-12-02T16:25:14.058+0000] {subprocess.py:93} INFO - 	at org.apache.spark.sql.execution.datasources.jdbc.JDBCOptions.$anonfun$driverClass$1$adapted(JDBCOptions.scala:101)
[2025-12-02T16:25:14.058+0000] {subprocess.py:93} INFO - 	at scala.Option.foreach(Option.scala:407)
[2025-12-02T16:25:14.058+0000] {subprocess.py:93} INFO - 	at org.apache.spark.sql.execution.datasources.jdbc.JDBCOptions.<init>(JDBCOptions.scala:101)
[2025-12-02T16:25:14.058+0000] {subprocess.py:93} INFO - 	at org.apache.spark.sql.execution.datasources.jdbc.JDBCOptions.<init>(JDBCOptions.scala:39)
[2025-12-02T16:25:14.058+0000] {subprocess.py:93} INFO - 	at org.apache.spark.sql.execution.datasources.jdbc.JdbcRelationProvider.createRelation(JdbcRelationProvider.scala:34)
[2025-12-02T16:25:14.058+0000] {subprocess.py:93} INFO - 	at org.apache.spark.sql.execution.datasources.DataSource.resolveRelation(DataSource.scala:350)
[2025-12-02T16:25:14.058+0000] {subprocess.py:93} INFO - 	at org.apache.spark.sql.DataFrameReader.loadV1Source(DataFrameReader.scala:228)
[2025-12-02T16:25:14.058+0000] {subprocess.py:93} INFO - 	at org.apache.spark.sql.DataFrameReader.$anonfun$load$2(DataFrameReader.scala:210)
[2025-12-02T16:25:14.058+0000] {subprocess.py:93} INFO - 	at scala.Option.getOrElse(Option.scala:189)
[2025-12-02T16:25:14.058+0000] {subprocess.py:93} INFO - 	at org.apache.spark.sql.DataFrameReader.load(DataFrameReader.scala:210)
[2025-12-02T16:25:14.059+0000] {subprocess.py:93} INFO - 	at org.apache.spark.sql.DataFrameReader.load(DataFrameReader.scala:171)
[2025-12-02T16:25:14.059+0000] {subprocess.py:93} INFO - 	at sun.reflect.NativeMethodAccessorImpl.invoke0(Native Method)
[2025-12-02T16:25:14.059+0000] {subprocess.py:93} INFO - 	at sun.reflect.NativeMethodAccessorImpl.invoke(NativeMethodAccessorImpl.java:62)
[2025-12-02T16:25:14.059+0000] {subprocess.py:93} INFO - 	at sun.reflect.DelegatingMethodAccessorImpl.invoke(DelegatingMethodAccessorImpl.java:43)
[2025-12-02T16:25:14.059+0000] {subprocess.py:93} INFO - 	at java.lang.reflect.Method.invoke(Method.java:498)
[2025-12-02T16:25:14.059+0000] {subprocess.py:93} INFO - 	at py4j.reflection.MethodInvoker.invoke(MethodInvoker.java:244)
[2025-12-02T16:25:14.059+0000] {subprocess.py:93} INFO - 	at py4j.reflection.ReflectionEngine.invoke(ReflectionEngine.java:357)
[2025-12-02T16:25:14.059+0000] {subprocess.py:93} INFO - 	at py4j.Gateway.invoke(Gateway.java:282)
[2025-12-02T16:25:14.059+0000] {subprocess.py:93} INFO - 	at py4j.commands.AbstractCommand.invokeMethod(AbstractCommand.java:132)
[2025-12-02T16:25:14.059+0000] {subprocess.py:93} INFO - 	at py4j.commands.CallCommand.execute(CallCommand.java:79)
[2025-12-02T16:25:14.059+0000] {subprocess.py:93} INFO - 	at py4j.ClientServerConnection.waitForCommands(ClientServerConnection.java:182)
[2025-12-02T16:25:14.059+0000] {subprocess.py:93} INFO - 	at py4j.ClientServerConnection.run(ClientServerConnection.java:106)
[2025-12-02T16:25:14.059+0000] {subprocess.py:93} INFO - 	at java.lang.Thread.run(Thread.java:748)
[2025-12-02T16:25:14.059+0000] {subprocess.py:93} INFO - 
[2025-12-02T16:25:14.059+0000] {subprocess.py:93} INFO - 
[2025-12-02T16:25:14.059+0000] {subprocess.py:93} INFO - --- Reading from PG table: gold_dim_flight ---
[2025-12-02T16:25:14.067+0000] {subprocess.py:93} INFO - Error processing table gold_dim_flight: An error occurred while calling o60.load.
[2025-12-02T16:25:14.067+0000] {subprocess.py:93} INFO - : java.lang.ClassNotFoundException: org.postgresql.Driver
[2025-12-02T16:25:14.068+0000] {subprocess.py:93} INFO - 	at java.net.URLClassLoader.findClass(URLClassLoader.java:382)
[2025-12-02T16:25:14.068+0000] {subprocess.py:93} INFO - 	at java.lang.ClassLoader.loadClass(ClassLoader.java:419)
[2025-12-02T16:25:14.068+0000] {subprocess.py:93} INFO - 	at java.lang.ClassLoader.loadClass(ClassLoader.java:352)
[2025-12-02T16:25:14.068+0000] {subprocess.py:93} INFO - 	at org.apache.spark.sql.execution.datasources.jdbc.DriverRegistry$.register(DriverRegistry.scala:46)
[2025-12-02T16:25:14.068+0000] {subprocess.py:93} INFO - 	at org.apache.spark.sql.execution.datasources.jdbc.JDBCOptions.$anonfun$driverClass$1(JDBCOptions.scala:101)
[2025-12-02T16:25:14.068+0000] {subprocess.py:93} INFO - 	at org.apache.spark.sql.execution.datasources.jdbc.JDBCOptions.$anonfun$driverClass$1$adapted(JDBCOptions.scala:101)
[2025-12-02T16:25:14.068+0000] {subprocess.py:93} INFO - 	at scala.Option.foreach(Option.scala:407)
[2025-12-02T16:25:14.068+0000] {subprocess.py:93} INFO - 	at org.apache.spark.sql.execution.datasources.jdbc.JDBCOptions.<init>(JDBCOptions.scala:101)
[2025-12-02T16:25:14.068+0000] {subprocess.py:93} INFO - 	at org.apache.spark.sql.execution.datasources.jdbc.JDBCOptions.<init>(JDBCOptions.scala:39)
[2025-12-02T16:25:14.068+0000] {subprocess.py:93} INFO - 	at org.apache.spark.sql.execution.datasources.jdbc.JdbcRelationProvider.createRelation(JdbcRelationProvider.scala:34)
[2025-12-02T16:25:14.069+0000] {subprocess.py:93} INFO - 	at org.apache.spark.sql.execution.datasources.DataSource.resolveRelation(DataSource.scala:350)
[2025-12-02T16:25:14.069+0000] {subprocess.py:93} INFO - 	at org.apache.spark.sql.DataFrameReader.loadV1Source(DataFrameReader.scala:228)
[2025-12-02T16:25:14.069+0000] {subprocess.py:93} INFO - 	at org.apache.spark.sql.DataFrameReader.$anonfun$load$2(DataFrameReader.scala:210)
[2025-12-02T16:25:14.069+0000] {subprocess.py:93} INFO - 	at scala.Option.getOrElse(Option.scala:189)
[2025-12-02T16:25:14.069+0000] {subprocess.py:93} INFO - 	at org.apache.spark.sql.DataFrameReader.load(DataFrameReader.scala:210)
[2025-12-02T16:25:14.069+0000] {subprocess.py:93} INFO - 	at org.apache.spark.sql.DataFrameReader.load(DataFrameReader.scala:171)
[2025-12-02T16:25:14.069+0000] {subprocess.py:93} INFO - 	at sun.reflect.NativeMethodAccessorImpl.invoke0(Native Method)
[2025-12-02T16:25:14.069+0000] {subprocess.py:93} INFO - 	at sun.reflect.NativeMethodAccessorImpl.invoke(NativeMethodAccessorImpl.java:62)
[2025-12-02T16:25:14.069+0000] {subprocess.py:93} INFO - 	at sun.reflect.DelegatingMethodAccessorImpl.invoke(DelegatingMethodAccessorImpl.java:43)
[2025-12-02T16:25:14.069+0000] {subprocess.py:93} INFO - 	at java.lang.reflect.Method.invoke(Method.java:498)
[2025-12-02T16:25:14.069+0000] {subprocess.py:93} INFO - 	at py4j.reflection.MethodInvoker.invoke(MethodInvoker.java:244)
[2025-12-02T16:25:14.070+0000] {subprocess.py:93} INFO - 	at py4j.reflection.ReflectionEngine.invoke(ReflectionEngine.java:357)
[2025-12-02T16:25:14.070+0000] {subprocess.py:93} INFO - 	at py4j.Gateway.invoke(Gateway.java:282)
[2025-12-02T16:25:14.070+0000] {subprocess.py:93} INFO - 	at py4j.commands.AbstractCommand.invokeMethod(AbstractCommand.java:132)
[2025-12-02T16:25:14.070+0000] {subprocess.py:93} INFO - 	at py4j.commands.CallCommand.execute(CallCommand.java:79)
[2025-12-02T16:25:14.070+0000] {subprocess.py:93} INFO - 	at py4j.ClientServerConnection.waitForCommands(ClientServerConnection.java:182)
[2025-12-02T16:25:14.070+0000] {subprocess.py:93} INFO - 	at py4j.ClientServerConnection.run(ClientServerConnection.java:106)
[2025-12-02T16:25:14.070+0000] {subprocess.py:93} INFO - 	at java.lang.Thread.run(Thread.java:748)
[2025-12-02T16:25:14.070+0000] {subprocess.py:93} INFO - 
[2025-12-02T16:25:14.070+0000] {subprocess.py:93} INFO - 
[2025-12-02T16:25:14.070+0000] {subprocess.py:93} INFO - --- Reading from PG table: gold_dim_passenger ---
[2025-12-02T16:25:14.077+0000] {subprocess.py:93} INFO - Error processing table gold_dim_passenger: An error occurred while calling o68.load.
[2025-12-02T16:25:14.077+0000] {subprocess.py:93} INFO - : java.lang.ClassNotFoundException: org.postgresql.Driver
[2025-12-02T16:25:14.077+0000] {subprocess.py:93} INFO - 	at java.net.URLClassLoader.findClass(URLClassLoader.java:382)
[2025-12-02T16:25:14.077+0000] {subprocess.py:93} INFO - 	at java.lang.ClassLoader.loadClass(ClassLoader.java:419)
[2025-12-02T16:25:14.077+0000] {subprocess.py:93} INFO - 	at java.lang.ClassLoader.loadClass(ClassLoader.java:352)
[2025-12-02T16:25:14.078+0000] {subprocess.py:93} INFO - 	at org.apache.spark.sql.execution.datasources.jdbc.DriverRegistry$.register(DriverRegistry.scala:46)
[2025-12-02T16:25:14.078+0000] {subprocess.py:93} INFO - 	at org.apache.spark.sql.execution.datasources.jdbc.JDBCOptions.$anonfun$driverClass$1(JDBCOptions.scala:101)
[2025-12-02T16:25:14.078+0000] {subprocess.py:93} INFO - 	at org.apache.spark.sql.execution.datasources.jdbc.JDBCOptions.$anonfun$driverClass$1$adapted(JDBCOptions.scala:101)
[2025-12-02T16:25:14.078+0000] {subprocess.py:93} INFO - 	at scala.Option.foreach(Option.scala:407)
[2025-12-02T16:25:14.078+0000] {subprocess.py:93} INFO - 	at org.apache.spark.sql.execution.datasources.jdbc.JDBCOptions.<init>(JDBCOptions.scala:101)
[2025-12-02T16:25:14.078+0000] {subprocess.py:93} INFO - 	at org.apache.spark.sql.execution.datasources.jdbc.JDBCOptions.<init>(JDBCOptions.scala:39)
[2025-12-02T16:25:14.078+0000] {subprocess.py:93} INFO - 	at org.apache.spark.sql.execution.datasources.jdbc.JdbcRelationProvider.createRelation(JdbcRelationProvider.scala:34)
[2025-12-02T16:25:14.078+0000] {subprocess.py:93} INFO - 	at org.apache.spark.sql.execution.datasources.DataSource.resolveRelation(DataSource.scala:350)
[2025-12-02T16:25:14.078+0000] {subprocess.py:93} INFO - 	at org.apache.spark.sql.DataFrameReader.loadV1Source(DataFrameReader.scala:228)
[2025-12-02T16:25:14.078+0000] {subprocess.py:93} INFO - 	at org.apache.spark.sql.DataFrameReader.$anonfun$load$2(DataFrameReader.scala:210)
[2025-12-02T16:25:14.078+0000] {subprocess.py:93} INFO - 	at scala.Option.getOrElse(Option.scala:189)
[2025-12-02T16:25:14.078+0000] {subprocess.py:93} INFO - 	at org.apache.spark.sql.DataFrameReader.load(DataFrameReader.scala:210)
[2025-12-02T16:25:14.078+0000] {subprocess.py:93} INFO - 	at org.apache.spark.sql.DataFrameReader.load(DataFrameReader.scala:171)
[2025-12-02T16:25:14.078+0000] {subprocess.py:93} INFO - 	at sun.reflect.NativeMethodAccessorImpl.invoke0(Native Method)
[2025-12-02T16:25:14.078+0000] {subprocess.py:93} INFO - 	at sun.reflect.NativeMethodAccessorImpl.invoke(NativeMethodAccessorImpl.java:62)
[2025-12-02T16:25:14.078+0000] {subprocess.py:93} INFO - 	at sun.reflect.DelegatingMethodAccessorImpl.invoke(DelegatingMethodAccessorImpl.java:43)
[2025-12-02T16:25:14.078+0000] {subprocess.py:93} INFO - 	at java.lang.reflect.Method.invoke(Method.java:498)
[2025-12-02T16:25:14.078+0000] {subprocess.py:93} INFO - 	at py4j.reflection.MethodInvoker.invoke(MethodInvoker.java:244)
[2025-12-02T16:25:14.078+0000] {subprocess.py:93} INFO - 	at py4j.reflection.ReflectionEngine.invoke(ReflectionEngine.java:357)
[2025-12-02T16:25:14.078+0000] {subprocess.py:93} INFO - 	at py4j.Gateway.invoke(Gateway.java:282)
[2025-12-02T16:25:14.079+0000] {subprocess.py:93} INFO - 	at py4j.commands.AbstractCommand.invokeMethod(AbstractCommand.java:132)
[2025-12-02T16:25:14.079+0000] {subprocess.py:93} INFO - 	at py4j.commands.CallCommand.execute(CallCommand.java:79)
[2025-12-02T16:25:14.079+0000] {subprocess.py:93} INFO - 	at py4j.ClientServerConnection.waitForCommands(ClientServerConnection.java:182)
[2025-12-02T16:25:14.079+0000] {subprocess.py:93} INFO - 	at py4j.ClientServerConnection.run(ClientServerConnection.java:106)
[2025-12-02T16:25:14.079+0000] {subprocess.py:93} INFO - 	at java.lang.Thread.run(Thread.java:748)
[2025-12-02T16:25:14.079+0000] {subprocess.py:93} INFO - 
[2025-12-02T16:25:14.079+0000] {subprocess.py:93} INFO - 
[2025-12-02T16:25:14.079+0000] {subprocess.py:93} INFO - --- Reading from PG table: gold_dim_ticket ---
[2025-12-02T16:25:14.087+0000] {subprocess.py:93} INFO - Error processing table gold_dim_ticket: An error occurred while calling o76.load.
[2025-12-02T16:25:14.087+0000] {subprocess.py:93} INFO - : java.lang.ClassNotFoundException: org.postgresql.Driver
[2025-12-02T16:25:14.087+0000] {subprocess.py:93} INFO - 	at java.net.URLClassLoader.findClass(URLClassLoader.java:382)
[2025-12-02T16:25:14.087+0000] {subprocess.py:93} INFO - 	at java.lang.ClassLoader.loadClass(ClassLoader.java:419)
[2025-12-02T16:25:14.088+0000] {subprocess.py:93} INFO - 	at java.lang.ClassLoader.loadClass(ClassLoader.java:352)
[2025-12-02T16:25:14.088+0000] {subprocess.py:93} INFO - 	at org.apache.spark.sql.execution.datasources.jdbc.DriverRegistry$.register(DriverRegistry.scala:46)
[2025-12-02T16:25:14.088+0000] {subprocess.py:93} INFO - 	at org.apache.spark.sql.execution.datasources.jdbc.JDBCOptions.$anonfun$driverClass$1(JDBCOptions.scala:101)
[2025-12-02T16:25:14.088+0000] {subprocess.py:93} INFO - 	at org.apache.spark.sql.execution.datasources.jdbc.JDBCOptions.$anonfun$driverClass$1$adapted(JDBCOptions.scala:101)
[2025-12-02T16:25:14.088+0000] {subprocess.py:93} INFO - 	at scala.Option.foreach(Option.scala:407)
[2025-12-02T16:25:14.088+0000] {subprocess.py:93} INFO - 	at org.apache.spark.sql.execution.datasources.jdbc.JDBCOptions.<init>(JDBCOptions.scala:101)
[2025-12-02T16:25:14.088+0000] {subprocess.py:93} INFO - 	at org.apache.spark.sql.execution.datasources.jdbc.JDBCOptions.<init>(JDBCOptions.scala:39)
[2025-12-02T16:25:14.088+0000] {subprocess.py:93} INFO - 	at org.apache.spark.sql.execution.datasources.jdbc.JdbcRelationProvider.createRelation(JdbcRelationProvider.scala:34)
[2025-12-02T16:25:14.088+0000] {subprocess.py:93} INFO - 	at org.apache.spark.sql.execution.datasources.DataSource.resolveRelation(DataSource.scala:350)
[2025-12-02T16:25:14.089+0000] {subprocess.py:93} INFO - 	at org.apache.spark.sql.DataFrameReader.loadV1Source(DataFrameReader.scala:228)
[2025-12-02T16:25:14.089+0000] {subprocess.py:93} INFO - 	at org.apache.spark.sql.DataFrameReader.$anonfun$load$2(DataFrameReader.scala:210)
[2025-12-02T16:25:14.089+0000] {subprocess.py:93} INFO - 	at scala.Option.getOrElse(Option.scala:189)
[2025-12-02T16:25:14.089+0000] {subprocess.py:93} INFO - 	at org.apache.spark.sql.DataFrameReader.load(DataFrameReader.scala:210)
[2025-12-02T16:25:14.089+0000] {subprocess.py:93} INFO - 	at org.apache.spark.sql.DataFrameReader.load(DataFrameReader.scala:171)
[2025-12-02T16:25:14.089+0000] {subprocess.py:93} INFO - 	at sun.reflect.NativeMethodAccessorImpl.invoke0(Native Method)
[2025-12-02T16:25:14.089+0000] {subprocess.py:93} INFO - 	at sun.reflect.NativeMethodAccessorImpl.invoke(NativeMethodAccessorImpl.java:62)
[2025-12-02T16:25:14.089+0000] {subprocess.py:93} INFO - 	at sun.reflect.DelegatingMethodAccessorImpl.invoke(DelegatingMethodAccessorImpl.java:43)
[2025-12-02T16:25:14.089+0000] {subprocess.py:93} INFO - 	at java.lang.reflect.Method.invoke(Method.java:498)
[2025-12-02T16:25:14.089+0000] {subprocess.py:93} INFO - 	at py4j.reflection.MethodInvoker.invoke(MethodInvoker.java:244)
[2025-12-02T16:25:14.090+0000] {subprocess.py:93} INFO - 	at py4j.reflection.ReflectionEngine.invoke(ReflectionEngine.java:357)
[2025-12-02T16:25:14.090+0000] {subprocess.py:93} INFO - 	at py4j.Gateway.invoke(Gateway.java:282)
[2025-12-02T16:25:14.090+0000] {subprocess.py:93} INFO - 	at py4j.commands.AbstractCommand.invokeMethod(AbstractCommand.java:132)
[2025-12-02T16:25:14.090+0000] {subprocess.py:93} INFO - 	at py4j.commands.CallCommand.execute(CallCommand.java:79)
[2025-12-02T16:25:14.090+0000] {subprocess.py:93} INFO - 	at py4j.ClientServerConnection.waitForCommands(ClientServerConnection.java:182)
[2025-12-02T16:25:14.090+0000] {subprocess.py:93} INFO - 	at py4j.ClientServerConnection.run(ClientServerConnection.java:106)
[2025-12-02T16:25:14.090+0000] {subprocess.py:93} INFO - 	at java.lang.Thread.run(Thread.java:748)
[2025-12-02T16:25:14.090+0000] {subprocess.py:93} INFO - 
[2025-12-02T16:25:14.090+0000] {subprocess.py:93} INFO - 
[2025-12-02T16:25:14.090+0000] {subprocess.py:93} INFO - --- Reading from PG table: gold_dim_weather ---
[2025-12-02T16:25:14.098+0000] {subprocess.py:93} INFO - Error processing table gold_dim_weather: An error occurred while calling o84.load.
[2025-12-02T16:25:14.099+0000] {subprocess.py:93} INFO - : java.lang.ClassNotFoundException: org.postgresql.Driver
[2025-12-02T16:25:14.099+0000] {subprocess.py:93} INFO - 	at java.net.URLClassLoader.findClass(URLClassLoader.java:382)
[2025-12-02T16:25:14.099+0000] {subprocess.py:93} INFO - 	at java.lang.ClassLoader.loadClass(ClassLoader.java:419)
[2025-12-02T16:25:14.099+0000] {subprocess.py:93} INFO - 	at java.lang.ClassLoader.loadClass(ClassLoader.java:352)
[2025-12-02T16:25:14.099+0000] {subprocess.py:93} INFO - 	at org.apache.spark.sql.execution.datasources.jdbc.DriverRegistry$.register(DriverRegistry.scala:46)
[2025-12-02T16:25:14.099+0000] {subprocess.py:93} INFO - 	at org.apache.spark.sql.execution.datasources.jdbc.JDBCOptions.$anonfun$driverClass$1(JDBCOptions.scala:101)
[2025-12-02T16:25:14.099+0000] {subprocess.py:93} INFO - 	at org.apache.spark.sql.execution.datasources.jdbc.JDBCOptions.$anonfun$driverClass$1$adapted(JDBCOptions.scala:101)
[2025-12-02T16:25:14.099+0000] {subprocess.py:93} INFO - 	at scala.Option.foreach(Option.scala:407)
[2025-12-02T16:25:14.100+0000] {subprocess.py:93} INFO - 	at org.apache.spark.sql.execution.datasources.jdbc.JDBCOptions.<init>(JDBCOptions.scala:101)
[2025-12-02T16:25:14.100+0000] {subprocess.py:93} INFO - 	at org.apache.spark.sql.execution.datasources.jdbc.JDBCOptions.<init>(JDBCOptions.scala:39)
[2025-12-02T16:25:14.100+0000] {subprocess.py:93} INFO - 	at org.apache.spark.sql.execution.datasources.jdbc.JdbcRelationProvider.createRelation(JdbcRelationProvider.scala:34)
[2025-12-02T16:25:14.100+0000] {subprocess.py:93} INFO - 	at org.apache.spark.sql.execution.datasources.DataSource.resolveRelation(DataSource.scala:350)
[2025-12-02T16:25:14.100+0000] {subprocess.py:93} INFO - 	at org.apache.spark.sql.DataFrameReader.loadV1Source(DataFrameReader.scala:228)
[2025-12-02T16:25:14.100+0000] {subprocess.py:93} INFO - 	at org.apache.spark.sql.DataFrameReader.$anonfun$load$2(DataFrameReader.scala:210)
[2025-12-02T16:25:14.100+0000] {subprocess.py:93} INFO - 	at scala.Option.getOrElse(Option.scala:189)
[2025-12-02T16:25:14.100+0000] {subprocess.py:93} INFO - 	at org.apache.spark.sql.DataFrameReader.load(DataFrameReader.scala:210)
[2025-12-02T16:25:14.100+0000] {subprocess.py:93} INFO - 	at org.apache.spark.sql.DataFrameReader.load(DataFrameReader.scala:171)
[2025-12-02T16:25:14.101+0000] {subprocess.py:93} INFO - 	at sun.reflect.NativeMethodAccessorImpl.invoke0(Native Method)
[2025-12-02T16:25:14.101+0000] {subprocess.py:93} INFO - 	at sun.reflect.NativeMethodAccessorImpl.invoke(NativeMethodAccessorImpl.java:62)
[2025-12-02T16:25:14.101+0000] {subprocess.py:93} INFO - 	at sun.reflect.DelegatingMethodAccessorImpl.invoke(DelegatingMethodAccessorImpl.java:43)
[2025-12-02T16:25:14.101+0000] {subprocess.py:93} INFO - 	at java.lang.reflect.Method.invoke(Method.java:498)
[2025-12-02T16:25:14.101+0000] {subprocess.py:93} INFO - 	at py4j.reflection.MethodInvoker.invoke(MethodInvoker.java:244)
[2025-12-02T16:25:14.101+0000] {subprocess.py:93} INFO - 	at py4j.reflection.ReflectionEngine.invoke(ReflectionEngine.java:357)
[2025-12-02T16:25:14.101+0000] {subprocess.py:93} INFO - 	at py4j.Gateway.invoke(Gateway.java:282)
[2025-12-02T16:25:14.101+0000] {subprocess.py:93} INFO - 	at py4j.commands.AbstractCommand.invokeMethod(AbstractCommand.java:132)
[2025-12-02T16:25:14.101+0000] {subprocess.py:93} INFO - 	at py4j.commands.CallCommand.execute(CallCommand.java:79)
[2025-12-02T16:25:14.101+0000] {subprocess.py:93} INFO - 	at py4j.ClientServerConnection.waitForCommands(ClientServerConnection.java:182)
[2025-12-02T16:25:14.102+0000] {subprocess.py:93} INFO - 	at py4j.ClientServerConnection.run(ClientServerConnection.java:106)
[2025-12-02T16:25:14.102+0000] {subprocess.py:93} INFO - 	at java.lang.Thread.run(Thread.java:748)
[2025-12-02T16:25:14.102+0000] {subprocess.py:93} INFO - 
[2025-12-02T16:25:14.102+0000] {subprocess.py:93} INFO - 
[2025-12-02T16:25:14.102+0000] {subprocess.py:93} INFO - --- Reading from PG table: gold_fact_booking ---
[2025-12-02T16:25:14.109+0000] {subprocess.py:93} INFO - Error processing table gold_fact_booking: An error occurred while calling o92.load.
[2025-12-02T16:25:14.109+0000] {subprocess.py:93} INFO - : java.lang.ClassNotFoundException: org.postgresql.Driver
[2025-12-02T16:25:14.109+0000] {subprocess.py:93} INFO - 	at java.net.URLClassLoader.findClass(URLClassLoader.java:382)
[2025-12-02T16:25:14.109+0000] {subprocess.py:93} INFO - 	at java.lang.ClassLoader.loadClass(ClassLoader.java:419)
[2025-12-02T16:25:14.109+0000] {subprocess.py:93} INFO - 	at java.lang.ClassLoader.loadClass(ClassLoader.java:352)
[2025-12-02T16:25:14.109+0000] {subprocess.py:93} INFO - 	at org.apache.spark.sql.execution.datasources.jdbc.DriverRegistry$.register(DriverRegistry.scala:46)
[2025-12-02T16:25:14.109+0000] {subprocess.py:93} INFO - 	at org.apache.spark.sql.execution.datasources.jdbc.JDBCOptions.$anonfun$driverClass$1(JDBCOptions.scala:101)
[2025-12-02T16:25:14.110+0000] {subprocess.py:93} INFO - 	at org.apache.spark.sql.execution.datasources.jdbc.JDBCOptions.$anonfun$driverClass$1$adapted(JDBCOptions.scala:101)
[2025-12-02T16:25:14.110+0000] {subprocess.py:93} INFO - 	at scala.Option.foreach(Option.scala:407)
[2025-12-02T16:25:14.110+0000] {subprocess.py:93} INFO - 	at org.apache.spark.sql.execution.datasources.jdbc.JDBCOptions.<init>(JDBCOptions.scala:101)
[2025-12-02T16:25:14.110+0000] {subprocess.py:93} INFO - 	at org.apache.spark.sql.execution.datasources.jdbc.JDBCOptions.<init>(JDBCOptions.scala:39)
[2025-12-02T16:25:14.110+0000] {subprocess.py:93} INFO - 	at org.apache.spark.sql.execution.datasources.jdbc.JdbcRelationProvider.createRelation(JdbcRelationProvider.scala:34)
[2025-12-02T16:25:14.110+0000] {subprocess.py:93} INFO - 	at org.apache.spark.sql.execution.datasources.DataSource.resolveRelation(DataSource.scala:350)
[2025-12-02T16:25:14.110+0000] {subprocess.py:93} INFO - 	at org.apache.spark.sql.DataFrameReader.loadV1Source(DataFrameReader.scala:228)
[2025-12-02T16:25:14.110+0000] {subprocess.py:93} INFO - 	at org.apache.spark.sql.DataFrameReader.$anonfun$load$2(DataFrameReader.scala:210)
[2025-12-02T16:25:14.110+0000] {subprocess.py:93} INFO - 	at scala.Option.getOrElse(Option.scala:189)
[2025-12-02T16:25:14.110+0000] {subprocess.py:93} INFO - 	at org.apache.spark.sql.DataFrameReader.load(DataFrameReader.scala:210)
[2025-12-02T16:25:14.111+0000] {subprocess.py:93} INFO - 	at org.apache.spark.sql.DataFrameReader.load(DataFrameReader.scala:171)
[2025-12-02T16:25:14.111+0000] {subprocess.py:93} INFO - 	at sun.reflect.NativeMethodAccessorImpl.invoke0(Native Method)
[2025-12-02T16:25:14.111+0000] {subprocess.py:93} INFO - 	at sun.reflect.NativeMethodAccessorImpl.invoke(NativeMethodAccessorImpl.java:62)
[2025-12-02T16:25:14.111+0000] {subprocess.py:93} INFO - 	at sun.reflect.DelegatingMethodAccessorImpl.invoke(DelegatingMethodAccessorImpl.java:43)
[2025-12-02T16:25:14.111+0000] {subprocess.py:93} INFO - 	at java.lang.reflect.Method.invoke(Method.java:498)
[2025-12-02T16:25:14.111+0000] {subprocess.py:93} INFO - 	at py4j.reflection.MethodInvoker.invoke(MethodInvoker.java:244)
[2025-12-02T16:25:14.111+0000] {subprocess.py:93} INFO - 	at py4j.reflection.ReflectionEngine.invoke(ReflectionEngine.java:357)
[2025-12-02T16:25:14.111+0000] {subprocess.py:93} INFO - 	at py4j.Gateway.invoke(Gateway.java:282)
[2025-12-02T16:25:14.111+0000] {subprocess.py:93} INFO - 	at py4j.commands.AbstractCommand.invokeMethod(AbstractCommand.java:132)
[2025-12-02T16:25:14.111+0000] {subprocess.py:93} INFO - 	at py4j.commands.CallCommand.execute(CallCommand.java:79)
[2025-12-02T16:25:14.111+0000] {subprocess.py:93} INFO - 	at py4j.ClientServerConnection.waitForCommands(ClientServerConnection.java:182)
[2025-12-02T16:25:14.111+0000] {subprocess.py:93} INFO - 	at py4j.ClientServerConnection.run(ClientServerConnection.java:106)
[2025-12-02T16:25:14.111+0000] {subprocess.py:93} INFO - 	at java.lang.Thread.run(Thread.java:748)
[2025-12-02T16:25:14.111+0000] {subprocess.py:93} INFO - 
[2025-12-02T16:25:14.112+0000] {subprocess.py:93} INFO - 
[2025-12-02T16:25:14.112+0000] {subprocess.py:93} INFO - SHOWING TABLES in Hive:
[2025-12-02T16:25:15.089+0000] {subprocess.py:93} INFO - 25/12/02 16:25:15 INFO CodeGenerator: Code generated in 139.157859 ms
[2025-12-02T16:25:15.146+0000] {subprocess.py:93} INFO - +---------+---------+-----------+
[2025-12-02T16:25:15.146+0000] {subprocess.py:93} INFO - |namespace|tableName|isTemporary|
[2025-12-02T16:25:15.146+0000] {subprocess.py:93} INFO - +---------+---------+-----------+
[2025-12-02T16:25:15.146+0000] {subprocess.py:93} INFO - +---------+---------+-----------+
[2025-12-02T16:25:15.147+0000] {subprocess.py:93} INFO - 
[2025-12-02T16:25:15.232+0000] {subprocess.py:93} INFO - Traceback (most recent call last):
[2025-12-02T16:25:15.233+0000] {subprocess.py:93} INFO -   File "/tmp/spark_drivers/batch.py", line 62, in <module>
[2025-12-02T16:25:15.233+0000] {subprocess.py:93} INFO -     spark.sql("SELECT * FROM dim_flight").show()
[2025-12-02T16:25:15.233+0000] {subprocess.py:93} INFO -   File "/spark/python/lib/pyspark.zip/pyspark/sql/session.py", line 1034, in sql
[2025-12-02T16:25:15.233+0000] {subprocess.py:93} INFO -   File "/spark/python/lib/py4j-0.10.9.5-src.zip/py4j/java_gateway.py", line 1322, in __call__
[2025-12-02T16:25:15.233+0000] {subprocess.py:93} INFO -   File "/spark/python/lib/pyspark.zip/pyspark/sql/utils.py", line 196, in deco
[2025-12-02T16:25:15.236+0000] {subprocess.py:93} INFO - pyspark.sql.utils.AnalysisException: Table or view not found: dim_flight; line 1 pos 14;
[2025-12-02T16:25:15.236+0000] {subprocess.py:93} INFO - 'Project [*]
[2025-12-02T16:25:15.236+0000] {subprocess.py:93} INFO - +- 'UnresolvedRelation [dim_flight], [], false
[2025-12-02T16:25:15.236+0000] {subprocess.py:93} INFO - 
[2025-12-02T16:25:15.252+0000] {subprocess.py:93} INFO - 25/12/02 16:25:15 INFO SparkContext: Invoking stop() from shutdown hook
[2025-12-02T16:25:15.262+0000] {subprocess.py:93} INFO - 25/12/02 16:25:15 INFO SparkUI: Stopped Spark web UI at http://ecad8a91b3b0:4040
[2025-12-02T16:25:15.265+0000] {subprocess.py:93} INFO - 25/12/02 16:25:15 INFO StandaloneSchedulerBackend: Shutting down all executors
[2025-12-02T16:25:15.265+0000] {subprocess.py:93} INFO - 25/12/02 16:25:15 INFO CoarseGrainedSchedulerBackend$DriverEndpoint: Asking each executor to shut down
[2025-12-02T16:25:15.282+0000] {subprocess.py:93} INFO - 25/12/02 16:25:15 INFO MapOutputTrackerMasterEndpoint: MapOutputTrackerMasterEndpoint stopped!
[2025-12-02T16:25:15.293+0000] {subprocess.py:93} INFO - 25/12/02 16:25:15 INFO MemoryStore: MemoryStore cleared
[2025-12-02T16:25:15.293+0000] {subprocess.py:93} INFO - 25/12/02 16:25:15 INFO BlockManager: BlockManager stopped
[2025-12-02T16:25:15.310+0000] {subprocess.py:93} INFO - 25/12/02 16:25:15 INFO BlockManagerMaster: BlockManagerMaster stopped
[2025-12-02T16:25:15.313+0000] {subprocess.py:93} INFO - 25/12/02 16:25:15 INFO OutputCommitCoordinator$OutputCommitCoordinatorEndpoint: OutputCommitCoordinator stopped!
[2025-12-02T16:25:15.320+0000] {subprocess.py:93} INFO - 25/12/02 16:25:15 INFO SparkContext: Successfully stopped SparkContext
[2025-12-02T16:25:15.320+0000] {subprocess.py:93} INFO - 25/12/02 16:25:15 INFO ShutdownHookManager: Shutdown hook called
[2025-12-02T16:25:15.321+0000] {subprocess.py:93} INFO - 25/12/02 16:25:15 INFO ShutdownHookManager: Deleting directory /tmp/spark-435df488-e735-4a4e-a558-0319e085a16e
[2025-12-02T16:25:15.322+0000] {subprocess.py:93} INFO - 25/12/02 16:25:15 INFO ShutdownHookManager: Deleting directory /tmp/spark-df4638c9-71f3-474e-ab22-480d145340c0
[2025-12-02T16:25:15.324+0000] {subprocess.py:93} INFO - 25/12/02 16:25:15 INFO ShutdownHookManager: Deleting directory /tmp/spark-df4638c9-71f3-474e-ab22-480d145340c0/pyspark-6cf6260c-0398-40f6-9009-0b40269be4eb
[2025-12-02T16:25:15.408+0000] {subprocess.py:97} INFO - Command exited with return code 1
[2025-12-02T16:25:15.418+0000] {taskinstance.py:1937} ERROR - Task failed with exception
Traceback (most recent call last):
  File "/home/airflow/.local/lib/python3.8/site-packages/airflow/operators/bash.py", line 210, in execute
    raise AirflowException(
airflow.exceptions.AirflowException: Bash command failed. The command returned a non-zero exit code 1.
[2025-12-02T16:25:15.421+0000] {taskinstance.py:1400} INFO - Marking task as FAILED. dag_id=flight_etl, task_id=spark_batch_processor, execution_date=20251202T162028, start_date=20251202T162505, end_date=20251202T162515
[2025-12-02T16:25:15.430+0000] {standard_task_runner.py:104} ERROR - Failed to execute job 80 for task spark_batch_processor (Bash command failed. The command returned a non-zero exit code 1.; 335)
[2025-12-02T16:25:15.437+0000] {local_task_job_runner.py:228} INFO - Task exited with return code 1
[2025-12-02T16:25:15.449+0000] {taskinstance.py:2778} INFO - 0 downstream tasks scheduled from follow-on schedule check
