[2025-12-02T16:25:04.662+0000] {taskinstance.py:1159} INFO - Dependencies all met for dep_context=non-requeueable deps ti=<TaskInstance: flight_etl.debug_check_spark_files manual__2025-12-02T16:20:28.553554+00:00 [queued]>
[2025-12-02T16:25:04.667+0000] {taskinstance.py:1159} INFO - Dependencies all met for dep_context=requeueable deps ti=<TaskInstance: flight_etl.debug_check_spark_files manual__2025-12-02T16:20:28.553554+00:00 [queued]>
[2025-12-02T16:25:04.667+0000] {taskinstance.py:1361} INFO - Starting attempt 1 of 1
[2025-12-02T16:25:04.675+0000] {taskinstance.py:1382} INFO - Executing <Task(BashOperator): debug_check_spark_files> on 2025-12-02 16:20:28.553554+00:00
[2025-12-02T16:25:04.679+0000] {standard_task_runner.py:57} INFO - Started process 321 to run task
[2025-12-02T16:25:04.682+0000] {standard_task_runner.py:84} INFO - Running: ['***', 'tasks', 'run', 'flight_etl', 'debug_check_spark_files', 'manual__2025-12-02T16:20:28.553554+00:00', '--job-id', '79', '--raw', '--subdir', 'DAGS_FOLDER/etl-dag.py', '--cfg-path', '/tmp/tmpzwrw9l_c']
[2025-12-02T16:25:04.683+0000] {standard_task_runner.py:85} INFO - Job 79: Subtask debug_check_spark_files
[2025-12-02T16:25:04.725+0000] {task_command.py:416} INFO - Running <TaskInstance: flight_etl.debug_check_spark_files manual__2025-12-02T16:20:28.553554+00:00 [running]> on host 5b7927b7b68a
[2025-12-02T16:25:04.801+0000] {taskinstance.py:1662} INFO - Exporting env vars: AIRFLOW_CTX_DAG_OWNER='***' AIRFLOW_CTX_DAG_ID='flight_etl' AIRFLOW_CTX_TASK_ID='debug_check_spark_files' AIRFLOW_CTX_EXECUTION_DATE='2025-12-02T16:20:28.553554+00:00' AIRFLOW_CTX_TRY_NUMBER='1' AIRFLOW_CTX_DAG_RUN_ID='manual__2025-12-02T16:20:28.553554+00:00'
[2025-12-02T16:25:04.804+0000] {subprocess.py:63} INFO - Tmp dir root location: /tmp
[2025-12-02T16:25:04.804+0000] {subprocess.py:75} INFO - Running command: ['/bin/bash', '-c', '\n            SPARK_MASTER="spark-master"\n            DEST_DIR="/tmp/spark_drivers/"\n            \n            echo "--- Checking files on ${SPARK_MASTER}:${DEST_DIR} ---"\n            \n            # Use docker exec to run ls inside the Spark Master container\n            docker exec ${SPARK_MASTER} ls -l ${DEST_DIR}\n            \n            echo "--- Debug check complete ---"\n            \n            # If the ls command fails or files are missing, this task will still succeed \n            # unless we force a failure, but the logs will tell us everything we need.\n        ']
[2025-12-02T16:25:04.821+0000] {subprocess.py:86} INFO - Output:
[2025-12-02T16:25:04.823+0000] {subprocess.py:93} INFO - --- Checking files on spark-master:/tmp/spark_drivers/ ---
[2025-12-02T16:25:04.894+0000] {subprocess.py:93} INFO - total 4
[2025-12-02T16:25:04.895+0000] {subprocess.py:93} INFO - -rw-r--r-- 1 1000 1000 3046 Dec  2 16:18 batch.py
[2025-12-02T16:25:04.897+0000] {subprocess.py:93} INFO - --- Debug check complete ---
[2025-12-02T16:25:04.898+0000] {subprocess.py:97} INFO - Command exited with return code 0
[2025-12-02T16:25:04.936+0000] {taskinstance.py:1400} INFO - Marking task as SUCCESS. dag_id=flight_etl, task_id=debug_check_spark_files, execution_date=20251202T162028, start_date=20251202T162504, end_date=20251202T162504
[2025-12-02T16:25:04.973+0000] {local_task_job_runner.py:228} INFO - Task exited with return code 0
[2025-12-02T16:25:04.995+0000] {taskinstance.py:2778} INFO - 1 downstream tasks scheduled from follow-on schedule check
