[2025-12-11T00:38:15.608+0000] {processor.py:157} INFO - Started process (PID=171) to work on /opt/airflow/dags/etl-dag.py
[2025-12-11T00:38:15.609+0000] {processor.py:829} INFO - Processing file /opt/airflow/dags/etl-dag.py for tasks to queue
[2025-12-11T00:38:15.611+0000] {logging_mixin.py:154} INFO - [2025-12-11T00:38:15.611+0000] {dagbag.py:536} INFO - Filling up the DagBag from /opt/airflow/dags/etl-dag.py
[2025-12-11T00:38:15.631+0000] {processor.py:839} INFO - DAG(s) dict_keys(['flight_etl']) retrieved from /opt/airflow/dags/etl-dag.py
[2025-12-11T00:38:15.813+0000] {logging_mixin.py:154} INFO - [2025-12-11T00:38:15.812+0000] {dag.py:2941} INFO - Sync 1 DAGs
[2025-12-11T00:38:15.828+0000] {logging_mixin.py:154} INFO - [2025-12-11T00:38:15.828+0000] {dag.py:3722} INFO - Setting next_dagrun for flight_etl to 2025-12-10T00:00:00+00:00, run_after=2025-12-11T00:00:00+00:00
[2025-12-11T00:38:15.852+0000] {processor.py:179} INFO - Processing /opt/airflow/dags/etl-dag.py took 0.249 seconds
[2025-12-11T00:38:45.908+0000] {processor.py:157} INFO - Started process (PID=234) to work on /opt/airflow/dags/etl-dag.py
[2025-12-11T00:38:45.910+0000] {processor.py:829} INFO - Processing file /opt/airflow/dags/etl-dag.py for tasks to queue
[2025-12-11T00:38:45.911+0000] {logging_mixin.py:154} INFO - [2025-12-11T00:38:45.911+0000] {dagbag.py:536} INFO - Filling up the DagBag from /opt/airflow/dags/etl-dag.py
[2025-12-11T00:38:45.921+0000] {processor.py:839} INFO - DAG(s) dict_keys(['flight_etl']) retrieved from /opt/airflow/dags/etl-dag.py
[2025-12-11T00:38:45.939+0000] {logging_mixin.py:154} INFO - [2025-12-11T00:38:45.939+0000] {dag.py:2941} INFO - Sync 1 DAGs
[2025-12-11T00:38:45.956+0000] {logging_mixin.py:154} INFO - [2025-12-11T00:38:45.956+0000] {dag.py:3722} INFO - Setting next_dagrun for flight_etl to 2025-12-11T00:00:00+00:00, run_after=2025-12-12T00:00:00+00:00
[2025-12-11T00:38:45.973+0000] {processor.py:179} INFO - Processing /opt/airflow/dags/etl-dag.py took 0.068 seconds
[2025-12-11T00:39:16.296+0000] {processor.py:157} INFO - Started process (PID=289) to work on /opt/airflow/dags/etl-dag.py
[2025-12-11T00:39:16.297+0000] {processor.py:829} INFO - Processing file /opt/airflow/dags/etl-dag.py for tasks to queue
[2025-12-11T00:39:16.299+0000] {logging_mixin.py:154} INFO - [2025-12-11T00:39:16.299+0000] {dagbag.py:536} INFO - Filling up the DagBag from /opt/airflow/dags/etl-dag.py
[2025-12-11T00:39:16.307+0000] {processor.py:839} INFO - DAG(s) dict_keys(['flight_etl']) retrieved from /opt/airflow/dags/etl-dag.py
[2025-12-11T00:39:16.327+0000] {logging_mixin.py:154} INFO - [2025-12-11T00:39:16.327+0000] {dag.py:2941} INFO - Sync 1 DAGs
[2025-12-11T00:39:16.341+0000] {logging_mixin.py:154} INFO - [2025-12-11T00:39:16.341+0000] {dag.py:3722} INFO - Setting next_dagrun for flight_etl to 2025-12-11T00:00:00+00:00, run_after=2025-12-12T00:00:00+00:00
[2025-12-11T00:39:16.358+0000] {processor.py:179} INFO - Processing /opt/airflow/dags/etl-dag.py took 0.066 seconds
[2025-12-11T00:39:46.632+0000] {processor.py:157} INFO - Started process (PID=344) to work on /opt/airflow/dags/etl-dag.py
[2025-12-11T00:39:46.633+0000] {processor.py:829} INFO - Processing file /opt/airflow/dags/etl-dag.py for tasks to queue
[2025-12-11T00:39:46.634+0000] {logging_mixin.py:154} INFO - [2025-12-11T00:39:46.634+0000] {dagbag.py:536} INFO - Filling up the DagBag from /opt/airflow/dags/etl-dag.py
[2025-12-11T00:39:46.641+0000] {processor.py:839} INFO - DAG(s) dict_keys(['flight_etl']) retrieved from /opt/airflow/dags/etl-dag.py
[2025-12-11T00:39:46.657+0000] {logging_mixin.py:154} INFO - [2025-12-11T00:39:46.657+0000] {dag.py:2941} INFO - Sync 1 DAGs
[2025-12-11T00:39:46.674+0000] {logging_mixin.py:154} INFO - [2025-12-11T00:39:46.674+0000] {dag.py:3722} INFO - Setting next_dagrun for flight_etl to 2025-12-11T00:00:00+00:00, run_after=2025-12-12T00:00:00+00:00
[2025-12-11T00:39:46.696+0000] {processor.py:179} INFO - Processing /opt/airflow/dags/etl-dag.py took 0.068 seconds
[2025-12-11T00:40:17.869+0000] {processor.py:157} INFO - Started process (PID=399) to work on /opt/airflow/dags/etl-dag.py
[2025-12-11T00:40:19.236+0000] {processor.py:829} INFO - Processing file /opt/airflow/dags/etl-dag.py for tasks to queue
[2025-12-11T00:40:19.239+0000] {logging_mixin.py:154} INFO - [2025-12-11T00:40:19.238+0000] {dagbag.py:536} INFO - Filling up the DagBag from /opt/airflow/dags/etl-dag.py
[2025-12-11T00:40:19.366+0000] {processor.py:839} INFO - DAG(s) dict_keys(['flight_etl']) retrieved from /opt/airflow/dags/etl-dag.py
[2025-12-11T00:40:19.478+0000] {logging_mixin.py:154} INFO - [2025-12-11T00:40:19.477+0000] {dag.py:2941} INFO - Sync 1 DAGs
[2025-12-11T00:40:20.906+0000] {logging_mixin.py:154} INFO - [2025-12-11T00:40:20.906+0000] {dag.py:3722} INFO - Setting next_dagrun for flight_etl to 2025-12-11T00:00:00+00:00, run_after=2025-12-12T00:00:00+00:00
[2025-12-11T00:40:23.158+0000] {processor.py:179} INFO - Processing /opt/airflow/dags/etl-dag.py took 5.294 seconds
[2025-12-11T00:40:53.199+0000] {processor.py:157} INFO - Started process (PID=455) to work on /opt/airflow/dags/etl-dag.py
[2025-12-11T00:40:53.201+0000] {processor.py:829} INFO - Processing file /opt/airflow/dags/etl-dag.py for tasks to queue
[2025-12-11T00:40:53.203+0000] {logging_mixin.py:154} INFO - [2025-12-11T00:40:53.203+0000] {dagbag.py:536} INFO - Filling up the DagBag from /opt/airflow/dags/etl-dag.py
[2025-12-11T00:40:53.211+0000] {processor.py:839} INFO - DAG(s) dict_keys(['flight_etl']) retrieved from /opt/airflow/dags/etl-dag.py
[2025-12-11T00:40:53.236+0000] {logging_mixin.py:154} INFO - [2025-12-11T00:40:53.236+0000] {dag.py:2941} INFO - Sync 1 DAGs
[2025-12-11T00:40:53.254+0000] {logging_mixin.py:154} INFO - [2025-12-11T00:40:53.254+0000] {dag.py:3722} INFO - Setting next_dagrun for flight_etl to 2025-12-11T00:00:00+00:00, run_after=2025-12-12T00:00:00+00:00
[2025-12-11T00:40:53.266+0000] {processor.py:179} INFO - Processing /opt/airflow/dags/etl-dag.py took 0.071 seconds
[2025-12-11T00:41:23.871+0000] {processor.py:157} INFO - Started process (PID=510) to work on /opt/airflow/dags/etl-dag.py
[2025-12-11T00:41:23.872+0000] {processor.py:829} INFO - Processing file /opt/airflow/dags/etl-dag.py for tasks to queue
[2025-12-11T00:41:23.874+0000] {logging_mixin.py:154} INFO - [2025-12-11T00:41:23.874+0000] {dagbag.py:536} INFO - Filling up the DagBag from /opt/airflow/dags/etl-dag.py
[2025-12-11T00:41:23.879+0000] {processor.py:839} INFO - DAG(s) dict_keys(['flight_etl']) retrieved from /opt/airflow/dags/etl-dag.py
[2025-12-11T00:41:23.898+0000] {logging_mixin.py:154} INFO - [2025-12-11T00:41:23.897+0000] {dag.py:2941} INFO - Sync 1 DAGs
[2025-12-11T00:41:23.913+0000] {logging_mixin.py:154} INFO - [2025-12-11T00:41:23.912+0000] {dag.py:3722} INFO - Setting next_dagrun for flight_etl to 2025-12-11T00:00:00+00:00, run_after=2025-12-12T00:00:00+00:00
[2025-12-11T00:41:23.924+0000] {processor.py:179} INFO - Processing /opt/airflow/dags/etl-dag.py took 0.056 seconds
[2025-12-11T00:41:54.324+0000] {processor.py:157} INFO - Started process (PID=565) to work on /opt/airflow/dags/etl-dag.py
[2025-12-11T00:41:54.402+0000] {processor.py:829} INFO - Processing file /opt/airflow/dags/etl-dag.py for tasks to queue
[2025-12-11T00:41:54.403+0000] {logging_mixin.py:154} INFO - [2025-12-11T00:41:54.403+0000] {dagbag.py:536} INFO - Filling up the DagBag from /opt/airflow/dags/etl-dag.py
[2025-12-11T00:41:54.408+0000] {processor.py:839} INFO - DAG(s) dict_keys(['flight_etl']) retrieved from /opt/airflow/dags/etl-dag.py
[2025-12-11T00:41:54.422+0000] {logging_mixin.py:154} INFO - [2025-12-11T00:41:54.421+0000] {dag.py:2941} INFO - Sync 1 DAGs
[2025-12-11T00:41:54.437+0000] {logging_mixin.py:154} INFO - [2025-12-11T00:41:54.436+0000] {dag.py:3722} INFO - Setting next_dagrun for flight_etl to 2025-12-11T00:00:00+00:00, run_after=2025-12-12T00:00:00+00:00
[2025-12-11T00:41:54.545+0000] {processor.py:179} INFO - Processing /opt/airflow/dags/etl-dag.py took 0.223 seconds
[2025-12-11T00:42:25.015+0000] {processor.py:157} INFO - Started process (PID=627) to work on /opt/airflow/dags/etl-dag.py
[2025-12-11T00:42:25.026+0000] {processor.py:829} INFO - Processing file /opt/airflow/dags/etl-dag.py for tasks to queue
[2025-12-11T00:42:25.027+0000] {logging_mixin.py:154} INFO - [2025-12-11T00:42:25.027+0000] {dagbag.py:536} INFO - Filling up the DagBag from /opt/airflow/dags/etl-dag.py
[2025-12-11T00:42:25.035+0000] {processor.py:839} INFO - DAG(s) dict_keys(['flight_etl']) retrieved from /opt/airflow/dags/etl-dag.py
[2025-12-11T00:42:25.050+0000] {logging_mixin.py:154} INFO - [2025-12-11T00:42:25.050+0000] {dag.py:2941} INFO - Sync 1 DAGs
[2025-12-11T00:42:25.064+0000] {logging_mixin.py:154} INFO - [2025-12-11T00:42:25.064+0000] {dag.py:3722} INFO - Setting next_dagrun for flight_etl to 2025-12-11T00:00:00+00:00, run_after=2025-12-12T00:00:00+00:00
[2025-12-11T00:42:25.202+0000] {processor.py:179} INFO - Processing /opt/airflow/dags/etl-dag.py took 0.190 seconds
[2025-12-11T00:42:55.780+0000] {processor.py:157} INFO - Started process (PID=682) to work on /opt/airflow/dags/etl-dag.py
[2025-12-11T00:42:55.781+0000] {processor.py:829} INFO - Processing file /opt/airflow/dags/etl-dag.py for tasks to queue
[2025-12-11T00:42:55.783+0000] {logging_mixin.py:154} INFO - [2025-12-11T00:42:55.783+0000] {dagbag.py:536} INFO - Filling up the DagBag from /opt/airflow/dags/etl-dag.py
[2025-12-11T00:42:55.790+0000] {processor.py:839} INFO - DAG(s) dict_keys(['flight_etl']) retrieved from /opt/airflow/dags/etl-dag.py
[2025-12-11T00:42:55.803+0000] {logging_mixin.py:154} INFO - [2025-12-11T00:42:55.803+0000] {dag.py:2941} INFO - Sync 1 DAGs
[2025-12-11T00:42:55.816+0000] {logging_mixin.py:154} INFO - [2025-12-11T00:42:55.816+0000] {dag.py:3722} INFO - Setting next_dagrun for flight_etl to 2025-12-11T00:00:00+00:00, run_after=2025-12-12T00:00:00+00:00
[2025-12-11T00:42:55.827+0000] {processor.py:179} INFO - Processing /opt/airflow/dags/etl-dag.py took 0.050 seconds
[2025-12-11T00:43:26.017+0000] {processor.py:157} INFO - Started process (PID=737) to work on /opt/airflow/dags/etl-dag.py
[2025-12-11T00:43:26.096+0000] {processor.py:829} INFO - Processing file /opt/airflow/dags/etl-dag.py for tasks to queue
[2025-12-11T00:43:26.097+0000] {logging_mixin.py:154} INFO - [2025-12-11T00:43:26.097+0000] {dagbag.py:536} INFO - Filling up the DagBag from /opt/airflow/dags/etl-dag.py
[2025-12-11T00:43:26.102+0000] {processor.py:839} INFO - DAG(s) dict_keys(['flight_etl']) retrieved from /opt/airflow/dags/etl-dag.py
[2025-12-11T00:43:26.122+0000] {logging_mixin.py:154} INFO - [2025-12-11T00:43:26.122+0000] {dag.py:2941} INFO - Sync 1 DAGs
[2025-12-11T00:43:26.137+0000] {logging_mixin.py:154} INFO - [2025-12-11T00:43:26.137+0000] {dag.py:3722} INFO - Setting next_dagrun for flight_etl to 2025-12-11T00:00:00+00:00, run_after=2025-12-12T00:00:00+00:00
[2025-12-11T00:43:26.578+0000] {processor.py:179} INFO - Processing /opt/airflow/dags/etl-dag.py took 0.563 seconds
[2025-12-11T00:43:56.594+0000] {processor.py:157} INFO - Started process (PID=792) to work on /opt/airflow/dags/etl-dag.py
[2025-12-11T00:43:56.595+0000] {processor.py:829} INFO - Processing file /opt/airflow/dags/etl-dag.py for tasks to queue
[2025-12-11T00:43:56.596+0000] {logging_mixin.py:154} INFO - [2025-12-11T00:43:56.596+0000] {dagbag.py:536} INFO - Filling up the DagBag from /opt/airflow/dags/etl-dag.py
[2025-12-11T00:43:56.603+0000] {processor.py:839} INFO - DAG(s) dict_keys(['flight_etl']) retrieved from /opt/airflow/dags/etl-dag.py
[2025-12-11T00:43:56.619+0000] {logging_mixin.py:154} INFO - [2025-12-11T00:43:56.619+0000] {dag.py:2941} INFO - Sync 1 DAGs
[2025-12-11T00:43:56.633+0000] {logging_mixin.py:154} INFO - [2025-12-11T00:43:56.632+0000] {dag.py:3722} INFO - Setting next_dagrun for flight_etl to 2025-12-11T00:00:00+00:00, run_after=2025-12-12T00:00:00+00:00
[2025-12-11T00:43:56.649+0000] {processor.py:179} INFO - Processing /opt/airflow/dags/etl-dag.py took 0.059 seconds
[2025-12-11T00:44:27.199+0000] {processor.py:157} INFO - Started process (PID=847) to work on /opt/airflow/dags/etl-dag.py
[2025-12-11T00:44:27.199+0000] {processor.py:829} INFO - Processing file /opt/airflow/dags/etl-dag.py for tasks to queue
[2025-12-11T00:44:27.200+0000] {logging_mixin.py:154} INFO - [2025-12-11T00:44:27.200+0000] {dagbag.py:536} INFO - Filling up the DagBag from /opt/airflow/dags/etl-dag.py
[2025-12-11T00:44:27.205+0000] {processor.py:839} INFO - DAG(s) dict_keys(['flight_etl']) retrieved from /opt/airflow/dags/etl-dag.py
[2025-12-11T00:44:27.226+0000] {logging_mixin.py:154} INFO - [2025-12-11T00:44:27.225+0000] {dag.py:2941} INFO - Sync 1 DAGs
[2025-12-11T00:44:27.242+0000] {logging_mixin.py:154} INFO - [2025-12-11T00:44:27.242+0000] {dag.py:3722} INFO - Setting next_dagrun for flight_etl to 2025-12-11T00:00:00+00:00, run_after=2025-12-12T00:00:00+00:00
[2025-12-11T00:44:27.253+0000] {processor.py:179} INFO - Processing /opt/airflow/dags/etl-dag.py took 0.057 seconds
[2025-12-11T00:44:57.725+0000] {processor.py:157} INFO - Started process (PID=902) to work on /opt/airflow/dags/etl-dag.py
[2025-12-11T00:44:57.729+0000] {processor.py:829} INFO - Processing file /opt/airflow/dags/etl-dag.py for tasks to queue
[2025-12-11T00:44:57.730+0000] {logging_mixin.py:154} INFO - [2025-12-11T00:44:57.730+0000] {dagbag.py:536} INFO - Filling up the DagBag from /opt/airflow/dags/etl-dag.py
[2025-12-11T00:44:57.741+0000] {processor.py:839} INFO - DAG(s) dict_keys(['flight_etl']) retrieved from /opt/airflow/dags/etl-dag.py
[2025-12-11T00:44:57.760+0000] {logging_mixin.py:154} INFO - [2025-12-11T00:44:57.760+0000] {dag.py:2941} INFO - Sync 1 DAGs
[2025-12-11T00:44:57.773+0000] {logging_mixin.py:154} INFO - [2025-12-11T00:44:57.773+0000] {dag.py:3722} INFO - Setting next_dagrun for flight_etl to 2025-12-11T00:00:00+00:00, run_after=2025-12-12T00:00:00+00:00
[2025-12-11T00:44:57.785+0000] {processor.py:179} INFO - Processing /opt/airflow/dags/etl-dag.py took 0.064 seconds
[2025-12-11T00:45:28.139+0000] {processor.py:157} INFO - Started process (PID=957) to work on /opt/airflow/dags/etl-dag.py
[2025-12-11T00:45:28.141+0000] {processor.py:829} INFO - Processing file /opt/airflow/dags/etl-dag.py for tasks to queue
[2025-12-11T00:45:28.143+0000] {logging_mixin.py:154} INFO - [2025-12-11T00:45:28.143+0000] {dagbag.py:536} INFO - Filling up the DagBag from /opt/airflow/dags/etl-dag.py
[2025-12-11T00:45:28.152+0000] {processor.py:839} INFO - DAG(s) dict_keys(['flight_etl']) retrieved from /opt/airflow/dags/etl-dag.py
[2025-12-11T00:45:28.167+0000] {logging_mixin.py:154} INFO - [2025-12-11T00:45:28.167+0000] {dag.py:2941} INFO - Sync 1 DAGs
[2025-12-11T00:45:28.181+0000] {logging_mixin.py:154} INFO - [2025-12-11T00:45:28.181+0000] {dag.py:3722} INFO - Setting next_dagrun for flight_etl to 2025-12-11T00:00:00+00:00, run_after=2025-12-12T00:00:00+00:00
[2025-12-11T00:45:28.191+0000] {processor.py:179} INFO - Processing /opt/airflow/dags/etl-dag.py took 0.055 seconds
[2025-12-11T00:45:58.612+0000] {processor.py:157} INFO - Started process (PID=1012) to work on /opt/airflow/dags/etl-dag.py
[2025-12-11T00:45:58.614+0000] {processor.py:829} INFO - Processing file /opt/airflow/dags/etl-dag.py for tasks to queue
[2025-12-11T00:45:58.616+0000] {logging_mixin.py:154} INFO - [2025-12-11T00:45:58.616+0000] {dagbag.py:536} INFO - Filling up the DagBag from /opt/airflow/dags/etl-dag.py
[2025-12-11T00:45:58.628+0000] {processor.py:839} INFO - DAG(s) dict_keys(['flight_etl']) retrieved from /opt/airflow/dags/etl-dag.py
[2025-12-11T00:45:58.643+0000] {logging_mixin.py:154} INFO - [2025-12-11T00:45:58.643+0000] {dag.py:2941} INFO - Sync 1 DAGs
[2025-12-11T00:45:58.657+0000] {logging_mixin.py:154} INFO - [2025-12-11T00:45:58.657+0000] {dag.py:3722} INFO - Setting next_dagrun for flight_etl to 2025-12-11T00:00:00+00:00, run_after=2025-12-12T00:00:00+00:00
[2025-12-11T00:45:58.667+0000] {processor.py:179} INFO - Processing /opt/airflow/dags/etl-dag.py took 0.059 seconds
[2025-12-11T00:46:29.120+0000] {processor.py:157} INFO - Started process (PID=1067) to work on /opt/airflow/dags/etl-dag.py
[2025-12-11T00:46:29.121+0000] {processor.py:829} INFO - Processing file /opt/airflow/dags/etl-dag.py for tasks to queue
[2025-12-11T00:46:29.123+0000] {logging_mixin.py:154} INFO - [2025-12-11T00:46:29.122+0000] {dagbag.py:536} INFO - Filling up the DagBag from /opt/airflow/dags/etl-dag.py
[2025-12-11T00:46:29.129+0000] {processor.py:839} INFO - DAG(s) dict_keys(['flight_etl']) retrieved from /opt/airflow/dags/etl-dag.py
[2025-12-11T00:46:29.144+0000] {logging_mixin.py:154} INFO - [2025-12-11T00:46:29.143+0000] {dag.py:2941} INFO - Sync 1 DAGs
[2025-12-11T00:46:29.157+0000] {logging_mixin.py:154} INFO - [2025-12-11T00:46:29.157+0000] {dag.py:3722} INFO - Setting next_dagrun for flight_etl to 2025-12-11T00:00:00+00:00, run_after=2025-12-12T00:00:00+00:00
[2025-12-11T00:46:29.169+0000] {processor.py:179} INFO - Processing /opt/airflow/dags/etl-dag.py took 0.053 seconds
[2025-12-11T00:46:59.701+0000] {processor.py:157} INFO - Started process (PID=1122) to work on /opt/airflow/dags/etl-dag.py
[2025-12-11T00:46:59.704+0000] {processor.py:829} INFO - Processing file /opt/airflow/dags/etl-dag.py for tasks to queue
[2025-12-11T00:46:59.706+0000] {logging_mixin.py:154} INFO - [2025-12-11T00:46:59.706+0000] {dagbag.py:536} INFO - Filling up the DagBag from /opt/airflow/dags/etl-dag.py
[2025-12-11T00:46:59.717+0000] {processor.py:839} INFO - DAG(s) dict_keys(['flight_etl']) retrieved from /opt/airflow/dags/etl-dag.py
[2025-12-11T00:46:59.736+0000] {logging_mixin.py:154} INFO - [2025-12-11T00:46:59.735+0000] {dag.py:2941} INFO - Sync 1 DAGs
[2025-12-11T00:46:59.749+0000] {logging_mixin.py:154} INFO - [2025-12-11T00:46:59.749+0000] {dag.py:3722} INFO - Setting next_dagrun for flight_etl to 2025-12-11T00:00:00+00:00, run_after=2025-12-12T00:00:00+00:00
[2025-12-11T00:46:59.763+0000] {processor.py:179} INFO - Processing /opt/airflow/dags/etl-dag.py took 0.064 seconds
[2025-12-11T00:47:30.371+0000] {processor.py:157} INFO - Started process (PID=1177) to work on /opt/airflow/dags/etl-dag.py
[2025-12-11T00:47:30.374+0000] {processor.py:829} INFO - Processing file /opt/airflow/dags/etl-dag.py for tasks to queue
[2025-12-11T00:47:30.376+0000] {logging_mixin.py:154} INFO - [2025-12-11T00:47:30.376+0000] {dagbag.py:536} INFO - Filling up the DagBag from /opt/airflow/dags/etl-dag.py
[2025-12-11T00:47:30.386+0000] {processor.py:839} INFO - DAG(s) dict_keys(['flight_etl']) retrieved from /opt/airflow/dags/etl-dag.py
[2025-12-11T00:47:30.399+0000] {logging_mixin.py:154} INFO - [2025-12-11T00:47:30.399+0000] {dag.py:2941} INFO - Sync 1 DAGs
[2025-12-11T00:47:30.412+0000] {logging_mixin.py:154} INFO - [2025-12-11T00:47:30.412+0000] {dag.py:3722} INFO - Setting next_dagrun for flight_etl to 2025-12-11T00:00:00+00:00, run_after=2025-12-12T00:00:00+00:00
[2025-12-11T00:47:30.427+0000] {processor.py:179} INFO - Processing /opt/airflow/dags/etl-dag.py took 0.059 seconds
[2025-12-11T00:48:01.297+0000] {processor.py:157} INFO - Started process (PID=1232) to work on /opt/airflow/dags/etl-dag.py
[2025-12-11T00:48:01.298+0000] {processor.py:829} INFO - Processing file /opt/airflow/dags/etl-dag.py for tasks to queue
[2025-12-11T00:48:01.299+0000] {logging_mixin.py:154} INFO - [2025-12-11T00:48:01.299+0000] {dagbag.py:536} INFO - Filling up the DagBag from /opt/airflow/dags/etl-dag.py
[2025-12-11T00:48:01.304+0000] {processor.py:839} INFO - DAG(s) dict_keys(['flight_etl']) retrieved from /opt/airflow/dags/etl-dag.py
[2025-12-11T00:48:01.319+0000] {logging_mixin.py:154} INFO - [2025-12-11T00:48:01.319+0000] {dag.py:2941} INFO - Sync 1 DAGs
[2025-12-11T00:48:01.333+0000] {logging_mixin.py:154} INFO - [2025-12-11T00:48:01.333+0000] {dag.py:3722} INFO - Setting next_dagrun for flight_etl to 2025-12-11T00:00:00+00:00, run_after=2025-12-12T00:00:00+00:00
[2025-12-11T00:48:01.344+0000] {processor.py:179} INFO - Processing /opt/airflow/dags/etl-dag.py took 0.049 seconds
[2025-12-11T00:48:31.505+0000] {processor.py:157} INFO - Started process (PID=1287) to work on /opt/airflow/dags/etl-dag.py
[2025-12-11T00:48:31.506+0000] {processor.py:829} INFO - Processing file /opt/airflow/dags/etl-dag.py for tasks to queue
[2025-12-11T00:48:31.508+0000] {logging_mixin.py:154} INFO - [2025-12-11T00:48:31.508+0000] {dagbag.py:536} INFO - Filling up the DagBag from /opt/airflow/dags/etl-dag.py
[2025-12-11T00:48:31.514+0000] {processor.py:839} INFO - DAG(s) dict_keys(['flight_etl']) retrieved from /opt/airflow/dags/etl-dag.py
[2025-12-11T00:48:31.531+0000] {logging_mixin.py:154} INFO - [2025-12-11T00:48:31.531+0000] {dag.py:2941} INFO - Sync 1 DAGs
[2025-12-11T00:48:31.546+0000] {logging_mixin.py:154} INFO - [2025-12-11T00:48:31.546+0000] {dag.py:3722} INFO - Setting next_dagrun for flight_etl to 2025-12-11T00:00:00+00:00, run_after=2025-12-12T00:00:00+00:00
[2025-12-11T00:48:31.556+0000] {processor.py:179} INFO - Processing /opt/airflow/dags/etl-dag.py took 0.054 seconds
[2025-12-11T00:49:02.032+0000] {processor.py:157} INFO - Started process (PID=1342) to work on /opt/airflow/dags/etl-dag.py
[2025-12-11T00:49:02.032+0000] {processor.py:829} INFO - Processing file /opt/airflow/dags/etl-dag.py for tasks to queue
[2025-12-11T00:49:02.034+0000] {logging_mixin.py:154} INFO - [2025-12-11T00:49:02.033+0000] {dagbag.py:536} INFO - Filling up the DagBag from /opt/airflow/dags/etl-dag.py
[2025-12-11T00:49:02.043+0000] {processor.py:839} INFO - DAG(s) dict_keys(['flight_etl']) retrieved from /opt/airflow/dags/etl-dag.py
[2025-12-11T00:49:02.058+0000] {logging_mixin.py:154} INFO - [2025-12-11T00:49:02.058+0000] {dag.py:2941} INFO - Sync 1 DAGs
[2025-12-11T00:49:02.073+0000] {logging_mixin.py:154} INFO - [2025-12-11T00:49:02.073+0000] {dag.py:3722} INFO - Setting next_dagrun for flight_etl to 2025-12-11T00:00:00+00:00, run_after=2025-12-12T00:00:00+00:00
[2025-12-11T00:49:02.088+0000] {processor.py:179} INFO - Processing /opt/airflow/dags/etl-dag.py took 0.058 seconds
[2025-12-11T00:49:32.312+0000] {processor.py:157} INFO - Started process (PID=1397) to work on /opt/airflow/dags/etl-dag.py
[2025-12-11T00:49:32.313+0000] {processor.py:829} INFO - Processing file /opt/airflow/dags/etl-dag.py for tasks to queue
[2025-12-11T00:49:32.315+0000] {logging_mixin.py:154} INFO - [2025-12-11T00:49:32.315+0000] {dagbag.py:536} INFO - Filling up the DagBag from /opt/airflow/dags/etl-dag.py
[2025-12-11T00:49:32.325+0000] {processor.py:839} INFO - DAG(s) dict_keys(['flight_etl']) retrieved from /opt/airflow/dags/etl-dag.py
[2025-12-11T00:49:32.340+0000] {logging_mixin.py:154} INFO - [2025-12-11T00:49:32.340+0000] {dag.py:2941} INFO - Sync 1 DAGs
[2025-12-11T00:49:32.355+0000] {logging_mixin.py:154} INFO - [2025-12-11T00:49:32.355+0000] {dag.py:3722} INFO - Setting next_dagrun for flight_etl to 2025-12-11T00:00:00+00:00, run_after=2025-12-12T00:00:00+00:00
[2025-12-11T00:49:32.368+0000] {processor.py:179} INFO - Processing /opt/airflow/dags/etl-dag.py took 0.059 seconds
[2025-12-11T00:50:02.502+0000] {processor.py:157} INFO - Started process (PID=1452) to work on /opt/airflow/dags/etl-dag.py
[2025-12-11T00:50:02.503+0000] {processor.py:829} INFO - Processing file /opt/airflow/dags/etl-dag.py for tasks to queue
[2025-12-11T00:50:02.504+0000] {logging_mixin.py:154} INFO - [2025-12-11T00:50:02.504+0000] {dagbag.py:536} INFO - Filling up the DagBag from /opt/airflow/dags/etl-dag.py
[2025-12-11T00:50:02.511+0000] {processor.py:839} INFO - DAG(s) dict_keys(['flight_etl']) retrieved from /opt/airflow/dags/etl-dag.py
[2025-12-11T00:50:02.526+0000] {logging_mixin.py:154} INFO - [2025-12-11T00:50:02.525+0000] {dag.py:2941} INFO - Sync 1 DAGs
[2025-12-11T00:50:02.540+0000] {logging_mixin.py:154} INFO - [2025-12-11T00:50:02.540+0000] {dag.py:3722} INFO - Setting next_dagrun for flight_etl to 2025-12-11T00:00:00+00:00, run_after=2025-12-12T00:00:00+00:00
[2025-12-11T00:50:02.552+0000] {processor.py:179} INFO - Processing /opt/airflow/dags/etl-dag.py took 0.053 seconds
[2025-12-11T00:50:32.832+0000] {processor.py:157} INFO - Started process (PID=1507) to work on /opt/airflow/dags/etl-dag.py
[2025-12-11T00:50:32.833+0000] {processor.py:829} INFO - Processing file /opt/airflow/dags/etl-dag.py for tasks to queue
[2025-12-11T00:50:32.836+0000] {logging_mixin.py:154} INFO - [2025-12-11T00:50:32.835+0000] {dagbag.py:536} INFO - Filling up the DagBag from /opt/airflow/dags/etl-dag.py
[2025-12-11T00:50:32.928+0000] {processor.py:839} INFO - DAG(s) dict_keys(['flight_etl']) retrieved from /opt/airflow/dags/etl-dag.py
[2025-12-11T00:50:33.082+0000] {logging_mixin.py:154} INFO - [2025-12-11T00:50:33.082+0000] {dag.py:2941} INFO - Sync 1 DAGs
[2025-12-11T00:50:33.097+0000] {logging_mixin.py:154} INFO - [2025-12-11T00:50:33.097+0000] {dag.py:3722} INFO - Setting next_dagrun for flight_etl to 2025-12-11T00:00:00+00:00, run_after=2025-12-12T00:00:00+00:00
[2025-12-11T00:50:33.120+0000] {processor.py:179} INFO - Processing /opt/airflow/dags/etl-dag.py took 0.310 seconds
[2025-12-11T00:51:03.452+0000] {processor.py:157} INFO - Started process (PID=1562) to work on /opt/airflow/dags/etl-dag.py
[2025-12-11T00:51:03.453+0000] {processor.py:829} INFO - Processing file /opt/airflow/dags/etl-dag.py for tasks to queue
[2025-12-11T00:51:03.455+0000] {logging_mixin.py:154} INFO - [2025-12-11T00:51:03.454+0000] {dagbag.py:536} INFO - Filling up the DagBag from /opt/airflow/dags/etl-dag.py
[2025-12-11T00:51:03.464+0000] {processor.py:839} INFO - DAG(s) dict_keys(['flight_etl']) retrieved from /opt/airflow/dags/etl-dag.py
[2025-12-11T00:51:03.485+0000] {logging_mixin.py:154} INFO - [2025-12-11T00:51:03.485+0000] {dag.py:2941} INFO - Sync 1 DAGs
[2025-12-11T00:51:03.503+0000] {logging_mixin.py:154} INFO - [2025-12-11T00:51:03.503+0000] {dag.py:3722} INFO - Setting next_dagrun for flight_etl to 2025-12-11T00:00:00+00:00, run_after=2025-12-12T00:00:00+00:00
[2025-12-11T00:51:03.516+0000] {processor.py:179} INFO - Processing /opt/airflow/dags/etl-dag.py took 0.069 seconds
[2025-12-11T00:51:33.654+0000] {processor.py:157} INFO - Started process (PID=1617) to work on /opt/airflow/dags/etl-dag.py
[2025-12-11T00:51:33.655+0000] {processor.py:829} INFO - Processing file /opt/airflow/dags/etl-dag.py for tasks to queue
[2025-12-11T00:51:33.656+0000] {logging_mixin.py:154} INFO - [2025-12-11T00:51:33.656+0000] {dagbag.py:536} INFO - Filling up the DagBag from /opt/airflow/dags/etl-dag.py
[2025-12-11T00:51:33.663+0000] {processor.py:839} INFO - DAG(s) dict_keys(['flight_etl']) retrieved from /opt/airflow/dags/etl-dag.py
[2025-12-11T00:51:33.680+0000] {logging_mixin.py:154} INFO - [2025-12-11T00:51:33.680+0000] {dag.py:2941} INFO - Sync 1 DAGs
[2025-12-11T00:51:33.694+0000] {logging_mixin.py:154} INFO - [2025-12-11T00:51:33.694+0000] {dag.py:3722} INFO - Setting next_dagrun for flight_etl to 2025-12-11T00:00:00+00:00, run_after=2025-12-12T00:00:00+00:00
[2025-12-11T00:51:33.707+0000] {processor.py:179} INFO - Processing /opt/airflow/dags/etl-dag.py took 0.056 seconds
[2025-12-11T00:52:03.799+0000] {processor.py:157} INFO - Started process (PID=1672) to work on /opt/airflow/dags/etl-dag.py
[2025-12-11T00:52:03.801+0000] {processor.py:829} INFO - Processing file /opt/airflow/dags/etl-dag.py for tasks to queue
[2025-12-11T00:52:03.803+0000] {logging_mixin.py:154} INFO - [2025-12-11T00:52:03.803+0000] {dagbag.py:536} INFO - Filling up the DagBag from /opt/airflow/dags/etl-dag.py
[2025-12-11T00:52:03.811+0000] {processor.py:839} INFO - DAG(s) dict_keys(['flight_etl']) retrieved from /opt/airflow/dags/etl-dag.py
[2025-12-11T00:52:03.826+0000] {logging_mixin.py:154} INFO - [2025-12-11T00:52:03.825+0000] {dag.py:2941} INFO - Sync 1 DAGs
[2025-12-11T00:52:03.840+0000] {logging_mixin.py:154} INFO - [2025-12-11T00:52:03.840+0000] {dag.py:3722} INFO - Setting next_dagrun for flight_etl to 2025-12-11T00:00:00+00:00, run_after=2025-12-12T00:00:00+00:00
[2025-12-11T00:52:03.852+0000] {processor.py:179} INFO - Processing /opt/airflow/dags/etl-dag.py took 0.055 seconds
[2025-12-11T00:52:34.073+0000] {processor.py:157} INFO - Started process (PID=1727) to work on /opt/airflow/dags/etl-dag.py
[2025-12-11T00:52:34.073+0000] {processor.py:829} INFO - Processing file /opt/airflow/dags/etl-dag.py for tasks to queue
[2025-12-11T00:52:34.075+0000] {logging_mixin.py:154} INFO - [2025-12-11T00:52:34.075+0000] {dagbag.py:536} INFO - Filling up the DagBag from /opt/airflow/dags/etl-dag.py
[2025-12-11T00:52:34.082+0000] {processor.py:839} INFO - DAG(s) dict_keys(['flight_etl']) retrieved from /opt/airflow/dags/etl-dag.py
[2025-12-11T00:52:34.099+0000] {logging_mixin.py:154} INFO - [2025-12-11T00:52:34.099+0000] {dag.py:2941} INFO - Sync 1 DAGs
[2025-12-11T00:52:34.114+0000] {logging_mixin.py:154} INFO - [2025-12-11T00:52:34.114+0000] {dag.py:3722} INFO - Setting next_dagrun for flight_etl to 2025-12-11T00:00:00+00:00, run_after=2025-12-12T00:00:00+00:00
[2025-12-11T00:52:34.125+0000] {processor.py:179} INFO - Processing /opt/airflow/dags/etl-dag.py took 0.055 seconds
[2025-12-11T00:53:04.722+0000] {processor.py:157} INFO - Started process (PID=1782) to work on /opt/airflow/dags/etl-dag.py
[2025-12-11T00:53:04.722+0000] {processor.py:829} INFO - Processing file /opt/airflow/dags/etl-dag.py for tasks to queue
[2025-12-11T00:53:04.724+0000] {logging_mixin.py:154} INFO - [2025-12-11T00:53:04.723+0000] {dagbag.py:536} INFO - Filling up the DagBag from /opt/airflow/dags/etl-dag.py
[2025-12-11T00:53:04.731+0000] {processor.py:839} INFO - DAG(s) dict_keys(['flight_etl']) retrieved from /opt/airflow/dags/etl-dag.py
[2025-12-11T00:53:04.746+0000] {logging_mixin.py:154} INFO - [2025-12-11T00:53:04.746+0000] {dag.py:2941} INFO - Sync 1 DAGs
[2025-12-11T00:53:04.760+0000] {logging_mixin.py:154} INFO - [2025-12-11T00:53:04.760+0000] {dag.py:3722} INFO - Setting next_dagrun for flight_etl to 2025-12-11T00:00:00+00:00, run_after=2025-12-12T00:00:00+00:00
[2025-12-11T00:53:04.772+0000] {processor.py:179} INFO - Processing /opt/airflow/dags/etl-dag.py took 0.053 seconds
[2025-12-11T00:53:35.154+0000] {processor.py:157} INFO - Started process (PID=1837) to work on /opt/airflow/dags/etl-dag.py
[2025-12-11T00:53:35.157+0000] {processor.py:829} INFO - Processing file /opt/airflow/dags/etl-dag.py for tasks to queue
[2025-12-11T00:53:35.159+0000] {logging_mixin.py:154} INFO - [2025-12-11T00:53:35.158+0000] {dagbag.py:536} INFO - Filling up the DagBag from /opt/airflow/dags/etl-dag.py
[2025-12-11T00:53:35.165+0000] {processor.py:839} INFO - DAG(s) dict_keys(['flight_etl']) retrieved from /opt/airflow/dags/etl-dag.py
[2025-12-11T00:53:35.180+0000] {logging_mixin.py:154} INFO - [2025-12-11T00:53:35.180+0000] {dag.py:2941} INFO - Sync 1 DAGs
[2025-12-11T00:53:35.194+0000] {logging_mixin.py:154} INFO - [2025-12-11T00:53:35.194+0000] {dag.py:3722} INFO - Setting next_dagrun for flight_etl to 2025-12-11T00:00:00+00:00, run_after=2025-12-12T00:00:00+00:00
[2025-12-11T00:53:35.206+0000] {processor.py:179} INFO - Processing /opt/airflow/dags/etl-dag.py took 0.054 seconds
[2025-12-11T00:54:05.613+0000] {processor.py:157} INFO - Started process (PID=1893) to work on /opt/airflow/dags/etl-dag.py
[2025-12-11T00:54:05.614+0000] {processor.py:829} INFO - Processing file /opt/airflow/dags/etl-dag.py for tasks to queue
[2025-12-11T00:54:05.615+0000] {logging_mixin.py:154} INFO - [2025-12-11T00:54:05.615+0000] {dagbag.py:536} INFO - Filling up the DagBag from /opt/airflow/dags/etl-dag.py
[2025-12-11T00:54:05.626+0000] {processor.py:839} INFO - DAG(s) dict_keys(['flight_etl']) retrieved from /opt/airflow/dags/etl-dag.py
[2025-12-11T00:54:05.657+0000] {logging_mixin.py:154} INFO - [2025-12-11T00:54:05.657+0000] {dag.py:2941} INFO - Sync 1 DAGs
[2025-12-11T00:54:05.678+0000] {logging_mixin.py:154} INFO - [2025-12-11T00:54:05.677+0000] {dag.py:3722} INFO - Setting next_dagrun for flight_etl to 2025-12-11T00:00:00+00:00, run_after=2025-12-12T00:00:00+00:00
[2025-12-11T00:54:05.695+0000] {processor.py:179} INFO - Processing /opt/airflow/dags/etl-dag.py took 0.085 seconds
[2025-12-11T00:54:35.963+0000] {processor.py:157} INFO - Started process (PID=1948) to work on /opt/airflow/dags/etl-dag.py
[2025-12-11T00:54:35.964+0000] {processor.py:829} INFO - Processing file /opt/airflow/dags/etl-dag.py for tasks to queue
[2025-12-11T00:54:35.967+0000] {logging_mixin.py:154} INFO - [2025-12-11T00:54:35.967+0000] {dagbag.py:536} INFO - Filling up the DagBag from /opt/airflow/dags/etl-dag.py
[2025-12-11T00:54:35.976+0000] {processor.py:839} INFO - DAG(s) dict_keys(['flight_etl']) retrieved from /opt/airflow/dags/etl-dag.py
[2025-12-11T00:54:35.991+0000] {logging_mixin.py:154} INFO - [2025-12-11T00:54:35.991+0000] {dag.py:2941} INFO - Sync 1 DAGs
[2025-12-11T00:54:36.007+0000] {logging_mixin.py:154} INFO - [2025-12-11T00:54:36.007+0000] {dag.py:3722} INFO - Setting next_dagrun for flight_etl to 2025-12-11T00:00:00+00:00, run_after=2025-12-12T00:00:00+00:00
[2025-12-11T00:54:36.020+0000] {processor.py:179} INFO - Processing /opt/airflow/dags/etl-dag.py took 0.060 seconds
[2025-12-11T00:55:06.242+0000] {processor.py:157} INFO - Started process (PID=2003) to work on /opt/airflow/dags/etl-dag.py
[2025-12-11T00:55:06.243+0000] {processor.py:829} INFO - Processing file /opt/airflow/dags/etl-dag.py for tasks to queue
[2025-12-11T00:55:06.247+0000] {logging_mixin.py:154} INFO - [2025-12-11T00:55:06.246+0000] {dagbag.py:536} INFO - Filling up the DagBag from /opt/airflow/dags/etl-dag.py
[2025-12-11T00:55:06.259+0000] {processor.py:839} INFO - DAG(s) dict_keys(['flight_etl']) retrieved from /opt/airflow/dags/etl-dag.py
[2025-12-11T00:55:06.277+0000] {logging_mixin.py:154} INFO - [2025-12-11T00:55:06.277+0000] {dag.py:2941} INFO - Sync 1 DAGs
[2025-12-11T00:55:06.296+0000] {logging_mixin.py:154} INFO - [2025-12-11T00:55:06.296+0000] {dag.py:3722} INFO - Setting next_dagrun for flight_etl to 2025-12-11T00:00:00+00:00, run_after=2025-12-12T00:00:00+00:00
[2025-12-11T00:55:06.310+0000] {processor.py:179} INFO - Processing /opt/airflow/dags/etl-dag.py took 0.072 seconds
