[2025-11-29T12:46:00.157+0000] {taskinstance.py:1159} INFO - Dependencies all met for dep_context=non-requeueable deps ti=<TaskInstance: flight_etl.kafka_data_sender manual__2025-11-29T12:45:58.048570+00:00 [queued]>
[2025-11-29T12:46:00.165+0000] {taskinstance.py:1159} INFO - Dependencies all met for dep_context=requeueable deps ti=<TaskInstance: flight_etl.kafka_data_sender manual__2025-11-29T12:45:58.048570+00:00 [queued]>
[2025-11-29T12:46:00.165+0000] {taskinstance.py:1361} INFO - Starting attempt 1 of 1
[2025-11-29T12:46:00.329+0000] {taskinstance.py:1382} INFO - Executing <Task(BashOperator): kafka_data_sender> on 2025-11-29 12:45:58.048570+00:00
[2025-11-29T12:46:00.337+0000] {standard_task_runner.py:57} INFO - Started process 500 to run task
[2025-11-29T12:46:00.341+0000] {standard_task_runner.py:84} INFO - Running: ['***', 'tasks', 'run', 'flight_etl', 'kafka_data_sender', 'manual__2025-11-29T12:45:58.048570+00:00', '--job-id', '43', '--raw', '--subdir', 'DAGS_FOLDER/etl-dag.py', '--cfg-path', '/tmp/tmpkycsbv7d']
[2025-11-29T12:46:00.344+0000] {standard_task_runner.py:85} INFO - Job 43: Subtask kafka_data_sender
[2025-11-29T12:46:00.395+0000] {task_command.py:416} INFO - Running <TaskInstance: flight_etl.kafka_data_sender manual__2025-11-29T12:45:58.048570+00:00 [running]> on host f15c5890988a
[2025-11-29T12:46:00.457+0000] {taskinstance.py:1662} INFO - Exporting env vars: AIRFLOW_CTX_DAG_OWNER='***' AIRFLOW_CTX_DAG_ID='flight_etl' AIRFLOW_CTX_TASK_ID='kafka_data_sender' AIRFLOW_CTX_EXECUTION_DATE='2025-11-29T12:45:58.048570+00:00' AIRFLOW_CTX_TRY_NUMBER='1' AIRFLOW_CTX_DAG_RUN_ID='manual__2025-11-29T12:45:58.048570+00:00'
[2025-11-29T12:46:00.460+0000] {subprocess.py:63} INFO - Tmp dir root location: /tmp
[2025-11-29T12:46:00.460+0000] {subprocess.py:75} INFO - Running command: ['/bin/bash', '-c', '\n                docker exec -it --user root spark-notebook /usr/local/spark/bin/spark-submit \\\n                    --master spark://spark-master:7077 \\\n                    --name NotebookStreamingConsumer \\\n                    --packages org.apache.spark:spark-sql-kafka-0-10_2.12:3.3.0 \\\n                    /tmp/kafka_streaming_job.py\n            ']
[2025-11-29T12:46:00.476+0000] {subprocess.py:86} INFO - Output:
[2025-11-29T12:46:00.528+0000] {subprocess.py:93} INFO - the input device is not a TTY
[2025-11-29T12:46:00.530+0000] {subprocess.py:97} INFO - Command exited with return code 1
[2025-11-29T12:46:00.538+0000] {taskinstance.py:1937} ERROR - Task failed with exception
Traceback (most recent call last):
  File "/home/airflow/.local/lib/python3.8/site-packages/airflow/operators/bash.py", line 210, in execute
    raise AirflowException(
airflow.exceptions.AirflowException: Bash command failed. The command returned a non-zero exit code 1.
[2025-11-29T12:46:00.541+0000] {taskinstance.py:1400} INFO - Marking task as FAILED. dag_id=flight_etl, task_id=kafka_data_sender, execution_date=20251129T124558, start_date=20251129T124600, end_date=20251129T124600
[2025-11-29T12:46:00.562+0000] {standard_task_runner.py:104} ERROR - Failed to execute job 43 for task kafka_data_sender (Bash command failed. The command returned a non-zero exit code 1.; 500)
[2025-11-29T12:46:00.592+0000] {local_task_job_runner.py:228} INFO - Task exited with return code 1
[2025-11-29T12:46:00.624+0000] {taskinstance.py:2778} INFO - 0 downstream tasks scheduled from follow-on schedule check
