[2025-11-29T16:31:35.174+0000] {taskinstance.py:1159} INFO - Dependencies all met for dep_context=non-requeueable deps ti=<TaskInstance: flight_etl.call_silver_procedure manual__2025-11-29T16:31:21.590831+00:00 [queued]>
[2025-11-29T16:31:35.179+0000] {taskinstance.py:1159} INFO - Dependencies all met for dep_context=requeueable deps ti=<TaskInstance: flight_etl.call_silver_procedure manual__2025-11-29T16:31:21.590831+00:00 [queued]>
[2025-11-29T16:31:35.180+0000] {taskinstance.py:1361} INFO - Starting attempt 1 of 1
[2025-11-29T16:31:35.269+0000] {taskinstance.py:1382} INFO - Executing <Task(PythonOperator): call_silver_procedure> on 2025-11-29 16:31:21.590831+00:00
[2025-11-29T16:31:35.278+0000] {standard_task_runner.py:57} INFO - Started process 159 to run task
[2025-11-29T16:31:35.289+0000] {standard_task_runner.py:84} INFO - Running: ['***', 'tasks', 'run', 'flight_etl', 'call_silver_procedure', 'manual__2025-11-29T16:31:21.590831+00:00', '--job-id', '13', '--raw', '--subdir', 'DAGS_FOLDER/etl-dag.py', '--cfg-path', '/tmp/tmp6txljzyd']
[2025-11-29T16:31:35.294+0000] {standard_task_runner.py:85} INFO - Job 13: Subtask call_silver_procedure
[2025-11-29T16:31:35.375+0000] {task_command.py:416} INFO - Running <TaskInstance: flight_etl.call_silver_procedure manual__2025-11-29T16:31:21.590831+00:00 [running]> on host 5931b37b6588
[2025-11-29T16:31:35.593+0000] {taskinstance.py:1662} INFO - Exporting env vars: AIRFLOW_CTX_DAG_OWNER='***' AIRFLOW_CTX_DAG_ID='flight_etl' AIRFLOW_CTX_TASK_ID='call_silver_procedure' AIRFLOW_CTX_EXECUTION_DATE='2025-11-29T16:31:21.590831+00:00' AIRFLOW_CTX_TRY_NUMBER='1' AIRFLOW_CTX_DAG_RUN_ID='manual__2025-11-29T16:31:21.590831+00:00'
[2025-11-29T16:31:35.595+0000] {crypto.py:82} WARNING - empty cryptography key - values will not be stored encrypted.
[2025-11-29T16:31:35.595+0000] {base.py:73} INFO - Using connection ID 'depi_db' for task execution.
[2025-11-29T16:31:35.687+0000] {logging_mixin.py:154} INFO - Starting silver procedure execution...
[2025-11-29T16:31:35.689+0000] {logging_mixin.py:154} INFO - Procedure silver failed: procedure silver_layer() does not exist
LINE 1: CALL silver_layer();
             ^
HINT:  No procedure matches the given name and argument types. You might need to add explicit type casts.
[2025-11-29T16:31:35.689+0000] {taskinstance.py:1937} ERROR - Task failed with exception
Traceback (most recent call last):
  File "/home/airflow/.local/lib/python3.8/site-packages/airflow/operators/python.py", line 192, in execute
    return_value = self.execute_callable()
  File "/home/airflow/.local/lib/python3.8/site-packages/airflow/operators/python.py", line 209, in execute_callable
    return self.python_callable(*self.op_args, **self.op_kwargs)
  File "/opt/airflow/dags/etl-dag.py", line 17, in call_procedure
    cursor.execute(f"CALL {procedure_name}_layer();")
psycopg2.errors.UndefinedFunction: procedure silver_layer() does not exist
LINE 1: CALL silver_layer();
             ^
HINT:  No procedure matches the given name and argument types. You might need to add explicit type casts.

[2025-11-29T16:31:35.721+0000] {taskinstance.py:1400} INFO - Marking task as FAILED. dag_id=flight_etl, task_id=call_silver_procedure, execution_date=20251129T163121, start_date=20251129T163135, end_date=20251129T163135
[2025-11-29T16:31:35.774+0000] {standard_task_runner.py:104} ERROR - Failed to execute job 13 for task call_silver_procedure (procedure silver_layer() does not exist
LINE 1: CALL silver_layer();
             ^
HINT:  No procedure matches the given name and argument types. You might need to add explicit type casts.
; 159)
[2025-11-29T16:31:35.815+0000] {local_task_job_runner.py:228} INFO - Task exited with return code 1
[2025-11-29T16:31:35.861+0000] {taskinstance.py:2778} INFO - 0 downstream tasks scheduled from follow-on schedule check
