[2025-11-29T22:19:46.869+0000] {taskinstance.py:1159} INFO - Dependencies all met for dep_context=non-requeueable deps ti=<TaskInstance: flight_etl.spark_batch_processor manual__2025-11-29T22:18:07.035354+00:00 [queued]>
[2025-11-29T22:19:46.875+0000] {taskinstance.py:1159} INFO - Dependencies all met for dep_context=requeueable deps ti=<TaskInstance: flight_etl.spark_batch_processor manual__2025-11-29T22:18:07.035354+00:00 [queued]>
[2025-11-29T22:19:46.875+0000] {taskinstance.py:1361} INFO - Starting attempt 1 of 1
[2025-11-29T22:19:46.884+0000] {taskinstance.py:1382} INFO - Executing <Task(BashOperator): spark_batch_processor> on 2025-11-29 22:18:07.035354+00:00
[2025-11-29T22:19:46.889+0000] {standard_task_runner.py:57} INFO - Started process 855 to run task
[2025-11-29T22:19:46.892+0000] {standard_task_runner.py:84} INFO - Running: ['***', 'tasks', 'run', 'flight_etl', 'spark_batch_processor', 'manual__2025-11-29T22:18:07.035354+00:00', '--job-id', '258', '--raw', '--subdir', 'DAGS_FOLDER/etl-dag.py', '--cfg-path', '/tmp/tmprf3zv82k']
[2025-11-29T22:19:46.895+0000] {standard_task_runner.py:85} INFO - Job 258: Subtask spark_batch_processor
[2025-11-29T22:19:46.935+0000] {task_command.py:416} INFO - Running <TaskInstance: flight_etl.spark_batch_processor manual__2025-11-29T22:18:07.035354+00:00 [running]> on host 3a775eb2a8e1
[2025-11-29T22:19:46.991+0000] {taskinstance.py:1662} INFO - Exporting env vars: AIRFLOW_CTX_DAG_OWNER='***' AIRFLOW_CTX_DAG_ID='flight_etl' AIRFLOW_CTX_TASK_ID='spark_batch_processor' AIRFLOW_CTX_EXECUTION_DATE='2025-11-29T22:18:07.035354+00:00' AIRFLOW_CTX_TRY_NUMBER='1' AIRFLOW_CTX_DAG_RUN_ID='manual__2025-11-29T22:18:07.035354+00:00'
[2025-11-29T22:19:46.993+0000] {subprocess.py:63} INFO - Tmp dir root location: /tmp
[2025-11-29T22:19:46.993+0000] {subprocess.py:75} INFO - Running command: ['/bin/bash', '-c', '\n            docker exec spark-master /spark/bin/spark-submit \\\n                --master spark://spark-master:7077 \\\n                --jars /tmp/spark_drivers/postgresql-42.7.7.jar \\\n                /opt/create_tables.py\n        ']
[2025-11-29T22:19:47.005+0000] {subprocess.py:86} INFO - Output:
[2025-11-29T22:19:49.007+0000] {subprocess.py:93} INFO - 25/11/29 22:19:49 WARN NativeCodeLoader: Unable to load native-hadoop library for your platform... using builtin-java classes where applicable
[2025-11-29T22:19:49.156+0000] {subprocess.py:93} INFO - 25/11/29 22:19:49 WARN DependencyUtils: Local jar /tmp/spark_drivers/postgresql-42.7.7.jar does not exist, skipping.
[2025-11-29T22:19:49.213+0000] {subprocess.py:93} INFO - python3: can't open file '/opt/create_tables.py': [Errno 2] No such file or directory
[2025-11-29T22:19:49.220+0000] {subprocess.py:93} INFO - 25/11/29 22:19:49 INFO ShutdownHookManager: Shutdown hook called
[2025-11-29T22:19:49.222+0000] {subprocess.py:93} INFO - 25/11/29 22:19:49 INFO ShutdownHookManager: Deleting directory /tmp/spark-1fdc49ac-2eea-4eca-9d59-301e7cd5228b
[2025-11-29T22:19:49.280+0000] {subprocess.py:97} INFO - Command exited with return code 2
[2025-11-29T22:19:49.294+0000] {taskinstance.py:1937} ERROR - Task failed with exception
Traceback (most recent call last):
  File "/home/airflow/.local/lib/python3.8/site-packages/airflow/operators/bash.py", line 210, in execute
    raise AirflowException(
airflow.exceptions.AirflowException: Bash command failed. The command returned a non-zero exit code 2.
[2025-11-29T22:19:49.298+0000] {taskinstance.py:1400} INFO - Marking task as FAILED. dag_id=flight_etl, task_id=spark_batch_processor, execution_date=20251129T221807, start_date=20251129T221946, end_date=20251129T221949
[2025-11-29T22:19:49.308+0000] {standard_task_runner.py:104} ERROR - Failed to execute job 258 for task spark_batch_processor (Bash command failed. The command returned a non-zero exit code 2.; 855)
[2025-11-29T22:19:49.349+0000] {local_task_job_runner.py:228} INFO - Task exited with return code 1
[2025-11-29T22:19:49.371+0000] {taskinstance.py:2778} INFO - 0 downstream tasks scheduled from follow-on schedule check
