[2025-12-11T01:38:42.421+0000] {taskinstance.py:1159} INFO - Dependencies all met for dep_context=non-requeueable deps ti=<TaskInstance: flight_etl.python_etl_pipeline manual__2025-12-11T01:38:39.228807+00:00 [queued]>
[2025-12-11T01:38:42.426+0000] {taskinstance.py:1159} INFO - Dependencies all met for dep_context=requeueable deps ti=<TaskInstance: flight_etl.python_etl_pipeline manual__2025-12-11T01:38:39.228807+00:00 [queued]>
[2025-12-11T01:38:42.426+0000] {taskinstance.py:1361} INFO - Starting attempt 1 of 1
[2025-12-11T01:38:42.438+0000] {taskinstance.py:1382} INFO - Executing <Task(BashOperator): python_etl_pipeline> on 2025-12-11 01:38:39.228807+00:00
[2025-12-11T01:38:42.445+0000] {standard_task_runner.py:57} INFO - Started process 1989 to run task
[2025-12-11T01:38:42.447+0000] {standard_task_runner.py:84} INFO - Running: ['***', 'tasks', 'run', 'flight_etl', 'python_etl_pipeline', 'manual__2025-12-11T01:38:39.228807+00:00', '--job-id', '242', '--raw', '--subdir', 'DAGS_FOLDER/etl-dag.py', '--cfg-path', '/tmp/tmp2syxnbut']
[2025-12-11T01:38:42.449+0000] {standard_task_runner.py:85} INFO - Job 242: Subtask python_etl_pipeline
[2025-12-11T01:38:42.481+0000] {task_command.py:416} INFO - Running <TaskInstance: flight_etl.python_etl_pipeline manual__2025-12-11T01:38:39.228807+00:00 [running]> on host 8115e33213ed
[2025-12-11T01:38:42.591+0000] {taskinstance.py:1662} INFO - Exporting env vars: AIRFLOW_CTX_DAG_OWNER='***' AIRFLOW_CTX_DAG_ID='flight_etl' AIRFLOW_CTX_TASK_ID='python_etl_pipeline' AIRFLOW_CTX_EXECUTION_DATE='2025-12-11T01:38:39.228807+00:00' AIRFLOW_CTX_TRY_NUMBER='1' AIRFLOW_CTX_DAG_RUN_ID='manual__2025-12-11T01:38:39.228807+00:00'
[2025-12-11T01:38:42.593+0000] {subprocess.py:63} INFO - Tmp dir root location: /tmp
[2025-12-11T01:38:42.594+0000] {subprocess.py:75} INFO - Running command: ['/bin/bash', '-c', '\n        echo "Starting ETL pipeline execution..." &&         cd /opt/***/etl_scripts &&         echo "Current directory is: $(pwd)" &&         echo "Installing requirements..." &&         /usr/local/bin/pip install --ignore-installed -r requirements.txt &&         rm -rf ~/.kaggle/kagglehub/datasets/usdot/flight-delays/\n        echo "Starting main.py script..." &&         python main.py\n    ']
[2025-12-11T01:38:42.607+0000] {subprocess.py:86} INFO - Output:
[2025-12-11T01:38:42.609+0000] {subprocess.py:93} INFO - Starting ETL pipeline execution...
[2025-12-11T01:38:42.610+0000] {subprocess.py:93} INFO - Current directory is: /opt/***/etl_scripts
[2025-12-11T01:38:42.610+0000] {subprocess.py:93} INFO - Installing requirements...
[2025-12-11T01:38:43.374+0000] {subprocess.py:93} INFO - Collecting certifi==2025.8.3
[2025-12-11T01:38:43.376+0000] {subprocess.py:93} INFO -   Using cached certifi-2025.8.3-py3-none-any.whl (161 kB)
[2025-12-11T01:38:43.573+0000] {subprocess.py:93} INFO - Collecting charset-normalizer==3.4.3
[2025-12-11T01:38:43.575+0000] {subprocess.py:93} INFO -   Using cached charset_normalizer-3.4.3-cp38-cp38-manylinux2014_x86_64.manylinux_2_17_x86_64.manylinux_2_28_x86_64.whl (147 kB)
[2025-12-11T01:38:43.756+0000] {subprocess.py:93} INFO - Collecting Faker==35.2.2
[2025-12-11T01:38:43.772+0000] {subprocess.py:93} INFO -   Using cached Faker-35.2.2-py3-none-any.whl (1.9 MB)
[2025-12-11T01:38:44.033+0000] {subprocess.py:93} INFO - Collecting greenlet==2.0.2
[2025-12-11T01:38:44.065+0000] {subprocess.py:93} INFO -   Using cached greenlet-2.0.2-cp38-cp38-manylinux_2_17_x86_64.manylinux2014_x86_64.whl (618 kB)
[2025-12-11T01:38:44.150+0000] {subprocess.py:93} INFO - Collecting idna==3.10
[2025-12-11T01:38:44.156+0000] {subprocess.py:93} INFO -   Using cached idna-3.10-py3-none-any.whl (70 kB)
[2025-12-11T01:38:44.274+0000] {subprocess.py:93} INFO - Collecting joblib==1.3.2
[2025-12-11T01:38:44.317+0000] {subprocess.py:93} INFO -   Using cached joblib-1.3.2-py3-none-any.whl (302 kB)
[2025-12-11T01:38:44.400+0000] {subprocess.py:93} INFO - Collecting kagglehub==0.2.9
[2025-12-11T01:38:44.402+0000] {subprocess.py:93} INFO -   Using cached kagglehub-0.2.9-py3-none-any.whl (39 kB)
[2025-12-11T01:38:44.837+0000] {subprocess.py:93} INFO - Collecting numpy==1.24.4
[2025-12-11T01:38:44.915+0000] {subprocess.py:93} INFO -   Using cached numpy-1.24.4-cp38-cp38-manylinux_2_17_x86_64.manylinux2014_x86_64.whl (17.3 MB)
[2025-12-11T01:38:45.030+0000] {subprocess.py:93} INFO - Collecting packaging==25.0
[2025-12-11T01:38:45.037+0000] {subprocess.py:93} INFO -   Using cached packaging-25.0-py3-none-any.whl (66 kB)
[2025-12-11T01:38:45.287+0000] {subprocess.py:93} INFO - Collecting pandas==1.5.3
[2025-12-11T01:38:45.336+0000] {subprocess.py:93} INFO -   Using cached pandas-1.5.3-cp38-cp38-manylinux_2_17_x86_64.manylinux2014_x86_64.whl (12.2 MB)
[2025-12-11T01:38:45.556+0000] {subprocess.py:93} INFO - Collecting psycopg2-binary==2.9.10
[2025-12-11T01:38:45.577+0000] {subprocess.py:93} INFO -   Using cached psycopg2_binary-2.9.10-cp38-cp38-manylinux_2_17_x86_64.manylinux2014_x86_64.whl (3.0 MB)
[2025-12-11T01:38:45.670+0000] {subprocess.py:93} INFO - Collecting python-dateutil==2.9.0.post0
[2025-12-11T01:38:45.690+0000] {subprocess.py:93} INFO -   Using cached python_dateutil-2.9.0.post0-py2.py3-none-any.whl (229 kB)
[2025-12-11T01:38:45.809+0000] {subprocess.py:93} INFO - Collecting pytz==2025.2
[2025-12-11T01:38:45.816+0000] {subprocess.py:93} INFO -   Using cached pytz-2025.2-py2.py3-none-any.whl (509 kB)
[2025-12-11T01:38:45.969+0000] {subprocess.py:93} INFO - Collecting PyYAML==6.0.2
[2025-12-11T01:38:45.982+0000] {subprocess.py:93} INFO -   Using cached PyYAML-6.0.2-cp38-cp38-manylinux_2_17_x86_64.manylinux2014_x86_64.whl (746 kB)
[2025-12-11T01:38:46.117+0000] {subprocess.py:93} INFO - Collecting requests==2.32.4
[2025-12-11T01:38:46.120+0000] {subprocess.py:93} INFO -   Using cached requests-2.32.4-py3-none-any.whl (64 kB)
[2025-12-11T01:38:46.302+0000] {subprocess.py:93} INFO - Collecting scikit-learn==1.3.2
[2025-12-11T01:38:46.345+0000] {subprocess.py:93} INFO -   Using cached scikit_learn-1.3.2-cp38-cp38-manylinux_2_17_x86_64.manylinux2014_x86_64.whl (11.1 MB)
[2025-12-11T01:38:46.464+0000] {subprocess.py:93} INFO - Collecting six==1.17.0
[2025-12-11T01:38:46.465+0000] {subprocess.py:93} INFO -   Using cached six-1.17.0-py2.py3-none-any.whl (11 kB)
[2025-12-11T01:38:47.013+0000] {subprocess.py:93} INFO - Collecting SQLAlchemy==2.0.43
[2025-12-11T01:38:47.048+0000] {subprocess.py:93} INFO -   Using cached sqlalchemy-2.0.43-cp38-cp38-manylinux_2_17_x86_64.manylinux2014_x86_64.whl (3.2 MB)
[2025-12-11T01:38:47.139+0000] {subprocess.py:93} INFO - Collecting threadpoolctl==3.3.0
[2025-12-11T01:38:47.141+0000] {subprocess.py:93} INFO -   Using cached threadpoolctl-3.3.0-py3-none-any.whl (17 kB)
[2025-12-11T01:38:47.256+0000] {subprocess.py:93} INFO - Collecting tqdm==4.67.1
[2025-12-11T01:38:47.258+0000] {subprocess.py:93} INFO -   Using cached tqdm-4.67.1-py3-none-any.whl (78 kB)
[2025-12-11T01:38:47.337+0000] {subprocess.py:93} INFO - Collecting typing_extensions==4.13.2
[2025-12-11T01:38:47.339+0000] {subprocess.py:93} INFO -   Using cached typing_extensions-4.13.2-py3-none-any.whl (45 kB)
[2025-12-11T01:38:47.424+0000] {subprocess.py:93} INFO - Collecting tzdata==2025.2
[2025-12-11T01:38:47.444+0000] {subprocess.py:93} INFO -   Using cached tzdata-2025.2-py2.py3-none-any.whl (347 kB)
[2025-12-11T01:38:47.549+0000] {subprocess.py:93} INFO - Collecting urllib3==2.2.3
[2025-12-11T01:38:47.560+0000] {subprocess.py:93} INFO -   Using cached urllib3-2.2.3-py3-none-any.whl (126 kB)
[2025-12-11T01:38:48.008+0000] {subprocess.py:93} INFO - Collecting scipy>=1.5.0
[2025-12-11T01:38:48.205+0000] {subprocess.py:93} INFO -   Using cached scipy-1.10.1-cp38-cp38-manylinux_2_17_x86_64.manylinux2014_x86_64.whl (34.5 MB)
[2025-12-11T01:38:52.478+0000] {subprocess.py:93} INFO - Installing collected packages: pytz, urllib3, tzdata, typing_extensions, tqdm, threadpoolctl, six, PyYAML, psycopg2-binary, packaging, numpy, joblib, idna, greenlet, charset-normalizer, certifi, SQLAlchemy, scipy, requests, python-dateutil, scikit-learn, pandas, kagglehub, Faker
[2025-12-11T01:39:03.067+0000] {subprocess.py:93} INFO - ERROR: pip's dependency resolver does not currently take into account all the packages that are installed. This behaviour is the source of the following dependency conflicts.
[2025-12-11T01:39:03.067+0000] {subprocess.py:93} INFO - sqlalchemy-redshift 0.8.14 requires SQLAlchemy<2.0.0,>=0.9.2, but you have sqlalchemy 2.0.43 which is incompatible.
[2025-12-11T01:39:03.067+0000] {subprocess.py:93} INFO - sqlalchemy-bigquery 1.8.0 requires sqlalchemy<2.0.0dev,>=1.2.0, but you have sqlalchemy 2.0.43 which is incompatible.
[2025-12-11T01:39:03.067+0000] {subprocess.py:93} INFO - snowflake-sqlalchemy 1.5.0 requires sqlalchemy<2.0.0,>=1.4.0, but you have sqlalchemy 2.0.43 which is incompatible.
[2025-12-11T01:39:03.067+0000] {subprocess.py:93} INFO - snowflake-connector-python 3.3.1 requires urllib3<1.27,>=1.21.1, but you have urllib3 2.2.3 which is incompatible.
[2025-12-11T01:39:03.067+0000] {subprocess.py:93} INFO - limits 3.6.0 requires packaging<24,>=21, but you have packaging 25.0 which is incompatible.
[2025-12-11T01:39:03.067+0000] {subprocess.py:93} INFO - flask-appbuilder 4.3.6 requires SQLAlchemy<1.5, but you have sqlalchemy 2.0.43 which is incompatible.
[2025-12-11T01:39:03.067+0000] {subprocess.py:93} INFO - botocore 1.31.64 requires urllib3<1.27,>=1.25.4; python_version < "3.10", but you have urllib3 2.2.3 which is incompatible.
[2025-12-11T01:39:03.067+0000] {subprocess.py:93} INFO - apache-*** 2.7.3 requires sqlalchemy<2.0,>=1.4.28, but you have sqlalchemy 2.0.43 which is incompatible.
[2025-12-11T01:39:03.068+0000] {subprocess.py:93} INFO - Successfully installed Faker-35.2.2 PyYAML-6.0.2 SQLAlchemy-2.0.43 certifi-2025.8.3 charset-normalizer-3.4.3 greenlet-2.0.2 idna-3.10 joblib-1.3.2 kagglehub-0.2.9 numpy-1.24.4 packaging-25.0 pandas-1.5.3 psycopg2-binary-2.9.10 python-dateutil-2.9.0.post0 pytz-2025.2 requests-2.32.4 scikit-learn-1.3.2 scipy-1.10.1 six-1.17.0 threadpoolctl-3.3.0 tqdm-4.67.1 typing_extensions-4.13.2 tzdata-2025.2 urllib3-2.2.3
[2025-12-11T01:39:03.068+0000] {subprocess.py:93} INFO - WARNING: Running pip as the 'root' user can result in broken permissions and conflicting behaviour with the system package manager. It is recommended to use a virtual environment instead: https://pip.pypa.io/warnings/venv
[2025-12-11T01:39:03.178+0000] {subprocess.py:93} INFO - 
[2025-12-11T01:39:03.179+0000] {subprocess.py:93} INFO - [notice] A new release of pip is available: 23.0.1 -> 25.0.1
[2025-12-11T01:39:03.179+0000] {subprocess.py:93} INFO - [notice] To update, run: pip3 install --upgrade pip
[2025-12-11T01:39:03.614+0000] {subprocess.py:93} INFO - Starting main.py script...
[2025-12-11T01:39:06.076+0000] {subprocess.py:93} INFO - All tables truncated successfully
[2025-12-11T01:39:06.077+0000] {subprocess.py:93} INFO - Warning: Looks like you're using an outdated `kagglehub` version, please consider updating (latest version: 0.3.13)
[2025-12-11T01:40:07.217+0000] {subprocess.py:93} INFO - /root/.cache/kagglehub/datasets/usdot/flight-delays/versions/1
[2025-12-11T01:40:07.217+0000] {subprocess.py:93} INFO - AIRPORT_THREAD_STARTED
[2025-12-11T01:40:07.218+0000] {subprocess.py:93} INFO - FLIGHT_THREAD_STARTED
[2025-12-11T01:40:07.218+0000] {subprocess.py:93} INFO - FLIGHT:FLIGHT_SUB_THREAD_HAS_STARTED
[2025-12-11T01:40:07.218+0000] {subprocess.py:93} INFO - FLIGHT:AIRELINE_SUB_THREAD_HAS_STARTED
[2025-12-11T01:40:07.219+0000] {subprocess.py:93} INFO - FLIGHT:AIRLINE_SUB_THREAD_HAS_FINISHED
[2025-12-11T01:40:07.219+0000] {subprocess.py:93} INFO - Chunk 1 written to 'bronze_dim_airport'
[2025-12-11T01:40:07.219+0000] {subprocess.py:93} INFO - Completed writing bronze_dim_airport
[2025-12-11T01:40:07.219+0000] {subprocess.py:93} INFO - FLIGHT:FLIGHT_SUB_THREAD_HAS_FINISHED
[2025-12-11T01:40:07.219+0000] {subprocess.py:93} INFO -       month  day  ...  iata_code                  carrier_name
[2025-12-11T01:40:07.220+0000] {subprocess.py:93} INFO - 0         1    1  ...         AS          Alaska Airlines Inc.
[2025-12-11T01:40:07.220+0000] {subprocess.py:93} INFO - 1         1    1  ...         AA        American Airlines Inc.
[2025-12-11T01:40:07.220+0000] {subprocess.py:93} INFO - 2         1    1  ...         US               US Airways Inc.
[2025-12-11T01:40:07.220+0000] {subprocess.py:93} INFO - 3         1    1  ...         AA        American Airlines Inc.
[2025-12-11T01:40:07.220+0000] {subprocess.py:93} INFO - 4         1    1  ...         AS          Alaska Airlines Inc.
[2025-12-11T01:40:07.220+0000] {subprocess.py:93} INFO - ...     ...  ...  ...        ...                           ...
[2025-12-11T01:40:07.220+0000] {subprocess.py:93} INFO - 9995      1    1  ...         HA        Hawaiian Airlines Inc.
[2025-12-11T01:40:07.220+0000] {subprocess.py:93} INFO - 9996      1    1  ...         MQ  American Eagle Airlines Inc.
[2025-12-11T01:40:07.221+0000] {subprocess.py:93} INFO - 9997      1    1  ...         MQ  American Eagle Airlines Inc.
[2025-12-11T01:40:07.221+0000] {subprocess.py:93} INFO - 9998      1    1  ...         MQ  American Eagle Airlines Inc.
[2025-12-11T01:40:07.221+0000] {subprocess.py:93} INFO - 9999      1    1  ...         MQ  American Eagle Airlines Inc.
[2025-12-11T01:40:07.221+0000] {subprocess.py:93} INFO - 
[2025-12-11T01:40:07.221+0000] {subprocess.py:93} INFO - [10000 rows x 32 columns]
[2025-12-11T01:40:07.221+0000] {subprocess.py:93} INFO - Chunk 1 written to 'bronze_dim_flight'
[2025-12-11T01:40:07.221+0000] {subprocess.py:93} INFO - Completed writing bronze_dim_flight
[2025-12-11T01:40:07.221+0000] {subprocess.py:93} INFO - FLIGHT_THREAD_FINISHED
[2025-12-11T01:40:07.222+0000] {subprocess.py:93} INFO - PASSENGER_THREAD_STARTED
[2025-12-11T01:40:07.222+0000] {subprocess.py:93} INFO - PAYMENT_THREAD_STARTED
[2025-12-11T01:40:07.222+0000] {subprocess.py:93} INFO - TICKET_THREAD_STARTED
[2025-12-11T01:40:07.222+0000] {subprocess.py:93} INFO - BOOKING_THREAD_STARTED
[2025-12-11T01:40:07.222+0000] {subprocess.py:93} INFO - AIRPORT_THREAD_FINISHED
[2025-12-11T01:40:07.222+0000] {subprocess.py:93} INFO - PASSENGER: Progress: 0/1000
[2025-12-11T01:40:07.222+0000] {subprocess.py:93} INFO - PAYMENT: Progress: 0/1000
[2025-12-11T01:40:07.222+0000] {subprocess.py:93} INFO - PASSENGER: Progress: 100/1000
[2025-12-11T01:40:07.222+0000] {subprocess.py:93} INFO - PAYMENT: Progress: 100/1000
[2025-12-11T01:40:07.223+0000] {subprocess.py:93} INFO - PASSENGER: Progress: 200/1000
[2025-12-11T01:40:07.223+0000] {subprocess.py:93} INFO - PAYMENT: Progress: 200/1000
[2025-12-11T01:40:07.223+0000] {subprocess.py:93} INFO - PASSENGER: Progress: 300/1000
[2025-12-11T01:40:07.223+0000] {subprocess.py:93} INFO - PAYMENT: Progress: 300/1000
[2025-12-11T01:40:07.223+0000] {subprocess.py:93} INFO - PAYMENT: Progress: 400/1000
[2025-12-11T01:40:07.223+0000] {subprocess.py:93} INFO - PASSENGER: Progress: 400/1000
[2025-12-11T01:40:07.223+0000] {subprocess.py:93} INFO - PAYMENT: Progress: 500/1000
[2025-12-11T01:40:07.223+0000] {subprocess.py:93} INFO - PASSENGER: Progress: 500/1000
[2025-12-11T01:40:07.223+0000] {subprocess.py:93} INFO - PAYMENT: Progress: 600/1000
[2025-12-11T01:40:07.224+0000] {subprocess.py:93} INFO - PASSENGER: Progress: 600/1000
[2025-12-11T01:40:07.224+0000] {subprocess.py:93} INFO - PAYMENT: Progress: 700/1000
[2025-12-11T01:40:07.224+0000] {subprocess.py:93} INFO - PASSENGER: Progress: 700/1000
[2025-12-11T01:40:07.224+0000] {subprocess.py:93} INFO - PAYMENT: Progress: 800/1000
[2025-12-11T01:40:07.224+0000] {subprocess.py:93} INFO - PASSENGER: Progress: 800/1000
[2025-12-11T01:40:07.224+0000] {subprocess.py:93} INFO - PAYMENT: Progress: 900/1000
[2025-12-11T01:40:07.224+0000] {subprocess.py:93} INFO - PASSENGER: Progress: 900/1000
[2025-12-11T01:40:07.225+0000] {subprocess.py:93} INFO - PASSENGER_THREAD_FINISHED
[2025-12-11T01:40:07.225+0000] {subprocess.py:93} INFO - PAYMENT_THREAD_FINISHED
[2025-12-11T01:40:07.225+0000] {subprocess.py:93} INFO - TICKET_THREAD_FINISHED
[2025-12-11T01:40:07.225+0000] {subprocess.py:93} INFO - BOOKING_THREAD_FINISHED
[2025-12-11T01:40:07.225+0000] {subprocess.py:93} INFO - DATE_THREAD_STARTED
[2025-12-11T01:40:07.225+0000] {subprocess.py:93} INFO - DATE_THREAD_FINISHED
[2025-12-11T01:40:07.225+0000] {subprocess.py:93} INFO - WEATHER_THREAD_STARTED
[2025-12-11T01:40:07.226+0000] {subprocess.py:93} INFO - 1
[2025-12-11T01:40:07.226+0000] {subprocess.py:93} INFO - 2
[2025-12-11T01:40:07.226+0000] {subprocess.py:93} INFO - 3
[2025-12-11T01:40:07.226+0000] {subprocess.py:93} INFO - 4
[2025-12-11T01:40:07.226+0000] {subprocess.py:93} INFO - 5
[2025-12-11T01:40:07.226+0000] {subprocess.py:93} INFO - 6
[2025-12-11T01:40:07.227+0000] {subprocess.py:93} INFO - 7
[2025-12-11T01:40:07.227+0000] {subprocess.py:93} INFO - 8
[2025-12-11T01:40:07.228+0000] {subprocess.py:93} INFO - 9
[2025-12-11T01:40:07.228+0000] {subprocess.py:93} INFO - 10
[2025-12-11T01:40:07.228+0000] {subprocess.py:93} INFO - 11
[2025-12-11T01:40:07.228+0000] {subprocess.py:93} INFO - 12
[2025-12-11T01:40:07.228+0000] {subprocess.py:93} INFO - 13
[2025-12-11T01:40:07.228+0000] {subprocess.py:93} INFO - 14
[2025-12-11T01:40:07.228+0000] {subprocess.py:93} INFO - 15
[2025-12-11T01:40:07.228+0000] {subprocess.py:93} INFO - 16
[2025-12-11T01:40:07.229+0000] {subprocess.py:93} INFO - 17
[2025-12-11T01:40:07.229+0000] {subprocess.py:93} INFO - 18
[2025-12-11T01:40:07.229+0000] {subprocess.py:93} INFO - 19
[2025-12-11T01:40:07.229+0000] {subprocess.py:93} INFO - 20
[2025-12-11T01:40:07.229+0000] {subprocess.py:93} INFO - 21
[2025-12-11T01:40:07.229+0000] {subprocess.py:93} INFO - 22
[2025-12-11T01:40:07.229+0000] {subprocess.py:93} INFO - 23
[2025-12-11T01:40:07.229+0000] {subprocess.py:93} INFO - 24
[2025-12-11T01:40:07.230+0000] {subprocess.py:93} INFO - 25
[2025-12-11T01:40:07.230+0000] {subprocess.py:93} INFO - 26
[2025-12-11T01:40:07.230+0000] {subprocess.py:93} INFO - 27
[2025-12-11T01:40:07.230+0000] {subprocess.py:93} INFO - 28
[2025-12-11T01:40:07.230+0000] {subprocess.py:93} INFO - 29
[2025-12-11T01:40:07.230+0000] {subprocess.py:93} INFO - 30
[2025-12-11T01:40:07.230+0000] {subprocess.py:93} INFO - 31
[2025-12-11T01:40:07.230+0000] {subprocess.py:93} INFO - 32
[2025-12-11T01:40:07.231+0000] {subprocess.py:93} INFO - 33
[2025-12-11T01:40:07.231+0000] {subprocess.py:93} INFO - 34
[2025-12-11T01:40:07.231+0000] {subprocess.py:93} INFO - 35
[2025-12-11T01:40:07.231+0000] {subprocess.py:93} INFO - 36
[2025-12-11T01:40:07.231+0000] {subprocess.py:93} INFO - 37
[2025-12-11T01:40:07.231+0000] {subprocess.py:93} INFO - 38
[2025-12-11T01:40:07.231+0000] {subprocess.py:93} INFO - 39
[2025-12-11T01:40:07.231+0000] {subprocess.py:93} INFO - 40
[2025-12-11T01:40:07.232+0000] {subprocess.py:93} INFO - 41
[2025-12-11T01:40:07.232+0000] {subprocess.py:93} INFO - 42
[2025-12-11T01:40:07.232+0000] {subprocess.py:93} INFO - 43
[2025-12-11T01:40:07.232+0000] {subprocess.py:93} INFO - 44
[2025-12-11T01:40:07.232+0000] {subprocess.py:93} INFO - 45
[2025-12-11T01:40:07.232+0000] {subprocess.py:93} INFO - 46
[2025-12-11T01:40:07.232+0000] {subprocess.py:93} INFO - 47
[2025-12-11T01:40:07.232+0000] {subprocess.py:93} INFO - 48
[2025-12-11T01:40:07.233+0000] {subprocess.py:93} INFO - 49
[2025-12-11T01:40:07.233+0000] {subprocess.py:93} INFO - 50
[2025-12-11T01:40:07.233+0000] {subprocess.py:93} INFO - 51
[2025-12-11T01:40:07.233+0000] {subprocess.py:93} INFO - 52
[2025-12-11T01:40:07.233+0000] {subprocess.py:93} INFO - 53
[2025-12-11T01:40:07.233+0000] {subprocess.py:93} INFO - 54
[2025-12-11T01:40:07.233+0000] {subprocess.py:93} INFO - 55
[2025-12-11T01:40:07.233+0000] {subprocess.py:93} INFO - 56
[2025-12-11T01:40:07.234+0000] {subprocess.py:93} INFO - 57
[2025-12-11T01:40:07.234+0000] {subprocess.py:93} INFO - 58
[2025-12-11T01:40:07.234+0000] {subprocess.py:93} INFO - 59
[2025-12-11T01:40:07.234+0000] {subprocess.py:93} INFO - 60
[2025-12-11T01:40:07.234+0000] {subprocess.py:93} INFO - 61
[2025-12-11T01:40:07.234+0000] {subprocess.py:93} INFO - 62
[2025-12-11T01:40:07.234+0000] {subprocess.py:93} INFO - 63
[2025-12-11T01:40:07.234+0000] {subprocess.py:93} INFO - 64
[2025-12-11T01:40:07.235+0000] {subprocess.py:93} INFO - 65
[2025-12-11T01:40:07.235+0000] {subprocess.py:93} INFO - 66
[2025-12-11T01:40:07.235+0000] {subprocess.py:93} INFO - 67
[2025-12-11T01:40:07.235+0000] {subprocess.py:93} INFO - 68
[2025-12-11T01:40:07.235+0000] {subprocess.py:93} INFO - 69
[2025-12-11T01:40:07.235+0000] {subprocess.py:93} INFO - 70
[2025-12-11T01:40:07.235+0000] {subprocess.py:93} INFO - 71
[2025-12-11T01:40:07.235+0000] {subprocess.py:93} INFO - 72
[2025-12-11T01:40:07.235+0000] {subprocess.py:93} INFO - 73
[2025-12-11T01:40:07.236+0000] {subprocess.py:93} INFO - 74
[2025-12-11T01:40:07.236+0000] {subprocess.py:93} INFO - 75
[2025-12-11T01:40:07.236+0000] {subprocess.py:93} INFO - 76
[2025-12-11T01:40:07.236+0000] {subprocess.py:93} INFO - 77
[2025-12-11T01:40:07.236+0000] {subprocess.py:93} INFO - 78
[2025-12-11T01:40:07.236+0000] {subprocess.py:93} INFO - 79
[2025-12-11T01:40:07.236+0000] {subprocess.py:93} INFO - WEATHER_THREAD_FINISHED
[2025-12-11T01:40:07.854+0000] {subprocess.py:97} INFO - Command exited with return code 0
[2025-12-11T01:40:07.874+0000] {taskinstance.py:1400} INFO - Marking task as SUCCESS. dag_id=flight_etl, task_id=python_etl_pipeline, execution_date=20251211T013839, start_date=20251211T013842, end_date=20251211T014007
[2025-12-11T01:40:07.920+0000] {local_task_job_runner.py:228} INFO - Task exited with return code 0
[2025-12-11T01:40:07.936+0000] {taskinstance.py:2778} INFO - 1 downstream tasks scheduled from follow-on schedule check
