[2025-12-02T18:00:52.997+0000] {taskinstance.py:1159} INFO - Dependencies all met for dep_context=non-requeueable deps ti=<TaskInstance: flight_etl.talend_etl_pipeline manual__2025-12-02T17:45:48.260712+00:00 [queued]>
[2025-12-02T18:00:53.005+0000] {taskinstance.py:1159} INFO - Dependencies all met for dep_context=requeueable deps ti=<TaskInstance: flight_etl.talend_etl_pipeline manual__2025-12-02T17:45:48.260712+00:00 [queued]>
[2025-12-02T18:00:53.005+0000] {taskinstance.py:1361} INFO - Starting attempt 1 of 1
[2025-12-02T18:00:53.031+0000] {taskinstance.py:1382} INFO - Executing <Task(PythonOperator): talend_etl_pipeline> on 2025-12-02 17:45:48.260712+00:00
[2025-12-02T18:00:53.040+0000] {standard_task_runner.py:57} INFO - Started process 336 to run task
[2025-12-02T18:00:53.042+0000] {standard_task_runner.py:84} INFO - Running: ['***', 'tasks', 'run', 'flight_etl', 'talend_etl_pipeline', 'manual__2025-12-02T17:45:48.260712+00:00', '--job-id', '144', '--raw', '--subdir', 'DAGS_FOLDER/etl-dag.py', '--cfg-path', '/tmp/tmpttvec2jc']
[2025-12-02T18:00:53.044+0000] {standard_task_runner.py:85} INFO - Job 144: Subtask talend_etl_pipeline
[2025-12-02T18:00:53.084+0000] {task_command.py:416} INFO - Running <TaskInstance: flight_etl.talend_etl_pipeline manual__2025-12-02T17:45:48.260712+00:00 [running]> on host 3a22777e9f69
[2025-12-02T18:00:53.179+0000] {taskinstance.py:1662} INFO - Exporting env vars: AIRFLOW_CTX_DAG_OWNER='***' AIRFLOW_CTX_DAG_ID='flight_etl' AIRFLOW_CTX_TASK_ID='talend_etl_pipeline' AIRFLOW_CTX_EXECUTION_DATE='2025-12-02T17:45:48.260712+00:00' AIRFLOW_CTX_TRY_NUMBER='1' AIRFLOW_CTX_DAG_RUN_ID='manual__2025-12-02T17:45:48.260712+00:00'
[2025-12-02T18:00:53.202+0000] {taskinstance.py:1937} ERROR - Task failed with exception
Traceback (most recent call last):
  File "/home/airflow/.local/lib/python3.8/site-packages/airflow/operators/python.py", line 192, in execute
    return_value = self.execute_callable()
  File "/home/airflow/.local/lib/python3.8/site-packages/airflow/operators/python.py", line 209, in execute_callable
    return self.python_callable(*self.op_args, **self.op_kwargs)
  File "/opt/airflow/dags/etl-dag.py", line 38, in run_talend_job
    raise Exception(f"Talend job failed: {result.stderr}")
Exception: Talend job failed: /bin/bash: line 1: ./parent_job_run.sh: Permission denied

[2025-12-02T18:00:53.212+0000] {taskinstance.py:1400} INFO - Marking task as FAILED. dag_id=flight_etl, task_id=talend_etl_pipeline, execution_date=20251202T174548, start_date=20251202T180052, end_date=20251202T180053
[2025-12-02T18:00:53.223+0000] {standard_task_runner.py:104} ERROR - Failed to execute job 144 for task talend_etl_pipeline (Talend job failed: /bin/bash: line 1: ./parent_job_run.sh: Permission denied
; 336)
[2025-12-02T18:00:53.254+0000] {local_task_job_runner.py:228} INFO - Task exited with return code 1
[2025-12-02T18:00:53.277+0000] {taskinstance.py:2778} INFO - 0 downstream tasks scheduled from follow-on schedule check
