[2025-12-02T16:04:09.310+0000] {taskinstance.py:1159} INFO - Dependencies all met for dep_context=non-requeueable deps ti=<TaskInstance: flight_etl.spark_batch_processor manual__2025-12-02T16:02:26.095133+00:00 [queued]>
[2025-12-02T16:04:09.316+0000] {taskinstance.py:1159} INFO - Dependencies all met for dep_context=requeueable deps ti=<TaskInstance: flight_etl.spark_batch_processor manual__2025-12-02T16:02:26.095133+00:00 [queued]>
[2025-12-02T16:04:09.316+0000] {taskinstance.py:1361} INFO - Starting attempt 1 of 1
[2025-12-02T16:04:09.335+0000] {taskinstance.py:1382} INFO - Executing <Task(BashOperator): spark_batch_processor> on 2025-12-02 16:02:26.095133+00:00
[2025-12-02T16:04:09.340+0000] {standard_task_runner.py:57} INFO - Started process 566 to run task
[2025-12-02T16:04:09.343+0000] {standard_task_runner.py:84} INFO - Running: ['***', 'tasks', 'run', 'flight_etl', 'spark_batch_processor', 'manual__2025-12-02T16:02:26.095133+00:00', '--job-id', '48', '--raw', '--subdir', 'DAGS_FOLDER/etl-dag.py', '--cfg-path', '/tmp/tmptlnaogli']
[2025-12-02T16:04:09.344+0000] {standard_task_runner.py:85} INFO - Job 48: Subtask spark_batch_processor
[2025-12-02T16:04:09.383+0000] {task_command.py:416} INFO - Running <TaskInstance: flight_etl.spark_batch_processor manual__2025-12-02T16:02:26.095133+00:00 [running]> on host 2c329b5e4716
[2025-12-02T16:04:09.443+0000] {taskinstance.py:1662} INFO - Exporting env vars: AIRFLOW_CTX_DAG_OWNER='***' AIRFLOW_CTX_DAG_ID='flight_etl' AIRFLOW_CTX_TASK_ID='spark_batch_processor' AIRFLOW_CTX_EXECUTION_DATE='2025-12-02T16:02:26.095133+00:00' AIRFLOW_CTX_TRY_NUMBER='1' AIRFLOW_CTX_DAG_RUN_ID='manual__2025-12-02T16:02:26.095133+00:00'
[2025-12-02T16:04:09.445+0000] {subprocess.py:63} INFO - Tmp dir root location: /tmp
[2025-12-02T16:04:09.445+0000] {subprocess.py:75} INFO - Running command: ['/bin/bash', '-c', '\n        docker exec spark-master /spark/bin/spark-submit         --master spark://spark-master:7077         --jars /tmp/spark_drivers/postgresql-42.7.7.jar         --driver-class-path /tmp/spark_drivers/postgresql-42.7.7.jar         --conf spark.pyspark.python=/usr/bin/python3         /tmp/spark_drivers/batch.py\n        ']
[2025-12-02T16:04:09.458+0000] {subprocess.py:86} INFO - Output:
[2025-12-02T16:04:12.002+0000] {subprocess.py:93} INFO - 25/12/02 16:04:12 WARN NativeCodeLoader: Unable to load native-hadoop library for your platform... using builtin-java classes where applicable
[2025-12-02T16:04:16.004+0000] {subprocess.py:93} INFO - 25/12/02 16:04:16 INFO SparkContext: Running Spark version 3.3.0
[2025-12-02T16:04:16.031+0000] {subprocess.py:93} INFO - 25/12/02 16:04:16 INFO ResourceUtils: ==============================================================
[2025-12-02T16:04:16.031+0000] {subprocess.py:93} INFO - 25/12/02 16:04:16 INFO ResourceUtils: No custom resources configured for spark.driver.
[2025-12-02T16:04:16.031+0000] {subprocess.py:93} INFO - 25/12/02 16:04:16 INFO ResourceUtils: ==============================================================
[2025-12-02T16:04:16.031+0000] {subprocess.py:93} INFO - 25/12/02 16:04:16 INFO SparkContext: Submitted application: postgres-to-hive
[2025-12-02T16:04:16.052+0000] {subprocess.py:93} INFO - 25/12/02 16:04:16 INFO ResourceProfile: Default ResourceProfile created, executor resources: Map(cores -> name: cores, amount: 1, script: , vendor: , memory -> name: memory, amount: 1024, script: , vendor: , offHeap -> name: offHeap, amount: 0, script: , vendor: ), task resources: Map(cpus -> name: cpus, amount: 1.0)
[2025-12-02T16:04:16.065+0000] {subprocess.py:93} INFO - 25/12/02 16:04:16 INFO ResourceProfile: Limiting resource is cpu
[2025-12-02T16:04:16.066+0000] {subprocess.py:93} INFO - 25/12/02 16:04:16 INFO ResourceProfileManager: Added ResourceProfile id: 0
[2025-12-02T16:04:16.121+0000] {subprocess.py:93} INFO - 25/12/02 16:04:16 INFO SecurityManager: Changing view acls to: root
[2025-12-02T16:04:16.121+0000] {subprocess.py:93} INFO - 25/12/02 16:04:16 INFO SecurityManager: Changing modify acls to: root
[2025-12-02T16:04:16.121+0000] {subprocess.py:93} INFO - 25/12/02 16:04:16 INFO SecurityManager: Changing view acls groups to:
[2025-12-02T16:04:16.121+0000] {subprocess.py:93} INFO - 25/12/02 16:04:16 INFO SecurityManager: Changing modify acls groups to:
[2025-12-02T16:04:16.121+0000] {subprocess.py:93} INFO - 25/12/02 16:04:16 INFO SecurityManager: SecurityManager: authentication disabled; ui acls disabled; users  with view permissions: Set(root); groups with view permissions: Set(); users  with modify permissions: Set(root); groups with modify permissions: Set()
[2025-12-02T16:04:16.379+0000] {subprocess.py:93} INFO - 25/12/02 16:04:16 INFO Utils: Successfully started service 'sparkDriver' on port 41681.
[2025-12-02T16:04:16.426+0000] {subprocess.py:93} INFO - 25/12/02 16:04:16 INFO SparkEnv: Registering MapOutputTracker
[2025-12-02T16:04:16.538+0000] {subprocess.py:93} INFO - 25/12/02 16:04:16 INFO SparkEnv: Registering BlockManagerMaster
[2025-12-02T16:04:16.565+0000] {subprocess.py:93} INFO - 25/12/02 16:04:16 INFO BlockManagerMasterEndpoint: Using org.apache.spark.storage.DefaultTopologyMapper for getting topology information
[2025-12-02T16:04:16.565+0000] {subprocess.py:93} INFO - 25/12/02 16:04:16 INFO BlockManagerMasterEndpoint: BlockManagerMasterEndpoint up
[2025-12-02T16:04:16.571+0000] {subprocess.py:93} INFO - 25/12/02 16:04:16 INFO SparkEnv: Registering BlockManagerMasterHeartbeat
[2025-12-02T16:04:16.594+0000] {subprocess.py:93} INFO - 25/12/02 16:04:16 INFO DiskBlockManager: Created local directory at /tmp/blockmgr-e54e5509-8993-4264-86cb-f57f33d82992
[2025-12-02T16:04:16.615+0000] {subprocess.py:93} INFO - 25/12/02 16:04:16 INFO MemoryStore: MemoryStore started with capacity 366.3 MiB
[2025-12-02T16:04:16.631+0000] {subprocess.py:93} INFO - 25/12/02 16:04:16 INFO SparkEnv: Registering OutputCommitCoordinator
[2025-12-02T16:04:16.875+0000] {subprocess.py:93} INFO - 25/12/02 16:04:16 INFO Utils: Successfully started service 'SparkUI' on port 4040.
[2025-12-02T16:04:17.047+0000] {subprocess.py:93} INFO - 25/12/02 16:04:17 INFO StandaloneAppClient$ClientEndpoint: Connecting to master spark://spark-master:7077...
[2025-12-02T16:04:17.105+0000] {subprocess.py:93} INFO - 25/12/02 16:04:17 INFO TransportClientFactory: Successfully created connection to spark-master/172.19.0.6:7077 after 27 ms (0 ms spent in bootstraps)
[2025-12-02T16:04:17.192+0000] {subprocess.py:93} INFO - 25/12/02 16:04:17 INFO StandaloneSchedulerBackend: Connected to Spark cluster with app ID app-20251202160417-0001
[2025-12-02T16:04:17.193+0000] {subprocess.py:93} INFO - 25/12/02 16:04:17 INFO StandaloneAppClient$ClientEndpoint: Executor added: app-20251202160417-0001/0 on worker-20251202155501-172.19.0.15-40597 (172.19.0.15:40597) with 20 core(s)
[2025-12-02T16:04:17.194+0000] {subprocess.py:93} INFO - 25/12/02 16:04:17 INFO StandaloneSchedulerBackend: Granted executor ID app-20251202160417-0001/0 on hostPort 172.19.0.15:40597 with 20 core(s), 1024.0 MiB RAM
[2025-12-02T16:04:17.194+0000] {subprocess.py:93} INFO - 25/12/02 16:04:17 INFO StandaloneAppClient$ClientEndpoint: Executor added: app-20251202160417-0001/1 on worker-20251202155501-172.19.0.16-38403 (172.19.0.16:38403) with 20 core(s)
[2025-12-02T16:04:17.194+0000] {subprocess.py:93} INFO - 25/12/02 16:04:17 INFO StandaloneSchedulerBackend: Granted executor ID app-20251202160417-0001/1 on hostPort 172.19.0.16:38403 with 20 core(s), 1024.0 MiB RAM
[2025-12-02T16:04:17.198+0000] {subprocess.py:93} INFO - 25/12/02 16:04:17 INFO Utils: Successfully started service 'org.apache.spark.network.netty.NettyBlockTransferService' on port 36109.
[2025-12-02T16:04:17.199+0000] {subprocess.py:93} INFO - 25/12/02 16:04:17 INFO NettyBlockTransferService: Server created on cf8fd005787a:36109
[2025-12-02T16:04:17.201+0000] {subprocess.py:93} INFO - 25/12/02 16:04:17 INFO BlockManager: Using org.apache.spark.storage.RandomBlockReplicationPolicy for block replication policy
[2025-12-02T16:04:17.211+0000] {subprocess.py:93} INFO - 25/12/02 16:04:17 INFO BlockManagerMaster: Registering BlockManager BlockManagerId(driver, cf8fd005787a, 36109, None)
[2025-12-02T16:04:17.222+0000] {subprocess.py:93} INFO - 25/12/02 16:04:17 INFO BlockManagerMasterEndpoint: Registering block manager cf8fd005787a:36109 with 366.3 MiB RAM, BlockManagerId(driver, cf8fd005787a, 36109, None)
[2025-12-02T16:04:17.226+0000] {subprocess.py:93} INFO - 25/12/02 16:04:17 INFO StandaloneAppClient$ClientEndpoint: Executor updated: app-20251202160417-0001/0 is now RUNNING
[2025-12-02T16:04:17.227+0000] {subprocess.py:93} INFO - 25/12/02 16:04:17 INFO StandaloneAppClient$ClientEndpoint: Executor updated: app-20251202160417-0001/1 is now RUNNING
[2025-12-02T16:04:17.231+0000] {subprocess.py:93} INFO - 25/12/02 16:04:17 INFO BlockManagerMaster: Registered BlockManager BlockManagerId(driver, cf8fd005787a, 36109, None)
[2025-12-02T16:04:17.234+0000] {subprocess.py:93} INFO - 25/12/02 16:04:17 INFO BlockManager: Initialized BlockManager: BlockManagerId(driver, cf8fd005787a, 36109, None)
[2025-12-02T16:04:17.443+0000] {subprocess.py:93} INFO - 25/12/02 16:04:17 INFO StandaloneSchedulerBackend: SchedulerBackend is ready for scheduling beginning after reached minRegisteredResourcesRatio: 0.0
[2025-12-02T16:04:17.706+0000] {subprocess.py:93} INFO - 25/12/02 16:04:17 INFO SharedState: Setting hive.metastore.warehouse.dir ('null') to the value of spark.sql.warehouse.dir.
[2025-12-02T16:04:18.276+0000] {subprocess.py:93} INFO - 25/12/02 16:04:18 INFO SharedState: Warehouse path is 'hdfs://namenode:9000/hive/warehouse'.
[2025-12-02T16:04:29.692+0000] {subprocess.py:93} INFO - 25/12/02 16:04:29 INFO CoarseGrainedSchedulerBackend$DriverEndpoint: Registered executor NettyRpcEndpointRef(spark-client://Executor) (172.19.0.16:54496) with ID 1,  ResourceProfileId 0
[2025-12-02T16:04:29.693+0000] {subprocess.py:93} INFO - 25/12/02 16:04:29 INFO CoarseGrainedSchedulerBackend$DriverEndpoint: Registered executor NettyRpcEndpointRef(spark-client://Executor) (172.19.0.15:54846) with ID 0,  ResourceProfileId 0
[2025-12-02T16:04:29.766+0000] {subprocess.py:93} INFO - 25/12/02 16:04:29 INFO BlockManagerMasterEndpoint: Registering block manager 172.19.0.16:42683 with 366.3 MiB RAM, BlockManagerId(1, 172.19.0.16, 42683, None)
[2025-12-02T16:04:29.768+0000] {subprocess.py:93} INFO - 25/12/02 16:04:29 INFO BlockManagerMasterEndpoint: Registering block manager 172.19.0.15:33753 with 366.3 MiB RAM, BlockManagerId(0, 172.19.0.15, 33753, None)
[2025-12-02T16:04:30.189+0000] {subprocess.py:93} INFO - 25/12/02 16:04:30 INFO HiveConf: Found configuration file null
[2025-12-02T16:04:30.199+0000] {subprocess.py:93} INFO - 25/12/02 16:04:30 INFO HiveUtils: Initializing HiveMetastoreConnection version 2.3.9 using Spark classes.
[2025-12-02T16:04:30.638+0000] {subprocess.py:93} INFO - 25/12/02 16:04:30 INFO HiveClientImpl: Warehouse location for Hive client (version 2.3.9) is hdfs://namenode:9000/hive/warehouse
[2025-12-02T16:04:31.183+0000] {subprocess.py:93} INFO - 
[2025-12-02T16:04:31.183+0000] {subprocess.py:93} INFO - --- Reading from PG table: gold_dim_airport ---
[2025-12-02T16:04:31.258+0000] {subprocess.py:93} INFO - Error processing table gold_dim_airport: An error occurred while calling o48.load.
[2025-12-02T16:04:31.258+0000] {subprocess.py:93} INFO - : java.lang.ClassNotFoundException: org.postgresql.Driver
[2025-12-02T16:04:31.258+0000] {subprocess.py:93} INFO - 	at java.net.URLClassLoader.findClass(URLClassLoader.java:382)
[2025-12-02T16:04:31.258+0000] {subprocess.py:93} INFO - 	at java.lang.ClassLoader.loadClass(ClassLoader.java:419)
[2025-12-02T16:04:31.259+0000] {subprocess.py:93} INFO - 	at java.lang.ClassLoader.loadClass(ClassLoader.java:352)
[2025-12-02T16:04:31.259+0000] {subprocess.py:93} INFO - 	at org.apache.spark.sql.execution.datasources.jdbc.DriverRegistry$.register(DriverRegistry.scala:46)
[2025-12-02T16:04:31.259+0000] {subprocess.py:93} INFO - 	at org.apache.spark.sql.execution.datasources.jdbc.JDBCOptions.$anonfun$driverClass$1(JDBCOptions.scala:101)
[2025-12-02T16:04:31.259+0000] {subprocess.py:93} INFO - 	at org.apache.spark.sql.execution.datasources.jdbc.JDBCOptions.$anonfun$driverClass$1$adapted(JDBCOptions.scala:101)
[2025-12-02T16:04:31.259+0000] {subprocess.py:93} INFO - 	at scala.Option.foreach(Option.scala:407)
[2025-12-02T16:04:31.259+0000] {subprocess.py:93} INFO - 	at org.apache.spark.sql.execution.datasources.jdbc.JDBCOptions.<init>(JDBCOptions.scala:101)
[2025-12-02T16:04:31.259+0000] {subprocess.py:93} INFO - 	at org.apache.spark.sql.execution.datasources.jdbc.JDBCOptions.<init>(JDBCOptions.scala:39)
[2025-12-02T16:04:31.259+0000] {subprocess.py:93} INFO - 	at org.apache.spark.sql.execution.datasources.jdbc.JdbcRelationProvider.createRelation(JdbcRelationProvider.scala:34)
[2025-12-02T16:04:31.259+0000] {subprocess.py:93} INFO - 	at org.apache.spark.sql.execution.datasources.DataSource.resolveRelation(DataSource.scala:350)
[2025-12-02T16:04:31.260+0000] {subprocess.py:93} INFO - 	at org.apache.spark.sql.DataFrameReader.loadV1Source(DataFrameReader.scala:228)
[2025-12-02T16:04:31.260+0000] {subprocess.py:93} INFO - 	at org.apache.spark.sql.DataFrameReader.$anonfun$load$2(DataFrameReader.scala:210)
[2025-12-02T16:04:31.260+0000] {subprocess.py:93} INFO - 	at scala.Option.getOrElse(Option.scala:189)
[2025-12-02T16:04:31.260+0000] {subprocess.py:93} INFO - 	at org.apache.spark.sql.DataFrameReader.load(DataFrameReader.scala:210)
[2025-12-02T16:04:31.260+0000] {subprocess.py:93} INFO - 	at org.apache.spark.sql.DataFrameReader.load(DataFrameReader.scala:171)
[2025-12-02T16:04:31.260+0000] {subprocess.py:93} INFO - 	at sun.reflect.NativeMethodAccessorImpl.invoke0(Native Method)
[2025-12-02T16:04:31.260+0000] {subprocess.py:93} INFO - 	at sun.reflect.NativeMethodAccessorImpl.invoke(NativeMethodAccessorImpl.java:62)
[2025-12-02T16:04:31.260+0000] {subprocess.py:93} INFO - 	at sun.reflect.DelegatingMethodAccessorImpl.invoke(DelegatingMethodAccessorImpl.java:43)
[2025-12-02T16:04:31.260+0000] {subprocess.py:93} INFO - 	at java.lang.reflect.Method.invoke(Method.java:498)
[2025-12-02T16:04:31.260+0000] {subprocess.py:93} INFO - 	at py4j.reflection.MethodInvoker.invoke(MethodInvoker.java:244)
[2025-12-02T16:04:31.261+0000] {subprocess.py:93} INFO - 	at py4j.reflection.ReflectionEngine.invoke(ReflectionEngine.java:357)
[2025-12-02T16:04:31.261+0000] {subprocess.py:93} INFO - 	at py4j.Gateway.invoke(Gateway.java:282)
[2025-12-02T16:04:31.261+0000] {subprocess.py:93} INFO - 	at py4j.commands.AbstractCommand.invokeMethod(AbstractCommand.java:132)
[2025-12-02T16:04:31.261+0000] {subprocess.py:93} INFO - 	at py4j.commands.CallCommand.execute(CallCommand.java:79)
[2025-12-02T16:04:31.261+0000] {subprocess.py:93} INFO - 	at py4j.ClientServerConnection.waitForCommands(ClientServerConnection.java:182)
[2025-12-02T16:04:31.261+0000] {subprocess.py:93} INFO - 	at py4j.ClientServerConnection.run(ClientServerConnection.java:106)
[2025-12-02T16:04:31.261+0000] {subprocess.py:93} INFO - 	at java.lang.Thread.run(Thread.java:748)
[2025-12-02T16:04:31.261+0000] {subprocess.py:93} INFO - 
[2025-12-02T16:04:31.261+0000] {subprocess.py:93} INFO - 
[2025-12-02T16:04:31.261+0000] {subprocess.py:93} INFO - --- Reading from PG table: gold_dim_date ---
[2025-12-02T16:04:31.271+0000] {subprocess.py:93} INFO - Error processing table gold_dim_date: An error occurred while calling o56.load.
[2025-12-02T16:04:31.271+0000] {subprocess.py:93} INFO - : java.lang.ClassNotFoundException: org.postgresql.Driver
[2025-12-02T16:04:31.271+0000] {subprocess.py:93} INFO - 	at java.net.URLClassLoader.findClass(URLClassLoader.java:382)
[2025-12-02T16:04:31.271+0000] {subprocess.py:93} INFO - 	at java.lang.ClassLoader.loadClass(ClassLoader.java:419)
[2025-12-02T16:04:31.272+0000] {subprocess.py:93} INFO - 	at java.lang.ClassLoader.loadClass(ClassLoader.java:352)
[2025-12-02T16:04:31.272+0000] {subprocess.py:93} INFO - 	at org.apache.spark.sql.execution.datasources.jdbc.DriverRegistry$.register(DriverRegistry.scala:46)
[2025-12-02T16:04:31.272+0000] {subprocess.py:93} INFO - 	at org.apache.spark.sql.execution.datasources.jdbc.JDBCOptions.$anonfun$driverClass$1(JDBCOptions.scala:101)
[2025-12-02T16:04:31.272+0000] {subprocess.py:93} INFO - 	at org.apache.spark.sql.execution.datasources.jdbc.JDBCOptions.$anonfun$driverClass$1$adapted(JDBCOptions.scala:101)
[2025-12-02T16:04:31.272+0000] {subprocess.py:93} INFO - 	at scala.Option.foreach(Option.scala:407)
[2025-12-02T16:04:31.272+0000] {subprocess.py:93} INFO - 	at org.apache.spark.sql.execution.datasources.jdbc.JDBCOptions.<init>(JDBCOptions.scala:101)
[2025-12-02T16:04:31.272+0000] {subprocess.py:93} INFO - 	at org.apache.spark.sql.execution.datasources.jdbc.JDBCOptions.<init>(JDBCOptions.scala:39)
[2025-12-02T16:04:31.272+0000] {subprocess.py:93} INFO - 	at org.apache.spark.sql.execution.datasources.jdbc.JdbcRelationProvider.createRelation(JdbcRelationProvider.scala:34)
[2025-12-02T16:04:31.272+0000] {subprocess.py:93} INFO - 	at org.apache.spark.sql.execution.datasources.DataSource.resolveRelation(DataSource.scala:350)
[2025-12-02T16:04:31.273+0000] {subprocess.py:93} INFO - 	at org.apache.spark.sql.DataFrameReader.loadV1Source(DataFrameReader.scala:228)
[2025-12-02T16:04:31.273+0000] {subprocess.py:93} INFO - 	at org.apache.spark.sql.DataFrameReader.$anonfun$load$2(DataFrameReader.scala:210)
[2025-12-02T16:04:31.273+0000] {subprocess.py:93} INFO - 	at scala.Option.getOrElse(Option.scala:189)
[2025-12-02T16:04:31.273+0000] {subprocess.py:93} INFO - 	at org.apache.spark.sql.DataFrameReader.load(DataFrameReader.scala:210)
[2025-12-02T16:04:31.273+0000] {subprocess.py:93} INFO - 	at org.apache.spark.sql.DataFrameReader.load(DataFrameReader.scala:171)
[2025-12-02T16:04:31.273+0000] {subprocess.py:93} INFO - 	at sun.reflect.NativeMethodAccessorImpl.invoke0(Native Method)
[2025-12-02T16:04:31.273+0000] {subprocess.py:93} INFO - 	at sun.reflect.NativeMethodAccessorImpl.invoke(NativeMethodAccessorImpl.java:62)
[2025-12-02T16:04:31.273+0000] {subprocess.py:93} INFO - 	at sun.reflect.DelegatingMethodAccessorImpl.invoke(DelegatingMethodAccessorImpl.java:43)
[2025-12-02T16:04:31.273+0000] {subprocess.py:93} INFO - 	at java.lang.reflect.Method.invoke(Method.java:498)
[2025-12-02T16:04:31.273+0000] {subprocess.py:93} INFO - 	at py4j.reflection.MethodInvoker.invoke(MethodInvoker.java:244)
[2025-12-02T16:04:31.274+0000] {subprocess.py:93} INFO - 	at py4j.reflection.ReflectionEngine.invoke(ReflectionEngine.java:357)
[2025-12-02T16:04:31.274+0000] {subprocess.py:93} INFO - 	at py4j.Gateway.invoke(Gateway.java:282)
[2025-12-02T16:04:31.274+0000] {subprocess.py:93} INFO - 	at py4j.commands.AbstractCommand.invokeMethod(AbstractCommand.java:132)
[2025-12-02T16:04:31.274+0000] {subprocess.py:93} INFO - 	at py4j.commands.CallCommand.execute(CallCommand.java:79)
[2025-12-02T16:04:31.274+0000] {subprocess.py:93} INFO - 	at py4j.ClientServerConnection.waitForCommands(ClientServerConnection.java:182)
[2025-12-02T16:04:31.274+0000] {subprocess.py:93} INFO - 	at py4j.ClientServerConnection.run(ClientServerConnection.java:106)
[2025-12-02T16:04:31.274+0000] {subprocess.py:93} INFO - 	at java.lang.Thread.run(Thread.java:748)
[2025-12-02T16:04:31.274+0000] {subprocess.py:93} INFO - 
[2025-12-02T16:04:31.274+0000] {subprocess.py:93} INFO - 
[2025-12-02T16:04:31.274+0000] {subprocess.py:93} INFO - --- Reading from PG table: gold_dim_flight ---
[2025-12-02T16:04:31.290+0000] {subprocess.py:93} INFO - Error processing table gold_dim_flight: An error occurred while calling o64.load.
[2025-12-02T16:04:31.290+0000] {subprocess.py:93} INFO - : java.lang.ClassNotFoundException: org.postgresql.Driver
[2025-12-02T16:04:31.290+0000] {subprocess.py:93} INFO - 	at java.net.URLClassLoader.findClass(URLClassLoader.java:382)
[2025-12-02T16:04:31.290+0000] {subprocess.py:93} INFO - 	at java.lang.ClassLoader.loadClass(ClassLoader.java:419)
[2025-12-02T16:04:31.290+0000] {subprocess.py:93} INFO - 	at java.lang.ClassLoader.loadClass(ClassLoader.java:352)
[2025-12-02T16:04:31.291+0000] {subprocess.py:93} INFO - 	at org.apache.spark.sql.execution.datasources.jdbc.DriverRegistry$.register(DriverRegistry.scala:46)
[2025-12-02T16:04:31.291+0000] {subprocess.py:93} INFO - 	at org.apache.spark.sql.execution.datasources.jdbc.JDBCOptions.$anonfun$driverClass$1(JDBCOptions.scala:101)
[2025-12-02T16:04:31.291+0000] {subprocess.py:93} INFO - 	at org.apache.spark.sql.execution.datasources.jdbc.JDBCOptions.$anonfun$driverClass$1$adapted(JDBCOptions.scala:101)
[2025-12-02T16:04:31.291+0000] {subprocess.py:93} INFO - 	at scala.Option.foreach(Option.scala:407)
[2025-12-02T16:04:31.291+0000] {subprocess.py:93} INFO - 	at org.apache.spark.sql.execution.datasources.jdbc.JDBCOptions.<init>(JDBCOptions.scala:101)
[2025-12-02T16:04:31.291+0000] {subprocess.py:93} INFO - 	at org.apache.spark.sql.execution.datasources.jdbc.JDBCOptions.<init>(JDBCOptions.scala:39)
[2025-12-02T16:04:31.291+0000] {subprocess.py:93} INFO - 	at org.apache.spark.sql.execution.datasources.jdbc.JdbcRelationProvider.createRelation(JdbcRelationProvider.scala:34)
[2025-12-02T16:04:31.291+0000] {subprocess.py:93} INFO - 	at org.apache.spark.sql.execution.datasources.DataSource.resolveRelation(DataSource.scala:350)
[2025-12-02T16:04:31.291+0000] {subprocess.py:93} INFO - 	at org.apache.spark.sql.DataFrameReader.loadV1Source(DataFrameReader.scala:228)
[2025-12-02T16:04:31.292+0000] {subprocess.py:93} INFO - 	at org.apache.spark.sql.DataFrameReader.$anonfun$load$2(DataFrameReader.scala:210)
[2025-12-02T16:04:31.292+0000] {subprocess.py:93} INFO - 	at scala.Option.getOrElse(Option.scala:189)
[2025-12-02T16:04:31.292+0000] {subprocess.py:93} INFO - 	at org.apache.spark.sql.DataFrameReader.load(DataFrameReader.scala:210)
[2025-12-02T16:04:31.292+0000] {subprocess.py:93} INFO - 	at org.apache.spark.sql.DataFrameReader.load(DataFrameReader.scala:171)
[2025-12-02T16:04:31.292+0000] {subprocess.py:93} INFO - 	at sun.reflect.NativeMethodAccessorImpl.invoke0(Native Method)
[2025-12-02T16:04:31.292+0000] {subprocess.py:93} INFO - 	at sun.reflect.NativeMethodAccessorImpl.invoke(NativeMethodAccessorImpl.java:62)
[2025-12-02T16:04:31.292+0000] {subprocess.py:93} INFO - 	at sun.reflect.DelegatingMethodAccessorImpl.invoke(DelegatingMethodAccessorImpl.java:43)
[2025-12-02T16:04:31.293+0000] {subprocess.py:93} INFO - 	at java.lang.reflect.Method.invoke(Method.java:498)
[2025-12-02T16:04:31.293+0000] {subprocess.py:93} INFO - 	at py4j.reflection.MethodInvoker.invoke(MethodInvoker.java:244)
[2025-12-02T16:04:31.293+0000] {subprocess.py:93} INFO - 	at py4j.reflection.ReflectionEngine.invoke(ReflectionEngine.java:357)
[2025-12-02T16:04:31.293+0000] {subprocess.py:93} INFO - 	at py4j.Gateway.invoke(Gateway.java:282)
[2025-12-02T16:04:31.293+0000] {subprocess.py:93} INFO - 	at py4j.commands.AbstractCommand.invokeMethod(AbstractCommand.java:132)
[2025-12-02T16:04:31.293+0000] {subprocess.py:93} INFO - 	at py4j.commands.CallCommand.execute(CallCommand.java:79)
[2025-12-02T16:04:31.293+0000] {subprocess.py:93} INFO - 	at py4j.ClientServerConnection.waitForCommands(ClientServerConnection.java:182)
[2025-12-02T16:04:31.293+0000] {subprocess.py:93} INFO - 	at py4j.ClientServerConnection.run(ClientServerConnection.java:106)
[2025-12-02T16:04:31.293+0000] {subprocess.py:93} INFO - 	at java.lang.Thread.run(Thread.java:748)
[2025-12-02T16:04:31.294+0000] {subprocess.py:93} INFO - 
[2025-12-02T16:04:31.294+0000] {subprocess.py:93} INFO - 
[2025-12-02T16:04:31.294+0000] {subprocess.py:93} INFO - --- Reading from PG table: gold_dim_passenger ---
[2025-12-02T16:04:31.308+0000] {subprocess.py:93} INFO - Error processing table gold_dim_passenger: An error occurred while calling o72.load.
[2025-12-02T16:04:31.309+0000] {subprocess.py:93} INFO - : java.lang.ClassNotFoundException: org.postgresql.Driver
[2025-12-02T16:04:31.309+0000] {subprocess.py:93} INFO - 	at java.net.URLClassLoader.findClass(URLClassLoader.java:382)
[2025-12-02T16:04:31.309+0000] {subprocess.py:93} INFO - 	at java.lang.ClassLoader.loadClass(ClassLoader.java:419)
[2025-12-02T16:04:31.309+0000] {subprocess.py:93} INFO - 	at java.lang.ClassLoader.loadClass(ClassLoader.java:352)
[2025-12-02T16:04:31.310+0000] {subprocess.py:93} INFO - 	at org.apache.spark.sql.execution.datasources.jdbc.DriverRegistry$.register(DriverRegistry.scala:46)
[2025-12-02T16:04:31.311+0000] {subprocess.py:93} INFO - 	at org.apache.spark.sql.execution.datasources.jdbc.JDBCOptions.$anonfun$driverClass$1(JDBCOptions.scala:101)
[2025-12-02T16:04:31.312+0000] {subprocess.py:93} INFO - 	at org.apache.spark.sql.execution.datasources.jdbc.JDBCOptions.$anonfun$driverClass$1$adapted(JDBCOptions.scala:101)
[2025-12-02T16:04:31.312+0000] {subprocess.py:93} INFO - 	at scala.Option.foreach(Option.scala:407)
[2025-12-02T16:04:31.312+0000] {subprocess.py:93} INFO - 	at org.apache.spark.sql.execution.datasources.jdbc.JDBCOptions.<init>(JDBCOptions.scala:101)
[2025-12-02T16:04:31.312+0000] {subprocess.py:93} INFO - 	at org.apache.spark.sql.execution.datasources.jdbc.JDBCOptions.<init>(JDBCOptions.scala:39)
[2025-12-02T16:04:31.312+0000] {subprocess.py:93} INFO - 	at org.apache.spark.sql.execution.datasources.jdbc.JdbcRelationProvider.createRelation(JdbcRelationProvider.scala:34)
[2025-12-02T16:04:31.312+0000] {subprocess.py:93} INFO - 	at org.apache.spark.sql.execution.datasources.DataSource.resolveRelation(DataSource.scala:350)
[2025-12-02T16:04:31.312+0000] {subprocess.py:93} INFO - 	at org.apache.spark.sql.DataFrameReader.loadV1Source(DataFrameReader.scala:228)
[2025-12-02T16:04:31.312+0000] {subprocess.py:93} INFO - 	at org.apache.spark.sql.DataFrameReader.$anonfun$load$2(DataFrameReader.scala:210)
[2025-12-02T16:04:31.313+0000] {subprocess.py:93} INFO - 	at scala.Option.getOrElse(Option.scala:189)
[2025-12-02T16:04:31.313+0000] {subprocess.py:93} INFO - 	at org.apache.spark.sql.DataFrameReader.load(DataFrameReader.scala:210)
[2025-12-02T16:04:31.313+0000] {subprocess.py:93} INFO - 	at org.apache.spark.sql.DataFrameReader.load(DataFrameReader.scala:171)
[2025-12-02T16:04:31.313+0000] {subprocess.py:93} INFO - 	at sun.reflect.NativeMethodAccessorImpl.invoke0(Native Method)
[2025-12-02T16:04:31.313+0000] {subprocess.py:93} INFO - 	at sun.reflect.NativeMethodAccessorImpl.invoke(NativeMethodAccessorImpl.java:62)
[2025-12-02T16:04:31.313+0000] {subprocess.py:93} INFO - 	at sun.reflect.DelegatingMethodAccessorImpl.invoke(DelegatingMethodAccessorImpl.java:43)
[2025-12-02T16:04:31.313+0000] {subprocess.py:93} INFO - 	at java.lang.reflect.Method.invoke(Method.java:498)
[2025-12-02T16:04:31.313+0000] {subprocess.py:93} INFO - 	at py4j.reflection.MethodInvoker.invoke(MethodInvoker.java:244)
[2025-12-02T16:04:31.313+0000] {subprocess.py:93} INFO - 	at py4j.reflection.ReflectionEngine.invoke(ReflectionEngine.java:357)
[2025-12-02T16:04:31.313+0000] {subprocess.py:93} INFO - 	at py4j.Gateway.invoke(Gateway.java:282)
[2025-12-02T16:04:31.314+0000] {subprocess.py:93} INFO - 	at py4j.commands.AbstractCommand.invokeMethod(AbstractCommand.java:132)
[2025-12-02T16:04:31.314+0000] {subprocess.py:93} INFO - 	at py4j.commands.CallCommand.execute(CallCommand.java:79)
[2025-12-02T16:04:31.314+0000] {subprocess.py:93} INFO - 	at py4j.ClientServerConnection.waitForCommands(ClientServerConnection.java:182)
[2025-12-02T16:04:31.314+0000] {subprocess.py:93} INFO - 	at py4j.ClientServerConnection.run(ClientServerConnection.java:106)
[2025-12-02T16:04:31.314+0000] {subprocess.py:93} INFO - 	at java.lang.Thread.run(Thread.java:748)
[2025-12-02T16:04:31.314+0000] {subprocess.py:93} INFO - 
[2025-12-02T16:04:31.314+0000] {subprocess.py:93} INFO - 
[2025-12-02T16:04:31.314+0000] {subprocess.py:93} INFO - --- Reading from PG table: gold_dim_ticket ---
[2025-12-02T16:04:31.323+0000] {subprocess.py:93} INFO - Error processing table gold_dim_ticket: An error occurred while calling o80.load.
[2025-12-02T16:04:31.324+0000] {subprocess.py:93} INFO - : java.lang.ClassNotFoundException: org.postgresql.Driver
[2025-12-02T16:04:31.324+0000] {subprocess.py:93} INFO - 	at java.net.URLClassLoader.findClass(URLClassLoader.java:382)
[2025-12-02T16:04:31.324+0000] {subprocess.py:93} INFO - 	at java.lang.ClassLoader.loadClass(ClassLoader.java:419)
[2025-12-02T16:04:31.324+0000] {subprocess.py:93} INFO - 	at java.lang.ClassLoader.loadClass(ClassLoader.java:352)
[2025-12-02T16:04:31.324+0000] {subprocess.py:93} INFO - 	at org.apache.spark.sql.execution.datasources.jdbc.DriverRegistry$.register(DriverRegistry.scala:46)
[2025-12-02T16:04:31.325+0000] {subprocess.py:93} INFO - 	at org.apache.spark.sql.execution.datasources.jdbc.JDBCOptions.$anonfun$driverClass$1(JDBCOptions.scala:101)
[2025-12-02T16:04:31.325+0000] {subprocess.py:93} INFO - 	at org.apache.spark.sql.execution.datasources.jdbc.JDBCOptions.$anonfun$driverClass$1$adapted(JDBCOptions.scala:101)
[2025-12-02T16:04:31.325+0000] {subprocess.py:93} INFO - 	at scala.Option.foreach(Option.scala:407)
[2025-12-02T16:04:31.325+0000] {subprocess.py:93} INFO - 	at org.apache.spark.sql.execution.datasources.jdbc.JDBCOptions.<init>(JDBCOptions.scala:101)
[2025-12-02T16:04:31.325+0000] {subprocess.py:93} INFO - 	at org.apache.spark.sql.execution.datasources.jdbc.JDBCOptions.<init>(JDBCOptions.scala:39)
[2025-12-02T16:04:31.325+0000] {subprocess.py:93} INFO - 	at org.apache.spark.sql.execution.datasources.jdbc.JdbcRelationProvider.createRelation(JdbcRelationProvider.scala:34)
[2025-12-02T16:04:31.325+0000] {subprocess.py:93} INFO - 	at org.apache.spark.sql.execution.datasources.DataSource.resolveRelation(DataSource.scala:350)
[2025-12-02T16:04:31.325+0000] {subprocess.py:93} INFO - 	at org.apache.spark.sql.DataFrameReader.loadV1Source(DataFrameReader.scala:228)
[2025-12-02T16:04:31.325+0000] {subprocess.py:93} INFO - 	at org.apache.spark.sql.DataFrameReader.$anonfun$load$2(DataFrameReader.scala:210)
[2025-12-02T16:04:31.325+0000] {subprocess.py:93} INFO - 	at scala.Option.getOrElse(Option.scala:189)
[2025-12-02T16:04:31.325+0000] {subprocess.py:93} INFO - 	at org.apache.spark.sql.DataFrameReader.load(DataFrameReader.scala:210)
[2025-12-02T16:04:31.325+0000] {subprocess.py:93} INFO - 	at org.apache.spark.sql.DataFrameReader.load(DataFrameReader.scala:171)
[2025-12-02T16:04:31.325+0000] {subprocess.py:93} INFO - 	at sun.reflect.NativeMethodAccessorImpl.invoke0(Native Method)
[2025-12-02T16:04:31.325+0000] {subprocess.py:93} INFO - 	at sun.reflect.NativeMethodAccessorImpl.invoke(NativeMethodAccessorImpl.java:62)
[2025-12-02T16:04:31.325+0000] {subprocess.py:93} INFO - 	at sun.reflect.DelegatingMethodAccessorImpl.invoke(DelegatingMethodAccessorImpl.java:43)
[2025-12-02T16:04:31.325+0000] {subprocess.py:93} INFO - 	at java.lang.reflect.Method.invoke(Method.java:498)
[2025-12-02T16:04:31.325+0000] {subprocess.py:93} INFO - 	at py4j.reflection.MethodInvoker.invoke(MethodInvoker.java:244)
[2025-12-02T16:04:31.325+0000] {subprocess.py:93} INFO - 	at py4j.reflection.ReflectionEngine.invoke(ReflectionEngine.java:357)
[2025-12-02T16:04:31.326+0000] {subprocess.py:93} INFO - 	at py4j.Gateway.invoke(Gateway.java:282)
[2025-12-02T16:04:31.326+0000] {subprocess.py:93} INFO - 	at py4j.commands.AbstractCommand.invokeMethod(AbstractCommand.java:132)
[2025-12-02T16:04:31.326+0000] {subprocess.py:93} INFO - 	at py4j.commands.CallCommand.execute(CallCommand.java:79)
[2025-12-02T16:04:31.326+0000] {subprocess.py:93} INFO - 	at py4j.ClientServerConnection.waitForCommands(ClientServerConnection.java:182)
[2025-12-02T16:04:31.326+0000] {subprocess.py:93} INFO - 	at py4j.ClientServerConnection.run(ClientServerConnection.java:106)
[2025-12-02T16:04:31.326+0000] {subprocess.py:93} INFO - 	at java.lang.Thread.run(Thread.java:748)
[2025-12-02T16:04:31.326+0000] {subprocess.py:93} INFO - 
[2025-12-02T16:04:31.326+0000] {subprocess.py:93} INFO - 
[2025-12-02T16:04:31.326+0000] {subprocess.py:93} INFO - --- Reading from PG table: gold_dim_weather ---
[2025-12-02T16:04:31.338+0000] {subprocess.py:93} INFO - Error processing table gold_dim_weather: An error occurred while calling o88.load.
[2025-12-02T16:04:31.338+0000] {subprocess.py:93} INFO - : java.lang.ClassNotFoundException: org.postgresql.Driver
[2025-12-02T16:04:31.338+0000] {subprocess.py:93} INFO - 	at java.net.URLClassLoader.findClass(URLClassLoader.java:382)
[2025-12-02T16:04:31.338+0000] {subprocess.py:93} INFO - 	at java.lang.ClassLoader.loadClass(ClassLoader.java:419)
[2025-12-02T16:04:31.338+0000] {subprocess.py:93} INFO - 	at java.lang.ClassLoader.loadClass(ClassLoader.java:352)
[2025-12-02T16:04:31.338+0000] {subprocess.py:93} INFO - 	at org.apache.spark.sql.execution.datasources.jdbc.DriverRegistry$.register(DriverRegistry.scala:46)
[2025-12-02T16:04:31.338+0000] {subprocess.py:93} INFO - 	at org.apache.spark.sql.execution.datasources.jdbc.JDBCOptions.$anonfun$driverClass$1(JDBCOptions.scala:101)
[2025-12-02T16:04:31.338+0000] {subprocess.py:93} INFO - 	at org.apache.spark.sql.execution.datasources.jdbc.JDBCOptions.$anonfun$driverClass$1$adapted(JDBCOptions.scala:101)
[2025-12-02T16:04:31.339+0000] {subprocess.py:93} INFO - 	at scala.Option.foreach(Option.scala:407)
[2025-12-02T16:04:31.339+0000] {subprocess.py:93} INFO - 	at org.apache.spark.sql.execution.datasources.jdbc.JDBCOptions.<init>(JDBCOptions.scala:101)
[2025-12-02T16:04:31.339+0000] {subprocess.py:93} INFO - 	at org.apache.spark.sql.execution.datasources.jdbc.JDBCOptions.<init>(JDBCOptions.scala:39)
[2025-12-02T16:04:31.339+0000] {subprocess.py:93} INFO - 	at org.apache.spark.sql.execution.datasources.jdbc.JdbcRelationProvider.createRelation(JdbcRelationProvider.scala:34)
[2025-12-02T16:04:31.339+0000] {subprocess.py:93} INFO - 	at org.apache.spark.sql.execution.datasources.DataSource.resolveRelation(DataSource.scala:350)
[2025-12-02T16:04:31.339+0000] {subprocess.py:93} INFO - 	at org.apache.spark.sql.DataFrameReader.loadV1Source(DataFrameReader.scala:228)
[2025-12-02T16:04:31.339+0000] {subprocess.py:93} INFO - 	at org.apache.spark.sql.DataFrameReader.$anonfun$load$2(DataFrameReader.scala:210)
[2025-12-02T16:04:31.339+0000] {subprocess.py:93} INFO - 	at scala.Option.getOrElse(Option.scala:189)
[2025-12-02T16:04:31.339+0000] {subprocess.py:93} INFO - 	at org.apache.spark.sql.DataFrameReader.load(DataFrameReader.scala:210)
[2025-12-02T16:04:31.339+0000] {subprocess.py:93} INFO - 	at org.apache.spark.sql.DataFrameReader.load(DataFrameReader.scala:171)
[2025-12-02T16:04:31.339+0000] {subprocess.py:93} INFO - 	at sun.reflect.NativeMethodAccessorImpl.invoke0(Native Method)
[2025-12-02T16:04:31.339+0000] {subprocess.py:93} INFO - 	at sun.reflect.NativeMethodAccessorImpl.invoke(NativeMethodAccessorImpl.java:62)
[2025-12-02T16:04:31.339+0000] {subprocess.py:93} INFO - 	at sun.reflect.DelegatingMethodAccessorImpl.invoke(DelegatingMethodAccessorImpl.java:43)
[2025-12-02T16:04:31.339+0000] {subprocess.py:93} INFO - 	at java.lang.reflect.Method.invoke(Method.java:498)
[2025-12-02T16:04:31.339+0000] {subprocess.py:93} INFO - 	at py4j.reflection.MethodInvoker.invoke(MethodInvoker.java:244)
[2025-12-02T16:04:31.339+0000] {subprocess.py:93} INFO - 	at py4j.reflection.ReflectionEngine.invoke(ReflectionEngine.java:357)
[2025-12-02T16:04:31.339+0000] {subprocess.py:93} INFO - 	at py4j.Gateway.invoke(Gateway.java:282)
[2025-12-02T16:04:31.339+0000] {subprocess.py:93} INFO - 	at py4j.commands.AbstractCommand.invokeMethod(AbstractCommand.java:132)
[2025-12-02T16:04:31.339+0000] {subprocess.py:93} INFO - 	at py4j.commands.CallCommand.execute(CallCommand.java:79)
[2025-12-02T16:04:31.339+0000] {subprocess.py:93} INFO - 	at py4j.ClientServerConnection.waitForCommands(ClientServerConnection.java:182)
[2025-12-02T16:04:31.339+0000] {subprocess.py:93} INFO - 	at py4j.ClientServerConnection.run(ClientServerConnection.java:106)
[2025-12-02T16:04:31.339+0000] {subprocess.py:93} INFO - 	at java.lang.Thread.run(Thread.java:748)
[2025-12-02T16:04:31.340+0000] {subprocess.py:93} INFO - 
[2025-12-02T16:04:31.340+0000] {subprocess.py:93} INFO - 
[2025-12-02T16:04:31.340+0000] {subprocess.py:93} INFO - --- Reading from PG table: gold_fact_booking ---
[2025-12-02T16:04:31.349+0000] {subprocess.py:93} INFO - Error processing table gold_fact_booking: An error occurred while calling o96.load.
[2025-12-02T16:04:31.350+0000] {subprocess.py:93} INFO - : java.lang.ClassNotFoundException: org.postgresql.Driver
[2025-12-02T16:04:31.350+0000] {subprocess.py:93} INFO - 	at java.net.URLClassLoader.findClass(URLClassLoader.java:382)
[2025-12-02T16:04:31.350+0000] {subprocess.py:93} INFO - 	at java.lang.ClassLoader.loadClass(ClassLoader.java:419)
[2025-12-02T16:04:31.350+0000] {subprocess.py:93} INFO - 	at java.lang.ClassLoader.loadClass(ClassLoader.java:352)
[2025-12-02T16:04:31.350+0000] {subprocess.py:93} INFO - 	at org.apache.spark.sql.execution.datasources.jdbc.DriverRegistry$.register(DriverRegistry.scala:46)
[2025-12-02T16:04:31.350+0000] {subprocess.py:93} INFO - 	at org.apache.spark.sql.execution.datasources.jdbc.JDBCOptions.$anonfun$driverClass$1(JDBCOptions.scala:101)
[2025-12-02T16:04:31.350+0000] {subprocess.py:93} INFO - 	at org.apache.spark.sql.execution.datasources.jdbc.JDBCOptions.$anonfun$driverClass$1$adapted(JDBCOptions.scala:101)
[2025-12-02T16:04:31.350+0000] {subprocess.py:93} INFO - 	at scala.Option.foreach(Option.scala:407)
[2025-12-02T16:04:31.351+0000] {subprocess.py:93} INFO - 	at org.apache.spark.sql.execution.datasources.jdbc.JDBCOptions.<init>(JDBCOptions.scala:101)
[2025-12-02T16:04:31.351+0000] {subprocess.py:93} INFO - 	at org.apache.spark.sql.execution.datasources.jdbc.JDBCOptions.<init>(JDBCOptions.scala:39)
[2025-12-02T16:04:31.351+0000] {subprocess.py:93} INFO - 	at org.apache.spark.sql.execution.datasources.jdbc.JdbcRelationProvider.createRelation(JdbcRelationProvider.scala:34)
[2025-12-02T16:04:31.351+0000] {subprocess.py:93} INFO - 	at org.apache.spark.sql.execution.datasources.DataSource.resolveRelation(DataSource.scala:350)
[2025-12-02T16:04:31.351+0000] {subprocess.py:93} INFO - 	at org.apache.spark.sql.DataFrameReader.loadV1Source(DataFrameReader.scala:228)
[2025-12-02T16:04:31.351+0000] {subprocess.py:93} INFO - 	at org.apache.spark.sql.DataFrameReader.$anonfun$load$2(DataFrameReader.scala:210)
[2025-12-02T16:04:31.351+0000] {subprocess.py:93} INFO - 	at scala.Option.getOrElse(Option.scala:189)
[2025-12-02T16:04:31.351+0000] {subprocess.py:93} INFO - 	at org.apache.spark.sql.DataFrameReader.load(DataFrameReader.scala:210)
[2025-12-02T16:04:31.351+0000] {subprocess.py:93} INFO - 	at org.apache.spark.sql.DataFrameReader.load(DataFrameReader.scala:171)
[2025-12-02T16:04:31.352+0000] {subprocess.py:93} INFO - 	at sun.reflect.NativeMethodAccessorImpl.invoke0(Native Method)
[2025-12-02T16:04:31.352+0000] {subprocess.py:93} INFO - 	at sun.reflect.NativeMethodAccessorImpl.invoke(NativeMethodAccessorImpl.java:62)
[2025-12-02T16:04:31.352+0000] {subprocess.py:93} INFO - 	at sun.reflect.DelegatingMethodAccessorImpl.invoke(DelegatingMethodAccessorImpl.java:43)
[2025-12-02T16:04:31.352+0000] {subprocess.py:93} INFO - 	at java.lang.reflect.Method.invoke(Method.java:498)
[2025-12-02T16:04:31.352+0000] {subprocess.py:93} INFO - 	at py4j.reflection.MethodInvoker.invoke(MethodInvoker.java:244)
[2025-12-02T16:04:31.352+0000] {subprocess.py:93} INFO - 	at py4j.reflection.ReflectionEngine.invoke(ReflectionEngine.java:357)
[2025-12-02T16:04:31.352+0000] {subprocess.py:93} INFO - 	at py4j.Gateway.invoke(Gateway.java:282)
[2025-12-02T16:04:31.352+0000] {subprocess.py:93} INFO - 	at py4j.commands.AbstractCommand.invokeMethod(AbstractCommand.java:132)
[2025-12-02T16:04:31.352+0000] {subprocess.py:93} INFO - 	at py4j.commands.CallCommand.execute(CallCommand.java:79)
[2025-12-02T16:04:31.352+0000] {subprocess.py:93} INFO - 	at py4j.ClientServerConnection.waitForCommands(ClientServerConnection.java:182)
[2025-12-02T16:04:31.353+0000] {subprocess.py:93} INFO - 	at py4j.ClientServerConnection.run(ClientServerConnection.java:106)
[2025-12-02T16:04:31.353+0000] {subprocess.py:93} INFO - 	at java.lang.Thread.run(Thread.java:748)
[2025-12-02T16:04:31.353+0000] {subprocess.py:93} INFO - 
[2025-12-02T16:04:31.353+0000] {subprocess.py:93} INFO - 
[2025-12-02T16:04:31.353+0000] {subprocess.py:93} INFO - SHOWING TABLES in Hive:
[2025-12-02T16:04:32.056+0000] {subprocess.py:93} INFO - 25/12/02 16:04:32 INFO CodeGenerator: Code generated in 132.66309 ms
[2025-12-02T16:04:32.124+0000] {subprocess.py:93} INFO - +---------+---------+-----------+
[2025-12-02T16:04:32.125+0000] {subprocess.py:93} INFO - |namespace|tableName|isTemporary|
[2025-12-02T16:04:32.125+0000] {subprocess.py:93} INFO - +---------+---------+-----------+
[2025-12-02T16:04:32.125+0000] {subprocess.py:93} INFO - +---------+---------+-----------+
[2025-12-02T16:04:32.125+0000] {subprocess.py:93} INFO - 
[2025-12-02T16:04:32.213+0000] {subprocess.py:93} INFO - Traceback (most recent call last):
[2025-12-02T16:04:32.214+0000] {subprocess.py:93} INFO -   File "/tmp/spark_drivers/batch.py", line 64, in <module>
[2025-12-02T16:04:32.214+0000] {subprocess.py:93} INFO -     spark.sql("SELECT * FROM dim_flight").show()
[2025-12-02T16:04:32.214+0000] {subprocess.py:93} INFO -   File "/spark/python/lib/pyspark.zip/pyspark/sql/session.py", line 1034, in sql
[2025-12-02T16:04:32.215+0000] {subprocess.py:93} INFO -   File "/spark/python/lib/py4j-0.10.9.5-src.zip/py4j/java_gateway.py", line 1322, in __call__
[2025-12-02T16:04:32.217+0000] {subprocess.py:93} INFO -   File "/spark/python/lib/pyspark.zip/pyspark/sql/utils.py", line 196, in deco
[2025-12-02T16:04:32.220+0000] {subprocess.py:93} INFO - pyspark.sql.utils.AnalysisException: Table or view not found: dim_flight; line 1 pos 14;
[2025-12-02T16:04:32.220+0000] {subprocess.py:93} INFO - 'Project [*]
[2025-12-02T16:04:32.220+0000] {subprocess.py:93} INFO - +- 'UnresolvedRelation [dim_flight], [], false
[2025-12-02T16:04:32.220+0000] {subprocess.py:93} INFO - 
[2025-12-02T16:04:32.246+0000] {subprocess.py:93} INFO - 25/12/02 16:04:32 INFO SparkContext: Invoking stop() from shutdown hook
[2025-12-02T16:04:32.256+0000] {subprocess.py:93} INFO - 25/12/02 16:04:32 INFO SparkUI: Stopped Spark web UI at http://cf8fd005787a:4040
[2025-12-02T16:04:32.260+0000] {subprocess.py:93} INFO - 25/12/02 16:04:32 INFO StandaloneSchedulerBackend: Shutting down all executors
[2025-12-02T16:04:32.260+0000] {subprocess.py:93} INFO - 25/12/02 16:04:32 INFO CoarseGrainedSchedulerBackend$DriverEndpoint: Asking each executor to shut down
[2025-12-02T16:04:32.290+0000] {subprocess.py:93} INFO - 25/12/02 16:04:32 INFO MapOutputTrackerMasterEndpoint: MapOutputTrackerMasterEndpoint stopped!
[2025-12-02T16:04:32.303+0000] {subprocess.py:93} INFO - 25/12/02 16:04:32 INFO MemoryStore: MemoryStore cleared
[2025-12-02T16:04:32.305+0000] {subprocess.py:93} INFO - 25/12/02 16:04:32 INFO BlockManager: BlockManager stopped
[2025-12-02T16:04:32.314+0000] {subprocess.py:93} INFO - 25/12/02 16:04:32 INFO BlockManagerMaster: BlockManagerMaster stopped
[2025-12-02T16:04:32.317+0000] {subprocess.py:93} INFO - 25/12/02 16:04:32 INFO OutputCommitCoordinator$OutputCommitCoordinatorEndpoint: OutputCommitCoordinator stopped!
[2025-12-02T16:04:32.322+0000] {subprocess.py:93} INFO - 25/12/02 16:04:32 INFO SparkContext: Successfully stopped SparkContext
[2025-12-02T16:04:32.322+0000] {subprocess.py:93} INFO - 25/12/02 16:04:32 INFO ShutdownHookManager: Shutdown hook called
[2025-12-02T16:04:32.323+0000] {subprocess.py:93} INFO - 25/12/02 16:04:32 INFO ShutdownHookManager: Deleting directory /tmp/spark-275a301f-7725-4a03-8969-c2ceee48784c/pyspark-62ff54a6-baa4-488e-abb0-ea9851f93e53
[2025-12-02T16:04:32.324+0000] {subprocess.py:93} INFO - 25/12/02 16:04:32 INFO ShutdownHookManager: Deleting directory /tmp/spark-053b9181-d00e-4654-afa5-0affe7eebc71
[2025-12-02T16:04:32.325+0000] {subprocess.py:93} INFO - 25/12/02 16:04:32 INFO ShutdownHookManager: Deleting directory /tmp/spark-275a301f-7725-4a03-8969-c2ceee48784c
[2025-12-02T16:04:32.414+0000] {subprocess.py:97} INFO - Command exited with return code 1
[2025-12-02T16:04:32.422+0000] {taskinstance.py:1937} ERROR - Task failed with exception
Traceback (most recent call last):
  File "/home/airflow/.local/lib/python3.8/site-packages/airflow/operators/bash.py", line 210, in execute
    raise AirflowException(
airflow.exceptions.AirflowException: Bash command failed. The command returned a non-zero exit code 1.
[2025-12-02T16:04:32.439+0000] {taskinstance.py:1400} INFO - Marking task as FAILED. dag_id=flight_etl, task_id=spark_batch_processor, execution_date=20251202T160226, start_date=20251202T160409, end_date=20251202T160432
[2025-12-02T16:04:32.450+0000] {standard_task_runner.py:104} ERROR - Failed to execute job 48 for task spark_batch_processor (Bash command failed. The command returned a non-zero exit code 1.; 566)
[2025-12-02T16:04:32.476+0000] {local_task_job_runner.py:228} INFO - Task exited with return code 1
[2025-12-02T16:04:32.490+0000] {taskinstance.py:2778} INFO - 0 downstream tasks scheduled from follow-on schedule check
