[2025-11-29T16:26:54.557+0000] {taskinstance.py:1159} INFO - Dependencies all met for dep_context=non-requeueable deps ti=<TaskInstance: flight_etl.call_bronze_procedure manual__2025-11-29T16:26:46.172673+00:00 [queued]>
[2025-11-29T16:26:54.563+0000] {taskinstance.py:1159} INFO - Dependencies all met for dep_context=requeueable deps ti=<TaskInstance: flight_etl.call_bronze_procedure manual__2025-11-29T16:26:46.172673+00:00 [queued]>
[2025-11-29T16:26:54.563+0000] {taskinstance.py:1361} INFO - Starting attempt 1 of 1
[2025-11-29T16:26:54.689+0000] {taskinstance.py:1382} INFO - Executing <Task(PythonOperator): call_bronze_procedure> on 2025-11-29 16:26:46.172673+00:00
[2025-11-29T16:26:54.699+0000] {standard_task_runner.py:57} INFO - Started process 99 to run task
[2025-11-29T16:26:54.703+0000] {standard_task_runner.py:84} INFO - Running: ['***', 'tasks', 'run', 'flight_etl', 'call_bronze_procedure', 'manual__2025-11-29T16:26:46.172673+00:00', '--job-id', '11', '--raw', '--subdir', 'DAGS_FOLDER/etl-dag.py', '--cfg-path', '/tmp/tmpch830q1w']
[2025-11-29T16:26:54.706+0000] {standard_task_runner.py:85} INFO - Job 11: Subtask call_bronze_procedure
[2025-11-29T16:26:54.743+0000] {task_command.py:416} INFO - Running <TaskInstance: flight_etl.call_bronze_procedure manual__2025-11-29T16:26:46.172673+00:00 [running]> on host 5931b37b6588
[2025-11-29T16:26:54.806+0000] {taskinstance.py:1662} INFO - Exporting env vars: AIRFLOW_CTX_DAG_OWNER='***' AIRFLOW_CTX_DAG_ID='flight_etl' AIRFLOW_CTX_TASK_ID='call_bronze_procedure' AIRFLOW_CTX_EXECUTION_DATE='2025-11-29T16:26:46.172673+00:00' AIRFLOW_CTX_TRY_NUMBER='1' AIRFLOW_CTX_DAG_RUN_ID='manual__2025-11-29T16:26:46.172673+00:00'
[2025-11-29T16:26:54.807+0000] {crypto.py:82} WARNING - empty cryptography key - values will not be stored encrypted.
[2025-11-29T16:26:54.808+0000] {base.py:73} INFO - Using connection ID 'depi_db' for task execution.
[2025-11-29T16:26:54.814+0000] {logging_mixin.py:154} INFO - Starting bronze procedure execution...
[2025-11-29T16:26:54.818+0000] {logging_mixin.py:154} INFO - Procedure bronze failed: procedure bronze_layer() does not exist
LINE 1: CALL bronze_layer();
             ^
HINT:  No procedure matches the given name and argument types. You might need to add explicit type casts.
[2025-11-29T16:26:54.819+0000] {taskinstance.py:1937} ERROR - Task failed with exception
Traceback (most recent call last):
  File "/home/airflow/.local/lib/python3.8/site-packages/airflow/operators/python.py", line 192, in execute
    return_value = self.execute_callable()
  File "/home/airflow/.local/lib/python3.8/site-packages/airflow/operators/python.py", line 209, in execute_callable
    return self.python_callable(*self.op_args, **self.op_kwargs)
  File "/opt/airflow/dags/etl-dag.py", line 17, in call_procedure
    cursor.execute(f"CALL {procedure_name}_layer();")
psycopg2.errors.UndefinedFunction: procedure bronze_layer() does not exist
LINE 1: CALL bronze_layer();
             ^
HINT:  No procedure matches the given name and argument types. You might need to add explicit type casts.

[2025-11-29T16:26:54.827+0000] {taskinstance.py:1400} INFO - Marking task as FAILED. dag_id=flight_etl, task_id=call_bronze_procedure, execution_date=20251129T162646, start_date=20251129T162654, end_date=20251129T162654
[2025-11-29T16:26:54.843+0000] {standard_task_runner.py:104} ERROR - Failed to execute job 11 for task call_bronze_procedure (procedure bronze_layer() does not exist
LINE 1: CALL bronze_layer();
             ^
HINT:  No procedure matches the given name and argument types. You might need to add explicit type casts.
; 99)
[2025-11-29T16:26:54.874+0000] {local_task_job_runner.py:228} INFO - Task exited with return code 1
[2025-11-29T16:26:54.892+0000] {taskinstance.py:2778} INFO - 0 downstream tasks scheduled from follow-on schedule check
