[2025-12-11T01:28:03.643+0000] {taskinstance.py:1159} INFO - Dependencies all met for dep_context=non-requeueable deps ti=<TaskInstance: flight_etl.python_etl_pipeline manual__2025-12-11T01:27:59.842067+00:00 [queued]>
[2025-12-11T01:28:03.649+0000] {taskinstance.py:1159} INFO - Dependencies all met for dep_context=requeueable deps ti=<TaskInstance: flight_etl.python_etl_pipeline manual__2025-12-11T01:27:59.842067+00:00 [queued]>
[2025-12-11T01:28:03.650+0000] {taskinstance.py:1361} INFO - Starting attempt 1 of 1
[2025-12-11T01:28:03.660+0000] {taskinstance.py:1382} INFO - Executing <Task(BashOperator): python_etl_pipeline> on 2025-12-11 01:27:59.842067+00:00
[2025-12-11T01:28:03.665+0000] {standard_task_runner.py:57} INFO - Started process 982 to run task
[2025-12-11T01:28:03.668+0000] {standard_task_runner.py:84} INFO - Running: ['***', 'tasks', 'run', 'flight_etl', 'python_etl_pipeline', 'manual__2025-12-11T01:27:59.842067+00:00', '--job-id', '204', '--raw', '--subdir', 'DAGS_FOLDER/etl-dag.py', '--cfg-path', '/tmp/tmpwsyu5ps4']
[2025-12-11T01:28:03.670+0000] {standard_task_runner.py:85} INFO - Job 204: Subtask python_etl_pipeline
[2025-12-11T01:28:03.701+0000] {task_command.py:416} INFO - Running <TaskInstance: flight_etl.python_etl_pipeline manual__2025-12-11T01:27:59.842067+00:00 [running]> on host 8115e33213ed
[2025-12-11T01:28:03.756+0000] {taskinstance.py:1662} INFO - Exporting env vars: AIRFLOW_CTX_DAG_OWNER='***' AIRFLOW_CTX_DAG_ID='flight_etl' AIRFLOW_CTX_TASK_ID='python_etl_pipeline' AIRFLOW_CTX_EXECUTION_DATE='2025-12-11T01:27:59.842067+00:00' AIRFLOW_CTX_TRY_NUMBER='1' AIRFLOW_CTX_DAG_RUN_ID='manual__2025-12-11T01:27:59.842067+00:00'
[2025-12-11T01:28:03.757+0000] {subprocess.py:63} INFO - Tmp dir root location: /tmp
[2025-12-11T01:28:03.757+0000] {subprocess.py:75} INFO - Running command: ['/bin/bash', '-c', '\n        echo "Starting ETL pipeline execution..." &&         cd /opt/***/etl_scripts &&         echo "Current directory is: $(pwd)" &&         echo "Installing requirements..." &&         /usr/local/bin/pip install --ignore-installed -r requirements.txt &&         rm -rf ~/.kaggle/kagglehub/datasets/usdot/flight-delays/\n        echo "Starting main.py script..." &&         python main.py\n    ']
[2025-12-11T01:28:03.768+0000] {subprocess.py:86} INFO - Output:
[2025-12-11T01:28:03.769+0000] {subprocess.py:93} INFO - Starting ETL pipeline execution...
[2025-12-11T01:28:03.770+0000] {subprocess.py:93} INFO - Current directory is: /opt/***/etl_scripts
[2025-12-11T01:28:03.770+0000] {subprocess.py:93} INFO - Installing requirements...
[2025-12-11T01:28:04.690+0000] {subprocess.py:93} INFO - Collecting certifi==2025.8.3
[2025-12-11T01:28:04.700+0000] {subprocess.py:93} INFO -   Using cached certifi-2025.8.3-py3-none-any.whl (161 kB)
[2025-12-11T01:28:04.897+0000] {subprocess.py:93} INFO - Collecting charset-normalizer==3.4.3
[2025-12-11T01:28:04.900+0000] {subprocess.py:93} INFO -   Using cached charset_normalizer-3.4.3-cp38-cp38-manylinux2014_x86_64.manylinux_2_17_x86_64.manylinux_2_28_x86_64.whl (147 kB)
[2025-12-11T01:28:05.194+0000] {subprocess.py:93} INFO - Collecting Faker==35.2.2
[2025-12-11T01:28:05.201+0000] {subprocess.py:93} INFO -   Using cached Faker-35.2.2-py3-none-any.whl (1.9 MB)
[2025-12-11T01:28:05.481+0000] {subprocess.py:93} INFO - Collecting greenlet==2.0.2
[2025-12-11T01:28:05.495+0000] {subprocess.py:93} INFO -   Using cached greenlet-2.0.2-cp38-cp38-manylinux_2_17_x86_64.manylinux2014_x86_64.whl (618 kB)
[2025-12-11T01:28:05.588+0000] {subprocess.py:93} INFO - Collecting idna==3.10
[2025-12-11T01:28:05.599+0000] {subprocess.py:93} INFO -   Using cached idna-3.10-py3-none-any.whl (70 kB)
[2025-12-11T01:28:05.715+0000] {subprocess.py:93} INFO - Collecting joblib==1.3.2
[2025-12-11T01:28:05.898+0000] {subprocess.py:93} INFO -   Downloading joblib-1.3.2-py3-none-any.whl (302 kB)
[2025-12-11T01:28:06.100+0000] {subprocess.py:93} INFO -      ━━━━━━━━━━━━━━━━━━━━━━━━━━━━━━━━━━━━━━━ 302.2/302.2 kB 1.5 MB/s eta 0:00:00
[2025-12-11T01:28:06.184+0000] {subprocess.py:93} INFO - Collecting kagglehub==0.2.9
[2025-12-11T01:28:06.185+0000] {subprocess.py:93} INFO -   Using cached kagglehub-0.2.9-py3-none-any.whl (39 kB)
[2025-12-11T01:28:06.573+0000] {subprocess.py:93} INFO - Collecting numpy==1.24.4
[2025-12-11T01:28:06.633+0000] {subprocess.py:93} INFO -   Using cached numpy-1.24.4-cp38-cp38-manylinux_2_17_x86_64.manylinux2014_x86_64.whl (17.3 MB)
[2025-12-11T01:28:06.762+0000] {subprocess.py:93} INFO - Collecting packaging==25.0
[2025-12-11T01:28:06.777+0000] {subprocess.py:93} INFO -   Using cached packaging-25.0-py3-none-any.whl (66 kB)
[2025-12-11T01:28:07.042+0000] {subprocess.py:93} INFO - Collecting pandas==1.5.3
[2025-12-11T01:28:07.079+0000] {subprocess.py:93} INFO -   Using cached pandas-1.5.3-cp38-cp38-manylinux_2_17_x86_64.manylinux2014_x86_64.whl (12.2 MB)
[2025-12-11T01:28:07.284+0000] {subprocess.py:93} INFO - Collecting psycopg2-binary==2.9.10
[2025-12-11T01:28:07.300+0000] {subprocess.py:93} INFO -   Using cached psycopg2_binary-2.9.10-cp38-cp38-manylinux_2_17_x86_64.manylinux2014_x86_64.whl (3.0 MB)
[2025-12-11T01:28:07.393+0000] {subprocess.py:93} INFO - Collecting python-dateutil==2.9.0.post0
[2025-12-11T01:28:07.400+0000] {subprocess.py:93} INFO -   Using cached python_dateutil-2.9.0.post0-py2.py3-none-any.whl (229 kB)
[2025-12-11T01:28:07.554+0000] {subprocess.py:93} INFO - Collecting pytz==2025.2
[2025-12-11T01:28:07.566+0000] {subprocess.py:93} INFO -   Using cached pytz-2025.2-py2.py3-none-any.whl (509 kB)
[2025-12-11T01:28:07.695+0000] {subprocess.py:93} INFO - Collecting PyYAML==6.0.2
[2025-12-11T01:28:07.698+0000] {subprocess.py:93} INFO -   Using cached PyYAML-6.0.2-cp38-cp38-manylinux_2_17_x86_64.manylinux2014_x86_64.whl (746 kB)
[2025-12-11T01:28:07.788+0000] {subprocess.py:93} INFO - Collecting requests==2.32.4
[2025-12-11T01:28:07.793+0000] {subprocess.py:93} INFO -   Using cached requests-2.32.4-py3-none-any.whl (64 kB)
[2025-12-11T01:28:08.096+0000] {subprocess.py:93} INFO - Collecting scikit-learn==1.3.2
[2025-12-11T01:28:08.153+0000] {subprocess.py:93} INFO -   Downloading scikit_learn-1.3.2-cp38-cp38-manylinux_2_17_x86_64.manylinux2014_x86_64.whl (11.1 MB)
[2025-12-11T01:28:13.107+0000] {subprocess.py:93} INFO -      ━━━━━━━━━━━━━━━━━━━━━━━━━━━━━━━━━━━━━━━━ 11.1/11.1 MB 2.2 MB/s eta 0:00:00
[2025-12-11T01:28:13.218+0000] {subprocess.py:93} INFO - Collecting six==1.17.0
[2025-12-11T01:28:13.220+0000] {subprocess.py:93} INFO -   Using cached six-1.17.0-py2.py3-none-any.whl (11 kB)
[2025-12-11T01:28:13.770+0000] {subprocess.py:93} INFO - Collecting SQLAlchemy==2.0.43
[2025-12-11T01:28:13.776+0000] {subprocess.py:93} INFO -   Using cached sqlalchemy-2.0.43-cp38-cp38-manylinux_2_17_x86_64.manylinux2014_x86_64.whl (3.2 MB)
[2025-12-11T01:28:13.871+0000] {subprocess.py:93} INFO - Collecting threadpoolctl==3.3.0
[2025-12-11T01:28:13.928+0000] {subprocess.py:93} INFO -   Downloading threadpoolctl-3.3.0-py3-none-any.whl (17 kB)
[2025-12-11T01:28:14.094+0000] {subprocess.py:93} INFO - Collecting tqdm==4.67.1
[2025-12-11T01:28:14.106+0000] {subprocess.py:93} INFO -   Using cached tqdm-4.67.1-py3-none-any.whl (78 kB)
[2025-12-11T01:28:14.195+0000] {subprocess.py:93} INFO - Collecting typing_extensions==4.13.2
[2025-12-11T01:28:14.210+0000] {subprocess.py:93} INFO -   Using cached typing_extensions-4.13.2-py3-none-any.whl (45 kB)
[2025-12-11T01:28:14.288+0000] {subprocess.py:93} INFO - Collecting tzdata==2025.2
[2025-12-11T01:28:14.290+0000] {subprocess.py:93} INFO -   Using cached tzdata-2025.2-py2.py3-none-any.whl (347 kB)
[2025-12-11T01:28:14.425+0000] {subprocess.py:93} INFO - Collecting urllib3==2.2.3
[2025-12-11T01:28:14.437+0000] {subprocess.py:93} INFO -   Using cached urllib3-2.2.3-py3-none-any.whl (126 kB)
[2025-12-11T01:28:14.916+0000] {subprocess.py:93} INFO - Collecting scipy>=1.5.0
[2025-12-11T01:28:14.973+0000] {subprocess.py:93} INFO -   Downloading scipy-1.10.1-cp38-cp38-manylinux_2_17_x86_64.manylinux2014_x86_64.whl (34.5 MB)
[2025-12-11T01:28:28.125+0000] {subprocess.py:93} INFO -      ━━━━━━━━━━━━━━━━━━━━━━━━━━━━━━━━━━━━━━━━ 34.5/34.5 MB 3.4 MB/s eta 0:00:00
[2025-12-11T01:28:32.772+0000] {subprocess.py:93} INFO - Installing collected packages: pytz, urllib3, tzdata, typing_extensions, tqdm, threadpoolctl, six, PyYAML, psycopg2-binary, packaging, numpy, joblib, idna, greenlet, charset-normalizer, certifi, SQLAlchemy, scipy, requests, python-dateutil, scikit-learn, pandas, kagglehub, Faker
[2025-12-11T01:28:45.082+0000] {subprocess.py:93} INFO - ERROR: pip's dependency resolver does not currently take into account all the packages that are installed. This behaviour is the source of the following dependency conflicts.
[2025-12-11T01:28:45.083+0000] {subprocess.py:93} INFO - sqlalchemy-redshift 0.8.14 requires SQLAlchemy<2.0.0,>=0.9.2, but you have sqlalchemy 2.0.43 which is incompatible.
[2025-12-11T01:28:45.083+0000] {subprocess.py:93} INFO - sqlalchemy-bigquery 1.8.0 requires sqlalchemy<2.0.0dev,>=1.2.0, but you have sqlalchemy 2.0.43 which is incompatible.
[2025-12-11T01:28:45.083+0000] {subprocess.py:93} INFO - snowflake-sqlalchemy 1.5.0 requires sqlalchemy<2.0.0,>=1.4.0, but you have sqlalchemy 2.0.43 which is incompatible.
[2025-12-11T01:28:45.083+0000] {subprocess.py:93} INFO - snowflake-connector-python 3.3.1 requires urllib3<1.27,>=1.21.1, but you have urllib3 2.2.3 which is incompatible.
[2025-12-11T01:28:45.083+0000] {subprocess.py:93} INFO - limits 3.6.0 requires packaging<24,>=21, but you have packaging 25.0 which is incompatible.
[2025-12-11T01:28:45.083+0000] {subprocess.py:93} INFO - flask-appbuilder 4.3.6 requires SQLAlchemy<1.5, but you have sqlalchemy 2.0.43 which is incompatible.
[2025-12-11T01:28:45.083+0000] {subprocess.py:93} INFO - botocore 1.31.64 requires urllib3<1.27,>=1.25.4; python_version < "3.10", but you have urllib3 2.2.3 which is incompatible.
[2025-12-11T01:28:45.083+0000] {subprocess.py:93} INFO - apache-*** 2.7.3 requires sqlalchemy<2.0,>=1.4.28, but you have sqlalchemy 2.0.43 which is incompatible.
[2025-12-11T01:28:45.083+0000] {subprocess.py:93} INFO - Successfully installed Faker-35.2.2 PyYAML-6.0.2 SQLAlchemy-2.0.43 certifi-2025.8.3 charset-normalizer-3.4.3 greenlet-2.0.2 idna-3.10 joblib-1.3.2 kagglehub-0.2.9 numpy-1.24.4 packaging-25.0 pandas-1.5.3 psycopg2-binary-2.9.10 python-dateutil-2.9.0.post0 pytz-2025.2 requests-2.32.4 scikit-learn-1.3.2 scipy-1.10.1 six-1.17.0 threadpoolctl-3.3.0 tqdm-4.67.1 typing_extensions-4.13.2 tzdata-2025.2 urllib3-2.2.3
[2025-12-11T01:28:45.083+0000] {subprocess.py:93} INFO - WARNING: Running pip as the 'root' user can result in broken permissions and conflicting behaviour with the system package manager. It is recommended to use a virtual environment instead: https://pip.pypa.io/warnings/venv
[2025-12-11T01:28:45.089+0000] {subprocess.py:93} INFO - 
[2025-12-11T01:28:45.089+0000] {subprocess.py:93} INFO - [notice] A new release of pip is available: 23.0.1 -> 25.0.1
[2025-12-11T01:28:45.089+0000] {subprocess.py:93} INFO - [notice] To update, run: pip3 install --upgrade pip
[2025-12-11T01:28:45.402+0000] {subprocess.py:93} INFO - Starting main.py script...
[2025-12-11T01:28:46.739+0000] {subprocess.py:93} INFO - All tables truncated successfully
[2025-12-11T01:28:46.740+0000] {subprocess.py:93} INFO - Warning: Looks like you're using an outdated `kagglehub` version, please consider updating (latest version: 0.3.13)
[2025-12-11T01:30:05.294+0000] {subprocess.py:93} INFO - Exception in thread Thread-7:
[2025-12-11T01:30:05.295+0000] {subprocess.py:93} INFO - Traceback (most recent call last):
[2025-12-11T01:30:05.295+0000] {subprocess.py:93} INFO -   File "/usr/local/lib/python3.8/threading.py", line 932, in _bootstrap_inner
[2025-12-11T01:30:05.295+0000] {subprocess.py:93} INFO -     self.run()
[2025-12-11T01:30:05.295+0000] {subprocess.py:93} INFO -   File "/usr/local/lib/python3.8/threading.py", line 870, in run
[2025-12-11T01:30:05.295+0000] {subprocess.py:93} INFO -     self._target(*self._args, **self._kwargs)
[2025-12-11T01:30:05.295+0000] {subprocess.py:93} INFO -   File "/opt/***/etl_scripts/bronze_layer_workflows.py", line 209, in create_weather
[2025-12-11T01:30:05.295+0000] {subprocess.py:93} INFO -     calender_date =date[1]
[2025-12-11T01:30:05.295+0000] {subprocess.py:93} INFO - TypeError: 'NoneType' object is not subscriptable
[2025-12-11T01:30:05.295+0000] {subprocess.py:93} INFO - /root/.cache/kagglehub/datasets/usdot/flight-delays/versions/1
[2025-12-11T01:30:05.295+0000] {subprocess.py:93} INFO - AIRPORT_THREAD_STARTED
[2025-12-11T01:30:05.296+0000] {subprocess.py:93} INFO - FLIGHT_THREAD_STARTED
[2025-12-11T01:30:05.296+0000] {subprocess.py:93} INFO - FLIGHT:FLIGHT_SUB_THREAD_HAS_STARTED
[2025-12-11T01:30:05.296+0000] {subprocess.py:93} INFO - FLIGHT:AIRELINE_SUB_THREAD_HAS_STARTED
[2025-12-11T01:30:05.296+0000] {subprocess.py:93} INFO - FLIGHT:AIRLINE_SUB_THREAD_HAS_FINISHED
[2025-12-11T01:30:05.296+0000] {subprocess.py:93} INFO - Chunk 1 written to 'bronze_dim_airport'
[2025-12-11T01:30:05.296+0000] {subprocess.py:93} INFO - Completed writing bronze_dim_airport
[2025-12-11T01:30:05.296+0000] {subprocess.py:93} INFO - FLIGHT:FLIGHT_SUB_THREAD_HAS_FINISHED
[2025-12-11T01:30:05.296+0000] {subprocess.py:93} INFO -       month  day  ...  iata_code                  carrier_name
[2025-12-11T01:30:05.296+0000] {subprocess.py:93} INFO - 0         1    1  ...         AS          Alaska Airlines Inc.
[2025-12-11T01:30:05.296+0000] {subprocess.py:93} INFO - 1         1    1  ...         AA        American Airlines Inc.
[2025-12-11T01:30:05.296+0000] {subprocess.py:93} INFO - 2         1    1  ...         US               US Airways Inc.
[2025-12-11T01:30:05.296+0000] {subprocess.py:93} INFO - 3         1    1  ...         AA        American Airlines Inc.
[2025-12-11T01:30:05.297+0000] {subprocess.py:93} INFO - 4         1    1  ...         AS          Alaska Airlines Inc.
[2025-12-11T01:30:05.297+0000] {subprocess.py:93} INFO - ...     ...  ...  ...        ...                           ...
[2025-12-11T01:30:05.297+0000] {subprocess.py:93} INFO - 9995      1    1  ...         HA        Hawaiian Airlines Inc.
[2025-12-11T01:30:05.297+0000] {subprocess.py:93} INFO - 9996      1    1  ...         MQ  American Eagle Airlines Inc.
[2025-12-11T01:30:05.297+0000] {subprocess.py:93} INFO - 9997      1    1  ...         MQ  American Eagle Airlines Inc.
[2025-12-11T01:30:05.297+0000] {subprocess.py:93} INFO - 9998      1    1  ...         MQ  American Eagle Airlines Inc.
[2025-12-11T01:30:05.297+0000] {subprocess.py:93} INFO - 9999      1    1  ...         MQ  American Eagle Airlines Inc.
[2025-12-11T01:30:05.297+0000] {subprocess.py:93} INFO - 
[2025-12-11T01:30:05.297+0000] {subprocess.py:93} INFO - [10000 rows x 32 columns]
[2025-12-11T01:30:05.297+0000] {subprocess.py:93} INFO - Chunk 1 written to 'bronze_dim_flight'
[2025-12-11T01:30:05.297+0000] {subprocess.py:93} INFO - Completed writing bronze_dim_flight
[2025-12-11T01:30:05.297+0000] {subprocess.py:93} INFO - FLIGHT_THREAD_FINISHED
[2025-12-11T01:30:05.297+0000] {subprocess.py:93} INFO - PASSENGER_THREAD_STARTED
[2025-12-11T01:30:05.298+0000] {subprocess.py:93} INFO - PAYMENT_THREAD_STARTED
[2025-12-11T01:30:05.298+0000] {subprocess.py:93} INFO - TICKET_THREAD_STARTED
[2025-12-11T01:30:05.298+0000] {subprocess.py:93} INFO - BOOKING_THREAD_STARTED
[2025-12-11T01:30:05.298+0000] {subprocess.py:93} INFO - AIRPORT_THREAD_FINISHED
[2025-12-11T01:30:05.298+0000] {subprocess.py:93} INFO - PASSENGER: Progress: 0/1000
[2025-12-11T01:30:05.298+0000] {subprocess.py:93} INFO - PAYMENT: Progress: 0/1000
[2025-12-11T01:30:05.298+0000] {subprocess.py:93} INFO - PAYMENT: Progress: 100/1000
[2025-12-11T01:30:05.298+0000] {subprocess.py:93} INFO - PASSENGER: Progress: 100/1000
[2025-12-11T01:30:05.298+0000] {subprocess.py:93} INFO - PASSENGER: Progress: 200/1000
[2025-12-11T01:30:05.298+0000] {subprocess.py:93} INFO - PAYMENT: Progress: 200/1000
[2025-12-11T01:30:05.298+0000] {subprocess.py:93} INFO - PAYMENT: Progress: 300/1000
[2025-12-11T01:30:05.298+0000] {subprocess.py:93} INFO - PASSENGER: Progress: 300/1000
[2025-12-11T01:30:05.298+0000] {subprocess.py:93} INFO - PASSENGER: Progress: 400/1000
[2025-12-11T01:30:05.299+0000] {subprocess.py:93} INFO - PAYMENT: Progress: 400/1000
[2025-12-11T01:30:05.299+0000] {subprocess.py:93} INFO - PASSENGER: Progress: 500/1000
[2025-12-11T01:30:05.299+0000] {subprocess.py:93} INFO - PAYMENT: Progress: 500/1000
[2025-12-11T01:30:05.299+0000] {subprocess.py:93} INFO - PASSENGER: Progress: 600/1000
[2025-12-11T01:30:05.299+0000] {subprocess.py:93} INFO - PAYMENT: Progress: 600/1000
[2025-12-11T01:30:05.299+0000] {subprocess.py:93} INFO - PASSENGER: Progress: 700/1000
[2025-12-11T01:30:05.299+0000] {subprocess.py:93} INFO - PAYMENT: Progress: 700/1000
[2025-12-11T01:30:05.299+0000] {subprocess.py:93} INFO - PASSENGER: Progress: 800/1000
[2025-12-11T01:30:05.299+0000] {subprocess.py:93} INFO - PAYMENT: Progress: 800/1000
[2025-12-11T01:30:05.299+0000] {subprocess.py:93} INFO - PAYMENT: Progress: 900/1000
[2025-12-11T01:30:05.299+0000] {subprocess.py:93} INFO - PASSENGER: Progress: 900/1000
[2025-12-11T01:30:05.299+0000] {subprocess.py:93} INFO - PASSENGER_THREAD_FINISHED
[2025-12-11T01:30:05.299+0000] {subprocess.py:93} INFO - PAYMENT_THREAD_FINISHED
[2025-12-11T01:30:05.300+0000] {subprocess.py:93} INFO - TICKET_THREAD_FINISHED
[2025-12-11T01:30:05.300+0000] {subprocess.py:93} INFO - BOOKING_THREAD_FINISHED
[2025-12-11T01:30:05.300+0000] {subprocess.py:93} INFO - DATE_THREAD_STARTED
[2025-12-11T01:30:05.300+0000] {subprocess.py:93} INFO - DATE_THREAD_FINISHED
[2025-12-11T01:30:05.300+0000] {subprocess.py:93} INFO - WEATHER_THREAD_STARTED
[2025-12-11T01:30:05.300+0000] {subprocess.py:93} INFO - WEATHER_THREAD_FINISHED
[2025-12-11T01:30:05.423+0000] {subprocess.py:97} INFO - Command exited with return code 0
[2025-12-11T01:30:05.525+0000] {taskinstance.py:1400} INFO - Marking task as SUCCESS. dag_id=flight_etl, task_id=python_etl_pipeline, execution_date=20251211T012759, start_date=20251211T012803, end_date=20251211T013005
[2025-12-11T01:30:05.602+0000] {local_task_job_runner.py:228} INFO - Task exited with return code 0
[2025-12-11T01:30:05.625+0000] {taskinstance.py:2778} INFO - 1 downstream tasks scheduled from follow-on schedule check
