[2025-11-30T00:59:41.553+0000] {taskinstance.py:1159} INFO - Dependencies all met for dep_context=non-requeueable deps ti=<TaskInstance: flight_etl.spark_batch_processor manual__2025-11-30T00:57:58.666757+00:00 [queued]>
[2025-11-30T00:59:41.561+0000] {taskinstance.py:1159} INFO - Dependencies all met for dep_context=requeueable deps ti=<TaskInstance: flight_etl.spark_batch_processor manual__2025-11-30T00:57:58.666757+00:00 [queued]>
[2025-11-30T00:59:41.561+0000] {taskinstance.py:1361} INFO - Starting attempt 1 of 1
[2025-11-30T00:59:41.572+0000] {taskinstance.py:1382} INFO - Executing <Task(BashOperator): spark_batch_processor> on 2025-11-30 00:57:58.666757+00:00
[2025-11-30T00:59:41.578+0000] {standard_task_runner.py:57} INFO - Started process 1665 to run task
[2025-11-30T00:59:41.580+0000] {standard_task_runner.py:84} INFO - Running: ['***', 'tasks', 'run', 'flight_etl', 'spark_batch_processor', 'manual__2025-11-30T00:57:58.666757+00:00', '--job-id', '458', '--raw', '--subdir', 'DAGS_FOLDER/etl-dag.py', '--cfg-path', '/tmp/tmpb6whjvbb']
[2025-11-30T00:59:41.582+0000] {standard_task_runner.py:85} INFO - Job 458: Subtask spark_batch_processor
[2025-11-30T00:59:41.616+0000] {task_command.py:416} INFO - Running <TaskInstance: flight_etl.spark_batch_processor manual__2025-11-30T00:57:58.666757+00:00 [running]> on host 45304bb2c878
[2025-11-30T00:59:41.680+0000] {taskinstance.py:1662} INFO - Exporting env vars: AIRFLOW_CTX_DAG_OWNER='***' AIRFLOW_CTX_DAG_ID='flight_etl' AIRFLOW_CTX_TASK_ID='spark_batch_processor' AIRFLOW_CTX_EXECUTION_DATE='2025-11-30T00:57:58.666757+00:00' AIRFLOW_CTX_TRY_NUMBER='1' AIRFLOW_CTX_DAG_RUN_ID='manual__2025-11-30T00:57:58.666757+00:00'
[2025-11-30T00:59:41.682+0000] {subprocess.py:63} INFO - Tmp dir root location: /tmp
[2025-11-30T00:59:41.682+0000] {subprocess.py:75} INFO - Running command: ['/bin/bash', '-c', '\ndocker exec spark-master /spark/bin/spark-submit --master spark://spark-master:7077 --jars file:///tmp/spark_drivers/postgresql-42.7.7.jar --conf spark.pyspark.python=/usr/bin/python3 /tmp/spark_drivers/batch.py']
[2025-11-30T00:59:41.693+0000] {subprocess.py:86} INFO - Output:
[2025-11-30T00:59:44.125+0000] {subprocess.py:93} INFO - 25/11/30 00:59:44 WARN NativeCodeLoader: Unable to load native-hadoop library for your platform... using builtin-java classes where applicable
[2025-11-30T00:59:44.706+0000] {subprocess.py:93} INFO - 25/11/30 00:59:44 INFO SparkContext: Running Spark version 3.3.0
[2025-11-30T00:59:44.735+0000] {subprocess.py:93} INFO - 25/11/30 00:59:44 INFO ResourceUtils: ==============================================================
[2025-11-30T00:59:44.735+0000] {subprocess.py:93} INFO - 25/11/30 00:59:44 INFO ResourceUtils: No custom resources configured for spark.driver.
[2025-11-30T00:59:44.736+0000] {subprocess.py:93} INFO - 25/11/30 00:59:44 INFO ResourceUtils: ==============================================================
[2025-11-30T00:59:44.736+0000] {subprocess.py:93} INFO - 25/11/30 00:59:44 INFO SparkContext: Submitted application: postgres-to-hive
[2025-11-30T00:59:44.756+0000] {subprocess.py:93} INFO - 25/11/30 00:59:44 INFO ResourceProfile: Default ResourceProfile created, executor resources: Map(cores -> name: cores, amount: 1, script: , vendor: , memory -> name: memory, amount: 1024, script: , vendor: , offHeap -> name: offHeap, amount: 0, script: , vendor: ), task resources: Map(cpus -> name: cpus, amount: 1.0)
[2025-11-30T00:59:44.769+0000] {subprocess.py:93} INFO - 25/11/30 00:59:44 INFO ResourceProfile: Limiting resource is cpu
[2025-11-30T00:59:44.769+0000] {subprocess.py:93} INFO - 25/11/30 00:59:44 INFO ResourceProfileManager: Added ResourceProfile id: 0
[2025-11-30T00:59:44.841+0000] {subprocess.py:93} INFO - 25/11/30 00:59:44 INFO SecurityManager: Changing view acls to: root
[2025-11-30T00:59:44.841+0000] {subprocess.py:93} INFO - 25/11/30 00:59:44 INFO SecurityManager: Changing modify acls to: root
[2025-11-30T00:59:44.842+0000] {subprocess.py:93} INFO - 25/11/30 00:59:44 INFO SecurityManager: Changing view acls groups to:
[2025-11-30T00:59:44.842+0000] {subprocess.py:93} INFO - 25/11/30 00:59:44 INFO SecurityManager: Changing modify acls groups to:
[2025-11-30T00:59:44.842+0000] {subprocess.py:93} INFO - 25/11/30 00:59:44 INFO SecurityManager: SecurityManager: authentication disabled; ui acls disabled; users  with view permissions: Set(root); groups with view permissions: Set(); users  with modify permissions: Set(root); groups with modify permissions: Set()
[2025-11-30T00:59:45.312+0000] {subprocess.py:93} INFO - 25/11/30 00:59:45 INFO Utils: Successfully started service 'sparkDriver' on port 44989.
[2025-11-30T00:59:45.354+0000] {subprocess.py:93} INFO - 25/11/30 00:59:45 INFO SparkEnv: Registering MapOutputTracker
[2025-11-30T00:59:45.386+0000] {subprocess.py:93} INFO - 25/11/30 00:59:45 INFO SparkEnv: Registering BlockManagerMaster
[2025-11-30T00:59:45.410+0000] {subprocess.py:93} INFO - 25/11/30 00:59:45 INFO BlockManagerMasterEndpoint: Using org.apache.spark.storage.DefaultTopologyMapper for getting topology information
[2025-11-30T00:59:45.410+0000] {subprocess.py:93} INFO - 25/11/30 00:59:45 INFO BlockManagerMasterEndpoint: BlockManagerMasterEndpoint up
[2025-11-30T00:59:45.414+0000] {subprocess.py:93} INFO - 25/11/30 00:59:45 INFO SparkEnv: Registering BlockManagerMasterHeartbeat
[2025-11-30T00:59:45.439+0000] {subprocess.py:93} INFO - 25/11/30 00:59:45 INFO DiskBlockManager: Created local directory at /tmp/blockmgr-409fc70e-e64e-421c-a5c1-3eeb7b2cdb3e
[2025-11-30T00:59:45.458+0000] {subprocess.py:93} INFO - 25/11/30 00:59:45 INFO MemoryStore: MemoryStore started with capacity 366.3 MiB
[2025-11-30T00:59:45.471+0000] {subprocess.py:93} INFO - 25/11/30 00:59:45 INFO SparkEnv: Registering OutputCommitCoordinator
[2025-11-30T00:59:45.843+0000] {subprocess.py:93} INFO - 25/11/30 00:59:45 INFO Utils: Successfully started service 'SparkUI' on port 4040.
[2025-11-30T00:59:45.953+0000] {subprocess.py:93} INFO - 25/11/30 00:59:45 INFO StandaloneAppClient$ClientEndpoint: Connecting to master spark://spark-master:7077...
[2025-11-30T00:59:45.994+0000] {subprocess.py:93} INFO - 25/11/30 00:59:45 INFO TransportClientFactory: Successfully created connection to spark-master/172.19.0.11:7077 after 24 ms (0 ms spent in bootstraps)
[2025-11-30T00:59:46.067+0000] {subprocess.py:93} INFO - 25/11/30 00:59:46 INFO StandaloneSchedulerBackend: Connected to Spark cluster with app ID app-20251130005946-0001
[2025-11-30T00:59:46.069+0000] {subprocess.py:93} INFO - 25/11/30 00:59:46 INFO StandaloneAppClient$ClientEndpoint: Executor added: app-20251130005946-0001/0 on worker-20251130003745-172.19.0.16-40845 (172.19.0.16:40845) with 20 core(s)
[2025-11-30T00:59:46.071+0000] {subprocess.py:93} INFO - 25/11/30 00:59:46 INFO StandaloneSchedulerBackend: Granted executor ID app-20251130005946-0001/0 on hostPort 172.19.0.16:40845 with 20 core(s), 1024.0 MiB RAM
[2025-11-30T00:59:46.071+0000] {subprocess.py:93} INFO - 25/11/30 00:59:46 INFO StandaloneAppClient$ClientEndpoint: Executor added: app-20251130005946-0001/1 on worker-20251130003745-172.19.0.15-44503 (172.19.0.15:44503) with 20 core(s)
[2025-11-30T00:59:46.072+0000] {subprocess.py:93} INFO - 25/11/30 00:59:46 INFO StandaloneSchedulerBackend: Granted executor ID app-20251130005946-0001/1 on hostPort 172.19.0.15:44503 with 20 core(s), 1024.0 MiB RAM
[2025-11-30T00:59:46.072+0000] {subprocess.py:93} INFO - 25/11/30 00:59:46 INFO Utils: Successfully started service 'org.apache.spark.network.netty.NettyBlockTransferService' on port 37143.
[2025-11-30T00:59:46.072+0000] {subprocess.py:93} INFO - 25/11/30 00:59:46 INFO NettyBlockTransferService: Server created on 3e067e6dd517:37143
[2025-11-30T00:59:46.074+0000] {subprocess.py:93} INFO - 25/11/30 00:59:46 INFO BlockManager: Using org.apache.spark.storage.RandomBlockReplicationPolicy for block replication policy
[2025-11-30T00:59:46.081+0000] {subprocess.py:93} INFO - 25/11/30 00:59:46 INFO BlockManagerMaster: Registering BlockManager BlockManagerId(driver, 3e067e6dd517, 37143, None)
[2025-11-30T00:59:46.084+0000] {subprocess.py:93} INFO - 25/11/30 00:59:46 INFO BlockManagerMasterEndpoint: Registering block manager 3e067e6dd517:37143 with 366.3 MiB RAM, BlockManagerId(driver, 3e067e6dd517, 37143, None)
[2025-11-30T00:59:46.087+0000] {subprocess.py:93} INFO - 25/11/30 00:59:46 INFO BlockManagerMaster: Registered BlockManager BlockManagerId(driver, 3e067e6dd517, 37143, None)
[2025-11-30T00:59:46.088+0000] {subprocess.py:93} INFO - 25/11/30 00:59:46 INFO BlockManager: Initialized BlockManager: BlockManagerId(driver, 3e067e6dd517, 37143, None)
[2025-11-30T00:59:46.092+0000] {subprocess.py:93} INFO - 25/11/30 00:59:46 INFO StandaloneAppClient$ClientEndpoint: Executor updated: app-20251130005946-0001/0 is now RUNNING
[2025-11-30T00:59:46.092+0000] {subprocess.py:93} INFO - 25/11/30 00:59:46 INFO StandaloneAppClient$ClientEndpoint: Executor updated: app-20251130005946-0001/1 is now RUNNING
[2025-11-30T00:59:46.255+0000] {subprocess.py:93} INFO - 25/11/30 00:59:46 INFO StandaloneSchedulerBackend: SchedulerBackend is ready for scheduling beginning after reached minRegisteredResourcesRatio: 0.0
[2025-11-30T00:59:46.423+0000] {subprocess.py:93} INFO - 25/11/30 00:59:46 INFO SharedState: Setting hive.metastore.warehouse.dir ('null') to the value of spark.sql.warehouse.dir.
[2025-11-30T00:59:46.798+0000] {subprocess.py:93} INFO - 25/11/30 00:59:46 INFO SharedState: Warehouse path is 'hdfs://namenode:9000/hive/warehouse'.
[2025-11-30T00:59:48.085+0000] {subprocess.py:93} INFO - 25/11/30 00:59:48 INFO CoarseGrainedSchedulerBackend$DriverEndpoint: Registered executor NettyRpcEndpointRef(spark-client://Executor) (172.19.0.15:55668) with ID 1,  ResourceProfileId 0
[2025-11-30T00:59:48.147+0000] {subprocess.py:93} INFO - 25/11/30 00:59:48 INFO CoarseGrainedSchedulerBackend$DriverEndpoint: Registered executor NettyRpcEndpointRef(spark-client://Executor) (172.19.0.16:53692) with ID 0,  ResourceProfileId 0
[2025-11-30T00:59:48.149+0000] {subprocess.py:93} INFO - 25/11/30 00:59:48 INFO BlockManagerMasterEndpoint: Registering block manager 172.19.0.15:34927 with 366.3 MiB RAM, BlockManagerId(1, 172.19.0.15, 34927, None)
[2025-11-30T00:59:48.219+0000] {subprocess.py:93} INFO - 25/11/30 00:59:48 INFO BlockManagerMasterEndpoint: Registering block manager 172.19.0.16:34731 with 366.3 MiB RAM, BlockManagerId(0, 172.19.0.16, 34731, None)
[2025-11-30T00:59:49.311+0000] {subprocess.py:93} INFO - 25/11/30 00:59:49 INFO HiveConf: Found configuration file null
[2025-11-30T00:59:49.321+0000] {subprocess.py:93} INFO - 25/11/30 00:59:49 INFO HiveUtils: Initializing HiveMetastoreConnection version 2.3.9 using Spark classes.
[2025-11-30T00:59:49.595+0000] {subprocess.py:93} INFO - 25/11/30 00:59:49 INFO HiveClientImpl: Warehouse location for Hive client (version 2.3.9) is hdfs://namenode:9000/hive/warehouse
[2025-11-30T00:59:49.847+0000] {subprocess.py:93} INFO - 
[2025-11-30T00:59:49.847+0000] {subprocess.py:93} INFO - --- Reading from PG table: gold_dim_airport ---
[2025-11-30T00:59:49.934+0000] {subprocess.py:93} INFO - Error processing table gold_dim_airport: An error occurred while calling o48.load.
[2025-11-30T00:59:49.934+0000] {subprocess.py:93} INFO - : java.lang.ClassNotFoundException: org.postgresql.Driver
[2025-11-30T00:59:49.934+0000] {subprocess.py:93} INFO - 	at java.net.URLClassLoader.findClass(URLClassLoader.java:382)
[2025-11-30T00:59:49.934+0000] {subprocess.py:93} INFO - 	at java.lang.ClassLoader.loadClass(ClassLoader.java:419)
[2025-11-30T00:59:49.934+0000] {subprocess.py:93} INFO - 	at java.lang.ClassLoader.loadClass(ClassLoader.java:352)
[2025-11-30T00:59:49.934+0000] {subprocess.py:93} INFO - 	at org.apache.spark.sql.execution.datasources.jdbc.DriverRegistry$.register(DriverRegistry.scala:46)
[2025-11-30T00:59:49.935+0000] {subprocess.py:93} INFO - 	at org.apache.spark.sql.execution.datasources.jdbc.JDBCOptions.$anonfun$driverClass$1(JDBCOptions.scala:101)
[2025-11-30T00:59:49.935+0000] {subprocess.py:93} INFO - 	at org.apache.spark.sql.execution.datasources.jdbc.JDBCOptions.$anonfun$driverClass$1$adapted(JDBCOptions.scala:101)
[2025-11-30T00:59:49.935+0000] {subprocess.py:93} INFO - 	at scala.Option.foreach(Option.scala:407)
[2025-11-30T00:59:49.935+0000] {subprocess.py:93} INFO - 	at org.apache.spark.sql.execution.datasources.jdbc.JDBCOptions.<init>(JDBCOptions.scala:101)
[2025-11-30T00:59:49.935+0000] {subprocess.py:93} INFO - 	at org.apache.spark.sql.execution.datasources.jdbc.JDBCOptions.<init>(JDBCOptions.scala:39)
[2025-11-30T00:59:49.935+0000] {subprocess.py:93} INFO - 	at org.apache.spark.sql.execution.datasources.jdbc.JdbcRelationProvider.createRelation(JdbcRelationProvider.scala:34)
[2025-11-30T00:59:49.935+0000] {subprocess.py:93} INFO - 	at org.apache.spark.sql.execution.datasources.DataSource.resolveRelation(DataSource.scala:350)
[2025-11-30T00:59:49.935+0000] {subprocess.py:93} INFO - 	at org.apache.spark.sql.DataFrameReader.loadV1Source(DataFrameReader.scala:228)
[2025-11-30T00:59:49.935+0000] {subprocess.py:93} INFO - 	at org.apache.spark.sql.DataFrameReader.$anonfun$load$2(DataFrameReader.scala:210)
[2025-11-30T00:59:49.936+0000] {subprocess.py:93} INFO - 	at scala.Option.getOrElse(Option.scala:189)
[2025-11-30T00:59:49.936+0000] {subprocess.py:93} INFO - 	at org.apache.spark.sql.DataFrameReader.load(DataFrameReader.scala:210)
[2025-11-30T00:59:49.936+0000] {subprocess.py:93} INFO - 	at org.apache.spark.sql.DataFrameReader.load(DataFrameReader.scala:171)
[2025-11-30T00:59:49.936+0000] {subprocess.py:93} INFO - 	at sun.reflect.NativeMethodAccessorImpl.invoke0(Native Method)
[2025-11-30T00:59:49.936+0000] {subprocess.py:93} INFO - 	at sun.reflect.NativeMethodAccessorImpl.invoke(NativeMethodAccessorImpl.java:62)
[2025-11-30T00:59:49.936+0000] {subprocess.py:93} INFO - 	at sun.reflect.DelegatingMethodAccessorImpl.invoke(DelegatingMethodAccessorImpl.java:43)
[2025-11-30T00:59:49.936+0000] {subprocess.py:93} INFO - 	at java.lang.reflect.Method.invoke(Method.java:498)
[2025-11-30T00:59:49.936+0000] {subprocess.py:93} INFO - 	at py4j.reflection.MethodInvoker.invoke(MethodInvoker.java:244)
[2025-11-30T00:59:49.936+0000] {subprocess.py:93} INFO - 	at py4j.reflection.ReflectionEngine.invoke(ReflectionEngine.java:357)
[2025-11-30T00:59:49.936+0000] {subprocess.py:93} INFO - 	at py4j.Gateway.invoke(Gateway.java:282)
[2025-11-30T00:59:49.937+0000] {subprocess.py:93} INFO - 	at py4j.commands.AbstractCommand.invokeMethod(AbstractCommand.java:132)
[2025-11-30T00:59:49.937+0000] {subprocess.py:93} INFO - 	at py4j.commands.CallCommand.execute(CallCommand.java:79)
[2025-11-30T00:59:49.937+0000] {subprocess.py:93} INFO - 	at py4j.ClientServerConnection.waitForCommands(ClientServerConnection.java:182)
[2025-11-30T00:59:49.937+0000] {subprocess.py:93} INFO - 	at py4j.ClientServerConnection.run(ClientServerConnection.java:106)
[2025-11-30T00:59:49.937+0000] {subprocess.py:93} INFO - 	at java.lang.Thread.run(Thread.java:748)
[2025-11-30T00:59:49.937+0000] {subprocess.py:93} INFO - 
[2025-11-30T00:59:49.937+0000] {subprocess.py:93} INFO - 
[2025-11-30T00:59:49.937+0000] {subprocess.py:93} INFO - --- Reading from PG table: gold_dim_date ---
[2025-11-30T00:59:49.948+0000] {subprocess.py:93} INFO - Error processing table gold_dim_date: An error occurred while calling o56.load.
[2025-11-30T00:59:49.948+0000] {subprocess.py:93} INFO - : java.lang.ClassNotFoundException: org.postgresql.Driver
[2025-11-30T00:59:49.949+0000] {subprocess.py:93} INFO - 	at java.net.URLClassLoader.findClass(URLClassLoader.java:382)
[2025-11-30T00:59:49.949+0000] {subprocess.py:93} INFO - 	at java.lang.ClassLoader.loadClass(ClassLoader.java:419)
[2025-11-30T00:59:49.949+0000] {subprocess.py:93} INFO - 	at java.lang.ClassLoader.loadClass(ClassLoader.java:352)
[2025-11-30T00:59:49.949+0000] {subprocess.py:93} INFO - 	at org.apache.spark.sql.execution.datasources.jdbc.DriverRegistry$.register(DriverRegistry.scala:46)
[2025-11-30T00:59:49.949+0000] {subprocess.py:93} INFO - 	at org.apache.spark.sql.execution.datasources.jdbc.JDBCOptions.$anonfun$driverClass$1(JDBCOptions.scala:101)
[2025-11-30T00:59:49.949+0000] {subprocess.py:93} INFO - 	at org.apache.spark.sql.execution.datasources.jdbc.JDBCOptions.$anonfun$driverClass$1$adapted(JDBCOptions.scala:101)
[2025-11-30T00:59:49.949+0000] {subprocess.py:93} INFO - 	at scala.Option.foreach(Option.scala:407)
[2025-11-30T00:59:49.949+0000] {subprocess.py:93} INFO - 	at org.apache.spark.sql.execution.datasources.jdbc.JDBCOptions.<init>(JDBCOptions.scala:101)
[2025-11-30T00:59:49.950+0000] {subprocess.py:93} INFO - 	at org.apache.spark.sql.execution.datasources.jdbc.JDBCOptions.<init>(JDBCOptions.scala:39)
[2025-11-30T00:59:49.950+0000] {subprocess.py:93} INFO - 	at org.apache.spark.sql.execution.datasources.jdbc.JdbcRelationProvider.createRelation(JdbcRelationProvider.scala:34)
[2025-11-30T00:59:49.950+0000] {subprocess.py:93} INFO - 	at org.apache.spark.sql.execution.datasources.DataSource.resolveRelation(DataSource.scala:350)
[2025-11-30T00:59:49.950+0000] {subprocess.py:93} INFO - 	at org.apache.spark.sql.DataFrameReader.loadV1Source(DataFrameReader.scala:228)
[2025-11-30T00:59:49.950+0000] {subprocess.py:93} INFO - 	at org.apache.spark.sql.DataFrameReader.$anonfun$load$2(DataFrameReader.scala:210)
[2025-11-30T00:59:49.950+0000] {subprocess.py:93} INFO - 	at scala.Option.getOrElse(Option.scala:189)
[2025-11-30T00:59:49.950+0000] {subprocess.py:93} INFO - 	at org.apache.spark.sql.DataFrameReader.load(DataFrameReader.scala:210)
[2025-11-30T00:59:49.950+0000] {subprocess.py:93} INFO - 	at org.apache.spark.sql.DataFrameReader.load(DataFrameReader.scala:171)
[2025-11-30T00:59:49.950+0000] {subprocess.py:93} INFO - 	at sun.reflect.NativeMethodAccessorImpl.invoke0(Native Method)
[2025-11-30T00:59:49.950+0000] {subprocess.py:93} INFO - 	at sun.reflect.NativeMethodAccessorImpl.invoke(NativeMethodAccessorImpl.java:62)
[2025-11-30T00:59:49.950+0000] {subprocess.py:93} INFO - 	at sun.reflect.DelegatingMethodAccessorImpl.invoke(DelegatingMethodAccessorImpl.java:43)
[2025-11-30T00:59:49.950+0000] {subprocess.py:93} INFO - 	at java.lang.reflect.Method.invoke(Method.java:498)
[2025-11-30T00:59:49.950+0000] {subprocess.py:93} INFO - 	at py4j.reflection.MethodInvoker.invoke(MethodInvoker.java:244)
[2025-11-30T00:59:49.950+0000] {subprocess.py:93} INFO - 	at py4j.reflection.ReflectionEngine.invoke(ReflectionEngine.java:357)
[2025-11-30T00:59:49.951+0000] {subprocess.py:93} INFO - 	at py4j.Gateway.invoke(Gateway.java:282)
[2025-11-30T00:59:49.951+0000] {subprocess.py:93} INFO - 	at py4j.commands.AbstractCommand.invokeMethod(AbstractCommand.java:132)
[2025-11-30T00:59:49.951+0000] {subprocess.py:93} INFO - 	at py4j.commands.CallCommand.execute(CallCommand.java:79)
[2025-11-30T00:59:49.951+0000] {subprocess.py:93} INFO - 	at py4j.ClientServerConnection.waitForCommands(ClientServerConnection.java:182)
[2025-11-30T00:59:49.951+0000] {subprocess.py:93} INFO - 	at py4j.ClientServerConnection.run(ClientServerConnection.java:106)
[2025-11-30T00:59:49.951+0000] {subprocess.py:93} INFO - 	at java.lang.Thread.run(Thread.java:748)
[2025-11-30T00:59:49.951+0000] {subprocess.py:93} INFO - 
[2025-11-30T00:59:49.951+0000] {subprocess.py:93} INFO - 
[2025-11-30T00:59:49.951+0000] {subprocess.py:93} INFO - --- Reading from PG table: gold_dim_flight ---
[2025-11-30T00:59:49.960+0000] {subprocess.py:93} INFO - Error processing table gold_dim_flight: An error occurred while calling o64.load.
[2025-11-30T00:59:49.960+0000] {subprocess.py:93} INFO - : java.lang.ClassNotFoundException: org.postgresql.Driver
[2025-11-30T00:59:49.961+0000] {subprocess.py:93} INFO - 	at java.net.URLClassLoader.findClass(URLClassLoader.java:382)
[2025-11-30T00:59:49.961+0000] {subprocess.py:93} INFO - 	at java.lang.ClassLoader.loadClass(ClassLoader.java:419)
[2025-11-30T00:59:49.961+0000] {subprocess.py:93} INFO - 	at java.lang.ClassLoader.loadClass(ClassLoader.java:352)
[2025-11-30T00:59:49.961+0000] {subprocess.py:93} INFO - 	at org.apache.spark.sql.execution.datasources.jdbc.DriverRegistry$.register(DriverRegistry.scala:46)
[2025-11-30T00:59:49.961+0000] {subprocess.py:93} INFO - 	at org.apache.spark.sql.execution.datasources.jdbc.JDBCOptions.$anonfun$driverClass$1(JDBCOptions.scala:101)
[2025-11-30T00:59:49.961+0000] {subprocess.py:93} INFO - 	at org.apache.spark.sql.execution.datasources.jdbc.JDBCOptions.$anonfun$driverClass$1$adapted(JDBCOptions.scala:101)
[2025-11-30T00:59:49.961+0000] {subprocess.py:93} INFO - 	at scala.Option.foreach(Option.scala:407)
[2025-11-30T00:59:49.961+0000] {subprocess.py:93} INFO - 	at org.apache.spark.sql.execution.datasources.jdbc.JDBCOptions.<init>(JDBCOptions.scala:101)
[2025-11-30T00:59:49.961+0000] {subprocess.py:93} INFO - 	at org.apache.spark.sql.execution.datasources.jdbc.JDBCOptions.<init>(JDBCOptions.scala:39)
[2025-11-30T00:59:49.961+0000] {subprocess.py:93} INFO - 	at org.apache.spark.sql.execution.datasources.jdbc.JdbcRelationProvider.createRelation(JdbcRelationProvider.scala:34)
[2025-11-30T00:59:49.962+0000] {subprocess.py:93} INFO - 	at org.apache.spark.sql.execution.datasources.DataSource.resolveRelation(DataSource.scala:350)
[2025-11-30T00:59:49.962+0000] {subprocess.py:93} INFO - 	at org.apache.spark.sql.DataFrameReader.loadV1Source(DataFrameReader.scala:228)
[2025-11-30T00:59:49.962+0000] {subprocess.py:93} INFO - 	at org.apache.spark.sql.DataFrameReader.$anonfun$load$2(DataFrameReader.scala:210)
[2025-11-30T00:59:49.962+0000] {subprocess.py:93} INFO - 	at scala.Option.getOrElse(Option.scala:189)
[2025-11-30T00:59:49.962+0000] {subprocess.py:93} INFO - 	at org.apache.spark.sql.DataFrameReader.load(DataFrameReader.scala:210)
[2025-11-30T00:59:49.962+0000] {subprocess.py:93} INFO - 	at org.apache.spark.sql.DataFrameReader.load(DataFrameReader.scala:171)
[2025-11-30T00:59:49.962+0000] {subprocess.py:93} INFO - 	at sun.reflect.NativeMethodAccessorImpl.invoke0(Native Method)
[2025-11-30T00:59:49.962+0000] {subprocess.py:93} INFO - 	at sun.reflect.NativeMethodAccessorImpl.invoke(NativeMethodAccessorImpl.java:62)
[2025-11-30T00:59:49.962+0000] {subprocess.py:93} INFO - 	at sun.reflect.DelegatingMethodAccessorImpl.invoke(DelegatingMethodAccessorImpl.java:43)
[2025-11-30T00:59:49.962+0000] {subprocess.py:93} INFO - 	at java.lang.reflect.Method.invoke(Method.java:498)
[2025-11-30T00:59:49.963+0000] {subprocess.py:93} INFO - 	at py4j.reflection.MethodInvoker.invoke(MethodInvoker.java:244)
[2025-11-30T00:59:49.963+0000] {subprocess.py:93} INFO - 	at py4j.reflection.ReflectionEngine.invoke(ReflectionEngine.java:357)
[2025-11-30T00:59:49.963+0000] {subprocess.py:93} INFO - 	at py4j.Gateway.invoke(Gateway.java:282)
[2025-11-30T00:59:49.963+0000] {subprocess.py:93} INFO - 	at py4j.commands.AbstractCommand.invokeMethod(AbstractCommand.java:132)
[2025-11-30T00:59:49.963+0000] {subprocess.py:93} INFO - 	at py4j.commands.CallCommand.execute(CallCommand.java:79)
[2025-11-30T00:59:49.963+0000] {subprocess.py:93} INFO - 	at py4j.ClientServerConnection.waitForCommands(ClientServerConnection.java:182)
[2025-11-30T00:59:49.963+0000] {subprocess.py:93} INFO - 	at py4j.ClientServerConnection.run(ClientServerConnection.java:106)
[2025-11-30T00:59:49.963+0000] {subprocess.py:93} INFO - 	at java.lang.Thread.run(Thread.java:748)
[2025-11-30T00:59:49.963+0000] {subprocess.py:93} INFO - 
[2025-11-30T00:59:49.963+0000] {subprocess.py:93} INFO - 
[2025-11-30T00:59:49.964+0000] {subprocess.py:93} INFO - --- Reading from PG table: gold_dim_passenger ---
[2025-11-30T00:59:49.974+0000] {subprocess.py:93} INFO - Error processing table gold_dim_passenger: An error occurred while calling o72.load.
[2025-11-30T00:59:49.974+0000] {subprocess.py:93} INFO - : java.lang.ClassNotFoundException: org.postgresql.Driver
[2025-11-30T00:59:49.974+0000] {subprocess.py:93} INFO - 	at java.net.URLClassLoader.findClass(URLClassLoader.java:382)
[2025-11-30T00:59:49.974+0000] {subprocess.py:93} INFO - 	at java.lang.ClassLoader.loadClass(ClassLoader.java:419)
[2025-11-30T00:59:49.975+0000] {subprocess.py:93} INFO - 	at java.lang.ClassLoader.loadClass(ClassLoader.java:352)
[2025-11-30T00:59:49.975+0000] {subprocess.py:93} INFO - 	at org.apache.spark.sql.execution.datasources.jdbc.DriverRegistry$.register(DriverRegistry.scala:46)
[2025-11-30T00:59:49.975+0000] {subprocess.py:93} INFO - 	at org.apache.spark.sql.execution.datasources.jdbc.JDBCOptions.$anonfun$driverClass$1(JDBCOptions.scala:101)
[2025-11-30T00:59:49.975+0000] {subprocess.py:93} INFO - 	at org.apache.spark.sql.execution.datasources.jdbc.JDBCOptions.$anonfun$driverClass$1$adapted(JDBCOptions.scala:101)
[2025-11-30T00:59:49.975+0000] {subprocess.py:93} INFO - 	at scala.Option.foreach(Option.scala:407)
[2025-11-30T00:59:49.975+0000] {subprocess.py:93} INFO - 	at org.apache.spark.sql.execution.datasources.jdbc.JDBCOptions.<init>(JDBCOptions.scala:101)
[2025-11-30T00:59:49.975+0000] {subprocess.py:93} INFO - 	at org.apache.spark.sql.execution.datasources.jdbc.JDBCOptions.<init>(JDBCOptions.scala:39)
[2025-11-30T00:59:49.975+0000] {subprocess.py:93} INFO - 	at org.apache.spark.sql.execution.datasources.jdbc.JdbcRelationProvider.createRelation(JdbcRelationProvider.scala:34)
[2025-11-30T00:59:49.975+0000] {subprocess.py:93} INFO - 	at org.apache.spark.sql.execution.datasources.DataSource.resolveRelation(DataSource.scala:350)
[2025-11-30T00:59:49.976+0000] {subprocess.py:93} INFO - 	at org.apache.spark.sql.DataFrameReader.loadV1Source(DataFrameReader.scala:228)
[2025-11-30T00:59:49.976+0000] {subprocess.py:93} INFO - 	at org.apache.spark.sql.DataFrameReader.$anonfun$load$2(DataFrameReader.scala:210)
[2025-11-30T00:59:49.976+0000] {subprocess.py:93} INFO - 	at scala.Option.getOrElse(Option.scala:189)
[2025-11-30T00:59:49.976+0000] {subprocess.py:93} INFO - 	at org.apache.spark.sql.DataFrameReader.load(DataFrameReader.scala:210)
[2025-11-30T00:59:49.976+0000] {subprocess.py:93} INFO - 	at org.apache.spark.sql.DataFrameReader.load(DataFrameReader.scala:171)
[2025-11-30T00:59:49.976+0000] {subprocess.py:93} INFO - 	at sun.reflect.NativeMethodAccessorImpl.invoke0(Native Method)
[2025-11-30T00:59:49.976+0000] {subprocess.py:93} INFO - 	at sun.reflect.NativeMethodAccessorImpl.invoke(NativeMethodAccessorImpl.java:62)
[2025-11-30T00:59:49.976+0000] {subprocess.py:93} INFO - 	at sun.reflect.DelegatingMethodAccessorImpl.invoke(DelegatingMethodAccessorImpl.java:43)
[2025-11-30T00:59:49.976+0000] {subprocess.py:93} INFO - 	at java.lang.reflect.Method.invoke(Method.java:498)
[2025-11-30T00:59:49.976+0000] {subprocess.py:93} INFO - 	at py4j.reflection.MethodInvoker.invoke(MethodInvoker.java:244)
[2025-11-30T00:59:49.977+0000] {subprocess.py:93} INFO - 	at py4j.reflection.ReflectionEngine.invoke(ReflectionEngine.java:357)
[2025-11-30T00:59:49.977+0000] {subprocess.py:93} INFO - 	at py4j.Gateway.invoke(Gateway.java:282)
[2025-11-30T00:59:49.977+0000] {subprocess.py:93} INFO - 	at py4j.commands.AbstractCommand.invokeMethod(AbstractCommand.java:132)
[2025-11-30T00:59:49.977+0000] {subprocess.py:93} INFO - 	at py4j.commands.CallCommand.execute(CallCommand.java:79)
[2025-11-30T00:59:49.977+0000] {subprocess.py:93} INFO - 	at py4j.ClientServerConnection.waitForCommands(ClientServerConnection.java:182)
[2025-11-30T00:59:49.977+0000] {subprocess.py:93} INFO - 	at py4j.ClientServerConnection.run(ClientServerConnection.java:106)
[2025-11-30T00:59:49.977+0000] {subprocess.py:93} INFO - 	at java.lang.Thread.run(Thread.java:748)
[2025-11-30T00:59:49.977+0000] {subprocess.py:93} INFO - 
[2025-11-30T00:59:49.977+0000] {subprocess.py:93} INFO - 
[2025-11-30T00:59:49.977+0000] {subprocess.py:93} INFO - --- Reading from PG table: gold_dim_ticket ---
[2025-11-30T00:59:49.991+0000] {subprocess.py:93} INFO - Error processing table gold_dim_ticket: An error occurred while calling o80.load.
[2025-11-30T00:59:49.992+0000] {subprocess.py:93} INFO - : java.lang.ClassNotFoundException: org.postgresql.Driver
[2025-11-30T00:59:49.992+0000] {subprocess.py:93} INFO - 	at java.net.URLClassLoader.findClass(URLClassLoader.java:382)
[2025-11-30T00:59:49.992+0000] {subprocess.py:93} INFO - 	at java.lang.ClassLoader.loadClass(ClassLoader.java:419)
[2025-11-30T00:59:49.992+0000] {subprocess.py:93} INFO - 	at java.lang.ClassLoader.loadClass(ClassLoader.java:352)
[2025-11-30T00:59:49.992+0000] {subprocess.py:93} INFO - 	at org.apache.spark.sql.execution.datasources.jdbc.DriverRegistry$.register(DriverRegistry.scala:46)
[2025-11-30T00:59:49.992+0000] {subprocess.py:93} INFO - 	at org.apache.spark.sql.execution.datasources.jdbc.JDBCOptions.$anonfun$driverClass$1(JDBCOptions.scala:101)
[2025-11-30T00:59:49.992+0000] {subprocess.py:93} INFO - 	at org.apache.spark.sql.execution.datasources.jdbc.JDBCOptions.$anonfun$driverClass$1$adapted(JDBCOptions.scala:101)
[2025-11-30T00:59:49.992+0000] {subprocess.py:93} INFO - 	at scala.Option.foreach(Option.scala:407)
[2025-11-30T00:59:49.993+0000] {subprocess.py:93} INFO - 	at org.apache.spark.sql.execution.datasources.jdbc.JDBCOptions.<init>(JDBCOptions.scala:101)
[2025-11-30T00:59:49.993+0000] {subprocess.py:93} INFO - 	at org.apache.spark.sql.execution.datasources.jdbc.JDBCOptions.<init>(JDBCOptions.scala:39)
[2025-11-30T00:59:49.993+0000] {subprocess.py:93} INFO - 	at org.apache.spark.sql.execution.datasources.jdbc.JdbcRelationProvider.createRelation(JdbcRelationProvider.scala:34)
[2025-11-30T00:59:49.993+0000] {subprocess.py:93} INFO - 	at org.apache.spark.sql.execution.datasources.DataSource.resolveRelation(DataSource.scala:350)
[2025-11-30T00:59:49.993+0000] {subprocess.py:93} INFO - 	at org.apache.spark.sql.DataFrameReader.loadV1Source(DataFrameReader.scala:228)
[2025-11-30T00:59:49.993+0000] {subprocess.py:93} INFO - 	at org.apache.spark.sql.DataFrameReader.$anonfun$load$2(DataFrameReader.scala:210)
[2025-11-30T00:59:49.993+0000] {subprocess.py:93} INFO - 	at scala.Option.getOrElse(Option.scala:189)
[2025-11-30T00:59:49.993+0000] {subprocess.py:93} INFO - 	at org.apache.spark.sql.DataFrameReader.load(DataFrameReader.scala:210)
[2025-11-30T00:59:49.993+0000] {subprocess.py:93} INFO - 	at org.apache.spark.sql.DataFrameReader.load(DataFrameReader.scala:171)
[2025-11-30T00:59:49.993+0000] {subprocess.py:93} INFO - 	at sun.reflect.NativeMethodAccessorImpl.invoke0(Native Method)
[2025-11-30T00:59:49.994+0000] {subprocess.py:93} INFO - 	at sun.reflect.NativeMethodAccessorImpl.invoke(NativeMethodAccessorImpl.java:62)
[2025-11-30T00:59:49.994+0000] {subprocess.py:93} INFO - 	at sun.reflect.DelegatingMethodAccessorImpl.invoke(DelegatingMethodAccessorImpl.java:43)
[2025-11-30T00:59:49.994+0000] {subprocess.py:93} INFO - 	at java.lang.reflect.Method.invoke(Method.java:498)
[2025-11-30T00:59:49.994+0000] {subprocess.py:93} INFO - 	at py4j.reflection.MethodInvoker.invoke(MethodInvoker.java:244)
[2025-11-30T00:59:49.994+0000] {subprocess.py:93} INFO - 	at py4j.reflection.ReflectionEngine.invoke(ReflectionEngine.java:357)
[2025-11-30T00:59:49.994+0000] {subprocess.py:93} INFO - 	at py4j.Gateway.invoke(Gateway.java:282)
[2025-11-30T00:59:49.994+0000] {subprocess.py:93} INFO - 	at py4j.commands.AbstractCommand.invokeMethod(AbstractCommand.java:132)
[2025-11-30T00:59:49.994+0000] {subprocess.py:93} INFO - 	at py4j.commands.CallCommand.execute(CallCommand.java:79)
[2025-11-30T00:59:49.994+0000] {subprocess.py:93} INFO - 	at py4j.ClientServerConnection.waitForCommands(ClientServerConnection.java:182)
[2025-11-30T00:59:49.994+0000] {subprocess.py:93} INFO - 	at py4j.ClientServerConnection.run(ClientServerConnection.java:106)
[2025-11-30T00:59:49.995+0000] {subprocess.py:93} INFO - 	at java.lang.Thread.run(Thread.java:748)
[2025-11-30T00:59:49.995+0000] {subprocess.py:93} INFO - 
[2025-11-30T00:59:49.995+0000] {subprocess.py:93} INFO - 
[2025-11-30T00:59:49.995+0000] {subprocess.py:93} INFO - --- Reading from PG table: gold_dim_weather ---
[2025-11-30T00:59:50.004+0000] {subprocess.py:93} INFO - Error processing table gold_dim_weather: An error occurred while calling o88.load.
[2025-11-30T00:59:50.004+0000] {subprocess.py:93} INFO - : java.lang.ClassNotFoundException: org.postgresql.Driver
[2025-11-30T00:59:50.004+0000] {subprocess.py:93} INFO - 	at java.net.URLClassLoader.findClass(URLClassLoader.java:382)
[2025-11-30T00:59:50.004+0000] {subprocess.py:93} INFO - 	at java.lang.ClassLoader.loadClass(ClassLoader.java:419)
[2025-11-30T00:59:50.004+0000] {subprocess.py:93} INFO - 	at java.lang.ClassLoader.loadClass(ClassLoader.java:352)
[2025-11-30T00:59:50.004+0000] {subprocess.py:93} INFO - 	at org.apache.spark.sql.execution.datasources.jdbc.DriverRegistry$.register(DriverRegistry.scala:46)
[2025-11-30T00:59:50.004+0000] {subprocess.py:93} INFO - 	at org.apache.spark.sql.execution.datasources.jdbc.JDBCOptions.$anonfun$driverClass$1(JDBCOptions.scala:101)
[2025-11-30T00:59:50.005+0000] {subprocess.py:93} INFO - 	at org.apache.spark.sql.execution.datasources.jdbc.JDBCOptions.$anonfun$driverClass$1$adapted(JDBCOptions.scala:101)
[2025-11-30T00:59:50.005+0000] {subprocess.py:93} INFO - 	at scala.Option.foreach(Option.scala:407)
[2025-11-30T00:59:50.005+0000] {subprocess.py:93} INFO - 	at org.apache.spark.sql.execution.datasources.jdbc.JDBCOptions.<init>(JDBCOptions.scala:101)
[2025-11-30T00:59:50.005+0000] {subprocess.py:93} INFO - 	at org.apache.spark.sql.execution.datasources.jdbc.JDBCOptions.<init>(JDBCOptions.scala:39)
[2025-11-30T00:59:50.005+0000] {subprocess.py:93} INFO - 	at org.apache.spark.sql.execution.datasources.jdbc.JdbcRelationProvider.createRelation(JdbcRelationProvider.scala:34)
[2025-11-30T00:59:50.005+0000] {subprocess.py:93} INFO - 	at org.apache.spark.sql.execution.datasources.DataSource.resolveRelation(DataSource.scala:350)
[2025-11-30T00:59:50.005+0000] {subprocess.py:93} INFO - 	at org.apache.spark.sql.DataFrameReader.loadV1Source(DataFrameReader.scala:228)
[2025-11-30T00:59:50.005+0000] {subprocess.py:93} INFO - 	at org.apache.spark.sql.DataFrameReader.$anonfun$load$2(DataFrameReader.scala:210)
[2025-11-30T00:59:50.005+0000] {subprocess.py:93} INFO - 	at scala.Option.getOrElse(Option.scala:189)
[2025-11-30T00:59:50.006+0000] {subprocess.py:93} INFO - 	at org.apache.spark.sql.DataFrameReader.load(DataFrameReader.scala:210)
[2025-11-30T00:59:50.006+0000] {subprocess.py:93} INFO - 	at org.apache.spark.sql.DataFrameReader.load(DataFrameReader.scala:171)
[2025-11-30T00:59:50.006+0000] {subprocess.py:93} INFO - 	at sun.reflect.NativeMethodAccessorImpl.invoke0(Native Method)
[2025-11-30T00:59:50.006+0000] {subprocess.py:93} INFO - 	at sun.reflect.NativeMethodAccessorImpl.invoke(NativeMethodAccessorImpl.java:62)
[2025-11-30T00:59:50.006+0000] {subprocess.py:93} INFO - 	at sun.reflect.DelegatingMethodAccessorImpl.invoke(DelegatingMethodAccessorImpl.java:43)
[2025-11-30T00:59:50.006+0000] {subprocess.py:93} INFO - 	at java.lang.reflect.Method.invoke(Method.java:498)
[2025-11-30T00:59:50.006+0000] {subprocess.py:93} INFO - 	at py4j.reflection.MethodInvoker.invoke(MethodInvoker.java:244)
[2025-11-30T00:59:50.006+0000] {subprocess.py:93} INFO - 	at py4j.reflection.ReflectionEngine.invoke(ReflectionEngine.java:357)
[2025-11-30T00:59:50.006+0000] {subprocess.py:93} INFO - 	at py4j.Gateway.invoke(Gateway.java:282)
[2025-11-30T00:59:50.006+0000] {subprocess.py:93} INFO - 	at py4j.commands.AbstractCommand.invokeMethod(AbstractCommand.java:132)
[2025-11-30T00:59:50.006+0000] {subprocess.py:93} INFO - 	at py4j.commands.CallCommand.execute(CallCommand.java:79)
[2025-11-30T00:59:50.007+0000] {subprocess.py:93} INFO - 	at py4j.ClientServerConnection.waitForCommands(ClientServerConnection.java:182)
[2025-11-30T00:59:50.007+0000] {subprocess.py:93} INFO - 	at py4j.ClientServerConnection.run(ClientServerConnection.java:106)
[2025-11-30T00:59:50.007+0000] {subprocess.py:93} INFO - 	at java.lang.Thread.run(Thread.java:748)
[2025-11-30T00:59:50.007+0000] {subprocess.py:93} INFO - 
[2025-11-30T00:59:50.007+0000] {subprocess.py:93} INFO - 
[2025-11-30T00:59:50.007+0000] {subprocess.py:93} INFO - --- Reading from PG table: gold_fact_booking ---
[2025-11-30T00:59:50.014+0000] {subprocess.py:93} INFO - Error processing table gold_fact_booking: An error occurred while calling o96.load.
[2025-11-30T00:59:50.014+0000] {subprocess.py:93} INFO - : java.lang.ClassNotFoundException: org.postgresql.Driver
[2025-11-30T00:59:50.014+0000] {subprocess.py:93} INFO - 	at java.net.URLClassLoader.findClass(URLClassLoader.java:382)
[2025-11-30T00:59:50.014+0000] {subprocess.py:93} INFO - 	at java.lang.ClassLoader.loadClass(ClassLoader.java:419)
[2025-11-30T00:59:50.014+0000] {subprocess.py:93} INFO - 	at java.lang.ClassLoader.loadClass(ClassLoader.java:352)
[2025-11-30T00:59:50.014+0000] {subprocess.py:93} INFO - 	at org.apache.spark.sql.execution.datasources.jdbc.DriverRegistry$.register(DriverRegistry.scala:46)
[2025-11-30T00:59:50.014+0000] {subprocess.py:93} INFO - 	at org.apache.spark.sql.execution.datasources.jdbc.JDBCOptions.$anonfun$driverClass$1(JDBCOptions.scala:101)
[2025-11-30T00:59:50.014+0000] {subprocess.py:93} INFO - 	at org.apache.spark.sql.execution.datasources.jdbc.JDBCOptions.$anonfun$driverClass$1$adapted(JDBCOptions.scala:101)
[2025-11-30T00:59:50.014+0000] {subprocess.py:93} INFO - 	at scala.Option.foreach(Option.scala:407)
[2025-11-30T00:59:50.014+0000] {subprocess.py:93} INFO - 	at org.apache.spark.sql.execution.datasources.jdbc.JDBCOptions.<init>(JDBCOptions.scala:101)
[2025-11-30T00:59:50.014+0000] {subprocess.py:93} INFO - 	at org.apache.spark.sql.execution.datasources.jdbc.JDBCOptions.<init>(JDBCOptions.scala:39)
[2025-11-30T00:59:50.014+0000] {subprocess.py:93} INFO - 	at org.apache.spark.sql.execution.datasources.jdbc.JdbcRelationProvider.createRelation(JdbcRelationProvider.scala:34)
[2025-11-30T00:59:50.014+0000] {subprocess.py:93} INFO - 	at org.apache.spark.sql.execution.datasources.DataSource.resolveRelation(DataSource.scala:350)
[2025-11-30T00:59:50.015+0000] {subprocess.py:93} INFO - 	at org.apache.spark.sql.DataFrameReader.loadV1Source(DataFrameReader.scala:228)
[2025-11-30T00:59:50.015+0000] {subprocess.py:93} INFO - 	at org.apache.spark.sql.DataFrameReader.$anonfun$load$2(DataFrameReader.scala:210)
[2025-11-30T00:59:50.015+0000] {subprocess.py:93} INFO - 	at scala.Option.getOrElse(Option.scala:189)
[2025-11-30T00:59:50.015+0000] {subprocess.py:93} INFO - 	at org.apache.spark.sql.DataFrameReader.load(DataFrameReader.scala:210)
[2025-11-30T00:59:50.015+0000] {subprocess.py:93} INFO - 	at org.apache.spark.sql.DataFrameReader.load(DataFrameReader.scala:171)
[2025-11-30T00:59:50.015+0000] {subprocess.py:93} INFO - 	at sun.reflect.NativeMethodAccessorImpl.invoke0(Native Method)
[2025-11-30T00:59:50.015+0000] {subprocess.py:93} INFO - 	at sun.reflect.NativeMethodAccessorImpl.invoke(NativeMethodAccessorImpl.java:62)
[2025-11-30T00:59:50.015+0000] {subprocess.py:93} INFO - 	at sun.reflect.DelegatingMethodAccessorImpl.invoke(DelegatingMethodAccessorImpl.java:43)
[2025-11-30T00:59:50.015+0000] {subprocess.py:93} INFO - 	at java.lang.reflect.Method.invoke(Method.java:498)
[2025-11-30T00:59:50.015+0000] {subprocess.py:93} INFO - 	at py4j.reflection.MethodInvoker.invoke(MethodInvoker.java:244)
[2025-11-30T00:59:50.015+0000] {subprocess.py:93} INFO - 	at py4j.reflection.ReflectionEngine.invoke(ReflectionEngine.java:357)
[2025-11-30T00:59:50.015+0000] {subprocess.py:93} INFO - 	at py4j.Gateway.invoke(Gateway.java:282)
[2025-11-30T00:59:50.015+0000] {subprocess.py:93} INFO - 	at py4j.commands.AbstractCommand.invokeMethod(AbstractCommand.java:132)
[2025-11-30T00:59:50.015+0000] {subprocess.py:93} INFO - 	at py4j.commands.CallCommand.execute(CallCommand.java:79)
[2025-11-30T00:59:50.015+0000] {subprocess.py:93} INFO - 	at py4j.ClientServerConnection.waitForCommands(ClientServerConnection.java:182)
[2025-11-30T00:59:50.015+0000] {subprocess.py:93} INFO - 	at py4j.ClientServerConnection.run(ClientServerConnection.java:106)
[2025-11-30T00:59:50.015+0000] {subprocess.py:93} INFO - 	at java.lang.Thread.run(Thread.java:748)
[2025-11-30T00:59:50.015+0000] {subprocess.py:93} INFO - 
[2025-11-30T00:59:50.015+0000] {subprocess.py:93} INFO - 
[2025-11-30T00:59:50.015+0000] {subprocess.py:93} INFO - SHOWING TABLES in Hive:
[2025-11-30T00:59:50.685+0000] {subprocess.py:93} INFO - 25/11/30 00:59:50 INFO CodeGenerator: Code generated in 145.448093 ms
[2025-11-30T00:59:50.734+0000] {subprocess.py:93} INFO - +---------+---------+-----------+
[2025-11-30T00:59:50.735+0000] {subprocess.py:93} INFO - |namespace|tableName|isTemporary|
[2025-11-30T00:59:50.735+0000] {subprocess.py:93} INFO - +---------+---------+-----------+
[2025-11-30T00:59:50.735+0000] {subprocess.py:93} INFO - +---------+---------+-----------+
[2025-11-30T00:59:50.735+0000] {subprocess.py:93} INFO - 
[2025-11-30T00:59:50.784+0000] {subprocess.py:93} INFO - Traceback (most recent call last):
[2025-11-30T00:59:50.784+0000] {subprocess.py:93} INFO -   File "/tmp/spark_drivers/batch.py", line 64, in <module>
[2025-11-30T00:59:50.784+0000] {subprocess.py:93} INFO -     spark.sql("SELECT * FROM dim_flight").show()
[2025-11-30T00:59:50.784+0000] {subprocess.py:93} INFO -   File "/spark/python/lib/pyspark.zip/pyspark/sql/session.py", line 1034, in sql
[2025-11-30T00:59:50.784+0000] {subprocess.py:93} INFO -   File "/spark/python/lib/py4j-0.10.9.5-src.zip/py4j/java_gateway.py", line 1322, in __call__
[2025-11-30T00:59:50.784+0000] {subprocess.py:93} INFO -   File "/spark/python/lib/pyspark.zip/pyspark/sql/utils.py", line 196, in deco
[2025-11-30T00:59:50.789+0000] {subprocess.py:93} INFO - pyspark.sql.utils.AnalysisException: Table or view not found: dim_flight; line 1 pos 14;
[2025-11-30T00:59:50.789+0000] {subprocess.py:93} INFO - 'Project [*]
[2025-11-30T00:59:50.789+0000] {subprocess.py:93} INFO - +- 'UnresolvedRelation [dim_flight], [], false
[2025-11-30T00:59:50.789+0000] {subprocess.py:93} INFO - 
[2025-11-30T00:59:50.805+0000] {subprocess.py:93} INFO - 25/11/30 00:59:50 INFO SparkContext: Invoking stop() from shutdown hook
[2025-11-30T00:59:50.817+0000] {subprocess.py:93} INFO - 25/11/30 00:59:50 INFO SparkUI: Stopped Spark web UI at http://3e067e6dd517:4040
[2025-11-30T00:59:50.819+0000] {subprocess.py:93} INFO - 25/11/30 00:59:50 INFO StandaloneSchedulerBackend: Shutting down all executors
[2025-11-30T00:59:50.819+0000] {subprocess.py:93} INFO - 25/11/30 00:59:50 INFO CoarseGrainedSchedulerBackend$DriverEndpoint: Asking each executor to shut down
[2025-11-30T00:59:50.837+0000] {subprocess.py:93} INFO - 25/11/30 00:59:50 INFO MapOutputTrackerMasterEndpoint: MapOutputTrackerMasterEndpoint stopped!
[2025-11-30T00:59:50.847+0000] {subprocess.py:93} INFO - 25/11/30 00:59:50 INFO MemoryStore: MemoryStore cleared
[2025-11-30T00:59:50.847+0000] {subprocess.py:93} INFO - 25/11/30 00:59:50 INFO BlockManager: BlockManager stopped
[2025-11-30T00:59:50.861+0000] {subprocess.py:93} INFO - 25/11/30 00:59:50 INFO BlockManagerMaster: BlockManagerMaster stopped
[2025-11-30T00:59:50.863+0000] {subprocess.py:93} INFO - 25/11/30 00:59:50 INFO OutputCommitCoordinator$OutputCommitCoordinatorEndpoint: OutputCommitCoordinator stopped!
[2025-11-30T00:59:50.867+0000] {subprocess.py:93} INFO - 25/11/30 00:59:50 INFO SparkContext: Successfully stopped SparkContext
[2025-11-30T00:59:50.867+0000] {subprocess.py:93} INFO - 25/11/30 00:59:50 INFO ShutdownHookManager: Shutdown hook called
[2025-11-30T00:59:50.868+0000] {subprocess.py:93} INFO - 25/11/30 00:59:50 INFO ShutdownHookManager: Deleting directory /tmp/spark-8c885145-c3ca-4cff-b34d-aad76dce57df
[2025-11-30T00:59:50.869+0000] {subprocess.py:93} INFO - 25/11/30 00:59:50 INFO ShutdownHookManager: Deleting directory /tmp/spark-18c5b96d-ab5b-4eeb-acdb-044e57c13469
[2025-11-30T00:59:50.871+0000] {subprocess.py:93} INFO - 25/11/30 00:59:50 INFO ShutdownHookManager: Deleting directory /tmp/spark-18c5b96d-ab5b-4eeb-acdb-044e57c13469/pyspark-b44f1b62-f05d-40f6-87e2-ca3425eece8e
[2025-11-30T00:59:50.948+0000] {subprocess.py:97} INFO - Command exited with return code 1
[2025-11-30T00:59:50.956+0000] {taskinstance.py:1937} ERROR - Task failed with exception
Traceback (most recent call last):
  File "/home/airflow/.local/lib/python3.8/site-packages/airflow/operators/bash.py", line 210, in execute
    raise AirflowException(
airflow.exceptions.AirflowException: Bash command failed. The command returned a non-zero exit code 1.
[2025-11-30T00:59:50.958+0000] {taskinstance.py:1400} INFO - Marking task as FAILED. dag_id=flight_etl, task_id=spark_batch_processor, execution_date=20251130T005758, start_date=20251130T005941, end_date=20251130T005950
[2025-11-30T00:59:50.967+0000] {standard_task_runner.py:104} ERROR - Failed to execute job 458 for task spark_batch_processor (Bash command failed. The command returned a non-zero exit code 1.; 1665)
[2025-11-30T00:59:51.008+0000] {local_task_job_runner.py:228} INFO - Task exited with return code 1
[2025-11-30T00:59:51.025+0000] {taskinstance.py:2778} INFO - 0 downstream tasks scheduled from follow-on schedule check
