[2025-12-08T13:34:54.513+0000] {processor.py:157} INFO - Started process (PID=57) to work on /opt/airflow/dags/etl-dag.py
[2025-12-08T13:34:54.514+0000] {processor.py:829} INFO - Processing file /opt/airflow/dags/etl-dag.py for tasks to queue
[2025-12-08T13:34:54.515+0000] {logging_mixin.py:154} INFO - [2025-12-08T13:34:54.515+0000] {dagbag.py:536} INFO - Filling up the DagBag from /opt/airflow/dags/etl-dag.py
[2025-12-08T13:34:54.526+0000] {processor.py:839} INFO - DAG(s) dict_keys(['flight_etl']) retrieved from /opt/airflow/dags/etl-dag.py
[2025-12-08T13:34:54.655+0000] {logging_mixin.py:154} INFO - [2025-12-08T13:34:54.655+0000] {dag.py:2941} INFO - Sync 1 DAGs
[2025-12-08T13:34:54.670+0000] {logging_mixin.py:154} INFO - [2025-12-08T13:34:54.670+0000] {dag.py:3722} INFO - Setting next_dagrun for flight_etl to 2025-12-07T00:00:00+00:00, run_after=2025-12-08T00:00:00+00:00
[2025-12-08T13:34:54.684+0000] {processor.py:179} INFO - Processing /opt/airflow/dags/etl-dag.py took 0.173 seconds
[2025-12-08T13:35:25.408+0000] {processor.py:157} INFO - Started process (PID=120) to work on /opt/airflow/dags/etl-dag.py
[2025-12-08T13:35:25.409+0000] {processor.py:829} INFO - Processing file /opt/airflow/dags/etl-dag.py for tasks to queue
[2025-12-08T13:35:25.410+0000] {logging_mixin.py:154} INFO - [2025-12-08T13:35:25.410+0000] {dagbag.py:536} INFO - Filling up the DagBag from /opt/airflow/dags/etl-dag.py
[2025-12-08T13:35:25.415+0000] {processor.py:839} INFO - DAG(s) dict_keys(['flight_etl']) retrieved from /opt/airflow/dags/etl-dag.py
[2025-12-08T13:35:25.431+0000] {logging_mixin.py:154} INFO - [2025-12-08T13:35:25.431+0000] {dag.py:2941} INFO - Sync 1 DAGs
[2025-12-08T13:35:25.444+0000] {logging_mixin.py:154} INFO - [2025-12-08T13:35:25.444+0000] {dag.py:3722} INFO - Setting next_dagrun for flight_etl to 2025-12-08T00:00:00+00:00, run_after=2025-12-09T00:00:00+00:00
[2025-12-08T13:35:25.465+0000] {processor.py:179} INFO - Processing /opt/airflow/dags/etl-dag.py took 0.059 seconds
[2025-12-08T13:35:55.766+0000] {processor.py:157} INFO - Started process (PID=175) to work on /opt/airflow/dags/etl-dag.py
[2025-12-08T13:35:55.767+0000] {processor.py:829} INFO - Processing file /opt/airflow/dags/etl-dag.py for tasks to queue
[2025-12-08T13:35:55.769+0000] {logging_mixin.py:154} INFO - [2025-12-08T13:35:55.769+0000] {dagbag.py:536} INFO - Filling up the DagBag from /opt/airflow/dags/etl-dag.py
[2025-12-08T13:35:55.778+0000] {processor.py:839} INFO - DAG(s) dict_keys(['flight_etl']) retrieved from /opt/airflow/dags/etl-dag.py
[2025-12-08T13:35:55.794+0000] {logging_mixin.py:154} INFO - [2025-12-08T13:35:55.794+0000] {dag.py:2941} INFO - Sync 1 DAGs
[2025-12-08T13:35:55.812+0000] {logging_mixin.py:154} INFO - [2025-12-08T13:35:55.812+0000] {dag.py:3722} INFO - Setting next_dagrun for flight_etl to 2025-12-08T00:00:00+00:00, run_after=2025-12-09T00:00:00+00:00
[2025-12-08T13:35:55.836+0000] {processor.py:179} INFO - Processing /opt/airflow/dags/etl-dag.py took 0.073 seconds
[2025-12-08T13:36:26.003+0000] {processor.py:157} INFO - Started process (PID=230) to work on /opt/airflow/dags/etl-dag.py
[2025-12-08T13:36:26.004+0000] {processor.py:829} INFO - Processing file /opt/airflow/dags/etl-dag.py for tasks to queue
[2025-12-08T13:36:26.005+0000] {logging_mixin.py:154} INFO - [2025-12-08T13:36:26.005+0000] {dagbag.py:536} INFO - Filling up the DagBag from /opt/airflow/dags/etl-dag.py
[2025-12-08T13:36:26.012+0000] {processor.py:839} INFO - DAG(s) dict_keys(['flight_etl']) retrieved from /opt/airflow/dags/etl-dag.py
[2025-12-08T13:36:26.027+0000] {logging_mixin.py:154} INFO - [2025-12-08T13:36:26.027+0000] {dag.py:2941} INFO - Sync 1 DAGs
[2025-12-08T13:36:26.042+0000] {logging_mixin.py:154} INFO - [2025-12-08T13:36:26.042+0000] {dag.py:3722} INFO - Setting next_dagrun for flight_etl to 2025-12-08T00:00:00+00:00, run_after=2025-12-09T00:00:00+00:00
[2025-12-08T13:36:26.051+0000] {processor.py:179} INFO - Processing /opt/airflow/dags/etl-dag.py took 0.052 seconds
[2025-12-08T13:36:56.281+0000] {processor.py:157} INFO - Started process (PID=285) to work on /opt/airflow/dags/etl-dag.py
[2025-12-08T13:36:56.281+0000] {processor.py:829} INFO - Processing file /opt/airflow/dags/etl-dag.py for tasks to queue
[2025-12-08T13:36:56.284+0000] {logging_mixin.py:154} INFO - [2025-12-08T13:36:56.284+0000] {dagbag.py:536} INFO - Filling up the DagBag from /opt/airflow/dags/etl-dag.py
[2025-12-08T13:36:56.292+0000] {processor.py:839} INFO - DAG(s) dict_keys(['flight_etl']) retrieved from /opt/airflow/dags/etl-dag.py
[2025-12-08T13:36:56.307+0000] {logging_mixin.py:154} INFO - [2025-12-08T13:36:56.307+0000] {dag.py:2941} INFO - Sync 1 DAGs
[2025-12-08T13:36:56.322+0000] {logging_mixin.py:154} INFO - [2025-12-08T13:36:56.322+0000] {dag.py:3722} INFO - Setting next_dagrun for flight_etl to 2025-12-08T00:00:00+00:00, run_after=2025-12-09T00:00:00+00:00
[2025-12-08T13:36:56.335+0000] {processor.py:179} INFO - Processing /opt/airflow/dags/etl-dag.py took 0.058 seconds
[2025-12-08T13:37:26.380+0000] {processor.py:157} INFO - Started process (PID=340) to work on /opt/airflow/dags/etl-dag.py
[2025-12-08T13:37:26.381+0000] {processor.py:829} INFO - Processing file /opt/airflow/dags/etl-dag.py for tasks to queue
[2025-12-08T13:37:26.383+0000] {logging_mixin.py:154} INFO - [2025-12-08T13:37:26.382+0000] {dagbag.py:536} INFO - Filling up the DagBag from /opt/airflow/dags/etl-dag.py
[2025-12-08T13:37:26.390+0000] {processor.py:839} INFO - DAG(s) dict_keys(['flight_etl']) retrieved from /opt/airflow/dags/etl-dag.py
[2025-12-08T13:37:26.407+0000] {logging_mixin.py:154} INFO - [2025-12-08T13:37:26.406+0000] {dag.py:2941} INFO - Sync 1 DAGs
[2025-12-08T13:37:26.423+0000] {logging_mixin.py:154} INFO - [2025-12-08T13:37:26.423+0000] {dag.py:3722} INFO - Setting next_dagrun for flight_etl to 2025-12-08T00:00:00+00:00, run_after=2025-12-09T00:00:00+00:00
[2025-12-08T13:37:26.435+0000] {processor.py:179} INFO - Processing /opt/airflow/dags/etl-dag.py took 0.059 seconds
[2025-12-08T13:37:56.545+0000] {processor.py:157} INFO - Started process (PID=395) to work on /opt/airflow/dags/etl-dag.py
[2025-12-08T13:37:56.548+0000] {processor.py:829} INFO - Processing file /opt/airflow/dags/etl-dag.py for tasks to queue
[2025-12-08T13:37:56.550+0000] {logging_mixin.py:154} INFO - [2025-12-08T13:37:56.550+0000] {dagbag.py:536} INFO - Filling up the DagBag from /opt/airflow/dags/etl-dag.py
[2025-12-08T13:37:56.558+0000] {processor.py:839} INFO - DAG(s) dict_keys(['flight_etl']) retrieved from /opt/airflow/dags/etl-dag.py
[2025-12-08T13:37:56.574+0000] {logging_mixin.py:154} INFO - [2025-12-08T13:37:56.574+0000] {dag.py:2941} INFO - Sync 1 DAGs
[2025-12-08T13:37:56.587+0000] {logging_mixin.py:154} INFO - [2025-12-08T13:37:56.587+0000] {dag.py:3722} INFO - Setting next_dagrun for flight_etl to 2025-12-08T00:00:00+00:00, run_after=2025-12-09T00:00:00+00:00
[2025-12-08T13:37:56.597+0000] {processor.py:179} INFO - Processing /opt/airflow/dags/etl-dag.py took 0.055 seconds
[2025-12-08T13:38:27.178+0000] {processor.py:157} INFO - Started process (PID=457) to work on /opt/airflow/dags/etl-dag.py
[2025-12-08T13:38:27.178+0000] {processor.py:829} INFO - Processing file /opt/airflow/dags/etl-dag.py for tasks to queue
[2025-12-08T13:38:27.180+0000] {logging_mixin.py:154} INFO - [2025-12-08T13:38:27.180+0000] {dagbag.py:536} INFO - Filling up the DagBag from /opt/airflow/dags/etl-dag.py
[2025-12-08T13:38:27.186+0000] {processor.py:839} INFO - DAG(s) dict_keys(['flight_etl']) retrieved from /opt/airflow/dags/etl-dag.py
[2025-12-08T13:38:27.202+0000] {logging_mixin.py:154} INFO - [2025-12-08T13:38:27.202+0000] {dag.py:2941} INFO - Sync 1 DAGs
[2025-12-08T13:38:27.216+0000] {logging_mixin.py:154} INFO - [2025-12-08T13:38:27.216+0000] {dag.py:3722} INFO - Setting next_dagrun for flight_etl to 2025-12-08T00:00:00+00:00, run_after=2025-12-09T00:00:00+00:00
[2025-12-08T13:38:27.226+0000] {processor.py:179} INFO - Processing /opt/airflow/dags/etl-dag.py took 0.052 seconds
