[2025-12-11T00:38:16.310+0000] {processor.py:157} INFO - Started process (PID=181) to work on /home/airflow/.local/lib/python3.8/site-packages/airflow/example_dags/example_datasets.py
[2025-12-11T00:38:16.311+0000] {processor.py:829} INFO - Processing file /home/airflow/.local/lib/python3.8/site-packages/airflow/example_dags/example_datasets.py for tasks to queue
[2025-12-11T00:38:16.313+0000] {logging_mixin.py:154} INFO - [2025-12-11T00:38:16.313+0000] {dagbag.py:536} INFO - Filling up the DagBag from /home/airflow/.local/lib/python3.8/site-packages/airflow/example_dags/example_datasets.py
[2025-12-11T00:38:16.320+0000] {processor.py:839} INFO - DAG(s) dict_keys(['dataset_consumes_1_and_2', 'dataset_consumes_1', 'dataset_consumes_unknown_never_scheduled', 'dataset_produces_1', 'dataset_consumes_1_never_scheduled', 'dataset_produces_2']) retrieved from /home/airflow/.local/lib/python3.8/site-packages/airflow/example_dags/example_datasets.py
[2025-12-11T00:38:16.332+0000] {logging_mixin.py:154} INFO - [2025-12-11T00:38:16.331+0000] {dag.py:2941} INFO - Sync 6 DAGs
[2025-12-11T00:38:16.347+0000] {logging_mixin.py:154} INFO - [2025-12-11T00:38:16.347+0000] {dag.py:3722} INFO - Setting next_dagrun for dataset_consumes_1 to None, run_after=None
[2025-12-11T00:38:16.350+0000] {logging_mixin.py:154} INFO - [2025-12-11T00:38:16.349+0000] {dag.py:3722} INFO - Setting next_dagrun for dataset_consumes_1_and_2 to None, run_after=None
[2025-12-11T00:38:16.350+0000] {logging_mixin.py:154} INFO - [2025-12-11T00:38:16.350+0000] {dag.py:3722} INFO - Setting next_dagrun for dataset_consumes_1_never_scheduled to None, run_after=None
[2025-12-11T00:38:16.351+0000] {logging_mixin.py:154} INFO - [2025-12-11T00:38:16.351+0000] {dag.py:3722} INFO - Setting next_dagrun for dataset_consumes_unknown_never_scheduled to None, run_after=None
[2025-12-11T00:38:16.353+0000] {logging_mixin.py:154} INFO - [2025-12-11T00:38:16.353+0000] {dag.py:3722} INFO - Setting next_dagrun for dataset_produces_1 to 2025-12-10T00:00:00+00:00, run_after=2025-12-11T00:00:00+00:00
[2025-12-11T00:38:16.354+0000] {logging_mixin.py:154} INFO - [2025-12-11T00:38:16.354+0000] {dag.py:3722} INFO - Setting next_dagrun for dataset_produces_2 to None, run_after=None
[2025-12-11T00:38:16.372+0000] {processor.py:179} INFO - Processing /home/airflow/.local/lib/python3.8/site-packages/airflow/example_dags/example_datasets.py took 0.065 seconds
[2025-12-11T00:38:46.404+0000] {processor.py:157} INFO - Started process (PID=244) to work on /home/airflow/.local/lib/python3.8/site-packages/airflow/example_dags/example_datasets.py
[2025-12-11T00:38:46.405+0000] {processor.py:829} INFO - Processing file /home/airflow/.local/lib/python3.8/site-packages/airflow/example_dags/example_datasets.py for tasks to queue
[2025-12-11T00:38:46.406+0000] {logging_mixin.py:154} INFO - [2025-12-11T00:38:46.406+0000] {dagbag.py:536} INFO - Filling up the DagBag from /home/airflow/.local/lib/python3.8/site-packages/airflow/example_dags/example_datasets.py
[2025-12-11T00:38:46.415+0000] {processor.py:839} INFO - DAG(s) dict_keys(['dataset_consumes_unknown_never_scheduled', 'dataset_produces_1', 'dataset_consumes_1', 'dataset_produces_2', 'dataset_consumes_1_never_scheduled', 'dataset_consumes_1_and_2']) retrieved from /home/airflow/.local/lib/python3.8/site-packages/airflow/example_dags/example_datasets.py
[2025-12-11T00:38:46.445+0000] {logging_mixin.py:154} INFO - [2025-12-11T00:38:46.445+0000] {dag.py:2941} INFO - Sync 6 DAGs
[2025-12-11T00:38:46.459+0000] {logging_mixin.py:154} INFO - [2025-12-11T00:38:46.459+0000] {dag.py:3722} INFO - Setting next_dagrun for dataset_consumes_1 to None, run_after=None
[2025-12-11T00:38:46.461+0000] {logging_mixin.py:154} INFO - [2025-12-11T00:38:46.461+0000] {dag.py:3722} INFO - Setting next_dagrun for dataset_consumes_1_and_2 to None, run_after=None
[2025-12-11T00:38:46.462+0000] {logging_mixin.py:154} INFO - [2025-12-11T00:38:46.462+0000] {dag.py:3722} INFO - Setting next_dagrun for dataset_consumes_1_never_scheduled to None, run_after=None
[2025-12-11T00:38:46.462+0000] {logging_mixin.py:154} INFO - [2025-12-11T00:38:46.462+0000] {dag.py:3722} INFO - Setting next_dagrun for dataset_consumes_unknown_never_scheduled to None, run_after=None
[2025-12-11T00:38:46.464+0000] {logging_mixin.py:154} INFO - [2025-12-11T00:38:46.464+0000] {dag.py:3722} INFO - Setting next_dagrun for dataset_produces_1 to 2025-12-10T00:00:00+00:00, run_after=2025-12-11T00:00:00+00:00
[2025-12-11T00:38:46.465+0000] {logging_mixin.py:154} INFO - [2025-12-11T00:38:46.465+0000] {dag.py:3722} INFO - Setting next_dagrun for dataset_produces_2 to None, run_after=None
[2025-12-11T00:38:46.488+0000] {processor.py:179} INFO - Processing /home/airflow/.local/lib/python3.8/site-packages/airflow/example_dags/example_datasets.py took 0.085 seconds
[2025-12-11T00:39:16.994+0000] {processor.py:157} INFO - Started process (PID=299) to work on /home/airflow/.local/lib/python3.8/site-packages/airflow/example_dags/example_datasets.py
[2025-12-11T00:39:16.995+0000] {processor.py:829} INFO - Processing file /home/airflow/.local/lib/python3.8/site-packages/airflow/example_dags/example_datasets.py for tasks to queue
[2025-12-11T00:39:16.996+0000] {logging_mixin.py:154} INFO - [2025-12-11T00:39:16.996+0000] {dagbag.py:536} INFO - Filling up the DagBag from /home/airflow/.local/lib/python3.8/site-packages/airflow/example_dags/example_datasets.py
[2025-12-11T00:39:17.002+0000] {processor.py:839} INFO - DAG(s) dict_keys(['dataset_consumes_1_never_scheduled', 'dataset_consumes_1_and_2', 'dataset_consumes_unknown_never_scheduled', 'dataset_produces_2', 'dataset_consumes_1', 'dataset_produces_1']) retrieved from /home/airflow/.local/lib/python3.8/site-packages/airflow/example_dags/example_datasets.py
[2025-12-11T00:39:17.027+0000] {logging_mixin.py:154} INFO - [2025-12-11T00:39:17.027+0000] {dag.py:2941} INFO - Sync 6 DAGs
[2025-12-11T00:39:17.040+0000] {logging_mixin.py:154} INFO - [2025-12-11T00:39:17.040+0000] {dag.py:3722} INFO - Setting next_dagrun for dataset_consumes_1 to None, run_after=None
[2025-12-11T00:39:17.042+0000] {logging_mixin.py:154} INFO - [2025-12-11T00:39:17.042+0000] {dag.py:3722} INFO - Setting next_dagrun for dataset_consumes_1_and_2 to None, run_after=None
[2025-12-11T00:39:17.043+0000] {logging_mixin.py:154} INFO - [2025-12-11T00:39:17.043+0000] {dag.py:3722} INFO - Setting next_dagrun for dataset_consumes_1_never_scheduled to None, run_after=None
[2025-12-11T00:39:17.044+0000] {logging_mixin.py:154} INFO - [2025-12-11T00:39:17.044+0000] {dag.py:3722} INFO - Setting next_dagrun for dataset_consumes_unknown_never_scheduled to None, run_after=None
[2025-12-11T00:39:17.046+0000] {logging_mixin.py:154} INFO - [2025-12-11T00:39:17.046+0000] {dag.py:3722} INFO - Setting next_dagrun for dataset_produces_1 to 2025-12-10T00:00:00+00:00, run_after=2025-12-11T00:00:00+00:00
[2025-12-11T00:39:17.046+0000] {logging_mixin.py:154} INFO - [2025-12-11T00:39:17.046+0000] {dag.py:3722} INFO - Setting next_dagrun for dataset_produces_2 to None, run_after=None
[2025-12-11T00:39:17.065+0000] {processor.py:179} INFO - Processing /home/airflow/.local/lib/python3.8/site-packages/airflow/example_dags/example_datasets.py took 0.073 seconds
[2025-12-11T00:39:47.101+0000] {processor.py:157} INFO - Started process (PID=354) to work on /home/airflow/.local/lib/python3.8/site-packages/airflow/example_dags/example_datasets.py
[2025-12-11T00:39:47.102+0000] {processor.py:829} INFO - Processing file /home/airflow/.local/lib/python3.8/site-packages/airflow/example_dags/example_datasets.py for tasks to queue
[2025-12-11T00:39:47.104+0000] {logging_mixin.py:154} INFO - [2025-12-11T00:39:47.104+0000] {dagbag.py:536} INFO - Filling up the DagBag from /home/airflow/.local/lib/python3.8/site-packages/airflow/example_dags/example_datasets.py
[2025-12-11T00:39:47.110+0000] {processor.py:839} INFO - DAG(s) dict_keys(['dataset_produces_2', 'dataset_consumes_1_never_scheduled', 'dataset_consumes_1', 'dataset_produces_1', 'dataset_consumes_1_and_2', 'dataset_consumes_unknown_never_scheduled']) retrieved from /home/airflow/.local/lib/python3.8/site-packages/airflow/example_dags/example_datasets.py
[2025-12-11T00:39:47.132+0000] {logging_mixin.py:154} INFO - [2025-12-11T00:39:47.132+0000] {dag.py:2941} INFO - Sync 6 DAGs
[2025-12-11T00:39:47.146+0000] {logging_mixin.py:154} INFO - [2025-12-11T00:39:47.146+0000] {dag.py:3722} INFO - Setting next_dagrun for dataset_consumes_1 to None, run_after=None
[2025-12-11T00:39:47.148+0000] {logging_mixin.py:154} INFO - [2025-12-11T00:39:47.148+0000] {dag.py:3722} INFO - Setting next_dagrun for dataset_consumes_1_and_2 to None, run_after=None
[2025-12-11T00:39:47.149+0000] {logging_mixin.py:154} INFO - [2025-12-11T00:39:47.149+0000] {dag.py:3722} INFO - Setting next_dagrun for dataset_consumes_1_never_scheduled to None, run_after=None
[2025-12-11T00:39:47.150+0000] {logging_mixin.py:154} INFO - [2025-12-11T00:39:47.150+0000] {dag.py:3722} INFO - Setting next_dagrun for dataset_consumes_unknown_never_scheduled to None, run_after=None
[2025-12-11T00:39:47.152+0000] {logging_mixin.py:154} INFO - [2025-12-11T00:39:47.152+0000] {dag.py:3722} INFO - Setting next_dagrun for dataset_produces_1 to 2025-12-10T00:00:00+00:00, run_after=2025-12-11T00:00:00+00:00
[2025-12-11T00:39:47.153+0000] {logging_mixin.py:154} INFO - [2025-12-11T00:39:47.153+0000] {dag.py:3722} INFO - Setting next_dagrun for dataset_produces_2 to None, run_after=None
[2025-12-11T00:39:47.174+0000] {processor.py:179} INFO - Processing /home/airflow/.local/lib/python3.8/site-packages/airflow/example_dags/example_datasets.py took 0.075 seconds
[2025-12-11T00:40:24.777+0000] {processor.py:157} INFO - Started process (PID=416) to work on /home/airflow/.local/lib/python3.8/site-packages/airflow/example_dags/example_datasets.py
[2025-12-11T00:40:24.779+0000] {processor.py:829} INFO - Processing file /home/airflow/.local/lib/python3.8/site-packages/airflow/example_dags/example_datasets.py for tasks to queue
[2025-12-11T00:40:24.780+0000] {logging_mixin.py:154} INFO - [2025-12-11T00:40:24.780+0000] {dagbag.py:536} INFO - Filling up the DagBag from /home/airflow/.local/lib/python3.8/site-packages/airflow/example_dags/example_datasets.py
[2025-12-11T00:40:24.786+0000] {processor.py:839} INFO - DAG(s) dict_keys(['dataset_produces_2', 'dataset_consumes_1_and_2', 'dataset_consumes_unknown_never_scheduled', 'dataset_produces_1', 'dataset_consumes_1', 'dataset_consumes_1_never_scheduled']) retrieved from /home/airflow/.local/lib/python3.8/site-packages/airflow/example_dags/example_datasets.py
[2025-12-11T00:40:24.806+0000] {logging_mixin.py:154} INFO - [2025-12-11T00:40:24.806+0000] {dag.py:2941} INFO - Sync 6 DAGs
[2025-12-11T00:40:24.820+0000] {logging_mixin.py:154} INFO - [2025-12-11T00:40:24.820+0000] {dag.py:3722} INFO - Setting next_dagrun for dataset_consumes_1 to None, run_after=None
[2025-12-11T00:40:24.822+0000] {logging_mixin.py:154} INFO - [2025-12-11T00:40:24.822+0000] {dag.py:3722} INFO - Setting next_dagrun for dataset_consumes_1_and_2 to None, run_after=None
[2025-12-11T00:40:24.823+0000] {logging_mixin.py:154} INFO - [2025-12-11T00:40:24.823+0000] {dag.py:3722} INFO - Setting next_dagrun for dataset_consumes_1_never_scheduled to None, run_after=None
[2025-12-11T00:40:24.823+0000] {logging_mixin.py:154} INFO - [2025-12-11T00:40:24.823+0000] {dag.py:3722} INFO - Setting next_dagrun for dataset_consumes_unknown_never_scheduled to None, run_after=None
[2025-12-11T00:40:24.825+0000] {logging_mixin.py:154} INFO - [2025-12-11T00:40:24.825+0000] {dag.py:3722} INFO - Setting next_dagrun for dataset_produces_1 to 2025-12-10T00:00:00+00:00, run_after=2025-12-11T00:00:00+00:00
[2025-12-11T00:40:24.826+0000] {logging_mixin.py:154} INFO - [2025-12-11T00:40:24.826+0000] {dag.py:3722} INFO - Setting next_dagrun for dataset_produces_2 to None, run_after=None
[2025-12-11T00:40:24.844+0000] {processor.py:179} INFO - Processing /home/airflow/.local/lib/python3.8/site-packages/airflow/example_dags/example_datasets.py took 0.069 seconds
[2025-12-11T00:40:55.645+0000] {processor.py:157} INFO - Started process (PID=471) to work on /home/airflow/.local/lib/python3.8/site-packages/airflow/example_dags/example_datasets.py
[2025-12-11T00:40:55.646+0000] {processor.py:829} INFO - Processing file /home/airflow/.local/lib/python3.8/site-packages/airflow/example_dags/example_datasets.py for tasks to queue
[2025-12-11T00:40:55.647+0000] {logging_mixin.py:154} INFO - [2025-12-11T00:40:55.647+0000] {dagbag.py:536} INFO - Filling up the DagBag from /home/airflow/.local/lib/python3.8/site-packages/airflow/example_dags/example_datasets.py
[2025-12-11T00:40:55.656+0000] {processor.py:839} INFO - DAG(s) dict_keys(['dataset_produces_2', 'dataset_consumes_1_and_2', 'dataset_consumes_1_never_scheduled', 'dataset_produces_1', 'dataset_consumes_1', 'dataset_consumes_unknown_never_scheduled']) retrieved from /home/airflow/.local/lib/python3.8/site-packages/airflow/example_dags/example_datasets.py
[2025-12-11T00:40:55.684+0000] {logging_mixin.py:154} INFO - [2025-12-11T00:40:55.683+0000] {dag.py:2941} INFO - Sync 6 DAGs
[2025-12-11T00:40:55.699+0000] {logging_mixin.py:154} INFO - [2025-12-11T00:40:55.699+0000] {dag.py:3722} INFO - Setting next_dagrun for dataset_consumes_1 to None, run_after=None
[2025-12-11T00:40:55.702+0000] {logging_mixin.py:154} INFO - [2025-12-11T00:40:55.701+0000] {dag.py:3722} INFO - Setting next_dagrun for dataset_consumes_1_and_2 to None, run_after=None
[2025-12-11T00:40:55.702+0000] {logging_mixin.py:154} INFO - [2025-12-11T00:40:55.702+0000] {dag.py:3722} INFO - Setting next_dagrun for dataset_consumes_1_never_scheduled to None, run_after=None
[2025-12-11T00:40:55.703+0000] {logging_mixin.py:154} INFO - [2025-12-11T00:40:55.703+0000] {dag.py:3722} INFO - Setting next_dagrun for dataset_consumes_unknown_never_scheduled to None, run_after=None
[2025-12-11T00:40:55.705+0000] {logging_mixin.py:154} INFO - [2025-12-11T00:40:55.705+0000] {dag.py:3722} INFO - Setting next_dagrun for dataset_produces_1 to 2025-12-10T00:00:00+00:00, run_after=2025-12-11T00:00:00+00:00
[2025-12-11T00:40:55.706+0000] {logging_mixin.py:154} INFO - [2025-12-11T00:40:55.706+0000] {dag.py:3722} INFO - Setting next_dagrun for dataset_produces_2 to None, run_after=None
[2025-12-11T00:40:55.723+0000] {processor.py:179} INFO - Processing /home/airflow/.local/lib/python3.8/site-packages/airflow/example_dags/example_datasets.py took 0.081 seconds
[2025-12-11T00:41:28.537+0000] {processor.py:157} INFO - Started process (PID=526) to work on /home/airflow/.local/lib/python3.8/site-packages/airflow/example_dags/example_datasets.py
[2025-12-11T00:41:28.600+0000] {processor.py:829} INFO - Processing file /home/airflow/.local/lib/python3.8/site-packages/airflow/example_dags/example_datasets.py for tasks to queue
[2025-12-11T00:41:28.602+0000] {logging_mixin.py:154} INFO - [2025-12-11T00:41:28.601+0000] {dagbag.py:536} INFO - Filling up the DagBag from /home/airflow/.local/lib/python3.8/site-packages/airflow/example_dags/example_datasets.py
[2025-12-11T00:41:28.612+0000] {processor.py:839} INFO - DAG(s) dict_keys(['dataset_produces_2', 'dataset_produces_1', 'dataset_consumes_unknown_never_scheduled', 'dataset_consumes_1_never_scheduled', 'dataset_consumes_1_and_2', 'dataset_consumes_1']) retrieved from /home/airflow/.local/lib/python3.8/site-packages/airflow/example_dags/example_datasets.py
[2025-12-11T00:41:28.648+0000] {logging_mixin.py:154} INFO - [2025-12-11T00:41:28.648+0000] {dag.py:2941} INFO - Sync 6 DAGs
[2025-12-11T00:41:28.661+0000] {logging_mixin.py:154} INFO - [2025-12-11T00:41:28.661+0000] {dag.py:3722} INFO - Setting next_dagrun for dataset_consumes_1 to None, run_after=None
[2025-12-11T00:41:28.663+0000] {logging_mixin.py:154} INFO - [2025-12-11T00:41:28.663+0000] {dag.py:3722} INFO - Setting next_dagrun for dataset_consumes_1_and_2 to None, run_after=None
[2025-12-11T00:41:28.664+0000] {logging_mixin.py:154} INFO - [2025-12-11T00:41:28.664+0000] {dag.py:3722} INFO - Setting next_dagrun for dataset_consumes_1_never_scheduled to None, run_after=None
[2025-12-11T00:41:28.664+0000] {logging_mixin.py:154} INFO - [2025-12-11T00:41:28.664+0000] {dag.py:3722} INFO - Setting next_dagrun for dataset_consumes_unknown_never_scheduled to None, run_after=None
[2025-12-11T00:41:28.666+0000] {logging_mixin.py:154} INFO - [2025-12-11T00:41:28.666+0000] {dag.py:3722} INFO - Setting next_dagrun for dataset_produces_1 to 2025-12-10T00:00:00+00:00, run_after=2025-12-11T00:00:00+00:00
[2025-12-11T00:41:28.667+0000] {logging_mixin.py:154} INFO - [2025-12-11T00:41:28.667+0000] {dag.py:3722} INFO - Setting next_dagrun for dataset_produces_2 to None, run_after=None
[2025-12-11T00:41:29.228+0000] {processor.py:179} INFO - Processing /home/airflow/.local/lib/python3.8/site-packages/airflow/example_dags/example_datasets.py took 0.696 seconds
[2025-12-11T00:41:59.304+0000] {processor.py:157} INFO - Started process (PID=580) to work on /home/airflow/.local/lib/python3.8/site-packages/airflow/example_dags/example_datasets.py
[2025-12-11T00:41:59.305+0000] {processor.py:829} INFO - Processing file /home/airflow/.local/lib/python3.8/site-packages/airflow/example_dags/example_datasets.py for tasks to queue
[2025-12-11T00:41:59.306+0000] {logging_mixin.py:154} INFO - [2025-12-11T00:41:59.306+0000] {dagbag.py:536} INFO - Filling up the DagBag from /home/airflow/.local/lib/python3.8/site-packages/airflow/example_dags/example_datasets.py
[2025-12-11T00:41:59.313+0000] {processor.py:839} INFO - DAG(s) dict_keys(['dataset_consumes_1', 'dataset_produces_2', 'dataset_consumes_1_and_2', 'dataset_produces_1', 'dataset_consumes_unknown_never_scheduled', 'dataset_consumes_1_never_scheduled']) retrieved from /home/airflow/.local/lib/python3.8/site-packages/airflow/example_dags/example_datasets.py
[2025-12-11T00:41:59.336+0000] {logging_mixin.py:154} INFO - [2025-12-11T00:41:59.336+0000] {dag.py:2941} INFO - Sync 6 DAGs
[2025-12-11T00:41:59.350+0000] {logging_mixin.py:154} INFO - [2025-12-11T00:41:59.350+0000] {dag.py:3722} INFO - Setting next_dagrun for dataset_consumes_1 to None, run_after=None
[2025-12-11T00:41:59.353+0000] {logging_mixin.py:154} INFO - [2025-12-11T00:41:59.353+0000] {dag.py:3722} INFO - Setting next_dagrun for dataset_consumes_1_and_2 to None, run_after=None
[2025-12-11T00:41:59.353+0000] {logging_mixin.py:154} INFO - [2025-12-11T00:41:59.353+0000] {dag.py:3722} INFO - Setting next_dagrun for dataset_consumes_1_never_scheduled to None, run_after=None
[2025-12-11T00:41:59.354+0000] {logging_mixin.py:154} INFO - [2025-12-11T00:41:59.354+0000] {dag.py:3722} INFO - Setting next_dagrun for dataset_consumes_unknown_never_scheduled to None, run_after=None
[2025-12-11T00:41:59.356+0000] {logging_mixin.py:154} INFO - [2025-12-11T00:41:59.356+0000] {dag.py:3722} INFO - Setting next_dagrun for dataset_produces_1 to 2025-12-10T00:00:00+00:00, run_after=2025-12-11T00:00:00+00:00
[2025-12-11T00:41:59.356+0000] {logging_mixin.py:154} INFO - [2025-12-11T00:41:59.356+0000] {dag.py:3722} INFO - Setting next_dagrun for dataset_produces_2 to None, run_after=None
[2025-12-11T00:41:59.375+0000] {processor.py:179} INFO - Processing /home/airflow/.local/lib/python3.8/site-packages/airflow/example_dags/example_datasets.py took 0.073 seconds
[2025-12-11T00:42:30.269+0000] {processor.py:157} INFO - Started process (PID=635) to work on /home/airflow/.local/lib/python3.8/site-packages/airflow/example_dags/example_datasets.py
[2025-12-11T00:42:30.270+0000] {processor.py:829} INFO - Processing file /home/airflow/.local/lib/python3.8/site-packages/airflow/example_dags/example_datasets.py for tasks to queue
[2025-12-11T00:42:30.271+0000] {logging_mixin.py:154} INFO - [2025-12-11T00:42:30.271+0000] {dagbag.py:536} INFO - Filling up the DagBag from /home/airflow/.local/lib/python3.8/site-packages/airflow/example_dags/example_datasets.py
[2025-12-11T00:42:30.277+0000] {processor.py:839} INFO - DAG(s) dict_keys(['dataset_consumes_unknown_never_scheduled', 'dataset_consumes_1_and_2', 'dataset_consumes_1_never_scheduled', 'dataset_produces_2', 'dataset_consumes_1', 'dataset_produces_1']) retrieved from /home/airflow/.local/lib/python3.8/site-packages/airflow/example_dags/example_datasets.py
[2025-12-11T00:42:30.300+0000] {logging_mixin.py:154} INFO - [2025-12-11T00:42:30.300+0000] {dag.py:2941} INFO - Sync 6 DAGs
[2025-12-11T00:42:30.313+0000] {logging_mixin.py:154} INFO - [2025-12-11T00:42:30.313+0000] {dag.py:3722} INFO - Setting next_dagrun for dataset_consumes_1 to None, run_after=None
[2025-12-11T00:42:30.316+0000] {logging_mixin.py:154} INFO - [2025-12-11T00:42:30.315+0000] {dag.py:3722} INFO - Setting next_dagrun for dataset_consumes_1_and_2 to None, run_after=None
[2025-12-11T00:42:30.316+0000] {logging_mixin.py:154} INFO - [2025-12-11T00:42:30.316+0000] {dag.py:3722} INFO - Setting next_dagrun for dataset_consumes_1_never_scheduled to None, run_after=None
[2025-12-11T00:42:30.317+0000] {logging_mixin.py:154} INFO - [2025-12-11T00:42:30.317+0000] {dag.py:3722} INFO - Setting next_dagrun for dataset_consumes_unknown_never_scheduled to None, run_after=None
[2025-12-11T00:42:30.318+0000] {logging_mixin.py:154} INFO - [2025-12-11T00:42:30.318+0000] {dag.py:3722} INFO - Setting next_dagrun for dataset_produces_1 to 2025-12-10T00:00:00+00:00, run_after=2025-12-11T00:00:00+00:00
[2025-12-11T00:42:30.319+0000] {logging_mixin.py:154} INFO - [2025-12-11T00:42:30.319+0000] {dag.py:3722} INFO - Setting next_dagrun for dataset_produces_2 to None, run_after=None
[2025-12-11T00:42:30.336+0000] {processor.py:179} INFO - Processing /home/airflow/.local/lib/python3.8/site-packages/airflow/example_dags/example_datasets.py took 0.069 seconds
[2025-12-11T00:43:01.086+0000] {processor.py:157} INFO - Started process (PID=690) to work on /home/airflow/.local/lib/python3.8/site-packages/airflow/example_dags/example_datasets.py
[2025-12-11T00:43:01.090+0000] {processor.py:829} INFO - Processing file /home/airflow/.local/lib/python3.8/site-packages/airflow/example_dags/example_datasets.py for tasks to queue
[2025-12-11T00:43:01.092+0000] {logging_mixin.py:154} INFO - [2025-12-11T00:43:01.091+0000] {dagbag.py:536} INFO - Filling up the DagBag from /home/airflow/.local/lib/python3.8/site-packages/airflow/example_dags/example_datasets.py
[2025-12-11T00:43:01.098+0000] {processor.py:839} INFO - DAG(s) dict_keys(['dataset_produces_1', 'dataset_consumes_unknown_never_scheduled', 'dataset_produces_2', 'dataset_consumes_1_never_scheduled', 'dataset_consumes_1', 'dataset_consumes_1_and_2']) retrieved from /home/airflow/.local/lib/python3.8/site-packages/airflow/example_dags/example_datasets.py
[2025-12-11T00:43:01.119+0000] {logging_mixin.py:154} INFO - [2025-12-11T00:43:01.119+0000] {dag.py:2941} INFO - Sync 6 DAGs
[2025-12-11T00:43:01.133+0000] {logging_mixin.py:154} INFO - [2025-12-11T00:43:01.133+0000] {dag.py:3722} INFO - Setting next_dagrun for dataset_consumes_1 to None, run_after=None
[2025-12-11T00:43:01.136+0000] {logging_mixin.py:154} INFO - [2025-12-11T00:43:01.136+0000] {dag.py:3722} INFO - Setting next_dagrun for dataset_consumes_1_and_2 to None, run_after=None
[2025-12-11T00:43:01.136+0000] {logging_mixin.py:154} INFO - [2025-12-11T00:43:01.136+0000] {dag.py:3722} INFO - Setting next_dagrun for dataset_consumes_1_never_scheduled to None, run_after=None
[2025-12-11T00:43:01.137+0000] {logging_mixin.py:154} INFO - [2025-12-11T00:43:01.137+0000] {dag.py:3722} INFO - Setting next_dagrun for dataset_consumes_unknown_never_scheduled to None, run_after=None
[2025-12-11T00:43:01.139+0000] {logging_mixin.py:154} INFO - [2025-12-11T00:43:01.139+0000] {dag.py:3722} INFO - Setting next_dagrun for dataset_produces_1 to 2025-12-10T00:00:00+00:00, run_after=2025-12-11T00:00:00+00:00
[2025-12-11T00:43:01.140+0000] {logging_mixin.py:154} INFO - [2025-12-11T00:43:01.140+0000] {dag.py:3722} INFO - Setting next_dagrun for dataset_produces_2 to None, run_after=None
[2025-12-11T00:43:01.181+0000] {processor.py:179} INFO - Processing /home/airflow/.local/lib/python3.8/site-packages/airflow/example_dags/example_datasets.py took 0.098 seconds
[2025-12-11T00:43:31.295+0000] {processor.py:157} INFO - Started process (PID=745) to work on /home/airflow/.local/lib/python3.8/site-packages/airflow/example_dags/example_datasets.py
[2025-12-11T00:43:31.296+0000] {processor.py:829} INFO - Processing file /home/airflow/.local/lib/python3.8/site-packages/airflow/example_dags/example_datasets.py for tasks to queue
[2025-12-11T00:43:31.297+0000] {logging_mixin.py:154} INFO - [2025-12-11T00:43:31.297+0000] {dagbag.py:536} INFO - Filling up the DagBag from /home/airflow/.local/lib/python3.8/site-packages/airflow/example_dags/example_datasets.py
[2025-12-11T00:43:31.302+0000] {processor.py:839} INFO - DAG(s) dict_keys(['dataset_consumes_unknown_never_scheduled', 'dataset_produces_2', 'dataset_consumes_1', 'dataset_produces_1', 'dataset_consumes_1_never_scheduled', 'dataset_consumes_1_and_2']) retrieved from /home/airflow/.local/lib/python3.8/site-packages/airflow/example_dags/example_datasets.py
[2025-12-11T00:43:31.324+0000] {logging_mixin.py:154} INFO - [2025-12-11T00:43:31.324+0000] {dag.py:2941} INFO - Sync 6 DAGs
[2025-12-11T00:43:31.337+0000] {logging_mixin.py:154} INFO - [2025-12-11T00:43:31.337+0000] {dag.py:3722} INFO - Setting next_dagrun for dataset_consumes_1 to None, run_after=None
[2025-12-11T00:43:31.340+0000] {logging_mixin.py:154} INFO - [2025-12-11T00:43:31.339+0000] {dag.py:3722} INFO - Setting next_dagrun for dataset_consumes_1_and_2 to None, run_after=None
[2025-12-11T00:43:31.340+0000] {logging_mixin.py:154} INFO - [2025-12-11T00:43:31.340+0000] {dag.py:3722} INFO - Setting next_dagrun for dataset_consumes_1_never_scheduled to None, run_after=None
[2025-12-11T00:43:31.341+0000] {logging_mixin.py:154} INFO - [2025-12-11T00:43:31.341+0000] {dag.py:3722} INFO - Setting next_dagrun for dataset_consumes_unknown_never_scheduled to None, run_after=None
[2025-12-11T00:43:31.345+0000] {logging_mixin.py:154} INFO - [2025-12-11T00:43:31.345+0000] {dag.py:3722} INFO - Setting next_dagrun for dataset_produces_1 to 2025-12-10T00:00:00+00:00, run_after=2025-12-11T00:00:00+00:00
[2025-12-11T00:43:31.346+0000] {logging_mixin.py:154} INFO - [2025-12-11T00:43:31.345+0000] {dag.py:3722} INFO - Setting next_dagrun for dataset_produces_2 to None, run_after=None
[2025-12-11T00:43:31.365+0000] {processor.py:179} INFO - Processing /home/airflow/.local/lib/python3.8/site-packages/airflow/example_dags/example_datasets.py took 0.072 seconds
[2025-12-11T00:44:01.924+0000] {processor.py:157} INFO - Started process (PID=801) to work on /home/airflow/.local/lib/python3.8/site-packages/airflow/example_dags/example_datasets.py
[2025-12-11T00:44:01.925+0000] {processor.py:829} INFO - Processing file /home/airflow/.local/lib/python3.8/site-packages/airflow/example_dags/example_datasets.py for tasks to queue
[2025-12-11T00:44:01.927+0000] {logging_mixin.py:154} INFO - [2025-12-11T00:44:01.926+0000] {dagbag.py:536} INFO - Filling up the DagBag from /home/airflow/.local/lib/python3.8/site-packages/airflow/example_dags/example_datasets.py
[2025-12-11T00:44:01.933+0000] {processor.py:839} INFO - DAG(s) dict_keys(['dataset_produces_1', 'dataset_consumes_1_and_2', 'dataset_consumes_1_never_scheduled', 'dataset_produces_2', 'dataset_consumes_unknown_never_scheduled', 'dataset_consumes_1']) retrieved from /home/airflow/.local/lib/python3.8/site-packages/airflow/example_dags/example_datasets.py
[2025-12-11T00:44:01.953+0000] {logging_mixin.py:154} INFO - [2025-12-11T00:44:01.953+0000] {dag.py:2941} INFO - Sync 6 DAGs
[2025-12-11T00:44:01.966+0000] {logging_mixin.py:154} INFO - [2025-12-11T00:44:01.966+0000] {dag.py:3722} INFO - Setting next_dagrun for dataset_consumes_1 to None, run_after=None
[2025-12-11T00:44:01.969+0000] {logging_mixin.py:154} INFO - [2025-12-11T00:44:01.969+0000] {dag.py:3722} INFO - Setting next_dagrun for dataset_consumes_1_and_2 to None, run_after=None
[2025-12-11T00:44:01.970+0000] {logging_mixin.py:154} INFO - [2025-12-11T00:44:01.969+0000] {dag.py:3722} INFO - Setting next_dagrun for dataset_consumes_1_never_scheduled to None, run_after=None
[2025-12-11T00:44:01.970+0000] {logging_mixin.py:154} INFO - [2025-12-11T00:44:01.970+0000] {dag.py:3722} INFO - Setting next_dagrun for dataset_consumes_unknown_never_scheduled to None, run_after=None
[2025-12-11T00:44:01.972+0000] {logging_mixin.py:154} INFO - [2025-12-11T00:44:01.972+0000] {dag.py:3722} INFO - Setting next_dagrun for dataset_produces_1 to 2025-12-10T00:00:00+00:00, run_after=2025-12-11T00:00:00+00:00
[2025-12-11T00:44:01.972+0000] {logging_mixin.py:154} INFO - [2025-12-11T00:44:01.972+0000] {dag.py:3722} INFO - Setting next_dagrun for dataset_produces_2 to None, run_after=None
[2025-12-11T00:44:01.989+0000] {processor.py:179} INFO - Processing /home/airflow/.local/lib/python3.8/site-packages/airflow/example_dags/example_datasets.py took 0.067 seconds
[2025-12-11T00:44:32.389+0000] {processor.py:157} INFO - Started process (PID=856) to work on /home/airflow/.local/lib/python3.8/site-packages/airflow/example_dags/example_datasets.py
[2025-12-11T00:44:32.390+0000] {processor.py:829} INFO - Processing file /home/airflow/.local/lib/python3.8/site-packages/airflow/example_dags/example_datasets.py for tasks to queue
[2025-12-11T00:44:32.392+0000] {logging_mixin.py:154} INFO - [2025-12-11T00:44:32.391+0000] {dagbag.py:536} INFO - Filling up the DagBag from /home/airflow/.local/lib/python3.8/site-packages/airflow/example_dags/example_datasets.py
[2025-12-11T00:44:32.400+0000] {processor.py:839} INFO - DAG(s) dict_keys(['dataset_consumes_unknown_never_scheduled', 'dataset_produces_2', 'dataset_produces_1', 'dataset_consumes_1_never_scheduled', 'dataset_consumes_1_and_2', 'dataset_consumes_1']) retrieved from /home/airflow/.local/lib/python3.8/site-packages/airflow/example_dags/example_datasets.py
[2025-12-11T00:44:32.424+0000] {logging_mixin.py:154} INFO - [2025-12-11T00:44:32.424+0000] {dag.py:2941} INFO - Sync 6 DAGs
[2025-12-11T00:44:32.439+0000] {logging_mixin.py:154} INFO - [2025-12-11T00:44:32.439+0000] {dag.py:3722} INFO - Setting next_dagrun for dataset_consumes_1 to None, run_after=None
[2025-12-11T00:44:32.441+0000] {logging_mixin.py:154} INFO - [2025-12-11T00:44:32.441+0000] {dag.py:3722} INFO - Setting next_dagrun for dataset_consumes_1_and_2 to None, run_after=None
[2025-12-11T00:44:32.442+0000] {logging_mixin.py:154} INFO - [2025-12-11T00:44:32.442+0000] {dag.py:3722} INFO - Setting next_dagrun for dataset_consumes_1_never_scheduled to None, run_after=None
[2025-12-11T00:44:32.443+0000] {logging_mixin.py:154} INFO - [2025-12-11T00:44:32.443+0000] {dag.py:3722} INFO - Setting next_dagrun for dataset_consumes_unknown_never_scheduled to None, run_after=None
[2025-12-11T00:44:32.444+0000] {logging_mixin.py:154} INFO - [2025-12-11T00:44:32.444+0000] {dag.py:3722} INFO - Setting next_dagrun for dataset_produces_1 to 2025-12-10T00:00:00+00:00, run_after=2025-12-11T00:00:00+00:00
[2025-12-11T00:44:32.445+0000] {logging_mixin.py:154} INFO - [2025-12-11T00:44:32.445+0000] {dag.py:3722} INFO - Setting next_dagrun for dataset_produces_2 to None, run_after=None
[2025-12-11T00:44:32.462+0000] {processor.py:179} INFO - Processing /home/airflow/.local/lib/python3.8/site-packages/airflow/example_dags/example_datasets.py took 0.075 seconds
[2025-12-11T00:45:02.953+0000] {processor.py:157} INFO - Started process (PID=911) to work on /home/airflow/.local/lib/python3.8/site-packages/airflow/example_dags/example_datasets.py
[2025-12-11T00:45:02.954+0000] {processor.py:829} INFO - Processing file /home/airflow/.local/lib/python3.8/site-packages/airflow/example_dags/example_datasets.py for tasks to queue
[2025-12-11T00:45:02.955+0000] {logging_mixin.py:154} INFO - [2025-12-11T00:45:02.955+0000] {dagbag.py:536} INFO - Filling up the DagBag from /home/airflow/.local/lib/python3.8/site-packages/airflow/example_dags/example_datasets.py
[2025-12-11T00:45:02.960+0000] {processor.py:839} INFO - DAG(s) dict_keys(['dataset_consumes_1_and_2', 'dataset_consumes_unknown_never_scheduled', 'dataset_consumes_1', 'dataset_consumes_1_never_scheduled', 'dataset_produces_1', 'dataset_produces_2']) retrieved from /home/airflow/.local/lib/python3.8/site-packages/airflow/example_dags/example_datasets.py
[2025-12-11T00:45:02.983+0000] {logging_mixin.py:154} INFO - [2025-12-11T00:45:02.983+0000] {dag.py:2941} INFO - Sync 6 DAGs
[2025-12-11T00:45:02.996+0000] {logging_mixin.py:154} INFO - [2025-12-11T00:45:02.996+0000] {dag.py:3722} INFO - Setting next_dagrun for dataset_consumes_1 to None, run_after=None
[2025-12-11T00:45:02.998+0000] {logging_mixin.py:154} INFO - [2025-12-11T00:45:02.998+0000] {dag.py:3722} INFO - Setting next_dagrun for dataset_consumes_1_and_2 to None, run_after=None
[2025-12-11T00:45:02.999+0000] {logging_mixin.py:154} INFO - [2025-12-11T00:45:02.999+0000] {dag.py:3722} INFO - Setting next_dagrun for dataset_consumes_1_never_scheduled to None, run_after=None
[2025-12-11T00:45:03.000+0000] {logging_mixin.py:154} INFO - [2025-12-11T00:45:03.000+0000] {dag.py:3722} INFO - Setting next_dagrun for dataset_consumes_unknown_never_scheduled to None, run_after=None
[2025-12-11T00:45:03.001+0000] {logging_mixin.py:154} INFO - [2025-12-11T00:45:03.001+0000] {dag.py:3722} INFO - Setting next_dagrun for dataset_produces_1 to 2025-12-10T00:00:00+00:00, run_after=2025-12-11T00:00:00+00:00
[2025-12-11T00:45:03.003+0000] {logging_mixin.py:154} INFO - [2025-12-11T00:45:03.002+0000] {dag.py:3722} INFO - Setting next_dagrun for dataset_produces_2 to None, run_after=None
[2025-12-11T00:45:03.024+0000] {processor.py:179} INFO - Processing /home/airflow/.local/lib/python3.8/site-packages/airflow/example_dags/example_datasets.py took 0.073 seconds
[2025-12-11T00:45:33.435+0000] {processor.py:157} INFO - Started process (PID=966) to work on /home/airflow/.local/lib/python3.8/site-packages/airflow/example_dags/example_datasets.py
[2025-12-11T00:45:33.435+0000] {processor.py:829} INFO - Processing file /home/airflow/.local/lib/python3.8/site-packages/airflow/example_dags/example_datasets.py for tasks to queue
[2025-12-11T00:45:33.436+0000] {logging_mixin.py:154} INFO - [2025-12-11T00:45:33.436+0000] {dagbag.py:536} INFO - Filling up the DagBag from /home/airflow/.local/lib/python3.8/site-packages/airflow/example_dags/example_datasets.py
[2025-12-11T00:45:33.442+0000] {processor.py:839} INFO - DAG(s) dict_keys(['dataset_consumes_1_and_2', 'dataset_produces_1', 'dataset_consumes_1', 'dataset_consumes_1_never_scheduled', 'dataset_produces_2', 'dataset_consumes_unknown_never_scheduled']) retrieved from /home/airflow/.local/lib/python3.8/site-packages/airflow/example_dags/example_datasets.py
[2025-12-11T00:45:33.461+0000] {logging_mixin.py:154} INFO - [2025-12-11T00:45:33.461+0000] {dag.py:2941} INFO - Sync 6 DAGs
[2025-12-11T00:45:33.474+0000] {logging_mixin.py:154} INFO - [2025-12-11T00:45:33.474+0000] {dag.py:3722} INFO - Setting next_dagrun for dataset_consumes_1 to None, run_after=None
[2025-12-11T00:45:33.476+0000] {logging_mixin.py:154} INFO - [2025-12-11T00:45:33.476+0000] {dag.py:3722} INFO - Setting next_dagrun for dataset_consumes_1_and_2 to None, run_after=None
[2025-12-11T00:45:33.476+0000] {logging_mixin.py:154} INFO - [2025-12-11T00:45:33.476+0000] {dag.py:3722} INFO - Setting next_dagrun for dataset_consumes_1_never_scheduled to None, run_after=None
[2025-12-11T00:45:33.477+0000] {logging_mixin.py:154} INFO - [2025-12-11T00:45:33.477+0000] {dag.py:3722} INFO - Setting next_dagrun for dataset_consumes_unknown_never_scheduled to None, run_after=None
[2025-12-11T00:45:33.479+0000] {logging_mixin.py:154} INFO - [2025-12-11T00:45:33.479+0000] {dag.py:3722} INFO - Setting next_dagrun for dataset_produces_1 to 2025-12-10T00:00:00+00:00, run_after=2025-12-11T00:00:00+00:00
[2025-12-11T00:45:33.479+0000] {logging_mixin.py:154} INFO - [2025-12-11T00:45:33.479+0000] {dag.py:3722} INFO - Setting next_dagrun for dataset_produces_2 to None, run_after=None
[2025-12-11T00:45:33.498+0000] {processor.py:179} INFO - Processing /home/airflow/.local/lib/python3.8/site-packages/airflow/example_dags/example_datasets.py took 0.065 seconds
[2025-12-11T00:46:03.834+0000] {processor.py:157} INFO - Started process (PID=1021) to work on /home/airflow/.local/lib/python3.8/site-packages/airflow/example_dags/example_datasets.py
[2025-12-11T00:46:03.835+0000] {processor.py:829} INFO - Processing file /home/airflow/.local/lib/python3.8/site-packages/airflow/example_dags/example_datasets.py for tasks to queue
[2025-12-11T00:46:03.836+0000] {logging_mixin.py:154} INFO - [2025-12-11T00:46:03.836+0000] {dagbag.py:536} INFO - Filling up the DagBag from /home/airflow/.local/lib/python3.8/site-packages/airflow/example_dags/example_datasets.py
[2025-12-11T00:46:03.841+0000] {processor.py:839} INFO - DAG(s) dict_keys(['dataset_consumes_unknown_never_scheduled', 'dataset_consumes_1', 'dataset_consumes_1_and_2', 'dataset_consumes_1_never_scheduled', 'dataset_produces_1', 'dataset_produces_2']) retrieved from /home/airflow/.local/lib/python3.8/site-packages/airflow/example_dags/example_datasets.py
[2025-12-11T00:46:03.861+0000] {logging_mixin.py:154} INFO - [2025-12-11T00:46:03.861+0000] {dag.py:2941} INFO - Sync 6 DAGs
[2025-12-11T00:46:03.873+0000] {logging_mixin.py:154} INFO - [2025-12-11T00:46:03.873+0000] {dag.py:3722} INFO - Setting next_dagrun for dataset_consumes_1 to None, run_after=None
[2025-12-11T00:46:03.875+0000] {logging_mixin.py:154} INFO - [2025-12-11T00:46:03.875+0000] {dag.py:3722} INFO - Setting next_dagrun for dataset_consumes_1_and_2 to None, run_after=None
[2025-12-11T00:46:03.876+0000] {logging_mixin.py:154} INFO - [2025-12-11T00:46:03.876+0000] {dag.py:3722} INFO - Setting next_dagrun for dataset_consumes_1_never_scheduled to None, run_after=None
[2025-12-11T00:46:03.876+0000] {logging_mixin.py:154} INFO - [2025-12-11T00:46:03.876+0000] {dag.py:3722} INFO - Setting next_dagrun for dataset_consumes_unknown_never_scheduled to None, run_after=None
[2025-12-11T00:46:03.878+0000] {logging_mixin.py:154} INFO - [2025-12-11T00:46:03.878+0000] {dag.py:3722} INFO - Setting next_dagrun for dataset_produces_1 to 2025-12-10T00:00:00+00:00, run_after=2025-12-11T00:00:00+00:00
[2025-12-11T00:46:03.878+0000] {logging_mixin.py:154} INFO - [2025-12-11T00:46:03.878+0000] {dag.py:3722} INFO - Setting next_dagrun for dataset_produces_2 to None, run_after=None
[2025-12-11T00:46:03.896+0000] {processor.py:179} INFO - Processing /home/airflow/.local/lib/python3.8/site-packages/airflow/example_dags/example_datasets.py took 0.065 seconds
[2025-12-11T00:46:34.426+0000] {processor.py:157} INFO - Started process (PID=1076) to work on /home/airflow/.local/lib/python3.8/site-packages/airflow/example_dags/example_datasets.py
[2025-12-11T00:46:34.426+0000] {processor.py:829} INFO - Processing file /home/airflow/.local/lib/python3.8/site-packages/airflow/example_dags/example_datasets.py for tasks to queue
[2025-12-11T00:46:34.427+0000] {logging_mixin.py:154} INFO - [2025-12-11T00:46:34.427+0000] {dagbag.py:536} INFO - Filling up the DagBag from /home/airflow/.local/lib/python3.8/site-packages/airflow/example_dags/example_datasets.py
[2025-12-11T00:46:34.432+0000] {processor.py:839} INFO - DAG(s) dict_keys(['dataset_consumes_1_never_scheduled', 'dataset_consumes_1', 'dataset_produces_2', 'dataset_produces_1', 'dataset_consumes_unknown_never_scheduled', 'dataset_consumes_1_and_2']) retrieved from /home/airflow/.local/lib/python3.8/site-packages/airflow/example_dags/example_datasets.py
[2025-12-11T00:46:34.452+0000] {logging_mixin.py:154} INFO - [2025-12-11T00:46:34.452+0000] {dag.py:2941} INFO - Sync 6 DAGs
[2025-12-11T00:46:34.465+0000] {logging_mixin.py:154} INFO - [2025-12-11T00:46:34.465+0000] {dag.py:3722} INFO - Setting next_dagrun for dataset_consumes_1 to None, run_after=None
[2025-12-11T00:46:34.467+0000] {logging_mixin.py:154} INFO - [2025-12-11T00:46:34.467+0000] {dag.py:3722} INFO - Setting next_dagrun for dataset_consumes_1_and_2 to None, run_after=None
[2025-12-11T00:46:34.468+0000] {logging_mixin.py:154} INFO - [2025-12-11T00:46:34.468+0000] {dag.py:3722} INFO - Setting next_dagrun for dataset_consumes_1_never_scheduled to None, run_after=None
[2025-12-11T00:46:34.469+0000] {logging_mixin.py:154} INFO - [2025-12-11T00:46:34.469+0000] {dag.py:3722} INFO - Setting next_dagrun for dataset_consumes_unknown_never_scheduled to None, run_after=None
[2025-12-11T00:46:34.470+0000] {logging_mixin.py:154} INFO - [2025-12-11T00:46:34.470+0000] {dag.py:3722} INFO - Setting next_dagrun for dataset_produces_1 to 2025-12-10T00:00:00+00:00, run_after=2025-12-11T00:00:00+00:00
[2025-12-11T00:46:34.471+0000] {logging_mixin.py:154} INFO - [2025-12-11T00:46:34.471+0000] {dag.py:3722} INFO - Setting next_dagrun for dataset_produces_2 to None, run_after=None
[2025-12-11T00:46:34.487+0000] {processor.py:179} INFO - Processing /home/airflow/.local/lib/python3.8/site-packages/airflow/example_dags/example_datasets.py took 0.063 seconds
[2025-12-11T00:47:04.947+0000] {processor.py:157} INFO - Started process (PID=1131) to work on /home/airflow/.local/lib/python3.8/site-packages/airflow/example_dags/example_datasets.py
[2025-12-11T00:47:04.948+0000] {processor.py:829} INFO - Processing file /home/airflow/.local/lib/python3.8/site-packages/airflow/example_dags/example_datasets.py for tasks to queue
[2025-12-11T00:47:04.949+0000] {logging_mixin.py:154} INFO - [2025-12-11T00:47:04.949+0000] {dagbag.py:536} INFO - Filling up the DagBag from /home/airflow/.local/lib/python3.8/site-packages/airflow/example_dags/example_datasets.py
[2025-12-11T00:47:04.955+0000] {processor.py:839} INFO - DAG(s) dict_keys(['dataset_consumes_unknown_never_scheduled', 'dataset_consumes_1_and_2', 'dataset_produces_2', 'dataset_consumes_1_never_scheduled', 'dataset_produces_1', 'dataset_consumes_1']) retrieved from /home/airflow/.local/lib/python3.8/site-packages/airflow/example_dags/example_datasets.py
[2025-12-11T00:47:04.977+0000] {logging_mixin.py:154} INFO - [2025-12-11T00:47:04.977+0000] {dag.py:2941} INFO - Sync 6 DAGs
[2025-12-11T00:47:04.990+0000] {logging_mixin.py:154} INFO - [2025-12-11T00:47:04.990+0000] {dag.py:3722} INFO - Setting next_dagrun for dataset_consumes_1 to None, run_after=None
[2025-12-11T00:47:04.993+0000] {logging_mixin.py:154} INFO - [2025-12-11T00:47:04.992+0000] {dag.py:3722} INFO - Setting next_dagrun for dataset_consumes_1_and_2 to None, run_after=None
[2025-12-11T00:47:04.993+0000] {logging_mixin.py:154} INFO - [2025-12-11T00:47:04.993+0000] {dag.py:3722} INFO - Setting next_dagrun for dataset_consumes_1_never_scheduled to None, run_after=None
[2025-12-11T00:47:04.994+0000] {logging_mixin.py:154} INFO - [2025-12-11T00:47:04.994+0000] {dag.py:3722} INFO - Setting next_dagrun for dataset_consumes_unknown_never_scheduled to None, run_after=None
[2025-12-11T00:47:04.995+0000] {logging_mixin.py:154} INFO - [2025-12-11T00:47:04.995+0000] {dag.py:3722} INFO - Setting next_dagrun for dataset_produces_1 to 2025-12-10T00:00:00+00:00, run_after=2025-12-11T00:00:00+00:00
[2025-12-11T00:47:04.996+0000] {logging_mixin.py:154} INFO - [2025-12-11T00:47:04.996+0000] {dag.py:3722} INFO - Setting next_dagrun for dataset_produces_2 to None, run_after=None
[2025-12-11T00:47:05.012+0000] {processor.py:179} INFO - Processing /home/airflow/.local/lib/python3.8/site-packages/airflow/example_dags/example_datasets.py took 0.067 seconds
[2025-12-11T00:47:35.668+0000] {processor.py:157} INFO - Started process (PID=1186) to work on /home/airflow/.local/lib/python3.8/site-packages/airflow/example_dags/example_datasets.py
[2025-12-11T00:47:35.669+0000] {processor.py:829} INFO - Processing file /home/airflow/.local/lib/python3.8/site-packages/airflow/example_dags/example_datasets.py for tasks to queue
[2025-12-11T00:47:35.670+0000] {logging_mixin.py:154} INFO - [2025-12-11T00:47:35.670+0000] {dagbag.py:536} INFO - Filling up the DagBag from /home/airflow/.local/lib/python3.8/site-packages/airflow/example_dags/example_datasets.py
[2025-12-11T00:47:35.675+0000] {processor.py:839} INFO - DAG(s) dict_keys(['dataset_consumes_unknown_never_scheduled', 'dataset_consumes_1', 'dataset_consumes_1_and_2', 'dataset_produces_2', 'dataset_consumes_1_never_scheduled', 'dataset_produces_1']) retrieved from /home/airflow/.local/lib/python3.8/site-packages/airflow/example_dags/example_datasets.py
[2025-12-11T00:47:35.700+0000] {logging_mixin.py:154} INFO - [2025-12-11T00:47:35.700+0000] {dag.py:2941} INFO - Sync 6 DAGs
[2025-12-11T00:47:35.715+0000] {logging_mixin.py:154} INFO - [2025-12-11T00:47:35.714+0000] {dag.py:3722} INFO - Setting next_dagrun for dataset_consumes_1 to None, run_after=None
[2025-12-11T00:47:35.717+0000] {logging_mixin.py:154} INFO - [2025-12-11T00:47:35.717+0000] {dag.py:3722} INFO - Setting next_dagrun for dataset_consumes_1_and_2 to None, run_after=None
[2025-12-11T00:47:35.718+0000] {logging_mixin.py:154} INFO - [2025-12-11T00:47:35.718+0000] {dag.py:3722} INFO - Setting next_dagrun for dataset_consumes_1_never_scheduled to None, run_after=None
[2025-12-11T00:47:35.719+0000] {logging_mixin.py:154} INFO - [2025-12-11T00:47:35.719+0000] {dag.py:3722} INFO - Setting next_dagrun for dataset_consumes_unknown_never_scheduled to None, run_after=None
[2025-12-11T00:47:35.721+0000] {logging_mixin.py:154} INFO - [2025-12-11T00:47:35.721+0000] {dag.py:3722} INFO - Setting next_dagrun for dataset_produces_1 to 2025-12-10T00:00:00+00:00, run_after=2025-12-11T00:00:00+00:00
[2025-12-11T00:47:35.722+0000] {logging_mixin.py:154} INFO - [2025-12-11T00:47:35.722+0000] {dag.py:3722} INFO - Setting next_dagrun for dataset_produces_2 to None, run_after=None
[2025-12-11T00:47:35.742+0000] {processor.py:179} INFO - Processing /home/airflow/.local/lib/python3.8/site-packages/airflow/example_dags/example_datasets.py took 0.076 seconds
[2025-12-11T00:48:06.565+0000] {processor.py:157} INFO - Started process (PID=1241) to work on /home/airflow/.local/lib/python3.8/site-packages/airflow/example_dags/example_datasets.py
[2025-12-11T00:48:06.619+0000] {processor.py:829} INFO - Processing file /home/airflow/.local/lib/python3.8/site-packages/airflow/example_dags/example_datasets.py for tasks to queue
[2025-12-11T00:48:06.623+0000] {logging_mixin.py:154} INFO - [2025-12-11T00:48:06.622+0000] {dagbag.py:536} INFO - Filling up the DagBag from /home/airflow/.local/lib/python3.8/site-packages/airflow/example_dags/example_datasets.py
[2025-12-11T00:48:06.631+0000] {processor.py:839} INFO - DAG(s) dict_keys(['dataset_consumes_1', 'dataset_consumes_1_and_2', 'dataset_consumes_unknown_never_scheduled', 'dataset_produces_2', 'dataset_consumes_1_never_scheduled', 'dataset_produces_1']) retrieved from /home/airflow/.local/lib/python3.8/site-packages/airflow/example_dags/example_datasets.py
[2025-12-11T00:48:06.654+0000] {logging_mixin.py:154} INFO - [2025-12-11T00:48:06.653+0000] {dag.py:2941} INFO - Sync 6 DAGs
[2025-12-11T00:48:06.666+0000] {logging_mixin.py:154} INFO - [2025-12-11T00:48:06.666+0000] {dag.py:3722} INFO - Setting next_dagrun for dataset_consumes_1 to None, run_after=None
[2025-12-11T00:48:06.668+0000] {logging_mixin.py:154} INFO - [2025-12-11T00:48:06.668+0000] {dag.py:3722} INFO - Setting next_dagrun for dataset_consumes_1_and_2 to None, run_after=None
[2025-12-11T00:48:06.669+0000] {logging_mixin.py:154} INFO - [2025-12-11T00:48:06.669+0000] {dag.py:3722} INFO - Setting next_dagrun for dataset_consumes_1_never_scheduled to None, run_after=None
[2025-12-11T00:48:06.670+0000] {logging_mixin.py:154} INFO - [2025-12-11T00:48:06.670+0000] {dag.py:3722} INFO - Setting next_dagrun for dataset_consumes_unknown_never_scheduled to None, run_after=None
[2025-12-11T00:48:06.671+0000] {logging_mixin.py:154} INFO - [2025-12-11T00:48:06.671+0000] {dag.py:3722} INFO - Setting next_dagrun for dataset_produces_1 to 2025-12-10T00:00:00+00:00, run_after=2025-12-11T00:00:00+00:00
[2025-12-11T00:48:06.672+0000] {logging_mixin.py:154} INFO - [2025-12-11T00:48:06.672+0000] {dag.py:3722} INFO - Setting next_dagrun for dataset_produces_2 to None, run_after=None
[2025-12-11T00:48:06.744+0000] {processor.py:179} INFO - Processing /home/airflow/.local/lib/python3.8/site-packages/airflow/example_dags/example_datasets.py took 0.182 seconds
[2025-12-11T00:48:37.743+0000] {processor.py:157} INFO - Started process (PID=1296) to work on /home/airflow/.local/lib/python3.8/site-packages/airflow/example_dags/example_datasets.py
[2025-12-11T00:48:37.751+0000] {processor.py:829} INFO - Processing file /home/airflow/.local/lib/python3.8/site-packages/airflow/example_dags/example_datasets.py for tasks to queue
[2025-12-11T00:48:37.752+0000] {logging_mixin.py:154} INFO - [2025-12-11T00:48:37.752+0000] {dagbag.py:536} INFO - Filling up the DagBag from /home/airflow/.local/lib/python3.8/site-packages/airflow/example_dags/example_datasets.py
[2025-12-11T00:48:37.758+0000] {processor.py:839} INFO - DAG(s) dict_keys(['dataset_produces_2', 'dataset_consumes_1', 'dataset_produces_1', 'dataset_consumes_1_never_scheduled', 'dataset_consumes_1_and_2', 'dataset_consumes_unknown_never_scheduled']) retrieved from /home/airflow/.local/lib/python3.8/site-packages/airflow/example_dags/example_datasets.py
[2025-12-11T00:48:37.781+0000] {logging_mixin.py:154} INFO - [2025-12-11T00:48:37.781+0000] {dag.py:2941} INFO - Sync 6 DAGs
[2025-12-11T00:48:37.795+0000] {logging_mixin.py:154} INFO - [2025-12-11T00:48:37.795+0000] {dag.py:3722} INFO - Setting next_dagrun for dataset_consumes_1 to None, run_after=None
[2025-12-11T00:48:37.797+0000] {logging_mixin.py:154} INFO - [2025-12-11T00:48:37.797+0000] {dag.py:3722} INFO - Setting next_dagrun for dataset_consumes_1_and_2 to None, run_after=None
[2025-12-11T00:48:37.798+0000] {logging_mixin.py:154} INFO - [2025-12-11T00:48:37.798+0000] {dag.py:3722} INFO - Setting next_dagrun for dataset_consumes_1_never_scheduled to None, run_after=None
[2025-12-11T00:48:37.798+0000] {logging_mixin.py:154} INFO - [2025-12-11T00:48:37.798+0000] {dag.py:3722} INFO - Setting next_dagrun for dataset_consumes_unknown_never_scheduled to None, run_after=None
[2025-12-11T00:48:37.800+0000] {logging_mixin.py:154} INFO - [2025-12-11T00:48:37.800+0000] {dag.py:3722} INFO - Setting next_dagrun for dataset_produces_1 to 2025-12-10T00:00:00+00:00, run_after=2025-12-11T00:00:00+00:00
[2025-12-11T00:48:37.801+0000] {logging_mixin.py:154} INFO - [2025-12-11T00:48:37.801+0000] {dag.py:3722} INFO - Setting next_dagrun for dataset_produces_2 to None, run_after=None
[2025-12-11T00:48:37.849+0000] {processor.py:179} INFO - Processing /home/airflow/.local/lib/python3.8/site-packages/airflow/example_dags/example_datasets.py took 0.108 seconds
[2025-12-11T00:49:08.348+0000] {processor.py:157} INFO - Started process (PID=1351) to work on /home/airflow/.local/lib/python3.8/site-packages/airflow/example_dags/example_datasets.py
[2025-12-11T00:49:08.349+0000] {processor.py:829} INFO - Processing file /home/airflow/.local/lib/python3.8/site-packages/airflow/example_dags/example_datasets.py for tasks to queue
[2025-12-11T00:49:08.351+0000] {logging_mixin.py:154} INFO - [2025-12-11T00:49:08.351+0000] {dagbag.py:536} INFO - Filling up the DagBag from /home/airflow/.local/lib/python3.8/site-packages/airflow/example_dags/example_datasets.py
[2025-12-11T00:49:08.359+0000] {processor.py:839} INFO - DAG(s) dict_keys(['dataset_produces_1', 'dataset_consumes_1', 'dataset_consumes_1_never_scheduled', 'dataset_consumes_1_and_2', 'dataset_produces_2', 'dataset_consumes_unknown_never_scheduled']) retrieved from /home/airflow/.local/lib/python3.8/site-packages/airflow/example_dags/example_datasets.py
[2025-12-11T00:49:08.381+0000] {logging_mixin.py:154} INFO - [2025-12-11T00:49:08.381+0000] {dag.py:2941} INFO - Sync 6 DAGs
[2025-12-11T00:49:08.394+0000] {logging_mixin.py:154} INFO - [2025-12-11T00:49:08.394+0000] {dag.py:3722} INFO - Setting next_dagrun for dataset_consumes_1 to None, run_after=None
[2025-12-11T00:49:08.396+0000] {logging_mixin.py:154} INFO - [2025-12-11T00:49:08.396+0000] {dag.py:3722} INFO - Setting next_dagrun for dataset_consumes_1_and_2 to None, run_after=None
[2025-12-11T00:49:08.397+0000] {logging_mixin.py:154} INFO - [2025-12-11T00:49:08.397+0000] {dag.py:3722} INFO - Setting next_dagrun for dataset_consumes_1_never_scheduled to None, run_after=None
[2025-12-11T00:49:08.398+0000] {logging_mixin.py:154} INFO - [2025-12-11T00:49:08.398+0000] {dag.py:3722} INFO - Setting next_dagrun for dataset_consumes_unknown_never_scheduled to None, run_after=None
[2025-12-11T00:49:08.400+0000] {logging_mixin.py:154} INFO - [2025-12-11T00:49:08.400+0000] {dag.py:3722} INFO - Setting next_dagrun for dataset_produces_1 to 2025-12-10T00:00:00+00:00, run_after=2025-12-11T00:00:00+00:00
[2025-12-11T00:49:08.401+0000] {logging_mixin.py:154} INFO - [2025-12-11T00:49:08.401+0000] {dag.py:3722} INFO - Setting next_dagrun for dataset_produces_2 to None, run_after=None
[2025-12-11T00:49:08.420+0000] {processor.py:179} INFO - Processing /home/airflow/.local/lib/python3.8/site-packages/airflow/example_dags/example_datasets.py took 0.076 seconds
[2025-12-11T00:49:38.561+0000] {processor.py:157} INFO - Started process (PID=1406) to work on /home/airflow/.local/lib/python3.8/site-packages/airflow/example_dags/example_datasets.py
[2025-12-11T00:49:38.561+0000] {processor.py:829} INFO - Processing file /home/airflow/.local/lib/python3.8/site-packages/airflow/example_dags/example_datasets.py for tasks to queue
[2025-12-11T00:49:38.563+0000] {logging_mixin.py:154} INFO - [2025-12-11T00:49:38.562+0000] {dagbag.py:536} INFO - Filling up the DagBag from /home/airflow/.local/lib/python3.8/site-packages/airflow/example_dags/example_datasets.py
[2025-12-11T00:49:38.568+0000] {processor.py:839} INFO - DAG(s) dict_keys(['dataset_produces_1', 'dataset_consumes_1_and_2', 'dataset_consumes_1', 'dataset_consumes_unknown_never_scheduled', 'dataset_consumes_1_never_scheduled', 'dataset_produces_2']) retrieved from /home/airflow/.local/lib/python3.8/site-packages/airflow/example_dags/example_datasets.py
[2025-12-11T00:49:38.598+0000] {logging_mixin.py:154} INFO - [2025-12-11T00:49:38.598+0000] {dag.py:2941} INFO - Sync 6 DAGs
[2025-12-11T00:49:38.619+0000] {logging_mixin.py:154} INFO - [2025-12-11T00:49:38.618+0000] {dag.py:3722} INFO - Setting next_dagrun for dataset_consumes_1 to None, run_after=None
[2025-12-11T00:49:38.621+0000] {logging_mixin.py:154} INFO - [2025-12-11T00:49:38.621+0000] {dag.py:3722} INFO - Setting next_dagrun for dataset_consumes_1_and_2 to None, run_after=None
[2025-12-11T00:49:38.622+0000] {logging_mixin.py:154} INFO - [2025-12-11T00:49:38.622+0000] {dag.py:3722} INFO - Setting next_dagrun for dataset_consumes_1_never_scheduled to None, run_after=None
[2025-12-11T00:49:38.623+0000] {logging_mixin.py:154} INFO - [2025-12-11T00:49:38.623+0000] {dag.py:3722} INFO - Setting next_dagrun for dataset_consumes_unknown_never_scheduled to None, run_after=None
[2025-12-11T00:49:38.624+0000] {logging_mixin.py:154} INFO - [2025-12-11T00:49:38.624+0000] {dag.py:3722} INFO - Setting next_dagrun for dataset_produces_1 to 2025-12-10T00:00:00+00:00, run_after=2025-12-11T00:00:00+00:00
[2025-12-11T00:49:38.625+0000] {logging_mixin.py:154} INFO - [2025-12-11T00:49:38.625+0000] {dag.py:3722} INFO - Setting next_dagrun for dataset_produces_2 to None, run_after=None
[2025-12-11T00:49:38.645+0000] {processor.py:179} INFO - Processing /home/airflow/.local/lib/python3.8/site-packages/airflow/example_dags/example_datasets.py took 0.088 seconds
[2025-12-11T00:50:08.741+0000] {processor.py:157} INFO - Started process (PID=1461) to work on /home/airflow/.local/lib/python3.8/site-packages/airflow/example_dags/example_datasets.py
[2025-12-11T00:50:08.745+0000] {processor.py:829} INFO - Processing file /home/airflow/.local/lib/python3.8/site-packages/airflow/example_dags/example_datasets.py for tasks to queue
[2025-12-11T00:50:08.746+0000] {logging_mixin.py:154} INFO - [2025-12-11T00:50:08.746+0000] {dagbag.py:536} INFO - Filling up the DagBag from /home/airflow/.local/lib/python3.8/site-packages/airflow/example_dags/example_datasets.py
[2025-12-11T00:50:08.752+0000] {processor.py:839} INFO - DAG(s) dict_keys(['dataset_produces_1', 'dataset_produces_2', 'dataset_consumes_1', 'dataset_consumes_1_never_scheduled', 'dataset_consumes_1_and_2', 'dataset_consumes_unknown_never_scheduled']) retrieved from /home/airflow/.local/lib/python3.8/site-packages/airflow/example_dags/example_datasets.py
[2025-12-11T00:50:08.773+0000] {logging_mixin.py:154} INFO - [2025-12-11T00:50:08.773+0000] {dag.py:2941} INFO - Sync 6 DAGs
[2025-12-11T00:50:08.787+0000] {logging_mixin.py:154} INFO - [2025-12-11T00:50:08.787+0000] {dag.py:3722} INFO - Setting next_dagrun for dataset_consumes_1 to None, run_after=None
[2025-12-11T00:50:08.789+0000] {logging_mixin.py:154} INFO - [2025-12-11T00:50:08.789+0000] {dag.py:3722} INFO - Setting next_dagrun for dataset_consumes_1_and_2 to None, run_after=None
[2025-12-11T00:50:08.790+0000] {logging_mixin.py:154} INFO - [2025-12-11T00:50:08.790+0000] {dag.py:3722} INFO - Setting next_dagrun for dataset_consumes_1_never_scheduled to None, run_after=None
[2025-12-11T00:50:08.791+0000] {logging_mixin.py:154} INFO - [2025-12-11T00:50:08.790+0000] {dag.py:3722} INFO - Setting next_dagrun for dataset_consumes_unknown_never_scheduled to None, run_after=None
[2025-12-11T00:50:08.792+0000] {logging_mixin.py:154} INFO - [2025-12-11T00:50:08.792+0000] {dag.py:3722} INFO - Setting next_dagrun for dataset_produces_1 to 2025-12-10T00:00:00+00:00, run_after=2025-12-11T00:00:00+00:00
[2025-12-11T00:50:08.793+0000] {logging_mixin.py:154} INFO - [2025-12-11T00:50:08.793+0000] {dag.py:3722} INFO - Setting next_dagrun for dataset_produces_2 to None, run_after=None
[2025-12-11T00:50:08.812+0000] {processor.py:179} INFO - Processing /home/airflow/.local/lib/python3.8/site-packages/airflow/example_dags/example_datasets.py took 0.072 seconds
[2025-12-11T00:50:39.047+0000] {processor.py:157} INFO - Started process (PID=1516) to work on /home/airflow/.local/lib/python3.8/site-packages/airflow/example_dags/example_datasets.py
[2025-12-11T00:50:39.048+0000] {processor.py:829} INFO - Processing file /home/airflow/.local/lib/python3.8/site-packages/airflow/example_dags/example_datasets.py for tasks to queue
[2025-12-11T00:50:39.049+0000] {logging_mixin.py:154} INFO - [2025-12-11T00:50:39.049+0000] {dagbag.py:536} INFO - Filling up the DagBag from /home/airflow/.local/lib/python3.8/site-packages/airflow/example_dags/example_datasets.py
[2025-12-11T00:50:39.055+0000] {processor.py:839} INFO - DAG(s) dict_keys(['dataset_produces_2', 'dataset_consumes_unknown_never_scheduled', 'dataset_consumes_1_never_scheduled', 'dataset_produces_1', 'dataset_consumes_1', 'dataset_consumes_1_and_2']) retrieved from /home/airflow/.local/lib/python3.8/site-packages/airflow/example_dags/example_datasets.py
[2025-12-11T00:50:39.081+0000] {logging_mixin.py:154} INFO - [2025-12-11T00:50:39.081+0000] {dag.py:2941} INFO - Sync 6 DAGs
[2025-12-11T00:50:39.095+0000] {logging_mixin.py:154} INFO - [2025-12-11T00:50:39.095+0000] {dag.py:3722} INFO - Setting next_dagrun for dataset_consumes_1 to None, run_after=None
[2025-12-11T00:50:39.099+0000] {logging_mixin.py:154} INFO - [2025-12-11T00:50:39.099+0000] {dag.py:3722} INFO - Setting next_dagrun for dataset_consumes_1_and_2 to None, run_after=None
[2025-12-11T00:50:39.100+0000] {logging_mixin.py:154} INFO - [2025-12-11T00:50:39.100+0000] {dag.py:3722} INFO - Setting next_dagrun for dataset_consumes_1_never_scheduled to None, run_after=None
[2025-12-11T00:50:39.101+0000] {logging_mixin.py:154} INFO - [2025-12-11T00:50:39.101+0000] {dag.py:3722} INFO - Setting next_dagrun for dataset_consumes_unknown_never_scheduled to None, run_after=None
[2025-12-11T00:50:39.103+0000] {logging_mixin.py:154} INFO - [2025-12-11T00:50:39.103+0000] {dag.py:3722} INFO - Setting next_dagrun for dataset_produces_1 to 2025-12-10T00:00:00+00:00, run_after=2025-12-11T00:00:00+00:00
[2025-12-11T00:50:39.104+0000] {logging_mixin.py:154} INFO - [2025-12-11T00:50:39.104+0000] {dag.py:3722} INFO - Setting next_dagrun for dataset_produces_2 to None, run_after=None
[2025-12-11T00:50:39.122+0000] {processor.py:179} INFO - Processing /home/airflow/.local/lib/python3.8/site-packages/airflow/example_dags/example_datasets.py took 0.077 seconds
[2025-12-11T00:51:09.713+0000] {processor.py:157} INFO - Started process (PID=1571) to work on /home/airflow/.local/lib/python3.8/site-packages/airflow/example_dags/example_datasets.py
[2025-12-11T00:51:09.714+0000] {processor.py:829} INFO - Processing file /home/airflow/.local/lib/python3.8/site-packages/airflow/example_dags/example_datasets.py for tasks to queue
[2025-12-11T00:51:09.716+0000] {logging_mixin.py:154} INFO - [2025-12-11T00:51:09.716+0000] {dagbag.py:536} INFO - Filling up the DagBag from /home/airflow/.local/lib/python3.8/site-packages/airflow/example_dags/example_datasets.py
[2025-12-11T00:51:09.724+0000] {processor.py:839} INFO - DAG(s) dict_keys(['dataset_produces_2', 'dataset_consumes_1', 'dataset_consumes_1_and_2', 'dataset_consumes_1_never_scheduled', 'dataset_produces_1', 'dataset_consumes_unknown_never_scheduled']) retrieved from /home/airflow/.local/lib/python3.8/site-packages/airflow/example_dags/example_datasets.py
[2025-12-11T00:51:09.749+0000] {logging_mixin.py:154} INFO - [2025-12-11T00:51:09.749+0000] {dag.py:2941} INFO - Sync 6 DAGs
[2025-12-11T00:51:09.770+0000] {logging_mixin.py:154} INFO - [2025-12-11T00:51:09.769+0000] {dag.py:3722} INFO - Setting next_dagrun for dataset_consumes_1 to None, run_after=None
[2025-12-11T00:51:09.773+0000] {logging_mixin.py:154} INFO - [2025-12-11T00:51:09.772+0000] {dag.py:3722} INFO - Setting next_dagrun for dataset_consumes_1_and_2 to None, run_after=None
[2025-12-11T00:51:09.774+0000] {logging_mixin.py:154} INFO - [2025-12-11T00:51:09.774+0000] {dag.py:3722} INFO - Setting next_dagrun for dataset_consumes_1_never_scheduled to None, run_after=None
[2025-12-11T00:51:09.775+0000] {logging_mixin.py:154} INFO - [2025-12-11T00:51:09.775+0000] {dag.py:3722} INFO - Setting next_dagrun for dataset_consumes_unknown_never_scheduled to None, run_after=None
[2025-12-11T00:51:09.777+0000] {logging_mixin.py:154} INFO - [2025-12-11T00:51:09.777+0000] {dag.py:3722} INFO - Setting next_dagrun for dataset_produces_1 to 2025-12-10T00:00:00+00:00, run_after=2025-12-11T00:00:00+00:00
[2025-12-11T00:51:09.778+0000] {logging_mixin.py:154} INFO - [2025-12-11T00:51:09.778+0000] {dag.py:3722} INFO - Setting next_dagrun for dataset_produces_2 to None, run_after=None
[2025-12-11T00:51:09.805+0000] {processor.py:179} INFO - Processing /home/airflow/.local/lib/python3.8/site-packages/airflow/example_dags/example_datasets.py took 0.095 seconds
[2025-12-11T00:51:39.840+0000] {processor.py:157} INFO - Started process (PID=1626) to work on /home/airflow/.local/lib/python3.8/site-packages/airflow/example_dags/example_datasets.py
[2025-12-11T00:51:39.841+0000] {processor.py:829} INFO - Processing file /home/airflow/.local/lib/python3.8/site-packages/airflow/example_dags/example_datasets.py for tasks to queue
[2025-12-11T00:51:39.842+0000] {logging_mixin.py:154} INFO - [2025-12-11T00:51:39.842+0000] {dagbag.py:536} INFO - Filling up the DagBag from /home/airflow/.local/lib/python3.8/site-packages/airflow/example_dags/example_datasets.py
[2025-12-11T00:51:39.848+0000] {processor.py:839} INFO - DAG(s) dict_keys(['dataset_produces_2', 'dataset_consumes_1_never_scheduled', 'dataset_consumes_1', 'dataset_consumes_unknown_never_scheduled', 'dataset_consumes_1_and_2', 'dataset_produces_1']) retrieved from /home/airflow/.local/lib/python3.8/site-packages/airflow/example_dags/example_datasets.py
[2025-12-11T00:51:39.878+0000] {logging_mixin.py:154} INFO - [2025-12-11T00:51:39.878+0000] {dag.py:2941} INFO - Sync 6 DAGs
[2025-12-11T00:51:39.891+0000] {logging_mixin.py:154} INFO - [2025-12-11T00:51:39.891+0000] {dag.py:3722} INFO - Setting next_dagrun for dataset_consumes_1 to None, run_after=None
[2025-12-11T00:51:39.894+0000] {logging_mixin.py:154} INFO - [2025-12-11T00:51:39.894+0000] {dag.py:3722} INFO - Setting next_dagrun for dataset_consumes_1_and_2 to None, run_after=None
[2025-12-11T00:51:39.895+0000] {logging_mixin.py:154} INFO - [2025-12-11T00:51:39.895+0000] {dag.py:3722} INFO - Setting next_dagrun for dataset_consumes_1_never_scheduled to None, run_after=None
[2025-12-11T00:51:39.896+0000] {logging_mixin.py:154} INFO - [2025-12-11T00:51:39.896+0000] {dag.py:3722} INFO - Setting next_dagrun for dataset_consumes_unknown_never_scheduled to None, run_after=None
[2025-12-11T00:51:39.898+0000] {logging_mixin.py:154} INFO - [2025-12-11T00:51:39.898+0000] {dag.py:3722} INFO - Setting next_dagrun for dataset_produces_1 to 2025-12-10T00:00:00+00:00, run_after=2025-12-11T00:00:00+00:00
[2025-12-11T00:51:39.899+0000] {logging_mixin.py:154} INFO - [2025-12-11T00:51:39.899+0000] {dag.py:3722} INFO - Setting next_dagrun for dataset_produces_2 to None, run_after=None
[2025-12-11T00:51:39.922+0000] {processor.py:179} INFO - Processing /home/airflow/.local/lib/python3.8/site-packages/airflow/example_dags/example_datasets.py took 0.084 seconds
[2025-12-11T00:52:10.053+0000] {processor.py:157} INFO - Started process (PID=1681) to work on /home/airflow/.local/lib/python3.8/site-packages/airflow/example_dags/example_datasets.py
[2025-12-11T00:52:10.054+0000] {processor.py:829} INFO - Processing file /home/airflow/.local/lib/python3.8/site-packages/airflow/example_dags/example_datasets.py for tasks to queue
[2025-12-11T00:52:10.055+0000] {logging_mixin.py:154} INFO - [2025-12-11T00:52:10.055+0000] {dagbag.py:536} INFO - Filling up the DagBag from /home/airflow/.local/lib/python3.8/site-packages/airflow/example_dags/example_datasets.py
[2025-12-11T00:52:10.061+0000] {processor.py:839} INFO - DAG(s) dict_keys(['dataset_produces_2', 'dataset_consumes_unknown_never_scheduled', 'dataset_produces_1', 'dataset_consumes_1_never_scheduled', 'dataset_consumes_1', 'dataset_consumes_1_and_2']) retrieved from /home/airflow/.local/lib/python3.8/site-packages/airflow/example_dags/example_datasets.py
[2025-12-11T00:52:10.082+0000] {logging_mixin.py:154} INFO - [2025-12-11T00:52:10.082+0000] {dag.py:2941} INFO - Sync 6 DAGs
[2025-12-11T00:52:10.097+0000] {logging_mixin.py:154} INFO - [2025-12-11T00:52:10.096+0000] {dag.py:3722} INFO - Setting next_dagrun for dataset_consumes_1 to None, run_after=None
[2025-12-11T00:52:10.099+0000] {logging_mixin.py:154} INFO - [2025-12-11T00:52:10.099+0000] {dag.py:3722} INFO - Setting next_dagrun for dataset_consumes_1_and_2 to None, run_after=None
[2025-12-11T00:52:10.099+0000] {logging_mixin.py:154} INFO - [2025-12-11T00:52:10.099+0000] {dag.py:3722} INFO - Setting next_dagrun for dataset_consumes_1_never_scheduled to None, run_after=None
[2025-12-11T00:52:10.100+0000] {logging_mixin.py:154} INFO - [2025-12-11T00:52:10.100+0000] {dag.py:3722} INFO - Setting next_dagrun for dataset_consumes_unknown_never_scheduled to None, run_after=None
[2025-12-11T00:52:10.102+0000] {logging_mixin.py:154} INFO - [2025-12-11T00:52:10.102+0000] {dag.py:3722} INFO - Setting next_dagrun for dataset_produces_1 to 2025-12-10T00:00:00+00:00, run_after=2025-12-11T00:00:00+00:00
[2025-12-11T00:52:10.102+0000] {logging_mixin.py:154} INFO - [2025-12-11T00:52:10.102+0000] {dag.py:3722} INFO - Setting next_dagrun for dataset_produces_2 to None, run_after=None
[2025-12-11T00:52:10.125+0000] {processor.py:179} INFO - Processing /home/airflow/.local/lib/python3.8/site-packages/airflow/example_dags/example_datasets.py took 0.074 seconds
[2025-12-11T00:52:40.330+0000] {processor.py:157} INFO - Started process (PID=1736) to work on /home/airflow/.local/lib/python3.8/site-packages/airflow/example_dags/example_datasets.py
[2025-12-11T00:52:40.331+0000] {processor.py:829} INFO - Processing file /home/airflow/.local/lib/python3.8/site-packages/airflow/example_dags/example_datasets.py for tasks to queue
[2025-12-11T00:52:40.332+0000] {logging_mixin.py:154} INFO - [2025-12-11T00:52:40.332+0000] {dagbag.py:536} INFO - Filling up the DagBag from /home/airflow/.local/lib/python3.8/site-packages/airflow/example_dags/example_datasets.py
[2025-12-11T00:52:40.338+0000] {processor.py:839} INFO - DAG(s) dict_keys(['dataset_produces_1', 'dataset_produces_2', 'dataset_consumes_1', 'dataset_consumes_1_never_scheduled', 'dataset_consumes_unknown_never_scheduled', 'dataset_consumes_1_and_2']) retrieved from /home/airflow/.local/lib/python3.8/site-packages/airflow/example_dags/example_datasets.py
[2025-12-11T00:52:40.363+0000] {logging_mixin.py:154} INFO - [2025-12-11T00:52:40.363+0000] {dag.py:2941} INFO - Sync 6 DAGs
[2025-12-11T00:52:40.379+0000] {logging_mixin.py:154} INFO - [2025-12-11T00:52:40.379+0000] {dag.py:3722} INFO - Setting next_dagrun for dataset_consumes_1 to None, run_after=None
[2025-12-11T00:52:40.382+0000] {logging_mixin.py:154} INFO - [2025-12-11T00:52:40.381+0000] {dag.py:3722} INFO - Setting next_dagrun for dataset_consumes_1_and_2 to None, run_after=None
[2025-12-11T00:52:40.382+0000] {logging_mixin.py:154} INFO - [2025-12-11T00:52:40.382+0000] {dag.py:3722} INFO - Setting next_dagrun for dataset_consumes_1_never_scheduled to None, run_after=None
[2025-12-11T00:52:40.383+0000] {logging_mixin.py:154} INFO - [2025-12-11T00:52:40.383+0000] {dag.py:3722} INFO - Setting next_dagrun for dataset_consumes_unknown_never_scheduled to None, run_after=None
[2025-12-11T00:52:40.385+0000] {logging_mixin.py:154} INFO - [2025-12-11T00:52:40.385+0000] {dag.py:3722} INFO - Setting next_dagrun for dataset_produces_1 to 2025-12-10T00:00:00+00:00, run_after=2025-12-11T00:00:00+00:00
[2025-12-11T00:52:40.385+0000] {logging_mixin.py:154} INFO - [2025-12-11T00:52:40.385+0000] {dag.py:3722} INFO - Setting next_dagrun for dataset_produces_2 to None, run_after=None
[2025-12-11T00:52:40.404+0000] {processor.py:179} INFO - Processing /home/airflow/.local/lib/python3.8/site-packages/airflow/example_dags/example_datasets.py took 0.076 seconds
[2025-12-11T00:53:10.944+0000] {processor.py:157} INFO - Started process (PID=1791) to work on /home/airflow/.local/lib/python3.8/site-packages/airflow/example_dags/example_datasets.py
[2025-12-11T00:53:10.945+0000] {processor.py:829} INFO - Processing file /home/airflow/.local/lib/python3.8/site-packages/airflow/example_dags/example_datasets.py for tasks to queue
[2025-12-11T00:53:10.947+0000] {logging_mixin.py:154} INFO - [2025-12-11T00:53:10.947+0000] {dagbag.py:536} INFO - Filling up the DagBag from /home/airflow/.local/lib/python3.8/site-packages/airflow/example_dags/example_datasets.py
[2025-12-11T00:53:10.953+0000] {processor.py:839} INFO - DAG(s) dict_keys(['dataset_produces_1', 'dataset_produces_2', 'dataset_consumes_unknown_never_scheduled', 'dataset_consumes_1_and_2', 'dataset_consumes_1_never_scheduled', 'dataset_consumes_1']) retrieved from /home/airflow/.local/lib/python3.8/site-packages/airflow/example_dags/example_datasets.py
[2025-12-11T00:53:10.976+0000] {logging_mixin.py:154} INFO - [2025-12-11T00:53:10.976+0000] {dag.py:2941} INFO - Sync 6 DAGs
[2025-12-11T00:53:10.992+0000] {logging_mixin.py:154} INFO - [2025-12-11T00:53:10.992+0000] {dag.py:3722} INFO - Setting next_dagrun for dataset_consumes_1 to None, run_after=None
[2025-12-11T00:53:10.994+0000] {logging_mixin.py:154} INFO - [2025-12-11T00:53:10.994+0000] {dag.py:3722} INFO - Setting next_dagrun for dataset_consumes_1_and_2 to None, run_after=None
[2025-12-11T00:53:10.994+0000] {logging_mixin.py:154} INFO - [2025-12-11T00:53:10.994+0000] {dag.py:3722} INFO - Setting next_dagrun for dataset_consumes_1_never_scheduled to None, run_after=None
[2025-12-11T00:53:10.995+0000] {logging_mixin.py:154} INFO - [2025-12-11T00:53:10.995+0000] {dag.py:3722} INFO - Setting next_dagrun for dataset_consumes_unknown_never_scheduled to None, run_after=None
[2025-12-11T00:53:10.997+0000] {logging_mixin.py:154} INFO - [2025-12-11T00:53:10.997+0000] {dag.py:3722} INFO - Setting next_dagrun for dataset_produces_1 to 2025-12-10T00:00:00+00:00, run_after=2025-12-11T00:00:00+00:00
[2025-12-11T00:53:10.998+0000] {logging_mixin.py:154} INFO - [2025-12-11T00:53:10.997+0000] {dag.py:3722} INFO - Setting next_dagrun for dataset_produces_2 to None, run_after=None
[2025-12-11T00:53:11.015+0000] {processor.py:179} INFO - Processing /home/airflow/.local/lib/python3.8/site-packages/airflow/example_dags/example_datasets.py took 0.074 seconds
[2025-12-11T00:53:41.456+0000] {processor.py:157} INFO - Started process (PID=1846) to work on /home/airflow/.local/lib/python3.8/site-packages/airflow/example_dags/example_datasets.py
[2025-12-11T00:53:41.456+0000] {processor.py:829} INFO - Processing file /home/airflow/.local/lib/python3.8/site-packages/airflow/example_dags/example_datasets.py for tasks to queue
[2025-12-11T00:53:41.458+0000] {logging_mixin.py:154} INFO - [2025-12-11T00:53:41.457+0000] {dagbag.py:536} INFO - Filling up the DagBag from /home/airflow/.local/lib/python3.8/site-packages/airflow/example_dags/example_datasets.py
[2025-12-11T00:53:41.464+0000] {processor.py:839} INFO - DAG(s) dict_keys(['dataset_produces_2', 'dataset_consumes_unknown_never_scheduled', 'dataset_consumes_1_never_scheduled', 'dataset_consumes_1', 'dataset_consumes_1_and_2', 'dataset_produces_1']) retrieved from /home/airflow/.local/lib/python3.8/site-packages/airflow/example_dags/example_datasets.py
[2025-12-11T00:53:41.485+0000] {logging_mixin.py:154} INFO - [2025-12-11T00:53:41.485+0000] {dag.py:2941} INFO - Sync 6 DAGs
[2025-12-11T00:53:41.498+0000] {logging_mixin.py:154} INFO - [2025-12-11T00:53:41.498+0000] {dag.py:3722} INFO - Setting next_dagrun for dataset_consumes_1 to None, run_after=None
[2025-12-11T00:53:41.500+0000] {logging_mixin.py:154} INFO - [2025-12-11T00:53:41.499+0000] {dag.py:3722} INFO - Setting next_dagrun for dataset_consumes_1_and_2 to None, run_after=None
[2025-12-11T00:53:41.500+0000] {logging_mixin.py:154} INFO - [2025-12-11T00:53:41.500+0000] {dag.py:3722} INFO - Setting next_dagrun for dataset_consumes_1_never_scheduled to None, run_after=None
[2025-12-11T00:53:41.501+0000] {logging_mixin.py:154} INFO - [2025-12-11T00:53:41.501+0000] {dag.py:3722} INFO - Setting next_dagrun for dataset_consumes_unknown_never_scheduled to None, run_after=None
[2025-12-11T00:53:41.502+0000] {logging_mixin.py:154} INFO - [2025-12-11T00:53:41.502+0000] {dag.py:3722} INFO - Setting next_dagrun for dataset_produces_1 to 2025-12-10T00:00:00+00:00, run_after=2025-12-11T00:00:00+00:00
[2025-12-11T00:53:41.503+0000] {logging_mixin.py:154} INFO - [2025-12-11T00:53:41.503+0000] {dag.py:3722} INFO - Setting next_dagrun for dataset_produces_2 to None, run_after=None
[2025-12-11T00:53:41.519+0000] {processor.py:179} INFO - Processing /home/airflow/.local/lib/python3.8/site-packages/airflow/example_dags/example_datasets.py took 0.065 seconds
[2025-12-11T00:54:11.875+0000] {processor.py:157} INFO - Started process (PID=1902) to work on /home/airflow/.local/lib/python3.8/site-packages/airflow/example_dags/example_datasets.py
[2025-12-11T00:54:11.876+0000] {processor.py:829} INFO - Processing file /home/airflow/.local/lib/python3.8/site-packages/airflow/example_dags/example_datasets.py for tasks to queue
[2025-12-11T00:54:11.878+0000] {logging_mixin.py:154} INFO - [2025-12-11T00:54:11.878+0000] {dagbag.py:536} INFO - Filling up the DagBag from /home/airflow/.local/lib/python3.8/site-packages/airflow/example_dags/example_datasets.py
[2025-12-11T00:54:11.888+0000] {processor.py:839} INFO - DAG(s) dict_keys(['dataset_consumes_unknown_never_scheduled', 'dataset_produces_2', 'dataset_consumes_1_and_2', 'dataset_consumes_1_never_scheduled', 'dataset_produces_1', 'dataset_consumes_1']) retrieved from /home/airflow/.local/lib/python3.8/site-packages/airflow/example_dags/example_datasets.py
[2025-12-11T00:54:11.910+0000] {logging_mixin.py:154} INFO - [2025-12-11T00:54:11.910+0000] {dag.py:2941} INFO - Sync 6 DAGs
[2025-12-11T00:54:11.925+0000] {logging_mixin.py:154} INFO - [2025-12-11T00:54:11.924+0000] {dag.py:3722} INFO - Setting next_dagrun for dataset_consumes_1 to None, run_after=None
[2025-12-11T00:54:11.927+0000] {logging_mixin.py:154} INFO - [2025-12-11T00:54:11.927+0000] {dag.py:3722} INFO - Setting next_dagrun for dataset_consumes_1_and_2 to None, run_after=None
[2025-12-11T00:54:11.927+0000] {logging_mixin.py:154} INFO - [2025-12-11T00:54:11.927+0000] {dag.py:3722} INFO - Setting next_dagrun for dataset_consumes_1_never_scheduled to None, run_after=None
[2025-12-11T00:54:11.928+0000] {logging_mixin.py:154} INFO - [2025-12-11T00:54:11.928+0000] {dag.py:3722} INFO - Setting next_dagrun for dataset_consumes_unknown_never_scheduled to None, run_after=None
[2025-12-11T00:54:11.930+0000] {logging_mixin.py:154} INFO - [2025-12-11T00:54:11.929+0000] {dag.py:3722} INFO - Setting next_dagrun for dataset_produces_1 to 2025-12-10T00:00:00+00:00, run_after=2025-12-11T00:00:00+00:00
[2025-12-11T00:54:11.930+0000] {logging_mixin.py:154} INFO - [2025-12-11T00:54:11.930+0000] {dag.py:3722} INFO - Setting next_dagrun for dataset_produces_2 to None, run_after=None
[2025-12-11T00:54:11.951+0000] {processor.py:179} INFO - Processing /home/airflow/.local/lib/python3.8/site-packages/airflow/example_dags/example_datasets.py took 0.078 seconds
[2025-12-11T00:54:42.287+0000] {processor.py:157} INFO - Started process (PID=1957) to work on /home/airflow/.local/lib/python3.8/site-packages/airflow/example_dags/example_datasets.py
[2025-12-11T00:54:42.287+0000] {processor.py:829} INFO - Processing file /home/airflow/.local/lib/python3.8/site-packages/airflow/example_dags/example_datasets.py for tasks to queue
[2025-12-11T00:54:42.288+0000] {logging_mixin.py:154} INFO - [2025-12-11T00:54:42.288+0000] {dagbag.py:536} INFO - Filling up the DagBag from /home/airflow/.local/lib/python3.8/site-packages/airflow/example_dags/example_datasets.py
[2025-12-11T00:54:42.294+0000] {processor.py:839} INFO - DAG(s) dict_keys(['dataset_produces_2', 'dataset_consumes_1_and_2', 'dataset_produces_1', 'dataset_consumes_unknown_never_scheduled', 'dataset_consumes_1', 'dataset_consumes_1_never_scheduled']) retrieved from /home/airflow/.local/lib/python3.8/site-packages/airflow/example_dags/example_datasets.py
[2025-12-11T00:54:42.320+0000] {logging_mixin.py:154} INFO - [2025-12-11T00:54:42.320+0000] {dag.py:2941} INFO - Sync 6 DAGs
[2025-12-11T00:54:42.335+0000] {logging_mixin.py:154} INFO - [2025-12-11T00:54:42.335+0000] {dag.py:3722} INFO - Setting next_dagrun for dataset_consumes_1 to None, run_after=None
[2025-12-11T00:54:42.337+0000] {logging_mixin.py:154} INFO - [2025-12-11T00:54:42.337+0000] {dag.py:3722} INFO - Setting next_dagrun for dataset_consumes_1_and_2 to None, run_after=None
[2025-12-11T00:54:42.338+0000] {logging_mixin.py:154} INFO - [2025-12-11T00:54:42.338+0000] {dag.py:3722} INFO - Setting next_dagrun for dataset_consumes_1_never_scheduled to None, run_after=None
[2025-12-11T00:54:42.339+0000] {logging_mixin.py:154} INFO - [2025-12-11T00:54:42.339+0000] {dag.py:3722} INFO - Setting next_dagrun for dataset_consumes_unknown_never_scheduled to None, run_after=None
[2025-12-11T00:54:42.341+0000] {logging_mixin.py:154} INFO - [2025-12-11T00:54:42.341+0000] {dag.py:3722} INFO - Setting next_dagrun for dataset_produces_1 to 2025-12-10T00:00:00+00:00, run_after=2025-12-11T00:00:00+00:00
[2025-12-11T00:54:42.342+0000] {logging_mixin.py:154} INFO - [2025-12-11T00:54:42.342+0000] {dag.py:3722} INFO - Setting next_dagrun for dataset_produces_2 to None, run_after=None
[2025-12-11T00:54:42.364+0000] {processor.py:179} INFO - Processing /home/airflow/.local/lib/python3.8/site-packages/airflow/example_dags/example_datasets.py took 0.079 seconds
[2025-12-11T00:55:12.567+0000] {processor.py:157} INFO - Started process (PID=2012) to work on /home/airflow/.local/lib/python3.8/site-packages/airflow/example_dags/example_datasets.py
[2025-12-11T00:55:12.568+0000] {processor.py:829} INFO - Processing file /home/airflow/.local/lib/python3.8/site-packages/airflow/example_dags/example_datasets.py for tasks to queue
[2025-12-11T00:55:12.570+0000] {logging_mixin.py:154} INFO - [2025-12-11T00:55:12.570+0000] {dagbag.py:536} INFO - Filling up the DagBag from /home/airflow/.local/lib/python3.8/site-packages/airflow/example_dags/example_datasets.py
[2025-12-11T00:55:12.577+0000] {processor.py:839} INFO - DAG(s) dict_keys(['dataset_produces_1', 'dataset_consumes_1', 'dataset_produces_2', 'dataset_consumes_unknown_never_scheduled', 'dataset_consumes_1_and_2', 'dataset_consumes_1_never_scheduled']) retrieved from /home/airflow/.local/lib/python3.8/site-packages/airflow/example_dags/example_datasets.py
[2025-12-11T00:55:12.604+0000] {logging_mixin.py:154} INFO - [2025-12-11T00:55:12.604+0000] {dag.py:2941} INFO - Sync 6 DAGs
[2025-12-11T00:55:12.618+0000] {logging_mixin.py:154} INFO - [2025-12-11T00:55:12.617+0000] {dag.py:3722} INFO - Setting next_dagrun for dataset_consumes_1 to None, run_after=None
[2025-12-11T00:55:12.619+0000] {logging_mixin.py:154} INFO - [2025-12-11T00:55:12.619+0000] {dag.py:3722} INFO - Setting next_dagrun for dataset_consumes_1_and_2 to None, run_after=None
[2025-12-11T00:55:12.620+0000] {logging_mixin.py:154} INFO - [2025-12-11T00:55:12.620+0000] {dag.py:3722} INFO - Setting next_dagrun for dataset_consumes_1_never_scheduled to None, run_after=None
[2025-12-11T00:55:12.621+0000] {logging_mixin.py:154} INFO - [2025-12-11T00:55:12.621+0000] {dag.py:3722} INFO - Setting next_dagrun for dataset_consumes_unknown_never_scheduled to None, run_after=None
[2025-12-11T00:55:12.622+0000] {logging_mixin.py:154} INFO - [2025-12-11T00:55:12.622+0000] {dag.py:3722} INFO - Setting next_dagrun for dataset_produces_1 to 2025-12-10T00:00:00+00:00, run_after=2025-12-11T00:00:00+00:00
[2025-12-11T00:55:12.623+0000] {logging_mixin.py:154} INFO - [2025-12-11T00:55:12.623+0000] {dag.py:3722} INFO - Setting next_dagrun for dataset_produces_2 to None, run_after=None
[2025-12-11T00:55:12.641+0000] {processor.py:179} INFO - Processing /home/airflow/.local/lib/python3.8/site-packages/airflow/example_dags/example_datasets.py took 0.077 seconds
