[2025-12-11T00:38:16.558+0000] {processor.py:157} INFO - Started process (PID=188) to work on /home/airflow/.local/lib/python3.8/site-packages/airflow/example_dags/example_local_kubernetes_executor.py
[2025-12-11T00:38:16.558+0000] {processor.py:829} INFO - Processing file /home/airflow/.local/lib/python3.8/site-packages/airflow/example_dags/example_local_kubernetes_executor.py for tasks to queue
[2025-12-11T00:38:16.559+0000] {logging_mixin.py:154} INFO - [2025-12-11T00:38:16.559+0000] {dagbag.py:536} INFO - Filling up the DagBag from /home/airflow/.local/lib/python3.8/site-packages/airflow/example_dags/example_local_kubernetes_executor.py
[2025-12-11T00:38:16.565+0000] {processor.py:839} INFO - DAG(s) dict_keys(['example_local_kubernetes_executor']) retrieved from /home/airflow/.local/lib/python3.8/site-packages/airflow/example_dags/example_local_kubernetes_executor.py
[2025-12-11T00:38:16.573+0000] {logging_mixin.py:154} INFO - [2025-12-11T00:38:16.573+0000] {dag.py:2941} INFO - Sync 1 DAGs
[2025-12-11T00:38:16.581+0000] {logging_mixin.py:154} INFO - [2025-12-11T00:38:16.580+0000] {dag.py:3722} INFO - Setting next_dagrun for example_local_kubernetes_executor to None, run_after=None
[2025-12-11T00:38:16.593+0000] {processor.py:179} INFO - Processing /home/airflow/.local/lib/python3.8/site-packages/airflow/example_dags/example_local_kubernetes_executor.py took 0.038 seconds
[2025-12-11T00:38:46.756+0000] {processor.py:157} INFO - Started process (PID=251) to work on /home/airflow/.local/lib/python3.8/site-packages/airflow/example_dags/example_local_kubernetes_executor.py
[2025-12-11T00:38:46.756+0000] {processor.py:829} INFO - Processing file /home/airflow/.local/lib/python3.8/site-packages/airflow/example_dags/example_local_kubernetes_executor.py for tasks to queue
[2025-12-11T00:38:46.757+0000] {logging_mixin.py:154} INFO - [2025-12-11T00:38:46.757+0000] {dagbag.py:536} INFO - Filling up the DagBag from /home/airflow/.local/lib/python3.8/site-packages/airflow/example_dags/example_local_kubernetes_executor.py
[2025-12-11T00:38:46.762+0000] {processor.py:839} INFO - DAG(s) dict_keys(['example_local_kubernetes_executor']) retrieved from /home/airflow/.local/lib/python3.8/site-packages/airflow/example_dags/example_local_kubernetes_executor.py
[2025-12-11T00:38:46.783+0000] {logging_mixin.py:154} INFO - [2025-12-11T00:38:46.783+0000] {dag.py:2941} INFO - Sync 1 DAGs
[2025-12-11T00:38:46.790+0000] {logging_mixin.py:154} INFO - [2025-12-11T00:38:46.790+0000] {dag.py:3722} INFO - Setting next_dagrun for example_local_kubernetes_executor to None, run_after=None
[2025-12-11T00:38:46.802+0000] {processor.py:179} INFO - Processing /home/airflow/.local/lib/python3.8/site-packages/airflow/example_dags/example_local_kubernetes_executor.py took 0.049 seconds
[2025-12-11T00:39:17.277+0000] {processor.py:157} INFO - Started process (PID=306) to work on /home/airflow/.local/lib/python3.8/site-packages/airflow/example_dags/example_local_kubernetes_executor.py
[2025-12-11T00:39:17.277+0000] {processor.py:829} INFO - Processing file /home/airflow/.local/lib/python3.8/site-packages/airflow/example_dags/example_local_kubernetes_executor.py for tasks to queue
[2025-12-11T00:39:17.278+0000] {logging_mixin.py:154} INFO - [2025-12-11T00:39:17.278+0000] {dagbag.py:536} INFO - Filling up the DagBag from /home/airflow/.local/lib/python3.8/site-packages/airflow/example_dags/example_local_kubernetes_executor.py
[2025-12-11T00:39:17.283+0000] {processor.py:839} INFO - DAG(s) dict_keys(['example_local_kubernetes_executor']) retrieved from /home/airflow/.local/lib/python3.8/site-packages/airflow/example_dags/example_local_kubernetes_executor.py
[2025-12-11T00:39:17.303+0000] {logging_mixin.py:154} INFO - [2025-12-11T00:39:17.303+0000] {dag.py:2941} INFO - Sync 1 DAGs
[2025-12-11T00:39:17.310+0000] {logging_mixin.py:154} INFO - [2025-12-11T00:39:17.310+0000] {dag.py:3722} INFO - Setting next_dagrun for example_local_kubernetes_executor to None, run_after=None
[2025-12-11T00:39:17.332+0000] {processor.py:179} INFO - Processing /home/airflow/.local/lib/python3.8/site-packages/airflow/example_dags/example_local_kubernetes_executor.py took 0.058 seconds
[2025-12-11T00:39:47.465+0000] {processor.py:157} INFO - Started process (PID=361) to work on /home/airflow/.local/lib/python3.8/site-packages/airflow/example_dags/example_local_kubernetes_executor.py
[2025-12-11T00:39:47.482+0000] {processor.py:829} INFO - Processing file /home/airflow/.local/lib/python3.8/site-packages/airflow/example_dags/example_local_kubernetes_executor.py for tasks to queue
[2025-12-11T00:39:47.486+0000] {logging_mixin.py:154} INFO - [2025-12-11T00:39:47.485+0000] {dagbag.py:536} INFO - Filling up the DagBag from /home/airflow/.local/lib/python3.8/site-packages/airflow/example_dags/example_local_kubernetes_executor.py
[2025-12-11T00:39:47.494+0000] {processor.py:839} INFO - DAG(s) dict_keys(['example_local_kubernetes_executor']) retrieved from /home/airflow/.local/lib/python3.8/site-packages/airflow/example_dags/example_local_kubernetes_executor.py
[2025-12-11T00:39:47.529+0000] {logging_mixin.py:154} INFO - [2025-12-11T00:39:47.529+0000] {dag.py:2941} INFO - Sync 1 DAGs
[2025-12-11T00:39:47.537+0000] {logging_mixin.py:154} INFO - [2025-12-11T00:39:47.537+0000] {dag.py:3722} INFO - Setting next_dagrun for example_local_kubernetes_executor to None, run_after=None
[2025-12-11T00:39:47.571+0000] {processor.py:179} INFO - Processing /home/airflow/.local/lib/python3.8/site-packages/airflow/example_dags/example_local_kubernetes_executor.py took 0.111 seconds
[2025-12-11T00:40:25.150+0000] {processor.py:157} INFO - Started process (PID=423) to work on /home/airflow/.local/lib/python3.8/site-packages/airflow/example_dags/example_local_kubernetes_executor.py
[2025-12-11T00:40:25.151+0000] {processor.py:829} INFO - Processing file /home/airflow/.local/lib/python3.8/site-packages/airflow/example_dags/example_local_kubernetes_executor.py for tasks to queue
[2025-12-11T00:40:25.152+0000] {logging_mixin.py:154} INFO - [2025-12-11T00:40:25.152+0000] {dagbag.py:536} INFO - Filling up the DagBag from /home/airflow/.local/lib/python3.8/site-packages/airflow/example_dags/example_local_kubernetes_executor.py
[2025-12-11T00:40:25.156+0000] {processor.py:839} INFO - DAG(s) dict_keys(['example_local_kubernetes_executor']) retrieved from /home/airflow/.local/lib/python3.8/site-packages/airflow/example_dags/example_local_kubernetes_executor.py
[2025-12-11T00:40:25.176+0000] {logging_mixin.py:154} INFO - [2025-12-11T00:40:25.176+0000] {dag.py:2941} INFO - Sync 1 DAGs
[2025-12-11T00:40:25.183+0000] {logging_mixin.py:154} INFO - [2025-12-11T00:40:25.183+0000] {dag.py:3722} INFO - Setting next_dagrun for example_local_kubernetes_executor to None, run_after=None
[2025-12-11T00:40:25.195+0000] {processor.py:179} INFO - Processing /home/airflow/.local/lib/python3.8/site-packages/airflow/example_dags/example_local_kubernetes_executor.py took 0.047 seconds
[2025-12-11T00:40:55.857+0000] {processor.py:157} INFO - Started process (PID=478) to work on /home/airflow/.local/lib/python3.8/site-packages/airflow/example_dags/example_local_kubernetes_executor.py
[2025-12-11T00:40:55.858+0000] {processor.py:829} INFO - Processing file /home/airflow/.local/lib/python3.8/site-packages/airflow/example_dags/example_local_kubernetes_executor.py for tasks to queue
[2025-12-11T00:40:55.860+0000] {logging_mixin.py:154} INFO - [2025-12-11T00:40:55.860+0000] {dagbag.py:536} INFO - Filling up the DagBag from /home/airflow/.local/lib/python3.8/site-packages/airflow/example_dags/example_local_kubernetes_executor.py
[2025-12-11T00:40:55.867+0000] {processor.py:839} INFO - DAG(s) dict_keys(['example_local_kubernetes_executor']) retrieved from /home/airflow/.local/lib/python3.8/site-packages/airflow/example_dags/example_local_kubernetes_executor.py
[2025-12-11T00:40:55.894+0000] {logging_mixin.py:154} INFO - [2025-12-11T00:40:55.894+0000] {dag.py:2941} INFO - Sync 1 DAGs
[2025-12-11T00:40:55.901+0000] {logging_mixin.py:154} INFO - [2025-12-11T00:40:55.901+0000] {dag.py:3722} INFO - Setting next_dagrun for example_local_kubernetes_executor to None, run_after=None
[2025-12-11T00:40:55.914+0000] {processor.py:179} INFO - Processing /home/airflow/.local/lib/python3.8/site-packages/airflow/example_dags/example_local_kubernetes_executor.py took 0.060 seconds
[2025-12-11T00:41:33.047+0000] {processor.py:157} INFO - Started process (PID=533) to work on /home/airflow/.local/lib/python3.8/site-packages/airflow/example_dags/example_local_kubernetes_executor.py
[2025-12-11T00:41:33.048+0000] {processor.py:829} INFO - Processing file /home/airflow/.local/lib/python3.8/site-packages/airflow/example_dags/example_local_kubernetes_executor.py for tasks to queue
[2025-12-11T00:41:33.049+0000] {logging_mixin.py:154} INFO - [2025-12-11T00:41:33.049+0000] {dagbag.py:536} INFO - Filling up the DagBag from /home/airflow/.local/lib/python3.8/site-packages/airflow/example_dags/example_local_kubernetes_executor.py
[2025-12-11T00:41:33.054+0000] {processor.py:839} INFO - DAG(s) dict_keys(['example_local_kubernetes_executor']) retrieved from /home/airflow/.local/lib/python3.8/site-packages/airflow/example_dags/example_local_kubernetes_executor.py
[2025-12-11T00:41:33.086+0000] {logging_mixin.py:154} INFO - [2025-12-11T00:41:33.085+0000] {dag.py:2941} INFO - Sync 1 DAGs
[2025-12-11T00:41:33.094+0000] {logging_mixin.py:154} INFO - [2025-12-11T00:41:33.094+0000] {dag.py:3722} INFO - Setting next_dagrun for example_local_kubernetes_executor to None, run_after=None
[2025-12-11T00:41:33.126+0000] {processor.py:179} INFO - Processing /home/airflow/.local/lib/python3.8/site-packages/airflow/example_dags/example_local_kubernetes_executor.py took 0.082 seconds
[2025-12-11T00:42:05.563+0000] {processor.py:157} INFO - Started process (PID=588) to work on /home/airflow/.local/lib/python3.8/site-packages/airflow/example_dags/example_local_kubernetes_executor.py
[2025-12-11T00:42:05.564+0000] {processor.py:829} INFO - Processing file /home/airflow/.local/lib/python3.8/site-packages/airflow/example_dags/example_local_kubernetes_executor.py for tasks to queue
[2025-12-11T00:42:05.565+0000] {logging_mixin.py:154} INFO - [2025-12-11T00:42:05.565+0000] {dagbag.py:536} INFO - Filling up the DagBag from /home/airflow/.local/lib/python3.8/site-packages/airflow/example_dags/example_local_kubernetes_executor.py
[2025-12-11T00:42:05.569+0000] {processor.py:839} INFO - DAG(s) dict_keys(['example_local_kubernetes_executor']) retrieved from /home/airflow/.local/lib/python3.8/site-packages/airflow/example_dags/example_local_kubernetes_executor.py
[2025-12-11T00:42:05.591+0000] {logging_mixin.py:154} INFO - [2025-12-11T00:42:05.591+0000] {dag.py:2941} INFO - Sync 1 DAGs
[2025-12-11T00:42:05.599+0000] {logging_mixin.py:154} INFO - [2025-12-11T00:42:05.598+0000] {dag.py:3722} INFO - Setting next_dagrun for example_local_kubernetes_executor to None, run_after=None
[2025-12-11T00:42:05.808+0000] {processor.py:179} INFO - Processing /home/airflow/.local/lib/python3.8/site-packages/airflow/example_dags/example_local_kubernetes_executor.py took 0.247 seconds
[2025-12-11T00:42:36.572+0000] {processor.py:157} INFO - Started process (PID=643) to work on /home/airflow/.local/lib/python3.8/site-packages/airflow/example_dags/example_local_kubernetes_executor.py
[2025-12-11T00:42:36.573+0000] {processor.py:829} INFO - Processing file /home/airflow/.local/lib/python3.8/site-packages/airflow/example_dags/example_local_kubernetes_executor.py for tasks to queue
[2025-12-11T00:42:36.575+0000] {logging_mixin.py:154} INFO - [2025-12-11T00:42:36.574+0000] {dagbag.py:536} INFO - Filling up the DagBag from /home/airflow/.local/lib/python3.8/site-packages/airflow/example_dags/example_local_kubernetes_executor.py
[2025-12-11T00:42:36.580+0000] {processor.py:839} INFO - DAG(s) dict_keys(['example_local_kubernetes_executor']) retrieved from /home/airflow/.local/lib/python3.8/site-packages/airflow/example_dags/example_local_kubernetes_executor.py
[2025-12-11T00:42:36.610+0000] {logging_mixin.py:154} INFO - [2025-12-11T00:42:36.610+0000] {dag.py:2941} INFO - Sync 1 DAGs
[2025-12-11T00:42:36.618+0000] {logging_mixin.py:154} INFO - [2025-12-11T00:42:36.618+0000] {dag.py:3722} INFO - Setting next_dagrun for example_local_kubernetes_executor to None, run_after=None
[2025-12-11T00:42:36.633+0000] {processor.py:179} INFO - Processing /home/airflow/.local/lib/python3.8/site-packages/airflow/example_dags/example_local_kubernetes_executor.py took 0.063 seconds
[2025-12-11T00:43:07.400+0000] {processor.py:157} INFO - Started process (PID=698) to work on /home/airflow/.local/lib/python3.8/site-packages/airflow/example_dags/example_local_kubernetes_executor.py
[2025-12-11T00:43:07.400+0000] {processor.py:829} INFO - Processing file /home/airflow/.local/lib/python3.8/site-packages/airflow/example_dags/example_local_kubernetes_executor.py for tasks to queue
[2025-12-11T00:43:07.402+0000] {logging_mixin.py:154} INFO - [2025-12-11T00:43:07.401+0000] {dagbag.py:536} INFO - Filling up the DagBag from /home/airflow/.local/lib/python3.8/site-packages/airflow/example_dags/example_local_kubernetes_executor.py
[2025-12-11T00:43:07.406+0000] {processor.py:839} INFO - DAG(s) dict_keys(['example_local_kubernetes_executor']) retrieved from /home/airflow/.local/lib/python3.8/site-packages/airflow/example_dags/example_local_kubernetes_executor.py
[2025-12-11T00:43:07.427+0000] {logging_mixin.py:154} INFO - [2025-12-11T00:43:07.427+0000] {dag.py:2941} INFO - Sync 1 DAGs
[2025-12-11T00:43:07.435+0000] {logging_mixin.py:154} INFO - [2025-12-11T00:43:07.435+0000] {dag.py:3722} INFO - Setting next_dagrun for example_local_kubernetes_executor to None, run_after=None
[2025-12-11T00:43:07.450+0000] {processor.py:179} INFO - Processing /home/airflow/.local/lib/python3.8/site-packages/airflow/example_dags/example_local_kubernetes_executor.py took 0.052 seconds
[2025-12-11T00:43:37.492+0000] {processor.py:157} INFO - Started process (PID=753) to work on /home/airflow/.local/lib/python3.8/site-packages/airflow/example_dags/example_local_kubernetes_executor.py
[2025-12-11T00:43:37.493+0000] {processor.py:829} INFO - Processing file /home/airflow/.local/lib/python3.8/site-packages/airflow/example_dags/example_local_kubernetes_executor.py for tasks to queue
[2025-12-11T00:43:37.494+0000] {logging_mixin.py:154} INFO - [2025-12-11T00:43:37.494+0000] {dagbag.py:536} INFO - Filling up the DagBag from /home/airflow/.local/lib/python3.8/site-packages/airflow/example_dags/example_local_kubernetes_executor.py
[2025-12-11T00:43:37.498+0000] {processor.py:839} INFO - DAG(s) dict_keys(['example_local_kubernetes_executor']) retrieved from /home/airflow/.local/lib/python3.8/site-packages/airflow/example_dags/example_local_kubernetes_executor.py
[2025-12-11T00:43:37.527+0000] {logging_mixin.py:154} INFO - [2025-12-11T00:43:37.527+0000] {dag.py:2941} INFO - Sync 1 DAGs
[2025-12-11T00:43:37.535+0000] {logging_mixin.py:154} INFO - [2025-12-11T00:43:37.534+0000] {dag.py:3722} INFO - Setting next_dagrun for example_local_kubernetes_executor to None, run_after=None
[2025-12-11T00:43:37.546+0000] {processor.py:179} INFO - Processing /home/airflow/.local/lib/python3.8/site-packages/airflow/example_dags/example_local_kubernetes_executor.py took 0.056 seconds
[2025-12-11T00:44:08.186+0000] {processor.py:157} INFO - Started process (PID=809) to work on /home/airflow/.local/lib/python3.8/site-packages/airflow/example_dags/example_local_kubernetes_executor.py
[2025-12-11T00:44:08.187+0000] {processor.py:829} INFO - Processing file /home/airflow/.local/lib/python3.8/site-packages/airflow/example_dags/example_local_kubernetes_executor.py for tasks to queue
[2025-12-11T00:44:08.189+0000] {logging_mixin.py:154} INFO - [2025-12-11T00:44:08.189+0000] {dagbag.py:536} INFO - Filling up the DagBag from /home/airflow/.local/lib/python3.8/site-packages/airflow/example_dags/example_local_kubernetes_executor.py
[2025-12-11T00:44:08.193+0000] {processor.py:839} INFO - DAG(s) dict_keys(['example_local_kubernetes_executor']) retrieved from /home/airflow/.local/lib/python3.8/site-packages/airflow/example_dags/example_local_kubernetes_executor.py
[2025-12-11T00:44:08.225+0000] {logging_mixin.py:154} INFO - [2025-12-11T00:44:08.225+0000] {dag.py:2941} INFO - Sync 1 DAGs
[2025-12-11T00:44:08.234+0000] {logging_mixin.py:154} INFO - [2025-12-11T00:44:08.234+0000] {dag.py:3722} INFO - Setting next_dagrun for example_local_kubernetes_executor to None, run_after=None
[2025-12-11T00:44:08.246+0000] {processor.py:179} INFO - Processing /home/airflow/.local/lib/python3.8/site-packages/airflow/example_dags/example_local_kubernetes_executor.py took 0.063 seconds
[2025-12-11T00:44:38.699+0000] {processor.py:157} INFO - Started process (PID=864) to work on /home/airflow/.local/lib/python3.8/site-packages/airflow/example_dags/example_local_kubernetes_executor.py
[2025-12-11T00:44:38.700+0000] {processor.py:829} INFO - Processing file /home/airflow/.local/lib/python3.8/site-packages/airflow/example_dags/example_local_kubernetes_executor.py for tasks to queue
[2025-12-11T00:44:38.703+0000] {logging_mixin.py:154} INFO - [2025-12-11T00:44:38.702+0000] {dagbag.py:536} INFO - Filling up the DagBag from /home/airflow/.local/lib/python3.8/site-packages/airflow/example_dags/example_local_kubernetes_executor.py
[2025-12-11T00:44:38.709+0000] {processor.py:839} INFO - DAG(s) dict_keys(['example_local_kubernetes_executor']) retrieved from /home/airflow/.local/lib/python3.8/site-packages/airflow/example_dags/example_local_kubernetes_executor.py
[2025-12-11T00:44:38.742+0000] {logging_mixin.py:154} INFO - [2025-12-11T00:44:38.742+0000] {dag.py:2941} INFO - Sync 1 DAGs
[2025-12-11T00:44:38.750+0000] {logging_mixin.py:154} INFO - [2025-12-11T00:44:38.750+0000] {dag.py:3722} INFO - Setting next_dagrun for example_local_kubernetes_executor to None, run_after=None
[2025-12-11T00:44:38.762+0000] {processor.py:179} INFO - Processing /home/airflow/.local/lib/python3.8/site-packages/airflow/example_dags/example_local_kubernetes_executor.py took 0.068 seconds
[2025-12-11T00:45:09.153+0000] {processor.py:157} INFO - Started process (PID=919) to work on /home/airflow/.local/lib/python3.8/site-packages/airflow/example_dags/example_local_kubernetes_executor.py
[2025-12-11T00:45:09.153+0000] {processor.py:829} INFO - Processing file /home/airflow/.local/lib/python3.8/site-packages/airflow/example_dags/example_local_kubernetes_executor.py for tasks to queue
[2025-12-11T00:45:09.155+0000] {logging_mixin.py:154} INFO - [2025-12-11T00:45:09.155+0000] {dagbag.py:536} INFO - Filling up the DagBag from /home/airflow/.local/lib/python3.8/site-packages/airflow/example_dags/example_local_kubernetes_executor.py
[2025-12-11T00:45:09.159+0000] {processor.py:839} INFO - DAG(s) dict_keys(['example_local_kubernetes_executor']) retrieved from /home/airflow/.local/lib/python3.8/site-packages/airflow/example_dags/example_local_kubernetes_executor.py
[2025-12-11T00:45:09.192+0000] {logging_mixin.py:154} INFO - [2025-12-11T00:45:09.192+0000] {dag.py:2941} INFO - Sync 1 DAGs
[2025-12-11T00:45:09.200+0000] {logging_mixin.py:154} INFO - [2025-12-11T00:45:09.200+0000] {dag.py:3722} INFO - Setting next_dagrun for example_local_kubernetes_executor to None, run_after=None
[2025-12-11T00:45:09.210+0000] {processor.py:179} INFO - Processing /home/airflow/.local/lib/python3.8/site-packages/airflow/example_dags/example_local_kubernetes_executor.py took 0.059 seconds
[2025-12-11T00:45:39.622+0000] {processor.py:157} INFO - Started process (PID=974) to work on /home/airflow/.local/lib/python3.8/site-packages/airflow/example_dags/example_local_kubernetes_executor.py
[2025-12-11T00:45:39.622+0000] {processor.py:829} INFO - Processing file /home/airflow/.local/lib/python3.8/site-packages/airflow/example_dags/example_local_kubernetes_executor.py for tasks to queue
[2025-12-11T00:45:39.623+0000] {logging_mixin.py:154} INFO - [2025-12-11T00:45:39.623+0000] {dagbag.py:536} INFO - Filling up the DagBag from /home/airflow/.local/lib/python3.8/site-packages/airflow/example_dags/example_local_kubernetes_executor.py
[2025-12-11T00:45:39.627+0000] {processor.py:839} INFO - DAG(s) dict_keys(['example_local_kubernetes_executor']) retrieved from /home/airflow/.local/lib/python3.8/site-packages/airflow/example_dags/example_local_kubernetes_executor.py
[2025-12-11T00:45:39.662+0000] {logging_mixin.py:154} INFO - [2025-12-11T00:45:39.662+0000] {dag.py:2941} INFO - Sync 1 DAGs
[2025-12-11T00:45:39.671+0000] {logging_mixin.py:154} INFO - [2025-12-11T00:45:39.671+0000] {dag.py:3722} INFO - Setting next_dagrun for example_local_kubernetes_executor to None, run_after=None
[2025-12-11T00:45:39.682+0000] {processor.py:179} INFO - Processing /home/airflow/.local/lib/python3.8/site-packages/airflow/example_dags/example_local_kubernetes_executor.py took 0.062 seconds
[2025-12-11T00:46:10.093+0000] {processor.py:157} INFO - Started process (PID=1029) to work on /home/airflow/.local/lib/python3.8/site-packages/airflow/example_dags/example_local_kubernetes_executor.py
[2025-12-11T00:46:10.094+0000] {processor.py:829} INFO - Processing file /home/airflow/.local/lib/python3.8/site-packages/airflow/example_dags/example_local_kubernetes_executor.py for tasks to queue
[2025-12-11T00:46:10.095+0000] {logging_mixin.py:154} INFO - [2025-12-11T00:46:10.095+0000] {dagbag.py:536} INFO - Filling up the DagBag from /home/airflow/.local/lib/python3.8/site-packages/airflow/example_dags/example_local_kubernetes_executor.py
[2025-12-11T00:46:10.102+0000] {processor.py:839} INFO - DAG(s) dict_keys(['example_local_kubernetes_executor']) retrieved from /home/airflow/.local/lib/python3.8/site-packages/airflow/example_dags/example_local_kubernetes_executor.py
[2025-12-11T00:46:10.140+0000] {logging_mixin.py:154} INFO - [2025-12-11T00:46:10.140+0000] {dag.py:2941} INFO - Sync 1 DAGs
[2025-12-11T00:46:10.147+0000] {logging_mixin.py:154} INFO - [2025-12-11T00:46:10.147+0000] {dag.py:3722} INFO - Setting next_dagrun for example_local_kubernetes_executor to None, run_after=None
[2025-12-11T00:46:10.158+0000] {processor.py:179} INFO - Processing /home/airflow/.local/lib/python3.8/site-packages/airflow/example_dags/example_local_kubernetes_executor.py took 0.068 seconds
[2025-12-11T00:46:40.714+0000] {processor.py:157} INFO - Started process (PID=1084) to work on /home/airflow/.local/lib/python3.8/site-packages/airflow/example_dags/example_local_kubernetes_executor.py
[2025-12-11T00:46:40.715+0000] {processor.py:829} INFO - Processing file /home/airflow/.local/lib/python3.8/site-packages/airflow/example_dags/example_local_kubernetes_executor.py for tasks to queue
[2025-12-11T00:46:40.716+0000] {logging_mixin.py:154} INFO - [2025-12-11T00:46:40.716+0000] {dagbag.py:536} INFO - Filling up the DagBag from /home/airflow/.local/lib/python3.8/site-packages/airflow/example_dags/example_local_kubernetes_executor.py
[2025-12-11T00:46:40.721+0000] {processor.py:839} INFO - DAG(s) dict_keys(['example_local_kubernetes_executor']) retrieved from /home/airflow/.local/lib/python3.8/site-packages/airflow/example_dags/example_local_kubernetes_executor.py
[2025-12-11T00:46:40.744+0000] {logging_mixin.py:154} INFO - [2025-12-11T00:46:40.744+0000] {dag.py:2941} INFO - Sync 1 DAGs
[2025-12-11T00:46:40.752+0000] {logging_mixin.py:154} INFO - [2025-12-11T00:46:40.751+0000] {dag.py:3722} INFO - Setting next_dagrun for example_local_kubernetes_executor to None, run_after=None
[2025-12-11T00:46:40.762+0000] {processor.py:179} INFO - Processing /home/airflow/.local/lib/python3.8/site-packages/airflow/example_dags/example_local_kubernetes_executor.py took 0.050 seconds
[2025-12-11T00:47:11.271+0000] {processor.py:157} INFO - Started process (PID=1139) to work on /home/airflow/.local/lib/python3.8/site-packages/airflow/example_dags/example_local_kubernetes_executor.py
[2025-12-11T00:47:11.272+0000] {processor.py:829} INFO - Processing file /home/airflow/.local/lib/python3.8/site-packages/airflow/example_dags/example_local_kubernetes_executor.py for tasks to queue
[2025-12-11T00:47:11.273+0000] {logging_mixin.py:154} INFO - [2025-12-11T00:47:11.273+0000] {dagbag.py:536} INFO - Filling up the DagBag from /home/airflow/.local/lib/python3.8/site-packages/airflow/example_dags/example_local_kubernetes_executor.py
[2025-12-11T00:47:11.279+0000] {processor.py:839} INFO - DAG(s) dict_keys(['example_local_kubernetes_executor']) retrieved from /home/airflow/.local/lib/python3.8/site-packages/airflow/example_dags/example_local_kubernetes_executor.py
[2025-12-11T00:47:11.316+0000] {logging_mixin.py:154} INFO - [2025-12-11T00:47:11.316+0000] {dag.py:2941} INFO - Sync 1 DAGs
[2025-12-11T00:47:11.324+0000] {logging_mixin.py:154} INFO - [2025-12-11T00:47:11.324+0000] {dag.py:3722} INFO - Setting next_dagrun for example_local_kubernetes_executor to None, run_after=None
[2025-12-11T00:47:11.335+0000] {processor.py:179} INFO - Processing /home/airflow/.local/lib/python3.8/site-packages/airflow/example_dags/example_local_kubernetes_executor.py took 0.066 seconds
[2025-12-11T00:47:41.934+0000] {processor.py:157} INFO - Started process (PID=1194) to work on /home/airflow/.local/lib/python3.8/site-packages/airflow/example_dags/example_local_kubernetes_executor.py
[2025-12-11T00:47:41.935+0000] {processor.py:829} INFO - Processing file /home/airflow/.local/lib/python3.8/site-packages/airflow/example_dags/example_local_kubernetes_executor.py for tasks to queue
[2025-12-11T00:47:41.936+0000] {logging_mixin.py:154} INFO - [2025-12-11T00:47:41.936+0000] {dagbag.py:536} INFO - Filling up the DagBag from /home/airflow/.local/lib/python3.8/site-packages/airflow/example_dags/example_local_kubernetes_executor.py
[2025-12-11T00:47:41.940+0000] {processor.py:839} INFO - DAG(s) dict_keys(['example_local_kubernetes_executor']) retrieved from /home/airflow/.local/lib/python3.8/site-packages/airflow/example_dags/example_local_kubernetes_executor.py
[2025-12-11T00:47:41.962+0000] {logging_mixin.py:154} INFO - [2025-12-11T00:47:41.962+0000] {dag.py:2941} INFO - Sync 1 DAGs
[2025-12-11T00:47:41.970+0000] {logging_mixin.py:154} INFO - [2025-12-11T00:47:41.970+0000] {dag.py:3722} INFO - Setting next_dagrun for example_local_kubernetes_executor to None, run_after=None
[2025-12-11T00:47:41.984+0000] {processor.py:179} INFO - Processing /home/airflow/.local/lib/python3.8/site-packages/airflow/example_dags/example_local_kubernetes_executor.py took 0.053 seconds
[2025-12-11T00:48:12.137+0000] {processor.py:157} INFO - Started process (PID=1249) to work on /home/airflow/.local/lib/python3.8/site-packages/airflow/example_dags/example_local_kubernetes_executor.py
[2025-12-11T00:48:12.138+0000] {processor.py:829} INFO - Processing file /home/airflow/.local/lib/python3.8/site-packages/airflow/example_dags/example_local_kubernetes_executor.py for tasks to queue
[2025-12-11T00:48:12.140+0000] {logging_mixin.py:154} INFO - [2025-12-11T00:48:12.140+0000] {dagbag.py:536} INFO - Filling up the DagBag from /home/airflow/.local/lib/python3.8/site-packages/airflow/example_dags/example_local_kubernetes_executor.py
[2025-12-11T00:48:12.145+0000] {processor.py:839} INFO - DAG(s) dict_keys(['example_local_kubernetes_executor']) retrieved from /home/airflow/.local/lib/python3.8/site-packages/airflow/example_dags/example_local_kubernetes_executor.py
[2025-12-11T00:48:12.165+0000] {logging_mixin.py:154} INFO - [2025-12-11T00:48:12.165+0000] {dag.py:2941} INFO - Sync 1 DAGs
[2025-12-11T00:48:12.172+0000] {logging_mixin.py:154} INFO - [2025-12-11T00:48:12.172+0000] {dag.py:3722} INFO - Setting next_dagrun for example_local_kubernetes_executor to None, run_after=None
[2025-12-11T00:48:12.184+0000] {processor.py:179} INFO - Processing /home/airflow/.local/lib/python3.8/site-packages/airflow/example_dags/example_local_kubernetes_executor.py took 0.051 seconds
[2025-12-11T00:48:42.994+0000] {processor.py:157} INFO - Started process (PID=1304) to work on /home/airflow/.local/lib/python3.8/site-packages/airflow/example_dags/example_local_kubernetes_executor.py
[2025-12-11T00:48:42.995+0000] {processor.py:829} INFO - Processing file /home/airflow/.local/lib/python3.8/site-packages/airflow/example_dags/example_local_kubernetes_executor.py for tasks to queue
[2025-12-11T00:48:42.996+0000] {logging_mixin.py:154} INFO - [2025-12-11T00:48:42.996+0000] {dagbag.py:536} INFO - Filling up the DagBag from /home/airflow/.local/lib/python3.8/site-packages/airflow/example_dags/example_local_kubernetes_executor.py
[2025-12-11T00:48:43.004+0000] {processor.py:839} INFO - DAG(s) dict_keys(['example_local_kubernetes_executor']) retrieved from /home/airflow/.local/lib/python3.8/site-packages/airflow/example_dags/example_local_kubernetes_executor.py
[2025-12-11T00:48:43.024+0000] {logging_mixin.py:154} INFO - [2025-12-11T00:48:43.024+0000] {dag.py:2941} INFO - Sync 1 DAGs
[2025-12-11T00:48:43.033+0000] {logging_mixin.py:154} INFO - [2025-12-11T00:48:43.032+0000] {dag.py:3722} INFO - Setting next_dagrun for example_local_kubernetes_executor to None, run_after=None
[2025-12-11T00:48:43.045+0000] {processor.py:179} INFO - Processing /home/airflow/.local/lib/python3.8/site-packages/airflow/example_dags/example_local_kubernetes_executor.py took 0.053 seconds
[2025-12-11T00:49:13.590+0000] {processor.py:157} INFO - Started process (PID=1359) to work on /home/airflow/.local/lib/python3.8/site-packages/airflow/example_dags/example_local_kubernetes_executor.py
[2025-12-11T00:49:13.591+0000] {processor.py:829} INFO - Processing file /home/airflow/.local/lib/python3.8/site-packages/airflow/example_dags/example_local_kubernetes_executor.py for tasks to queue
[2025-12-11T00:49:13.594+0000] {logging_mixin.py:154} INFO - [2025-12-11T00:49:13.593+0000] {dagbag.py:536} INFO - Filling up the DagBag from /home/airflow/.local/lib/python3.8/site-packages/airflow/example_dags/example_local_kubernetes_executor.py
[2025-12-11T00:49:13.600+0000] {processor.py:839} INFO - DAG(s) dict_keys(['example_local_kubernetes_executor']) retrieved from /home/airflow/.local/lib/python3.8/site-packages/airflow/example_dags/example_local_kubernetes_executor.py
[2025-12-11T00:49:13.628+0000] {logging_mixin.py:154} INFO - [2025-12-11T00:49:13.627+0000] {dag.py:2941} INFO - Sync 1 DAGs
[2025-12-11T00:49:13.635+0000] {logging_mixin.py:154} INFO - [2025-12-11T00:49:13.635+0000] {dag.py:3722} INFO - Setting next_dagrun for example_local_kubernetes_executor to None, run_after=None
[2025-12-11T00:49:13.648+0000] {processor.py:179} INFO - Processing /home/airflow/.local/lib/python3.8/site-packages/airflow/example_dags/example_local_kubernetes_executor.py took 0.061 seconds
[2025-12-11T00:49:43.887+0000] {processor.py:157} INFO - Started process (PID=1414) to work on /home/airflow/.local/lib/python3.8/site-packages/airflow/example_dags/example_local_kubernetes_executor.py
[2025-12-11T00:49:43.888+0000] {processor.py:829} INFO - Processing file /home/airflow/.local/lib/python3.8/site-packages/airflow/example_dags/example_local_kubernetes_executor.py for tasks to queue
[2025-12-11T00:49:43.889+0000] {logging_mixin.py:154} INFO - [2025-12-11T00:49:43.889+0000] {dagbag.py:536} INFO - Filling up the DagBag from /home/airflow/.local/lib/python3.8/site-packages/airflow/example_dags/example_local_kubernetes_executor.py
[2025-12-11T00:49:43.894+0000] {processor.py:839} INFO - DAG(s) dict_keys(['example_local_kubernetes_executor']) retrieved from /home/airflow/.local/lib/python3.8/site-packages/airflow/example_dags/example_local_kubernetes_executor.py
[2025-12-11T00:49:43.918+0000] {logging_mixin.py:154} INFO - [2025-12-11T00:49:43.918+0000] {dag.py:2941} INFO - Sync 1 DAGs
[2025-12-11T00:49:43.926+0000] {logging_mixin.py:154} INFO - [2025-12-11T00:49:43.925+0000] {dag.py:3722} INFO - Setting next_dagrun for example_local_kubernetes_executor to None, run_after=None
[2025-12-11T00:49:43.936+0000] {processor.py:179} INFO - Processing /home/airflow/.local/lib/python3.8/site-packages/airflow/example_dags/example_local_kubernetes_executor.py took 0.053 seconds
[2025-12-11T00:50:14.054+0000] {processor.py:157} INFO - Started process (PID=1469) to work on /home/airflow/.local/lib/python3.8/site-packages/airflow/example_dags/example_local_kubernetes_executor.py
[2025-12-11T00:50:14.054+0000] {processor.py:829} INFO - Processing file /home/airflow/.local/lib/python3.8/site-packages/airflow/example_dags/example_local_kubernetes_executor.py for tasks to queue
[2025-12-11T00:50:14.056+0000] {logging_mixin.py:154} INFO - [2025-12-11T00:50:14.056+0000] {dagbag.py:536} INFO - Filling up the DagBag from /home/airflow/.local/lib/python3.8/site-packages/airflow/example_dags/example_local_kubernetes_executor.py
[2025-12-11T00:50:14.060+0000] {processor.py:839} INFO - DAG(s) dict_keys(['example_local_kubernetes_executor']) retrieved from /home/airflow/.local/lib/python3.8/site-packages/airflow/example_dags/example_local_kubernetes_executor.py
[2025-12-11T00:50:14.083+0000] {logging_mixin.py:154} INFO - [2025-12-11T00:50:14.083+0000] {dag.py:2941} INFO - Sync 1 DAGs
[2025-12-11T00:50:14.091+0000] {logging_mixin.py:154} INFO - [2025-12-11T00:50:14.090+0000] {dag.py:3722} INFO - Setting next_dagrun for example_local_kubernetes_executor to None, run_after=None
[2025-12-11T00:50:14.104+0000] {processor.py:179} INFO - Processing /home/airflow/.local/lib/python3.8/site-packages/airflow/example_dags/example_local_kubernetes_executor.py took 0.053 seconds
[2025-12-11T00:50:44.355+0000] {processor.py:157} INFO - Started process (PID=1524) to work on /home/airflow/.local/lib/python3.8/site-packages/airflow/example_dags/example_local_kubernetes_executor.py
[2025-12-11T00:50:44.356+0000] {processor.py:829} INFO - Processing file /home/airflow/.local/lib/python3.8/site-packages/airflow/example_dags/example_local_kubernetes_executor.py for tasks to queue
[2025-12-11T00:50:44.358+0000] {logging_mixin.py:154} INFO - [2025-12-11T00:50:44.358+0000] {dagbag.py:536} INFO - Filling up the DagBag from /home/airflow/.local/lib/python3.8/site-packages/airflow/example_dags/example_local_kubernetes_executor.py
[2025-12-11T00:50:44.368+0000] {processor.py:839} INFO - DAG(s) dict_keys(['example_local_kubernetes_executor']) retrieved from /home/airflow/.local/lib/python3.8/site-packages/airflow/example_dags/example_local_kubernetes_executor.py
[2025-12-11T00:50:44.398+0000] {logging_mixin.py:154} INFO - [2025-12-11T00:50:44.398+0000] {dag.py:2941} INFO - Sync 1 DAGs
[2025-12-11T00:50:44.406+0000] {logging_mixin.py:154} INFO - [2025-12-11T00:50:44.406+0000] {dag.py:3722} INFO - Setting next_dagrun for example_local_kubernetes_executor to None, run_after=None
[2025-12-11T00:50:44.417+0000] {processor.py:179} INFO - Processing /home/airflow/.local/lib/python3.8/site-packages/airflow/example_dags/example_local_kubernetes_executor.py took 0.065 seconds
[2025-12-11T00:51:15.113+0000] {processor.py:157} INFO - Started process (PID=1579) to work on /home/airflow/.local/lib/python3.8/site-packages/airflow/example_dags/example_local_kubernetes_executor.py
[2025-12-11T00:51:15.114+0000] {processor.py:829} INFO - Processing file /home/airflow/.local/lib/python3.8/site-packages/airflow/example_dags/example_local_kubernetes_executor.py for tasks to queue
[2025-12-11T00:51:15.115+0000] {logging_mixin.py:154} INFO - [2025-12-11T00:51:15.115+0000] {dagbag.py:536} INFO - Filling up the DagBag from /home/airflow/.local/lib/python3.8/site-packages/airflow/example_dags/example_local_kubernetes_executor.py
[2025-12-11T00:51:15.119+0000] {processor.py:839} INFO - DAG(s) dict_keys(['example_local_kubernetes_executor']) retrieved from /home/airflow/.local/lib/python3.8/site-packages/airflow/example_dags/example_local_kubernetes_executor.py
[2025-12-11T00:51:15.143+0000] {logging_mixin.py:154} INFO - [2025-12-11T00:51:15.143+0000] {dag.py:2941} INFO - Sync 1 DAGs
[2025-12-11T00:51:15.152+0000] {logging_mixin.py:154} INFO - [2025-12-11T00:51:15.152+0000] {dag.py:3722} INFO - Setting next_dagrun for example_local_kubernetes_executor to None, run_after=None
[2025-12-11T00:51:15.166+0000] {processor.py:179} INFO - Processing /home/airflow/.local/lib/python3.8/site-packages/airflow/example_dags/example_local_kubernetes_executor.py took 0.055 seconds
[2025-12-11T00:51:45.280+0000] {processor.py:157} INFO - Started process (PID=1634) to work on /home/airflow/.local/lib/python3.8/site-packages/airflow/example_dags/example_local_kubernetes_executor.py
[2025-12-11T00:51:45.281+0000] {processor.py:829} INFO - Processing file /home/airflow/.local/lib/python3.8/site-packages/airflow/example_dags/example_local_kubernetes_executor.py for tasks to queue
[2025-12-11T00:51:45.283+0000] {logging_mixin.py:154} INFO - [2025-12-11T00:51:45.282+0000] {dagbag.py:536} INFO - Filling up the DagBag from /home/airflow/.local/lib/python3.8/site-packages/airflow/example_dags/example_local_kubernetes_executor.py
[2025-12-11T00:51:45.288+0000] {processor.py:839} INFO - DAG(s) dict_keys(['example_local_kubernetes_executor']) retrieved from /home/airflow/.local/lib/python3.8/site-packages/airflow/example_dags/example_local_kubernetes_executor.py
[2025-12-11T00:51:45.310+0000] {logging_mixin.py:154} INFO - [2025-12-11T00:51:45.310+0000] {dag.py:2941} INFO - Sync 1 DAGs
[2025-12-11T00:51:45.318+0000] {logging_mixin.py:154} INFO - [2025-12-11T00:51:45.318+0000] {dag.py:3722} INFO - Setting next_dagrun for example_local_kubernetes_executor to None, run_after=None
[2025-12-11T00:51:45.330+0000] {processor.py:179} INFO - Processing /home/airflow/.local/lib/python3.8/site-packages/airflow/example_dags/example_local_kubernetes_executor.py took 0.055 seconds
[2025-12-11T00:52:15.356+0000] {processor.py:157} INFO - Started process (PID=1689) to work on /home/airflow/.local/lib/python3.8/site-packages/airflow/example_dags/example_local_kubernetes_executor.py
[2025-12-11T00:52:15.357+0000] {processor.py:829} INFO - Processing file /home/airflow/.local/lib/python3.8/site-packages/airflow/example_dags/example_local_kubernetes_executor.py for tasks to queue
[2025-12-11T00:52:15.359+0000] {logging_mixin.py:154} INFO - [2025-12-11T00:52:15.358+0000] {dagbag.py:536} INFO - Filling up the DagBag from /home/airflow/.local/lib/python3.8/site-packages/airflow/example_dags/example_local_kubernetes_executor.py
[2025-12-11T00:52:15.363+0000] {processor.py:839} INFO - DAG(s) dict_keys(['example_local_kubernetes_executor']) retrieved from /home/airflow/.local/lib/python3.8/site-packages/airflow/example_dags/example_local_kubernetes_executor.py
[2025-12-11T00:52:15.398+0000] {logging_mixin.py:154} INFO - [2025-12-11T00:52:15.398+0000] {dag.py:2941} INFO - Sync 1 DAGs
[2025-12-11T00:52:15.407+0000] {logging_mixin.py:154} INFO - [2025-12-11T00:52:15.407+0000] {dag.py:3722} INFO - Setting next_dagrun for example_local_kubernetes_executor to None, run_after=None
[2025-12-11T00:52:15.419+0000] {processor.py:179} INFO - Processing /home/airflow/.local/lib/python3.8/site-packages/airflow/example_dags/example_local_kubernetes_executor.py took 0.066 seconds
[2025-12-11T00:52:45.580+0000] {processor.py:157} INFO - Started process (PID=1744) to work on /home/airflow/.local/lib/python3.8/site-packages/airflow/example_dags/example_local_kubernetes_executor.py
[2025-12-11T00:52:45.580+0000] {processor.py:829} INFO - Processing file /home/airflow/.local/lib/python3.8/site-packages/airflow/example_dags/example_local_kubernetes_executor.py for tasks to queue
[2025-12-11T00:52:45.582+0000] {logging_mixin.py:154} INFO - [2025-12-11T00:52:45.581+0000] {dagbag.py:536} INFO - Filling up the DagBag from /home/airflow/.local/lib/python3.8/site-packages/airflow/example_dags/example_local_kubernetes_executor.py
[2025-12-11T00:52:45.587+0000] {processor.py:839} INFO - DAG(s) dict_keys(['example_local_kubernetes_executor']) retrieved from /home/airflow/.local/lib/python3.8/site-packages/airflow/example_dags/example_local_kubernetes_executor.py
[2025-12-11T00:52:45.611+0000] {logging_mixin.py:154} INFO - [2025-12-11T00:52:45.610+0000] {dag.py:2941} INFO - Sync 1 DAGs
[2025-12-11T00:52:45.618+0000] {logging_mixin.py:154} INFO - [2025-12-11T00:52:45.618+0000] {dag.py:3722} INFO - Setting next_dagrun for example_local_kubernetes_executor to None, run_after=None
[2025-12-11T00:52:45.634+0000] {processor.py:179} INFO - Processing /home/airflow/.local/lib/python3.8/site-packages/airflow/example_dags/example_local_kubernetes_executor.py took 0.057 seconds
[2025-12-11T00:53:16.280+0000] {processor.py:157} INFO - Started process (PID=1799) to work on /home/airflow/.local/lib/python3.8/site-packages/airflow/example_dags/example_local_kubernetes_executor.py
[2025-12-11T00:53:16.281+0000] {processor.py:829} INFO - Processing file /home/airflow/.local/lib/python3.8/site-packages/airflow/example_dags/example_local_kubernetes_executor.py for tasks to queue
[2025-12-11T00:53:16.282+0000] {logging_mixin.py:154} INFO - [2025-12-11T00:53:16.282+0000] {dagbag.py:536} INFO - Filling up the DagBag from /home/airflow/.local/lib/python3.8/site-packages/airflow/example_dags/example_local_kubernetes_executor.py
[2025-12-11T00:53:16.286+0000] {processor.py:839} INFO - DAG(s) dict_keys(['example_local_kubernetes_executor']) retrieved from /home/airflow/.local/lib/python3.8/site-packages/airflow/example_dags/example_local_kubernetes_executor.py
[2025-12-11T00:53:16.308+0000] {logging_mixin.py:154} INFO - [2025-12-11T00:53:16.308+0000] {dag.py:2941} INFO - Sync 1 DAGs
[2025-12-11T00:53:16.315+0000] {logging_mixin.py:154} INFO - [2025-12-11T00:53:16.315+0000] {dag.py:3722} INFO - Setting next_dagrun for example_local_kubernetes_executor to None, run_after=None
[2025-12-11T00:53:16.327+0000] {processor.py:179} INFO - Processing /home/airflow/.local/lib/python3.8/site-packages/airflow/example_dags/example_local_kubernetes_executor.py took 0.049 seconds
[2025-12-11T00:53:46.853+0000] {processor.py:157} INFO - Started process (PID=1854) to work on /home/airflow/.local/lib/python3.8/site-packages/airflow/example_dags/example_local_kubernetes_executor.py
[2025-12-11T00:53:46.853+0000] {processor.py:829} INFO - Processing file /home/airflow/.local/lib/python3.8/site-packages/airflow/example_dags/example_local_kubernetes_executor.py for tasks to queue
[2025-12-11T00:53:46.855+0000] {logging_mixin.py:154} INFO - [2025-12-11T00:53:46.854+0000] {dagbag.py:536} INFO - Filling up the DagBag from /home/airflow/.local/lib/python3.8/site-packages/airflow/example_dags/example_local_kubernetes_executor.py
[2025-12-11T00:53:46.860+0000] {processor.py:839} INFO - DAG(s) dict_keys(['example_local_kubernetes_executor']) retrieved from /home/airflow/.local/lib/python3.8/site-packages/airflow/example_dags/example_local_kubernetes_executor.py
[2025-12-11T00:53:46.881+0000] {logging_mixin.py:154} INFO - [2025-12-11T00:53:46.881+0000] {dag.py:2941} INFO - Sync 1 DAGs
[2025-12-11T00:53:46.889+0000] {logging_mixin.py:154} INFO - [2025-12-11T00:53:46.889+0000] {dag.py:3722} INFO - Setting next_dagrun for example_local_kubernetes_executor to None, run_after=None
[2025-12-11T00:53:46.901+0000] {processor.py:179} INFO - Processing /home/airflow/.local/lib/python3.8/site-packages/airflow/example_dags/example_local_kubernetes_executor.py took 0.050 seconds
[2025-12-11T00:54:17.292+0000] {processor.py:157} INFO - Started process (PID=1910) to work on /home/airflow/.local/lib/python3.8/site-packages/airflow/example_dags/example_local_kubernetes_executor.py
[2025-12-11T00:54:17.293+0000] {processor.py:829} INFO - Processing file /home/airflow/.local/lib/python3.8/site-packages/airflow/example_dags/example_local_kubernetes_executor.py for tasks to queue
[2025-12-11T00:54:17.295+0000] {logging_mixin.py:154} INFO - [2025-12-11T00:54:17.295+0000] {dagbag.py:536} INFO - Filling up the DagBag from /home/airflow/.local/lib/python3.8/site-packages/airflow/example_dags/example_local_kubernetes_executor.py
[2025-12-11T00:54:17.301+0000] {processor.py:839} INFO - DAG(s) dict_keys(['example_local_kubernetes_executor']) retrieved from /home/airflow/.local/lib/python3.8/site-packages/airflow/example_dags/example_local_kubernetes_executor.py
[2025-12-11T00:54:17.324+0000] {logging_mixin.py:154} INFO - [2025-12-11T00:54:17.324+0000] {dag.py:2941} INFO - Sync 1 DAGs
[2025-12-11T00:54:17.332+0000] {logging_mixin.py:154} INFO - [2025-12-11T00:54:17.331+0000] {dag.py:3722} INFO - Setting next_dagrun for example_local_kubernetes_executor to None, run_after=None
[2025-12-11T00:54:17.353+0000] {processor.py:179} INFO - Processing /home/airflow/.local/lib/python3.8/site-packages/airflow/example_dags/example_local_kubernetes_executor.py took 0.063 seconds
[2025-12-11T00:54:47.653+0000] {processor.py:157} INFO - Started process (PID=1965) to work on /home/airflow/.local/lib/python3.8/site-packages/airflow/example_dags/example_local_kubernetes_executor.py
[2025-12-11T00:54:47.654+0000] {processor.py:829} INFO - Processing file /home/airflow/.local/lib/python3.8/site-packages/airflow/example_dags/example_local_kubernetes_executor.py for tasks to queue
[2025-12-11T00:54:47.655+0000] {logging_mixin.py:154} INFO - [2025-12-11T00:54:47.655+0000] {dagbag.py:536} INFO - Filling up the DagBag from /home/airflow/.local/lib/python3.8/site-packages/airflow/example_dags/example_local_kubernetes_executor.py
[2025-12-11T00:54:47.660+0000] {processor.py:839} INFO - DAG(s) dict_keys(['example_local_kubernetes_executor']) retrieved from /home/airflow/.local/lib/python3.8/site-packages/airflow/example_dags/example_local_kubernetes_executor.py
[2025-12-11T00:54:47.685+0000] {logging_mixin.py:154} INFO - [2025-12-11T00:54:47.685+0000] {dag.py:2941} INFO - Sync 1 DAGs
[2025-12-11T00:54:47.693+0000] {logging_mixin.py:154} INFO - [2025-12-11T00:54:47.693+0000] {dag.py:3722} INFO - Setting next_dagrun for example_local_kubernetes_executor to None, run_after=None
[2025-12-11T00:54:47.705+0000] {processor.py:179} INFO - Processing /home/airflow/.local/lib/python3.8/site-packages/airflow/example_dags/example_local_kubernetes_executor.py took 0.053 seconds
[2025-12-11T00:55:17.903+0000] {processor.py:157} INFO - Started process (PID=2020) to work on /home/airflow/.local/lib/python3.8/site-packages/airflow/example_dags/example_local_kubernetes_executor.py
[2025-12-11T00:55:17.904+0000] {processor.py:829} INFO - Processing file /home/airflow/.local/lib/python3.8/site-packages/airflow/example_dags/example_local_kubernetes_executor.py for tasks to queue
[2025-12-11T00:55:17.905+0000] {logging_mixin.py:154} INFO - [2025-12-11T00:55:17.905+0000] {dagbag.py:536} INFO - Filling up the DagBag from /home/airflow/.local/lib/python3.8/site-packages/airflow/example_dags/example_local_kubernetes_executor.py
[2025-12-11T00:55:17.910+0000] {processor.py:839} INFO - DAG(s) dict_keys(['example_local_kubernetes_executor']) retrieved from /home/airflow/.local/lib/python3.8/site-packages/airflow/example_dags/example_local_kubernetes_executor.py
[2025-12-11T00:55:17.935+0000] {logging_mixin.py:154} INFO - [2025-12-11T00:55:17.934+0000] {dag.py:2941} INFO - Sync 1 DAGs
[2025-12-11T00:55:17.942+0000] {logging_mixin.py:154} INFO - [2025-12-11T00:55:17.942+0000] {dag.py:3722} INFO - Setting next_dagrun for example_local_kubernetes_executor to None, run_after=None
[2025-12-11T00:55:17.959+0000] {processor.py:179} INFO - Processing /home/airflow/.local/lib/python3.8/site-packages/airflow/example_dags/example_local_kubernetes_executor.py took 0.058 seconds
