[2025-12-11T00:38:16.846+0000] {processor.py:157} INFO - Started process (PID=201) to work on /home/airflow/.local/lib/python3.8/site-packages/airflow/example_dags/example_setup_teardown_taskflow.py
[2025-12-11T00:38:16.846+0000] {processor.py:829} INFO - Processing file /home/airflow/.local/lib/python3.8/site-packages/airflow/example_dags/example_setup_teardown_taskflow.py for tasks to queue
[2025-12-11T00:38:16.848+0000] {logging_mixin.py:154} INFO - [2025-12-11T00:38:16.847+0000] {dagbag.py:536} INFO - Filling up the DagBag from /home/airflow/.local/lib/python3.8/site-packages/airflow/example_dags/example_setup_teardown_taskflow.py
[2025-12-11T00:38:16.854+0000] {processor.py:839} INFO - DAG(s) dict_keys(['example_setup_teardown_taskflow']) retrieved from /home/airflow/.local/lib/python3.8/site-packages/airflow/example_dags/example_setup_teardown_taskflow.py
[2025-12-11T00:38:16.864+0000] {logging_mixin.py:154} INFO - [2025-12-11T00:38:16.864+0000] {dag.py:2941} INFO - Sync 1 DAGs
[2025-12-11T00:38:16.880+0000] {logging_mixin.py:154} INFO - [2025-12-11T00:38:16.880+0000] {dag.py:3722} INFO - Setting next_dagrun for example_setup_teardown_taskflow to 2025-12-10T00:38:16.880204+00:00, run_after=2025-12-11T00:38:16.880204+00:00
[2025-12-11T00:38:16.897+0000] {processor.py:179} INFO - Processing /home/airflow/.local/lib/python3.8/site-packages/airflow/example_dags/example_setup_teardown_taskflow.py took 0.053 seconds
[2025-12-11T00:38:47.293+0000] {processor.py:157} INFO - Started process (PID=260) to work on /home/airflow/.local/lib/python3.8/site-packages/airflow/example_dags/example_setup_teardown_taskflow.py
[2025-12-11T00:38:47.293+0000] {processor.py:829} INFO - Processing file /home/airflow/.local/lib/python3.8/site-packages/airflow/example_dags/example_setup_teardown_taskflow.py for tasks to queue
[2025-12-11T00:38:47.294+0000] {logging_mixin.py:154} INFO - [2025-12-11T00:38:47.294+0000] {dagbag.py:536} INFO - Filling up the DagBag from /home/airflow/.local/lib/python3.8/site-packages/airflow/example_dags/example_setup_teardown_taskflow.py
[2025-12-11T00:38:47.299+0000] {processor.py:839} INFO - DAG(s) dict_keys(['example_setup_teardown_taskflow']) retrieved from /home/airflow/.local/lib/python3.8/site-packages/airflow/example_dags/example_setup_teardown_taskflow.py
[2025-12-11T00:38:47.315+0000] {logging_mixin.py:154} INFO - [2025-12-11T00:38:47.315+0000] {dag.py:2941} INFO - Sync 1 DAGs
[2025-12-11T00:38:47.329+0000] {logging_mixin.py:154} INFO - [2025-12-11T00:38:47.329+0000] {dag.py:3722} INFO - Setting next_dagrun for example_setup_teardown_taskflow to 2025-12-10T00:38:47.329365+00:00, run_after=2025-12-11T00:38:47.329365+00:00
[2025-12-11T00:38:47.357+0000] {processor.py:179} INFO - Processing /home/airflow/.local/lib/python3.8/site-packages/airflow/example_dags/example_setup_teardown_taskflow.py took 0.066 seconds
[2025-12-11T00:39:17.717+0000] {processor.py:157} INFO - Started process (PID=315) to work on /home/airflow/.local/lib/python3.8/site-packages/airflow/example_dags/example_setup_teardown_taskflow.py
[2025-12-11T00:39:17.718+0000] {processor.py:829} INFO - Processing file /home/airflow/.local/lib/python3.8/site-packages/airflow/example_dags/example_setup_teardown_taskflow.py for tasks to queue
[2025-12-11T00:39:17.719+0000] {logging_mixin.py:154} INFO - [2025-12-11T00:39:17.719+0000] {dagbag.py:536} INFO - Filling up the DagBag from /home/airflow/.local/lib/python3.8/site-packages/airflow/example_dags/example_setup_teardown_taskflow.py
[2025-12-11T00:39:17.729+0000] {processor.py:839} INFO - DAG(s) dict_keys(['example_setup_teardown_taskflow']) retrieved from /home/airflow/.local/lib/python3.8/site-packages/airflow/example_dags/example_setup_teardown_taskflow.py
[2025-12-11T00:39:17.750+0000] {logging_mixin.py:154} INFO - [2025-12-11T00:39:17.750+0000] {dag.py:2941} INFO - Sync 1 DAGs
[2025-12-11T00:39:17.763+0000] {logging_mixin.py:154} INFO - [2025-12-11T00:39:17.763+0000] {dag.py:3722} INFO - Setting next_dagrun for example_setup_teardown_taskflow to 2025-12-10T00:39:17.763051+00:00, run_after=2025-12-11T00:39:17.763051+00:00
[2025-12-11T00:39:17.794+0000] {processor.py:179} INFO - Processing /home/airflow/.local/lib/python3.8/site-packages/airflow/example_dags/example_setup_teardown_taskflow.py took 0.081 seconds
[2025-12-11T00:39:48.026+0000] {processor.py:157} INFO - Started process (PID=370) to work on /home/airflow/.local/lib/python3.8/site-packages/airflow/example_dags/example_setup_teardown_taskflow.py
[2025-12-11T00:39:48.027+0000] {processor.py:829} INFO - Processing file /home/airflow/.local/lib/python3.8/site-packages/airflow/example_dags/example_setup_teardown_taskflow.py for tasks to queue
[2025-12-11T00:39:48.029+0000] {logging_mixin.py:154} INFO - [2025-12-11T00:39:48.029+0000] {dagbag.py:536} INFO - Filling up the DagBag from /home/airflow/.local/lib/python3.8/site-packages/airflow/example_dags/example_setup_teardown_taskflow.py
[2025-12-11T00:39:48.041+0000] {processor.py:839} INFO - DAG(s) dict_keys(['example_setup_teardown_taskflow']) retrieved from /home/airflow/.local/lib/python3.8/site-packages/airflow/example_dags/example_setup_teardown_taskflow.py
[2025-12-11T00:39:48.057+0000] {logging_mixin.py:154} INFO - [2025-12-11T00:39:48.057+0000] {dag.py:2941} INFO - Sync 1 DAGs
[2025-12-11T00:39:48.072+0000] {logging_mixin.py:154} INFO - [2025-12-11T00:39:48.072+0000] {dag.py:3722} INFO - Setting next_dagrun for example_setup_teardown_taskflow to 2025-12-10T00:39:48.072375+00:00, run_after=2025-12-11T00:39:48.072375+00:00
[2025-12-11T00:39:48.084+0000] {processor.py:179} INFO - Processing /home/airflow/.local/lib/python3.8/site-packages/airflow/example_dags/example_setup_teardown_taskflow.py took 0.061 seconds
[2025-12-11T00:40:25.435+0000] {processor.py:157} INFO - Started process (PID=432) to work on /home/airflow/.local/lib/python3.8/site-packages/airflow/example_dags/example_setup_teardown_taskflow.py
[2025-12-11T00:40:25.436+0000] {processor.py:829} INFO - Processing file /home/airflow/.local/lib/python3.8/site-packages/airflow/example_dags/example_setup_teardown_taskflow.py for tasks to queue
[2025-12-11T00:40:25.437+0000] {logging_mixin.py:154} INFO - [2025-12-11T00:40:25.437+0000] {dagbag.py:536} INFO - Filling up the DagBag from /home/airflow/.local/lib/python3.8/site-packages/airflow/example_dags/example_setup_teardown_taskflow.py
[2025-12-11T00:40:25.442+0000] {processor.py:839} INFO - DAG(s) dict_keys(['example_setup_teardown_taskflow']) retrieved from /home/airflow/.local/lib/python3.8/site-packages/airflow/example_dags/example_setup_teardown_taskflow.py
[2025-12-11T00:40:25.456+0000] {logging_mixin.py:154} INFO - [2025-12-11T00:40:25.455+0000] {dag.py:2941} INFO - Sync 1 DAGs
[2025-12-11T00:40:25.468+0000] {logging_mixin.py:154} INFO - [2025-12-11T00:40:25.468+0000] {dag.py:3722} INFO - Setting next_dagrun for example_setup_teardown_taskflow to 2025-12-10T00:40:25.468711+00:00, run_after=2025-12-11T00:40:25.468711+00:00
[2025-12-11T00:40:25.479+0000] {processor.py:179} INFO - Processing /home/airflow/.local/lib/python3.8/site-packages/airflow/example_dags/example_setup_teardown_taskflow.py took 0.046 seconds
[2025-12-11T00:40:56.174+0000] {processor.py:157} INFO - Started process (PID=487) to work on /home/airflow/.local/lib/python3.8/site-packages/airflow/example_dags/example_setup_teardown_taskflow.py
[2025-12-11T00:40:56.175+0000] {processor.py:829} INFO - Processing file /home/airflow/.local/lib/python3.8/site-packages/airflow/example_dags/example_setup_teardown_taskflow.py for tasks to queue
[2025-12-11T00:40:56.176+0000] {logging_mixin.py:154} INFO - [2025-12-11T00:40:56.176+0000] {dagbag.py:536} INFO - Filling up the DagBag from /home/airflow/.local/lib/python3.8/site-packages/airflow/example_dags/example_setup_teardown_taskflow.py
[2025-12-11T00:40:56.181+0000] {processor.py:839} INFO - DAG(s) dict_keys(['example_setup_teardown_taskflow']) retrieved from /home/airflow/.local/lib/python3.8/site-packages/airflow/example_dags/example_setup_teardown_taskflow.py
[2025-12-11T00:40:56.197+0000] {logging_mixin.py:154} INFO - [2025-12-11T00:40:56.197+0000] {dag.py:2941} INFO - Sync 1 DAGs
[2025-12-11T00:40:56.210+0000] {logging_mixin.py:154} INFO - [2025-12-11T00:40:56.209+0000] {dag.py:3722} INFO - Setting next_dagrun for example_setup_teardown_taskflow to 2025-12-10T00:40:56.209775+00:00, run_after=2025-12-11T00:40:56.209775+00:00
[2025-12-11T00:40:56.221+0000] {processor.py:179} INFO - Processing /home/airflow/.local/lib/python3.8/site-packages/airflow/example_dags/example_setup_teardown_taskflow.py took 0.049 seconds
[2025-12-11T00:41:33.456+0000] {processor.py:157} INFO - Started process (PID=542) to work on /home/airflow/.local/lib/python3.8/site-packages/airflow/example_dags/example_setup_teardown_taskflow.py
[2025-12-11T00:41:33.457+0000] {processor.py:829} INFO - Processing file /home/airflow/.local/lib/python3.8/site-packages/airflow/example_dags/example_setup_teardown_taskflow.py for tasks to queue
[2025-12-11T00:41:33.458+0000] {logging_mixin.py:154} INFO - [2025-12-11T00:41:33.458+0000] {dagbag.py:536} INFO - Filling up the DagBag from /home/airflow/.local/lib/python3.8/site-packages/airflow/example_dags/example_setup_teardown_taskflow.py
[2025-12-11T00:41:33.463+0000] {processor.py:839} INFO - DAG(s) dict_keys(['example_setup_teardown_taskflow']) retrieved from /home/airflow/.local/lib/python3.8/site-packages/airflow/example_dags/example_setup_teardown_taskflow.py
[2025-12-11T00:41:33.477+0000] {logging_mixin.py:154} INFO - [2025-12-11T00:41:33.477+0000] {dag.py:2941} INFO - Sync 1 DAGs
[2025-12-11T00:41:33.489+0000] {logging_mixin.py:154} INFO - [2025-12-11T00:41:33.489+0000] {dag.py:3722} INFO - Setting next_dagrun for example_setup_teardown_taskflow to 2025-12-10T00:41:33.489493+00:00, run_after=2025-12-11T00:41:33.489493+00:00
[2025-12-11T00:41:33.503+0000] {processor.py:179} INFO - Processing /home/airflow/.local/lib/python3.8/site-packages/airflow/example_dags/example_setup_teardown_taskflow.py took 0.049 seconds
[2025-12-11T00:42:06.120+0000] {processor.py:157} INFO - Started process (PID=597) to work on /home/airflow/.local/lib/python3.8/site-packages/airflow/example_dags/example_setup_teardown_taskflow.py
[2025-12-11T00:42:06.121+0000] {processor.py:829} INFO - Processing file /home/airflow/.local/lib/python3.8/site-packages/airflow/example_dags/example_setup_teardown_taskflow.py for tasks to queue
[2025-12-11T00:42:06.122+0000] {logging_mixin.py:154} INFO - [2025-12-11T00:42:06.122+0000] {dagbag.py:536} INFO - Filling up the DagBag from /home/airflow/.local/lib/python3.8/site-packages/airflow/example_dags/example_setup_teardown_taskflow.py
[2025-12-11T00:42:06.128+0000] {processor.py:839} INFO - DAG(s) dict_keys(['example_setup_teardown_taskflow']) retrieved from /home/airflow/.local/lib/python3.8/site-packages/airflow/example_dags/example_setup_teardown_taskflow.py
[2025-12-11T00:42:06.140+0000] {logging_mixin.py:154} INFO - [2025-12-11T00:42:06.140+0000] {dag.py:2941} INFO - Sync 1 DAGs
[2025-12-11T00:42:06.155+0000] {logging_mixin.py:154} INFO - [2025-12-11T00:42:06.155+0000] {dag.py:3722} INFO - Setting next_dagrun for example_setup_teardown_taskflow to 2025-12-10T00:42:06.155178+00:00, run_after=2025-12-11T00:42:06.155178+00:00
[2025-12-11T00:42:06.173+0000] {processor.py:179} INFO - Processing /home/airflow/.local/lib/python3.8/site-packages/airflow/example_dags/example_setup_teardown_taskflow.py took 0.055 seconds
[2025-12-11T00:42:36.940+0000] {processor.py:157} INFO - Started process (PID=652) to work on /home/airflow/.local/lib/python3.8/site-packages/airflow/example_dags/example_setup_teardown_taskflow.py
[2025-12-11T00:42:36.941+0000] {processor.py:829} INFO - Processing file /home/airflow/.local/lib/python3.8/site-packages/airflow/example_dags/example_setup_teardown_taskflow.py for tasks to queue
[2025-12-11T00:42:36.943+0000] {logging_mixin.py:154} INFO - [2025-12-11T00:42:36.943+0000] {dagbag.py:536} INFO - Filling up the DagBag from /home/airflow/.local/lib/python3.8/site-packages/airflow/example_dags/example_setup_teardown_taskflow.py
[2025-12-11T00:42:36.949+0000] {processor.py:839} INFO - DAG(s) dict_keys(['example_setup_teardown_taskflow']) retrieved from /home/airflow/.local/lib/python3.8/site-packages/airflow/example_dags/example_setup_teardown_taskflow.py
[2025-12-11T00:42:36.961+0000] {logging_mixin.py:154} INFO - [2025-12-11T00:42:36.961+0000] {dag.py:2941} INFO - Sync 1 DAGs
[2025-12-11T00:42:36.973+0000] {logging_mixin.py:154} INFO - [2025-12-11T00:42:36.973+0000] {dag.py:3722} INFO - Setting next_dagrun for example_setup_teardown_taskflow to 2025-12-10T00:42:36.973681+00:00, run_after=2025-12-11T00:42:36.973681+00:00
[2025-12-11T00:42:36.985+0000] {processor.py:179} INFO - Processing /home/airflow/.local/lib/python3.8/site-packages/airflow/example_dags/example_setup_teardown_taskflow.py took 0.048 seconds
[2025-12-11T00:43:07.834+0000] {processor.py:157} INFO - Started process (PID=707) to work on /home/airflow/.local/lib/python3.8/site-packages/airflow/example_dags/example_setup_teardown_taskflow.py
[2025-12-11T00:43:07.834+0000] {processor.py:829} INFO - Processing file /home/airflow/.local/lib/python3.8/site-packages/airflow/example_dags/example_setup_teardown_taskflow.py for tasks to queue
[2025-12-11T00:43:07.835+0000] {logging_mixin.py:154} INFO - [2025-12-11T00:43:07.835+0000] {dagbag.py:536} INFO - Filling up the DagBag from /home/airflow/.local/lib/python3.8/site-packages/airflow/example_dags/example_setup_teardown_taskflow.py
[2025-12-11T00:43:07.840+0000] {processor.py:839} INFO - DAG(s) dict_keys(['example_setup_teardown_taskflow']) retrieved from /home/airflow/.local/lib/python3.8/site-packages/airflow/example_dags/example_setup_teardown_taskflow.py
[2025-12-11T00:43:07.855+0000] {logging_mixin.py:154} INFO - [2025-12-11T00:43:07.855+0000] {dag.py:2941} INFO - Sync 1 DAGs
[2025-12-11T00:43:07.868+0000] {logging_mixin.py:154} INFO - [2025-12-11T00:43:07.868+0000] {dag.py:3722} INFO - Setting next_dagrun for example_setup_teardown_taskflow to 2025-12-10T00:43:07.867922+00:00, run_after=2025-12-11T00:43:07.867922+00:00
[2025-12-11T00:43:07.880+0000] {processor.py:179} INFO - Processing /home/airflow/.local/lib/python3.8/site-packages/airflow/example_dags/example_setup_teardown_taskflow.py took 0.048 seconds
[2025-12-11T00:43:38.791+0000] {processor.py:157} INFO - Started process (PID=762) to work on /home/airflow/.local/lib/python3.8/site-packages/airflow/example_dags/example_setup_teardown_taskflow.py
[2025-12-11T00:43:38.791+0000] {processor.py:829} INFO - Processing file /home/airflow/.local/lib/python3.8/site-packages/airflow/example_dags/example_setup_teardown_taskflow.py for tasks to queue
[2025-12-11T00:43:38.792+0000] {logging_mixin.py:154} INFO - [2025-12-11T00:43:38.792+0000] {dagbag.py:536} INFO - Filling up the DagBag from /home/airflow/.local/lib/python3.8/site-packages/airflow/example_dags/example_setup_teardown_taskflow.py
[2025-12-11T00:43:38.798+0000] {processor.py:839} INFO - DAG(s) dict_keys(['example_setup_teardown_taskflow']) retrieved from /home/airflow/.local/lib/python3.8/site-packages/airflow/example_dags/example_setup_teardown_taskflow.py
[2025-12-11T00:43:38.812+0000] {logging_mixin.py:154} INFO - [2025-12-11T00:43:38.811+0000] {dag.py:2941} INFO - Sync 1 DAGs
[2025-12-11T00:43:38.825+0000] {logging_mixin.py:154} INFO - [2025-12-11T00:43:38.824+0000] {dag.py:3722} INFO - Setting next_dagrun for example_setup_teardown_taskflow to 2025-12-10T00:43:38.824768+00:00, run_after=2025-12-11T00:43:38.824768+00:00
[2025-12-11T00:43:38.835+0000] {processor.py:179} INFO - Processing /home/airflow/.local/lib/python3.8/site-packages/airflow/example_dags/example_setup_teardown_taskflow.py took 0.047 seconds
[2025-12-11T00:44:09.478+0000] {processor.py:157} INFO - Started process (PID=818) to work on /home/airflow/.local/lib/python3.8/site-packages/airflow/example_dags/example_setup_teardown_taskflow.py
[2025-12-11T00:44:09.479+0000] {processor.py:829} INFO - Processing file /home/airflow/.local/lib/python3.8/site-packages/airflow/example_dags/example_setup_teardown_taskflow.py for tasks to queue
[2025-12-11T00:44:09.481+0000] {logging_mixin.py:154} INFO - [2025-12-11T00:44:09.480+0000] {dagbag.py:536} INFO - Filling up the DagBag from /home/airflow/.local/lib/python3.8/site-packages/airflow/example_dags/example_setup_teardown_taskflow.py
[2025-12-11T00:44:09.486+0000] {processor.py:839} INFO - DAG(s) dict_keys(['example_setup_teardown_taskflow']) retrieved from /home/airflow/.local/lib/python3.8/site-packages/airflow/example_dags/example_setup_teardown_taskflow.py
[2025-12-11T00:44:09.500+0000] {logging_mixin.py:154} INFO - [2025-12-11T00:44:09.500+0000] {dag.py:2941} INFO - Sync 1 DAGs
[2025-12-11T00:44:09.513+0000] {logging_mixin.py:154} INFO - [2025-12-11T00:44:09.513+0000] {dag.py:3722} INFO - Setting next_dagrun for example_setup_teardown_taskflow to 2025-12-10T00:44:09.513605+00:00, run_after=2025-12-11T00:44:09.513605+00:00
[2025-12-11T00:44:09.526+0000] {processor.py:179} INFO - Processing /home/airflow/.local/lib/python3.8/site-packages/airflow/example_dags/example_setup_teardown_taskflow.py took 0.051 seconds
[2025-12-11T00:44:40.001+0000] {processor.py:157} INFO - Started process (PID=873) to work on /home/airflow/.local/lib/python3.8/site-packages/airflow/example_dags/example_setup_teardown_taskflow.py
[2025-12-11T00:44:40.001+0000] {processor.py:829} INFO - Processing file /home/airflow/.local/lib/python3.8/site-packages/airflow/example_dags/example_setup_teardown_taskflow.py for tasks to queue
[2025-12-11T00:44:40.003+0000] {logging_mixin.py:154} INFO - [2025-12-11T00:44:40.002+0000] {dagbag.py:536} INFO - Filling up the DagBag from /home/airflow/.local/lib/python3.8/site-packages/airflow/example_dags/example_setup_teardown_taskflow.py
[2025-12-11T00:44:40.008+0000] {processor.py:839} INFO - DAG(s) dict_keys(['example_setup_teardown_taskflow']) retrieved from /home/airflow/.local/lib/python3.8/site-packages/airflow/example_dags/example_setup_teardown_taskflow.py
[2025-12-11T00:44:40.020+0000] {logging_mixin.py:154} INFO - [2025-12-11T00:44:40.020+0000] {dag.py:2941} INFO - Sync 1 DAGs
[2025-12-11T00:44:40.032+0000] {logging_mixin.py:154} INFO - [2025-12-11T00:44:40.032+0000] {dag.py:3722} INFO - Setting next_dagrun for example_setup_teardown_taskflow to 2025-12-10T00:44:40.032650+00:00, run_after=2025-12-11T00:44:40.032650+00:00
[2025-12-11T00:44:40.043+0000] {processor.py:179} INFO - Processing /home/airflow/.local/lib/python3.8/site-packages/airflow/example_dags/example_setup_teardown_taskflow.py took 0.044 seconds
[2025-12-11T00:45:10.432+0000] {processor.py:157} INFO - Started process (PID=928) to work on /home/airflow/.local/lib/python3.8/site-packages/airflow/example_dags/example_setup_teardown_taskflow.py
[2025-12-11T00:45:10.433+0000] {processor.py:829} INFO - Processing file /home/airflow/.local/lib/python3.8/site-packages/airflow/example_dags/example_setup_teardown_taskflow.py for tasks to queue
[2025-12-11T00:45:10.434+0000] {logging_mixin.py:154} INFO - [2025-12-11T00:45:10.434+0000] {dagbag.py:536} INFO - Filling up the DagBag from /home/airflow/.local/lib/python3.8/site-packages/airflow/example_dags/example_setup_teardown_taskflow.py
[2025-12-11T00:45:10.439+0000] {processor.py:839} INFO - DAG(s) dict_keys(['example_setup_teardown_taskflow']) retrieved from /home/airflow/.local/lib/python3.8/site-packages/airflow/example_dags/example_setup_teardown_taskflow.py
[2025-12-11T00:45:10.453+0000] {logging_mixin.py:154} INFO - [2025-12-11T00:45:10.453+0000] {dag.py:2941} INFO - Sync 1 DAGs
[2025-12-11T00:45:10.466+0000] {logging_mixin.py:154} INFO - [2025-12-11T00:45:10.466+0000] {dag.py:3722} INFO - Setting next_dagrun for example_setup_teardown_taskflow to 2025-12-10T00:45:10.466429+00:00, run_after=2025-12-11T00:45:10.466429+00:00
[2025-12-11T00:45:10.478+0000] {processor.py:179} INFO - Processing /home/airflow/.local/lib/python3.8/site-packages/airflow/example_dags/example_setup_teardown_taskflow.py took 0.047 seconds
[2025-12-11T00:45:40.932+0000] {processor.py:157} INFO - Started process (PID=983) to work on /home/airflow/.local/lib/python3.8/site-packages/airflow/example_dags/example_setup_teardown_taskflow.py
[2025-12-11T00:45:40.933+0000] {processor.py:829} INFO - Processing file /home/airflow/.local/lib/python3.8/site-packages/airflow/example_dags/example_setup_teardown_taskflow.py for tasks to queue
[2025-12-11T00:45:40.934+0000] {logging_mixin.py:154} INFO - [2025-12-11T00:45:40.934+0000] {dagbag.py:536} INFO - Filling up the DagBag from /home/airflow/.local/lib/python3.8/site-packages/airflow/example_dags/example_setup_teardown_taskflow.py
[2025-12-11T00:45:40.939+0000] {processor.py:839} INFO - DAG(s) dict_keys(['example_setup_teardown_taskflow']) retrieved from /home/airflow/.local/lib/python3.8/site-packages/airflow/example_dags/example_setup_teardown_taskflow.py
[2025-12-11T00:45:40.955+0000] {logging_mixin.py:154} INFO - [2025-12-11T00:45:40.954+0000] {dag.py:2941} INFO - Sync 1 DAGs
[2025-12-11T00:45:40.967+0000] {logging_mixin.py:154} INFO - [2025-12-11T00:45:40.967+0000] {dag.py:3722} INFO - Setting next_dagrun for example_setup_teardown_taskflow to 2025-12-10T00:45:40.967221+00:00, run_after=2025-12-11T00:45:40.967221+00:00
[2025-12-11T00:45:40.978+0000] {processor.py:179} INFO - Processing /home/airflow/.local/lib/python3.8/site-packages/airflow/example_dags/example_setup_teardown_taskflow.py took 0.047 seconds
[2025-12-11T00:46:11.404+0000] {processor.py:157} INFO - Started process (PID=1038) to work on /home/airflow/.local/lib/python3.8/site-packages/airflow/example_dags/example_setup_teardown_taskflow.py
[2025-12-11T00:46:11.405+0000] {processor.py:829} INFO - Processing file /home/airflow/.local/lib/python3.8/site-packages/airflow/example_dags/example_setup_teardown_taskflow.py for tasks to queue
[2025-12-11T00:46:11.406+0000] {logging_mixin.py:154} INFO - [2025-12-11T00:46:11.406+0000] {dagbag.py:536} INFO - Filling up the DagBag from /home/airflow/.local/lib/python3.8/site-packages/airflow/example_dags/example_setup_teardown_taskflow.py
[2025-12-11T00:46:11.413+0000] {processor.py:839} INFO - DAG(s) dict_keys(['example_setup_teardown_taskflow']) retrieved from /home/airflow/.local/lib/python3.8/site-packages/airflow/example_dags/example_setup_teardown_taskflow.py
[2025-12-11T00:46:11.425+0000] {logging_mixin.py:154} INFO - [2025-12-11T00:46:11.425+0000] {dag.py:2941} INFO - Sync 1 DAGs
[2025-12-11T00:46:11.438+0000] {logging_mixin.py:154} INFO - [2025-12-11T00:46:11.438+0000] {dag.py:3722} INFO - Setting next_dagrun for example_setup_teardown_taskflow to 2025-12-10T00:46:11.438312+00:00, run_after=2025-12-11T00:46:11.438312+00:00
[2025-12-11T00:46:11.449+0000] {processor.py:179} INFO - Processing /home/airflow/.local/lib/python3.8/site-packages/airflow/example_dags/example_setup_teardown_taskflow.py took 0.048 seconds
[2025-12-11T00:46:41.989+0000] {processor.py:157} INFO - Started process (PID=1093) to work on /home/airflow/.local/lib/python3.8/site-packages/airflow/example_dags/example_setup_teardown_taskflow.py
[2025-12-11T00:46:41.990+0000] {processor.py:829} INFO - Processing file /home/airflow/.local/lib/python3.8/site-packages/airflow/example_dags/example_setup_teardown_taskflow.py for tasks to queue
[2025-12-11T00:46:41.991+0000] {logging_mixin.py:154} INFO - [2025-12-11T00:46:41.991+0000] {dagbag.py:536} INFO - Filling up the DagBag from /home/airflow/.local/lib/python3.8/site-packages/airflow/example_dags/example_setup_teardown_taskflow.py
[2025-12-11T00:46:41.996+0000] {processor.py:839} INFO - DAG(s) dict_keys(['example_setup_teardown_taskflow']) retrieved from /home/airflow/.local/lib/python3.8/site-packages/airflow/example_dags/example_setup_teardown_taskflow.py
[2025-12-11T00:46:42.009+0000] {logging_mixin.py:154} INFO - [2025-12-11T00:46:42.009+0000] {dag.py:2941} INFO - Sync 1 DAGs
[2025-12-11T00:46:42.023+0000] {logging_mixin.py:154} INFO - [2025-12-11T00:46:42.023+0000] {dag.py:3722} INFO - Setting next_dagrun for example_setup_teardown_taskflow to 2025-12-10T00:46:42.023353+00:00, run_after=2025-12-11T00:46:42.023353+00:00
[2025-12-11T00:46:42.038+0000] {processor.py:179} INFO - Processing /home/airflow/.local/lib/python3.8/site-packages/airflow/example_dags/example_setup_teardown_taskflow.py took 0.051 seconds
[2025-12-11T00:47:12.578+0000] {processor.py:157} INFO - Started process (PID=1148) to work on /home/airflow/.local/lib/python3.8/site-packages/airflow/example_dags/example_setup_teardown_taskflow.py
[2025-12-11T00:47:12.578+0000] {processor.py:829} INFO - Processing file /home/airflow/.local/lib/python3.8/site-packages/airflow/example_dags/example_setup_teardown_taskflow.py for tasks to queue
[2025-12-11T00:47:12.579+0000] {logging_mixin.py:154} INFO - [2025-12-11T00:47:12.579+0000] {dagbag.py:536} INFO - Filling up the DagBag from /home/airflow/.local/lib/python3.8/site-packages/airflow/example_dags/example_setup_teardown_taskflow.py
[2025-12-11T00:47:12.584+0000] {processor.py:839} INFO - DAG(s) dict_keys(['example_setup_teardown_taskflow']) retrieved from /home/airflow/.local/lib/python3.8/site-packages/airflow/example_dags/example_setup_teardown_taskflow.py
[2025-12-11T00:47:12.600+0000] {logging_mixin.py:154} INFO - [2025-12-11T00:47:12.600+0000] {dag.py:2941} INFO - Sync 1 DAGs
[2025-12-11T00:47:12.613+0000] {logging_mixin.py:154} INFO - [2025-12-11T00:47:12.613+0000] {dag.py:3722} INFO - Setting next_dagrun for example_setup_teardown_taskflow to 2025-12-10T00:47:12.613103+00:00, run_after=2025-12-11T00:47:12.613103+00:00
[2025-12-11T00:47:12.624+0000] {processor.py:179} INFO - Processing /home/airflow/.local/lib/python3.8/site-packages/airflow/example_dags/example_setup_teardown_taskflow.py took 0.048 seconds
[2025-12-11T00:47:43.228+0000] {processor.py:157} INFO - Started process (PID=1203) to work on /home/airflow/.local/lib/python3.8/site-packages/airflow/example_dags/example_setup_teardown_taskflow.py
[2025-12-11T00:47:43.229+0000] {processor.py:829} INFO - Processing file /home/airflow/.local/lib/python3.8/site-packages/airflow/example_dags/example_setup_teardown_taskflow.py for tasks to queue
[2025-12-11T00:47:43.231+0000] {logging_mixin.py:154} INFO - [2025-12-11T00:47:43.230+0000] {dagbag.py:536} INFO - Filling up the DagBag from /home/airflow/.local/lib/python3.8/site-packages/airflow/example_dags/example_setup_teardown_taskflow.py
[2025-12-11T00:47:43.238+0000] {processor.py:839} INFO - DAG(s) dict_keys(['example_setup_teardown_taskflow']) retrieved from /home/airflow/.local/lib/python3.8/site-packages/airflow/example_dags/example_setup_teardown_taskflow.py
[2025-12-11T00:47:43.250+0000] {logging_mixin.py:154} INFO - [2025-12-11T00:47:43.250+0000] {dag.py:2941} INFO - Sync 1 DAGs
[2025-12-11T00:47:43.262+0000] {logging_mixin.py:154} INFO - [2025-12-11T00:47:43.262+0000] {dag.py:3722} INFO - Setting next_dagrun for example_setup_teardown_taskflow to 2025-12-10T00:47:43.262582+00:00, run_after=2025-12-11T00:47:43.262582+00:00
[2025-12-11T00:47:43.274+0000] {processor.py:179} INFO - Processing /home/airflow/.local/lib/python3.8/site-packages/airflow/example_dags/example_setup_teardown_taskflow.py took 0.049 seconds
[2025-12-11T00:48:13.422+0000] {processor.py:157} INFO - Started process (PID=1258) to work on /home/airflow/.local/lib/python3.8/site-packages/airflow/example_dags/example_setup_teardown_taskflow.py
[2025-12-11T00:48:13.422+0000] {processor.py:829} INFO - Processing file /home/airflow/.local/lib/python3.8/site-packages/airflow/example_dags/example_setup_teardown_taskflow.py for tasks to queue
[2025-12-11T00:48:13.424+0000] {logging_mixin.py:154} INFO - [2025-12-11T00:48:13.423+0000] {dagbag.py:536} INFO - Filling up the DagBag from /home/airflow/.local/lib/python3.8/site-packages/airflow/example_dags/example_setup_teardown_taskflow.py
[2025-12-11T00:48:13.429+0000] {processor.py:839} INFO - DAG(s) dict_keys(['example_setup_teardown_taskflow']) retrieved from /home/airflow/.local/lib/python3.8/site-packages/airflow/example_dags/example_setup_teardown_taskflow.py
[2025-12-11T00:48:13.440+0000] {logging_mixin.py:154} INFO - [2025-12-11T00:48:13.440+0000] {dag.py:2941} INFO - Sync 1 DAGs
[2025-12-11T00:48:13.455+0000] {logging_mixin.py:154} INFO - [2025-12-11T00:48:13.455+0000] {dag.py:3722} INFO - Setting next_dagrun for example_setup_teardown_taskflow to 2025-12-10T00:48:13.455426+00:00, run_after=2025-12-11T00:48:13.455426+00:00
[2025-12-11T00:48:13.467+0000] {processor.py:179} INFO - Processing /home/airflow/.local/lib/python3.8/site-packages/airflow/example_dags/example_setup_teardown_taskflow.py took 0.047 seconds
[2025-12-11T00:48:44.284+0000] {processor.py:157} INFO - Started process (PID=1313) to work on /home/airflow/.local/lib/python3.8/site-packages/airflow/example_dags/example_setup_teardown_taskflow.py
[2025-12-11T00:48:44.285+0000] {processor.py:829} INFO - Processing file /home/airflow/.local/lib/python3.8/site-packages/airflow/example_dags/example_setup_teardown_taskflow.py for tasks to queue
[2025-12-11T00:48:44.286+0000] {logging_mixin.py:154} INFO - [2025-12-11T00:48:44.286+0000] {dagbag.py:536} INFO - Filling up the DagBag from /home/airflow/.local/lib/python3.8/site-packages/airflow/example_dags/example_setup_teardown_taskflow.py
[2025-12-11T00:48:44.291+0000] {processor.py:839} INFO - DAG(s) dict_keys(['example_setup_teardown_taskflow']) retrieved from /home/airflow/.local/lib/python3.8/site-packages/airflow/example_dags/example_setup_teardown_taskflow.py
[2025-12-11T00:48:44.307+0000] {logging_mixin.py:154} INFO - [2025-12-11T00:48:44.307+0000] {dag.py:2941} INFO - Sync 1 DAGs
[2025-12-11T00:48:44.321+0000] {logging_mixin.py:154} INFO - [2025-12-11T00:48:44.321+0000] {dag.py:3722} INFO - Setting next_dagrun for example_setup_teardown_taskflow to 2025-12-10T00:48:44.321090+00:00, run_after=2025-12-11T00:48:44.321090+00:00
[2025-12-11T00:48:44.332+0000] {processor.py:179} INFO - Processing /home/airflow/.local/lib/python3.8/site-packages/airflow/example_dags/example_setup_teardown_taskflow.py took 0.050 seconds
[2025-12-11T00:49:15.009+0000] {processor.py:157} INFO - Started process (PID=1368) to work on /home/airflow/.local/lib/python3.8/site-packages/airflow/example_dags/example_setup_teardown_taskflow.py
[2025-12-11T00:49:15.010+0000] {processor.py:829} INFO - Processing file /home/airflow/.local/lib/python3.8/site-packages/airflow/example_dags/example_setup_teardown_taskflow.py for tasks to queue
[2025-12-11T00:49:15.012+0000] {logging_mixin.py:154} INFO - [2025-12-11T00:49:15.011+0000] {dagbag.py:536} INFO - Filling up the DagBag from /home/airflow/.local/lib/python3.8/site-packages/airflow/example_dags/example_setup_teardown_taskflow.py
[2025-12-11T00:49:15.017+0000] {processor.py:839} INFO - DAG(s) dict_keys(['example_setup_teardown_taskflow']) retrieved from /home/airflow/.local/lib/python3.8/site-packages/airflow/example_dags/example_setup_teardown_taskflow.py
[2025-12-11T00:49:15.036+0000] {logging_mixin.py:154} INFO - [2025-12-11T00:49:15.035+0000] {dag.py:2941} INFO - Sync 1 DAGs
[2025-12-11T00:49:15.054+0000] {logging_mixin.py:154} INFO - [2025-12-11T00:49:15.053+0000] {dag.py:3722} INFO - Setting next_dagrun for example_setup_teardown_taskflow to 2025-12-10T00:49:15.053693+00:00, run_after=2025-12-11T00:49:15.053693+00:00
[2025-12-11T00:49:15.076+0000] {processor.py:179} INFO - Processing /home/airflow/.local/lib/python3.8/site-packages/airflow/example_dags/example_setup_teardown_taskflow.py took 0.069 seconds
[2025-12-11T00:49:45.239+0000] {processor.py:157} INFO - Started process (PID=1423) to work on /home/airflow/.local/lib/python3.8/site-packages/airflow/example_dags/example_setup_teardown_taskflow.py
[2025-12-11T00:49:45.239+0000] {processor.py:829} INFO - Processing file /home/airflow/.local/lib/python3.8/site-packages/airflow/example_dags/example_setup_teardown_taskflow.py for tasks to queue
[2025-12-11T00:49:45.241+0000] {logging_mixin.py:154} INFO - [2025-12-11T00:49:45.240+0000] {dagbag.py:536} INFO - Filling up the DagBag from /home/airflow/.local/lib/python3.8/site-packages/airflow/example_dags/example_setup_teardown_taskflow.py
[2025-12-11T00:49:45.246+0000] {processor.py:839} INFO - DAG(s) dict_keys(['example_setup_teardown_taskflow']) retrieved from /home/airflow/.local/lib/python3.8/site-packages/airflow/example_dags/example_setup_teardown_taskflow.py
[2025-12-11T00:49:45.260+0000] {logging_mixin.py:154} INFO - [2025-12-11T00:49:45.260+0000] {dag.py:2941} INFO - Sync 1 DAGs
[2025-12-11T00:49:45.275+0000] {logging_mixin.py:154} INFO - [2025-12-11T00:49:45.275+0000] {dag.py:3722} INFO - Setting next_dagrun for example_setup_teardown_taskflow to 2025-12-10T00:49:45.275381+00:00, run_after=2025-12-11T00:49:45.275381+00:00
[2025-12-11T00:49:45.291+0000] {processor.py:179} INFO - Processing /home/airflow/.local/lib/python3.8/site-packages/airflow/example_dags/example_setup_teardown_taskflow.py took 0.054 seconds
[2025-12-11T00:50:15.351+0000] {processor.py:157} INFO - Started process (PID=1478) to work on /home/airflow/.local/lib/python3.8/site-packages/airflow/example_dags/example_setup_teardown_taskflow.py
[2025-12-11T00:50:15.352+0000] {processor.py:829} INFO - Processing file /home/airflow/.local/lib/python3.8/site-packages/airflow/example_dags/example_setup_teardown_taskflow.py for tasks to queue
[2025-12-11T00:50:15.353+0000] {logging_mixin.py:154} INFO - [2025-12-11T00:50:15.353+0000] {dagbag.py:536} INFO - Filling up the DagBag from /home/airflow/.local/lib/python3.8/site-packages/airflow/example_dags/example_setup_teardown_taskflow.py
[2025-12-11T00:50:15.358+0000] {processor.py:839} INFO - DAG(s) dict_keys(['example_setup_teardown_taskflow']) retrieved from /home/airflow/.local/lib/python3.8/site-packages/airflow/example_dags/example_setup_teardown_taskflow.py
[2025-12-11T00:50:15.371+0000] {logging_mixin.py:154} INFO - [2025-12-11T00:50:15.371+0000] {dag.py:2941} INFO - Sync 1 DAGs
[2025-12-11T00:50:15.384+0000] {logging_mixin.py:154} INFO - [2025-12-11T00:50:15.384+0000] {dag.py:3722} INFO - Setting next_dagrun for example_setup_teardown_taskflow to 2025-12-10T00:50:15.384119+00:00, run_after=2025-12-11T00:50:15.384119+00:00
[2025-12-11T00:50:15.395+0000] {processor.py:179} INFO - Processing /home/airflow/.local/lib/python3.8/site-packages/airflow/example_dags/example_setup_teardown_taskflow.py took 0.046 seconds
[2025-12-11T00:50:45.717+0000] {processor.py:157} INFO - Started process (PID=1533) to work on /home/airflow/.local/lib/python3.8/site-packages/airflow/example_dags/example_setup_teardown_taskflow.py
[2025-12-11T00:50:45.718+0000] {processor.py:829} INFO - Processing file /home/airflow/.local/lib/python3.8/site-packages/airflow/example_dags/example_setup_teardown_taskflow.py for tasks to queue
[2025-12-11T00:50:45.720+0000] {logging_mixin.py:154} INFO - [2025-12-11T00:50:45.719+0000] {dagbag.py:536} INFO - Filling up the DagBag from /home/airflow/.local/lib/python3.8/site-packages/airflow/example_dags/example_setup_teardown_taskflow.py
[2025-12-11T00:50:45.727+0000] {processor.py:839} INFO - DAG(s) dict_keys(['example_setup_teardown_taskflow']) retrieved from /home/airflow/.local/lib/python3.8/site-packages/airflow/example_dags/example_setup_teardown_taskflow.py
[2025-12-11T00:50:45.749+0000] {logging_mixin.py:154} INFO - [2025-12-11T00:50:45.748+0000] {dag.py:2941} INFO - Sync 1 DAGs
[2025-12-11T00:50:45.763+0000] {logging_mixin.py:154} INFO - [2025-12-11T00:50:45.763+0000] {dag.py:3722} INFO - Setting next_dagrun for example_setup_teardown_taskflow to 2025-12-10T00:50:45.763728+00:00, run_after=2025-12-11T00:50:45.763728+00:00
[2025-12-11T00:50:45.775+0000] {processor.py:179} INFO - Processing /home/airflow/.local/lib/python3.8/site-packages/airflow/example_dags/example_setup_teardown_taskflow.py took 0.060 seconds
[2025-12-11T00:51:16.419+0000] {processor.py:157} INFO - Started process (PID=1588) to work on /home/airflow/.local/lib/python3.8/site-packages/airflow/example_dags/example_setup_teardown_taskflow.py
[2025-12-11T00:51:16.420+0000] {processor.py:829} INFO - Processing file /home/airflow/.local/lib/python3.8/site-packages/airflow/example_dags/example_setup_teardown_taskflow.py for tasks to queue
[2025-12-11T00:51:16.422+0000] {logging_mixin.py:154} INFO - [2025-12-11T00:51:16.421+0000] {dagbag.py:536} INFO - Filling up the DagBag from /home/airflow/.local/lib/python3.8/site-packages/airflow/example_dags/example_setup_teardown_taskflow.py
[2025-12-11T00:51:16.429+0000] {processor.py:839} INFO - DAG(s) dict_keys(['example_setup_teardown_taskflow']) retrieved from /home/airflow/.local/lib/python3.8/site-packages/airflow/example_dags/example_setup_teardown_taskflow.py
[2025-12-11T00:51:16.443+0000] {logging_mixin.py:154} INFO - [2025-12-11T00:51:16.443+0000] {dag.py:2941} INFO - Sync 1 DAGs
[2025-12-11T00:51:16.457+0000] {logging_mixin.py:154} INFO - [2025-12-11T00:51:16.457+0000] {dag.py:3722} INFO - Setting next_dagrun for example_setup_teardown_taskflow to 2025-12-10T00:51:16.457533+00:00, run_after=2025-12-11T00:51:16.457533+00:00
[2025-12-11T00:51:16.469+0000] {processor.py:179} INFO - Processing /home/airflow/.local/lib/python3.8/site-packages/airflow/example_dags/example_setup_teardown_taskflow.py took 0.053 seconds
[2025-12-11T00:51:46.549+0000] {processor.py:157} INFO - Started process (PID=1643) to work on /home/airflow/.local/lib/python3.8/site-packages/airflow/example_dags/example_setup_teardown_taskflow.py
[2025-12-11T00:51:46.550+0000] {processor.py:829} INFO - Processing file /home/airflow/.local/lib/python3.8/site-packages/airflow/example_dags/example_setup_teardown_taskflow.py for tasks to queue
[2025-12-11T00:51:46.551+0000] {logging_mixin.py:154} INFO - [2025-12-11T00:51:46.551+0000] {dagbag.py:536} INFO - Filling up the DagBag from /home/airflow/.local/lib/python3.8/site-packages/airflow/example_dags/example_setup_teardown_taskflow.py
[2025-12-11T00:51:46.557+0000] {processor.py:839} INFO - DAG(s) dict_keys(['example_setup_teardown_taskflow']) retrieved from /home/airflow/.local/lib/python3.8/site-packages/airflow/example_dags/example_setup_teardown_taskflow.py
[2025-12-11T00:51:46.571+0000] {logging_mixin.py:154} INFO - [2025-12-11T00:51:46.571+0000] {dag.py:2941} INFO - Sync 1 DAGs
[2025-12-11T00:51:46.584+0000] {logging_mixin.py:154} INFO - [2025-12-11T00:51:46.584+0000] {dag.py:3722} INFO - Setting next_dagrun for example_setup_teardown_taskflow to 2025-12-10T00:51:46.584598+00:00, run_after=2025-12-11T00:51:46.584598+00:00
[2025-12-11T00:51:46.596+0000] {processor.py:179} INFO - Processing /home/airflow/.local/lib/python3.8/site-packages/airflow/example_dags/example_setup_teardown_taskflow.py took 0.048 seconds
[2025-12-11T00:52:16.767+0000] {processor.py:157} INFO - Started process (PID=1698) to work on /home/airflow/.local/lib/python3.8/site-packages/airflow/example_dags/example_setup_teardown_taskflow.py
[2025-12-11T00:52:16.771+0000] {processor.py:829} INFO - Processing file /home/airflow/.local/lib/python3.8/site-packages/airflow/example_dags/example_setup_teardown_taskflow.py for tasks to queue
[2025-12-11T00:52:16.773+0000] {logging_mixin.py:154} INFO - [2025-12-11T00:52:16.773+0000] {dagbag.py:536} INFO - Filling up the DagBag from /home/airflow/.local/lib/python3.8/site-packages/airflow/example_dags/example_setup_teardown_taskflow.py
[2025-12-11T00:52:16.778+0000] {processor.py:839} INFO - DAG(s) dict_keys(['example_setup_teardown_taskflow']) retrieved from /home/airflow/.local/lib/python3.8/site-packages/airflow/example_dags/example_setup_teardown_taskflow.py
[2025-12-11T00:52:16.793+0000] {logging_mixin.py:154} INFO - [2025-12-11T00:52:16.793+0000] {dag.py:2941} INFO - Sync 1 DAGs
[2025-12-11T00:52:16.807+0000] {logging_mixin.py:154} INFO - [2025-12-11T00:52:16.807+0000] {dag.py:3722} INFO - Setting next_dagrun for example_setup_teardown_taskflow to 2025-12-10T00:52:16.807227+00:00, run_after=2025-12-11T00:52:16.807227+00:00
[2025-12-11T00:52:16.835+0000] {processor.py:179} INFO - Processing /home/airflow/.local/lib/python3.8/site-packages/airflow/example_dags/example_setup_teardown_taskflow.py took 0.070 seconds
[2025-12-11T00:52:46.914+0000] {processor.py:157} INFO - Started process (PID=1753) to work on /home/airflow/.local/lib/python3.8/site-packages/airflow/example_dags/example_setup_teardown_taskflow.py
[2025-12-11T00:52:46.915+0000] {processor.py:829} INFO - Processing file /home/airflow/.local/lib/python3.8/site-packages/airflow/example_dags/example_setup_teardown_taskflow.py for tasks to queue
[2025-12-11T00:52:46.916+0000] {logging_mixin.py:154} INFO - [2025-12-11T00:52:46.916+0000] {dagbag.py:536} INFO - Filling up the DagBag from /home/airflow/.local/lib/python3.8/site-packages/airflow/example_dags/example_setup_teardown_taskflow.py
[2025-12-11T00:52:46.921+0000] {processor.py:839} INFO - DAG(s) dict_keys(['example_setup_teardown_taskflow']) retrieved from /home/airflow/.local/lib/python3.8/site-packages/airflow/example_dags/example_setup_teardown_taskflow.py
[2025-12-11T00:52:46.933+0000] {logging_mixin.py:154} INFO - [2025-12-11T00:52:46.933+0000] {dag.py:2941} INFO - Sync 1 DAGs
[2025-12-11T00:52:46.947+0000] {logging_mixin.py:154} INFO - [2025-12-11T00:52:46.947+0000] {dag.py:3722} INFO - Setting next_dagrun for example_setup_teardown_taskflow to 2025-12-10T00:52:46.947066+00:00, run_after=2025-12-11T00:52:46.947066+00:00
[2025-12-11T00:52:46.958+0000] {processor.py:179} INFO - Processing /home/airflow/.local/lib/python3.8/site-packages/airflow/example_dags/example_setup_teardown_taskflow.py took 0.047 seconds
[2025-12-11T00:53:17.573+0000] {processor.py:157} INFO - Started process (PID=1808) to work on /home/airflow/.local/lib/python3.8/site-packages/airflow/example_dags/example_setup_teardown_taskflow.py
[2025-12-11T00:53:17.574+0000] {processor.py:829} INFO - Processing file /home/airflow/.local/lib/python3.8/site-packages/airflow/example_dags/example_setup_teardown_taskflow.py for tasks to queue
[2025-12-11T00:53:17.576+0000] {logging_mixin.py:154} INFO - [2025-12-11T00:53:17.576+0000] {dagbag.py:536} INFO - Filling up the DagBag from /home/airflow/.local/lib/python3.8/site-packages/airflow/example_dags/example_setup_teardown_taskflow.py
[2025-12-11T00:53:17.584+0000] {processor.py:839} INFO - DAG(s) dict_keys(['example_setup_teardown_taskflow']) retrieved from /home/airflow/.local/lib/python3.8/site-packages/airflow/example_dags/example_setup_teardown_taskflow.py
[2025-12-11T00:53:17.599+0000] {logging_mixin.py:154} INFO - [2025-12-11T00:53:17.599+0000] {dag.py:2941} INFO - Sync 1 DAGs
[2025-12-11T00:53:17.612+0000] {logging_mixin.py:154} INFO - [2025-12-11T00:53:17.612+0000] {dag.py:3722} INFO - Setting next_dagrun for example_setup_teardown_taskflow to 2025-12-10T00:53:17.612389+00:00, run_after=2025-12-11T00:53:17.612389+00:00
[2025-12-11T00:53:17.623+0000] {processor.py:179} INFO - Processing /home/airflow/.local/lib/python3.8/site-packages/airflow/example_dags/example_setup_teardown_taskflow.py took 0.053 seconds
[2025-12-11T00:53:48.198+0000] {processor.py:157} INFO - Started process (PID=1863) to work on /home/airflow/.local/lib/python3.8/site-packages/airflow/example_dags/example_setup_teardown_taskflow.py
[2025-12-11T00:53:48.198+0000] {processor.py:829} INFO - Processing file /home/airflow/.local/lib/python3.8/site-packages/airflow/example_dags/example_setup_teardown_taskflow.py for tasks to queue
[2025-12-11T00:53:48.199+0000] {logging_mixin.py:154} INFO - [2025-12-11T00:53:48.199+0000] {dagbag.py:536} INFO - Filling up the DagBag from /home/airflow/.local/lib/python3.8/site-packages/airflow/example_dags/example_setup_teardown_taskflow.py
[2025-12-11T00:53:48.205+0000] {processor.py:839} INFO - DAG(s) dict_keys(['example_setup_teardown_taskflow']) retrieved from /home/airflow/.local/lib/python3.8/site-packages/airflow/example_dags/example_setup_teardown_taskflow.py
[2025-12-11T00:53:48.227+0000] {logging_mixin.py:154} INFO - [2025-12-11T00:53:48.227+0000] {dag.py:2941} INFO - Sync 1 DAGs
[2025-12-11T00:53:48.244+0000] {logging_mixin.py:154} INFO - [2025-12-11T00:53:48.244+0000] {dag.py:3722} INFO - Setting next_dagrun for example_setup_teardown_taskflow to 2025-12-10T00:53:48.243881+00:00, run_after=2025-12-11T00:53:48.243881+00:00
[2025-12-11T00:53:48.256+0000] {processor.py:179} INFO - Processing /home/airflow/.local/lib/python3.8/site-packages/airflow/example_dags/example_setup_teardown_taskflow.py took 0.060 seconds
[2025-12-11T00:54:18.556+0000] {processor.py:157} INFO - Started process (PID=1919) to work on /home/airflow/.local/lib/python3.8/site-packages/airflow/example_dags/example_setup_teardown_taskflow.py
[2025-12-11T00:54:18.558+0000] {processor.py:829} INFO - Processing file /home/airflow/.local/lib/python3.8/site-packages/airflow/example_dags/example_setup_teardown_taskflow.py for tasks to queue
[2025-12-11T00:54:18.559+0000] {logging_mixin.py:154} INFO - [2025-12-11T00:54:18.559+0000] {dagbag.py:536} INFO - Filling up the DagBag from /home/airflow/.local/lib/python3.8/site-packages/airflow/example_dags/example_setup_teardown_taskflow.py
[2025-12-11T00:54:18.564+0000] {processor.py:839} INFO - DAG(s) dict_keys(['example_setup_teardown_taskflow']) retrieved from /home/airflow/.local/lib/python3.8/site-packages/airflow/example_dags/example_setup_teardown_taskflow.py
[2025-12-11T00:54:18.579+0000] {logging_mixin.py:154} INFO - [2025-12-11T00:54:18.579+0000] {dag.py:2941} INFO - Sync 1 DAGs
[2025-12-11T00:54:18.593+0000] {logging_mixin.py:154} INFO - [2025-12-11T00:54:18.593+0000] {dag.py:3722} INFO - Setting next_dagrun for example_setup_teardown_taskflow to 2025-12-10T00:54:18.592986+00:00, run_after=2025-12-11T00:54:18.592986+00:00
[2025-12-11T00:54:18.607+0000] {processor.py:179} INFO - Processing /home/airflow/.local/lib/python3.8/site-packages/airflow/example_dags/example_setup_teardown_taskflow.py took 0.053 seconds
[2025-12-11T00:54:48.958+0000] {processor.py:157} INFO - Started process (PID=1974) to work on /home/airflow/.local/lib/python3.8/site-packages/airflow/example_dags/example_setup_teardown_taskflow.py
[2025-12-11T00:54:48.958+0000] {processor.py:829} INFO - Processing file /home/airflow/.local/lib/python3.8/site-packages/airflow/example_dags/example_setup_teardown_taskflow.py for tasks to queue
[2025-12-11T00:54:48.960+0000] {logging_mixin.py:154} INFO - [2025-12-11T00:54:48.960+0000] {dagbag.py:536} INFO - Filling up the DagBag from /home/airflow/.local/lib/python3.8/site-packages/airflow/example_dags/example_setup_teardown_taskflow.py
[2025-12-11T00:54:48.969+0000] {processor.py:839} INFO - DAG(s) dict_keys(['example_setup_teardown_taskflow']) retrieved from /home/airflow/.local/lib/python3.8/site-packages/airflow/example_dags/example_setup_teardown_taskflow.py
[2025-12-11T00:54:48.983+0000] {logging_mixin.py:154} INFO - [2025-12-11T00:54:48.982+0000] {dag.py:2941} INFO - Sync 1 DAGs
[2025-12-11T00:54:48.996+0000] {logging_mixin.py:154} INFO - [2025-12-11T00:54:48.996+0000] {dag.py:3722} INFO - Setting next_dagrun for example_setup_teardown_taskflow to 2025-12-10T00:54:48.996119+00:00, run_after=2025-12-11T00:54:48.996119+00:00
[2025-12-11T00:54:49.008+0000] {processor.py:179} INFO - Processing /home/airflow/.local/lib/python3.8/site-packages/airflow/example_dags/example_setup_teardown_taskflow.py took 0.053 seconds
[2025-12-11T00:55:19.475+0000] {processor.py:157} INFO - Started process (PID=2029) to work on /home/airflow/.local/lib/python3.8/site-packages/airflow/example_dags/example_setup_teardown_taskflow.py
[2025-12-11T00:55:19.476+0000] {processor.py:829} INFO - Processing file /home/airflow/.local/lib/python3.8/site-packages/airflow/example_dags/example_setup_teardown_taskflow.py for tasks to queue
[2025-12-11T00:55:19.478+0000] {logging_mixin.py:154} INFO - [2025-12-11T00:55:19.478+0000] {dagbag.py:536} INFO - Filling up the DagBag from /home/airflow/.local/lib/python3.8/site-packages/airflow/example_dags/example_setup_teardown_taskflow.py
[2025-12-11T00:55:19.483+0000] {processor.py:839} INFO - DAG(s) dict_keys(['example_setup_teardown_taskflow']) retrieved from /home/airflow/.local/lib/python3.8/site-packages/airflow/example_dags/example_setup_teardown_taskflow.py
[2025-12-11T00:55:19.498+0000] {logging_mixin.py:154} INFO - [2025-12-11T00:55:19.498+0000] {dag.py:2941} INFO - Sync 1 DAGs
[2025-12-11T00:55:19.511+0000] {logging_mixin.py:154} INFO - [2025-12-11T00:55:19.511+0000] {dag.py:3722} INFO - Setting next_dagrun for example_setup_teardown_taskflow to 2025-12-10T00:55:19.511079+00:00, run_after=2025-12-11T00:55:19.511079+00:00
[2025-12-11T00:55:19.523+0000] {processor.py:179} INFO - Processing /home/airflow/.local/lib/python3.8/site-packages/airflow/example_dags/example_setup_teardown_taskflow.py took 0.051 seconds
