[2025-12-11T00:38:16.045+0000] {processor.py:157} INFO - Started process (PID=178) to work on /home/airflow/.local/lib/python3.8/site-packages/airflow/example_dags/example_branch_python_dop_operator_3.py
[2025-12-11T00:38:16.046+0000] {processor.py:829} INFO - Processing file /home/airflow/.local/lib/python3.8/site-packages/airflow/example_dags/example_branch_python_dop_operator_3.py for tasks to queue
[2025-12-11T00:38:16.058+0000] {logging_mixin.py:154} INFO - [2025-12-11T00:38:16.057+0000] {dagbag.py:536} INFO - Filling up the DagBag from /home/airflow/.local/lib/python3.8/site-packages/airflow/example_dags/example_branch_python_dop_operator_3.py
[2025-12-11T00:38:16.080+0000] {processor.py:839} INFO - DAG(s) dict_keys(['example_branch_dop_operator_v3']) retrieved from /home/airflow/.local/lib/python3.8/site-packages/airflow/example_dags/example_branch_python_dop_operator_3.py
[2025-12-11T00:38:16.088+0000] {logging_mixin.py:154} INFO - [2025-12-11T00:38:16.087+0000] {dag.py:2941} INFO - Sync 1 DAGs
[2025-12-11T00:38:16.105+0000] {logging_mixin.py:154} INFO - [2025-12-11T00:38:16.105+0000] {dag.py:3722} INFO - Setting next_dagrun for example_branch_dop_operator_v3 to 2025-12-11T00:37:00+00:00, run_after=2025-12-11T00:38:00+00:00
[2025-12-11T00:38:16.203+0000] {processor.py:179} INFO - Processing /home/airflow/.local/lib/python3.8/site-packages/airflow/example_dags/example_branch_python_dop_operator_3.py took 0.160 seconds
[2025-12-11T00:38:46.267+0000] {processor.py:157} INFO - Started process (PID=241) to work on /home/airflow/.local/lib/python3.8/site-packages/airflow/example_dags/example_branch_python_dop_operator_3.py
[2025-12-11T00:38:46.267+0000] {processor.py:829} INFO - Processing file /home/airflow/.local/lib/python3.8/site-packages/airflow/example_dags/example_branch_python_dop_operator_3.py for tasks to queue
[2025-12-11T00:38:46.269+0000] {logging_mixin.py:154} INFO - [2025-12-11T00:38:46.268+0000] {dagbag.py:536} INFO - Filling up the DagBag from /home/airflow/.local/lib/python3.8/site-packages/airflow/example_dags/example_branch_python_dop_operator_3.py
[2025-12-11T00:38:46.274+0000] {processor.py:839} INFO - DAG(s) dict_keys(['example_branch_dop_operator_v3']) retrieved from /home/airflow/.local/lib/python3.8/site-packages/airflow/example_dags/example_branch_python_dop_operator_3.py
[2025-12-11T00:38:46.288+0000] {logging_mixin.py:154} INFO - [2025-12-11T00:38:46.288+0000] {dag.py:2941} INFO - Sync 1 DAGs
[2025-12-11T00:38:46.304+0000] {logging_mixin.py:154} INFO - [2025-12-11T00:38:46.304+0000] {dag.py:3722} INFO - Setting next_dagrun for example_branch_dop_operator_v3 to 2025-12-11T00:37:00+00:00, run_after=2025-12-11T00:38:00+00:00
[2025-12-11T00:38:46.320+0000] {processor.py:179} INFO - Processing /home/airflow/.local/lib/python3.8/site-packages/airflow/example_dags/example_branch_python_dop_operator_3.py took 0.055 seconds
[2025-12-11T00:39:16.708+0000] {processor.py:157} INFO - Started process (PID=296) to work on /home/airflow/.local/lib/python3.8/site-packages/airflow/example_dags/example_branch_python_dop_operator_3.py
[2025-12-11T00:39:16.709+0000] {processor.py:829} INFO - Processing file /home/airflow/.local/lib/python3.8/site-packages/airflow/example_dags/example_branch_python_dop_operator_3.py for tasks to queue
[2025-12-11T00:39:16.710+0000] {logging_mixin.py:154} INFO - [2025-12-11T00:39:16.710+0000] {dagbag.py:536} INFO - Filling up the DagBag from /home/airflow/.local/lib/python3.8/site-packages/airflow/example_dags/example_branch_python_dop_operator_3.py
[2025-12-11T00:39:16.716+0000] {processor.py:839} INFO - DAG(s) dict_keys(['example_branch_dop_operator_v3']) retrieved from /home/airflow/.local/lib/python3.8/site-packages/airflow/example_dags/example_branch_python_dop_operator_3.py
[2025-12-11T00:39:16.730+0000] {logging_mixin.py:154} INFO - [2025-12-11T00:39:16.730+0000] {dag.py:2941} INFO - Sync 1 DAGs
[2025-12-11T00:39:16.745+0000] {logging_mixin.py:154} INFO - [2025-12-11T00:39:16.745+0000] {dag.py:3722} INFO - Setting next_dagrun for example_branch_dop_operator_v3 to 2025-12-11T00:38:00+00:00, run_after=2025-12-11T00:39:00+00:00
[2025-12-11T00:39:16.768+0000] {processor.py:179} INFO - Processing /home/airflow/.local/lib/python3.8/site-packages/airflow/example_dags/example_branch_python_dop_operator_3.py took 0.062 seconds
[2025-12-11T00:39:46.950+0000] {processor.py:157} INFO - Started process (PID=351) to work on /home/airflow/.local/lib/python3.8/site-packages/airflow/example_dags/example_branch_python_dop_operator_3.py
[2025-12-11T00:39:46.957+0000] {processor.py:829} INFO - Processing file /home/airflow/.local/lib/python3.8/site-packages/airflow/example_dags/example_branch_python_dop_operator_3.py for tasks to queue
[2025-12-11T00:39:46.958+0000] {logging_mixin.py:154} INFO - [2025-12-11T00:39:46.958+0000] {dagbag.py:536} INFO - Filling up the DagBag from /home/airflow/.local/lib/python3.8/site-packages/airflow/example_dags/example_branch_python_dop_operator_3.py
[2025-12-11T00:39:46.963+0000] {processor.py:839} INFO - DAG(s) dict_keys(['example_branch_dop_operator_v3']) retrieved from /home/airflow/.local/lib/python3.8/site-packages/airflow/example_dags/example_branch_python_dop_operator_3.py
[2025-12-11T00:39:46.976+0000] {logging_mixin.py:154} INFO - [2025-12-11T00:39:46.976+0000] {dag.py:2941} INFO - Sync 1 DAGs
[2025-12-11T00:39:46.991+0000] {logging_mixin.py:154} INFO - [2025-12-11T00:39:46.991+0000] {dag.py:3722} INFO - Setting next_dagrun for example_branch_dop_operator_v3 to 2025-12-11T00:38:00+00:00, run_after=2025-12-11T00:39:00+00:00
[2025-12-11T00:39:47.013+0000] {processor.py:179} INFO - Processing /home/airflow/.local/lib/python3.8/site-packages/airflow/example_dags/example_branch_python_dop_operator_3.py took 0.065 seconds
[2025-12-11T00:40:24.652+0000] {processor.py:157} INFO - Started process (PID=413) to work on /home/airflow/.local/lib/python3.8/site-packages/airflow/example_dags/example_branch_python_dop_operator_3.py
[2025-12-11T00:40:24.654+0000] {processor.py:829} INFO - Processing file /home/airflow/.local/lib/python3.8/site-packages/airflow/example_dags/example_branch_python_dop_operator_3.py for tasks to queue
[2025-12-11T00:40:24.655+0000] {logging_mixin.py:154} INFO - [2025-12-11T00:40:24.655+0000] {dagbag.py:536} INFO - Filling up the DagBag from /home/airflow/.local/lib/python3.8/site-packages/airflow/example_dags/example_branch_python_dop_operator_3.py
[2025-12-11T00:40:24.660+0000] {processor.py:839} INFO - DAG(s) dict_keys(['example_branch_dop_operator_v3']) retrieved from /home/airflow/.local/lib/python3.8/site-packages/airflow/example_dags/example_branch_python_dop_operator_3.py
[2025-12-11T00:40:24.674+0000] {logging_mixin.py:154} INFO - [2025-12-11T00:40:24.674+0000] {dag.py:2941} INFO - Sync 1 DAGs
[2025-12-11T00:40:24.694+0000] {logging_mixin.py:154} INFO - [2025-12-11T00:40:24.694+0000] {dag.py:3722} INFO - Setting next_dagrun for example_branch_dop_operator_v3 to 2025-12-11T00:39:00+00:00, run_after=2025-12-11T00:40:00+00:00
[2025-12-11T00:40:24.716+0000] {processor.py:179} INFO - Processing /home/airflow/.local/lib/python3.8/site-packages/airflow/example_dags/example_branch_python_dop_operator_3.py took 0.066 seconds
[2025-12-11T00:40:55.482+0000] {processor.py:157} INFO - Started process (PID=468) to work on /home/airflow/.local/lib/python3.8/site-packages/airflow/example_dags/example_branch_python_dop_operator_3.py
[2025-12-11T00:40:55.483+0000] {processor.py:829} INFO - Processing file /home/airflow/.local/lib/python3.8/site-packages/airflow/example_dags/example_branch_python_dop_operator_3.py for tasks to queue
[2025-12-11T00:40:55.484+0000] {logging_mixin.py:154} INFO - [2025-12-11T00:40:55.484+0000] {dagbag.py:536} INFO - Filling up the DagBag from /home/airflow/.local/lib/python3.8/site-packages/airflow/example_dags/example_branch_python_dop_operator_3.py
[2025-12-11T00:40:55.488+0000] {processor.py:839} INFO - DAG(s) dict_keys(['example_branch_dop_operator_v3']) retrieved from /home/airflow/.local/lib/python3.8/site-packages/airflow/example_dags/example_branch_python_dop_operator_3.py
[2025-12-11T00:40:55.504+0000] {logging_mixin.py:154} INFO - [2025-12-11T00:40:55.504+0000] {dag.py:2941} INFO - Sync 1 DAGs
[2025-12-11T00:40:55.521+0000] {logging_mixin.py:154} INFO - [2025-12-11T00:40:55.521+0000] {dag.py:3722} INFO - Setting next_dagrun for example_branch_dop_operator_v3 to 2025-12-11T00:39:00+00:00, run_after=2025-12-11T00:40:00+00:00
[2025-12-11T00:40:55.532+0000] {processor.py:179} INFO - Processing /home/airflow/.local/lib/python3.8/site-packages/airflow/example_dags/example_branch_python_dop_operator_3.py took 0.052 seconds
[2025-12-11T00:41:27.507+0000] {processor.py:157} INFO - Started process (PID=523) to work on /home/airflow/.local/lib/python3.8/site-packages/airflow/example_dags/example_branch_python_dop_operator_3.py
[2025-12-11T00:41:27.572+0000] {processor.py:829} INFO - Processing file /home/airflow/.local/lib/python3.8/site-packages/airflow/example_dags/example_branch_python_dop_operator_3.py for tasks to queue
[2025-12-11T00:41:27.574+0000] {logging_mixin.py:154} INFO - [2025-12-11T00:41:27.574+0000] {dagbag.py:536} INFO - Filling up the DagBag from /home/airflow/.local/lib/python3.8/site-packages/airflow/example_dags/example_branch_python_dop_operator_3.py
[2025-12-11T00:41:27.579+0000] {processor.py:839} INFO - DAG(s) dict_keys(['example_branch_dop_operator_v3']) retrieved from /home/airflow/.local/lib/python3.8/site-packages/airflow/example_dags/example_branch_python_dop_operator_3.py
[2025-12-11T00:41:27.595+0000] {logging_mixin.py:154} INFO - [2025-12-11T00:41:27.595+0000] {dag.py:2941} INFO - Sync 1 DAGs
[2025-12-11T00:41:27.617+0000] {logging_mixin.py:154} INFO - [2025-12-11T00:41:27.617+0000] {dag.py:3722} INFO - Setting next_dagrun for example_branch_dop_operator_v3 to 2025-12-11T00:40:00+00:00, run_after=2025-12-11T00:41:00+00:00
[2025-12-11T00:41:27.991+0000] {processor.py:179} INFO - Processing /home/airflow/.local/lib/python3.8/site-packages/airflow/example_dags/example_branch_python_dop_operator_3.py took 0.486 seconds
[2025-12-11T00:41:58.155+0000] {processor.py:157} INFO - Started process (PID=578) to work on /home/airflow/.local/lib/python3.8/site-packages/airflow/example_dags/example_branch_python_dop_operator_3.py
[2025-12-11T00:41:58.155+0000] {processor.py:829} INFO - Processing file /home/airflow/.local/lib/python3.8/site-packages/airflow/example_dags/example_branch_python_dop_operator_3.py for tasks to queue
[2025-12-11T00:41:58.157+0000] {logging_mixin.py:154} INFO - [2025-12-11T00:41:58.157+0000] {dagbag.py:536} INFO - Filling up the DagBag from /home/airflow/.local/lib/python3.8/site-packages/airflow/example_dags/example_branch_python_dop_operator_3.py
[2025-12-11T00:41:58.162+0000] {processor.py:839} INFO - DAG(s) dict_keys(['example_branch_dop_operator_v3']) retrieved from /home/airflow/.local/lib/python3.8/site-packages/airflow/example_dags/example_branch_python_dop_operator_3.py
[2025-12-11T00:41:58.174+0000] {logging_mixin.py:154} INFO - [2025-12-11T00:41:58.174+0000] {dag.py:2941} INFO - Sync 1 DAGs
[2025-12-11T00:41:58.189+0000] {logging_mixin.py:154} INFO - [2025-12-11T00:41:58.189+0000] {dag.py:3722} INFO - Setting next_dagrun for example_branch_dop_operator_v3 to 2025-12-11T00:40:00+00:00, run_after=2025-12-11T00:41:00+00:00
[2025-12-11T00:41:58.266+0000] {processor.py:179} INFO - Processing /home/airflow/.local/lib/python3.8/site-packages/airflow/example_dags/example_branch_python_dop_operator_3.py took 0.113 seconds
[2025-12-11T00:42:29.190+0000] {processor.py:157} INFO - Started process (PID=633) to work on /home/airflow/.local/lib/python3.8/site-packages/airflow/example_dags/example_branch_python_dop_operator_3.py
[2025-12-11T00:42:29.190+0000] {processor.py:829} INFO - Processing file /home/airflow/.local/lib/python3.8/site-packages/airflow/example_dags/example_branch_python_dop_operator_3.py for tasks to queue
[2025-12-11T00:42:29.192+0000] {logging_mixin.py:154} INFO - [2025-12-11T00:42:29.192+0000] {dagbag.py:536} INFO - Filling up the DagBag from /home/airflow/.local/lib/python3.8/site-packages/airflow/example_dags/example_branch_python_dop_operator_3.py
[2025-12-11T00:42:29.199+0000] {processor.py:839} INFO - DAG(s) dict_keys(['example_branch_dop_operator_v3']) retrieved from /home/airflow/.local/lib/python3.8/site-packages/airflow/example_dags/example_branch_python_dop_operator_3.py
[2025-12-11T00:42:29.214+0000] {logging_mixin.py:154} INFO - [2025-12-11T00:42:29.214+0000] {dag.py:2941} INFO - Sync 1 DAGs
[2025-12-11T00:42:29.232+0000] {logging_mixin.py:154} INFO - [2025-12-11T00:42:29.231+0000] {dag.py:3722} INFO - Setting next_dagrun for example_branch_dop_operator_v3 to 2025-12-11T00:41:00+00:00, run_after=2025-12-11T00:42:00+00:00
[2025-12-11T00:42:29.260+0000] {processor.py:179} INFO - Processing /home/airflow/.local/lib/python3.8/site-packages/airflow/example_dags/example_branch_python_dop_operator_3.py took 0.072 seconds
[2025-12-11T00:42:59.998+0000] {processor.py:157} INFO - Started process (PID=688) to work on /home/airflow/.local/lib/python3.8/site-packages/airflow/example_dags/example_branch_python_dop_operator_3.py
[2025-12-11T00:43:00.010+0000] {processor.py:829} INFO - Processing file /home/airflow/.local/lib/python3.8/site-packages/airflow/example_dags/example_branch_python_dop_operator_3.py for tasks to queue
[2025-12-11T00:43:00.012+0000] {logging_mixin.py:154} INFO - [2025-12-11T00:43:00.012+0000] {dagbag.py:536} INFO - Filling up the DagBag from /home/airflow/.local/lib/python3.8/site-packages/airflow/example_dags/example_branch_python_dop_operator_3.py
[2025-12-11T00:43:00.020+0000] {processor.py:839} INFO - DAG(s) dict_keys(['example_branch_dop_operator_v3']) retrieved from /home/airflow/.local/lib/python3.8/site-packages/airflow/example_dags/example_branch_python_dop_operator_3.py
[2025-12-11T00:43:00.032+0000] {logging_mixin.py:154} INFO - [2025-12-11T00:43:00.032+0000] {dag.py:2941} INFO - Sync 1 DAGs
[2025-12-11T00:43:00.047+0000] {logging_mixin.py:154} INFO - [2025-12-11T00:43:00.047+0000] {dag.py:3722} INFO - Setting next_dagrun for example_branch_dop_operator_v3 to 2025-12-11T00:42:00+00:00, run_after=2025-12-11T00:43:00+00:00
[2025-12-11T00:43:00.058+0000] {processor.py:179} INFO - Processing /home/airflow/.local/lib/python3.8/site-packages/airflow/example_dags/example_branch_python_dop_operator_3.py took 0.063 seconds
[2025-12-11T00:43:30.225+0000] {processor.py:157} INFO - Started process (PID=743) to work on /home/airflow/.local/lib/python3.8/site-packages/airflow/example_dags/example_branch_python_dop_operator_3.py
[2025-12-11T00:43:30.237+0000] {processor.py:829} INFO - Processing file /home/airflow/.local/lib/python3.8/site-packages/airflow/example_dags/example_branch_python_dop_operator_3.py for tasks to queue
[2025-12-11T00:43:30.238+0000] {logging_mixin.py:154} INFO - [2025-12-11T00:43:30.238+0000] {dagbag.py:536} INFO - Filling up the DagBag from /home/airflow/.local/lib/python3.8/site-packages/airflow/example_dags/example_branch_python_dop_operator_3.py
[2025-12-11T00:43:30.243+0000] {processor.py:839} INFO - DAG(s) dict_keys(['example_branch_dop_operator_v3']) retrieved from /home/airflow/.local/lib/python3.8/site-packages/airflow/example_dags/example_branch_python_dop_operator_3.py
[2025-12-11T00:43:30.259+0000] {logging_mixin.py:154} INFO - [2025-12-11T00:43:30.259+0000] {dag.py:2941} INFO - Sync 1 DAGs
[2025-12-11T00:43:30.274+0000] {logging_mixin.py:154} INFO - [2025-12-11T00:43:30.274+0000] {dag.py:3722} INFO - Setting next_dagrun for example_branch_dop_operator_v3 to 2025-12-11T00:42:00+00:00, run_after=2025-12-11T00:43:00+00:00
[2025-12-11T00:43:30.372+0000] {processor.py:179} INFO - Processing /home/airflow/.local/lib/python3.8/site-packages/airflow/example_dags/example_branch_python_dop_operator_3.py took 0.149 seconds
[2025-12-11T00:44:00.851+0000] {processor.py:157} INFO - Started process (PID=799) to work on /home/airflow/.local/lib/python3.8/site-packages/airflow/example_dags/example_branch_python_dop_operator_3.py
[2025-12-11T00:44:00.852+0000] {processor.py:829} INFO - Processing file /home/airflow/.local/lib/python3.8/site-packages/airflow/example_dags/example_branch_python_dop_operator_3.py for tasks to queue
[2025-12-11T00:44:00.854+0000] {logging_mixin.py:154} INFO - [2025-12-11T00:44:00.854+0000] {dagbag.py:536} INFO - Filling up the DagBag from /home/airflow/.local/lib/python3.8/site-packages/airflow/example_dags/example_branch_python_dop_operator_3.py
[2025-12-11T00:44:00.861+0000] {processor.py:839} INFO - DAG(s) dict_keys(['example_branch_dop_operator_v3']) retrieved from /home/airflow/.local/lib/python3.8/site-packages/airflow/example_dags/example_branch_python_dop_operator_3.py
[2025-12-11T00:44:00.879+0000] {logging_mixin.py:154} INFO - [2025-12-11T00:44:00.879+0000] {dag.py:2941} INFO - Sync 1 DAGs
[2025-12-11T00:44:00.895+0000] {logging_mixin.py:154} INFO - [2025-12-11T00:44:00.895+0000] {dag.py:3722} INFO - Setting next_dagrun for example_branch_dop_operator_v3 to 2025-12-11T00:43:00+00:00, run_after=2025-12-11T00:44:00+00:00
[2025-12-11T00:44:00.906+0000] {processor.py:179} INFO - Processing /home/airflow/.local/lib/python3.8/site-packages/airflow/example_dags/example_branch_python_dop_operator_3.py took 0.058 seconds
[2025-12-11T00:44:31.377+0000] {processor.py:157} INFO - Started process (PID=854) to work on /home/airflow/.local/lib/python3.8/site-packages/airflow/example_dags/example_branch_python_dop_operator_3.py
[2025-12-11T00:44:31.379+0000] {processor.py:829} INFO - Processing file /home/airflow/.local/lib/python3.8/site-packages/airflow/example_dags/example_branch_python_dop_operator_3.py for tasks to queue
[2025-12-11T00:44:31.380+0000] {logging_mixin.py:154} INFO - [2025-12-11T00:44:31.380+0000] {dagbag.py:536} INFO - Filling up the DagBag from /home/airflow/.local/lib/python3.8/site-packages/airflow/example_dags/example_branch_python_dop_operator_3.py
[2025-12-11T00:44:31.385+0000] {processor.py:839} INFO - DAG(s) dict_keys(['example_branch_dop_operator_v3']) retrieved from /home/airflow/.local/lib/python3.8/site-packages/airflow/example_dags/example_branch_python_dop_operator_3.py
[2025-12-11T00:44:31.397+0000] {logging_mixin.py:154} INFO - [2025-12-11T00:44:31.397+0000] {dag.py:2941} INFO - Sync 1 DAGs
[2025-12-11T00:44:31.413+0000] {logging_mixin.py:154} INFO - [2025-12-11T00:44:31.413+0000] {dag.py:3722} INFO - Setting next_dagrun for example_branch_dop_operator_v3 to 2025-12-11T00:43:00+00:00, run_after=2025-12-11T00:44:00+00:00
[2025-12-11T00:44:31.425+0000] {processor.py:179} INFO - Processing /home/airflow/.local/lib/python3.8/site-packages/airflow/example_dags/example_branch_python_dop_operator_3.py took 0.049 seconds
[2025-12-11T00:45:01.884+0000] {processor.py:157} INFO - Started process (PID=909) to work on /home/airflow/.local/lib/python3.8/site-packages/airflow/example_dags/example_branch_python_dop_operator_3.py
[2025-12-11T00:45:01.892+0000] {processor.py:829} INFO - Processing file /home/airflow/.local/lib/python3.8/site-packages/airflow/example_dags/example_branch_python_dop_operator_3.py for tasks to queue
[2025-12-11T00:45:01.894+0000] {logging_mixin.py:154} INFO - [2025-12-11T00:45:01.893+0000] {dagbag.py:536} INFO - Filling up the DagBag from /home/airflow/.local/lib/python3.8/site-packages/airflow/example_dags/example_branch_python_dop_operator_3.py
[2025-12-11T00:45:01.902+0000] {processor.py:839} INFO - DAG(s) dict_keys(['example_branch_dop_operator_v3']) retrieved from /home/airflow/.local/lib/python3.8/site-packages/airflow/example_dags/example_branch_python_dop_operator_3.py
[2025-12-11T00:45:01.917+0000] {logging_mixin.py:154} INFO - [2025-12-11T00:45:01.917+0000] {dag.py:2941} INFO - Sync 1 DAGs
[2025-12-11T00:45:01.932+0000] {logging_mixin.py:154} INFO - [2025-12-11T00:45:01.932+0000] {dag.py:3722} INFO - Setting next_dagrun for example_branch_dop_operator_v3 to 2025-12-11T00:44:00+00:00, run_after=2025-12-11T00:45:00+00:00
[2025-12-11T00:45:01.943+0000] {processor.py:179} INFO - Processing /home/airflow/.local/lib/python3.8/site-packages/airflow/example_dags/example_branch_python_dop_operator_3.py took 0.062 seconds
[2025-12-11T00:45:32.367+0000] {processor.py:157} INFO - Started process (PID=964) to work on /home/airflow/.local/lib/python3.8/site-packages/airflow/example_dags/example_branch_python_dop_operator_3.py
[2025-12-11T00:45:32.368+0000] {processor.py:829} INFO - Processing file /home/airflow/.local/lib/python3.8/site-packages/airflow/example_dags/example_branch_python_dop_operator_3.py for tasks to queue
[2025-12-11T00:45:32.369+0000] {logging_mixin.py:154} INFO - [2025-12-11T00:45:32.369+0000] {dagbag.py:536} INFO - Filling up the DagBag from /home/airflow/.local/lib/python3.8/site-packages/airflow/example_dags/example_branch_python_dop_operator_3.py
[2025-12-11T00:45:32.375+0000] {processor.py:839} INFO - DAG(s) dict_keys(['example_branch_dop_operator_v3']) retrieved from /home/airflow/.local/lib/python3.8/site-packages/airflow/example_dags/example_branch_python_dop_operator_3.py
[2025-12-11T00:45:32.387+0000] {logging_mixin.py:154} INFO - [2025-12-11T00:45:32.387+0000] {dag.py:2941} INFO - Sync 1 DAGs
[2025-12-11T00:45:32.402+0000] {logging_mixin.py:154} INFO - [2025-12-11T00:45:32.402+0000] {dag.py:3722} INFO - Setting next_dagrun for example_branch_dop_operator_v3 to 2025-12-11T00:44:00+00:00, run_after=2025-12-11T00:45:00+00:00
[2025-12-11T00:45:32.417+0000] {processor.py:179} INFO - Processing /home/airflow/.local/lib/python3.8/site-packages/airflow/example_dags/example_branch_python_dop_operator_3.py took 0.053 seconds
[2025-12-11T00:46:02.758+0000] {processor.py:157} INFO - Started process (PID=1019) to work on /home/airflow/.local/lib/python3.8/site-packages/airflow/example_dags/example_branch_python_dop_operator_3.py
[2025-12-11T00:46:02.759+0000] {processor.py:829} INFO - Processing file /home/airflow/.local/lib/python3.8/site-packages/airflow/example_dags/example_branch_python_dop_operator_3.py for tasks to queue
[2025-12-11T00:46:02.760+0000] {logging_mixin.py:154} INFO - [2025-12-11T00:46:02.760+0000] {dagbag.py:536} INFO - Filling up the DagBag from /home/airflow/.local/lib/python3.8/site-packages/airflow/example_dags/example_branch_python_dop_operator_3.py
[2025-12-11T00:46:02.766+0000] {processor.py:839} INFO - DAG(s) dict_keys(['example_branch_dop_operator_v3']) retrieved from /home/airflow/.local/lib/python3.8/site-packages/airflow/example_dags/example_branch_python_dop_operator_3.py
[2025-12-11T00:46:02.783+0000] {logging_mixin.py:154} INFO - [2025-12-11T00:46:02.783+0000] {dag.py:2941} INFO - Sync 1 DAGs
[2025-12-11T00:46:02.802+0000] {logging_mixin.py:154} INFO - [2025-12-11T00:46:02.802+0000] {dag.py:3722} INFO - Setting next_dagrun for example_branch_dop_operator_v3 to 2025-12-11T00:45:00+00:00, run_after=2025-12-11T00:46:00+00:00
[2025-12-11T00:46:02.834+0000] {processor.py:179} INFO - Processing /home/airflow/.local/lib/python3.8/site-packages/airflow/example_dags/example_branch_python_dop_operator_3.py took 0.078 seconds
[2025-12-11T00:46:33.351+0000] {processor.py:157} INFO - Started process (PID=1074) to work on /home/airflow/.local/lib/python3.8/site-packages/airflow/example_dags/example_branch_python_dop_operator_3.py
[2025-12-11T00:46:33.351+0000] {processor.py:829} INFO - Processing file /home/airflow/.local/lib/python3.8/site-packages/airflow/example_dags/example_branch_python_dop_operator_3.py for tasks to queue
[2025-12-11T00:46:33.353+0000] {logging_mixin.py:154} INFO - [2025-12-11T00:46:33.353+0000] {dagbag.py:536} INFO - Filling up the DagBag from /home/airflow/.local/lib/python3.8/site-packages/airflow/example_dags/example_branch_python_dop_operator_3.py
[2025-12-11T00:46:33.359+0000] {processor.py:839} INFO - DAG(s) dict_keys(['example_branch_dop_operator_v3']) retrieved from /home/airflow/.local/lib/python3.8/site-packages/airflow/example_dags/example_branch_python_dop_operator_3.py
[2025-12-11T00:46:33.377+0000] {logging_mixin.py:154} INFO - [2025-12-11T00:46:33.377+0000] {dag.py:2941} INFO - Sync 1 DAGs
[2025-12-11T00:46:33.394+0000] {logging_mixin.py:154} INFO - [2025-12-11T00:46:33.394+0000] {dag.py:3722} INFO - Setting next_dagrun for example_branch_dop_operator_v3 to 2025-12-11T00:45:00+00:00, run_after=2025-12-11T00:46:00+00:00
[2025-12-11T00:46:33.407+0000] {processor.py:179} INFO - Processing /home/airflow/.local/lib/python3.8/site-packages/airflow/example_dags/example_branch_python_dop_operator_3.py took 0.060 seconds
[2025-12-11T00:47:03.879+0000] {processor.py:157} INFO - Started process (PID=1129) to work on /home/airflow/.local/lib/python3.8/site-packages/airflow/example_dags/example_branch_python_dop_operator_3.py
[2025-12-11T00:47:03.881+0000] {processor.py:829} INFO - Processing file /home/airflow/.local/lib/python3.8/site-packages/airflow/example_dags/example_branch_python_dop_operator_3.py for tasks to queue
[2025-12-11T00:47:03.882+0000] {logging_mixin.py:154} INFO - [2025-12-11T00:47:03.882+0000] {dagbag.py:536} INFO - Filling up the DagBag from /home/airflow/.local/lib/python3.8/site-packages/airflow/example_dags/example_branch_python_dop_operator_3.py
[2025-12-11T00:47:03.890+0000] {processor.py:839} INFO - DAG(s) dict_keys(['example_branch_dop_operator_v3']) retrieved from /home/airflow/.local/lib/python3.8/site-packages/airflow/example_dags/example_branch_python_dop_operator_3.py
[2025-12-11T00:47:03.906+0000] {logging_mixin.py:154} INFO - [2025-12-11T00:47:03.906+0000] {dag.py:2941} INFO - Sync 1 DAGs
[2025-12-11T00:47:03.921+0000] {logging_mixin.py:154} INFO - [2025-12-11T00:47:03.921+0000] {dag.py:3722} INFO - Setting next_dagrun for example_branch_dop_operator_v3 to 2025-12-11T00:46:00+00:00, run_after=2025-12-11T00:47:00+00:00
[2025-12-11T00:47:03.933+0000] {processor.py:179} INFO - Processing /home/airflow/.local/lib/python3.8/site-packages/airflow/example_dags/example_branch_python_dop_operator_3.py took 0.057 seconds
[2025-12-11T00:47:34.609+0000] {processor.py:157} INFO - Started process (PID=1184) to work on /home/airflow/.local/lib/python3.8/site-packages/airflow/example_dags/example_branch_python_dop_operator_3.py
[2025-12-11T00:47:34.612+0000] {processor.py:829} INFO - Processing file /home/airflow/.local/lib/python3.8/site-packages/airflow/example_dags/example_branch_python_dop_operator_3.py for tasks to queue
[2025-12-11T00:47:34.613+0000] {logging_mixin.py:154} INFO - [2025-12-11T00:47:34.613+0000] {dagbag.py:536} INFO - Filling up the DagBag from /home/airflow/.local/lib/python3.8/site-packages/airflow/example_dags/example_branch_python_dop_operator_3.py
[2025-12-11T00:47:34.618+0000] {processor.py:839} INFO - DAG(s) dict_keys(['example_branch_dop_operator_v3']) retrieved from /home/airflow/.local/lib/python3.8/site-packages/airflow/example_dags/example_branch_python_dop_operator_3.py
[2025-12-11T00:47:34.631+0000] {logging_mixin.py:154} INFO - [2025-12-11T00:47:34.631+0000] {dag.py:2941} INFO - Sync 1 DAGs
[2025-12-11T00:47:34.646+0000] {logging_mixin.py:154} INFO - [2025-12-11T00:47:34.646+0000] {dag.py:3722} INFO - Setting next_dagrun for example_branch_dop_operator_v3 to 2025-12-11T00:46:00+00:00, run_after=2025-12-11T00:47:00+00:00
[2025-12-11T00:47:34.657+0000] {processor.py:179} INFO - Processing /home/airflow/.local/lib/python3.8/site-packages/airflow/example_dags/example_branch_python_dop_operator_3.py took 0.051 seconds
[2025-12-11T00:48:05.493+0000] {processor.py:157} INFO - Started process (PID=1239) to work on /home/airflow/.local/lib/python3.8/site-packages/airflow/example_dags/example_branch_python_dop_operator_3.py
[2025-12-11T00:48:05.494+0000] {processor.py:829} INFO - Processing file /home/airflow/.local/lib/python3.8/site-packages/airflow/example_dags/example_branch_python_dop_operator_3.py for tasks to queue
[2025-12-11T00:48:05.496+0000] {logging_mixin.py:154} INFO - [2025-12-11T00:48:05.496+0000] {dagbag.py:536} INFO - Filling up the DagBag from /home/airflow/.local/lib/python3.8/site-packages/airflow/example_dags/example_branch_python_dop_operator_3.py
[2025-12-11T00:48:05.509+0000] {processor.py:839} INFO - DAG(s) dict_keys(['example_branch_dop_operator_v3']) retrieved from /home/airflow/.local/lib/python3.8/site-packages/airflow/example_dags/example_branch_python_dop_operator_3.py
[2025-12-11T00:48:05.528+0000] {logging_mixin.py:154} INFO - [2025-12-11T00:48:05.528+0000] {dag.py:2941} INFO - Sync 1 DAGs
[2025-12-11T00:48:05.547+0000] {logging_mixin.py:154} INFO - [2025-12-11T00:48:05.547+0000] {dag.py:3722} INFO - Setting next_dagrun for example_branch_dop_operator_v3 to 2025-12-11T00:47:00+00:00, run_after=2025-12-11T00:48:00+00:00
[2025-12-11T00:48:05.563+0000] {processor.py:179} INFO - Processing /home/airflow/.local/lib/python3.8/site-packages/airflow/example_dags/example_branch_python_dop_operator_3.py took 0.075 seconds
[2025-12-11T00:48:35.668+0000] {processor.py:157} INFO - Started process (PID=1294) to work on /home/airflow/.local/lib/python3.8/site-packages/airflow/example_dags/example_branch_python_dop_operator_3.py
[2025-12-11T00:48:35.685+0000] {processor.py:829} INFO - Processing file /home/airflow/.local/lib/python3.8/site-packages/airflow/example_dags/example_branch_python_dop_operator_3.py for tasks to queue
[2025-12-11T00:48:35.687+0000] {logging_mixin.py:154} INFO - [2025-12-11T00:48:35.687+0000] {dagbag.py:536} INFO - Filling up the DagBag from /home/airflow/.local/lib/python3.8/site-packages/airflow/example_dags/example_branch_python_dop_operator_3.py
[2025-12-11T00:48:35.692+0000] {processor.py:839} INFO - DAG(s) dict_keys(['example_branch_dop_operator_v3']) retrieved from /home/airflow/.local/lib/python3.8/site-packages/airflow/example_dags/example_branch_python_dop_operator_3.py
[2025-12-11T00:48:35.705+0000] {logging_mixin.py:154} INFO - [2025-12-11T00:48:35.705+0000] {dag.py:2941} INFO - Sync 1 DAGs
[2025-12-11T00:48:35.721+0000] {logging_mixin.py:154} INFO - [2025-12-11T00:48:35.721+0000] {dag.py:3722} INFO - Setting next_dagrun for example_branch_dop_operator_v3 to 2025-12-11T00:47:00+00:00, run_after=2025-12-11T00:48:00+00:00
[2025-12-11T00:48:35.732+0000] {processor.py:179} INFO - Processing /home/airflow/.local/lib/python3.8/site-packages/airflow/example_dags/example_branch_python_dop_operator_3.py took 0.066 seconds
[2025-12-11T00:49:06.282+0000] {processor.py:157} INFO - Started process (PID=1349) to work on /home/airflow/.local/lib/python3.8/site-packages/airflow/example_dags/example_branch_python_dop_operator_3.py
[2025-12-11T00:49:06.286+0000] {processor.py:829} INFO - Processing file /home/airflow/.local/lib/python3.8/site-packages/airflow/example_dags/example_branch_python_dop_operator_3.py for tasks to queue
[2025-12-11T00:49:06.289+0000] {logging_mixin.py:154} INFO - [2025-12-11T00:49:06.289+0000] {dagbag.py:536} INFO - Filling up the DagBag from /home/airflow/.local/lib/python3.8/site-packages/airflow/example_dags/example_branch_python_dop_operator_3.py
[2025-12-11T00:49:06.299+0000] {processor.py:839} INFO - DAG(s) dict_keys(['example_branch_dop_operator_v3']) retrieved from /home/airflow/.local/lib/python3.8/site-packages/airflow/example_dags/example_branch_python_dop_operator_3.py
[2025-12-11T00:49:06.318+0000] {logging_mixin.py:154} INFO - [2025-12-11T00:49:06.318+0000] {dag.py:2941} INFO - Sync 1 DAGs
[2025-12-11T00:49:06.335+0000] {logging_mixin.py:154} INFO - [2025-12-11T00:49:06.335+0000] {dag.py:3722} INFO - Setting next_dagrun for example_branch_dop_operator_v3 to 2025-12-11T00:48:00+00:00, run_after=2025-12-11T00:49:00+00:00
[2025-12-11T00:49:06.348+0000] {processor.py:179} INFO - Processing /home/airflow/.local/lib/python3.8/site-packages/airflow/example_dags/example_branch_python_dop_operator_3.py took 0.069 seconds
[2025-12-11T00:49:36.542+0000] {processor.py:157} INFO - Started process (PID=1404) to work on /home/airflow/.local/lib/python3.8/site-packages/airflow/example_dags/example_branch_python_dop_operator_3.py
[2025-12-11T00:49:36.543+0000] {processor.py:829} INFO - Processing file /home/airflow/.local/lib/python3.8/site-packages/airflow/example_dags/example_branch_python_dop_operator_3.py for tasks to queue
[2025-12-11T00:49:36.544+0000] {logging_mixin.py:154} INFO - [2025-12-11T00:49:36.544+0000] {dagbag.py:536} INFO - Filling up the DagBag from /home/airflow/.local/lib/python3.8/site-packages/airflow/example_dags/example_branch_python_dop_operator_3.py
[2025-12-11T00:49:36.550+0000] {processor.py:839} INFO - DAG(s) dict_keys(['example_branch_dop_operator_v3']) retrieved from /home/airflow/.local/lib/python3.8/site-packages/airflow/example_dags/example_branch_python_dop_operator_3.py
[2025-12-11T00:49:36.562+0000] {logging_mixin.py:154} INFO - [2025-12-11T00:49:36.562+0000] {dag.py:2941} INFO - Sync 1 DAGs
[2025-12-11T00:49:36.579+0000] {logging_mixin.py:154} INFO - [2025-12-11T00:49:36.579+0000] {dag.py:3722} INFO - Setting next_dagrun for example_branch_dop_operator_v3 to 2025-12-11T00:48:00+00:00, run_after=2025-12-11T00:49:00+00:00
[2025-12-11T00:49:36.593+0000] {processor.py:179} INFO - Processing /home/airflow/.local/lib/python3.8/site-packages/airflow/example_dags/example_branch_python_dop_operator_3.py took 0.053 seconds
[2025-12-11T00:50:06.669+0000] {processor.py:157} INFO - Started process (PID=1459) to work on /home/airflow/.local/lib/python3.8/site-packages/airflow/example_dags/example_branch_python_dop_operator_3.py
[2025-12-11T00:50:06.670+0000] {processor.py:829} INFO - Processing file /home/airflow/.local/lib/python3.8/site-packages/airflow/example_dags/example_branch_python_dop_operator_3.py for tasks to queue
[2025-12-11T00:50:06.673+0000] {logging_mixin.py:154} INFO - [2025-12-11T00:50:06.673+0000] {dagbag.py:536} INFO - Filling up the DagBag from /home/airflow/.local/lib/python3.8/site-packages/airflow/example_dags/example_branch_python_dop_operator_3.py
[2025-12-11T00:50:06.679+0000] {processor.py:839} INFO - DAG(s) dict_keys(['example_branch_dop_operator_v3']) retrieved from /home/airflow/.local/lib/python3.8/site-packages/airflow/example_dags/example_branch_python_dop_operator_3.py
[2025-12-11T00:50:06.693+0000] {logging_mixin.py:154} INFO - [2025-12-11T00:50:06.692+0000] {dag.py:2941} INFO - Sync 1 DAGs
[2025-12-11T00:50:06.709+0000] {logging_mixin.py:154} INFO - [2025-12-11T00:50:06.709+0000] {dag.py:3722} INFO - Setting next_dagrun for example_branch_dop_operator_v3 to 2025-12-11T00:49:00+00:00, run_after=2025-12-11T00:50:00+00:00
[2025-12-11T00:50:06.729+0000] {processor.py:179} INFO - Processing /home/airflow/.local/lib/python3.8/site-packages/airflow/example_dags/example_branch_python_dop_operator_3.py took 0.062 seconds
[2025-12-11T00:50:36.981+0000] {processor.py:157} INFO - Started process (PID=1514) to work on /home/airflow/.local/lib/python3.8/site-packages/airflow/example_dags/example_branch_python_dop_operator_3.py
[2025-12-11T00:50:36.982+0000] {processor.py:829} INFO - Processing file /home/airflow/.local/lib/python3.8/site-packages/airflow/example_dags/example_branch_python_dop_operator_3.py for tasks to queue
[2025-12-11T00:50:36.985+0000] {logging_mixin.py:154} INFO - [2025-12-11T00:50:36.984+0000] {dagbag.py:536} INFO - Filling up the DagBag from /home/airflow/.local/lib/python3.8/site-packages/airflow/example_dags/example_branch_python_dop_operator_3.py
[2025-12-11T00:50:36.995+0000] {processor.py:839} INFO - DAG(s) dict_keys(['example_branch_dop_operator_v3']) retrieved from /home/airflow/.local/lib/python3.8/site-packages/airflow/example_dags/example_branch_python_dop_operator_3.py
[2025-12-11T00:50:37.020+0000] {logging_mixin.py:154} INFO - [2025-12-11T00:50:37.020+0000] {dag.py:2941} INFO - Sync 1 DAGs
[2025-12-11T00:50:37.039+0000] {logging_mixin.py:154} INFO - [2025-12-11T00:50:37.039+0000] {dag.py:3722} INFO - Setting next_dagrun for example_branch_dop_operator_v3 to 2025-12-11T00:49:00+00:00, run_after=2025-12-11T00:50:00+00:00
[2025-12-11T00:50:37.050+0000] {processor.py:179} INFO - Processing /home/airflow/.local/lib/python3.8/site-packages/airflow/example_dags/example_branch_python_dop_operator_3.py took 0.073 seconds
[2025-12-11T00:51:07.662+0000] {processor.py:157} INFO - Started process (PID=1569) to work on /home/airflow/.local/lib/python3.8/site-packages/airflow/example_dags/example_branch_python_dop_operator_3.py
[2025-12-11T00:51:07.664+0000] {processor.py:829} INFO - Processing file /home/airflow/.local/lib/python3.8/site-packages/airflow/example_dags/example_branch_python_dop_operator_3.py for tasks to queue
[2025-12-11T00:51:07.666+0000] {logging_mixin.py:154} INFO - [2025-12-11T00:51:07.666+0000] {dagbag.py:536} INFO - Filling up the DagBag from /home/airflow/.local/lib/python3.8/site-packages/airflow/example_dags/example_branch_python_dop_operator_3.py
[2025-12-11T00:51:07.673+0000] {processor.py:839} INFO - DAG(s) dict_keys(['example_branch_dop_operator_v3']) retrieved from /home/airflow/.local/lib/python3.8/site-packages/airflow/example_dags/example_branch_python_dop_operator_3.py
[2025-12-11T00:51:07.689+0000] {logging_mixin.py:154} INFO - [2025-12-11T00:51:07.689+0000] {dag.py:2941} INFO - Sync 1 DAGs
[2025-12-11T00:51:07.706+0000] {logging_mixin.py:154} INFO - [2025-12-11T00:51:07.706+0000] {dag.py:3722} INFO - Setting next_dagrun for example_branch_dop_operator_v3 to 2025-12-11T00:50:00+00:00, run_after=2025-12-11T00:51:00+00:00
[2025-12-11T00:51:07.787+0000] {processor.py:179} INFO - Processing /home/airflow/.local/lib/python3.8/site-packages/airflow/example_dags/example_branch_python_dop_operator_3.py took 0.129 seconds
[2025-12-11T00:51:37.821+0000] {processor.py:157} INFO - Started process (PID=1624) to work on /home/airflow/.local/lib/python3.8/site-packages/airflow/example_dags/example_branch_python_dop_operator_3.py
[2025-12-11T00:51:37.822+0000] {processor.py:829} INFO - Processing file /home/airflow/.local/lib/python3.8/site-packages/airflow/example_dags/example_branch_python_dop_operator_3.py for tasks to queue
[2025-12-11T00:51:37.823+0000] {logging_mixin.py:154} INFO - [2025-12-11T00:51:37.823+0000] {dagbag.py:536} INFO - Filling up the DagBag from /home/airflow/.local/lib/python3.8/site-packages/airflow/example_dags/example_branch_python_dop_operator_3.py
[2025-12-11T00:51:37.829+0000] {processor.py:839} INFO - DAG(s) dict_keys(['example_branch_dop_operator_v3']) retrieved from /home/airflow/.local/lib/python3.8/site-packages/airflow/example_dags/example_branch_python_dop_operator_3.py
[2025-12-11T00:51:37.843+0000] {logging_mixin.py:154} INFO - [2025-12-11T00:51:37.843+0000] {dag.py:2941} INFO - Sync 1 DAGs
[2025-12-11T00:51:37.861+0000] {logging_mixin.py:154} INFO - [2025-12-11T00:51:37.861+0000] {dag.py:3722} INFO - Setting next_dagrun for example_branch_dop_operator_v3 to 2025-12-11T00:50:00+00:00, run_after=2025-12-11T00:51:00+00:00
[2025-12-11T00:51:37.873+0000] {processor.py:179} INFO - Processing /home/airflow/.local/lib/python3.8/site-packages/airflow/example_dags/example_branch_python_dop_operator_3.py took 0.054 seconds
[2025-12-11T00:52:08.033+0000] {processor.py:157} INFO - Started process (PID=1679) to work on /home/airflow/.local/lib/python3.8/site-packages/airflow/example_dags/example_branch_python_dop_operator_3.py
[2025-12-11T00:52:08.034+0000] {processor.py:829} INFO - Processing file /home/airflow/.local/lib/python3.8/site-packages/airflow/example_dags/example_branch_python_dop_operator_3.py for tasks to queue
[2025-12-11T00:52:08.037+0000] {logging_mixin.py:154} INFO - [2025-12-11T00:52:08.037+0000] {dagbag.py:536} INFO - Filling up the DagBag from /home/airflow/.local/lib/python3.8/site-packages/airflow/example_dags/example_branch_python_dop_operator_3.py
[2025-12-11T00:52:08.042+0000] {processor.py:839} INFO - DAG(s) dict_keys(['example_branch_dop_operator_v3']) retrieved from /home/airflow/.local/lib/python3.8/site-packages/airflow/example_dags/example_branch_python_dop_operator_3.py
[2025-12-11T00:52:08.057+0000] {logging_mixin.py:154} INFO - [2025-12-11T00:52:08.057+0000] {dag.py:2941} INFO - Sync 1 DAGs
[2025-12-11T00:52:08.073+0000] {logging_mixin.py:154} INFO - [2025-12-11T00:52:08.072+0000] {dag.py:3722} INFO - Setting next_dagrun for example_branch_dop_operator_v3 to 2025-12-11T00:51:00+00:00, run_after=2025-12-11T00:52:00+00:00
[2025-12-11T00:52:08.084+0000] {processor.py:179} INFO - Processing /home/airflow/.local/lib/python3.8/site-packages/airflow/example_dags/example_branch_python_dop_operator_3.py took 0.054 seconds
[2025-12-11T00:52:38.315+0000] {processor.py:157} INFO - Started process (PID=1734) to work on /home/airflow/.local/lib/python3.8/site-packages/airflow/example_dags/example_branch_python_dop_operator_3.py
[2025-12-11T00:52:38.316+0000] {processor.py:829} INFO - Processing file /home/airflow/.local/lib/python3.8/site-packages/airflow/example_dags/example_branch_python_dop_operator_3.py for tasks to queue
[2025-12-11T00:52:38.318+0000] {logging_mixin.py:154} INFO - [2025-12-11T00:52:38.318+0000] {dagbag.py:536} INFO - Filling up the DagBag from /home/airflow/.local/lib/python3.8/site-packages/airflow/example_dags/example_branch_python_dop_operator_3.py
[2025-12-11T00:52:38.323+0000] {processor.py:839} INFO - DAG(s) dict_keys(['example_branch_dop_operator_v3']) retrieved from /home/airflow/.local/lib/python3.8/site-packages/airflow/example_dags/example_branch_python_dop_operator_3.py
[2025-12-11T00:52:38.338+0000] {logging_mixin.py:154} INFO - [2025-12-11T00:52:38.338+0000] {dag.py:2941} INFO - Sync 1 DAGs
[2025-12-11T00:52:38.355+0000] {logging_mixin.py:154} INFO - [2025-12-11T00:52:38.355+0000] {dag.py:3722} INFO - Setting next_dagrun for example_branch_dop_operator_v3 to 2025-12-11T00:51:00+00:00, run_after=2025-12-11T00:52:00+00:00
[2025-12-11T00:52:38.367+0000] {processor.py:179} INFO - Processing /home/airflow/.local/lib/python3.8/site-packages/airflow/example_dags/example_branch_python_dop_operator_3.py took 0.053 seconds
[2025-12-11T00:53:08.924+0000] {processor.py:157} INFO - Started process (PID=1789) to work on /home/airflow/.local/lib/python3.8/site-packages/airflow/example_dags/example_branch_python_dop_operator_3.py
[2025-12-11T00:53:08.925+0000] {processor.py:829} INFO - Processing file /home/airflow/.local/lib/python3.8/site-packages/airflow/example_dags/example_branch_python_dop_operator_3.py for tasks to queue
[2025-12-11T00:53:08.927+0000] {logging_mixin.py:154} INFO - [2025-12-11T00:53:08.927+0000] {dagbag.py:536} INFO - Filling up the DagBag from /home/airflow/.local/lib/python3.8/site-packages/airflow/example_dags/example_branch_python_dop_operator_3.py
[2025-12-11T00:53:08.932+0000] {processor.py:839} INFO - DAG(s) dict_keys(['example_branch_dop_operator_v3']) retrieved from /home/airflow/.local/lib/python3.8/site-packages/airflow/example_dags/example_branch_python_dop_operator_3.py
[2025-12-11T00:53:08.945+0000] {logging_mixin.py:154} INFO - [2025-12-11T00:53:08.945+0000] {dag.py:2941} INFO - Sync 1 DAGs
[2025-12-11T00:53:08.964+0000] {logging_mixin.py:154} INFO - [2025-12-11T00:53:08.964+0000] {dag.py:3722} INFO - Setting next_dagrun for example_branch_dop_operator_v3 to 2025-12-11T00:52:00+00:00, run_after=2025-12-11T00:53:00+00:00
[2025-12-11T00:53:08.979+0000] {processor.py:179} INFO - Processing /home/airflow/.local/lib/python3.8/site-packages/airflow/example_dags/example_branch_python_dop_operator_3.py took 0.059 seconds
[2025-12-11T00:53:39.385+0000] {processor.py:157} INFO - Started process (PID=1844) to work on /home/airflow/.local/lib/python3.8/site-packages/airflow/example_dags/example_branch_python_dop_operator_3.py
[2025-12-11T00:53:39.386+0000] {processor.py:829} INFO - Processing file /home/airflow/.local/lib/python3.8/site-packages/airflow/example_dags/example_branch_python_dop_operator_3.py for tasks to queue
[2025-12-11T00:53:39.387+0000] {logging_mixin.py:154} INFO - [2025-12-11T00:53:39.387+0000] {dagbag.py:536} INFO - Filling up the DagBag from /home/airflow/.local/lib/python3.8/site-packages/airflow/example_dags/example_branch_python_dop_operator_3.py
[2025-12-11T00:53:39.392+0000] {processor.py:839} INFO - DAG(s) dict_keys(['example_branch_dop_operator_v3']) retrieved from /home/airflow/.local/lib/python3.8/site-packages/airflow/example_dags/example_branch_python_dop_operator_3.py
[2025-12-11T00:53:39.406+0000] {logging_mixin.py:154} INFO - [2025-12-11T00:53:39.406+0000] {dag.py:2941} INFO - Sync 1 DAGs
[2025-12-11T00:53:39.422+0000] {logging_mixin.py:154} INFO - [2025-12-11T00:53:39.422+0000] {dag.py:3722} INFO - Setting next_dagrun for example_branch_dop_operator_v3 to 2025-12-11T00:52:00+00:00, run_after=2025-12-11T00:53:00+00:00
[2025-12-11T00:53:39.433+0000] {processor.py:179} INFO - Processing /home/airflow/.local/lib/python3.8/site-packages/airflow/example_dags/example_branch_python_dop_operator_3.py took 0.050 seconds
[2025-12-11T00:54:09.802+0000] {processor.py:157} INFO - Started process (PID=1900) to work on /home/airflow/.local/lib/python3.8/site-packages/airflow/example_dags/example_branch_python_dop_operator_3.py
[2025-12-11T00:54:09.803+0000] {processor.py:829} INFO - Processing file /home/airflow/.local/lib/python3.8/site-packages/airflow/example_dags/example_branch_python_dop_operator_3.py for tasks to queue
[2025-12-11T00:54:09.804+0000] {logging_mixin.py:154} INFO - [2025-12-11T00:54:09.804+0000] {dagbag.py:536} INFO - Filling up the DagBag from /home/airflow/.local/lib/python3.8/site-packages/airflow/example_dags/example_branch_python_dop_operator_3.py
[2025-12-11T00:54:09.810+0000] {processor.py:839} INFO - DAG(s) dict_keys(['example_branch_dop_operator_v3']) retrieved from /home/airflow/.local/lib/python3.8/site-packages/airflow/example_dags/example_branch_python_dop_operator_3.py
[2025-12-11T00:54:09.823+0000] {logging_mixin.py:154} INFO - [2025-12-11T00:54:09.823+0000] {dag.py:2941} INFO - Sync 1 DAGs
[2025-12-11T00:54:09.839+0000] {logging_mixin.py:154} INFO - [2025-12-11T00:54:09.838+0000] {dag.py:3722} INFO - Setting next_dagrun for example_branch_dop_operator_v3 to 2025-12-11T00:53:00+00:00, run_after=2025-12-11T00:54:00+00:00
[2025-12-11T00:54:09.850+0000] {processor.py:179} INFO - Processing /home/airflow/.local/lib/python3.8/site-packages/airflow/example_dags/example_branch_python_dop_operator_3.py took 0.050 seconds
[2025-12-11T00:54:40.204+0000] {processor.py:157} INFO - Started process (PID=1955) to work on /home/airflow/.local/lib/python3.8/site-packages/airflow/example_dags/example_branch_python_dop_operator_3.py
[2025-12-11T00:54:40.204+0000] {processor.py:829} INFO - Processing file /home/airflow/.local/lib/python3.8/site-packages/airflow/example_dags/example_branch_python_dop_operator_3.py for tasks to queue
[2025-12-11T00:54:40.207+0000] {logging_mixin.py:154} INFO - [2025-12-11T00:54:40.207+0000] {dagbag.py:536} INFO - Filling up the DagBag from /home/airflow/.local/lib/python3.8/site-packages/airflow/example_dags/example_branch_python_dop_operator_3.py
[2025-12-11T00:54:40.217+0000] {processor.py:839} INFO - DAG(s) dict_keys(['example_branch_dop_operator_v3']) retrieved from /home/airflow/.local/lib/python3.8/site-packages/airflow/example_dags/example_branch_python_dop_operator_3.py
[2025-12-11T00:54:40.236+0000] {logging_mixin.py:154} INFO - [2025-12-11T00:54:40.236+0000] {dag.py:2941} INFO - Sync 1 DAGs
[2025-12-11T00:54:40.252+0000] {logging_mixin.py:154} INFO - [2025-12-11T00:54:40.252+0000] {dag.py:3722} INFO - Setting next_dagrun for example_branch_dop_operator_v3 to 2025-12-11T00:53:00+00:00, run_after=2025-12-11T00:54:00+00:00
[2025-12-11T00:54:40.264+0000] {processor.py:179} INFO - Processing /home/airflow/.local/lib/python3.8/site-packages/airflow/example_dags/example_branch_python_dop_operator_3.py took 0.064 seconds
[2025-12-11T00:55:10.490+0000] {processor.py:157} INFO - Started process (PID=2010) to work on /home/airflow/.local/lib/python3.8/site-packages/airflow/example_dags/example_branch_python_dop_operator_3.py
[2025-12-11T00:55:10.493+0000] {processor.py:829} INFO - Processing file /home/airflow/.local/lib/python3.8/site-packages/airflow/example_dags/example_branch_python_dop_operator_3.py for tasks to queue
[2025-12-11T00:55:10.496+0000] {logging_mixin.py:154} INFO - [2025-12-11T00:55:10.496+0000] {dagbag.py:536} INFO - Filling up the DagBag from /home/airflow/.local/lib/python3.8/site-packages/airflow/example_dags/example_branch_python_dop_operator_3.py
[2025-12-11T00:55:10.502+0000] {processor.py:839} INFO - DAG(s) dict_keys(['example_branch_dop_operator_v3']) retrieved from /home/airflow/.local/lib/python3.8/site-packages/airflow/example_dags/example_branch_python_dop_operator_3.py
[2025-12-11T00:55:10.514+0000] {logging_mixin.py:154} INFO - [2025-12-11T00:55:10.514+0000] {dag.py:2941} INFO - Sync 1 DAGs
[2025-12-11T00:55:10.530+0000] {logging_mixin.py:154} INFO - [2025-12-11T00:55:10.530+0000] {dag.py:3722} INFO - Setting next_dagrun for example_branch_dop_operator_v3 to 2025-12-11T00:54:00+00:00, run_after=2025-12-11T00:55:00+00:00
[2025-12-11T00:55:10.541+0000] {processor.py:179} INFO - Processing /home/airflow/.local/lib/python3.8/site-packages/airflow/example_dags/example_branch_python_dop_operator_3.py took 0.055 seconds
