[2025-12-11T00:38:16.639+0000] {processor.py:157} INFO - Started process (PID=195) to work on /home/airflow/.local/lib/python3.8/site-packages/airflow/example_dags/example_params_ui_tutorial.py
[2025-12-11T00:38:16.640+0000] {processor.py:829} INFO - Processing file /home/airflow/.local/lib/python3.8/site-packages/airflow/example_dags/example_params_ui_tutorial.py for tasks to queue
[2025-12-11T00:38:16.641+0000] {logging_mixin.py:154} INFO - [2025-12-11T00:38:16.641+0000] {dagbag.py:536} INFO - Filling up the DagBag from /home/airflow/.local/lib/python3.8/site-packages/airflow/example_dags/example_params_ui_tutorial.py
[2025-12-11T00:38:16.660+0000] {processor.py:839} INFO - DAG(s) dict_keys(['example_params_ui_tutorial']) retrieved from /home/airflow/.local/lib/python3.8/site-packages/airflow/example_dags/example_params_ui_tutorial.py
[2025-12-11T00:38:16.670+0000] {logging_mixin.py:154} INFO - [2025-12-11T00:38:16.670+0000] {dag.py:2941} INFO - Sync 1 DAGs
[2025-12-11T00:38:16.683+0000] {logging_mixin.py:154} INFO - [2025-12-11T00:38:16.683+0000] {dag.py:3722} INFO - Setting next_dagrun for example_params_ui_tutorial to None, run_after=None
[2025-12-11T00:38:16.698+0000] {processor.py:179} INFO - Processing /home/airflow/.local/lib/python3.8/site-packages/airflow/example_dags/example_params_ui_tutorial.py took 0.061 seconds
[2025-12-11T00:38:46.890+0000] {processor.py:157} INFO - Started process (PID=254) to work on /home/airflow/.local/lib/python3.8/site-packages/airflow/example_dags/example_params_ui_tutorial.py
[2025-12-11T00:38:46.890+0000] {processor.py:829} INFO - Processing file /home/airflow/.local/lib/python3.8/site-packages/airflow/example_dags/example_params_ui_tutorial.py for tasks to queue
[2025-12-11T00:38:46.892+0000] {logging_mixin.py:154} INFO - [2025-12-11T00:38:46.892+0000] {dagbag.py:536} INFO - Filling up the DagBag from /home/airflow/.local/lib/python3.8/site-packages/airflow/example_dags/example_params_ui_tutorial.py
[2025-12-11T00:38:46.923+0000] {processor.py:839} INFO - DAG(s) dict_keys(['example_params_ui_tutorial']) retrieved from /home/airflow/.local/lib/python3.8/site-packages/airflow/example_dags/example_params_ui_tutorial.py
[2025-12-11T00:38:46.952+0000] {logging_mixin.py:154} INFO - [2025-12-11T00:38:46.952+0000] {dag.py:2941} INFO - Sync 1 DAGs
[2025-12-11T00:38:46.959+0000] {logging_mixin.py:154} INFO - [2025-12-11T00:38:46.959+0000] {dag.py:3722} INFO - Setting next_dagrun for example_params_ui_tutorial to None, run_after=None
[2025-12-11T00:38:47.097+0000] {processor.py:179} INFO - Processing /home/airflow/.local/lib/python3.8/site-packages/airflow/example_dags/example_params_ui_tutorial.py took 0.209 seconds
[2025-12-11T00:39:17.414+0000] {processor.py:157} INFO - Started process (PID=309) to work on /home/airflow/.local/lib/python3.8/site-packages/airflow/example_dags/example_params_ui_tutorial.py
[2025-12-11T00:39:17.415+0000] {processor.py:829} INFO - Processing file /home/airflow/.local/lib/python3.8/site-packages/airflow/example_dags/example_params_ui_tutorial.py for tasks to queue
[2025-12-11T00:39:17.416+0000] {logging_mixin.py:154} INFO - [2025-12-11T00:39:17.415+0000] {dagbag.py:536} INFO - Filling up the DagBag from /home/airflow/.local/lib/python3.8/site-packages/airflow/example_dags/example_params_ui_tutorial.py
[2025-12-11T00:39:17.434+0000] {processor.py:839} INFO - DAG(s) dict_keys(['example_params_ui_tutorial']) retrieved from /home/airflow/.local/lib/python3.8/site-packages/airflow/example_dags/example_params_ui_tutorial.py
[2025-12-11T00:39:17.463+0000] {logging_mixin.py:154} INFO - [2025-12-11T00:39:17.463+0000] {dag.py:2941} INFO - Sync 1 DAGs
[2025-12-11T00:39:17.469+0000] {logging_mixin.py:154} INFO - [2025-12-11T00:39:17.469+0000] {dag.py:3722} INFO - Setting next_dagrun for example_params_ui_tutorial to None, run_after=None
[2025-12-11T00:39:17.480+0000] {processor.py:179} INFO - Processing /home/airflow/.local/lib/python3.8/site-packages/airflow/example_dags/example_params_ui_tutorial.py took 0.067 seconds
[2025-12-11T00:39:47.682+0000] {processor.py:157} INFO - Started process (PID=364) to work on /home/airflow/.local/lib/python3.8/site-packages/airflow/example_dags/example_params_ui_tutorial.py
[2025-12-11T00:39:47.682+0000] {processor.py:829} INFO - Processing file /home/airflow/.local/lib/python3.8/site-packages/airflow/example_dags/example_params_ui_tutorial.py for tasks to queue
[2025-12-11T00:39:47.684+0000] {logging_mixin.py:154} INFO - [2025-12-11T00:39:47.684+0000] {dagbag.py:536} INFO - Filling up the DagBag from /home/airflow/.local/lib/python3.8/site-packages/airflow/example_dags/example_params_ui_tutorial.py
[2025-12-11T00:39:47.704+0000] {processor.py:839} INFO - DAG(s) dict_keys(['example_params_ui_tutorial']) retrieved from /home/airflow/.local/lib/python3.8/site-packages/airflow/example_dags/example_params_ui_tutorial.py
[2025-12-11T00:39:47.743+0000] {logging_mixin.py:154} INFO - [2025-12-11T00:39:47.742+0000] {dag.py:2941} INFO - Sync 1 DAGs
[2025-12-11T00:39:47.751+0000] {logging_mixin.py:154} INFO - [2025-12-11T00:39:47.751+0000] {dag.py:3722} INFO - Setting next_dagrun for example_params_ui_tutorial to None, run_after=None
[2025-12-11T00:39:47.780+0000] {processor.py:179} INFO - Processing /home/airflow/.local/lib/python3.8/site-packages/airflow/example_dags/example_params_ui_tutorial.py took 0.101 seconds
[2025-12-11T00:40:25.224+0000] {processor.py:157} INFO - Started process (PID=426) to work on /home/airflow/.local/lib/python3.8/site-packages/airflow/example_dags/example_params_ui_tutorial.py
[2025-12-11T00:40:25.225+0000] {processor.py:829} INFO - Processing file /home/airflow/.local/lib/python3.8/site-packages/airflow/example_dags/example_params_ui_tutorial.py for tasks to queue
[2025-12-11T00:40:25.226+0000] {logging_mixin.py:154} INFO - [2025-12-11T00:40:25.226+0000] {dagbag.py:536} INFO - Filling up the DagBag from /home/airflow/.local/lib/python3.8/site-packages/airflow/example_dags/example_params_ui_tutorial.py
[2025-12-11T00:40:25.247+0000] {processor.py:839} INFO - DAG(s) dict_keys(['example_params_ui_tutorial']) retrieved from /home/airflow/.local/lib/python3.8/site-packages/airflow/example_dags/example_params_ui_tutorial.py
[2025-12-11T00:40:25.281+0000] {logging_mixin.py:154} INFO - [2025-12-11T00:40:25.281+0000] {dag.py:2941} INFO - Sync 1 DAGs
[2025-12-11T00:40:25.290+0000] {logging_mixin.py:154} INFO - [2025-12-11T00:40:25.290+0000] {dag.py:3722} INFO - Setting next_dagrun for example_params_ui_tutorial to None, run_after=None
[2025-12-11T00:40:25.304+0000] {processor.py:179} INFO - Processing /home/airflow/.local/lib/python3.8/site-packages/airflow/example_dags/example_params_ui_tutorial.py took 0.084 seconds
[2025-12-11T00:40:55.965+0000] {processor.py:157} INFO - Started process (PID=481) to work on /home/airflow/.local/lib/python3.8/site-packages/airflow/example_dags/example_params_ui_tutorial.py
[2025-12-11T00:40:55.965+0000] {processor.py:829} INFO - Processing file /home/airflow/.local/lib/python3.8/site-packages/airflow/example_dags/example_params_ui_tutorial.py for tasks to queue
[2025-12-11T00:40:55.966+0000] {logging_mixin.py:154} INFO - [2025-12-11T00:40:55.966+0000] {dagbag.py:536} INFO - Filling up the DagBag from /home/airflow/.local/lib/python3.8/site-packages/airflow/example_dags/example_params_ui_tutorial.py
[2025-12-11T00:40:55.986+0000] {processor.py:839} INFO - DAG(s) dict_keys(['example_params_ui_tutorial']) retrieved from /home/airflow/.local/lib/python3.8/site-packages/airflow/example_dags/example_params_ui_tutorial.py
[2025-12-11T00:40:56.016+0000] {logging_mixin.py:154} INFO - [2025-12-11T00:40:56.016+0000] {dag.py:2941} INFO - Sync 1 DAGs
[2025-12-11T00:40:56.023+0000] {logging_mixin.py:154} INFO - [2025-12-11T00:40:56.023+0000] {dag.py:3722} INFO - Setting next_dagrun for example_params_ui_tutorial to None, run_after=None
[2025-12-11T00:40:56.034+0000] {processor.py:179} INFO - Processing /home/airflow/.local/lib/python3.8/site-packages/airflow/example_dags/example_params_ui_tutorial.py took 0.072 seconds
[2025-12-11T00:41:33.176+0000] {processor.py:157} INFO - Started process (PID=536) to work on /home/airflow/.local/lib/python3.8/site-packages/airflow/example_dags/example_params_ui_tutorial.py
[2025-12-11T00:41:33.177+0000] {processor.py:829} INFO - Processing file /home/airflow/.local/lib/python3.8/site-packages/airflow/example_dags/example_params_ui_tutorial.py for tasks to queue
[2025-12-11T00:41:33.179+0000] {logging_mixin.py:154} INFO - [2025-12-11T00:41:33.178+0000] {dagbag.py:536} INFO - Filling up the DagBag from /home/airflow/.local/lib/python3.8/site-packages/airflow/example_dags/example_params_ui_tutorial.py
[2025-12-11T00:41:33.202+0000] {processor.py:839} INFO - DAG(s) dict_keys(['example_params_ui_tutorial']) retrieved from /home/airflow/.local/lib/python3.8/site-packages/airflow/example_dags/example_params_ui_tutorial.py
[2025-12-11T00:41:33.235+0000] {logging_mixin.py:154} INFO - [2025-12-11T00:41:33.234+0000] {dag.py:2941} INFO - Sync 1 DAGs
[2025-12-11T00:41:33.242+0000] {logging_mixin.py:154} INFO - [2025-12-11T00:41:33.242+0000] {dag.py:3722} INFO - Setting next_dagrun for example_params_ui_tutorial to None, run_after=None
[2025-12-11T00:41:33.287+0000] {processor.py:179} INFO - Processing /home/airflow/.local/lib/python3.8/site-packages/airflow/example_dags/example_params_ui_tutorial.py took 0.113 seconds
[2025-12-11T00:42:05.882+0000] {processor.py:157} INFO - Started process (PID=591) to work on /home/airflow/.local/lib/python3.8/site-packages/airflow/example_dags/example_params_ui_tutorial.py
[2025-12-11T00:42:05.884+0000] {processor.py:829} INFO - Processing file /home/airflow/.local/lib/python3.8/site-packages/airflow/example_dags/example_params_ui_tutorial.py for tasks to queue
[2025-12-11T00:42:05.886+0000] {logging_mixin.py:154} INFO - [2025-12-11T00:42:05.885+0000] {dagbag.py:536} INFO - Filling up the DagBag from /home/airflow/.local/lib/python3.8/site-packages/airflow/example_dags/example_params_ui_tutorial.py
[2025-12-11T00:42:05.907+0000] {processor.py:839} INFO - DAG(s) dict_keys(['example_params_ui_tutorial']) retrieved from /home/airflow/.local/lib/python3.8/site-packages/airflow/example_dags/example_params_ui_tutorial.py
[2025-12-11T00:42:05.947+0000] {logging_mixin.py:154} INFO - [2025-12-11T00:42:05.946+0000] {dag.py:2941} INFO - Sync 1 DAGs
[2025-12-11T00:42:05.957+0000] {logging_mixin.py:154} INFO - [2025-12-11T00:42:05.957+0000] {dag.py:3722} INFO - Setting next_dagrun for example_params_ui_tutorial to None, run_after=None
[2025-12-11T00:42:05.984+0000] {processor.py:179} INFO - Processing /home/airflow/.local/lib/python3.8/site-packages/airflow/example_dags/example_params_ui_tutorial.py took 0.104 seconds
[2025-12-11T00:42:36.739+0000] {processor.py:157} INFO - Started process (PID=646) to work on /home/airflow/.local/lib/python3.8/site-packages/airflow/example_dags/example_params_ui_tutorial.py
[2025-12-11T00:42:36.740+0000] {processor.py:829} INFO - Processing file /home/airflow/.local/lib/python3.8/site-packages/airflow/example_dags/example_params_ui_tutorial.py for tasks to queue
[2025-12-11T00:42:36.741+0000] {logging_mixin.py:154} INFO - [2025-12-11T00:42:36.740+0000] {dagbag.py:536} INFO - Filling up the DagBag from /home/airflow/.local/lib/python3.8/site-packages/airflow/example_dags/example_params_ui_tutorial.py
[2025-12-11T00:42:36.763+0000] {processor.py:839} INFO - DAG(s) dict_keys(['example_params_ui_tutorial']) retrieved from /home/airflow/.local/lib/python3.8/site-packages/airflow/example_dags/example_params_ui_tutorial.py
[2025-12-11T00:42:36.794+0000] {logging_mixin.py:154} INFO - [2025-12-11T00:42:36.794+0000] {dag.py:2941} INFO - Sync 1 DAGs
[2025-12-11T00:42:36.801+0000] {logging_mixin.py:154} INFO - [2025-12-11T00:42:36.801+0000] {dag.py:3722} INFO - Setting next_dagrun for example_params_ui_tutorial to None, run_after=None
[2025-12-11T00:42:36.811+0000] {processor.py:179} INFO - Processing /home/airflow/.local/lib/python3.8/site-packages/airflow/example_dags/example_params_ui_tutorial.py took 0.074 seconds
[2025-12-11T00:43:07.558+0000] {processor.py:157} INFO - Started process (PID=701) to work on /home/airflow/.local/lib/python3.8/site-packages/airflow/example_dags/example_params_ui_tutorial.py
[2025-12-11T00:43:07.558+0000] {processor.py:829} INFO - Processing file /home/airflow/.local/lib/python3.8/site-packages/airflow/example_dags/example_params_ui_tutorial.py for tasks to queue
[2025-12-11T00:43:07.559+0000] {logging_mixin.py:154} INFO - [2025-12-11T00:43:07.559+0000] {dagbag.py:536} INFO - Filling up the DagBag from /home/airflow/.local/lib/python3.8/site-packages/airflow/example_dags/example_params_ui_tutorial.py
[2025-12-11T00:43:07.576+0000] {processor.py:839} INFO - DAG(s) dict_keys(['example_params_ui_tutorial']) retrieved from /home/airflow/.local/lib/python3.8/site-packages/airflow/example_dags/example_params_ui_tutorial.py
[2025-12-11T00:43:07.604+0000] {logging_mixin.py:154} INFO - [2025-12-11T00:43:07.604+0000] {dag.py:2941} INFO - Sync 1 DAGs
[2025-12-11T00:43:07.611+0000] {logging_mixin.py:154} INFO - [2025-12-11T00:43:07.611+0000] {dag.py:3722} INFO - Setting next_dagrun for example_params_ui_tutorial to None, run_after=None
[2025-12-11T00:43:07.621+0000] {processor.py:179} INFO - Processing /home/airflow/.local/lib/python3.8/site-packages/airflow/example_dags/example_params_ui_tutorial.py took 0.066 seconds
[2025-12-11T00:43:38.585+0000] {processor.py:157} INFO - Started process (PID=756) to work on /home/airflow/.local/lib/python3.8/site-packages/airflow/example_dags/example_params_ui_tutorial.py
[2025-12-11T00:43:38.586+0000] {processor.py:829} INFO - Processing file /home/airflow/.local/lib/python3.8/site-packages/airflow/example_dags/example_params_ui_tutorial.py for tasks to queue
[2025-12-11T00:43:38.588+0000] {logging_mixin.py:154} INFO - [2025-12-11T00:43:38.588+0000] {dagbag.py:536} INFO - Filling up the DagBag from /home/airflow/.local/lib/python3.8/site-packages/airflow/example_dags/example_params_ui_tutorial.py
[2025-12-11T00:43:38.613+0000] {processor.py:839} INFO - DAG(s) dict_keys(['example_params_ui_tutorial']) retrieved from /home/airflow/.local/lib/python3.8/site-packages/airflow/example_dags/example_params_ui_tutorial.py
[2025-12-11T00:43:38.642+0000] {logging_mixin.py:154} INFO - [2025-12-11T00:43:38.641+0000] {dag.py:2941} INFO - Sync 1 DAGs
[2025-12-11T00:43:38.649+0000] {logging_mixin.py:154} INFO - [2025-12-11T00:43:38.648+0000] {dag.py:3722} INFO - Setting next_dagrun for example_params_ui_tutorial to None, run_after=None
[2025-12-11T00:43:38.659+0000] {processor.py:179} INFO - Processing /home/airflow/.local/lib/python3.8/site-packages/airflow/example_dags/example_params_ui_tutorial.py took 0.078 seconds
[2025-12-11T00:44:09.279+0000] {processor.py:157} INFO - Started process (PID=812) to work on /home/airflow/.local/lib/python3.8/site-packages/airflow/example_dags/example_params_ui_tutorial.py
[2025-12-11T00:44:09.280+0000] {processor.py:829} INFO - Processing file /home/airflow/.local/lib/python3.8/site-packages/airflow/example_dags/example_params_ui_tutorial.py for tasks to queue
[2025-12-11T00:44:09.281+0000] {logging_mixin.py:154} INFO - [2025-12-11T00:44:09.281+0000] {dagbag.py:536} INFO - Filling up the DagBag from /home/airflow/.local/lib/python3.8/site-packages/airflow/example_dags/example_params_ui_tutorial.py
[2025-12-11T00:44:09.299+0000] {processor.py:839} INFO - DAG(s) dict_keys(['example_params_ui_tutorial']) retrieved from /home/airflow/.local/lib/python3.8/site-packages/airflow/example_dags/example_params_ui_tutorial.py
[2025-12-11T00:44:09.328+0000] {logging_mixin.py:154} INFO - [2025-12-11T00:44:09.328+0000] {dag.py:2941} INFO - Sync 1 DAGs
[2025-12-11T00:44:09.335+0000] {logging_mixin.py:154} INFO - [2025-12-11T00:44:09.335+0000] {dag.py:3722} INFO - Setting next_dagrun for example_params_ui_tutorial to None, run_after=None
[2025-12-11T00:44:09.345+0000] {processor.py:179} INFO - Processing /home/airflow/.local/lib/python3.8/site-packages/airflow/example_dags/example_params_ui_tutorial.py took 0.069 seconds
[2025-12-11T00:44:39.797+0000] {processor.py:157} INFO - Started process (PID=867) to work on /home/airflow/.local/lib/python3.8/site-packages/airflow/example_dags/example_params_ui_tutorial.py
[2025-12-11T00:44:39.798+0000] {processor.py:829} INFO - Processing file /home/airflow/.local/lib/python3.8/site-packages/airflow/example_dags/example_params_ui_tutorial.py for tasks to queue
[2025-12-11T00:44:39.799+0000] {logging_mixin.py:154} INFO - [2025-12-11T00:44:39.799+0000] {dagbag.py:536} INFO - Filling up the DagBag from /home/airflow/.local/lib/python3.8/site-packages/airflow/example_dags/example_params_ui_tutorial.py
[2025-12-11T00:44:39.817+0000] {processor.py:839} INFO - DAG(s) dict_keys(['example_params_ui_tutorial']) retrieved from /home/airflow/.local/lib/python3.8/site-packages/airflow/example_dags/example_params_ui_tutorial.py
[2025-12-11T00:44:39.851+0000] {logging_mixin.py:154} INFO - [2025-12-11T00:44:39.851+0000] {dag.py:2941} INFO - Sync 1 DAGs
[2025-12-11T00:44:39.858+0000] {logging_mixin.py:154} INFO - [2025-12-11T00:44:39.858+0000] {dag.py:3722} INFO - Setting next_dagrun for example_params_ui_tutorial to None, run_after=None
[2025-12-11T00:44:39.869+0000] {processor.py:179} INFO - Processing /home/airflow/.local/lib/python3.8/site-packages/airflow/example_dags/example_params_ui_tutorial.py took 0.075 seconds
[2025-12-11T00:45:10.234+0000] {processor.py:157} INFO - Started process (PID=922) to work on /home/airflow/.local/lib/python3.8/site-packages/airflow/example_dags/example_params_ui_tutorial.py
[2025-12-11T00:45:10.235+0000] {processor.py:829} INFO - Processing file /home/airflow/.local/lib/python3.8/site-packages/airflow/example_dags/example_params_ui_tutorial.py for tasks to queue
[2025-12-11T00:45:10.237+0000] {logging_mixin.py:154} INFO - [2025-12-11T00:45:10.237+0000] {dagbag.py:536} INFO - Filling up the DagBag from /home/airflow/.local/lib/python3.8/site-packages/airflow/example_dags/example_params_ui_tutorial.py
[2025-12-11T00:45:10.258+0000] {processor.py:839} INFO - DAG(s) dict_keys(['example_params_ui_tutorial']) retrieved from /home/airflow/.local/lib/python3.8/site-packages/airflow/example_dags/example_params_ui_tutorial.py
[2025-12-11T00:45:10.287+0000] {logging_mixin.py:154} INFO - [2025-12-11T00:45:10.287+0000] {dag.py:2941} INFO - Sync 1 DAGs
[2025-12-11T00:45:10.295+0000] {logging_mixin.py:154} INFO - [2025-12-11T00:45:10.295+0000] {dag.py:3722} INFO - Setting next_dagrun for example_params_ui_tutorial to None, run_after=None
[2025-12-11T00:45:10.306+0000] {processor.py:179} INFO - Processing /home/airflow/.local/lib/python3.8/site-packages/airflow/example_dags/example_params_ui_tutorial.py took 0.075 seconds
[2025-12-11T00:45:40.707+0000] {processor.py:157} INFO - Started process (PID=977) to work on /home/airflow/.local/lib/python3.8/site-packages/airflow/example_dags/example_params_ui_tutorial.py
[2025-12-11T00:45:40.708+0000] {processor.py:829} INFO - Processing file /home/airflow/.local/lib/python3.8/site-packages/airflow/example_dags/example_params_ui_tutorial.py for tasks to queue
[2025-12-11T00:45:40.709+0000] {logging_mixin.py:154} INFO - [2025-12-11T00:45:40.709+0000] {dagbag.py:536} INFO - Filling up the DagBag from /home/airflow/.local/lib/python3.8/site-packages/airflow/example_dags/example_params_ui_tutorial.py
[2025-12-11T00:45:40.736+0000] {processor.py:839} INFO - DAG(s) dict_keys(['example_params_ui_tutorial']) retrieved from /home/airflow/.local/lib/python3.8/site-packages/airflow/example_dags/example_params_ui_tutorial.py
[2025-12-11T00:45:40.771+0000] {logging_mixin.py:154} INFO - [2025-12-11T00:45:40.771+0000] {dag.py:2941} INFO - Sync 1 DAGs
[2025-12-11T00:45:40.780+0000] {logging_mixin.py:154} INFO - [2025-12-11T00:45:40.780+0000] {dag.py:3722} INFO - Setting next_dagrun for example_params_ui_tutorial to None, run_after=None
[2025-12-11T00:45:40.798+0000] {processor.py:179} INFO - Processing /home/airflow/.local/lib/python3.8/site-packages/airflow/example_dags/example_params_ui_tutorial.py took 0.092 seconds
[2025-12-11T00:46:11.189+0000] {processor.py:157} INFO - Started process (PID=1032) to work on /home/airflow/.local/lib/python3.8/site-packages/airflow/example_dags/example_params_ui_tutorial.py
[2025-12-11T00:46:11.190+0000] {processor.py:829} INFO - Processing file /home/airflow/.local/lib/python3.8/site-packages/airflow/example_dags/example_params_ui_tutorial.py for tasks to queue
[2025-12-11T00:46:11.191+0000] {logging_mixin.py:154} INFO - [2025-12-11T00:46:11.191+0000] {dagbag.py:536} INFO - Filling up the DagBag from /home/airflow/.local/lib/python3.8/site-packages/airflow/example_dags/example_params_ui_tutorial.py
[2025-12-11T00:46:11.221+0000] {processor.py:839} INFO - DAG(s) dict_keys(['example_params_ui_tutorial']) retrieved from /home/airflow/.local/lib/python3.8/site-packages/airflow/example_dags/example_params_ui_tutorial.py
[2025-12-11T00:46:11.253+0000] {logging_mixin.py:154} INFO - [2025-12-11T00:46:11.253+0000] {dag.py:2941} INFO - Sync 1 DAGs
[2025-12-11T00:46:11.260+0000] {logging_mixin.py:154} INFO - [2025-12-11T00:46:11.260+0000] {dag.py:3722} INFO - Setting next_dagrun for example_params_ui_tutorial to None, run_after=None
[2025-12-11T00:46:11.270+0000] {processor.py:179} INFO - Processing /home/airflow/.local/lib/python3.8/site-packages/airflow/example_dags/example_params_ui_tutorial.py took 0.085 seconds
[2025-12-11T00:46:41.796+0000] {processor.py:157} INFO - Started process (PID=1087) to work on /home/airflow/.local/lib/python3.8/site-packages/airflow/example_dags/example_params_ui_tutorial.py
[2025-12-11T00:46:41.797+0000] {processor.py:829} INFO - Processing file /home/airflow/.local/lib/python3.8/site-packages/airflow/example_dags/example_params_ui_tutorial.py for tasks to queue
[2025-12-11T00:46:41.799+0000] {logging_mixin.py:154} INFO - [2025-12-11T00:46:41.798+0000] {dagbag.py:536} INFO - Filling up the DagBag from /home/airflow/.local/lib/python3.8/site-packages/airflow/example_dags/example_params_ui_tutorial.py
[2025-12-11T00:46:41.819+0000] {processor.py:839} INFO - DAG(s) dict_keys(['example_params_ui_tutorial']) retrieved from /home/airflow/.local/lib/python3.8/site-packages/airflow/example_dags/example_params_ui_tutorial.py
[2025-12-11T00:46:41.850+0000] {logging_mixin.py:154} INFO - [2025-12-11T00:46:41.850+0000] {dag.py:2941} INFO - Sync 1 DAGs
[2025-12-11T00:46:41.857+0000] {logging_mixin.py:154} INFO - [2025-12-11T00:46:41.857+0000] {dag.py:3722} INFO - Setting next_dagrun for example_params_ui_tutorial to None, run_after=None
[2025-12-11T00:46:41.868+0000] {processor.py:179} INFO - Processing /home/airflow/.local/lib/python3.8/site-packages/airflow/example_dags/example_params_ui_tutorial.py took 0.074 seconds
[2025-12-11T00:47:12.370+0000] {processor.py:157} INFO - Started process (PID=1142) to work on /home/airflow/.local/lib/python3.8/site-packages/airflow/example_dags/example_params_ui_tutorial.py
[2025-12-11T00:47:12.371+0000] {processor.py:829} INFO - Processing file /home/airflow/.local/lib/python3.8/site-packages/airflow/example_dags/example_params_ui_tutorial.py for tasks to queue
[2025-12-11T00:47:12.373+0000] {logging_mixin.py:154} INFO - [2025-12-11T00:47:12.373+0000] {dagbag.py:536} INFO - Filling up the DagBag from /home/airflow/.local/lib/python3.8/site-packages/airflow/example_dags/example_params_ui_tutorial.py
[2025-12-11T00:47:12.396+0000] {processor.py:839} INFO - DAG(s) dict_keys(['example_params_ui_tutorial']) retrieved from /home/airflow/.local/lib/python3.8/site-packages/airflow/example_dags/example_params_ui_tutorial.py
[2025-12-11T00:47:12.427+0000] {logging_mixin.py:154} INFO - [2025-12-11T00:47:12.427+0000] {dag.py:2941} INFO - Sync 1 DAGs
[2025-12-11T00:47:12.434+0000] {logging_mixin.py:154} INFO - [2025-12-11T00:47:12.434+0000] {dag.py:3722} INFO - Setting next_dagrun for example_params_ui_tutorial to None, run_after=None
[2025-12-11T00:47:12.445+0000] {processor.py:179} INFO - Processing /home/airflow/.local/lib/python3.8/site-packages/airflow/example_dags/example_params_ui_tutorial.py took 0.079 seconds
[2025-12-11T00:47:43.017+0000] {processor.py:157} INFO - Started process (PID=1197) to work on /home/airflow/.local/lib/python3.8/site-packages/airflow/example_dags/example_params_ui_tutorial.py
[2025-12-11T00:47:43.019+0000] {processor.py:829} INFO - Processing file /home/airflow/.local/lib/python3.8/site-packages/airflow/example_dags/example_params_ui_tutorial.py for tasks to queue
[2025-12-11T00:47:43.021+0000] {logging_mixin.py:154} INFO - [2025-12-11T00:47:43.021+0000] {dagbag.py:536} INFO - Filling up the DagBag from /home/airflow/.local/lib/python3.8/site-packages/airflow/example_dags/example_params_ui_tutorial.py
[2025-12-11T00:47:43.039+0000] {processor.py:839} INFO - DAG(s) dict_keys(['example_params_ui_tutorial']) retrieved from /home/airflow/.local/lib/python3.8/site-packages/airflow/example_dags/example_params_ui_tutorial.py
[2025-12-11T00:47:43.069+0000] {logging_mixin.py:154} INFO - [2025-12-11T00:47:43.069+0000] {dag.py:2941} INFO - Sync 1 DAGs
[2025-12-11T00:47:43.079+0000] {logging_mixin.py:154} INFO - [2025-12-11T00:47:43.079+0000] {dag.py:3722} INFO - Setting next_dagrun for example_params_ui_tutorial to None, run_after=None
[2025-12-11T00:47:43.094+0000] {processor.py:179} INFO - Processing /home/airflow/.local/lib/python3.8/site-packages/airflow/example_dags/example_params_ui_tutorial.py took 0.080 seconds
[2025-12-11T00:48:13.217+0000] {processor.py:157} INFO - Started process (PID=1252) to work on /home/airflow/.local/lib/python3.8/site-packages/airflow/example_dags/example_params_ui_tutorial.py
[2025-12-11T00:48:13.218+0000] {processor.py:829} INFO - Processing file /home/airflow/.local/lib/python3.8/site-packages/airflow/example_dags/example_params_ui_tutorial.py for tasks to queue
[2025-12-11T00:48:13.221+0000] {logging_mixin.py:154} INFO - [2025-12-11T00:48:13.220+0000] {dagbag.py:536} INFO - Filling up the DagBag from /home/airflow/.local/lib/python3.8/site-packages/airflow/example_dags/example_params_ui_tutorial.py
[2025-12-11T00:48:13.247+0000] {processor.py:839} INFO - DAG(s) dict_keys(['example_params_ui_tutorial']) retrieved from /home/airflow/.local/lib/python3.8/site-packages/airflow/example_dags/example_params_ui_tutorial.py
[2025-12-11T00:48:13.279+0000] {logging_mixin.py:154} INFO - [2025-12-11T00:48:13.279+0000] {dag.py:2941} INFO - Sync 1 DAGs
[2025-12-11T00:48:13.287+0000] {logging_mixin.py:154} INFO - [2025-12-11T00:48:13.286+0000] {dag.py:3722} INFO - Setting next_dagrun for example_params_ui_tutorial to None, run_after=None
[2025-12-11T00:48:13.296+0000] {processor.py:179} INFO - Processing /home/airflow/.local/lib/python3.8/site-packages/airflow/example_dags/example_params_ui_tutorial.py took 0.082 seconds
[2025-12-11T00:48:44.079+0000] {processor.py:157} INFO - Started process (PID=1307) to work on /home/airflow/.local/lib/python3.8/site-packages/airflow/example_dags/example_params_ui_tutorial.py
[2025-12-11T00:48:44.080+0000] {processor.py:829} INFO - Processing file /home/airflow/.local/lib/python3.8/site-packages/airflow/example_dags/example_params_ui_tutorial.py for tasks to queue
[2025-12-11T00:48:44.081+0000] {logging_mixin.py:154} INFO - [2025-12-11T00:48:44.081+0000] {dagbag.py:536} INFO - Filling up the DagBag from /home/airflow/.local/lib/python3.8/site-packages/airflow/example_dags/example_params_ui_tutorial.py
[2025-12-11T00:48:44.100+0000] {processor.py:839} INFO - DAG(s) dict_keys(['example_params_ui_tutorial']) retrieved from /home/airflow/.local/lib/python3.8/site-packages/airflow/example_dags/example_params_ui_tutorial.py
[2025-12-11T00:48:44.131+0000] {logging_mixin.py:154} INFO - [2025-12-11T00:48:44.131+0000] {dag.py:2941} INFO - Sync 1 DAGs
[2025-12-11T00:48:44.138+0000] {logging_mixin.py:154} INFO - [2025-12-11T00:48:44.138+0000] {dag.py:3722} INFO - Setting next_dagrun for example_params_ui_tutorial to None, run_after=None
[2025-12-11T00:48:44.151+0000] {processor.py:179} INFO - Processing /home/airflow/.local/lib/python3.8/site-packages/airflow/example_dags/example_params_ui_tutorial.py took 0.074 seconds
[2025-12-11T00:49:14.678+0000] {processor.py:157} INFO - Started process (PID=1362) to work on /home/airflow/.local/lib/python3.8/site-packages/airflow/example_dags/example_params_ui_tutorial.py
[2025-12-11T00:49:14.685+0000] {processor.py:829} INFO - Processing file /home/airflow/.local/lib/python3.8/site-packages/airflow/example_dags/example_params_ui_tutorial.py for tasks to queue
[2025-12-11T00:49:14.687+0000] {logging_mixin.py:154} INFO - [2025-12-11T00:49:14.687+0000] {dagbag.py:536} INFO - Filling up the DagBag from /home/airflow/.local/lib/python3.8/site-packages/airflow/example_dags/example_params_ui_tutorial.py
[2025-12-11T00:49:14.751+0000] {processor.py:839} INFO - DAG(s) dict_keys(['example_params_ui_tutorial']) retrieved from /home/airflow/.local/lib/python3.8/site-packages/airflow/example_dags/example_params_ui_tutorial.py
[2025-12-11T00:49:14.788+0000] {logging_mixin.py:154} INFO - [2025-12-11T00:49:14.787+0000] {dag.py:2941} INFO - Sync 1 DAGs
[2025-12-11T00:49:14.795+0000] {logging_mixin.py:154} INFO - [2025-12-11T00:49:14.795+0000] {dag.py:3722} INFO - Setting next_dagrun for example_params_ui_tutorial to None, run_after=None
[2025-12-11T00:49:14.843+0000] {processor.py:179} INFO - Processing /home/airflow/.local/lib/python3.8/site-packages/airflow/example_dags/example_params_ui_tutorial.py took 0.168 seconds
[2025-12-11T00:49:44.966+0000] {processor.py:157} INFO - Started process (PID=1417) to work on /home/airflow/.local/lib/python3.8/site-packages/airflow/example_dags/example_params_ui_tutorial.py
[2025-12-11T00:49:44.967+0000] {processor.py:829} INFO - Processing file /home/airflow/.local/lib/python3.8/site-packages/airflow/example_dags/example_params_ui_tutorial.py for tasks to queue
[2025-12-11T00:49:44.968+0000] {logging_mixin.py:154} INFO - [2025-12-11T00:49:44.968+0000] {dagbag.py:536} INFO - Filling up the DagBag from /home/airflow/.local/lib/python3.8/site-packages/airflow/example_dags/example_params_ui_tutorial.py
[2025-12-11T00:49:44.990+0000] {processor.py:839} INFO - DAG(s) dict_keys(['example_params_ui_tutorial']) retrieved from /home/airflow/.local/lib/python3.8/site-packages/airflow/example_dags/example_params_ui_tutorial.py
[2025-12-11T00:49:45.028+0000] {logging_mixin.py:154} INFO - [2025-12-11T00:49:45.028+0000] {dag.py:2941} INFO - Sync 1 DAGs
[2025-12-11T00:49:45.036+0000] {logging_mixin.py:154} INFO - [2025-12-11T00:49:45.036+0000] {dag.py:3722} INFO - Setting next_dagrun for example_params_ui_tutorial to None, run_after=None
[2025-12-11T00:49:45.047+0000] {processor.py:179} INFO - Processing /home/airflow/.local/lib/python3.8/site-packages/airflow/example_dags/example_params_ui_tutorial.py took 0.083 seconds
[2025-12-11T00:50:15.145+0000] {processor.py:157} INFO - Started process (PID=1472) to work on /home/airflow/.local/lib/python3.8/site-packages/airflow/example_dags/example_params_ui_tutorial.py
[2025-12-11T00:50:15.146+0000] {processor.py:829} INFO - Processing file /home/airflow/.local/lib/python3.8/site-packages/airflow/example_dags/example_params_ui_tutorial.py for tasks to queue
[2025-12-11T00:50:15.147+0000] {logging_mixin.py:154} INFO - [2025-12-11T00:50:15.147+0000] {dagbag.py:536} INFO - Filling up the DagBag from /home/airflow/.local/lib/python3.8/site-packages/airflow/example_dags/example_params_ui_tutorial.py
[2025-12-11T00:50:15.166+0000] {processor.py:839} INFO - DAG(s) dict_keys(['example_params_ui_tutorial']) retrieved from /home/airflow/.local/lib/python3.8/site-packages/airflow/example_dags/example_params_ui_tutorial.py
[2025-12-11T00:50:15.198+0000] {logging_mixin.py:154} INFO - [2025-12-11T00:50:15.198+0000] {dag.py:2941} INFO - Sync 1 DAGs
[2025-12-11T00:50:15.206+0000] {logging_mixin.py:154} INFO - [2025-12-11T00:50:15.205+0000] {dag.py:3722} INFO - Setting next_dagrun for example_params_ui_tutorial to None, run_after=None
[2025-12-11T00:50:15.218+0000] {processor.py:179} INFO - Processing /home/airflow/.local/lib/python3.8/site-packages/airflow/example_dags/example_params_ui_tutorial.py took 0.076 seconds
[2025-12-11T00:50:45.449+0000] {processor.py:157} INFO - Started process (PID=1527) to work on /home/airflow/.local/lib/python3.8/site-packages/airflow/example_dags/example_params_ui_tutorial.py
[2025-12-11T00:50:45.449+0000] {processor.py:829} INFO - Processing file /home/airflow/.local/lib/python3.8/site-packages/airflow/example_dags/example_params_ui_tutorial.py for tasks to queue
[2025-12-11T00:50:45.450+0000] {logging_mixin.py:154} INFO - [2025-12-11T00:50:45.450+0000] {dagbag.py:536} INFO - Filling up the DagBag from /home/airflow/.local/lib/python3.8/site-packages/airflow/example_dags/example_params_ui_tutorial.py
[2025-12-11T00:50:45.470+0000] {processor.py:839} INFO - DAG(s) dict_keys(['example_params_ui_tutorial']) retrieved from /home/airflow/.local/lib/python3.8/site-packages/airflow/example_dags/example_params_ui_tutorial.py
[2025-12-11T00:50:45.502+0000] {logging_mixin.py:154} INFO - [2025-12-11T00:50:45.502+0000] {dag.py:2941} INFO - Sync 1 DAGs
[2025-12-11T00:50:45.510+0000] {logging_mixin.py:154} INFO - [2025-12-11T00:50:45.510+0000] {dag.py:3722} INFO - Setting next_dagrun for example_params_ui_tutorial to None, run_after=None
[2025-12-11T00:50:45.525+0000] {processor.py:179} INFO - Processing /home/airflow/.local/lib/python3.8/site-packages/airflow/example_dags/example_params_ui_tutorial.py took 0.078 seconds
[2025-12-11T00:51:16.206+0000] {processor.py:157} INFO - Started process (PID=1582) to work on /home/airflow/.local/lib/python3.8/site-packages/airflow/example_dags/example_params_ui_tutorial.py
[2025-12-11T00:51:16.207+0000] {processor.py:829} INFO - Processing file /home/airflow/.local/lib/python3.8/site-packages/airflow/example_dags/example_params_ui_tutorial.py for tasks to queue
[2025-12-11T00:51:16.209+0000] {logging_mixin.py:154} INFO - [2025-12-11T00:51:16.209+0000] {dagbag.py:536} INFO - Filling up the DagBag from /home/airflow/.local/lib/python3.8/site-packages/airflow/example_dags/example_params_ui_tutorial.py
[2025-12-11T00:51:16.231+0000] {processor.py:839} INFO - DAG(s) dict_keys(['example_params_ui_tutorial']) retrieved from /home/airflow/.local/lib/python3.8/site-packages/airflow/example_dags/example_params_ui_tutorial.py
[2025-12-11T00:51:16.262+0000] {logging_mixin.py:154} INFO - [2025-12-11T00:51:16.262+0000] {dag.py:2941} INFO - Sync 1 DAGs
[2025-12-11T00:51:16.270+0000] {logging_mixin.py:154} INFO - [2025-12-11T00:51:16.270+0000] {dag.py:3722} INFO - Setting next_dagrun for example_params_ui_tutorial to None, run_after=None
[2025-12-11T00:51:16.282+0000] {processor.py:179} INFO - Processing /home/airflow/.local/lib/python3.8/site-packages/airflow/example_dags/example_params_ui_tutorial.py took 0.079 seconds
[2025-12-11T00:51:46.350+0000] {processor.py:157} INFO - Started process (PID=1637) to work on /home/airflow/.local/lib/python3.8/site-packages/airflow/example_dags/example_params_ui_tutorial.py
[2025-12-11T00:51:46.351+0000] {processor.py:829} INFO - Processing file /home/airflow/.local/lib/python3.8/site-packages/airflow/example_dags/example_params_ui_tutorial.py for tasks to queue
[2025-12-11T00:51:46.352+0000] {logging_mixin.py:154} INFO - [2025-12-11T00:51:46.352+0000] {dagbag.py:536} INFO - Filling up the DagBag from /home/airflow/.local/lib/python3.8/site-packages/airflow/example_dags/example_params_ui_tutorial.py
[2025-12-11T00:51:46.372+0000] {processor.py:839} INFO - DAG(s) dict_keys(['example_params_ui_tutorial']) retrieved from /home/airflow/.local/lib/python3.8/site-packages/airflow/example_dags/example_params_ui_tutorial.py
[2025-12-11T00:51:46.401+0000] {logging_mixin.py:154} INFO - [2025-12-11T00:51:46.401+0000] {dag.py:2941} INFO - Sync 1 DAGs
[2025-12-11T00:51:46.408+0000] {logging_mixin.py:154} INFO - [2025-12-11T00:51:46.408+0000] {dag.py:3722} INFO - Setting next_dagrun for example_params_ui_tutorial to None, run_after=None
[2025-12-11T00:51:46.419+0000] {processor.py:179} INFO - Processing /home/airflow/.local/lib/python3.8/site-packages/airflow/example_dags/example_params_ui_tutorial.py took 0.072 seconds
[2025-12-11T00:52:16.455+0000] {processor.py:157} INFO - Started process (PID=1692) to work on /home/airflow/.local/lib/python3.8/site-packages/airflow/example_dags/example_params_ui_tutorial.py
[2025-12-11T00:52:16.455+0000] {processor.py:829} INFO - Processing file /home/airflow/.local/lib/python3.8/site-packages/airflow/example_dags/example_params_ui_tutorial.py for tasks to queue
[2025-12-11T00:52:16.456+0000] {logging_mixin.py:154} INFO - [2025-12-11T00:52:16.456+0000] {dagbag.py:536} INFO - Filling up the DagBag from /home/airflow/.local/lib/python3.8/site-packages/airflow/example_dags/example_params_ui_tutorial.py
[2025-12-11T00:52:16.526+0000] {processor.py:839} INFO - DAG(s) dict_keys(['example_params_ui_tutorial']) retrieved from /home/airflow/.local/lib/python3.8/site-packages/airflow/example_dags/example_params_ui_tutorial.py
[2025-12-11T00:52:16.557+0000] {logging_mixin.py:154} INFO - [2025-12-11T00:52:16.557+0000] {dag.py:2941} INFO - Sync 1 DAGs
[2025-12-11T00:52:16.565+0000] {logging_mixin.py:154} INFO - [2025-12-11T00:52:16.564+0000] {dag.py:3722} INFO - Setting next_dagrun for example_params_ui_tutorial to None, run_after=None
[2025-12-11T00:52:16.584+0000] {processor.py:179} INFO - Processing /home/airflow/.local/lib/python3.8/site-packages/airflow/example_dags/example_params_ui_tutorial.py took 0.131 seconds
[2025-12-11T00:52:46.656+0000] {processor.py:157} INFO - Started process (PID=1747) to work on /home/airflow/.local/lib/python3.8/site-packages/airflow/example_dags/example_params_ui_tutorial.py
[2025-12-11T00:52:46.657+0000] {processor.py:829} INFO - Processing file /home/airflow/.local/lib/python3.8/site-packages/airflow/example_dags/example_params_ui_tutorial.py for tasks to queue
[2025-12-11T00:52:46.658+0000] {logging_mixin.py:154} INFO - [2025-12-11T00:52:46.658+0000] {dagbag.py:536} INFO - Filling up the DagBag from /home/airflow/.local/lib/python3.8/site-packages/airflow/example_dags/example_params_ui_tutorial.py
[2025-12-11T00:52:46.678+0000] {processor.py:839} INFO - DAG(s) dict_keys(['example_params_ui_tutorial']) retrieved from /home/airflow/.local/lib/python3.8/site-packages/airflow/example_dags/example_params_ui_tutorial.py
[2025-12-11T00:52:46.713+0000] {logging_mixin.py:154} INFO - [2025-12-11T00:52:46.713+0000] {dag.py:2941} INFO - Sync 1 DAGs
[2025-12-11T00:52:46.721+0000] {logging_mixin.py:154} INFO - [2025-12-11T00:52:46.721+0000] {dag.py:3722} INFO - Setting next_dagrun for example_params_ui_tutorial to None, run_after=None
[2025-12-11T00:52:46.733+0000] {processor.py:179} INFO - Processing /home/airflow/.local/lib/python3.8/site-packages/airflow/example_dags/example_params_ui_tutorial.py took 0.078 seconds
[2025-12-11T00:53:17.361+0000] {processor.py:157} INFO - Started process (PID=1802) to work on /home/airflow/.local/lib/python3.8/site-packages/airflow/example_dags/example_params_ui_tutorial.py
[2025-12-11T00:53:17.361+0000] {processor.py:829} INFO - Processing file /home/airflow/.local/lib/python3.8/site-packages/airflow/example_dags/example_params_ui_tutorial.py for tasks to queue
[2025-12-11T00:53:17.362+0000] {logging_mixin.py:154} INFO - [2025-12-11T00:53:17.362+0000] {dagbag.py:536} INFO - Filling up the DagBag from /home/airflow/.local/lib/python3.8/site-packages/airflow/example_dags/example_params_ui_tutorial.py
[2025-12-11T00:53:17.381+0000] {processor.py:839} INFO - DAG(s) dict_keys(['example_params_ui_tutorial']) retrieved from /home/airflow/.local/lib/python3.8/site-packages/airflow/example_dags/example_params_ui_tutorial.py
[2025-12-11T00:53:17.419+0000] {logging_mixin.py:154} INFO - [2025-12-11T00:53:17.419+0000] {dag.py:2941} INFO - Sync 1 DAGs
[2025-12-11T00:53:17.427+0000] {logging_mixin.py:154} INFO - [2025-12-11T00:53:17.427+0000] {dag.py:3722} INFO - Setting next_dagrun for example_params_ui_tutorial to None, run_after=None
[2025-12-11T00:53:17.444+0000] {processor.py:179} INFO - Processing /home/airflow/.local/lib/python3.8/site-packages/airflow/example_dags/example_params_ui_tutorial.py took 0.085 seconds
[2025-12-11T00:53:47.937+0000] {processor.py:157} INFO - Started process (PID=1857) to work on /home/airflow/.local/lib/python3.8/site-packages/airflow/example_dags/example_params_ui_tutorial.py
[2025-12-11T00:53:47.937+0000] {processor.py:829} INFO - Processing file /home/airflow/.local/lib/python3.8/site-packages/airflow/example_dags/example_params_ui_tutorial.py for tasks to queue
[2025-12-11T00:53:47.939+0000] {logging_mixin.py:154} INFO - [2025-12-11T00:53:47.939+0000] {dagbag.py:536} INFO - Filling up the DagBag from /home/airflow/.local/lib/python3.8/site-packages/airflow/example_dags/example_params_ui_tutorial.py
[2025-12-11T00:53:47.959+0000] {processor.py:839} INFO - DAG(s) dict_keys(['example_params_ui_tutorial']) retrieved from /home/airflow/.local/lib/python3.8/site-packages/airflow/example_dags/example_params_ui_tutorial.py
[2025-12-11T00:53:47.991+0000] {logging_mixin.py:154} INFO - [2025-12-11T00:53:47.990+0000] {dag.py:2941} INFO - Sync 1 DAGs
[2025-12-11T00:53:47.998+0000] {logging_mixin.py:154} INFO - [2025-12-11T00:53:47.998+0000] {dag.py:3722} INFO - Setting next_dagrun for example_params_ui_tutorial to None, run_after=None
[2025-12-11T00:53:48.010+0000] {processor.py:179} INFO - Processing /home/airflow/.local/lib/python3.8/site-packages/airflow/example_dags/example_params_ui_tutorial.py took 0.076 seconds
[2025-12-11T00:54:18.328+0000] {processor.py:157} INFO - Started process (PID=1913) to work on /home/airflow/.local/lib/python3.8/site-packages/airflow/example_dags/example_params_ui_tutorial.py
[2025-12-11T00:54:18.329+0000] {processor.py:829} INFO - Processing file /home/airflow/.local/lib/python3.8/site-packages/airflow/example_dags/example_params_ui_tutorial.py for tasks to queue
[2025-12-11T00:54:18.331+0000] {logging_mixin.py:154} INFO - [2025-12-11T00:54:18.331+0000] {dagbag.py:536} INFO - Filling up the DagBag from /home/airflow/.local/lib/python3.8/site-packages/airflow/example_dags/example_params_ui_tutorial.py
[2025-12-11T00:54:18.353+0000] {processor.py:839} INFO - DAG(s) dict_keys(['example_params_ui_tutorial']) retrieved from /home/airflow/.local/lib/python3.8/site-packages/airflow/example_dags/example_params_ui_tutorial.py
[2025-12-11T00:54:18.386+0000] {logging_mixin.py:154} INFO - [2025-12-11T00:54:18.385+0000] {dag.py:2941} INFO - Sync 1 DAGs
[2025-12-11T00:54:18.393+0000] {logging_mixin.py:154} INFO - [2025-12-11T00:54:18.393+0000] {dag.py:3722} INFO - Setting next_dagrun for example_params_ui_tutorial to None, run_after=None
[2025-12-11T00:54:18.407+0000] {processor.py:179} INFO - Processing /home/airflow/.local/lib/python3.8/site-packages/airflow/example_dags/example_params_ui_tutorial.py took 0.081 seconds
[2025-12-11T00:54:48.740+0000] {processor.py:157} INFO - Started process (PID=1968) to work on /home/airflow/.local/lib/python3.8/site-packages/airflow/example_dags/example_params_ui_tutorial.py
[2025-12-11T00:54:48.740+0000] {processor.py:829} INFO - Processing file /home/airflow/.local/lib/python3.8/site-packages/airflow/example_dags/example_params_ui_tutorial.py for tasks to queue
[2025-12-11T00:54:48.743+0000] {logging_mixin.py:154} INFO - [2025-12-11T00:54:48.742+0000] {dagbag.py:536} INFO - Filling up the DagBag from /home/airflow/.local/lib/python3.8/site-packages/airflow/example_dags/example_params_ui_tutorial.py
[2025-12-11T00:54:48.765+0000] {processor.py:839} INFO - DAG(s) dict_keys(['example_params_ui_tutorial']) retrieved from /home/airflow/.local/lib/python3.8/site-packages/airflow/example_dags/example_params_ui_tutorial.py
[2025-12-11T00:54:48.800+0000] {logging_mixin.py:154} INFO - [2025-12-11T00:54:48.800+0000] {dag.py:2941} INFO - Sync 1 DAGs
[2025-12-11T00:54:48.808+0000] {logging_mixin.py:154} INFO - [2025-12-11T00:54:48.808+0000] {dag.py:3722} INFO - Setting next_dagrun for example_params_ui_tutorial to None, run_after=None
[2025-12-11T00:54:48.819+0000] {processor.py:179} INFO - Processing /home/airflow/.local/lib/python3.8/site-packages/airflow/example_dags/example_params_ui_tutorial.py took 0.082 seconds
[2025-12-11T00:55:19.027+0000] {processor.py:157} INFO - Started process (PID=2023) to work on /home/airflow/.local/lib/python3.8/site-packages/airflow/example_dags/example_params_ui_tutorial.py
[2025-12-11T00:55:19.028+0000] {processor.py:829} INFO - Processing file /home/airflow/.local/lib/python3.8/site-packages/airflow/example_dags/example_params_ui_tutorial.py for tasks to queue
[2025-12-11T00:55:19.029+0000] {logging_mixin.py:154} INFO - [2025-12-11T00:55:19.029+0000] {dagbag.py:536} INFO - Filling up the DagBag from /home/airflow/.local/lib/python3.8/site-packages/airflow/example_dags/example_params_ui_tutorial.py
[2025-12-11T00:55:19.113+0000] {processor.py:839} INFO - DAG(s) dict_keys(['example_params_ui_tutorial']) retrieved from /home/airflow/.local/lib/python3.8/site-packages/airflow/example_dags/example_params_ui_tutorial.py
[2025-12-11T00:55:19.193+0000] {logging_mixin.py:154} INFO - [2025-12-11T00:55:19.193+0000] {dag.py:2941} INFO - Sync 1 DAGs
[2025-12-11T00:55:19.201+0000] {logging_mixin.py:154} INFO - [2025-12-11T00:55:19.201+0000] {dag.py:3722} INFO - Setting next_dagrun for example_params_ui_tutorial to None, run_after=None
[2025-12-11T00:55:19.214+0000] {processor.py:179} INFO - Processing /home/airflow/.local/lib/python3.8/site-packages/airflow/example_dags/example_params_ui_tutorial.py took 0.207 seconds
