[2025-12-11T00:38:16.610+0000] {processor.py:157} INFO - Started process (PID=190) to work on /home/airflow/.local/lib/python3.8/site-packages/airflow/example_dags/example_params_trigger_ui.py
[2025-12-11T00:38:16.611+0000] {processor.py:829} INFO - Processing file /home/airflow/.local/lib/python3.8/site-packages/airflow/example_dags/example_params_trigger_ui.py for tasks to queue
[2025-12-11T00:38:16.613+0000] {logging_mixin.py:154} INFO - [2025-12-11T00:38:16.612+0000] {dagbag.py:536} INFO - Filling up the DagBag from /home/airflow/.local/lib/python3.8/site-packages/airflow/example_dags/example_params_trigger_ui.py
[2025-12-11T00:38:16.627+0000] {processor.py:839} INFO - DAG(s) dict_keys(['example_params_trigger_ui']) retrieved from /home/airflow/.local/lib/python3.8/site-packages/airflow/example_dags/example_params_trigger_ui.py
[2025-12-11T00:38:16.637+0000] {logging_mixin.py:154} INFO - [2025-12-11T00:38:16.637+0000] {dag.py:2941} INFO - Sync 1 DAGs
[2025-12-11T00:38:16.649+0000] {logging_mixin.py:154} INFO - [2025-12-11T00:38:16.649+0000] {dag.py:3722} INFO - Setting next_dagrun for example_params_trigger_ui to None, run_after=None
[2025-12-11T00:38:16.665+0000] {processor.py:179} INFO - Processing /home/airflow/.local/lib/python3.8/site-packages/airflow/example_dags/example_params_trigger_ui.py took 0.058 seconds
[2025-12-11T00:38:46.821+0000] {processor.py:157} INFO - Started process (PID=253) to work on /home/airflow/.local/lib/python3.8/site-packages/airflow/example_dags/example_params_trigger_ui.py
[2025-12-11T00:38:46.821+0000] {processor.py:829} INFO - Processing file /home/airflow/.local/lib/python3.8/site-packages/airflow/example_dags/example_params_trigger_ui.py for tasks to queue
[2025-12-11T00:38:46.823+0000] {logging_mixin.py:154} INFO - [2025-12-11T00:38:46.822+0000] {dagbag.py:536} INFO - Filling up the DagBag from /home/airflow/.local/lib/python3.8/site-packages/airflow/example_dags/example_params_trigger_ui.py
[2025-12-11T00:38:46.832+0000] {processor.py:839} INFO - DAG(s) dict_keys(['example_params_trigger_ui']) retrieved from /home/airflow/.local/lib/python3.8/site-packages/airflow/example_dags/example_params_trigger_ui.py
[2025-12-11T00:38:46.859+0000] {logging_mixin.py:154} INFO - [2025-12-11T00:38:46.859+0000] {dag.py:2941} INFO - Sync 1 DAGs
[2025-12-11T00:38:46.866+0000] {logging_mixin.py:154} INFO - [2025-12-11T00:38:46.866+0000] {dag.py:3722} INFO - Setting next_dagrun for example_params_trigger_ui to None, run_after=None
[2025-12-11T00:38:46.878+0000] {processor.py:179} INFO - Processing /home/airflow/.local/lib/python3.8/site-packages/airflow/example_dags/example_params_trigger_ui.py took 0.060 seconds
[2025-12-11T00:39:17.411+0000] {processor.py:157} INFO - Started process (PID=308) to work on /home/airflow/.local/lib/python3.8/site-packages/airflow/example_dags/example_params_trigger_ui.py
[2025-12-11T00:39:17.411+0000] {processor.py:829} INFO - Processing file /home/airflow/.local/lib/python3.8/site-packages/airflow/example_dags/example_params_trigger_ui.py for tasks to queue
[2025-12-11T00:39:17.412+0000] {logging_mixin.py:154} INFO - [2025-12-11T00:39:17.412+0000] {dagbag.py:536} INFO - Filling up the DagBag from /home/airflow/.local/lib/python3.8/site-packages/airflow/example_dags/example_params_trigger_ui.py
[2025-12-11T00:39:17.422+0000] {processor.py:839} INFO - DAG(s) dict_keys(['example_params_trigger_ui']) retrieved from /home/airflow/.local/lib/python3.8/site-packages/airflow/example_dags/example_params_trigger_ui.py
[2025-12-11T00:39:17.454+0000] {logging_mixin.py:154} INFO - [2025-12-11T00:39:17.454+0000] {dag.py:2941} INFO - Sync 1 DAGs
[2025-12-11T00:39:17.463+0000] {logging_mixin.py:154} INFO - [2025-12-11T00:39:17.463+0000] {dag.py:3722} INFO - Setting next_dagrun for example_params_trigger_ui to None, run_after=None
[2025-12-11T00:39:17.474+0000] {processor.py:179} INFO - Processing /home/airflow/.local/lib/python3.8/site-packages/airflow/example_dags/example_params_trigger_ui.py took 0.066 seconds
[2025-12-11T00:39:47.595+0000] {processor.py:157} INFO - Started process (PID=363) to work on /home/airflow/.local/lib/python3.8/site-packages/airflow/example_dags/example_params_trigger_ui.py
[2025-12-11T00:39:47.596+0000] {processor.py:829} INFO - Processing file /home/airflow/.local/lib/python3.8/site-packages/airflow/example_dags/example_params_trigger_ui.py for tasks to queue
[2025-12-11T00:39:47.597+0000] {logging_mixin.py:154} INFO - [2025-12-11T00:39:47.597+0000] {dagbag.py:536} INFO - Filling up the DagBag from /home/airflow/.local/lib/python3.8/site-packages/airflow/example_dags/example_params_trigger_ui.py
[2025-12-11T00:39:47.607+0000] {processor.py:839} INFO - DAG(s) dict_keys(['example_params_trigger_ui']) retrieved from /home/airflow/.local/lib/python3.8/site-packages/airflow/example_dags/example_params_trigger_ui.py
[2025-12-11T00:39:47.637+0000] {logging_mixin.py:154} INFO - [2025-12-11T00:39:47.637+0000] {dag.py:2941} INFO - Sync 1 DAGs
[2025-12-11T00:39:47.644+0000] {logging_mixin.py:154} INFO - [2025-12-11T00:39:47.644+0000] {dag.py:3722} INFO - Setting next_dagrun for example_params_trigger_ui to None, run_after=None
[2025-12-11T00:39:47.655+0000] {processor.py:179} INFO - Processing /home/airflow/.local/lib/python3.8/site-packages/airflow/example_dags/example_params_trigger_ui.py took 0.062 seconds
[2025-12-11T00:40:25.209+0000] {processor.py:157} INFO - Started process (PID=425) to work on /home/airflow/.local/lib/python3.8/site-packages/airflow/example_dags/example_params_trigger_ui.py
[2025-12-11T00:40:25.211+0000] {processor.py:829} INFO - Processing file /home/airflow/.local/lib/python3.8/site-packages/airflow/example_dags/example_params_trigger_ui.py for tasks to queue
[2025-12-11T00:40:25.212+0000] {logging_mixin.py:154} INFO - [2025-12-11T00:40:25.212+0000] {dagbag.py:536} INFO - Filling up the DagBag from /home/airflow/.local/lib/python3.8/site-packages/airflow/example_dags/example_params_trigger_ui.py
[2025-12-11T00:40:25.221+0000] {processor.py:839} INFO - DAG(s) dict_keys(['example_params_trigger_ui']) retrieved from /home/airflow/.local/lib/python3.8/site-packages/airflow/example_dags/example_params_trigger_ui.py
[2025-12-11T00:40:25.249+0000] {logging_mixin.py:154} INFO - [2025-12-11T00:40:25.249+0000] {dag.py:2941} INFO - Sync 1 DAGs
[2025-12-11T00:40:25.257+0000] {logging_mixin.py:154} INFO - [2025-12-11T00:40:25.257+0000] {dag.py:3722} INFO - Setting next_dagrun for example_params_trigger_ui to None, run_after=None
[2025-12-11T00:40:25.268+0000] {processor.py:179} INFO - Processing /home/airflow/.local/lib/python3.8/site-packages/airflow/example_dags/example_params_trigger_ui.py took 0.060 seconds
[2025-12-11T00:40:55.930+0000] {processor.py:157} INFO - Started process (PID=480) to work on /home/airflow/.local/lib/python3.8/site-packages/airflow/example_dags/example_params_trigger_ui.py
[2025-12-11T00:40:55.931+0000] {processor.py:829} INFO - Processing file /home/airflow/.local/lib/python3.8/site-packages/airflow/example_dags/example_params_trigger_ui.py for tasks to queue
[2025-12-11T00:40:55.932+0000] {logging_mixin.py:154} INFO - [2025-12-11T00:40:55.932+0000] {dagbag.py:536} INFO - Filling up the DagBag from /home/airflow/.local/lib/python3.8/site-packages/airflow/example_dags/example_params_trigger_ui.py
[2025-12-11T00:40:55.942+0000] {processor.py:839} INFO - DAG(s) dict_keys(['example_params_trigger_ui']) retrieved from /home/airflow/.local/lib/python3.8/site-packages/airflow/example_dags/example_params_trigger_ui.py
[2025-12-11T00:40:55.972+0000] {logging_mixin.py:154} INFO - [2025-12-11T00:40:55.971+0000] {dag.py:2941} INFO - Sync 1 DAGs
[2025-12-11T00:40:55.980+0000] {logging_mixin.py:154} INFO - [2025-12-11T00:40:55.980+0000] {dag.py:3722} INFO - Setting next_dagrun for example_params_trigger_ui to None, run_after=None
[2025-12-11T00:40:55.996+0000] {processor.py:179} INFO - Processing /home/airflow/.local/lib/python3.8/site-packages/airflow/example_dags/example_params_trigger_ui.py took 0.069 seconds
[2025-12-11T00:41:33.145+0000] {processor.py:157} INFO - Started process (PID=535) to work on /home/airflow/.local/lib/python3.8/site-packages/airflow/example_dags/example_params_trigger_ui.py
[2025-12-11T00:41:33.153+0000] {processor.py:829} INFO - Processing file /home/airflow/.local/lib/python3.8/site-packages/airflow/example_dags/example_params_trigger_ui.py for tasks to queue
[2025-12-11T00:41:33.155+0000] {logging_mixin.py:154} INFO - [2025-12-11T00:41:33.155+0000] {dagbag.py:536} INFO - Filling up the DagBag from /home/airflow/.local/lib/python3.8/site-packages/airflow/example_dags/example_params_trigger_ui.py
[2025-12-11T00:41:33.167+0000] {processor.py:839} INFO - DAG(s) dict_keys(['example_params_trigger_ui']) retrieved from /home/airflow/.local/lib/python3.8/site-packages/airflow/example_dags/example_params_trigger_ui.py
[2025-12-11T00:41:33.203+0000] {logging_mixin.py:154} INFO - [2025-12-11T00:41:33.203+0000] {dag.py:2941} INFO - Sync 1 DAGs
[2025-12-11T00:41:33.211+0000] {logging_mixin.py:154} INFO - [2025-12-11T00:41:33.211+0000] {dag.py:3722} INFO - Setting next_dagrun for example_params_trigger_ui to None, run_after=None
[2025-12-11T00:41:33.223+0000] {processor.py:179} INFO - Processing /home/airflow/.local/lib/python3.8/site-packages/airflow/example_dags/example_params_trigger_ui.py took 0.081 seconds
[2025-12-11T00:42:05.827+0000] {processor.py:157} INFO - Started process (PID=590) to work on /home/airflow/.local/lib/python3.8/site-packages/airflow/example_dags/example_params_trigger_ui.py
[2025-12-11T00:42:05.828+0000] {processor.py:829} INFO - Processing file /home/airflow/.local/lib/python3.8/site-packages/airflow/example_dags/example_params_trigger_ui.py for tasks to queue
[2025-12-11T00:42:05.830+0000] {logging_mixin.py:154} INFO - [2025-12-11T00:42:05.830+0000] {dagbag.py:536} INFO - Filling up the DagBag from /home/airflow/.local/lib/python3.8/site-packages/airflow/example_dags/example_params_trigger_ui.py
[2025-12-11T00:42:05.840+0000] {processor.py:839} INFO - DAG(s) dict_keys(['example_params_trigger_ui']) retrieved from /home/airflow/.local/lib/python3.8/site-packages/airflow/example_dags/example_params_trigger_ui.py
[2025-12-11T00:42:05.870+0000] {logging_mixin.py:154} INFO - [2025-12-11T00:42:05.869+0000] {dag.py:2941} INFO - Sync 1 DAGs
[2025-12-11T00:42:05.878+0000] {logging_mixin.py:154} INFO - [2025-12-11T00:42:05.877+0000] {dag.py:3722} INFO - Setting next_dagrun for example_params_trigger_ui to None, run_after=None
[2025-12-11T00:42:05.892+0000] {processor.py:179} INFO - Processing /home/airflow/.local/lib/python3.8/site-packages/airflow/example_dags/example_params_trigger_ui.py took 0.067 seconds
[2025-12-11T00:42:36.734+0000] {processor.py:157} INFO - Started process (PID=645) to work on /home/airflow/.local/lib/python3.8/site-packages/airflow/example_dags/example_params_trigger_ui.py
[2025-12-11T00:42:36.735+0000] {processor.py:829} INFO - Processing file /home/airflow/.local/lib/python3.8/site-packages/airflow/example_dags/example_params_trigger_ui.py for tasks to queue
[2025-12-11T00:42:36.736+0000] {logging_mixin.py:154} INFO - [2025-12-11T00:42:36.736+0000] {dagbag.py:536} INFO - Filling up the DagBag from /home/airflow/.local/lib/python3.8/site-packages/airflow/example_dags/example_params_trigger_ui.py
[2025-12-11T00:42:36.746+0000] {processor.py:839} INFO - DAG(s) dict_keys(['example_params_trigger_ui']) retrieved from /home/airflow/.local/lib/python3.8/site-packages/airflow/example_dags/example_params_trigger_ui.py
[2025-12-11T00:42:36.777+0000] {logging_mixin.py:154} INFO - [2025-12-11T00:42:36.777+0000] {dag.py:2941} INFO - Sync 1 DAGs
[2025-12-11T00:42:36.784+0000] {logging_mixin.py:154} INFO - [2025-12-11T00:42:36.784+0000] {dag.py:3722} INFO - Setting next_dagrun for example_params_trigger_ui to None, run_after=None
[2025-12-11T00:42:36.794+0000] {processor.py:179} INFO - Processing /home/airflow/.local/lib/python3.8/site-packages/airflow/example_dags/example_params_trigger_ui.py took 0.062 seconds
[2025-12-11T00:43:07.553+0000] {processor.py:157} INFO - Started process (PID=700) to work on /home/airflow/.local/lib/python3.8/site-packages/airflow/example_dags/example_params_trigger_ui.py
[2025-12-11T00:43:07.554+0000] {processor.py:829} INFO - Processing file /home/airflow/.local/lib/python3.8/site-packages/airflow/example_dags/example_params_trigger_ui.py for tasks to queue
[2025-12-11T00:43:07.555+0000] {logging_mixin.py:154} INFO - [2025-12-11T00:43:07.555+0000] {dagbag.py:536} INFO - Filling up the DagBag from /home/airflow/.local/lib/python3.8/site-packages/airflow/example_dags/example_params_trigger_ui.py
[2025-12-11T00:43:07.564+0000] {processor.py:839} INFO - DAG(s) dict_keys(['example_params_trigger_ui']) retrieved from /home/airflow/.local/lib/python3.8/site-packages/airflow/example_dags/example_params_trigger_ui.py
[2025-12-11T00:43:07.602+0000] {logging_mixin.py:154} INFO - [2025-12-11T00:43:07.601+0000] {dag.py:2941} INFO - Sync 1 DAGs
[2025-12-11T00:43:07.610+0000] {logging_mixin.py:154} INFO - [2025-12-11T00:43:07.609+0000] {dag.py:3722} INFO - Setting next_dagrun for example_params_trigger_ui to None, run_after=None
[2025-12-11T00:43:07.622+0000] {processor.py:179} INFO - Processing /home/airflow/.local/lib/python3.8/site-packages/airflow/example_dags/example_params_trigger_ui.py took 0.071 seconds
[2025-12-11T00:43:38.580+0000] {processor.py:157} INFO - Started process (PID=755) to work on /home/airflow/.local/lib/python3.8/site-packages/airflow/example_dags/example_params_trigger_ui.py
[2025-12-11T00:43:38.584+0000] {processor.py:829} INFO - Processing file /home/airflow/.local/lib/python3.8/site-packages/airflow/example_dags/example_params_trigger_ui.py for tasks to queue
[2025-12-11T00:43:38.586+0000] {logging_mixin.py:154} INFO - [2025-12-11T00:43:38.586+0000] {dagbag.py:536} INFO - Filling up the DagBag from /home/airflow/.local/lib/python3.8/site-packages/airflow/example_dags/example_params_trigger_ui.py
[2025-12-11T00:43:38.598+0000] {processor.py:839} INFO - DAG(s) dict_keys(['example_params_trigger_ui']) retrieved from /home/airflow/.local/lib/python3.8/site-packages/airflow/example_dags/example_params_trigger_ui.py
[2025-12-11T00:43:38.628+0000] {logging_mixin.py:154} INFO - [2025-12-11T00:43:38.628+0000] {dag.py:2941} INFO - Sync 1 DAGs
[2025-12-11T00:43:38.635+0000] {logging_mixin.py:154} INFO - [2025-12-11T00:43:38.635+0000] {dag.py:3722} INFO - Setting next_dagrun for example_params_trigger_ui to None, run_after=None
[2025-12-11T00:43:38.647+0000] {processor.py:179} INFO - Processing /home/airflow/.local/lib/python3.8/site-packages/airflow/example_dags/example_params_trigger_ui.py took 0.071 seconds
[2025-12-11T00:44:09.275+0000] {processor.py:157} INFO - Started process (PID=811) to work on /home/airflow/.local/lib/python3.8/site-packages/airflow/example_dags/example_params_trigger_ui.py
[2025-12-11T00:44:09.275+0000] {processor.py:829} INFO - Processing file /home/airflow/.local/lib/python3.8/site-packages/airflow/example_dags/example_params_trigger_ui.py for tasks to queue
[2025-12-11T00:44:09.277+0000] {logging_mixin.py:154} INFO - [2025-12-11T00:44:09.277+0000] {dagbag.py:536} INFO - Filling up the DagBag from /home/airflow/.local/lib/python3.8/site-packages/airflow/example_dags/example_params_trigger_ui.py
[2025-12-11T00:44:09.288+0000] {processor.py:839} INFO - DAG(s) dict_keys(['example_params_trigger_ui']) retrieved from /home/airflow/.local/lib/python3.8/site-packages/airflow/example_dags/example_params_trigger_ui.py
[2025-12-11T00:44:09.317+0000] {logging_mixin.py:154} INFO - [2025-12-11T00:44:09.317+0000] {dag.py:2941} INFO - Sync 1 DAGs
[2025-12-11T00:44:09.326+0000] {logging_mixin.py:154} INFO - [2025-12-11T00:44:09.326+0000] {dag.py:3722} INFO - Setting next_dagrun for example_params_trigger_ui to None, run_after=None
[2025-12-11T00:44:09.338+0000] {processor.py:179} INFO - Processing /home/airflow/.local/lib/python3.8/site-packages/airflow/example_dags/example_params_trigger_ui.py took 0.068 seconds
[2025-12-11T00:44:39.792+0000] {processor.py:157} INFO - Started process (PID=866) to work on /home/airflow/.local/lib/python3.8/site-packages/airflow/example_dags/example_params_trigger_ui.py
[2025-12-11T00:44:39.795+0000] {processor.py:829} INFO - Processing file /home/airflow/.local/lib/python3.8/site-packages/airflow/example_dags/example_params_trigger_ui.py for tasks to queue
[2025-12-11T00:44:39.797+0000] {logging_mixin.py:154} INFO - [2025-12-11T00:44:39.796+0000] {dagbag.py:536} INFO - Filling up the DagBag from /home/airflow/.local/lib/python3.8/site-packages/airflow/example_dags/example_params_trigger_ui.py
[2025-12-11T00:44:39.807+0000] {processor.py:839} INFO - DAG(s) dict_keys(['example_params_trigger_ui']) retrieved from /home/airflow/.local/lib/python3.8/site-packages/airflow/example_dags/example_params_trigger_ui.py
[2025-12-11T00:44:39.838+0000] {logging_mixin.py:154} INFO - [2025-12-11T00:44:39.838+0000] {dag.py:2941} INFO - Sync 1 DAGs
[2025-12-11T00:44:39.845+0000] {logging_mixin.py:154} INFO - [2025-12-11T00:44:39.845+0000] {dag.py:3722} INFO - Setting next_dagrun for example_params_trigger_ui to None, run_after=None
[2025-12-11T00:44:39.856+0000] {processor.py:179} INFO - Processing /home/airflow/.local/lib/python3.8/site-packages/airflow/example_dags/example_params_trigger_ui.py took 0.067 seconds
[2025-12-11T00:45:10.228+0000] {processor.py:157} INFO - Started process (PID=921) to work on /home/airflow/.local/lib/python3.8/site-packages/airflow/example_dags/example_params_trigger_ui.py
[2025-12-11T00:45:10.231+0000] {processor.py:829} INFO - Processing file /home/airflow/.local/lib/python3.8/site-packages/airflow/example_dags/example_params_trigger_ui.py for tasks to queue
[2025-12-11T00:45:10.232+0000] {logging_mixin.py:154} INFO - [2025-12-11T00:45:10.232+0000] {dagbag.py:536} INFO - Filling up the DagBag from /home/airflow/.local/lib/python3.8/site-packages/airflow/example_dags/example_params_trigger_ui.py
[2025-12-11T00:45:10.242+0000] {processor.py:839} INFO - DAG(s) dict_keys(['example_params_trigger_ui']) retrieved from /home/airflow/.local/lib/python3.8/site-packages/airflow/example_dags/example_params_trigger_ui.py
[2025-12-11T00:45:10.270+0000] {logging_mixin.py:154} INFO - [2025-12-11T00:45:10.270+0000] {dag.py:2941} INFO - Sync 1 DAGs
[2025-12-11T00:45:10.277+0000] {logging_mixin.py:154} INFO - [2025-12-11T00:45:10.277+0000] {dag.py:3722} INFO - Setting next_dagrun for example_params_trigger_ui to None, run_after=None
[2025-12-11T00:45:10.289+0000] {processor.py:179} INFO - Processing /home/airflow/.local/lib/python3.8/site-packages/airflow/example_dags/example_params_trigger_ui.py took 0.063 seconds
[2025-12-11T00:45:40.703+0000] {processor.py:157} INFO - Started process (PID=976) to work on /home/airflow/.local/lib/python3.8/site-packages/airflow/example_dags/example_params_trigger_ui.py
[2025-12-11T00:45:40.707+0000] {processor.py:829} INFO - Processing file /home/airflow/.local/lib/python3.8/site-packages/airflow/example_dags/example_params_trigger_ui.py for tasks to queue
[2025-12-11T00:45:40.708+0000] {logging_mixin.py:154} INFO - [2025-12-11T00:45:40.708+0000] {dagbag.py:536} INFO - Filling up the DagBag from /home/airflow/.local/lib/python3.8/site-packages/airflow/example_dags/example_params_trigger_ui.py
[2025-12-11T00:45:40.717+0000] {processor.py:839} INFO - DAG(s) dict_keys(['example_params_trigger_ui']) retrieved from /home/airflow/.local/lib/python3.8/site-packages/airflow/example_dags/example_params_trigger_ui.py
[2025-12-11T00:45:40.745+0000] {logging_mixin.py:154} INFO - [2025-12-11T00:45:40.745+0000] {dag.py:2941} INFO - Sync 1 DAGs
[2025-12-11T00:45:40.752+0000] {logging_mixin.py:154} INFO - [2025-12-11T00:45:40.752+0000] {dag.py:3722} INFO - Setting next_dagrun for example_params_trigger_ui to None, run_after=None
[2025-12-11T00:45:40.764+0000] {processor.py:179} INFO - Processing /home/airflow/.local/lib/python3.8/site-packages/airflow/example_dags/example_params_trigger_ui.py took 0.063 seconds
[2025-12-11T00:46:11.183+0000] {processor.py:157} INFO - Started process (PID=1031) to work on /home/airflow/.local/lib/python3.8/site-packages/airflow/example_dags/example_params_trigger_ui.py
[2025-12-11T00:46:11.186+0000] {processor.py:829} INFO - Processing file /home/airflow/.local/lib/python3.8/site-packages/airflow/example_dags/example_params_trigger_ui.py for tasks to queue
[2025-12-11T00:46:11.188+0000] {logging_mixin.py:154} INFO - [2025-12-11T00:46:11.188+0000] {dagbag.py:536} INFO - Filling up the DagBag from /home/airflow/.local/lib/python3.8/site-packages/airflow/example_dags/example_params_trigger_ui.py
[2025-12-11T00:46:11.200+0000] {processor.py:839} INFO - DAG(s) dict_keys(['example_params_trigger_ui']) retrieved from /home/airflow/.local/lib/python3.8/site-packages/airflow/example_dags/example_params_trigger_ui.py
[2025-12-11T00:46:11.235+0000] {logging_mixin.py:154} INFO - [2025-12-11T00:46:11.235+0000] {dag.py:2941} INFO - Sync 1 DAGs
[2025-12-11T00:46:11.243+0000] {logging_mixin.py:154} INFO - [2025-12-11T00:46:11.243+0000] {dag.py:3722} INFO - Setting next_dagrun for example_params_trigger_ui to None, run_after=None
[2025-12-11T00:46:11.255+0000] {processor.py:179} INFO - Processing /home/airflow/.local/lib/python3.8/site-packages/airflow/example_dags/example_params_trigger_ui.py took 0.075 seconds
[2025-12-11T00:46:41.792+0000] {processor.py:157} INFO - Started process (PID=1086) to work on /home/airflow/.local/lib/python3.8/site-packages/airflow/example_dags/example_params_trigger_ui.py
[2025-12-11T00:46:41.792+0000] {processor.py:829} INFO - Processing file /home/airflow/.local/lib/python3.8/site-packages/airflow/example_dags/example_params_trigger_ui.py for tasks to queue
[2025-12-11T00:46:41.794+0000] {logging_mixin.py:154} INFO - [2025-12-11T00:46:41.794+0000] {dagbag.py:536} INFO - Filling up the DagBag from /home/airflow/.local/lib/python3.8/site-packages/airflow/example_dags/example_params_trigger_ui.py
[2025-12-11T00:46:41.805+0000] {processor.py:839} INFO - DAG(s) dict_keys(['example_params_trigger_ui']) retrieved from /home/airflow/.local/lib/python3.8/site-packages/airflow/example_dags/example_params_trigger_ui.py
[2025-12-11T00:46:41.836+0000] {logging_mixin.py:154} INFO - [2025-12-11T00:46:41.836+0000] {dag.py:2941} INFO - Sync 1 DAGs
[2025-12-11T00:46:41.843+0000] {logging_mixin.py:154} INFO - [2025-12-11T00:46:41.843+0000] {dag.py:3722} INFO - Setting next_dagrun for example_params_trigger_ui to None, run_after=None
[2025-12-11T00:46:41.853+0000] {processor.py:179} INFO - Processing /home/airflow/.local/lib/python3.8/site-packages/airflow/example_dags/example_params_trigger_ui.py took 0.066 seconds
[2025-12-11T00:47:12.363+0000] {processor.py:157} INFO - Started process (PID=1141) to work on /home/airflow/.local/lib/python3.8/site-packages/airflow/example_dags/example_params_trigger_ui.py
[2025-12-11T00:47:12.366+0000] {processor.py:829} INFO - Processing file /home/airflow/.local/lib/python3.8/site-packages/airflow/example_dags/example_params_trigger_ui.py for tasks to queue
[2025-12-11T00:47:12.368+0000] {logging_mixin.py:154} INFO - [2025-12-11T00:47:12.368+0000] {dagbag.py:536} INFO - Filling up the DagBag from /home/airflow/.local/lib/python3.8/site-packages/airflow/example_dags/example_params_trigger_ui.py
[2025-12-11T00:47:12.381+0000] {processor.py:839} INFO - DAG(s) dict_keys(['example_params_trigger_ui']) retrieved from /home/airflow/.local/lib/python3.8/site-packages/airflow/example_dags/example_params_trigger_ui.py
[2025-12-11T00:47:12.413+0000] {logging_mixin.py:154} INFO - [2025-12-11T00:47:12.412+0000] {dag.py:2941} INFO - Sync 1 DAGs
[2025-12-11T00:47:12.420+0000] {logging_mixin.py:154} INFO - [2025-12-11T00:47:12.420+0000] {dag.py:3722} INFO - Setting next_dagrun for example_params_trigger_ui to None, run_after=None
[2025-12-11T00:47:12.432+0000] {processor.py:179} INFO - Processing /home/airflow/.local/lib/python3.8/site-packages/airflow/example_dags/example_params_trigger_ui.py took 0.072 seconds
[2025-12-11T00:47:43.012+0000] {processor.py:157} INFO - Started process (PID=1196) to work on /home/airflow/.local/lib/python3.8/site-packages/airflow/example_dags/example_params_trigger_ui.py
[2025-12-11T00:47:43.015+0000] {processor.py:829} INFO - Processing file /home/airflow/.local/lib/python3.8/site-packages/airflow/example_dags/example_params_trigger_ui.py for tasks to queue
[2025-12-11T00:47:43.017+0000] {logging_mixin.py:154} INFO - [2025-12-11T00:47:43.017+0000] {dagbag.py:536} INFO - Filling up the DagBag from /home/airflow/.local/lib/python3.8/site-packages/airflow/example_dags/example_params_trigger_ui.py
[2025-12-11T00:47:43.028+0000] {processor.py:839} INFO - DAG(s) dict_keys(['example_params_trigger_ui']) retrieved from /home/airflow/.local/lib/python3.8/site-packages/airflow/example_dags/example_params_trigger_ui.py
[2025-12-11T00:47:43.057+0000] {logging_mixin.py:154} INFO - [2025-12-11T00:47:43.056+0000] {dag.py:2941} INFO - Sync 1 DAGs
[2025-12-11T00:47:43.064+0000] {logging_mixin.py:154} INFO - [2025-12-11T00:47:43.063+0000] {dag.py:3722} INFO - Setting next_dagrun for example_params_trigger_ui to None, run_after=None
[2025-12-11T00:47:43.075+0000] {processor.py:179} INFO - Processing /home/airflow/.local/lib/python3.8/site-packages/airflow/example_dags/example_params_trigger_ui.py took 0.066 seconds
[2025-12-11T00:48:13.212+0000] {processor.py:157} INFO - Started process (PID=1251) to work on /home/airflow/.local/lib/python3.8/site-packages/airflow/example_dags/example_params_trigger_ui.py
[2025-12-11T00:48:13.214+0000] {processor.py:829} INFO - Processing file /home/airflow/.local/lib/python3.8/site-packages/airflow/example_dags/example_params_trigger_ui.py for tasks to queue
[2025-12-11T00:48:13.215+0000] {logging_mixin.py:154} INFO - [2025-12-11T00:48:13.215+0000] {dagbag.py:536} INFO - Filling up the DagBag from /home/airflow/.local/lib/python3.8/site-packages/airflow/example_dags/example_params_trigger_ui.py
[2025-12-11T00:48:13.233+0000] {processor.py:839} INFO - DAG(s) dict_keys(['example_params_trigger_ui']) retrieved from /home/airflow/.local/lib/python3.8/site-packages/airflow/example_dags/example_params_trigger_ui.py
[2025-12-11T00:48:13.269+0000] {logging_mixin.py:154} INFO - [2025-12-11T00:48:13.269+0000] {dag.py:2941} INFO - Sync 1 DAGs
[2025-12-11T00:48:13.277+0000] {logging_mixin.py:154} INFO - [2025-12-11T00:48:13.277+0000] {dag.py:3722} INFO - Setting next_dagrun for example_params_trigger_ui to None, run_after=None
[2025-12-11T00:48:13.288+0000] {processor.py:179} INFO - Processing /home/airflow/.local/lib/python3.8/site-packages/airflow/example_dags/example_params_trigger_ui.py took 0.080 seconds
[2025-12-11T00:48:44.075+0000] {processor.py:157} INFO - Started process (PID=1306) to work on /home/airflow/.local/lib/python3.8/site-packages/airflow/example_dags/example_params_trigger_ui.py
[2025-12-11T00:48:44.076+0000] {processor.py:829} INFO - Processing file /home/airflow/.local/lib/python3.8/site-packages/airflow/example_dags/example_params_trigger_ui.py for tasks to queue
[2025-12-11T00:48:44.077+0000] {logging_mixin.py:154} INFO - [2025-12-11T00:48:44.077+0000] {dagbag.py:536} INFO - Filling up the DagBag from /home/airflow/.local/lib/python3.8/site-packages/airflow/example_dags/example_params_trigger_ui.py
[2025-12-11T00:48:44.089+0000] {processor.py:839} INFO - DAG(s) dict_keys(['example_params_trigger_ui']) retrieved from /home/airflow/.local/lib/python3.8/site-packages/airflow/example_dags/example_params_trigger_ui.py
[2025-12-11T00:48:44.123+0000] {logging_mixin.py:154} INFO - [2025-12-11T00:48:44.123+0000] {dag.py:2941} INFO - Sync 1 DAGs
[2025-12-11T00:48:44.130+0000] {logging_mixin.py:154} INFO - [2025-12-11T00:48:44.130+0000] {dag.py:3722} INFO - Setting next_dagrun for example_params_trigger_ui to None, run_after=None
[2025-12-11T00:48:44.142+0000] {processor.py:179} INFO - Processing /home/airflow/.local/lib/python3.8/site-packages/airflow/example_dags/example_params_trigger_ui.py took 0.069 seconds
[2025-12-11T00:49:14.671+0000] {processor.py:157} INFO - Started process (PID=1361) to work on /home/airflow/.local/lib/python3.8/site-packages/airflow/example_dags/example_params_trigger_ui.py
[2025-12-11T00:49:14.680+0000] {processor.py:829} INFO - Processing file /home/airflow/.local/lib/python3.8/site-packages/airflow/example_dags/example_params_trigger_ui.py for tasks to queue
[2025-12-11T00:49:14.682+0000] {logging_mixin.py:154} INFO - [2025-12-11T00:49:14.682+0000] {dagbag.py:536} INFO - Filling up the DagBag from /home/airflow/.local/lib/python3.8/site-packages/airflow/example_dags/example_params_trigger_ui.py
[2025-12-11T00:49:14.696+0000] {processor.py:839} INFO - DAG(s) dict_keys(['example_params_trigger_ui']) retrieved from /home/airflow/.local/lib/python3.8/site-packages/airflow/example_dags/example_params_trigger_ui.py
[2025-12-11T00:49:14.738+0000] {logging_mixin.py:154} INFO - [2025-12-11T00:49:14.738+0000] {dag.py:2941} INFO - Sync 1 DAGs
[2025-12-11T00:49:14.748+0000] {logging_mixin.py:154} INFO - [2025-12-11T00:49:14.748+0000] {dag.py:3722} INFO - Setting next_dagrun for example_params_trigger_ui to None, run_after=None
[2025-12-11T00:49:14.778+0000] {processor.py:179} INFO - Processing /home/airflow/.local/lib/python3.8/site-packages/airflow/example_dags/example_params_trigger_ui.py took 0.110 seconds
[2025-12-11T00:49:44.964+0000] {processor.py:157} INFO - Started process (PID=1416) to work on /home/airflow/.local/lib/python3.8/site-packages/airflow/example_dags/example_params_trigger_ui.py
[2025-12-11T00:49:44.966+0000] {processor.py:829} INFO - Processing file /home/airflow/.local/lib/python3.8/site-packages/airflow/example_dags/example_params_trigger_ui.py for tasks to queue
[2025-12-11T00:49:44.968+0000] {logging_mixin.py:154} INFO - [2025-12-11T00:49:44.968+0000] {dagbag.py:536} INFO - Filling up the DagBag from /home/airflow/.local/lib/python3.8/site-packages/airflow/example_dags/example_params_trigger_ui.py
[2025-12-11T00:49:44.978+0000] {processor.py:839} INFO - DAG(s) dict_keys(['example_params_trigger_ui']) retrieved from /home/airflow/.local/lib/python3.8/site-packages/airflow/example_dags/example_params_trigger_ui.py
[2025-12-11T00:49:45.017+0000] {logging_mixin.py:154} INFO - [2025-12-11T00:49:45.016+0000] {dag.py:2941} INFO - Sync 1 DAGs
[2025-12-11T00:49:45.025+0000] {logging_mixin.py:154} INFO - [2025-12-11T00:49:45.024+0000] {dag.py:3722} INFO - Setting next_dagrun for example_params_trigger_ui to None, run_after=None
[2025-12-11T00:49:45.036+0000] {processor.py:179} INFO - Processing /home/airflow/.local/lib/python3.8/site-packages/airflow/example_dags/example_params_trigger_ui.py took 0.076 seconds
[2025-12-11T00:50:15.138+0000] {processor.py:157} INFO - Started process (PID=1471) to work on /home/airflow/.local/lib/python3.8/site-packages/airflow/example_dags/example_params_trigger_ui.py
[2025-12-11T00:50:15.139+0000] {processor.py:829} INFO - Processing file /home/airflow/.local/lib/python3.8/site-packages/airflow/example_dags/example_params_trigger_ui.py for tasks to queue
[2025-12-11T00:50:15.140+0000] {logging_mixin.py:154} INFO - [2025-12-11T00:50:15.140+0000] {dagbag.py:536} INFO - Filling up the DagBag from /home/airflow/.local/lib/python3.8/site-packages/airflow/example_dags/example_params_trigger_ui.py
[2025-12-11T00:50:15.150+0000] {processor.py:839} INFO - DAG(s) dict_keys(['example_params_trigger_ui']) retrieved from /home/airflow/.local/lib/python3.8/site-packages/airflow/example_dags/example_params_trigger_ui.py
[2025-12-11T00:50:15.179+0000] {logging_mixin.py:154} INFO - [2025-12-11T00:50:15.179+0000] {dag.py:2941} INFO - Sync 1 DAGs
[2025-12-11T00:50:15.186+0000] {logging_mixin.py:154} INFO - [2025-12-11T00:50:15.186+0000] {dag.py:3722} INFO - Setting next_dagrun for example_params_trigger_ui to None, run_after=None
[2025-12-11T00:50:15.200+0000] {processor.py:179} INFO - Processing /home/airflow/.local/lib/python3.8/site-packages/airflow/example_dags/example_params_trigger_ui.py took 0.066 seconds
[2025-12-11T00:50:45.446+0000] {processor.py:157} INFO - Started process (PID=1526) to work on /home/airflow/.local/lib/python3.8/site-packages/airflow/example_dags/example_params_trigger_ui.py
[2025-12-11T00:50:45.447+0000] {processor.py:829} INFO - Processing file /home/airflow/.local/lib/python3.8/site-packages/airflow/example_dags/example_params_trigger_ui.py for tasks to queue
[2025-12-11T00:50:45.448+0000] {logging_mixin.py:154} INFO - [2025-12-11T00:50:45.448+0000] {dagbag.py:536} INFO - Filling up the DagBag from /home/airflow/.local/lib/python3.8/site-packages/airflow/example_dags/example_params_trigger_ui.py
[2025-12-11T00:50:45.458+0000] {processor.py:839} INFO - DAG(s) dict_keys(['example_params_trigger_ui']) retrieved from /home/airflow/.local/lib/python3.8/site-packages/airflow/example_dags/example_params_trigger_ui.py
[2025-12-11T00:50:45.488+0000] {logging_mixin.py:154} INFO - [2025-12-11T00:50:45.488+0000] {dag.py:2941} INFO - Sync 1 DAGs
[2025-12-11T00:50:45.496+0000] {logging_mixin.py:154} INFO - [2025-12-11T00:50:45.496+0000] {dag.py:3722} INFO - Setting next_dagrun for example_params_trigger_ui to None, run_after=None
[2025-12-11T00:50:45.508+0000] {processor.py:179} INFO - Processing /home/airflow/.local/lib/python3.8/site-packages/airflow/example_dags/example_params_trigger_ui.py took 0.066 seconds
[2025-12-11T00:51:16.199+0000] {processor.py:157} INFO - Started process (PID=1581) to work on /home/airflow/.local/lib/python3.8/site-packages/airflow/example_dags/example_params_trigger_ui.py
[2025-12-11T00:51:16.200+0000] {processor.py:829} INFO - Processing file /home/airflow/.local/lib/python3.8/site-packages/airflow/example_dags/example_params_trigger_ui.py for tasks to queue
[2025-12-11T00:51:16.202+0000] {logging_mixin.py:154} INFO - [2025-12-11T00:51:16.202+0000] {dagbag.py:536} INFO - Filling up the DagBag from /home/airflow/.local/lib/python3.8/site-packages/airflow/example_dags/example_params_trigger_ui.py
[2025-12-11T00:51:16.212+0000] {processor.py:839} INFO - DAG(s) dict_keys(['example_params_trigger_ui']) retrieved from /home/airflow/.local/lib/python3.8/site-packages/airflow/example_dags/example_params_trigger_ui.py
[2025-12-11T00:51:16.241+0000] {logging_mixin.py:154} INFO - [2025-12-11T00:51:16.241+0000] {dag.py:2941} INFO - Sync 1 DAGs
[2025-12-11T00:51:16.248+0000] {logging_mixin.py:154} INFO - [2025-12-11T00:51:16.248+0000] {dag.py:3722} INFO - Setting next_dagrun for example_params_trigger_ui to None, run_after=None
[2025-12-11T00:51:16.264+0000] {processor.py:179} INFO - Processing /home/airflow/.local/lib/python3.8/site-packages/airflow/example_dags/example_params_trigger_ui.py took 0.069 seconds
[2025-12-11T00:51:46.301+0000] {processor.py:157} INFO - Started process (PID=1636) to work on /home/airflow/.local/lib/python3.8/site-packages/airflow/example_dags/example_params_trigger_ui.py
[2025-12-11T00:51:46.302+0000] {processor.py:829} INFO - Processing file /home/airflow/.local/lib/python3.8/site-packages/airflow/example_dags/example_params_trigger_ui.py for tasks to queue
[2025-12-11T00:51:46.304+0000] {logging_mixin.py:154} INFO - [2025-12-11T00:51:46.304+0000] {dagbag.py:536} INFO - Filling up the DagBag from /home/airflow/.local/lib/python3.8/site-packages/airflow/example_dags/example_params_trigger_ui.py
[2025-12-11T00:51:46.323+0000] {processor.py:839} INFO - DAG(s) dict_keys(['example_params_trigger_ui']) retrieved from /home/airflow/.local/lib/python3.8/site-packages/airflow/example_dags/example_params_trigger_ui.py
[2025-12-11T00:51:46.353+0000] {logging_mixin.py:154} INFO - [2025-12-11T00:51:46.353+0000] {dag.py:2941} INFO - Sync 1 DAGs
[2025-12-11T00:51:46.360+0000] {logging_mixin.py:154} INFO - [2025-12-11T00:51:46.360+0000] {dag.py:3722} INFO - Setting next_dagrun for example_params_trigger_ui to None, run_after=None
[2025-12-11T00:51:46.373+0000] {processor.py:179} INFO - Processing /home/airflow/.local/lib/python3.8/site-packages/airflow/example_dags/example_params_trigger_ui.py took 0.076 seconds
[2025-12-11T00:52:16.444+0000] {processor.py:157} INFO - Started process (PID=1691) to work on /home/airflow/.local/lib/python3.8/site-packages/airflow/example_dags/example_params_trigger_ui.py
[2025-12-11T00:52:16.450+0000] {processor.py:829} INFO - Processing file /home/airflow/.local/lib/python3.8/site-packages/airflow/example_dags/example_params_trigger_ui.py for tasks to queue
[2025-12-11T00:52:16.451+0000] {logging_mixin.py:154} INFO - [2025-12-11T00:52:16.451+0000] {dagbag.py:536} INFO - Filling up the DagBag from /home/airflow/.local/lib/python3.8/site-packages/airflow/example_dags/example_params_trigger_ui.py
[2025-12-11T00:52:16.461+0000] {processor.py:839} INFO - DAG(s) dict_keys(['example_params_trigger_ui']) retrieved from /home/airflow/.local/lib/python3.8/site-packages/airflow/example_dags/example_params_trigger_ui.py
[2025-12-11T00:52:16.494+0000] {logging_mixin.py:154} INFO - [2025-12-11T00:52:16.493+0000] {dag.py:2941} INFO - Sync 1 DAGs
[2025-12-11T00:52:16.503+0000] {logging_mixin.py:154} INFO - [2025-12-11T00:52:16.503+0000] {dag.py:3722} INFO - Setting next_dagrun for example_params_trigger_ui to None, run_after=None
[2025-12-11T00:52:16.543+0000] {processor.py:179} INFO - Processing /home/airflow/.local/lib/python3.8/site-packages/airflow/example_dags/example_params_trigger_ui.py took 0.100 seconds
[2025-12-11T00:52:46.654+0000] {processor.py:157} INFO - Started process (PID=1746) to work on /home/airflow/.local/lib/python3.8/site-packages/airflow/example_dags/example_params_trigger_ui.py
[2025-12-11T00:52:46.657+0000] {processor.py:829} INFO - Processing file /home/airflow/.local/lib/python3.8/site-packages/airflow/example_dags/example_params_trigger_ui.py for tasks to queue
[2025-12-11T00:52:46.659+0000] {logging_mixin.py:154} INFO - [2025-12-11T00:52:46.658+0000] {dagbag.py:536} INFO - Filling up the DagBag from /home/airflow/.local/lib/python3.8/site-packages/airflow/example_dags/example_params_trigger_ui.py
[2025-12-11T00:52:46.669+0000] {processor.py:839} INFO - DAG(s) dict_keys(['example_params_trigger_ui']) retrieved from /home/airflow/.local/lib/python3.8/site-packages/airflow/example_dags/example_params_trigger_ui.py
[2025-12-11T00:52:46.699+0000] {logging_mixin.py:154} INFO - [2025-12-11T00:52:46.699+0000] {dag.py:2941} INFO - Sync 1 DAGs
[2025-12-11T00:52:46.707+0000] {logging_mixin.py:154} INFO - [2025-12-11T00:52:46.707+0000] {dag.py:3722} INFO - Setting next_dagrun for example_params_trigger_ui to None, run_after=None
[2025-12-11T00:52:46.721+0000] {processor.py:179} INFO - Processing /home/airflow/.local/lib/python3.8/site-packages/airflow/example_dags/example_params_trigger_ui.py took 0.070 seconds
[2025-12-11T00:53:17.354+0000] {processor.py:157} INFO - Started process (PID=1801) to work on /home/airflow/.local/lib/python3.8/site-packages/airflow/example_dags/example_params_trigger_ui.py
[2025-12-11T00:53:17.355+0000] {processor.py:829} INFO - Processing file /home/airflow/.local/lib/python3.8/site-packages/airflow/example_dags/example_params_trigger_ui.py for tasks to queue
[2025-12-11T00:53:17.357+0000] {logging_mixin.py:154} INFO - [2025-12-11T00:53:17.356+0000] {dagbag.py:536} INFO - Filling up the DagBag from /home/airflow/.local/lib/python3.8/site-packages/airflow/example_dags/example_params_trigger_ui.py
[2025-12-11T00:53:17.366+0000] {processor.py:839} INFO - DAG(s) dict_keys(['example_params_trigger_ui']) retrieved from /home/airflow/.local/lib/python3.8/site-packages/airflow/example_dags/example_params_trigger_ui.py
[2025-12-11T00:53:17.397+0000] {logging_mixin.py:154} INFO - [2025-12-11T00:53:17.397+0000] {dag.py:2941} INFO - Sync 1 DAGs
[2025-12-11T00:53:17.405+0000] {logging_mixin.py:154} INFO - [2025-12-11T00:53:17.404+0000] {dag.py:3722} INFO - Setting next_dagrun for example_params_trigger_ui to None, run_after=None
[2025-12-11T00:53:17.422+0000] {processor.py:179} INFO - Processing /home/airflow/.local/lib/python3.8/site-packages/airflow/example_dags/example_params_trigger_ui.py took 0.070 seconds
[2025-12-11T00:53:47.929+0000] {processor.py:157} INFO - Started process (PID=1856) to work on /home/airflow/.local/lib/python3.8/site-packages/airflow/example_dags/example_params_trigger_ui.py
[2025-12-11T00:53:47.932+0000] {processor.py:829} INFO - Processing file /home/airflow/.local/lib/python3.8/site-packages/airflow/example_dags/example_params_trigger_ui.py for tasks to queue
[2025-12-11T00:53:47.934+0000] {logging_mixin.py:154} INFO - [2025-12-11T00:53:47.934+0000] {dagbag.py:536} INFO - Filling up the DagBag from /home/airflow/.local/lib/python3.8/site-packages/airflow/example_dags/example_params_trigger_ui.py
[2025-12-11T00:53:47.946+0000] {processor.py:839} INFO - DAG(s) dict_keys(['example_params_trigger_ui']) retrieved from /home/airflow/.local/lib/python3.8/site-packages/airflow/example_dags/example_params_trigger_ui.py
[2025-12-11T00:53:47.976+0000] {logging_mixin.py:154} INFO - [2025-12-11T00:53:47.976+0000] {dag.py:2941} INFO - Sync 1 DAGs
[2025-12-11T00:53:47.984+0000] {logging_mixin.py:154} INFO - [2025-12-11T00:53:47.984+0000] {dag.py:3722} INFO - Setting next_dagrun for example_params_trigger_ui to None, run_after=None
[2025-12-11T00:53:47.996+0000] {processor.py:179} INFO - Processing /home/airflow/.local/lib/python3.8/site-packages/airflow/example_dags/example_params_trigger_ui.py took 0.070 seconds
[2025-12-11T00:54:18.323+0000] {processor.py:157} INFO - Started process (PID=1912) to work on /home/airflow/.local/lib/python3.8/site-packages/airflow/example_dags/example_params_trigger_ui.py
[2025-12-11T00:54:18.324+0000] {processor.py:829} INFO - Processing file /home/airflow/.local/lib/python3.8/site-packages/airflow/example_dags/example_params_trigger_ui.py for tasks to queue
[2025-12-11T00:54:18.327+0000] {logging_mixin.py:154} INFO - [2025-12-11T00:54:18.326+0000] {dagbag.py:536} INFO - Filling up the DagBag from /home/airflow/.local/lib/python3.8/site-packages/airflow/example_dags/example_params_trigger_ui.py
[2025-12-11T00:54:18.340+0000] {processor.py:839} INFO - DAG(s) dict_keys(['example_params_trigger_ui']) retrieved from /home/airflow/.local/lib/python3.8/site-packages/airflow/example_dags/example_params_trigger_ui.py
[2025-12-11T00:54:18.367+0000] {logging_mixin.py:154} INFO - [2025-12-11T00:54:18.367+0000] {dag.py:2941} INFO - Sync 1 DAGs
[2025-12-11T00:54:18.374+0000] {logging_mixin.py:154} INFO - [2025-12-11T00:54:18.374+0000] {dag.py:3722} INFO - Setting next_dagrun for example_params_trigger_ui to None, run_after=None
[2025-12-11T00:54:18.390+0000] {processor.py:179} INFO - Processing /home/airflow/.local/lib/python3.8/site-packages/airflow/example_dags/example_params_trigger_ui.py took 0.071 seconds
[2025-12-11T00:54:48.733+0000] {processor.py:157} INFO - Started process (PID=1967) to work on /home/airflow/.local/lib/python3.8/site-packages/airflow/example_dags/example_params_trigger_ui.py
[2025-12-11T00:54:48.734+0000] {processor.py:829} INFO - Processing file /home/airflow/.local/lib/python3.8/site-packages/airflow/example_dags/example_params_trigger_ui.py for tasks to queue
[2025-12-11T00:54:48.735+0000] {logging_mixin.py:154} INFO - [2025-12-11T00:54:48.735+0000] {dagbag.py:536} INFO - Filling up the DagBag from /home/airflow/.local/lib/python3.8/site-packages/airflow/example_dags/example_params_trigger_ui.py
[2025-12-11T00:54:48.749+0000] {processor.py:839} INFO - DAG(s) dict_keys(['example_params_trigger_ui']) retrieved from /home/airflow/.local/lib/python3.8/site-packages/airflow/example_dags/example_params_trigger_ui.py
[2025-12-11T00:54:48.778+0000] {logging_mixin.py:154} INFO - [2025-12-11T00:54:48.778+0000] {dag.py:2941} INFO - Sync 1 DAGs
[2025-12-11T00:54:48.785+0000] {logging_mixin.py:154} INFO - [2025-12-11T00:54:48.785+0000] {dag.py:3722} INFO - Setting next_dagrun for example_params_trigger_ui to None, run_after=None
[2025-12-11T00:54:48.799+0000] {processor.py:179} INFO - Processing /home/airflow/.local/lib/python3.8/site-packages/airflow/example_dags/example_params_trigger_ui.py took 0.069 seconds
[2025-12-11T00:55:19.027+0000] {processor.py:157} INFO - Started process (PID=2022) to work on /home/airflow/.local/lib/python3.8/site-packages/airflow/example_dags/example_params_trigger_ui.py
[2025-12-11T00:55:19.028+0000] {processor.py:829} INFO - Processing file /home/airflow/.local/lib/python3.8/site-packages/airflow/example_dags/example_params_trigger_ui.py for tasks to queue
[2025-12-11T00:55:19.029+0000] {logging_mixin.py:154} INFO - [2025-12-11T00:55:19.029+0000] {dagbag.py:536} INFO - Filling up the DagBag from /home/airflow/.local/lib/python3.8/site-packages/airflow/example_dags/example_params_trigger_ui.py
[2025-12-11T00:55:19.082+0000] {processor.py:839} INFO - DAG(s) dict_keys(['example_params_trigger_ui']) retrieved from /home/airflow/.local/lib/python3.8/site-packages/airflow/example_dags/example_params_trigger_ui.py
[2025-12-11T00:55:19.192+0000] {logging_mixin.py:154} INFO - [2025-12-11T00:55:19.192+0000] {dag.py:2941} INFO - Sync 1 DAGs
[2025-12-11T00:55:19.200+0000] {logging_mixin.py:154} INFO - [2025-12-11T00:55:19.200+0000] {dag.py:3722} INFO - Setting next_dagrun for example_params_trigger_ui to None, run_after=None
[2025-12-11T00:55:19.213+0000] {processor.py:179} INFO - Processing /home/airflow/.local/lib/python3.8/site-packages/airflow/example_dags/example_params_trigger_ui.py took 0.206 seconds
