[2025-12-11T00:38:16.714+0000] {processor.py:157} INFO - Started process (PID=197) to work on /home/airflow/.local/lib/python3.8/site-packages/airflow/example_dags/example_python_operator.py
[2025-12-11T00:38:16.715+0000] {processor.py:829} INFO - Processing file /home/airflow/.local/lib/python3.8/site-packages/airflow/example_dags/example_python_operator.py for tasks to queue
[2025-12-11T00:38:16.716+0000] {logging_mixin.py:154} INFO - [2025-12-11T00:38:16.716+0000] {dagbag.py:536} INFO - Filling up the DagBag from /home/airflow/.local/lib/python3.8/site-packages/airflow/example_dags/example_python_operator.py
[2025-12-11T00:38:16.726+0000] {processor.py:839} INFO - DAG(s) dict_keys(['example_python_operator']) retrieved from /home/airflow/.local/lib/python3.8/site-packages/airflow/example_dags/example_python_operator.py
[2025-12-11T00:38:16.736+0000] {logging_mixin.py:154} INFO - [2025-12-11T00:38:16.736+0000] {dag.py:2941} INFO - Sync 1 DAGs
[2025-12-11T00:38:16.746+0000] {logging_mixin.py:154} INFO - [2025-12-11T00:38:16.746+0000] {dag.py:3722} INFO - Setting next_dagrun for example_python_operator to None, run_after=None
[2025-12-11T00:38:16.763+0000] {processor.py:179} INFO - Processing /home/airflow/.local/lib/python3.8/site-packages/airflow/example_dags/example_python_operator.py took 0.051 seconds
[2025-12-11T00:38:47.115+0000] {processor.py:157} INFO - Started process (PID=256) to work on /home/airflow/.local/lib/python3.8/site-packages/airflow/example_dags/example_python_operator.py
[2025-12-11T00:38:47.115+0000] {processor.py:829} INFO - Processing file /home/airflow/.local/lib/python3.8/site-packages/airflow/example_dags/example_python_operator.py for tasks to queue
[2025-12-11T00:38:47.116+0000] {logging_mixin.py:154} INFO - [2025-12-11T00:38:47.116+0000] {dagbag.py:536} INFO - Filling up the DagBag from /home/airflow/.local/lib/python3.8/site-packages/airflow/example_dags/example_python_operator.py
[2025-12-11T00:38:47.123+0000] {processor.py:839} INFO - DAG(s) dict_keys(['example_python_operator']) retrieved from /home/airflow/.local/lib/python3.8/site-packages/airflow/example_dags/example_python_operator.py
[2025-12-11T00:38:47.195+0000] {logging_mixin.py:154} INFO - [2025-12-11T00:38:47.195+0000] {dag.py:2941} INFO - Sync 1 DAGs
[2025-12-11T00:38:47.202+0000] {logging_mixin.py:154} INFO - [2025-12-11T00:38:47.202+0000] {dag.py:3722} INFO - Setting next_dagrun for example_python_operator to None, run_after=None
[2025-12-11T00:38:47.213+0000] {processor.py:179} INFO - Processing /home/airflow/.local/lib/python3.8/site-packages/airflow/example_dags/example_python_operator.py took 0.100 seconds
[2025-12-11T00:39:17.493+0000] {processor.py:157} INFO - Started process (PID=311) to work on /home/airflow/.local/lib/python3.8/site-packages/airflow/example_dags/example_python_operator.py
[2025-12-11T00:39:17.493+0000] {processor.py:829} INFO - Processing file /home/airflow/.local/lib/python3.8/site-packages/airflow/example_dags/example_python_operator.py for tasks to queue
[2025-12-11T00:39:17.494+0000] {logging_mixin.py:154} INFO - [2025-12-11T00:39:17.494+0000] {dagbag.py:536} INFO - Filling up the DagBag from /home/airflow/.local/lib/python3.8/site-packages/airflow/example_dags/example_python_operator.py
[2025-12-11T00:39:17.500+0000] {processor.py:839} INFO - DAG(s) dict_keys(['example_python_operator']) retrieved from /home/airflow/.local/lib/python3.8/site-packages/airflow/example_dags/example_python_operator.py
[2025-12-11T00:39:17.513+0000] {logging_mixin.py:154} INFO - [2025-12-11T00:39:17.513+0000] {dag.py:2941} INFO - Sync 1 DAGs
[2025-12-11T00:39:17.520+0000] {logging_mixin.py:154} INFO - [2025-12-11T00:39:17.520+0000] {dag.py:3722} INFO - Setting next_dagrun for example_python_operator to None, run_after=None
[2025-12-11T00:39:17.540+0000] {processor.py:179} INFO - Processing /home/airflow/.local/lib/python3.8/site-packages/airflow/example_dags/example_python_operator.py took 0.049 seconds
[2025-12-11T00:39:47.802+0000] {processor.py:157} INFO - Started process (PID=366) to work on /home/airflow/.local/lib/python3.8/site-packages/airflow/example_dags/example_python_operator.py
[2025-12-11T00:39:47.802+0000] {processor.py:829} INFO - Processing file /home/airflow/.local/lib/python3.8/site-packages/airflow/example_dags/example_python_operator.py for tasks to queue
[2025-12-11T00:39:47.803+0000] {logging_mixin.py:154} INFO - [2025-12-11T00:39:47.803+0000] {dagbag.py:536} INFO - Filling up the DagBag from /home/airflow/.local/lib/python3.8/site-packages/airflow/example_dags/example_python_operator.py
[2025-12-11T00:39:47.809+0000] {processor.py:839} INFO - DAG(s) dict_keys(['example_python_operator']) retrieved from /home/airflow/.local/lib/python3.8/site-packages/airflow/example_dags/example_python_operator.py
[2025-12-11T00:39:47.824+0000] {logging_mixin.py:154} INFO - [2025-12-11T00:39:47.824+0000] {dag.py:2941} INFO - Sync 1 DAGs
[2025-12-11T00:39:47.833+0000] {logging_mixin.py:154} INFO - [2025-12-11T00:39:47.833+0000] {dag.py:3722} INFO - Setting next_dagrun for example_python_operator to None, run_after=None
[2025-12-11T00:39:47.854+0000] {processor.py:179} INFO - Processing /home/airflow/.local/lib/python3.8/site-packages/airflow/example_dags/example_python_operator.py took 0.054 seconds
[2025-12-11T00:40:25.320+0000] {processor.py:157} INFO - Started process (PID=428) to work on /home/airflow/.local/lib/python3.8/site-packages/airflow/example_dags/example_python_operator.py
[2025-12-11T00:40:25.321+0000] {processor.py:829} INFO - Processing file /home/airflow/.local/lib/python3.8/site-packages/airflow/example_dags/example_python_operator.py for tasks to queue
[2025-12-11T00:40:25.322+0000] {logging_mixin.py:154} INFO - [2025-12-11T00:40:25.322+0000] {dagbag.py:536} INFO - Filling up the DagBag from /home/airflow/.local/lib/python3.8/site-packages/airflow/example_dags/example_python_operator.py
[2025-12-11T00:40:25.330+0000] {processor.py:839} INFO - DAG(s) dict_keys(['example_python_operator']) retrieved from /home/airflow/.local/lib/python3.8/site-packages/airflow/example_dags/example_python_operator.py
[2025-12-11T00:40:25.346+0000] {logging_mixin.py:154} INFO - [2025-12-11T00:40:25.346+0000] {dag.py:2941} INFO - Sync 1 DAGs
[2025-12-11T00:40:25.353+0000] {logging_mixin.py:154} INFO - [2025-12-11T00:40:25.353+0000] {dag.py:3722} INFO - Setting next_dagrun for example_python_operator to None, run_after=None
[2025-12-11T00:40:25.365+0000] {processor.py:179} INFO - Processing /home/airflow/.local/lib/python3.8/site-packages/airflow/example_dags/example_python_operator.py took 0.047 seconds
[2025-12-11T00:40:56.049+0000] {processor.py:157} INFO - Started process (PID=483) to work on /home/airflow/.local/lib/python3.8/site-packages/airflow/example_dags/example_python_operator.py
[2025-12-11T00:40:56.050+0000] {processor.py:829} INFO - Processing file /home/airflow/.local/lib/python3.8/site-packages/airflow/example_dags/example_python_operator.py for tasks to queue
[2025-12-11T00:40:56.052+0000] {logging_mixin.py:154} INFO - [2025-12-11T00:40:56.051+0000] {dagbag.py:536} INFO - Filling up the DagBag from /home/airflow/.local/lib/python3.8/site-packages/airflow/example_dags/example_python_operator.py
[2025-12-11T00:40:56.057+0000] {processor.py:839} INFO - DAG(s) dict_keys(['example_python_operator']) retrieved from /home/airflow/.local/lib/python3.8/site-packages/airflow/example_dags/example_python_operator.py
[2025-12-11T00:40:56.073+0000] {logging_mixin.py:154} INFO - [2025-12-11T00:40:56.073+0000] {dag.py:2941} INFO - Sync 1 DAGs
[2025-12-11T00:40:56.080+0000] {logging_mixin.py:154} INFO - [2025-12-11T00:40:56.080+0000] {dag.py:3722} INFO - Setting next_dagrun for example_python_operator to None, run_after=None
[2025-12-11T00:40:56.090+0000] {processor.py:179} INFO - Processing /home/airflow/.local/lib/python3.8/site-packages/airflow/example_dags/example_python_operator.py took 0.044 seconds
[2025-12-11T00:41:33.301+0000] {processor.py:157} INFO - Started process (PID=538) to work on /home/airflow/.local/lib/python3.8/site-packages/airflow/example_dags/example_python_operator.py
[2025-12-11T00:41:33.301+0000] {processor.py:829} INFO - Processing file /home/airflow/.local/lib/python3.8/site-packages/airflow/example_dags/example_python_operator.py for tasks to queue
[2025-12-11T00:41:33.302+0000] {logging_mixin.py:154} INFO - [2025-12-11T00:41:33.302+0000] {dagbag.py:536} INFO - Filling up the DagBag from /home/airflow/.local/lib/python3.8/site-packages/airflow/example_dags/example_python_operator.py
[2025-12-11T00:41:33.308+0000] {processor.py:839} INFO - DAG(s) dict_keys(['example_python_operator']) retrieved from /home/airflow/.local/lib/python3.8/site-packages/airflow/example_dags/example_python_operator.py
[2025-12-11T00:41:33.322+0000] {logging_mixin.py:154} INFO - [2025-12-11T00:41:33.322+0000] {dag.py:2941} INFO - Sync 1 DAGs
[2025-12-11T00:41:33.329+0000] {logging_mixin.py:154} INFO - [2025-12-11T00:41:33.329+0000] {dag.py:3722} INFO - Setting next_dagrun for example_python_operator to None, run_after=None
[2025-12-11T00:41:33.339+0000] {processor.py:179} INFO - Processing /home/airflow/.local/lib/python3.8/site-packages/airflow/example_dags/example_python_operator.py took 0.040 seconds
[2025-12-11T00:42:05.982+0000] {processor.py:157} INFO - Started process (PID=593) to work on /home/airflow/.local/lib/python3.8/site-packages/airflow/example_dags/example_python_operator.py
[2025-12-11T00:42:05.983+0000] {processor.py:829} INFO - Processing file /home/airflow/.local/lib/python3.8/site-packages/airflow/example_dags/example_python_operator.py for tasks to queue
[2025-12-11T00:42:05.984+0000] {logging_mixin.py:154} INFO - [2025-12-11T00:42:05.984+0000] {dagbag.py:536} INFO - Filling up the DagBag from /home/airflow/.local/lib/python3.8/site-packages/airflow/example_dags/example_python_operator.py
[2025-12-11T00:42:05.991+0000] {processor.py:839} INFO - DAG(s) dict_keys(['example_python_operator']) retrieved from /home/airflow/.local/lib/python3.8/site-packages/airflow/example_dags/example_python_operator.py
[2025-12-11T00:42:06.005+0000] {logging_mixin.py:154} INFO - [2025-12-11T00:42:06.005+0000] {dag.py:2941} INFO - Sync 1 DAGs
[2025-12-11T00:42:06.013+0000] {logging_mixin.py:154} INFO - [2025-12-11T00:42:06.013+0000] {dag.py:3722} INFO - Setting next_dagrun for example_python_operator to None, run_after=None
[2025-12-11T00:42:06.033+0000] {processor.py:179} INFO - Processing /home/airflow/.local/lib/python3.8/site-packages/airflow/example_dags/example_python_operator.py took 0.054 seconds
[2025-12-11T00:42:36.827+0000] {processor.py:157} INFO - Started process (PID=648) to work on /home/airflow/.local/lib/python3.8/site-packages/airflow/example_dags/example_python_operator.py
[2025-12-11T00:42:36.828+0000] {processor.py:829} INFO - Processing file /home/airflow/.local/lib/python3.8/site-packages/airflow/example_dags/example_python_operator.py for tasks to queue
[2025-12-11T00:42:36.829+0000] {logging_mixin.py:154} INFO - [2025-12-11T00:42:36.829+0000] {dagbag.py:536} INFO - Filling up the DagBag from /home/airflow/.local/lib/python3.8/site-packages/airflow/example_dags/example_python_operator.py
[2025-12-11T00:42:36.835+0000] {processor.py:839} INFO - DAG(s) dict_keys(['example_python_operator']) retrieved from /home/airflow/.local/lib/python3.8/site-packages/airflow/example_dags/example_python_operator.py
[2025-12-11T00:42:36.850+0000] {logging_mixin.py:154} INFO - [2025-12-11T00:42:36.850+0000] {dag.py:2941} INFO - Sync 1 DAGs
[2025-12-11T00:42:36.857+0000] {logging_mixin.py:154} INFO - [2025-12-11T00:42:36.856+0000] {dag.py:3722} INFO - Setting next_dagrun for example_python_operator to None, run_after=None
[2025-12-11T00:42:36.867+0000] {processor.py:179} INFO - Processing /home/airflow/.local/lib/python3.8/site-packages/airflow/example_dags/example_python_operator.py took 0.043 seconds
[2025-12-11T00:43:07.698+0000] {processor.py:157} INFO - Started process (PID=703) to work on /home/airflow/.local/lib/python3.8/site-packages/airflow/example_dags/example_python_operator.py
[2025-12-11T00:43:07.699+0000] {processor.py:829} INFO - Processing file /home/airflow/.local/lib/python3.8/site-packages/airflow/example_dags/example_python_operator.py for tasks to queue
[2025-12-11T00:43:07.700+0000] {logging_mixin.py:154} INFO - [2025-12-11T00:43:07.700+0000] {dagbag.py:536} INFO - Filling up the DagBag from /home/airflow/.local/lib/python3.8/site-packages/airflow/example_dags/example_python_operator.py
[2025-12-11T00:43:07.707+0000] {processor.py:839} INFO - DAG(s) dict_keys(['example_python_operator']) retrieved from /home/airflow/.local/lib/python3.8/site-packages/airflow/example_dags/example_python_operator.py
[2025-12-11T00:43:07.724+0000] {logging_mixin.py:154} INFO - [2025-12-11T00:43:07.723+0000] {dag.py:2941} INFO - Sync 1 DAGs
[2025-12-11T00:43:07.736+0000] {logging_mixin.py:154} INFO - [2025-12-11T00:43:07.736+0000] {dag.py:3722} INFO - Setting next_dagrun for example_python_operator to None, run_after=None
[2025-12-11T00:43:07.753+0000] {processor.py:179} INFO - Processing /home/airflow/.local/lib/python3.8/site-packages/airflow/example_dags/example_python_operator.py took 0.057 seconds
[2025-12-11T00:43:38.678+0000] {processor.py:157} INFO - Started process (PID=758) to work on /home/airflow/.local/lib/python3.8/site-packages/airflow/example_dags/example_python_operator.py
[2025-12-11T00:43:38.679+0000] {processor.py:829} INFO - Processing file /home/airflow/.local/lib/python3.8/site-packages/airflow/example_dags/example_python_operator.py for tasks to queue
[2025-12-11T00:43:38.680+0000] {logging_mixin.py:154} INFO - [2025-12-11T00:43:38.680+0000] {dagbag.py:536} INFO - Filling up the DagBag from /home/airflow/.local/lib/python3.8/site-packages/airflow/example_dags/example_python_operator.py
[2025-12-11T00:43:38.686+0000] {processor.py:839} INFO - DAG(s) dict_keys(['example_python_operator']) retrieved from /home/airflow/.local/lib/python3.8/site-packages/airflow/example_dags/example_python_operator.py
[2025-12-11T00:43:38.701+0000] {logging_mixin.py:154} INFO - [2025-12-11T00:43:38.701+0000] {dag.py:2941} INFO - Sync 1 DAGs
[2025-12-11T00:43:38.709+0000] {logging_mixin.py:154} INFO - [2025-12-11T00:43:38.709+0000] {dag.py:3722} INFO - Setting next_dagrun for example_python_operator to None, run_after=None
[2025-12-11T00:43:38.720+0000] {processor.py:179} INFO - Processing /home/airflow/.local/lib/python3.8/site-packages/airflow/example_dags/example_python_operator.py took 0.044 seconds
[2025-12-11T00:44:09.361+0000] {processor.py:157} INFO - Started process (PID=814) to work on /home/airflow/.local/lib/python3.8/site-packages/airflow/example_dags/example_python_operator.py
[2025-12-11T00:44:09.362+0000] {processor.py:829} INFO - Processing file /home/airflow/.local/lib/python3.8/site-packages/airflow/example_dags/example_python_operator.py for tasks to queue
[2025-12-11T00:44:09.364+0000] {logging_mixin.py:154} INFO - [2025-12-11T00:44:09.363+0000] {dagbag.py:536} INFO - Filling up the DagBag from /home/airflow/.local/lib/python3.8/site-packages/airflow/example_dags/example_python_operator.py
[2025-12-11T00:44:09.373+0000] {processor.py:839} INFO - DAG(s) dict_keys(['example_python_operator']) retrieved from /home/airflow/.local/lib/python3.8/site-packages/airflow/example_dags/example_python_operator.py
[2025-12-11T00:44:09.389+0000] {logging_mixin.py:154} INFO - [2025-12-11T00:44:09.389+0000] {dag.py:2941} INFO - Sync 1 DAGs
[2025-12-11T00:44:09.396+0000] {logging_mixin.py:154} INFO - [2025-12-11T00:44:09.396+0000] {dag.py:3722} INFO - Setting next_dagrun for example_python_operator to None, run_after=None
[2025-12-11T00:44:09.408+0000] {processor.py:179} INFO - Processing /home/airflow/.local/lib/python3.8/site-packages/airflow/example_dags/example_python_operator.py took 0.049 seconds
[2025-12-11T00:44:39.885+0000] {processor.py:157} INFO - Started process (PID=869) to work on /home/airflow/.local/lib/python3.8/site-packages/airflow/example_dags/example_python_operator.py
[2025-12-11T00:44:39.885+0000] {processor.py:829} INFO - Processing file /home/airflow/.local/lib/python3.8/site-packages/airflow/example_dags/example_python_operator.py for tasks to queue
[2025-12-11T00:44:39.886+0000] {logging_mixin.py:154} INFO - [2025-12-11T00:44:39.886+0000] {dagbag.py:536} INFO - Filling up the DagBag from /home/airflow/.local/lib/python3.8/site-packages/airflow/example_dags/example_python_operator.py
[2025-12-11T00:44:39.892+0000] {processor.py:839} INFO - DAG(s) dict_keys(['example_python_operator']) retrieved from /home/airflow/.local/lib/python3.8/site-packages/airflow/example_dags/example_python_operator.py
[2025-12-11T00:44:39.909+0000] {logging_mixin.py:154} INFO - [2025-12-11T00:44:39.908+0000] {dag.py:2941} INFO - Sync 1 DAGs
[2025-12-11T00:44:39.916+0000] {logging_mixin.py:154} INFO - [2025-12-11T00:44:39.916+0000] {dag.py:3722} INFO - Setting next_dagrun for example_python_operator to None, run_after=None
[2025-12-11T00:44:39.927+0000] {processor.py:179} INFO - Processing /home/airflow/.local/lib/python3.8/site-packages/airflow/example_dags/example_python_operator.py took 0.045 seconds
[2025-12-11T00:45:10.321+0000] {processor.py:157} INFO - Started process (PID=924) to work on /home/airflow/.local/lib/python3.8/site-packages/airflow/example_dags/example_python_operator.py
[2025-12-11T00:45:10.322+0000] {processor.py:829} INFO - Processing file /home/airflow/.local/lib/python3.8/site-packages/airflow/example_dags/example_python_operator.py for tasks to queue
[2025-12-11T00:45:10.323+0000] {logging_mixin.py:154} INFO - [2025-12-11T00:45:10.323+0000] {dagbag.py:536} INFO - Filling up the DagBag from /home/airflow/.local/lib/python3.8/site-packages/airflow/example_dags/example_python_operator.py
[2025-12-11T00:45:10.329+0000] {processor.py:839} INFO - DAG(s) dict_keys(['example_python_operator']) retrieved from /home/airflow/.local/lib/python3.8/site-packages/airflow/example_dags/example_python_operator.py
[2025-12-11T00:45:10.345+0000] {logging_mixin.py:154} INFO - [2025-12-11T00:45:10.345+0000] {dag.py:2941} INFO - Sync 1 DAGs
[2025-12-11T00:45:10.352+0000] {logging_mixin.py:154} INFO - [2025-12-11T00:45:10.352+0000] {dag.py:3722} INFO - Setting next_dagrun for example_python_operator to None, run_after=None
[2025-12-11T00:45:10.365+0000] {processor.py:179} INFO - Processing /home/airflow/.local/lib/python3.8/site-packages/airflow/example_dags/example_python_operator.py took 0.047 seconds
[2025-12-11T00:45:40.814+0000] {processor.py:157} INFO - Started process (PID=979) to work on /home/airflow/.local/lib/python3.8/site-packages/airflow/example_dags/example_python_operator.py
[2025-12-11T00:45:40.815+0000] {processor.py:829} INFO - Processing file /home/airflow/.local/lib/python3.8/site-packages/airflow/example_dags/example_python_operator.py for tasks to queue
[2025-12-11T00:45:40.817+0000] {logging_mixin.py:154} INFO - [2025-12-11T00:45:40.817+0000] {dagbag.py:536} INFO - Filling up the DagBag from /home/airflow/.local/lib/python3.8/site-packages/airflow/example_dags/example_python_operator.py
[2025-12-11T00:45:40.823+0000] {processor.py:839} INFO - DAG(s) dict_keys(['example_python_operator']) retrieved from /home/airflow/.local/lib/python3.8/site-packages/airflow/example_dags/example_python_operator.py
[2025-12-11T00:45:40.838+0000] {logging_mixin.py:154} INFO - [2025-12-11T00:45:40.838+0000] {dag.py:2941} INFO - Sync 1 DAGs
[2025-12-11T00:45:40.847+0000] {logging_mixin.py:154} INFO - [2025-12-11T00:45:40.847+0000] {dag.py:3722} INFO - Setting next_dagrun for example_python_operator to None, run_after=None
[2025-12-11T00:45:40.860+0000] {processor.py:179} INFO - Processing /home/airflow/.local/lib/python3.8/site-packages/airflow/example_dags/example_python_operator.py took 0.049 seconds
[2025-12-11T00:46:11.285+0000] {processor.py:157} INFO - Started process (PID=1034) to work on /home/airflow/.local/lib/python3.8/site-packages/airflow/example_dags/example_python_operator.py
[2025-12-11T00:46:11.286+0000] {processor.py:829} INFO - Processing file /home/airflow/.local/lib/python3.8/site-packages/airflow/example_dags/example_python_operator.py for tasks to queue
[2025-12-11T00:46:11.288+0000] {logging_mixin.py:154} INFO - [2025-12-11T00:46:11.288+0000] {dagbag.py:536} INFO - Filling up the DagBag from /home/airflow/.local/lib/python3.8/site-packages/airflow/example_dags/example_python_operator.py
[2025-12-11T00:46:11.296+0000] {processor.py:839} INFO - DAG(s) dict_keys(['example_python_operator']) retrieved from /home/airflow/.local/lib/python3.8/site-packages/airflow/example_dags/example_python_operator.py
[2025-12-11T00:46:11.314+0000] {logging_mixin.py:154} INFO - [2025-12-11T00:46:11.313+0000] {dag.py:2941} INFO - Sync 1 DAGs
[2025-12-11T00:46:11.321+0000] {logging_mixin.py:154} INFO - [2025-12-11T00:46:11.321+0000] {dag.py:3722} INFO - Setting next_dagrun for example_python_operator to None, run_after=None
[2025-12-11T00:46:11.332+0000] {processor.py:179} INFO - Processing /home/airflow/.local/lib/python3.8/site-packages/airflow/example_dags/example_python_operator.py took 0.049 seconds
[2025-12-11T00:46:41.881+0000] {processor.py:157} INFO - Started process (PID=1089) to work on /home/airflow/.local/lib/python3.8/site-packages/airflow/example_dags/example_python_operator.py
[2025-12-11T00:46:41.882+0000] {processor.py:829} INFO - Processing file /home/airflow/.local/lib/python3.8/site-packages/airflow/example_dags/example_python_operator.py for tasks to queue
[2025-12-11T00:46:41.883+0000] {logging_mixin.py:154} INFO - [2025-12-11T00:46:41.882+0000] {dagbag.py:536} INFO - Filling up the DagBag from /home/airflow/.local/lib/python3.8/site-packages/airflow/example_dags/example_python_operator.py
[2025-12-11T00:46:41.889+0000] {processor.py:839} INFO - DAG(s) dict_keys(['example_python_operator']) retrieved from /home/airflow/.local/lib/python3.8/site-packages/airflow/example_dags/example_python_operator.py
[2025-12-11T00:46:41.904+0000] {logging_mixin.py:154} INFO - [2025-12-11T00:46:41.904+0000] {dag.py:2941} INFO - Sync 1 DAGs
[2025-12-11T00:46:41.911+0000] {logging_mixin.py:154} INFO - [2025-12-11T00:46:41.911+0000] {dag.py:3722} INFO - Setting next_dagrun for example_python_operator to None, run_after=None
[2025-12-11T00:46:41.922+0000] {processor.py:179} INFO - Processing /home/airflow/.local/lib/python3.8/site-packages/airflow/example_dags/example_python_operator.py took 0.043 seconds
[2025-12-11T00:47:12.460+0000] {processor.py:157} INFO - Started process (PID=1144) to work on /home/airflow/.local/lib/python3.8/site-packages/airflow/example_dags/example_python_operator.py
[2025-12-11T00:47:12.461+0000] {processor.py:829} INFO - Processing file /home/airflow/.local/lib/python3.8/site-packages/airflow/example_dags/example_python_operator.py for tasks to queue
[2025-12-11T00:47:12.462+0000] {logging_mixin.py:154} INFO - [2025-12-11T00:47:12.462+0000] {dagbag.py:536} INFO - Filling up the DagBag from /home/airflow/.local/lib/python3.8/site-packages/airflow/example_dags/example_python_operator.py
[2025-12-11T00:47:12.469+0000] {processor.py:839} INFO - DAG(s) dict_keys(['example_python_operator']) retrieved from /home/airflow/.local/lib/python3.8/site-packages/airflow/example_dags/example_python_operator.py
[2025-12-11T00:47:12.483+0000] {logging_mixin.py:154} INFO - [2025-12-11T00:47:12.483+0000] {dag.py:2941} INFO - Sync 1 DAGs
[2025-12-11T00:47:12.490+0000] {logging_mixin.py:154} INFO - [2025-12-11T00:47:12.490+0000] {dag.py:3722} INFO - Setting next_dagrun for example_python_operator to None, run_after=None
[2025-12-11T00:47:12.502+0000] {processor.py:179} INFO - Processing /home/airflow/.local/lib/python3.8/site-packages/airflow/example_dags/example_python_operator.py took 0.044 seconds
[2025-12-11T00:47:43.110+0000] {processor.py:157} INFO - Started process (PID=1199) to work on /home/airflow/.local/lib/python3.8/site-packages/airflow/example_dags/example_python_operator.py
[2025-12-11T00:47:43.112+0000] {processor.py:829} INFO - Processing file /home/airflow/.local/lib/python3.8/site-packages/airflow/example_dags/example_python_operator.py for tasks to queue
[2025-12-11T00:47:43.113+0000] {logging_mixin.py:154} INFO - [2025-12-11T00:47:43.113+0000] {dagbag.py:536} INFO - Filling up the DagBag from /home/airflow/.local/lib/python3.8/site-packages/airflow/example_dags/example_python_operator.py
[2025-12-11T00:47:43.118+0000] {processor.py:839} INFO - DAG(s) dict_keys(['example_python_operator']) retrieved from /home/airflow/.local/lib/python3.8/site-packages/airflow/example_dags/example_python_operator.py
[2025-12-11T00:47:43.132+0000] {logging_mixin.py:154} INFO - [2025-12-11T00:47:43.132+0000] {dag.py:2941} INFO - Sync 1 DAGs
[2025-12-11T00:47:43.139+0000] {logging_mixin.py:154} INFO - [2025-12-11T00:47:43.139+0000] {dag.py:3722} INFO - Setting next_dagrun for example_python_operator to None, run_after=None
[2025-12-11T00:47:43.150+0000] {processor.py:179} INFO - Processing /home/airflow/.local/lib/python3.8/site-packages/airflow/example_dags/example_python_operator.py took 0.043 seconds
[2025-12-11T00:48:13.310+0000] {processor.py:157} INFO - Started process (PID=1254) to work on /home/airflow/.local/lib/python3.8/site-packages/airflow/example_dags/example_python_operator.py
[2025-12-11T00:48:13.311+0000] {processor.py:829} INFO - Processing file /home/airflow/.local/lib/python3.8/site-packages/airflow/example_dags/example_python_operator.py for tasks to queue
[2025-12-11T00:48:13.313+0000] {logging_mixin.py:154} INFO - [2025-12-11T00:48:13.313+0000] {dagbag.py:536} INFO - Filling up the DagBag from /home/airflow/.local/lib/python3.8/site-packages/airflow/example_dags/example_python_operator.py
[2025-12-11T00:48:13.320+0000] {processor.py:839} INFO - DAG(s) dict_keys(['example_python_operator']) retrieved from /home/airflow/.local/lib/python3.8/site-packages/airflow/example_dags/example_python_operator.py
[2025-12-11T00:48:13.337+0000] {logging_mixin.py:154} INFO - [2025-12-11T00:48:13.337+0000] {dag.py:2941} INFO - Sync 1 DAGs
[2025-12-11T00:48:13.344+0000] {logging_mixin.py:154} INFO - [2025-12-11T00:48:13.344+0000] {dag.py:3722} INFO - Setting next_dagrun for example_python_operator to None, run_after=None
[2025-12-11T00:48:13.355+0000] {processor.py:179} INFO - Processing /home/airflow/.local/lib/python3.8/site-packages/airflow/example_dags/example_python_operator.py took 0.047 seconds
[2025-12-11T00:48:44.168+0000] {processor.py:157} INFO - Started process (PID=1309) to work on /home/airflow/.local/lib/python3.8/site-packages/airflow/example_dags/example_python_operator.py
[2025-12-11T00:48:44.168+0000] {processor.py:829} INFO - Processing file /home/airflow/.local/lib/python3.8/site-packages/airflow/example_dags/example_python_operator.py for tasks to queue
[2025-12-11T00:48:44.170+0000] {logging_mixin.py:154} INFO - [2025-12-11T00:48:44.170+0000] {dagbag.py:536} INFO - Filling up the DagBag from /home/airflow/.local/lib/python3.8/site-packages/airflow/example_dags/example_python_operator.py
[2025-12-11T00:48:44.176+0000] {processor.py:839} INFO - DAG(s) dict_keys(['example_python_operator']) retrieved from /home/airflow/.local/lib/python3.8/site-packages/airflow/example_dags/example_python_operator.py
[2025-12-11T00:48:44.194+0000] {logging_mixin.py:154} INFO - [2025-12-11T00:48:44.194+0000] {dag.py:2941} INFO - Sync 1 DAGs
[2025-12-11T00:48:44.201+0000] {logging_mixin.py:154} INFO - [2025-12-11T00:48:44.201+0000] {dag.py:3722} INFO - Setting next_dagrun for example_python_operator to None, run_after=None
[2025-12-11T00:48:44.212+0000] {processor.py:179} INFO - Processing /home/airflow/.local/lib/python3.8/site-packages/airflow/example_dags/example_python_operator.py took 0.048 seconds
[2025-12-11T00:49:14.862+0000] {processor.py:157} INFO - Started process (PID=1364) to work on /home/airflow/.local/lib/python3.8/site-packages/airflow/example_dags/example_python_operator.py
[2025-12-11T00:49:14.864+0000] {processor.py:829} INFO - Processing file /home/airflow/.local/lib/python3.8/site-packages/airflow/example_dags/example_python_operator.py for tasks to queue
[2025-12-11T00:49:14.865+0000] {logging_mixin.py:154} INFO - [2025-12-11T00:49:14.865+0000] {dagbag.py:536} INFO - Filling up the DagBag from /home/airflow/.local/lib/python3.8/site-packages/airflow/example_dags/example_python_operator.py
[2025-12-11T00:49:14.875+0000] {processor.py:839} INFO - DAG(s) dict_keys(['example_python_operator']) retrieved from /home/airflow/.local/lib/python3.8/site-packages/airflow/example_dags/example_python_operator.py
[2025-12-11T00:49:14.894+0000] {logging_mixin.py:154} INFO - [2025-12-11T00:49:14.894+0000] {dag.py:2941} INFO - Sync 1 DAGs
[2025-12-11T00:49:14.902+0000] {logging_mixin.py:154} INFO - [2025-12-11T00:49:14.902+0000] {dag.py:3722} INFO - Setting next_dagrun for example_python_operator to None, run_after=None
[2025-12-11T00:49:14.918+0000] {processor.py:179} INFO - Processing /home/airflow/.local/lib/python3.8/site-packages/airflow/example_dags/example_python_operator.py took 0.059 seconds
[2025-12-11T00:49:45.064+0000] {processor.py:157} INFO - Started process (PID=1419) to work on /home/airflow/.local/lib/python3.8/site-packages/airflow/example_dags/example_python_operator.py
[2025-12-11T00:49:45.064+0000] {processor.py:829} INFO - Processing file /home/airflow/.local/lib/python3.8/site-packages/airflow/example_dags/example_python_operator.py for tasks to queue
[2025-12-11T00:49:45.066+0000] {logging_mixin.py:154} INFO - [2025-12-11T00:49:45.065+0000] {dagbag.py:536} INFO - Filling up the DagBag from /home/airflow/.local/lib/python3.8/site-packages/airflow/example_dags/example_python_operator.py
[2025-12-11T00:49:45.072+0000] {processor.py:839} INFO - DAG(s) dict_keys(['example_python_operator']) retrieved from /home/airflow/.local/lib/python3.8/site-packages/airflow/example_dags/example_python_operator.py
[2025-12-11T00:49:45.087+0000] {logging_mixin.py:154} INFO - [2025-12-11T00:49:45.087+0000] {dag.py:2941} INFO - Sync 1 DAGs
[2025-12-11T00:49:45.095+0000] {logging_mixin.py:154} INFO - [2025-12-11T00:49:45.094+0000] {dag.py:3722} INFO - Setting next_dagrun for example_python_operator to None, run_after=None
[2025-12-11T00:49:45.107+0000] {processor.py:179} INFO - Processing /home/airflow/.local/lib/python3.8/site-packages/airflow/example_dags/example_python_operator.py took 0.047 seconds
[2025-12-11T00:50:15.235+0000] {processor.py:157} INFO - Started process (PID=1474) to work on /home/airflow/.local/lib/python3.8/site-packages/airflow/example_dags/example_python_operator.py
[2025-12-11T00:50:15.235+0000] {processor.py:829} INFO - Processing file /home/airflow/.local/lib/python3.8/site-packages/airflow/example_dags/example_python_operator.py for tasks to queue
[2025-12-11T00:50:15.237+0000] {logging_mixin.py:154} INFO - [2025-12-11T00:50:15.237+0000] {dagbag.py:536} INFO - Filling up the DagBag from /home/airflow/.local/lib/python3.8/site-packages/airflow/example_dags/example_python_operator.py
[2025-12-11T00:50:15.244+0000] {processor.py:839} INFO - DAG(s) dict_keys(['example_python_operator']) retrieved from /home/airflow/.local/lib/python3.8/site-packages/airflow/example_dags/example_python_operator.py
[2025-12-11T00:50:15.261+0000] {logging_mixin.py:154} INFO - [2025-12-11T00:50:15.261+0000] {dag.py:2941} INFO - Sync 1 DAGs
[2025-12-11T00:50:15.269+0000] {logging_mixin.py:154} INFO - [2025-12-11T00:50:15.269+0000] {dag.py:3722} INFO - Setting next_dagrun for example_python_operator to None, run_after=None
[2025-12-11T00:50:15.281+0000] {processor.py:179} INFO - Processing /home/airflow/.local/lib/python3.8/site-packages/airflow/example_dags/example_python_operator.py took 0.050 seconds
[2025-12-11T00:50:45.541+0000] {processor.py:157} INFO - Started process (PID=1529) to work on /home/airflow/.local/lib/python3.8/site-packages/airflow/example_dags/example_python_operator.py
[2025-12-11T00:50:45.542+0000] {processor.py:829} INFO - Processing file /home/airflow/.local/lib/python3.8/site-packages/airflow/example_dags/example_python_operator.py for tasks to queue
[2025-12-11T00:50:45.543+0000] {logging_mixin.py:154} INFO - [2025-12-11T00:50:45.543+0000] {dagbag.py:536} INFO - Filling up the DagBag from /home/airflow/.local/lib/python3.8/site-packages/airflow/example_dags/example_python_operator.py
[2025-12-11T00:50:45.550+0000] {processor.py:839} INFO - DAG(s) dict_keys(['example_python_operator']) retrieved from /home/airflow/.local/lib/python3.8/site-packages/airflow/example_dags/example_python_operator.py
[2025-12-11T00:50:45.569+0000] {logging_mixin.py:154} INFO - [2025-12-11T00:50:45.569+0000] {dag.py:2941} INFO - Sync 1 DAGs
[2025-12-11T00:50:45.576+0000] {logging_mixin.py:154} INFO - [2025-12-11T00:50:45.576+0000] {dag.py:3722} INFO - Setting next_dagrun for example_python_operator to None, run_after=None
[2025-12-11T00:50:45.587+0000] {processor.py:179} INFO - Processing /home/airflow/.local/lib/python3.8/site-packages/airflow/example_dags/example_python_operator.py took 0.048 seconds
[2025-12-11T00:51:16.297+0000] {processor.py:157} INFO - Started process (PID=1584) to work on /home/airflow/.local/lib/python3.8/site-packages/airflow/example_dags/example_python_operator.py
[2025-12-11T00:51:16.298+0000] {processor.py:829} INFO - Processing file /home/airflow/.local/lib/python3.8/site-packages/airflow/example_dags/example_python_operator.py for tasks to queue
[2025-12-11T00:51:16.299+0000] {logging_mixin.py:154} INFO - [2025-12-11T00:51:16.299+0000] {dagbag.py:536} INFO - Filling up the DagBag from /home/airflow/.local/lib/python3.8/site-packages/airflow/example_dags/example_python_operator.py
[2025-12-11T00:51:16.306+0000] {processor.py:839} INFO - DAG(s) dict_keys(['example_python_operator']) retrieved from /home/airflow/.local/lib/python3.8/site-packages/airflow/example_dags/example_python_operator.py
[2025-12-11T00:51:16.320+0000] {logging_mixin.py:154} INFO - [2025-12-11T00:51:16.320+0000] {dag.py:2941} INFO - Sync 1 DAGs
[2025-12-11T00:51:16.327+0000] {logging_mixin.py:154} INFO - [2025-12-11T00:51:16.327+0000] {dag.py:3722} INFO - Setting next_dagrun for example_python_operator to None, run_after=None
[2025-12-11T00:51:16.339+0000] {processor.py:179} INFO - Processing /home/airflow/.local/lib/python3.8/site-packages/airflow/example_dags/example_python_operator.py took 0.044 seconds
[2025-12-11T00:51:46.437+0000] {processor.py:157} INFO - Started process (PID=1639) to work on /home/airflow/.local/lib/python3.8/site-packages/airflow/example_dags/example_python_operator.py
[2025-12-11T00:51:46.437+0000] {processor.py:829} INFO - Processing file /home/airflow/.local/lib/python3.8/site-packages/airflow/example_dags/example_python_operator.py for tasks to queue
[2025-12-11T00:51:46.438+0000] {logging_mixin.py:154} INFO - [2025-12-11T00:51:46.438+0000] {dagbag.py:536} INFO - Filling up the DagBag from /home/airflow/.local/lib/python3.8/site-packages/airflow/example_dags/example_python_operator.py
[2025-12-11T00:51:46.445+0000] {processor.py:839} INFO - DAG(s) dict_keys(['example_python_operator']) retrieved from /home/airflow/.local/lib/python3.8/site-packages/airflow/example_dags/example_python_operator.py
[2025-12-11T00:51:46.461+0000] {logging_mixin.py:154} INFO - [2025-12-11T00:51:46.460+0000] {dag.py:2941} INFO - Sync 1 DAGs
[2025-12-11T00:51:46.468+0000] {logging_mixin.py:154} INFO - [2025-12-11T00:51:46.468+0000] {dag.py:3722} INFO - Setting next_dagrun for example_python_operator to None, run_after=None
[2025-12-11T00:51:46.481+0000] {processor.py:179} INFO - Processing /home/airflow/.local/lib/python3.8/site-packages/airflow/example_dags/example_python_operator.py took 0.046 seconds
[2025-12-11T00:52:16.602+0000] {processor.py:157} INFO - Started process (PID=1694) to work on /home/airflow/.local/lib/python3.8/site-packages/airflow/example_dags/example_python_operator.py
[2025-12-11T00:52:16.607+0000] {processor.py:829} INFO - Processing file /home/airflow/.local/lib/python3.8/site-packages/airflow/example_dags/example_python_operator.py for tasks to queue
[2025-12-11T00:52:16.608+0000] {logging_mixin.py:154} INFO - [2025-12-11T00:52:16.608+0000] {dagbag.py:536} INFO - Filling up the DagBag from /home/airflow/.local/lib/python3.8/site-packages/airflow/example_dags/example_python_operator.py
[2025-12-11T00:52:16.629+0000] {processor.py:839} INFO - DAG(s) dict_keys(['example_python_operator']) retrieved from /home/airflow/.local/lib/python3.8/site-packages/airflow/example_dags/example_python_operator.py
[2025-12-11T00:52:16.644+0000] {logging_mixin.py:154} INFO - [2025-12-11T00:52:16.644+0000] {dag.py:2941} INFO - Sync 1 DAGs
[2025-12-11T00:52:16.651+0000] {logging_mixin.py:154} INFO - [2025-12-11T00:52:16.651+0000] {dag.py:3722} INFO - Setting next_dagrun for example_python_operator to None, run_after=None
[2025-12-11T00:52:16.662+0000] {processor.py:179} INFO - Processing /home/airflow/.local/lib/python3.8/site-packages/airflow/example_dags/example_python_operator.py took 0.064 seconds
[2025-12-11T00:52:46.752+0000] {processor.py:157} INFO - Started process (PID=1749) to work on /home/airflow/.local/lib/python3.8/site-packages/airflow/example_dags/example_python_operator.py
[2025-12-11T00:52:46.752+0000] {processor.py:829} INFO - Processing file /home/airflow/.local/lib/python3.8/site-packages/airflow/example_dags/example_python_operator.py for tasks to queue
[2025-12-11T00:52:46.753+0000] {logging_mixin.py:154} INFO - [2025-12-11T00:52:46.753+0000] {dagbag.py:536} INFO - Filling up the DagBag from /home/airflow/.local/lib/python3.8/site-packages/airflow/example_dags/example_python_operator.py
[2025-12-11T00:52:46.760+0000] {processor.py:839} INFO - DAG(s) dict_keys(['example_python_operator']) retrieved from /home/airflow/.local/lib/python3.8/site-packages/airflow/example_dags/example_python_operator.py
[2025-12-11T00:52:46.774+0000] {logging_mixin.py:154} INFO - [2025-12-11T00:52:46.773+0000] {dag.py:2941} INFO - Sync 1 DAGs
[2025-12-11T00:52:46.781+0000] {logging_mixin.py:154} INFO - [2025-12-11T00:52:46.781+0000] {dag.py:3722} INFO - Setting next_dagrun for example_python_operator to None, run_after=None
[2025-12-11T00:52:46.794+0000] {processor.py:179} INFO - Processing /home/airflow/.local/lib/python3.8/site-packages/airflow/example_dags/example_python_operator.py took 0.045 seconds
[2025-12-11T00:53:17.458+0000] {processor.py:157} INFO - Started process (PID=1804) to work on /home/airflow/.local/lib/python3.8/site-packages/airflow/example_dags/example_python_operator.py
[2025-12-11T00:53:17.459+0000] {processor.py:829} INFO - Processing file /home/airflow/.local/lib/python3.8/site-packages/airflow/example_dags/example_python_operator.py for tasks to queue
[2025-12-11T00:53:17.460+0000] {logging_mixin.py:154} INFO - [2025-12-11T00:53:17.460+0000] {dagbag.py:536} INFO - Filling up the DagBag from /home/airflow/.local/lib/python3.8/site-packages/airflow/example_dags/example_python_operator.py
[2025-12-11T00:53:17.465+0000] {processor.py:839} INFO - DAG(s) dict_keys(['example_python_operator']) retrieved from /home/airflow/.local/lib/python3.8/site-packages/airflow/example_dags/example_python_operator.py
[2025-12-11T00:53:17.481+0000] {logging_mixin.py:154} INFO - [2025-12-11T00:53:17.481+0000] {dag.py:2941} INFO - Sync 1 DAGs
[2025-12-11T00:53:17.489+0000] {logging_mixin.py:154} INFO - [2025-12-11T00:53:17.489+0000] {dag.py:3722} INFO - Setting next_dagrun for example_python_operator to None, run_after=None
[2025-12-11T00:53:17.501+0000] {processor.py:179} INFO - Processing /home/airflow/.local/lib/python3.8/site-packages/airflow/example_dags/example_python_operator.py took 0.045 seconds
[2025-12-11T00:53:48.027+0000] {processor.py:157} INFO - Started process (PID=1859) to work on /home/airflow/.local/lib/python3.8/site-packages/airflow/example_dags/example_python_operator.py
[2025-12-11T00:53:48.028+0000] {processor.py:829} INFO - Processing file /home/airflow/.local/lib/python3.8/site-packages/airflow/example_dags/example_python_operator.py for tasks to queue
[2025-12-11T00:53:48.029+0000] {logging_mixin.py:154} INFO - [2025-12-11T00:53:48.029+0000] {dagbag.py:536} INFO - Filling up the DagBag from /home/airflow/.local/lib/python3.8/site-packages/airflow/example_dags/example_python_operator.py
[2025-12-11T00:53:48.035+0000] {processor.py:839} INFO - DAG(s) dict_keys(['example_python_operator']) retrieved from /home/airflow/.local/lib/python3.8/site-packages/airflow/example_dags/example_python_operator.py
[2025-12-11T00:53:48.053+0000] {logging_mixin.py:154} INFO - [2025-12-11T00:53:48.052+0000] {dag.py:2941} INFO - Sync 1 DAGs
[2025-12-11T00:53:48.060+0000] {logging_mixin.py:154} INFO - [2025-12-11T00:53:48.060+0000] {dag.py:3722} INFO - Setting next_dagrun for example_python_operator to None, run_after=None
[2025-12-11T00:53:48.075+0000] {processor.py:179} INFO - Processing /home/airflow/.local/lib/python3.8/site-packages/airflow/example_dags/example_python_operator.py took 0.050 seconds
[2025-12-11T00:54:18.422+0000] {processor.py:157} INFO - Started process (PID=1915) to work on /home/airflow/.local/lib/python3.8/site-packages/airflow/example_dags/example_python_operator.py
[2025-12-11T00:54:18.423+0000] {processor.py:829} INFO - Processing file /home/airflow/.local/lib/python3.8/site-packages/airflow/example_dags/example_python_operator.py for tasks to queue
[2025-12-11T00:54:18.425+0000] {logging_mixin.py:154} INFO - [2025-12-11T00:54:18.424+0000] {dagbag.py:536} INFO - Filling up the DagBag from /home/airflow/.local/lib/python3.8/site-packages/airflow/example_dags/example_python_operator.py
[2025-12-11T00:54:18.433+0000] {processor.py:839} INFO - DAG(s) dict_keys(['example_python_operator']) retrieved from /home/airflow/.local/lib/python3.8/site-packages/airflow/example_dags/example_python_operator.py
[2025-12-11T00:54:18.450+0000] {logging_mixin.py:154} INFO - [2025-12-11T00:54:18.450+0000] {dag.py:2941} INFO - Sync 1 DAGs
[2025-12-11T00:54:18.461+0000] {logging_mixin.py:154} INFO - [2025-12-11T00:54:18.460+0000] {dag.py:3722} INFO - Setting next_dagrun for example_python_operator to None, run_after=None
[2025-12-11T00:54:18.475+0000] {processor.py:179} INFO - Processing /home/airflow/.local/lib/python3.8/site-packages/airflow/example_dags/example_python_operator.py took 0.055 seconds
[2025-12-11T00:54:48.835+0000] {processor.py:157} INFO - Started process (PID=1970) to work on /home/airflow/.local/lib/python3.8/site-packages/airflow/example_dags/example_python_operator.py
[2025-12-11T00:54:48.836+0000] {processor.py:829} INFO - Processing file /home/airflow/.local/lib/python3.8/site-packages/airflow/example_dags/example_python_operator.py for tasks to queue
[2025-12-11T00:54:48.838+0000] {logging_mixin.py:154} INFO - [2025-12-11T00:54:48.838+0000] {dagbag.py:536} INFO - Filling up the DagBag from /home/airflow/.local/lib/python3.8/site-packages/airflow/example_dags/example_python_operator.py
[2025-12-11T00:54:48.846+0000] {processor.py:839} INFO - DAG(s) dict_keys(['example_python_operator']) retrieved from /home/airflow/.local/lib/python3.8/site-packages/airflow/example_dags/example_python_operator.py
[2025-12-11T00:54:48.863+0000] {logging_mixin.py:154} INFO - [2025-12-11T00:54:48.862+0000] {dag.py:2941} INFO - Sync 1 DAGs
[2025-12-11T00:54:48.870+0000] {logging_mixin.py:154} INFO - [2025-12-11T00:54:48.870+0000] {dag.py:3722} INFO - Setting next_dagrun for example_python_operator to None, run_after=None
[2025-12-11T00:54:48.881+0000] {processor.py:179} INFO - Processing /home/airflow/.local/lib/python3.8/site-packages/airflow/example_dags/example_python_operator.py took 0.049 seconds
[2025-12-11T00:55:19.338+0000] {processor.py:157} INFO - Started process (PID=2025) to work on /home/airflow/.local/lib/python3.8/site-packages/airflow/example_dags/example_python_operator.py
[2025-12-11T00:55:19.339+0000] {processor.py:829} INFO - Processing file /home/airflow/.local/lib/python3.8/site-packages/airflow/example_dags/example_python_operator.py for tasks to queue
[2025-12-11T00:55:19.341+0000] {logging_mixin.py:154} INFO - [2025-12-11T00:55:19.340+0000] {dagbag.py:536} INFO - Filling up the DagBag from /home/airflow/.local/lib/python3.8/site-packages/airflow/example_dags/example_python_operator.py
[2025-12-11T00:55:19.351+0000] {processor.py:839} INFO - DAG(s) dict_keys(['example_python_operator']) retrieved from /home/airflow/.local/lib/python3.8/site-packages/airflow/example_dags/example_python_operator.py
[2025-12-11T00:55:19.370+0000] {logging_mixin.py:154} INFO - [2025-12-11T00:55:19.369+0000] {dag.py:2941} INFO - Sync 1 DAGs
[2025-12-11T00:55:19.377+0000] {logging_mixin.py:154} INFO - [2025-12-11T00:55:19.377+0000] {dag.py:3722} INFO - Setting next_dagrun for example_python_operator to None, run_after=None
[2025-12-11T00:55:19.389+0000] {processor.py:179} INFO - Processing /home/airflow/.local/lib/python3.8/site-packages/airflow/example_dags/example_python_operator.py took 0.055 seconds
