[2025-12-11T00:38:16.439+0000] {processor.py:157} INFO - Started process (PID=184) to work on /home/airflow/.local/lib/python3.8/site-packages/airflow/example_dags/example_external_task_marker_dag.py
[2025-12-11T00:38:16.440+0000] {processor.py:829} INFO - Processing file /home/airflow/.local/lib/python3.8/site-packages/airflow/example_dags/example_external_task_marker_dag.py for tasks to queue
[2025-12-11T00:38:16.442+0000] {logging_mixin.py:154} INFO - [2025-12-11T00:38:16.441+0000] {dagbag.py:536} INFO - Filling up the DagBag from /home/airflow/.local/lib/python3.8/site-packages/airflow/example_dags/example_external_task_marker_dag.py
[2025-12-11T00:38:16.447+0000] {processor.py:839} INFO - DAG(s) dict_keys(['example_external_task_marker_child', 'example_external_task_marker_parent']) retrieved from /home/airflow/.local/lib/python3.8/site-packages/airflow/example_dags/example_external_task_marker_dag.py
[2025-12-11T00:38:16.458+0000] {logging_mixin.py:154} INFO - [2025-12-11T00:38:16.458+0000] {dag.py:2941} INFO - Sync 2 DAGs
[2025-12-11T00:38:16.471+0000] {logging_mixin.py:154} INFO - [2025-12-11T00:38:16.471+0000] {dag.py:3722} INFO - Setting next_dagrun for example_external_task_marker_child to None, run_after=None
[2025-12-11T00:38:16.474+0000] {logging_mixin.py:154} INFO - [2025-12-11T00:38:16.474+0000] {dag.py:3722} INFO - Setting next_dagrun for example_external_task_marker_parent to None, run_after=None
[2025-12-11T00:38:16.485+0000] {processor.py:179} INFO - Processing /home/airflow/.local/lib/python3.8/site-packages/airflow/example_dags/example_external_task_marker_dag.py took 0.049 seconds
[2025-12-11T00:38:46.573+0000] {processor.py:157} INFO - Started process (PID=247) to work on /home/airflow/.local/lib/python3.8/site-packages/airflow/example_dags/example_external_task_marker_dag.py
[2025-12-11T00:38:46.574+0000] {processor.py:829} INFO - Processing file /home/airflow/.local/lib/python3.8/site-packages/airflow/example_dags/example_external_task_marker_dag.py for tasks to queue
[2025-12-11T00:38:46.576+0000] {logging_mixin.py:154} INFO - [2025-12-11T00:38:46.575+0000] {dagbag.py:536} INFO - Filling up the DagBag from /home/airflow/.local/lib/python3.8/site-packages/airflow/example_dags/example_external_task_marker_dag.py
[2025-12-11T00:38:46.580+0000] {processor.py:839} INFO - DAG(s) dict_keys(['example_external_task_marker_parent', 'example_external_task_marker_child']) retrieved from /home/airflow/.local/lib/python3.8/site-packages/airflow/example_dags/example_external_task_marker_dag.py
[2025-12-11T00:38:46.601+0000] {logging_mixin.py:154} INFO - [2025-12-11T00:38:46.601+0000] {dag.py:2941} INFO - Sync 2 DAGs
[2025-12-11T00:38:46.609+0000] {logging_mixin.py:154} INFO - [2025-12-11T00:38:46.609+0000] {dag.py:3722} INFO - Setting next_dagrun for example_external_task_marker_child to None, run_after=None
[2025-12-11T00:38:46.611+0000] {logging_mixin.py:154} INFO - [2025-12-11T00:38:46.611+0000] {dag.py:3722} INFO - Setting next_dagrun for example_external_task_marker_parent to None, run_after=None
[2025-12-11T00:38:46.622+0000] {processor.py:179} INFO - Processing /home/airflow/.local/lib/python3.8/site-packages/airflow/example_dags/example_external_task_marker_dag.py took 0.052 seconds
[2025-12-11T00:39:17.078+0000] {processor.py:157} INFO - Started process (PID=302) to work on /home/airflow/.local/lib/python3.8/site-packages/airflow/example_dags/example_external_task_marker_dag.py
[2025-12-11T00:39:17.079+0000] {processor.py:829} INFO - Processing file /home/airflow/.local/lib/python3.8/site-packages/airflow/example_dags/example_external_task_marker_dag.py for tasks to queue
[2025-12-11T00:39:17.080+0000] {logging_mixin.py:154} INFO - [2025-12-11T00:39:17.080+0000] {dagbag.py:536} INFO - Filling up the DagBag from /home/airflow/.local/lib/python3.8/site-packages/airflow/example_dags/example_external_task_marker_dag.py
[2025-12-11T00:39:17.083+0000] {processor.py:839} INFO - DAG(s) dict_keys(['example_external_task_marker_child', 'example_external_task_marker_parent']) retrieved from /home/airflow/.local/lib/python3.8/site-packages/airflow/example_dags/example_external_task_marker_dag.py
[2025-12-11T00:39:17.099+0000] {logging_mixin.py:154} INFO - [2025-12-11T00:39:17.098+0000] {dag.py:2941} INFO - Sync 2 DAGs
[2025-12-11T00:39:17.106+0000] {logging_mixin.py:154} INFO - [2025-12-11T00:39:17.106+0000] {dag.py:3722} INFO - Setting next_dagrun for example_external_task_marker_child to None, run_after=None
[2025-12-11T00:39:17.108+0000] {logging_mixin.py:154} INFO - [2025-12-11T00:39:17.108+0000] {dag.py:3722} INFO - Setting next_dagrun for example_external_task_marker_parent to None, run_after=None
[2025-12-11T00:39:17.123+0000] {processor.py:179} INFO - Processing /home/airflow/.local/lib/python3.8/site-packages/airflow/example_dags/example_external_task_marker_dag.py took 0.047 seconds
[2025-12-11T00:39:47.260+0000] {processor.py:157} INFO - Started process (PID=357) to work on /home/airflow/.local/lib/python3.8/site-packages/airflow/example_dags/example_external_task_marker_dag.py
[2025-12-11T00:39:47.261+0000] {processor.py:829} INFO - Processing file /home/airflow/.local/lib/python3.8/site-packages/airflow/example_dags/example_external_task_marker_dag.py for tasks to queue
[2025-12-11T00:39:47.262+0000] {logging_mixin.py:154} INFO - [2025-12-11T00:39:47.262+0000] {dagbag.py:536} INFO - Filling up the DagBag from /home/airflow/.local/lib/python3.8/site-packages/airflow/example_dags/example_external_task_marker_dag.py
[2025-12-11T00:39:47.265+0000] {processor.py:839} INFO - DAG(s) dict_keys(['example_external_task_marker_child', 'example_external_task_marker_parent']) retrieved from /home/airflow/.local/lib/python3.8/site-packages/airflow/example_dags/example_external_task_marker_dag.py
[2025-12-11T00:39:47.286+0000] {logging_mixin.py:154} INFO - [2025-12-11T00:39:47.286+0000] {dag.py:2941} INFO - Sync 2 DAGs
[2025-12-11T00:39:47.295+0000] {logging_mixin.py:154} INFO - [2025-12-11T00:39:47.295+0000] {dag.py:3722} INFO - Setting next_dagrun for example_external_task_marker_child to None, run_after=None
[2025-12-11T00:39:47.298+0000] {logging_mixin.py:154} INFO - [2025-12-11T00:39:47.298+0000] {dag.py:3722} INFO - Setting next_dagrun for example_external_task_marker_parent to None, run_after=None
[2025-12-11T00:39:47.309+0000] {processor.py:179} INFO - Processing /home/airflow/.local/lib/python3.8/site-packages/airflow/example_dags/example_external_task_marker_dag.py took 0.051 seconds
[2025-12-11T00:40:24.951+0000] {processor.py:157} INFO - Started process (PID=419) to work on /home/airflow/.local/lib/python3.8/site-packages/airflow/example_dags/example_external_task_marker_dag.py
[2025-12-11T00:40:24.952+0000] {processor.py:829} INFO - Processing file /home/airflow/.local/lib/python3.8/site-packages/airflow/example_dags/example_external_task_marker_dag.py for tasks to queue
[2025-12-11T00:40:24.953+0000] {logging_mixin.py:154} INFO - [2025-12-11T00:40:24.953+0000] {dagbag.py:536} INFO - Filling up the DagBag from /home/airflow/.local/lib/python3.8/site-packages/airflow/example_dags/example_external_task_marker_dag.py
[2025-12-11T00:40:24.957+0000] {processor.py:839} INFO - DAG(s) dict_keys(['example_external_task_marker_parent', 'example_external_task_marker_child']) retrieved from /home/airflow/.local/lib/python3.8/site-packages/airflow/example_dags/example_external_task_marker_dag.py
[2025-12-11T00:40:24.972+0000] {logging_mixin.py:154} INFO - [2025-12-11T00:40:24.971+0000] {dag.py:2941} INFO - Sync 2 DAGs
[2025-12-11T00:40:24.979+0000] {logging_mixin.py:154} INFO - [2025-12-11T00:40:24.979+0000] {dag.py:3722} INFO - Setting next_dagrun for example_external_task_marker_child to None, run_after=None
[2025-12-11T00:40:24.981+0000] {logging_mixin.py:154} INFO - [2025-12-11T00:40:24.981+0000] {dag.py:3722} INFO - Setting next_dagrun for example_external_task_marker_parent to None, run_after=None
[2025-12-11T00:40:25.005+0000] {processor.py:179} INFO - Processing /home/airflow/.local/lib/python3.8/site-packages/airflow/example_dags/example_external_task_marker_dag.py took 0.056 seconds
[2025-12-11T00:40:55.738+0000] {processor.py:157} INFO - Started process (PID=474) to work on /home/airflow/.local/lib/python3.8/site-packages/airflow/example_dags/example_external_task_marker_dag.py
[2025-12-11T00:40:55.738+0000] {processor.py:829} INFO - Processing file /home/airflow/.local/lib/python3.8/site-packages/airflow/example_dags/example_external_task_marker_dag.py for tasks to queue
[2025-12-11T00:40:55.739+0000] {logging_mixin.py:154} INFO - [2025-12-11T00:40:55.739+0000] {dagbag.py:536} INFO - Filling up the DagBag from /home/airflow/.local/lib/python3.8/site-packages/airflow/example_dags/example_external_task_marker_dag.py
[2025-12-11T00:40:55.743+0000] {processor.py:839} INFO - DAG(s) dict_keys(['example_external_task_marker_child', 'example_external_task_marker_parent']) retrieved from /home/airflow/.local/lib/python3.8/site-packages/airflow/example_dags/example_external_task_marker_dag.py
[2025-12-11T00:40:55.759+0000] {logging_mixin.py:154} INFO - [2025-12-11T00:40:55.759+0000] {dag.py:2941} INFO - Sync 2 DAGs
[2025-12-11T00:40:55.767+0000] {logging_mixin.py:154} INFO - [2025-12-11T00:40:55.767+0000] {dag.py:3722} INFO - Setting next_dagrun for example_external_task_marker_child to None, run_after=None
[2025-12-11T00:40:55.769+0000] {logging_mixin.py:154} INFO - [2025-12-11T00:40:55.769+0000] {dag.py:3722} INFO - Setting next_dagrun for example_external_task_marker_parent to None, run_after=None
[2025-12-11T00:40:55.779+0000] {processor.py:179} INFO - Processing /home/airflow/.local/lib/python3.8/site-packages/airflow/example_dags/example_external_task_marker_dag.py took 0.044 seconds
[2025-12-11T00:41:31.326+0000] {processor.py:157} INFO - Started process (PID=529) to work on /home/airflow/.local/lib/python3.8/site-packages/airflow/example_dags/example_external_task_marker_dag.py
[2025-12-11T00:41:31.392+0000] {processor.py:829} INFO - Processing file /home/airflow/.local/lib/python3.8/site-packages/airflow/example_dags/example_external_task_marker_dag.py for tasks to queue
[2025-12-11T00:41:31.395+0000] {logging_mixin.py:154} INFO - [2025-12-11T00:41:31.395+0000] {dagbag.py:536} INFO - Filling up the DagBag from /home/airflow/.local/lib/python3.8/site-packages/airflow/example_dags/example_external_task_marker_dag.py
[2025-12-11T00:41:31.401+0000] {processor.py:839} INFO - DAG(s) dict_keys(['example_external_task_marker_parent', 'example_external_task_marker_child']) retrieved from /home/airflow/.local/lib/python3.8/site-packages/airflow/example_dags/example_external_task_marker_dag.py
[2025-12-11T00:41:31.427+0000] {logging_mixin.py:154} INFO - [2025-12-11T00:41:31.426+0000] {dag.py:2941} INFO - Sync 2 DAGs
[2025-12-11T00:41:31.436+0000] {logging_mixin.py:154} INFO - [2025-12-11T00:41:31.436+0000] {dag.py:3722} INFO - Setting next_dagrun for example_external_task_marker_child to None, run_after=None
[2025-12-11T00:41:31.439+0000] {logging_mixin.py:154} INFO - [2025-12-11T00:41:31.438+0000] {dag.py:3722} INFO - Setting next_dagrun for example_external_task_marker_parent to None, run_after=None
[2025-12-11T00:41:32.375+0000] {processor.py:179} INFO - Processing /home/airflow/.local/lib/python3.8/site-packages/airflow/example_dags/example_external_task_marker_dag.py took 1.052 seconds
[2025-12-11T00:42:02.411+0000] {processor.py:157} INFO - Started process (PID=584) to work on /home/airflow/.local/lib/python3.8/site-packages/airflow/example_dags/example_external_task_marker_dag.py
[2025-12-11T00:42:02.417+0000] {processor.py:829} INFO - Processing file /home/airflow/.local/lib/python3.8/site-packages/airflow/example_dags/example_external_task_marker_dag.py for tasks to queue
[2025-12-11T00:42:02.418+0000] {logging_mixin.py:154} INFO - [2025-12-11T00:42:02.418+0000] {dagbag.py:536} INFO - Filling up the DagBag from /home/airflow/.local/lib/python3.8/site-packages/airflow/example_dags/example_external_task_marker_dag.py
[2025-12-11T00:42:02.425+0000] {processor.py:839} INFO - DAG(s) dict_keys(['example_external_task_marker_parent', 'example_external_task_marker_child']) retrieved from /home/airflow/.local/lib/python3.8/site-packages/airflow/example_dags/example_external_task_marker_dag.py
[2025-12-11T00:42:02.443+0000] {logging_mixin.py:154} INFO - [2025-12-11T00:42:02.443+0000] {dag.py:2941} INFO - Sync 2 DAGs
[2025-12-11T00:42:02.451+0000] {logging_mixin.py:154} INFO - [2025-12-11T00:42:02.451+0000] {dag.py:3722} INFO - Setting next_dagrun for example_external_task_marker_child to None, run_after=None
[2025-12-11T00:42:02.453+0000] {logging_mixin.py:154} INFO - [2025-12-11T00:42:02.453+0000] {dag.py:3722} INFO - Setting next_dagrun for example_external_task_marker_parent to None, run_after=None
[2025-12-11T00:42:02.573+0000] {processor.py:179} INFO - Processing /home/airflow/.local/lib/python3.8/site-packages/airflow/example_dags/example_external_task_marker_dag.py took 0.164 seconds
[2025-12-11T00:42:33.414+0000] {processor.py:157} INFO - Started process (PID=639) to work on /home/airflow/.local/lib/python3.8/site-packages/airflow/example_dags/example_external_task_marker_dag.py
[2025-12-11T00:42:33.415+0000] {processor.py:829} INFO - Processing file /home/airflow/.local/lib/python3.8/site-packages/airflow/example_dags/example_external_task_marker_dag.py for tasks to queue
[2025-12-11T00:42:33.416+0000] {logging_mixin.py:154} INFO - [2025-12-11T00:42:33.416+0000] {dagbag.py:536} INFO - Filling up the DagBag from /home/airflow/.local/lib/python3.8/site-packages/airflow/example_dags/example_external_task_marker_dag.py
[2025-12-11T00:42:33.419+0000] {processor.py:839} INFO - DAG(s) dict_keys(['example_external_task_marker_parent', 'example_external_task_marker_child']) retrieved from /home/airflow/.local/lib/python3.8/site-packages/airflow/example_dags/example_external_task_marker_dag.py
[2025-12-11T00:42:33.434+0000] {logging_mixin.py:154} INFO - [2025-12-11T00:42:33.433+0000] {dag.py:2941} INFO - Sync 2 DAGs
[2025-12-11T00:42:33.441+0000] {logging_mixin.py:154} INFO - [2025-12-11T00:42:33.441+0000] {dag.py:3722} INFO - Setting next_dagrun for example_external_task_marker_child to None, run_after=None
[2025-12-11T00:42:33.443+0000] {logging_mixin.py:154} INFO - [2025-12-11T00:42:33.443+0000] {dag.py:3722} INFO - Setting next_dagrun for example_external_task_marker_parent to None, run_after=None
[2025-12-11T00:42:33.453+0000] {processor.py:179} INFO - Processing /home/airflow/.local/lib/python3.8/site-packages/airflow/example_dags/example_external_task_marker_dag.py took 0.041 seconds
[2025-12-11T00:43:04.261+0000] {processor.py:157} INFO - Started process (PID=694) to work on /home/airflow/.local/lib/python3.8/site-packages/airflow/example_dags/example_external_task_marker_dag.py
[2025-12-11T00:43:04.261+0000] {processor.py:829} INFO - Processing file /home/airflow/.local/lib/python3.8/site-packages/airflow/example_dags/example_external_task_marker_dag.py for tasks to queue
[2025-12-11T00:43:04.262+0000] {logging_mixin.py:154} INFO - [2025-12-11T00:43:04.262+0000] {dagbag.py:536} INFO - Filling up the DagBag from /home/airflow/.local/lib/python3.8/site-packages/airflow/example_dags/example_external_task_marker_dag.py
[2025-12-11T00:43:04.266+0000] {processor.py:839} INFO - DAG(s) dict_keys(['example_external_task_marker_parent', 'example_external_task_marker_child']) retrieved from /home/airflow/.local/lib/python3.8/site-packages/airflow/example_dags/example_external_task_marker_dag.py
[2025-12-11T00:43:04.282+0000] {logging_mixin.py:154} INFO - [2025-12-11T00:43:04.282+0000] {dag.py:2941} INFO - Sync 2 DAGs
[2025-12-11T00:43:04.290+0000] {logging_mixin.py:154} INFO - [2025-12-11T00:43:04.290+0000] {dag.py:3722} INFO - Setting next_dagrun for example_external_task_marker_child to None, run_after=None
[2025-12-11T00:43:04.292+0000] {logging_mixin.py:154} INFO - [2025-12-11T00:43:04.292+0000] {dag.py:3722} INFO - Setting next_dagrun for example_external_task_marker_parent to None, run_after=None
[2025-12-11T00:43:04.305+0000] {processor.py:179} INFO - Processing /home/airflow/.local/lib/python3.8/site-packages/airflow/example_dags/example_external_task_marker_dag.py took 0.045 seconds
[2025-12-11T00:43:34.398+0000] {processor.py:157} INFO - Started process (PID=748) to work on /home/airflow/.local/lib/python3.8/site-packages/airflow/example_dags/example_external_task_marker_dag.py
[2025-12-11T00:43:34.399+0000] {processor.py:829} INFO - Processing file /home/airflow/.local/lib/python3.8/site-packages/airflow/example_dags/example_external_task_marker_dag.py for tasks to queue
[2025-12-11T00:43:34.402+0000] {logging_mixin.py:154} INFO - [2025-12-11T00:43:34.402+0000] {dagbag.py:536} INFO - Filling up the DagBag from /home/airflow/.local/lib/python3.8/site-packages/airflow/example_dags/example_external_task_marker_dag.py
[2025-12-11T00:43:34.407+0000] {processor.py:839} INFO - DAG(s) dict_keys(['example_external_task_marker_parent', 'example_external_task_marker_child']) retrieved from /home/airflow/.local/lib/python3.8/site-packages/airflow/example_dags/example_external_task_marker_dag.py
[2025-12-11T00:43:34.426+0000] {logging_mixin.py:154} INFO - [2025-12-11T00:43:34.426+0000] {dag.py:2941} INFO - Sync 2 DAGs
[2025-12-11T00:43:34.434+0000] {logging_mixin.py:154} INFO - [2025-12-11T00:43:34.433+0000] {dag.py:3722} INFO - Setting next_dagrun for example_external_task_marker_child to None, run_after=None
[2025-12-11T00:43:34.436+0000] {logging_mixin.py:154} INFO - [2025-12-11T00:43:34.435+0000] {dag.py:3722} INFO - Setting next_dagrun for example_external_task_marker_parent to None, run_after=None
[2025-12-11T00:43:34.446+0000] {processor.py:179} INFO - Processing /home/airflow/.local/lib/python3.8/site-packages/airflow/example_dags/example_external_task_marker_dag.py took 0.051 seconds
[2025-12-11T00:44:05.028+0000] {processor.py:157} INFO - Started process (PID=805) to work on /home/airflow/.local/lib/python3.8/site-packages/airflow/example_dags/example_external_task_marker_dag.py
[2025-12-11T00:44:05.029+0000] {processor.py:829} INFO - Processing file /home/airflow/.local/lib/python3.8/site-packages/airflow/example_dags/example_external_task_marker_dag.py for tasks to queue
[2025-12-11T00:44:05.032+0000] {logging_mixin.py:154} INFO - [2025-12-11T00:44:05.031+0000] {dagbag.py:536} INFO - Filling up the DagBag from /home/airflow/.local/lib/python3.8/site-packages/airflow/example_dags/example_external_task_marker_dag.py
[2025-12-11T00:44:05.038+0000] {processor.py:839} INFO - DAG(s) dict_keys(['example_external_task_marker_child', 'example_external_task_marker_parent']) retrieved from /home/airflow/.local/lib/python3.8/site-packages/airflow/example_dags/example_external_task_marker_dag.py
[2025-12-11T00:44:05.056+0000] {logging_mixin.py:154} INFO - [2025-12-11T00:44:05.056+0000] {dag.py:2941} INFO - Sync 2 DAGs
[2025-12-11T00:44:05.063+0000] {logging_mixin.py:154} INFO - [2025-12-11T00:44:05.063+0000] {dag.py:3722} INFO - Setting next_dagrun for example_external_task_marker_child to None, run_after=None
[2025-12-11T00:44:05.065+0000] {logging_mixin.py:154} INFO - [2025-12-11T00:44:05.065+0000] {dag.py:3722} INFO - Setting next_dagrun for example_external_task_marker_parent to None, run_after=None
[2025-12-11T00:44:05.076+0000] {processor.py:179} INFO - Processing /home/airflow/.local/lib/python3.8/site-packages/airflow/example_dags/example_external_task_marker_dag.py took 0.051 seconds
[2025-12-11T00:44:35.543+0000] {processor.py:157} INFO - Started process (PID=860) to work on /home/airflow/.local/lib/python3.8/site-packages/airflow/example_dags/example_external_task_marker_dag.py
[2025-12-11T00:44:35.544+0000] {processor.py:829} INFO - Processing file /home/airflow/.local/lib/python3.8/site-packages/airflow/example_dags/example_external_task_marker_dag.py for tasks to queue
[2025-12-11T00:44:35.545+0000] {logging_mixin.py:154} INFO - [2025-12-11T00:44:35.545+0000] {dagbag.py:536} INFO - Filling up the DagBag from /home/airflow/.local/lib/python3.8/site-packages/airflow/example_dags/example_external_task_marker_dag.py
[2025-12-11T00:44:35.550+0000] {processor.py:839} INFO - DAG(s) dict_keys(['example_external_task_marker_parent', 'example_external_task_marker_child']) retrieved from /home/airflow/.local/lib/python3.8/site-packages/airflow/example_dags/example_external_task_marker_dag.py
[2025-12-11T00:44:35.571+0000] {logging_mixin.py:154} INFO - [2025-12-11T00:44:35.571+0000] {dag.py:2941} INFO - Sync 2 DAGs
[2025-12-11T00:44:35.578+0000] {logging_mixin.py:154} INFO - [2025-12-11T00:44:35.578+0000] {dag.py:3722} INFO - Setting next_dagrun for example_external_task_marker_child to None, run_after=None
[2025-12-11T00:44:35.580+0000] {logging_mixin.py:154} INFO - [2025-12-11T00:44:35.579+0000] {dag.py:3722} INFO - Setting next_dagrun for example_external_task_marker_parent to None, run_after=None
[2025-12-11T00:44:35.589+0000] {processor.py:179} INFO - Processing /home/airflow/.local/lib/python3.8/site-packages/airflow/example_dags/example_external_task_marker_dag.py took 0.048 seconds
[2025-12-11T00:45:06.063+0000] {processor.py:157} INFO - Started process (PID=915) to work on /home/airflow/.local/lib/python3.8/site-packages/airflow/example_dags/example_external_task_marker_dag.py
[2025-12-11T00:45:06.063+0000] {processor.py:829} INFO - Processing file /home/airflow/.local/lib/python3.8/site-packages/airflow/example_dags/example_external_task_marker_dag.py for tasks to queue
[2025-12-11T00:45:06.065+0000] {logging_mixin.py:154} INFO - [2025-12-11T00:45:06.065+0000] {dagbag.py:536} INFO - Filling up the DagBag from /home/airflow/.local/lib/python3.8/site-packages/airflow/example_dags/example_external_task_marker_dag.py
[2025-12-11T00:45:06.068+0000] {processor.py:839} INFO - DAG(s) dict_keys(['example_external_task_marker_parent', 'example_external_task_marker_child']) retrieved from /home/airflow/.local/lib/python3.8/site-packages/airflow/example_dags/example_external_task_marker_dag.py
[2025-12-11T00:45:06.087+0000] {logging_mixin.py:154} INFO - [2025-12-11T00:45:06.087+0000] {dag.py:2941} INFO - Sync 2 DAGs
[2025-12-11T00:45:06.095+0000] {logging_mixin.py:154} INFO - [2025-12-11T00:45:06.094+0000] {dag.py:3722} INFO - Setting next_dagrun for example_external_task_marker_child to None, run_after=None
[2025-12-11T00:45:06.097+0000] {logging_mixin.py:154} INFO - [2025-12-11T00:45:06.097+0000] {dag.py:3722} INFO - Setting next_dagrun for example_external_task_marker_parent to None, run_after=None
[2025-12-11T00:45:06.109+0000] {processor.py:179} INFO - Processing /home/airflow/.local/lib/python3.8/site-packages/airflow/example_dags/example_external_task_marker_dag.py took 0.049 seconds
[2025-12-11T00:45:36.536+0000] {processor.py:157} INFO - Started process (PID=970) to work on /home/airflow/.local/lib/python3.8/site-packages/airflow/example_dags/example_external_task_marker_dag.py
[2025-12-11T00:45:36.536+0000] {processor.py:829} INFO - Processing file /home/airflow/.local/lib/python3.8/site-packages/airflow/example_dags/example_external_task_marker_dag.py for tasks to queue
[2025-12-11T00:45:36.538+0000] {logging_mixin.py:154} INFO - [2025-12-11T00:45:36.538+0000] {dagbag.py:536} INFO - Filling up the DagBag from /home/airflow/.local/lib/python3.8/site-packages/airflow/example_dags/example_external_task_marker_dag.py
[2025-12-11T00:45:36.542+0000] {processor.py:839} INFO - DAG(s) dict_keys(['example_external_task_marker_child', 'example_external_task_marker_parent']) retrieved from /home/airflow/.local/lib/python3.8/site-packages/airflow/example_dags/example_external_task_marker_dag.py
[2025-12-11T00:45:36.559+0000] {logging_mixin.py:154} INFO - [2025-12-11T00:45:36.559+0000] {dag.py:2941} INFO - Sync 2 DAGs
[2025-12-11T00:45:36.566+0000] {logging_mixin.py:154} INFO - [2025-12-11T00:45:36.566+0000] {dag.py:3722} INFO - Setting next_dagrun for example_external_task_marker_child to None, run_after=None
[2025-12-11T00:45:36.568+0000] {logging_mixin.py:154} INFO - [2025-12-11T00:45:36.568+0000] {dag.py:3722} INFO - Setting next_dagrun for example_external_task_marker_parent to None, run_after=None
[2025-12-11T00:45:36.577+0000] {processor.py:179} INFO - Processing /home/airflow/.local/lib/python3.8/site-packages/airflow/example_dags/example_external_task_marker_dag.py took 0.044 seconds
[2025-12-11T00:46:06.940+0000] {processor.py:157} INFO - Started process (PID=1025) to work on /home/airflow/.local/lib/python3.8/site-packages/airflow/example_dags/example_external_task_marker_dag.py
[2025-12-11T00:46:06.941+0000] {processor.py:829} INFO - Processing file /home/airflow/.local/lib/python3.8/site-packages/airflow/example_dags/example_external_task_marker_dag.py for tasks to queue
[2025-12-11T00:46:06.943+0000] {logging_mixin.py:154} INFO - [2025-12-11T00:46:06.943+0000] {dagbag.py:536} INFO - Filling up the DagBag from /home/airflow/.local/lib/python3.8/site-packages/airflow/example_dags/example_external_task_marker_dag.py
[2025-12-11T00:46:06.949+0000] {processor.py:839} INFO - DAG(s) dict_keys(['example_external_task_marker_parent', 'example_external_task_marker_child']) retrieved from /home/airflow/.local/lib/python3.8/site-packages/airflow/example_dags/example_external_task_marker_dag.py
[2025-12-11T00:46:06.968+0000] {logging_mixin.py:154} INFO - [2025-12-11T00:46:06.968+0000] {dag.py:2941} INFO - Sync 2 DAGs
[2025-12-11T00:46:06.975+0000] {logging_mixin.py:154} INFO - [2025-12-11T00:46:06.975+0000] {dag.py:3722} INFO - Setting next_dagrun for example_external_task_marker_child to None, run_after=None
[2025-12-11T00:46:06.977+0000] {logging_mixin.py:154} INFO - [2025-12-11T00:46:06.977+0000] {dag.py:3722} INFO - Setting next_dagrun for example_external_task_marker_parent to None, run_after=None
[2025-12-11T00:46:06.987+0000] {processor.py:179} INFO - Processing /home/airflow/.local/lib/python3.8/site-packages/airflow/example_dags/example_external_task_marker_dag.py took 0.051 seconds
[2025-12-11T00:46:37.577+0000] {processor.py:157} INFO - Started process (PID=1080) to work on /home/airflow/.local/lib/python3.8/site-packages/airflow/example_dags/example_external_task_marker_dag.py
[2025-12-11T00:46:37.577+0000] {processor.py:829} INFO - Processing file /home/airflow/.local/lib/python3.8/site-packages/airflow/example_dags/example_external_task_marker_dag.py for tasks to queue
[2025-12-11T00:46:37.578+0000] {logging_mixin.py:154} INFO - [2025-12-11T00:46:37.578+0000] {dagbag.py:536} INFO - Filling up the DagBag from /home/airflow/.local/lib/python3.8/site-packages/airflow/example_dags/example_external_task_marker_dag.py
[2025-12-11T00:46:37.582+0000] {processor.py:839} INFO - DAG(s) dict_keys(['example_external_task_marker_child', 'example_external_task_marker_parent']) retrieved from /home/airflow/.local/lib/python3.8/site-packages/airflow/example_dags/example_external_task_marker_dag.py
[2025-12-11T00:46:37.596+0000] {logging_mixin.py:154} INFO - [2025-12-11T00:46:37.596+0000] {dag.py:2941} INFO - Sync 2 DAGs
[2025-12-11T00:46:37.604+0000] {logging_mixin.py:154} INFO - [2025-12-11T00:46:37.604+0000] {dag.py:3722} INFO - Setting next_dagrun for example_external_task_marker_child to None, run_after=None
[2025-12-11T00:46:37.606+0000] {logging_mixin.py:154} INFO - [2025-12-11T00:46:37.606+0000] {dag.py:3722} INFO - Setting next_dagrun for example_external_task_marker_parent to None, run_after=None
[2025-12-11T00:46:37.618+0000] {processor.py:179} INFO - Processing /home/airflow/.local/lib/python3.8/site-packages/airflow/example_dags/example_external_task_marker_dag.py took 0.045 seconds
[2025-12-11T00:47:08.120+0000] {processor.py:157} INFO - Started process (PID=1135) to work on /home/airflow/.local/lib/python3.8/site-packages/airflow/example_dags/example_external_task_marker_dag.py
[2025-12-11T00:47:08.120+0000] {processor.py:829} INFO - Processing file /home/airflow/.local/lib/python3.8/site-packages/airflow/example_dags/example_external_task_marker_dag.py for tasks to queue
[2025-12-11T00:47:08.121+0000] {logging_mixin.py:154} INFO - [2025-12-11T00:47:08.121+0000] {dagbag.py:536} INFO - Filling up the DagBag from /home/airflow/.local/lib/python3.8/site-packages/airflow/example_dags/example_external_task_marker_dag.py
[2025-12-11T00:47:08.126+0000] {processor.py:839} INFO - DAG(s) dict_keys(['example_external_task_marker_child', 'example_external_task_marker_parent']) retrieved from /home/airflow/.local/lib/python3.8/site-packages/airflow/example_dags/example_external_task_marker_dag.py
[2025-12-11T00:47:08.152+0000] {logging_mixin.py:154} INFO - [2025-12-11T00:47:08.152+0000] {dag.py:2941} INFO - Sync 2 DAGs
[2025-12-11T00:47:08.160+0000] {logging_mixin.py:154} INFO - [2025-12-11T00:47:08.159+0000] {dag.py:3722} INFO - Setting next_dagrun for example_external_task_marker_child to None, run_after=None
[2025-12-11T00:47:08.162+0000] {logging_mixin.py:154} INFO - [2025-12-11T00:47:08.161+0000] {dag.py:3722} INFO - Setting next_dagrun for example_external_task_marker_parent to None, run_after=None
[2025-12-11T00:47:08.172+0000] {processor.py:179} INFO - Processing /home/airflow/.local/lib/python3.8/site-packages/airflow/example_dags/example_external_task_marker_dag.py took 0.055 seconds
[2025-12-11T00:47:38.781+0000] {processor.py:157} INFO - Started process (PID=1190) to work on /home/airflow/.local/lib/python3.8/site-packages/airflow/example_dags/example_external_task_marker_dag.py
[2025-12-11T00:47:38.782+0000] {processor.py:829} INFO - Processing file /home/airflow/.local/lib/python3.8/site-packages/airflow/example_dags/example_external_task_marker_dag.py for tasks to queue
[2025-12-11T00:47:38.784+0000] {logging_mixin.py:154} INFO - [2025-12-11T00:47:38.783+0000] {dagbag.py:536} INFO - Filling up the DagBag from /home/airflow/.local/lib/python3.8/site-packages/airflow/example_dags/example_external_task_marker_dag.py
[2025-12-11T00:47:38.787+0000] {processor.py:839} INFO - DAG(s) dict_keys(['example_external_task_marker_child', 'example_external_task_marker_parent']) retrieved from /home/airflow/.local/lib/python3.8/site-packages/airflow/example_dags/example_external_task_marker_dag.py
[2025-12-11T00:47:38.802+0000] {logging_mixin.py:154} INFO - [2025-12-11T00:47:38.802+0000] {dag.py:2941} INFO - Sync 2 DAGs
[2025-12-11T00:47:38.810+0000] {logging_mixin.py:154} INFO - [2025-12-11T00:47:38.810+0000] {dag.py:3722} INFO - Setting next_dagrun for example_external_task_marker_child to None, run_after=None
[2025-12-11T00:47:38.813+0000] {logging_mixin.py:154} INFO - [2025-12-11T00:47:38.813+0000] {dag.py:3722} INFO - Setting next_dagrun for example_external_task_marker_parent to None, run_after=None
[2025-12-11T00:47:38.826+0000] {processor.py:179} INFO - Processing /home/airflow/.local/lib/python3.8/site-packages/airflow/example_dags/example_external_task_marker_dag.py took 0.047 seconds
[2025-12-11T00:48:09.615+0000] {processor.py:157} INFO - Started process (PID=1245) to work on /home/airflow/.local/lib/python3.8/site-packages/airflow/example_dags/example_external_task_marker_dag.py
[2025-12-11T00:48:09.615+0000] {processor.py:829} INFO - Processing file /home/airflow/.local/lib/python3.8/site-packages/airflow/example_dags/example_external_task_marker_dag.py for tasks to queue
[2025-12-11T00:48:09.617+0000] {logging_mixin.py:154} INFO - [2025-12-11T00:48:09.616+0000] {dagbag.py:536} INFO - Filling up the DagBag from /home/airflow/.local/lib/python3.8/site-packages/airflow/example_dags/example_external_task_marker_dag.py
[2025-12-11T00:48:09.620+0000] {processor.py:839} INFO - DAG(s) dict_keys(['example_external_task_marker_child', 'example_external_task_marker_parent']) retrieved from /home/airflow/.local/lib/python3.8/site-packages/airflow/example_dags/example_external_task_marker_dag.py
[2025-12-11T00:48:09.639+0000] {logging_mixin.py:154} INFO - [2025-12-11T00:48:09.638+0000] {dag.py:2941} INFO - Sync 2 DAGs
[2025-12-11T00:48:09.649+0000] {logging_mixin.py:154} INFO - [2025-12-11T00:48:09.649+0000] {dag.py:3722} INFO - Setting next_dagrun for example_external_task_marker_child to None, run_after=None
[2025-12-11T00:48:09.652+0000] {logging_mixin.py:154} INFO - [2025-12-11T00:48:09.652+0000] {dag.py:3722} INFO - Setting next_dagrun for example_external_task_marker_parent to None, run_after=None
[2025-12-11T00:48:09.703+0000] {processor.py:179} INFO - Processing /home/airflow/.local/lib/python3.8/site-packages/airflow/example_dags/example_external_task_marker_dag.py took 0.092 seconds
[2025-12-11T00:48:39.877+0000] {processor.py:157} INFO - Started process (PID=1299) to work on /home/airflow/.local/lib/python3.8/site-packages/airflow/example_dags/example_external_task_marker_dag.py
[2025-12-11T00:48:39.881+0000] {processor.py:829} INFO - Processing file /home/airflow/.local/lib/python3.8/site-packages/airflow/example_dags/example_external_task_marker_dag.py for tasks to queue
[2025-12-11T00:48:39.884+0000] {logging_mixin.py:154} INFO - [2025-12-11T00:48:39.883+0000] {dagbag.py:536} INFO - Filling up the DagBag from /home/airflow/.local/lib/python3.8/site-packages/airflow/example_dags/example_external_task_marker_dag.py
[2025-12-11T00:48:39.891+0000] {processor.py:839} INFO - DAG(s) dict_keys(['example_external_task_marker_parent', 'example_external_task_marker_child']) retrieved from /home/airflow/.local/lib/python3.8/site-packages/airflow/example_dags/example_external_task_marker_dag.py
[2025-12-11T00:48:39.917+0000] {logging_mixin.py:154} INFO - [2025-12-11T00:48:39.917+0000] {dag.py:2941} INFO - Sync 2 DAGs
[2025-12-11T00:48:39.927+0000] {logging_mixin.py:154} INFO - [2025-12-11T00:48:39.927+0000] {dag.py:3722} INFO - Setting next_dagrun for example_external_task_marker_child to None, run_after=None
[2025-12-11T00:48:39.930+0000] {logging_mixin.py:154} INFO - [2025-12-11T00:48:39.930+0000] {dag.py:3722} INFO - Setting next_dagrun for example_external_task_marker_parent to None, run_after=None
[2025-12-11T00:48:39.954+0000] {processor.py:179} INFO - Processing /home/airflow/.local/lib/python3.8/site-packages/airflow/example_dags/example_external_task_marker_dag.py took 0.080 seconds
[2025-12-11T00:49:10.485+0000] {processor.py:157} INFO - Started process (PID=1354) to work on /home/airflow/.local/lib/python3.8/site-packages/airflow/example_dags/example_external_task_marker_dag.py
[2025-12-11T00:49:10.488+0000] {processor.py:829} INFO - Processing file /home/airflow/.local/lib/python3.8/site-packages/airflow/example_dags/example_external_task_marker_dag.py for tasks to queue
[2025-12-11T00:49:10.490+0000] {logging_mixin.py:154} INFO - [2025-12-11T00:49:10.490+0000] {dagbag.py:536} INFO - Filling up the DagBag from /home/airflow/.local/lib/python3.8/site-packages/airflow/example_dags/example_external_task_marker_dag.py
[2025-12-11T00:49:10.495+0000] {processor.py:839} INFO - DAG(s) dict_keys(['example_external_task_marker_child', 'example_external_task_marker_parent']) retrieved from /home/airflow/.local/lib/python3.8/site-packages/airflow/example_dags/example_external_task_marker_dag.py
[2025-12-11T00:49:10.517+0000] {logging_mixin.py:154} INFO - [2025-12-11T00:49:10.517+0000] {dag.py:2941} INFO - Sync 2 DAGs
[2025-12-11T00:49:10.524+0000] {logging_mixin.py:154} INFO - [2025-12-11T00:49:10.524+0000] {dag.py:3722} INFO - Setting next_dagrun for example_external_task_marker_child to None, run_after=None
[2025-12-11T00:49:10.526+0000] {logging_mixin.py:154} INFO - [2025-12-11T00:49:10.526+0000] {dag.py:3722} INFO - Setting next_dagrun for example_external_task_marker_parent to None, run_after=None
[2025-12-11T00:49:10.536+0000] {processor.py:179} INFO - Processing /home/airflow/.local/lib/python3.8/site-packages/airflow/example_dags/example_external_task_marker_dag.py took 0.054 seconds
[2025-12-11T00:49:40.696+0000] {processor.py:157} INFO - Started process (PID=1409) to work on /home/airflow/.local/lib/python3.8/site-packages/airflow/example_dags/example_external_task_marker_dag.py
[2025-12-11T00:49:40.697+0000] {processor.py:829} INFO - Processing file /home/airflow/.local/lib/python3.8/site-packages/airflow/example_dags/example_external_task_marker_dag.py for tasks to queue
[2025-12-11T00:49:40.699+0000] {logging_mixin.py:154} INFO - [2025-12-11T00:49:40.699+0000] {dagbag.py:536} INFO - Filling up the DagBag from /home/airflow/.local/lib/python3.8/site-packages/airflow/example_dags/example_external_task_marker_dag.py
[2025-12-11T00:49:40.707+0000] {processor.py:839} INFO - DAG(s) dict_keys(['example_external_task_marker_parent', 'example_external_task_marker_child']) retrieved from /home/airflow/.local/lib/python3.8/site-packages/airflow/example_dags/example_external_task_marker_dag.py
[2025-12-11T00:49:40.727+0000] {logging_mixin.py:154} INFO - [2025-12-11T00:49:40.727+0000] {dag.py:2941} INFO - Sync 2 DAGs
[2025-12-11T00:49:40.736+0000] {logging_mixin.py:154} INFO - [2025-12-11T00:49:40.736+0000] {dag.py:3722} INFO - Setting next_dagrun for example_external_task_marker_child to None, run_after=None
[2025-12-11T00:49:40.738+0000] {logging_mixin.py:154} INFO - [2025-12-11T00:49:40.738+0000] {dag.py:3722} INFO - Setting next_dagrun for example_external_task_marker_parent to None, run_after=None
[2025-12-11T00:49:40.774+0000] {processor.py:179} INFO - Processing /home/airflow/.local/lib/python3.8/site-packages/airflow/example_dags/example_external_task_marker_dag.py took 0.083 seconds
[2025-12-11T00:50:10.873+0000] {processor.py:157} INFO - Started process (PID=1464) to work on /home/airflow/.local/lib/python3.8/site-packages/airflow/example_dags/example_external_task_marker_dag.py
[2025-12-11T00:50:10.875+0000] {processor.py:829} INFO - Processing file /home/airflow/.local/lib/python3.8/site-packages/airflow/example_dags/example_external_task_marker_dag.py for tasks to queue
[2025-12-11T00:50:10.877+0000] {logging_mixin.py:154} INFO - [2025-12-11T00:50:10.877+0000] {dagbag.py:536} INFO - Filling up the DagBag from /home/airflow/.local/lib/python3.8/site-packages/airflow/example_dags/example_external_task_marker_dag.py
[2025-12-11T00:50:10.885+0000] {processor.py:839} INFO - DAG(s) dict_keys(['example_external_task_marker_child', 'example_external_task_marker_parent']) retrieved from /home/airflow/.local/lib/python3.8/site-packages/airflow/example_dags/example_external_task_marker_dag.py
[2025-12-11T00:50:10.916+0000] {logging_mixin.py:154} INFO - [2025-12-11T00:50:10.916+0000] {dag.py:2941} INFO - Sync 2 DAGs
[2025-12-11T00:50:10.924+0000] {logging_mixin.py:154} INFO - [2025-12-11T00:50:10.924+0000] {dag.py:3722} INFO - Setting next_dagrun for example_external_task_marker_child to None, run_after=None
[2025-12-11T00:50:10.926+0000] {logging_mixin.py:154} INFO - [2025-12-11T00:50:10.926+0000] {dag.py:3722} INFO - Setting next_dagrun for example_external_task_marker_parent to None, run_after=None
[2025-12-11T00:50:10.936+0000] {processor.py:179} INFO - Processing /home/airflow/.local/lib/python3.8/site-packages/airflow/example_dags/example_external_task_marker_dag.py took 0.067 seconds
[2025-12-11T00:50:41.196+0000] {processor.py:157} INFO - Started process (PID=1519) to work on /home/airflow/.local/lib/python3.8/site-packages/airflow/example_dags/example_external_task_marker_dag.py
[2025-12-11T00:50:41.197+0000] {processor.py:829} INFO - Processing file /home/airflow/.local/lib/python3.8/site-packages/airflow/example_dags/example_external_task_marker_dag.py for tasks to queue
[2025-12-11T00:50:41.198+0000] {logging_mixin.py:154} INFO - [2025-12-11T00:50:41.197+0000] {dagbag.py:536} INFO - Filling up the DagBag from /home/airflow/.local/lib/python3.8/site-packages/airflow/example_dags/example_external_task_marker_dag.py
[2025-12-11T00:50:41.201+0000] {processor.py:839} INFO - DAG(s) dict_keys(['example_external_task_marker_child', 'example_external_task_marker_parent']) retrieved from /home/airflow/.local/lib/python3.8/site-packages/airflow/example_dags/example_external_task_marker_dag.py
[2025-12-11T00:50:41.223+0000] {logging_mixin.py:154} INFO - [2025-12-11T00:50:41.223+0000] {dag.py:2941} INFO - Sync 2 DAGs
[2025-12-11T00:50:41.231+0000] {logging_mixin.py:154} INFO - [2025-12-11T00:50:41.231+0000] {dag.py:3722} INFO - Setting next_dagrun for example_external_task_marker_child to None, run_after=None
[2025-12-11T00:50:41.234+0000] {logging_mixin.py:154} INFO - [2025-12-11T00:50:41.233+0000] {dag.py:3722} INFO - Setting next_dagrun for example_external_task_marker_parent to None, run_after=None
[2025-12-11T00:50:41.244+0000] {processor.py:179} INFO - Processing /home/airflow/.local/lib/python3.8/site-packages/airflow/example_dags/example_external_task_marker_dag.py took 0.051 seconds
[2025-12-11T00:51:11.949+0000] {processor.py:157} INFO - Started process (PID=1574) to work on /home/airflow/.local/lib/python3.8/site-packages/airflow/example_dags/example_external_task_marker_dag.py
[2025-12-11T00:51:11.951+0000] {processor.py:829} INFO - Processing file /home/airflow/.local/lib/python3.8/site-packages/airflow/example_dags/example_external_task_marker_dag.py for tasks to queue
[2025-12-11T00:51:11.952+0000] {logging_mixin.py:154} INFO - [2025-12-11T00:51:11.952+0000] {dagbag.py:536} INFO - Filling up the DagBag from /home/airflow/.local/lib/python3.8/site-packages/airflow/example_dags/example_external_task_marker_dag.py
[2025-12-11T00:51:11.955+0000] {processor.py:839} INFO - DAG(s) dict_keys(['example_external_task_marker_parent', 'example_external_task_marker_child']) retrieved from /home/airflow/.local/lib/python3.8/site-packages/airflow/example_dags/example_external_task_marker_dag.py
[2025-12-11T00:51:11.980+0000] {logging_mixin.py:154} INFO - [2025-12-11T00:51:11.980+0000] {dag.py:2941} INFO - Sync 2 DAGs
[2025-12-11T00:51:11.992+0000] {logging_mixin.py:154} INFO - [2025-12-11T00:51:11.992+0000] {dag.py:3722} INFO - Setting next_dagrun for example_external_task_marker_child to None, run_after=None
[2025-12-11T00:51:11.995+0000] {logging_mixin.py:154} INFO - [2025-12-11T00:51:11.995+0000] {dag.py:3722} INFO - Setting next_dagrun for example_external_task_marker_parent to None, run_after=None
[2025-12-11T00:51:12.006+0000] {processor.py:179} INFO - Processing /home/airflow/.local/lib/python3.8/site-packages/airflow/example_dags/example_external_task_marker_dag.py took 0.059 seconds
[2025-12-11T00:51:42.955+0000] {processor.py:157} INFO - Started process (PID=1629) to work on /home/airflow/.local/lib/python3.8/site-packages/airflow/example_dags/example_external_task_marker_dag.py
[2025-12-11T00:51:42.956+0000] {processor.py:829} INFO - Processing file /home/airflow/.local/lib/python3.8/site-packages/airflow/example_dags/example_external_task_marker_dag.py for tasks to queue
[2025-12-11T00:51:42.959+0000] {logging_mixin.py:154} INFO - [2025-12-11T00:51:42.959+0000] {dagbag.py:536} INFO - Filling up the DagBag from /home/airflow/.local/lib/python3.8/site-packages/airflow/example_dags/example_external_task_marker_dag.py
[2025-12-11T00:51:42.966+0000] {processor.py:839} INFO - DAG(s) dict_keys(['example_external_task_marker_parent', 'example_external_task_marker_child']) retrieved from /home/airflow/.local/lib/python3.8/site-packages/airflow/example_dags/example_external_task_marker_dag.py
[2025-12-11T00:51:42.994+0000] {logging_mixin.py:154} INFO - [2025-12-11T00:51:42.994+0000] {dag.py:2941} INFO - Sync 2 DAGs
[2025-12-11T00:51:43.008+0000] {logging_mixin.py:154} INFO - [2025-12-11T00:51:43.008+0000] {dag.py:3722} INFO - Setting next_dagrun for example_external_task_marker_child to None, run_after=None
[2025-12-11T00:51:43.011+0000] {logging_mixin.py:154} INFO - [2025-12-11T00:51:43.010+0000] {dag.py:3722} INFO - Setting next_dagrun for example_external_task_marker_parent to None, run_after=None
[2025-12-11T00:51:43.023+0000] {processor.py:179} INFO - Processing /home/airflow/.local/lib/python3.8/site-packages/airflow/example_dags/example_external_task_marker_dag.py took 0.072 seconds
[2025-12-11T00:52:13.151+0000] {processor.py:157} INFO - Started process (PID=1684) to work on /home/airflow/.local/lib/python3.8/site-packages/airflow/example_dags/example_external_task_marker_dag.py
[2025-12-11T00:52:13.153+0000] {processor.py:829} INFO - Processing file /home/airflow/.local/lib/python3.8/site-packages/airflow/example_dags/example_external_task_marker_dag.py for tasks to queue
[2025-12-11T00:52:13.154+0000] {logging_mixin.py:154} INFO - [2025-12-11T00:52:13.154+0000] {dagbag.py:536} INFO - Filling up the DagBag from /home/airflow/.local/lib/python3.8/site-packages/airflow/example_dags/example_external_task_marker_dag.py
[2025-12-11T00:52:13.157+0000] {processor.py:839} INFO - DAG(s) dict_keys(['example_external_task_marker_child', 'example_external_task_marker_parent']) retrieved from /home/airflow/.local/lib/python3.8/site-packages/airflow/example_dags/example_external_task_marker_dag.py
[2025-12-11T00:52:13.176+0000] {logging_mixin.py:154} INFO - [2025-12-11T00:52:13.176+0000] {dag.py:2941} INFO - Sync 2 DAGs
[2025-12-11T00:52:13.185+0000] {logging_mixin.py:154} INFO - [2025-12-11T00:52:13.185+0000] {dag.py:3722} INFO - Setting next_dagrun for example_external_task_marker_child to None, run_after=None
[2025-12-11T00:52:13.187+0000] {logging_mixin.py:154} INFO - [2025-12-11T00:52:13.187+0000] {dag.py:3722} INFO - Setting next_dagrun for example_external_task_marker_parent to None, run_after=None
[2025-12-11T00:52:13.198+0000] {processor.py:179} INFO - Processing /home/airflow/.local/lib/python3.8/site-packages/airflow/example_dags/example_external_task_marker_dag.py took 0.049 seconds
[2025-12-11T00:52:43.429+0000] {processor.py:157} INFO - Started process (PID=1739) to work on /home/airflow/.local/lib/python3.8/site-packages/airflow/example_dags/example_external_task_marker_dag.py
[2025-12-11T00:52:43.430+0000] {processor.py:829} INFO - Processing file /home/airflow/.local/lib/python3.8/site-packages/airflow/example_dags/example_external_task_marker_dag.py for tasks to queue
[2025-12-11T00:52:43.431+0000] {logging_mixin.py:154} INFO - [2025-12-11T00:52:43.431+0000] {dagbag.py:536} INFO - Filling up the DagBag from /home/airflow/.local/lib/python3.8/site-packages/airflow/example_dags/example_external_task_marker_dag.py
[2025-12-11T00:52:43.435+0000] {processor.py:839} INFO - DAG(s) dict_keys(['example_external_task_marker_child', 'example_external_task_marker_parent']) retrieved from /home/airflow/.local/lib/python3.8/site-packages/airflow/example_dags/example_external_task_marker_dag.py
[2025-12-11T00:52:43.452+0000] {logging_mixin.py:154} INFO - [2025-12-11T00:52:43.452+0000] {dag.py:2941} INFO - Sync 2 DAGs
[2025-12-11T00:52:43.460+0000] {logging_mixin.py:154} INFO - [2025-12-11T00:52:43.460+0000] {dag.py:3722} INFO - Setting next_dagrun for example_external_task_marker_child to None, run_after=None
[2025-12-11T00:52:43.462+0000] {logging_mixin.py:154} INFO - [2025-12-11T00:52:43.462+0000] {dag.py:3722} INFO - Setting next_dagrun for example_external_task_marker_parent to None, run_after=None
[2025-12-11T00:52:43.474+0000] {processor.py:179} INFO - Processing /home/airflow/.local/lib/python3.8/site-packages/airflow/example_dags/example_external_task_marker_dag.py took 0.047 seconds
[2025-12-11T00:53:14.048+0000] {processor.py:157} INFO - Started process (PID=1794) to work on /home/airflow/.local/lib/python3.8/site-packages/airflow/example_dags/example_external_task_marker_dag.py
[2025-12-11T00:53:14.049+0000] {processor.py:829} INFO - Processing file /home/airflow/.local/lib/python3.8/site-packages/airflow/example_dags/example_external_task_marker_dag.py for tasks to queue
[2025-12-11T00:53:14.051+0000] {logging_mixin.py:154} INFO - [2025-12-11T00:53:14.050+0000] {dagbag.py:536} INFO - Filling up the DagBag from /home/airflow/.local/lib/python3.8/site-packages/airflow/example_dags/example_external_task_marker_dag.py
[2025-12-11T00:53:14.056+0000] {processor.py:839} INFO - DAG(s) dict_keys(['example_external_task_marker_parent', 'example_external_task_marker_child']) retrieved from /home/airflow/.local/lib/python3.8/site-packages/airflow/example_dags/example_external_task_marker_dag.py
[2025-12-11T00:53:14.073+0000] {logging_mixin.py:154} INFO - [2025-12-11T00:53:14.073+0000] {dag.py:2941} INFO - Sync 2 DAGs
[2025-12-11T00:53:14.081+0000] {logging_mixin.py:154} INFO - [2025-12-11T00:53:14.081+0000] {dag.py:3722} INFO - Setting next_dagrun for example_external_task_marker_child to None, run_after=None
[2025-12-11T00:53:14.083+0000] {logging_mixin.py:154} INFO - [2025-12-11T00:53:14.083+0000] {dag.py:3722} INFO - Setting next_dagrun for example_external_task_marker_parent to None, run_after=None
[2025-12-11T00:53:14.093+0000] {processor.py:179} INFO - Processing /home/airflow/.local/lib/python3.8/site-packages/airflow/example_dags/example_external_task_marker_dag.py took 0.048 seconds
[2025-12-11T00:53:44.595+0000] {processor.py:157} INFO - Started process (PID=1849) to work on /home/airflow/.local/lib/python3.8/site-packages/airflow/example_dags/example_external_task_marker_dag.py
[2025-12-11T00:53:44.596+0000] {processor.py:829} INFO - Processing file /home/airflow/.local/lib/python3.8/site-packages/airflow/example_dags/example_external_task_marker_dag.py for tasks to queue
[2025-12-11T00:53:44.597+0000] {logging_mixin.py:154} INFO - [2025-12-11T00:53:44.597+0000] {dagbag.py:536} INFO - Filling up the DagBag from /home/airflow/.local/lib/python3.8/site-packages/airflow/example_dags/example_external_task_marker_dag.py
[2025-12-11T00:53:44.600+0000] {processor.py:839} INFO - DAG(s) dict_keys(['example_external_task_marker_child', 'example_external_task_marker_parent']) retrieved from /home/airflow/.local/lib/python3.8/site-packages/airflow/example_dags/example_external_task_marker_dag.py
[2025-12-11T00:53:44.619+0000] {logging_mixin.py:154} INFO - [2025-12-11T00:53:44.619+0000] {dag.py:2941} INFO - Sync 2 DAGs
[2025-12-11T00:53:44.628+0000] {logging_mixin.py:154} INFO - [2025-12-11T00:53:44.628+0000] {dag.py:3722} INFO - Setting next_dagrun for example_external_task_marker_child to None, run_after=None
[2025-12-11T00:53:44.630+0000] {logging_mixin.py:154} INFO - [2025-12-11T00:53:44.630+0000] {dag.py:3722} INFO - Setting next_dagrun for example_external_task_marker_parent to None, run_after=None
[2025-12-11T00:53:44.641+0000] {processor.py:179} INFO - Processing /home/airflow/.local/lib/python3.8/site-packages/airflow/example_dags/example_external_task_marker_dag.py took 0.048 seconds
[2025-12-11T00:54:14.977+0000] {processor.py:157} INFO - Started process (PID=1905) to work on /home/airflow/.local/lib/python3.8/site-packages/airflow/example_dags/example_external_task_marker_dag.py
[2025-12-11T00:54:14.991+0000] {processor.py:829} INFO - Processing file /home/airflow/.local/lib/python3.8/site-packages/airflow/example_dags/example_external_task_marker_dag.py for tasks to queue
[2025-12-11T00:54:14.993+0000] {logging_mixin.py:154} INFO - [2025-12-11T00:54:14.993+0000] {dagbag.py:536} INFO - Filling up the DagBag from /home/airflow/.local/lib/python3.8/site-packages/airflow/example_dags/example_external_task_marker_dag.py
[2025-12-11T00:54:14.998+0000] {processor.py:839} INFO - DAG(s) dict_keys(['example_external_task_marker_child', 'example_external_task_marker_parent']) retrieved from /home/airflow/.local/lib/python3.8/site-packages/airflow/example_dags/example_external_task_marker_dag.py
[2025-12-11T00:54:15.018+0000] {logging_mixin.py:154} INFO - [2025-12-11T00:54:15.018+0000] {dag.py:2941} INFO - Sync 2 DAGs
[2025-12-11T00:54:15.027+0000] {logging_mixin.py:154} INFO - [2025-12-11T00:54:15.027+0000] {dag.py:3722} INFO - Setting next_dagrun for example_external_task_marker_child to None, run_after=None
[2025-12-11T00:54:15.029+0000] {logging_mixin.py:154} INFO - [2025-12-11T00:54:15.029+0000] {dag.py:3722} INFO - Setting next_dagrun for example_external_task_marker_parent to None, run_after=None
[2025-12-11T00:54:15.054+0000] {processor.py:179} INFO - Processing /home/airflow/.local/lib/python3.8/site-packages/airflow/example_dags/example_external_task_marker_dag.py took 0.080 seconds
[2025-12-11T00:54:45.456+0000] {processor.py:157} INFO - Started process (PID=1960) to work on /home/airflow/.local/lib/python3.8/site-packages/airflow/example_dags/example_external_task_marker_dag.py
[2025-12-11T00:54:45.457+0000] {processor.py:829} INFO - Processing file /home/airflow/.local/lib/python3.8/site-packages/airflow/example_dags/example_external_task_marker_dag.py for tasks to queue
[2025-12-11T00:54:45.459+0000] {logging_mixin.py:154} INFO - [2025-12-11T00:54:45.459+0000] {dagbag.py:536} INFO - Filling up the DagBag from /home/airflow/.local/lib/python3.8/site-packages/airflow/example_dags/example_external_task_marker_dag.py
[2025-12-11T00:54:45.463+0000] {processor.py:839} INFO - DAG(s) dict_keys(['example_external_task_marker_parent', 'example_external_task_marker_child']) retrieved from /home/airflow/.local/lib/python3.8/site-packages/airflow/example_dags/example_external_task_marker_dag.py
[2025-12-11T00:54:45.481+0000] {logging_mixin.py:154} INFO - [2025-12-11T00:54:45.481+0000] {dag.py:2941} INFO - Sync 2 DAGs
[2025-12-11T00:54:45.489+0000] {logging_mixin.py:154} INFO - [2025-12-11T00:54:45.488+0000] {dag.py:3722} INFO - Setting next_dagrun for example_external_task_marker_child to None, run_after=None
[2025-12-11T00:54:45.491+0000] {logging_mixin.py:154} INFO - [2025-12-11T00:54:45.491+0000] {dag.py:3722} INFO - Setting next_dagrun for example_external_task_marker_parent to None, run_after=None
[2025-12-11T00:54:45.502+0000] {processor.py:179} INFO - Processing /home/airflow/.local/lib/python3.8/site-packages/airflow/example_dags/example_external_task_marker_dag.py took 0.049 seconds
[2025-12-11T00:55:15.671+0000] {processor.py:157} INFO - Started process (PID=2015) to work on /home/airflow/.local/lib/python3.8/site-packages/airflow/example_dags/example_external_task_marker_dag.py
[2025-12-11T00:55:15.672+0000] {processor.py:829} INFO - Processing file /home/airflow/.local/lib/python3.8/site-packages/airflow/example_dags/example_external_task_marker_dag.py for tasks to queue
[2025-12-11T00:55:15.674+0000] {logging_mixin.py:154} INFO - [2025-12-11T00:55:15.674+0000] {dagbag.py:536} INFO - Filling up the DagBag from /home/airflow/.local/lib/python3.8/site-packages/airflow/example_dags/example_external_task_marker_dag.py
[2025-12-11T00:55:15.678+0000] {processor.py:839} INFO - DAG(s) dict_keys(['example_external_task_marker_child', 'example_external_task_marker_parent']) retrieved from /home/airflow/.local/lib/python3.8/site-packages/airflow/example_dags/example_external_task_marker_dag.py
[2025-12-11T00:55:15.694+0000] {logging_mixin.py:154} INFO - [2025-12-11T00:55:15.694+0000] {dag.py:2941} INFO - Sync 2 DAGs
[2025-12-11T00:55:15.703+0000] {logging_mixin.py:154} INFO - [2025-12-11T00:55:15.703+0000] {dag.py:3722} INFO - Setting next_dagrun for example_external_task_marker_child to None, run_after=None
[2025-12-11T00:55:15.706+0000] {logging_mixin.py:154} INFO - [2025-12-11T00:55:15.706+0000] {dag.py:3722} INFO - Setting next_dagrun for example_external_task_marker_parent to None, run_after=None
[2025-12-11T00:55:15.725+0000] {processor.py:179} INFO - Processing /home/airflow/.local/lib/python3.8/site-packages/airflow/example_dags/example_external_task_marker_dag.py took 0.057 seconds
