[2025-12-11T00:38:17.238+0000] {processor.py:157} INFO - Started process (PID=212) to work on /home/airflow/.local/lib/python3.8/site-packages/airflow/example_dags/example_xcom.py
[2025-12-11T00:38:17.238+0000] {processor.py:829} INFO - Processing file /home/airflow/.local/lib/python3.8/site-packages/airflow/example_dags/example_xcom.py for tasks to queue
[2025-12-11T00:38:17.240+0000] {logging_mixin.py:154} INFO - [2025-12-11T00:38:17.240+0000] {dagbag.py:536} INFO - Filling up the DagBag from /home/airflow/.local/lib/python3.8/site-packages/airflow/example_dags/example_xcom.py
[2025-12-11T00:38:17.247+0000] {processor.py:839} INFO - DAG(s) dict_keys(['example_xcom']) retrieved from /home/airflow/.local/lib/python3.8/site-packages/airflow/example_dags/example_xcom.py
[2025-12-11T00:38:17.258+0000] {logging_mixin.py:154} INFO - [2025-12-11T00:38:17.258+0000] {dag.py:2941} INFO - Sync 1 DAGs
[2025-12-11T00:38:17.277+0000] {logging_mixin.py:154} INFO - [2025-12-11T00:38:17.277+0000] {dag.py:3722} INFO - Setting next_dagrun for example_xcom to 2021-01-01T00:00:00+00:00, run_after=2021-01-01T00:00:00+00:00
[2025-12-11T00:38:17.294+0000] {processor.py:179} INFO - Processing /home/airflow/.local/lib/python3.8/site-packages/airflow/example_dags/example_xcom.py took 0.059 seconds
[2025-12-11T00:38:47.839+0000] {processor.py:157} INFO - Started process (PID=271) to work on /home/airflow/.local/lib/python3.8/site-packages/airflow/example_dags/example_xcom.py
[2025-12-11T00:38:47.840+0000] {processor.py:829} INFO - Processing file /home/airflow/.local/lib/python3.8/site-packages/airflow/example_dags/example_xcom.py for tasks to queue
[2025-12-11T00:38:47.841+0000] {logging_mixin.py:154} INFO - [2025-12-11T00:38:47.841+0000] {dagbag.py:536} INFO - Filling up the DagBag from /home/airflow/.local/lib/python3.8/site-packages/airflow/example_dags/example_xcom.py
[2025-12-11T00:38:47.845+0000] {processor.py:839} INFO - DAG(s) dict_keys(['example_xcom']) retrieved from /home/airflow/.local/lib/python3.8/site-packages/airflow/example_dags/example_xcom.py
[2025-12-11T00:38:47.858+0000] {logging_mixin.py:154} INFO - [2025-12-11T00:38:47.858+0000] {dag.py:2941} INFO - Sync 1 DAGs
[2025-12-11T00:38:47.871+0000] {logging_mixin.py:154} INFO - [2025-12-11T00:38:47.871+0000] {dag.py:3722} INFO - Setting next_dagrun for example_xcom to 2021-01-01T00:00:00+00:00, run_after=2021-01-01T00:00:00+00:00
[2025-12-11T00:38:47.896+0000] {processor.py:179} INFO - Processing /home/airflow/.local/lib/python3.8/site-packages/airflow/example_dags/example_xcom.py took 0.060 seconds
[2025-12-11T00:39:18.215+0000] {processor.py:157} INFO - Started process (PID=326) to work on /home/airflow/.local/lib/python3.8/site-packages/airflow/example_dags/example_xcom.py
[2025-12-11T00:39:18.216+0000] {processor.py:829} INFO - Processing file /home/airflow/.local/lib/python3.8/site-packages/airflow/example_dags/example_xcom.py for tasks to queue
[2025-12-11T00:39:18.217+0000] {logging_mixin.py:154} INFO - [2025-12-11T00:39:18.217+0000] {dagbag.py:536} INFO - Filling up the DagBag from /home/airflow/.local/lib/python3.8/site-packages/airflow/example_dags/example_xcom.py
[2025-12-11T00:39:18.221+0000] {processor.py:839} INFO - DAG(s) dict_keys(['example_xcom']) retrieved from /home/airflow/.local/lib/python3.8/site-packages/airflow/example_dags/example_xcom.py
[2025-12-11T00:39:18.234+0000] {logging_mixin.py:154} INFO - [2025-12-11T00:39:18.234+0000] {dag.py:2941} INFO - Sync 1 DAGs
[2025-12-11T00:39:18.246+0000] {logging_mixin.py:154} INFO - [2025-12-11T00:39:18.246+0000] {dag.py:3722} INFO - Setting next_dagrun for example_xcom to 2021-01-01T00:00:00+00:00, run_after=2021-01-01T00:00:00+00:00
[2025-12-11T00:39:18.256+0000] {processor.py:179} INFO - Processing /home/airflow/.local/lib/python3.8/site-packages/airflow/example_dags/example_xcom.py took 0.043 seconds
[2025-12-11T00:39:48.547+0000] {processor.py:157} INFO - Started process (PID=381) to work on /home/airflow/.local/lib/python3.8/site-packages/airflow/example_dags/example_xcom.py
[2025-12-11T00:39:48.547+0000] {processor.py:829} INFO - Processing file /home/airflow/.local/lib/python3.8/site-packages/airflow/example_dags/example_xcom.py for tasks to queue
[2025-12-11T00:39:48.548+0000] {logging_mixin.py:154} INFO - [2025-12-11T00:39:48.548+0000] {dagbag.py:536} INFO - Filling up the DagBag from /home/airflow/.local/lib/python3.8/site-packages/airflow/example_dags/example_xcom.py
[2025-12-11T00:39:48.552+0000] {processor.py:839} INFO - DAG(s) dict_keys(['example_xcom']) retrieved from /home/airflow/.local/lib/python3.8/site-packages/airflow/example_dags/example_xcom.py
[2025-12-11T00:39:48.566+0000] {logging_mixin.py:154} INFO - [2025-12-11T00:39:48.566+0000] {dag.py:2941} INFO - Sync 1 DAGs
[2025-12-11T00:39:48.579+0000] {logging_mixin.py:154} INFO - [2025-12-11T00:39:48.579+0000] {dag.py:3722} INFO - Setting next_dagrun for example_xcom to 2021-01-01T00:00:00+00:00, run_after=2021-01-01T00:00:00+00:00
[2025-12-11T00:39:48.590+0000] {processor.py:179} INFO - Processing /home/airflow/.local/lib/python3.8/site-packages/airflow/example_dags/example_xcom.py took 0.045 seconds
[2025-12-11T00:40:25.768+0000] {processor.py:157} INFO - Started process (PID=443) to work on /home/airflow/.local/lib/python3.8/site-packages/airflow/example_dags/example_xcom.py
[2025-12-11T00:40:25.770+0000] {processor.py:829} INFO - Processing file /home/airflow/.local/lib/python3.8/site-packages/airflow/example_dags/example_xcom.py for tasks to queue
[2025-12-11T00:40:25.771+0000] {logging_mixin.py:154} INFO - [2025-12-11T00:40:25.771+0000] {dagbag.py:536} INFO - Filling up the DagBag from /home/airflow/.local/lib/python3.8/site-packages/airflow/example_dags/example_xcom.py
[2025-12-11T00:40:25.775+0000] {processor.py:839} INFO - DAG(s) dict_keys(['example_xcom']) retrieved from /home/airflow/.local/lib/python3.8/site-packages/airflow/example_dags/example_xcom.py
[2025-12-11T00:40:25.794+0000] {logging_mixin.py:154} INFO - [2025-12-11T00:40:25.794+0000] {dag.py:2941} INFO - Sync 1 DAGs
[2025-12-11T00:40:25.810+0000] {logging_mixin.py:154} INFO - [2025-12-11T00:40:25.810+0000] {dag.py:3722} INFO - Setting next_dagrun for example_xcom to 2021-01-01T00:00:00+00:00, run_after=2021-01-01T00:00:00+00:00
[2025-12-11T00:40:25.826+0000] {processor.py:179} INFO - Processing /home/airflow/.local/lib/python3.8/site-packages/airflow/example_dags/example_xcom.py took 0.061 seconds
[2025-12-11T00:40:56.499+0000] {processor.py:157} INFO - Started process (PID=498) to work on /home/airflow/.local/lib/python3.8/site-packages/airflow/example_dags/example_xcom.py
[2025-12-11T00:40:56.500+0000] {processor.py:829} INFO - Processing file /home/airflow/.local/lib/python3.8/site-packages/airflow/example_dags/example_xcom.py for tasks to queue
[2025-12-11T00:40:56.501+0000] {logging_mixin.py:154} INFO - [2025-12-11T00:40:56.501+0000] {dagbag.py:536} INFO - Filling up the DagBag from /home/airflow/.local/lib/python3.8/site-packages/airflow/example_dags/example_xcom.py
[2025-12-11T00:40:56.505+0000] {processor.py:839} INFO - DAG(s) dict_keys(['example_xcom']) retrieved from /home/airflow/.local/lib/python3.8/site-packages/airflow/example_dags/example_xcom.py
[2025-12-11T00:40:56.518+0000] {logging_mixin.py:154} INFO - [2025-12-11T00:40:56.518+0000] {dag.py:2941} INFO - Sync 1 DAGs
[2025-12-11T00:40:56.531+0000] {logging_mixin.py:154} INFO - [2025-12-11T00:40:56.531+0000] {dag.py:3722} INFO - Setting next_dagrun for example_xcom to 2021-01-01T00:00:00+00:00, run_after=2021-01-01T00:00:00+00:00
[2025-12-11T00:40:56.542+0000] {processor.py:179} INFO - Processing /home/airflow/.local/lib/python3.8/site-packages/airflow/example_dags/example_xcom.py took 0.044 seconds
[2025-12-11T00:41:33.904+0000] {processor.py:157} INFO - Started process (PID=553) to work on /home/airflow/.local/lib/python3.8/site-packages/airflow/example_dags/example_xcom.py
[2025-12-11T00:41:33.909+0000] {processor.py:829} INFO - Processing file /home/airflow/.local/lib/python3.8/site-packages/airflow/example_dags/example_xcom.py for tasks to queue
[2025-12-11T00:41:33.912+0000] {logging_mixin.py:154} INFO - [2025-12-11T00:41:33.912+0000] {dagbag.py:536} INFO - Filling up the DagBag from /home/airflow/.local/lib/python3.8/site-packages/airflow/example_dags/example_xcom.py
[2025-12-11T00:41:33.917+0000] {processor.py:839} INFO - DAG(s) dict_keys(['example_xcom']) retrieved from /home/airflow/.local/lib/python3.8/site-packages/airflow/example_dags/example_xcom.py
[2025-12-11T00:41:33.931+0000] {logging_mixin.py:154} INFO - [2025-12-11T00:41:33.931+0000] {dag.py:2941} INFO - Sync 1 DAGs
[2025-12-11T00:41:33.945+0000] {logging_mixin.py:154} INFO - [2025-12-11T00:41:33.945+0000] {dag.py:3722} INFO - Setting next_dagrun for example_xcom to 2021-01-01T00:00:00+00:00, run_after=2021-01-01T00:00:00+00:00
[2025-12-11T00:41:33.966+0000] {processor.py:179} INFO - Processing /home/airflow/.local/lib/python3.8/site-packages/airflow/example_dags/example_xcom.py took 0.065 seconds
[2025-12-11T00:42:06.520+0000] {processor.py:157} INFO - Started process (PID=608) to work on /home/airflow/.local/lib/python3.8/site-packages/airflow/example_dags/example_xcom.py
[2025-12-11T00:42:06.520+0000] {processor.py:829} INFO - Processing file /home/airflow/.local/lib/python3.8/site-packages/airflow/example_dags/example_xcom.py for tasks to queue
[2025-12-11T00:42:06.522+0000] {logging_mixin.py:154} INFO - [2025-12-11T00:42:06.522+0000] {dagbag.py:536} INFO - Filling up the DagBag from /home/airflow/.local/lib/python3.8/site-packages/airflow/example_dags/example_xcom.py
[2025-12-11T00:42:06.528+0000] {processor.py:839} INFO - DAG(s) dict_keys(['example_xcom']) retrieved from /home/airflow/.local/lib/python3.8/site-packages/airflow/example_dags/example_xcom.py
[2025-12-11T00:42:06.546+0000] {logging_mixin.py:154} INFO - [2025-12-11T00:42:06.545+0000] {dag.py:2941} INFO - Sync 1 DAGs
[2025-12-11T00:42:06.566+0000] {logging_mixin.py:154} INFO - [2025-12-11T00:42:06.566+0000] {dag.py:3722} INFO - Setting next_dagrun for example_xcom to 2021-01-01T00:00:00+00:00, run_after=2021-01-01T00:00:00+00:00
[2025-12-11T00:42:06.579+0000] {processor.py:179} INFO - Processing /home/airflow/.local/lib/python3.8/site-packages/airflow/example_dags/example_xcom.py took 0.062 seconds
[2025-12-11T00:42:37.334+0000] {processor.py:157} INFO - Started process (PID=663) to work on /home/airflow/.local/lib/python3.8/site-packages/airflow/example_dags/example_xcom.py
[2025-12-11T00:42:37.335+0000] {processor.py:829} INFO - Processing file /home/airflow/.local/lib/python3.8/site-packages/airflow/example_dags/example_xcom.py for tasks to queue
[2025-12-11T00:42:37.337+0000] {logging_mixin.py:154} INFO - [2025-12-11T00:42:37.337+0000] {dagbag.py:536} INFO - Filling up the DagBag from /home/airflow/.local/lib/python3.8/site-packages/airflow/example_dags/example_xcom.py
[2025-12-11T00:42:37.342+0000] {processor.py:839} INFO - DAG(s) dict_keys(['example_xcom']) retrieved from /home/airflow/.local/lib/python3.8/site-packages/airflow/example_dags/example_xcom.py
[2025-12-11T00:42:37.363+0000] {logging_mixin.py:154} INFO - [2025-12-11T00:42:37.362+0000] {dag.py:2941} INFO - Sync 1 DAGs
[2025-12-11T00:42:37.381+0000] {logging_mixin.py:154} INFO - [2025-12-11T00:42:37.380+0000] {dag.py:3722} INFO - Setting next_dagrun for example_xcom to 2021-01-01T00:00:00+00:00, run_after=2021-01-01T00:00:00+00:00
[2025-12-11T00:42:37.394+0000] {processor.py:179} INFO - Processing /home/airflow/.local/lib/python3.8/site-packages/airflow/example_dags/example_xcom.py took 0.063 seconds
[2025-12-11T00:43:08.209+0000] {processor.py:157} INFO - Started process (PID=718) to work on /home/airflow/.local/lib/python3.8/site-packages/airflow/example_dags/example_xcom.py
[2025-12-11T00:43:08.210+0000] {processor.py:829} INFO - Processing file /home/airflow/.local/lib/python3.8/site-packages/airflow/example_dags/example_xcom.py for tasks to queue
[2025-12-11T00:43:08.211+0000] {logging_mixin.py:154} INFO - [2025-12-11T00:43:08.211+0000] {dagbag.py:536} INFO - Filling up the DagBag from /home/airflow/.local/lib/python3.8/site-packages/airflow/example_dags/example_xcom.py
[2025-12-11T00:43:08.215+0000] {processor.py:839} INFO - DAG(s) dict_keys(['example_xcom']) retrieved from /home/airflow/.local/lib/python3.8/site-packages/airflow/example_dags/example_xcom.py
[2025-12-11T00:43:08.229+0000] {logging_mixin.py:154} INFO - [2025-12-11T00:43:08.228+0000] {dag.py:2941} INFO - Sync 1 DAGs
[2025-12-11T00:43:08.241+0000] {logging_mixin.py:154} INFO - [2025-12-11T00:43:08.241+0000] {dag.py:3722} INFO - Setting next_dagrun for example_xcom to 2021-01-01T00:00:00+00:00, run_after=2021-01-01T00:00:00+00:00
[2025-12-11T00:43:08.252+0000] {processor.py:179} INFO - Processing /home/airflow/.local/lib/python3.8/site-packages/airflow/example_dags/example_xcom.py took 0.044 seconds
[2025-12-11T00:43:39.201+0000] {processor.py:157} INFO - Started process (PID=773) to work on /home/airflow/.local/lib/python3.8/site-packages/airflow/example_dags/example_xcom.py
[2025-12-11T00:43:39.203+0000] {processor.py:829} INFO - Processing file /home/airflow/.local/lib/python3.8/site-packages/airflow/example_dags/example_xcom.py for tasks to queue
[2025-12-11T00:43:39.204+0000] {logging_mixin.py:154} INFO - [2025-12-11T00:43:39.204+0000] {dagbag.py:536} INFO - Filling up the DagBag from /home/airflow/.local/lib/python3.8/site-packages/airflow/example_dags/example_xcom.py
[2025-12-11T00:43:39.211+0000] {processor.py:839} INFO - DAG(s) dict_keys(['example_xcom']) retrieved from /home/airflow/.local/lib/python3.8/site-packages/airflow/example_dags/example_xcom.py
[2025-12-11T00:43:39.225+0000] {logging_mixin.py:154} INFO - [2025-12-11T00:43:39.225+0000] {dag.py:2941} INFO - Sync 1 DAGs
[2025-12-11T00:43:39.239+0000] {logging_mixin.py:154} INFO - [2025-12-11T00:43:39.239+0000] {dag.py:3722} INFO - Setting next_dagrun for example_xcom to 2021-01-01T00:00:00+00:00, run_after=2021-01-01T00:00:00+00:00
[2025-12-11T00:43:39.251+0000] {processor.py:179} INFO - Processing /home/airflow/.local/lib/python3.8/site-packages/airflow/example_dags/example_xcom.py took 0.054 seconds
[2025-12-11T00:44:09.876+0000] {processor.py:157} INFO - Started process (PID=829) to work on /home/airflow/.local/lib/python3.8/site-packages/airflow/example_dags/example_xcom.py
[2025-12-11T00:44:09.877+0000] {processor.py:829} INFO - Processing file /home/airflow/.local/lib/python3.8/site-packages/airflow/example_dags/example_xcom.py for tasks to queue
[2025-12-11T00:44:09.878+0000] {logging_mixin.py:154} INFO - [2025-12-11T00:44:09.877+0000] {dagbag.py:536} INFO - Filling up the DagBag from /home/airflow/.local/lib/python3.8/site-packages/airflow/example_dags/example_xcom.py
[2025-12-11T00:44:09.882+0000] {processor.py:839} INFO - DAG(s) dict_keys(['example_xcom']) retrieved from /home/airflow/.local/lib/python3.8/site-packages/airflow/example_dags/example_xcom.py
[2025-12-11T00:44:09.894+0000] {logging_mixin.py:154} INFO - [2025-12-11T00:44:09.893+0000] {dag.py:2941} INFO - Sync 1 DAGs
[2025-12-11T00:44:09.906+0000] {logging_mixin.py:154} INFO - [2025-12-11T00:44:09.906+0000] {dag.py:3722} INFO - Setting next_dagrun for example_xcom to 2021-01-01T00:00:00+00:00, run_after=2021-01-01T00:00:00+00:00
[2025-12-11T00:44:09.917+0000] {processor.py:179} INFO - Processing /home/airflow/.local/lib/python3.8/site-packages/airflow/example_dags/example_xcom.py took 0.043 seconds
[2025-12-11T00:44:40.337+0000] {processor.py:157} INFO - Started process (PID=884) to work on /home/airflow/.local/lib/python3.8/site-packages/airflow/example_dags/example_xcom.py
[2025-12-11T00:44:40.337+0000] {processor.py:829} INFO - Processing file /home/airflow/.local/lib/python3.8/site-packages/airflow/example_dags/example_xcom.py for tasks to queue
[2025-12-11T00:44:40.339+0000] {logging_mixin.py:154} INFO - [2025-12-11T00:44:40.339+0000] {dagbag.py:536} INFO - Filling up the DagBag from /home/airflow/.local/lib/python3.8/site-packages/airflow/example_dags/example_xcom.py
[2025-12-11T00:44:40.344+0000] {processor.py:839} INFO - DAG(s) dict_keys(['example_xcom']) retrieved from /home/airflow/.local/lib/python3.8/site-packages/airflow/example_dags/example_xcom.py
[2025-12-11T00:44:40.360+0000] {logging_mixin.py:154} INFO - [2025-12-11T00:44:40.359+0000] {dag.py:2941} INFO - Sync 1 DAGs
[2025-12-11T00:44:40.372+0000] {logging_mixin.py:154} INFO - [2025-12-11T00:44:40.372+0000] {dag.py:3722} INFO - Setting next_dagrun for example_xcom to 2021-01-01T00:00:00+00:00, run_after=2021-01-01T00:00:00+00:00
[2025-12-11T00:44:40.383+0000] {processor.py:179} INFO - Processing /home/airflow/.local/lib/python3.8/site-packages/airflow/example_dags/example_xcom.py took 0.049 seconds
[2025-12-11T00:45:10.780+0000] {processor.py:157} INFO - Started process (PID=939) to work on /home/airflow/.local/lib/python3.8/site-packages/airflow/example_dags/example_xcom.py
[2025-12-11T00:45:10.781+0000] {processor.py:829} INFO - Processing file /home/airflow/.local/lib/python3.8/site-packages/airflow/example_dags/example_xcom.py for tasks to queue
[2025-12-11T00:45:10.782+0000] {logging_mixin.py:154} INFO - [2025-12-11T00:45:10.782+0000] {dagbag.py:536} INFO - Filling up the DagBag from /home/airflow/.local/lib/python3.8/site-packages/airflow/example_dags/example_xcom.py
[2025-12-11T00:45:10.787+0000] {processor.py:839} INFO - DAG(s) dict_keys(['example_xcom']) retrieved from /home/airflow/.local/lib/python3.8/site-packages/airflow/example_dags/example_xcom.py
[2025-12-11T00:45:10.802+0000] {logging_mixin.py:154} INFO - [2025-12-11T00:45:10.801+0000] {dag.py:2941} INFO - Sync 1 DAGs
[2025-12-11T00:45:10.815+0000] {logging_mixin.py:154} INFO - [2025-12-11T00:45:10.815+0000] {dag.py:3722} INFO - Setting next_dagrun for example_xcom to 2021-01-01T00:00:00+00:00, run_after=2021-01-01T00:00:00+00:00
[2025-12-11T00:45:10.828+0000] {processor.py:179} INFO - Processing /home/airflow/.local/lib/python3.8/site-packages/airflow/example_dags/example_xcom.py took 0.051 seconds
[2025-12-11T00:45:41.287+0000] {processor.py:157} INFO - Started process (PID=994) to work on /home/airflow/.local/lib/python3.8/site-packages/airflow/example_dags/example_xcom.py
[2025-12-11T00:45:41.288+0000] {processor.py:829} INFO - Processing file /home/airflow/.local/lib/python3.8/site-packages/airflow/example_dags/example_xcom.py for tasks to queue
[2025-12-11T00:45:41.291+0000] {logging_mixin.py:154} INFO - [2025-12-11T00:45:41.291+0000] {dagbag.py:536} INFO - Filling up the DagBag from /home/airflow/.local/lib/python3.8/site-packages/airflow/example_dags/example_xcom.py
[2025-12-11T00:45:41.296+0000] {processor.py:839} INFO - DAG(s) dict_keys(['example_xcom']) retrieved from /home/airflow/.local/lib/python3.8/site-packages/airflow/example_dags/example_xcom.py
[2025-12-11T00:45:41.309+0000] {logging_mixin.py:154} INFO - [2025-12-11T00:45:41.309+0000] {dag.py:2941} INFO - Sync 1 DAGs
[2025-12-11T00:45:41.321+0000] {logging_mixin.py:154} INFO - [2025-12-11T00:45:41.321+0000] {dag.py:3722} INFO - Setting next_dagrun for example_xcom to 2021-01-01T00:00:00+00:00, run_after=2021-01-01T00:00:00+00:00
[2025-12-11T00:45:41.331+0000] {processor.py:179} INFO - Processing /home/airflow/.local/lib/python3.8/site-packages/airflow/example_dags/example_xcom.py took 0.048 seconds
[2025-12-11T00:46:11.746+0000] {processor.py:157} INFO - Started process (PID=1049) to work on /home/airflow/.local/lib/python3.8/site-packages/airflow/example_dags/example_xcom.py
[2025-12-11T00:46:11.747+0000] {processor.py:829} INFO - Processing file /home/airflow/.local/lib/python3.8/site-packages/airflow/example_dags/example_xcom.py for tasks to queue
[2025-12-11T00:46:11.748+0000] {logging_mixin.py:154} INFO - [2025-12-11T00:46:11.748+0000] {dagbag.py:536} INFO - Filling up the DagBag from /home/airflow/.local/lib/python3.8/site-packages/airflow/example_dags/example_xcom.py
[2025-12-11T00:46:11.756+0000] {processor.py:839} INFO - DAG(s) dict_keys(['example_xcom']) retrieved from /home/airflow/.local/lib/python3.8/site-packages/airflow/example_dags/example_xcom.py
[2025-12-11T00:46:11.780+0000] {logging_mixin.py:154} INFO - [2025-12-11T00:46:11.780+0000] {dag.py:2941} INFO - Sync 1 DAGs
[2025-12-11T00:46:11.792+0000] {logging_mixin.py:154} INFO - [2025-12-11T00:46:11.791+0000] {dag.py:3722} INFO - Setting next_dagrun for example_xcom to 2021-01-01T00:00:00+00:00, run_after=2021-01-01T00:00:00+00:00
[2025-12-11T00:46:11.801+0000] {processor.py:179} INFO - Processing /home/airflow/.local/lib/python3.8/site-packages/airflow/example_dags/example_xcom.py took 0.058 seconds
[2025-12-11T00:46:42.357+0000] {processor.py:157} INFO - Started process (PID=1104) to work on /home/airflow/.local/lib/python3.8/site-packages/airflow/example_dags/example_xcom.py
[2025-12-11T00:46:42.358+0000] {processor.py:829} INFO - Processing file /home/airflow/.local/lib/python3.8/site-packages/airflow/example_dags/example_xcom.py for tasks to queue
[2025-12-11T00:46:42.359+0000] {logging_mixin.py:154} INFO - [2025-12-11T00:46:42.359+0000] {dagbag.py:536} INFO - Filling up the DagBag from /home/airflow/.local/lib/python3.8/site-packages/airflow/example_dags/example_xcom.py
[2025-12-11T00:46:42.363+0000] {processor.py:839} INFO - DAG(s) dict_keys(['example_xcom']) retrieved from /home/airflow/.local/lib/python3.8/site-packages/airflow/example_dags/example_xcom.py
[2025-12-11T00:46:42.382+0000] {logging_mixin.py:154} INFO - [2025-12-11T00:46:42.382+0000] {dag.py:2941} INFO - Sync 1 DAGs
[2025-12-11T00:46:42.395+0000] {logging_mixin.py:154} INFO - [2025-12-11T00:46:42.395+0000] {dag.py:3722} INFO - Setting next_dagrun for example_xcom to 2021-01-01T00:00:00+00:00, run_after=2021-01-01T00:00:00+00:00
[2025-12-11T00:46:42.405+0000] {processor.py:179} INFO - Processing /home/airflow/.local/lib/python3.8/site-packages/airflow/example_dags/example_xcom.py took 0.050 seconds
[2025-12-11T00:47:12.998+0000] {processor.py:157} INFO - Started process (PID=1159) to work on /home/airflow/.local/lib/python3.8/site-packages/airflow/example_dags/example_xcom.py
[2025-12-11T00:47:12.999+0000] {processor.py:829} INFO - Processing file /home/airflow/.local/lib/python3.8/site-packages/airflow/example_dags/example_xcom.py for tasks to queue
[2025-12-11T00:47:13.000+0000] {logging_mixin.py:154} INFO - [2025-12-11T00:47:13.000+0000] {dagbag.py:536} INFO - Filling up the DagBag from /home/airflow/.local/lib/python3.8/site-packages/airflow/example_dags/example_xcom.py
[2025-12-11T00:47:13.004+0000] {processor.py:839} INFO - DAG(s) dict_keys(['example_xcom']) retrieved from /home/airflow/.local/lib/python3.8/site-packages/airflow/example_dags/example_xcom.py
[2025-12-11T00:47:13.016+0000] {logging_mixin.py:154} INFO - [2025-12-11T00:47:13.016+0000] {dag.py:2941} INFO - Sync 1 DAGs
[2025-12-11T00:47:13.028+0000] {logging_mixin.py:154} INFO - [2025-12-11T00:47:13.028+0000] {dag.py:3722} INFO - Setting next_dagrun for example_xcom to 2021-01-01T00:00:00+00:00, run_after=2021-01-01T00:00:00+00:00
[2025-12-11T00:47:13.039+0000] {processor.py:179} INFO - Processing /home/airflow/.local/lib/python3.8/site-packages/airflow/example_dags/example_xcom.py took 0.043 seconds
[2025-12-11T00:47:43.649+0000] {processor.py:157} INFO - Started process (PID=1214) to work on /home/airflow/.local/lib/python3.8/site-packages/airflow/example_dags/example_xcom.py
[2025-12-11T00:47:43.650+0000] {processor.py:829} INFO - Processing file /home/airflow/.local/lib/python3.8/site-packages/airflow/example_dags/example_xcom.py for tasks to queue
[2025-12-11T00:47:43.651+0000] {logging_mixin.py:154} INFO - [2025-12-11T00:47:43.651+0000] {dagbag.py:536} INFO - Filling up the DagBag from /home/airflow/.local/lib/python3.8/site-packages/airflow/example_dags/example_xcom.py
[2025-12-11T00:47:43.655+0000] {processor.py:839} INFO - DAG(s) dict_keys(['example_xcom']) retrieved from /home/airflow/.local/lib/python3.8/site-packages/airflow/example_dags/example_xcom.py
[2025-12-11T00:47:43.668+0000] {logging_mixin.py:154} INFO - [2025-12-11T00:47:43.668+0000] {dag.py:2941} INFO - Sync 1 DAGs
[2025-12-11T00:47:43.680+0000] {logging_mixin.py:154} INFO - [2025-12-11T00:47:43.680+0000] {dag.py:3722} INFO - Setting next_dagrun for example_xcom to 2021-01-01T00:00:00+00:00, run_after=2021-01-01T00:00:00+00:00
[2025-12-11T00:47:43.691+0000] {processor.py:179} INFO - Processing /home/airflow/.local/lib/python3.8/site-packages/airflow/example_dags/example_xcom.py took 0.044 seconds
[2025-12-11T00:48:13.771+0000] {processor.py:157} INFO - Started process (PID=1269) to work on /home/airflow/.local/lib/python3.8/site-packages/airflow/example_dags/example_xcom.py
[2025-12-11T00:48:13.772+0000] {processor.py:829} INFO - Processing file /home/airflow/.local/lib/python3.8/site-packages/airflow/example_dags/example_xcom.py for tasks to queue
[2025-12-11T00:48:13.774+0000] {logging_mixin.py:154} INFO - [2025-12-11T00:48:13.774+0000] {dagbag.py:536} INFO - Filling up the DagBag from /home/airflow/.local/lib/python3.8/site-packages/airflow/example_dags/example_xcom.py
[2025-12-11T00:48:13.778+0000] {processor.py:839} INFO - DAG(s) dict_keys(['example_xcom']) retrieved from /home/airflow/.local/lib/python3.8/site-packages/airflow/example_dags/example_xcom.py
[2025-12-11T00:48:13.792+0000] {logging_mixin.py:154} INFO - [2025-12-11T00:48:13.791+0000] {dag.py:2941} INFO - Sync 1 DAGs
[2025-12-11T00:48:13.805+0000] {logging_mixin.py:154} INFO - [2025-12-11T00:48:13.804+0000] {dag.py:3722} INFO - Setting next_dagrun for example_xcom to 2021-01-01T00:00:00+00:00, run_after=2021-01-01T00:00:00+00:00
[2025-12-11T00:48:13.817+0000] {processor.py:179} INFO - Processing /home/airflow/.local/lib/python3.8/site-packages/airflow/example_dags/example_xcom.py took 0.048 seconds
[2025-12-11T00:48:44.689+0000] {processor.py:157} INFO - Started process (PID=1324) to work on /home/airflow/.local/lib/python3.8/site-packages/airflow/example_dags/example_xcom.py
[2025-12-11T00:48:44.690+0000] {processor.py:829} INFO - Processing file /home/airflow/.local/lib/python3.8/site-packages/airflow/example_dags/example_xcom.py for tasks to queue
[2025-12-11T00:48:44.691+0000] {logging_mixin.py:154} INFO - [2025-12-11T00:48:44.691+0000] {dagbag.py:536} INFO - Filling up the DagBag from /home/airflow/.local/lib/python3.8/site-packages/airflow/example_dags/example_xcom.py
[2025-12-11T00:48:44.695+0000] {processor.py:839} INFO - DAG(s) dict_keys(['example_xcom']) retrieved from /home/airflow/.local/lib/python3.8/site-packages/airflow/example_dags/example_xcom.py
[2025-12-11T00:48:44.709+0000] {logging_mixin.py:154} INFO - [2025-12-11T00:48:44.709+0000] {dag.py:2941} INFO - Sync 1 DAGs
[2025-12-11T00:48:44.723+0000] {logging_mixin.py:154} INFO - [2025-12-11T00:48:44.723+0000] {dag.py:3722} INFO - Setting next_dagrun for example_xcom to 2021-01-01T00:00:00+00:00, run_after=2021-01-01T00:00:00+00:00
[2025-12-11T00:48:44.735+0000] {processor.py:179} INFO - Processing /home/airflow/.local/lib/python3.8/site-packages/airflow/example_dags/example_xcom.py took 0.048 seconds
[2025-12-11T00:49:15.468+0000] {processor.py:157} INFO - Started process (PID=1379) to work on /home/airflow/.local/lib/python3.8/site-packages/airflow/example_dags/example_xcom.py
[2025-12-11T00:49:15.477+0000] {processor.py:829} INFO - Processing file /home/airflow/.local/lib/python3.8/site-packages/airflow/example_dags/example_xcom.py for tasks to queue
[2025-12-11T00:49:15.478+0000] {logging_mixin.py:154} INFO - [2025-12-11T00:49:15.478+0000] {dagbag.py:536} INFO - Filling up the DagBag from /home/airflow/.local/lib/python3.8/site-packages/airflow/example_dags/example_xcom.py
[2025-12-11T00:49:15.485+0000] {processor.py:839} INFO - DAG(s) dict_keys(['example_xcom']) retrieved from /home/airflow/.local/lib/python3.8/site-packages/airflow/example_dags/example_xcom.py
[2025-12-11T00:49:15.506+0000] {logging_mixin.py:154} INFO - [2025-12-11T00:49:15.506+0000] {dag.py:2941} INFO - Sync 1 DAGs
[2025-12-11T00:49:15.528+0000] {logging_mixin.py:154} INFO - [2025-12-11T00:49:15.528+0000] {dag.py:3722} INFO - Setting next_dagrun for example_xcom to 2021-01-01T00:00:00+00:00, run_after=2021-01-01T00:00:00+00:00
[2025-12-11T00:49:15.548+0000] {processor.py:179} INFO - Processing /home/airflow/.local/lib/python3.8/site-packages/airflow/example_dags/example_xcom.py took 0.082 seconds
[2025-12-11T00:49:45.569+0000] {processor.py:157} INFO - Started process (PID=1434) to work on /home/airflow/.local/lib/python3.8/site-packages/airflow/example_dags/example_xcom.py
[2025-12-11T00:49:45.570+0000] {processor.py:829} INFO - Processing file /home/airflow/.local/lib/python3.8/site-packages/airflow/example_dags/example_xcom.py for tasks to queue
[2025-12-11T00:49:45.572+0000] {logging_mixin.py:154} INFO - [2025-12-11T00:49:45.572+0000] {dagbag.py:536} INFO - Filling up the DagBag from /home/airflow/.local/lib/python3.8/site-packages/airflow/example_dags/example_xcom.py
[2025-12-11T00:49:45.577+0000] {processor.py:839} INFO - DAG(s) dict_keys(['example_xcom']) retrieved from /home/airflow/.local/lib/python3.8/site-packages/airflow/example_dags/example_xcom.py
[2025-12-11T00:49:45.592+0000] {logging_mixin.py:154} INFO - [2025-12-11T00:49:45.591+0000] {dag.py:2941} INFO - Sync 1 DAGs
[2025-12-11T00:49:45.607+0000] {logging_mixin.py:154} INFO - [2025-12-11T00:49:45.606+0000] {dag.py:3722} INFO - Setting next_dagrun for example_xcom to 2021-01-01T00:00:00+00:00, run_after=2021-01-01T00:00:00+00:00
[2025-12-11T00:49:45.620+0000] {processor.py:179} INFO - Processing /home/airflow/.local/lib/python3.8/site-packages/airflow/example_dags/example_xcom.py took 0.054 seconds
[2025-12-11T00:50:15.909+0000] {processor.py:157} INFO - Started process (PID=1489) to work on /home/airflow/.local/lib/python3.8/site-packages/airflow/example_dags/example_xcom.py
[2025-12-11T00:50:15.910+0000] {processor.py:829} INFO - Processing file /home/airflow/.local/lib/python3.8/site-packages/airflow/example_dags/example_xcom.py for tasks to queue
[2025-12-11T00:50:15.911+0000] {logging_mixin.py:154} INFO - [2025-12-11T00:50:15.911+0000] {dagbag.py:536} INFO - Filling up the DagBag from /home/airflow/.local/lib/python3.8/site-packages/airflow/example_dags/example_xcom.py
[2025-12-11T00:50:15.915+0000] {processor.py:839} INFO - DAG(s) dict_keys(['example_xcom']) retrieved from /home/airflow/.local/lib/python3.8/site-packages/airflow/example_dags/example_xcom.py
[2025-12-11T00:50:15.929+0000] {logging_mixin.py:154} INFO - [2025-12-11T00:50:15.929+0000] {dag.py:2941} INFO - Sync 1 DAGs
[2025-12-11T00:50:15.950+0000] {logging_mixin.py:154} INFO - [2025-12-11T00:50:15.950+0000] {dag.py:3722} INFO - Setting next_dagrun for example_xcom to 2021-01-01T00:00:00+00:00, run_after=2021-01-01T00:00:00+00:00
[2025-12-11T00:50:15.962+0000] {processor.py:179} INFO - Processing /home/airflow/.local/lib/python3.8/site-packages/airflow/example_dags/example_xcom.py took 0.055 seconds
[2025-12-11T00:50:46.114+0000] {processor.py:157} INFO - Started process (PID=1544) to work on /home/airflow/.local/lib/python3.8/site-packages/airflow/example_dags/example_xcom.py
[2025-12-11T00:50:46.115+0000] {processor.py:829} INFO - Processing file /home/airflow/.local/lib/python3.8/site-packages/airflow/example_dags/example_xcom.py for tasks to queue
[2025-12-11T00:50:46.117+0000] {logging_mixin.py:154} INFO - [2025-12-11T00:50:46.116+0000] {dagbag.py:536} INFO - Filling up the DagBag from /home/airflow/.local/lib/python3.8/site-packages/airflow/example_dags/example_xcom.py
[2025-12-11T00:50:46.121+0000] {processor.py:839} INFO - DAG(s) dict_keys(['example_xcom']) retrieved from /home/airflow/.local/lib/python3.8/site-packages/airflow/example_dags/example_xcom.py
[2025-12-11T00:50:46.135+0000] {logging_mixin.py:154} INFO - [2025-12-11T00:50:46.135+0000] {dag.py:2941} INFO - Sync 1 DAGs
[2025-12-11T00:50:46.149+0000] {logging_mixin.py:154} INFO - [2025-12-11T00:50:46.149+0000] {dag.py:3722} INFO - Setting next_dagrun for example_xcom to 2021-01-01T00:00:00+00:00, run_after=2021-01-01T00:00:00+00:00
[2025-12-11T00:50:46.161+0000] {processor.py:179} INFO - Processing /home/airflow/.local/lib/python3.8/site-packages/airflow/example_dags/example_xcom.py took 0.050 seconds
[2025-12-11T00:51:16.787+0000] {processor.py:157} INFO - Started process (PID=1599) to work on /home/airflow/.local/lib/python3.8/site-packages/airflow/example_dags/example_xcom.py
[2025-12-11T00:51:16.788+0000] {processor.py:829} INFO - Processing file /home/airflow/.local/lib/python3.8/site-packages/airflow/example_dags/example_xcom.py for tasks to queue
[2025-12-11T00:51:16.789+0000] {logging_mixin.py:154} INFO - [2025-12-11T00:51:16.789+0000] {dagbag.py:536} INFO - Filling up the DagBag from /home/airflow/.local/lib/python3.8/site-packages/airflow/example_dags/example_xcom.py
[2025-12-11T00:51:16.793+0000] {processor.py:839} INFO - DAG(s) dict_keys(['example_xcom']) retrieved from /home/airflow/.local/lib/python3.8/site-packages/airflow/example_dags/example_xcom.py
[2025-12-11T00:51:16.806+0000] {logging_mixin.py:154} INFO - [2025-12-11T00:51:16.805+0000] {dag.py:2941} INFO - Sync 1 DAGs
[2025-12-11T00:51:16.818+0000] {logging_mixin.py:154} INFO - [2025-12-11T00:51:16.818+0000] {dag.py:3722} INFO - Setting next_dagrun for example_xcom to 2021-01-01T00:00:00+00:00, run_after=2021-01-01T00:00:00+00:00
[2025-12-11T00:51:16.828+0000] {processor.py:179} INFO - Processing /home/airflow/.local/lib/python3.8/site-packages/airflow/example_dags/example_xcom.py took 0.042 seconds
[2025-12-11T00:51:46.913+0000] {processor.py:157} INFO - Started process (PID=1654) to work on /home/airflow/.local/lib/python3.8/site-packages/airflow/example_dags/example_xcom.py
[2025-12-11T00:51:46.913+0000] {processor.py:829} INFO - Processing file /home/airflow/.local/lib/python3.8/site-packages/airflow/example_dags/example_xcom.py for tasks to queue
[2025-12-11T00:51:46.914+0000] {logging_mixin.py:154} INFO - [2025-12-11T00:51:46.914+0000] {dagbag.py:536} INFO - Filling up the DagBag from /home/airflow/.local/lib/python3.8/site-packages/airflow/example_dags/example_xcom.py
[2025-12-11T00:51:46.919+0000] {processor.py:839} INFO - DAG(s) dict_keys(['example_xcom']) retrieved from /home/airflow/.local/lib/python3.8/site-packages/airflow/example_dags/example_xcom.py
[2025-12-11T00:51:46.932+0000] {logging_mixin.py:154} INFO - [2025-12-11T00:51:46.932+0000] {dag.py:2941} INFO - Sync 1 DAGs
[2025-12-11T00:51:46.945+0000] {logging_mixin.py:154} INFO - [2025-12-11T00:51:46.945+0000] {dag.py:3722} INFO - Setting next_dagrun for example_xcom to 2021-01-01T00:00:00+00:00, run_after=2021-01-01T00:00:00+00:00
[2025-12-11T00:51:46.957+0000] {processor.py:179} INFO - Processing /home/airflow/.local/lib/python3.8/site-packages/airflow/example_dags/example_xcom.py took 0.046 seconds
[2025-12-11T00:52:17.199+0000] {processor.py:157} INFO - Started process (PID=1709) to work on /home/airflow/.local/lib/python3.8/site-packages/airflow/example_dags/example_xcom.py
[2025-12-11T00:52:17.200+0000] {processor.py:829} INFO - Processing file /home/airflow/.local/lib/python3.8/site-packages/airflow/example_dags/example_xcom.py for tasks to queue
[2025-12-11T00:52:17.201+0000] {logging_mixin.py:154} INFO - [2025-12-11T00:52:17.201+0000] {dagbag.py:536} INFO - Filling up the DagBag from /home/airflow/.local/lib/python3.8/site-packages/airflow/example_dags/example_xcom.py
[2025-12-11T00:52:17.205+0000] {processor.py:839} INFO - DAG(s) dict_keys(['example_xcom']) retrieved from /home/airflow/.local/lib/python3.8/site-packages/airflow/example_dags/example_xcom.py
[2025-12-11T00:52:17.221+0000] {logging_mixin.py:154} INFO - [2025-12-11T00:52:17.220+0000] {dag.py:2941} INFO - Sync 1 DAGs
[2025-12-11T00:52:17.235+0000] {logging_mixin.py:154} INFO - [2025-12-11T00:52:17.235+0000] {dag.py:3722} INFO - Setting next_dagrun for example_xcom to 2021-01-01T00:00:00+00:00, run_after=2021-01-01T00:00:00+00:00
[2025-12-11T00:52:17.261+0000] {processor.py:179} INFO - Processing /home/airflow/.local/lib/python3.8/site-packages/airflow/example_dags/example_xcom.py took 0.063 seconds
[2025-12-11T00:52:47.315+0000] {processor.py:157} INFO - Started process (PID=1764) to work on /home/airflow/.local/lib/python3.8/site-packages/airflow/example_dags/example_xcom.py
[2025-12-11T00:52:47.315+0000] {processor.py:829} INFO - Processing file /home/airflow/.local/lib/python3.8/site-packages/airflow/example_dags/example_xcom.py for tasks to queue
[2025-12-11T00:52:47.317+0000] {logging_mixin.py:154} INFO - [2025-12-11T00:52:47.316+0000] {dagbag.py:536} INFO - Filling up the DagBag from /home/airflow/.local/lib/python3.8/site-packages/airflow/example_dags/example_xcom.py
[2025-12-11T00:52:47.322+0000] {processor.py:839} INFO - DAG(s) dict_keys(['example_xcom']) retrieved from /home/airflow/.local/lib/python3.8/site-packages/airflow/example_dags/example_xcom.py
[2025-12-11T00:52:47.335+0000] {logging_mixin.py:154} INFO - [2025-12-11T00:52:47.335+0000] {dag.py:2941} INFO - Sync 1 DAGs
[2025-12-11T00:52:47.347+0000] {logging_mixin.py:154} INFO - [2025-12-11T00:52:47.347+0000] {dag.py:3722} INFO - Setting next_dagrun for example_xcom to 2021-01-01T00:00:00+00:00, run_after=2021-01-01T00:00:00+00:00
[2025-12-11T00:52:47.357+0000] {processor.py:179} INFO - Processing /home/airflow/.local/lib/python3.8/site-packages/airflow/example_dags/example_xcom.py took 0.045 seconds
[2025-12-11T00:53:17.955+0000] {processor.py:157} INFO - Started process (PID=1819) to work on /home/airflow/.local/lib/python3.8/site-packages/airflow/example_dags/example_xcom.py
[2025-12-11T00:53:17.955+0000] {processor.py:829} INFO - Processing file /home/airflow/.local/lib/python3.8/site-packages/airflow/example_dags/example_xcom.py for tasks to queue
[2025-12-11T00:53:17.957+0000] {logging_mixin.py:154} INFO - [2025-12-11T00:53:17.956+0000] {dagbag.py:536} INFO - Filling up the DagBag from /home/airflow/.local/lib/python3.8/site-packages/airflow/example_dags/example_xcom.py
[2025-12-11T00:53:17.961+0000] {processor.py:839} INFO - DAG(s) dict_keys(['example_xcom']) retrieved from /home/airflow/.local/lib/python3.8/site-packages/airflow/example_dags/example_xcom.py
[2025-12-11T00:53:17.974+0000] {logging_mixin.py:154} INFO - [2025-12-11T00:53:17.974+0000] {dag.py:2941} INFO - Sync 1 DAGs
[2025-12-11T00:53:17.987+0000] {logging_mixin.py:154} INFO - [2025-12-11T00:53:17.987+0000] {dag.py:3722} INFO - Setting next_dagrun for example_xcom to 2021-01-01T00:00:00+00:00, run_after=2021-01-01T00:00:00+00:00
[2025-12-11T00:53:17.999+0000] {processor.py:179} INFO - Processing /home/airflow/.local/lib/python3.8/site-packages/airflow/example_dags/example_xcom.py took 0.047 seconds
[2025-12-11T00:53:48.596+0000] {processor.py:157} INFO - Started process (PID=1874) to work on /home/airflow/.local/lib/python3.8/site-packages/airflow/example_dags/example_xcom.py
[2025-12-11T00:53:48.596+0000] {processor.py:829} INFO - Processing file /home/airflow/.local/lib/python3.8/site-packages/airflow/example_dags/example_xcom.py for tasks to queue
[2025-12-11T00:53:48.598+0000] {logging_mixin.py:154} INFO - [2025-12-11T00:53:48.598+0000] {dagbag.py:536} INFO - Filling up the DagBag from /home/airflow/.local/lib/python3.8/site-packages/airflow/example_dags/example_xcom.py
[2025-12-11T00:53:48.603+0000] {processor.py:839} INFO - DAG(s) dict_keys(['example_xcom']) retrieved from /home/airflow/.local/lib/python3.8/site-packages/airflow/example_dags/example_xcom.py
[2025-12-11T00:53:48.617+0000] {logging_mixin.py:154} INFO - [2025-12-11T00:53:48.617+0000] {dag.py:2941} INFO - Sync 1 DAGs
[2025-12-11T00:53:48.631+0000] {logging_mixin.py:154} INFO - [2025-12-11T00:53:48.630+0000] {dag.py:3722} INFO - Setting next_dagrun for example_xcom to 2021-01-01T00:00:00+00:00, run_after=2021-01-01T00:00:00+00:00
[2025-12-11T00:53:48.641+0000] {processor.py:179} INFO - Processing /home/airflow/.local/lib/python3.8/site-packages/airflow/example_dags/example_xcom.py took 0.049 seconds
[2025-12-11T00:54:18.974+0000] {processor.py:157} INFO - Started process (PID=1930) to work on /home/airflow/.local/lib/python3.8/site-packages/airflow/example_dags/example_xcom.py
[2025-12-11T00:54:18.975+0000] {processor.py:829} INFO - Processing file /home/airflow/.local/lib/python3.8/site-packages/airflow/example_dags/example_xcom.py for tasks to queue
[2025-12-11T00:54:18.976+0000] {logging_mixin.py:154} INFO - [2025-12-11T00:54:18.976+0000] {dagbag.py:536} INFO - Filling up the DagBag from /home/airflow/.local/lib/python3.8/site-packages/airflow/example_dags/example_xcom.py
[2025-12-11T00:54:18.981+0000] {processor.py:839} INFO - DAG(s) dict_keys(['example_xcom']) retrieved from /home/airflow/.local/lib/python3.8/site-packages/airflow/example_dags/example_xcom.py
[2025-12-11T00:54:18.994+0000] {logging_mixin.py:154} INFO - [2025-12-11T00:54:18.994+0000] {dag.py:2941} INFO - Sync 1 DAGs
[2025-12-11T00:54:19.008+0000] {logging_mixin.py:154} INFO - [2025-12-11T00:54:19.008+0000] {dag.py:3722} INFO - Setting next_dagrun for example_xcom to 2021-01-01T00:00:00+00:00, run_after=2021-01-01T00:00:00+00:00
[2025-12-11T00:54:19.021+0000] {processor.py:179} INFO - Processing /home/airflow/.local/lib/python3.8/site-packages/airflow/example_dags/example_xcom.py took 0.049 seconds
[2025-12-11T00:54:49.406+0000] {processor.py:157} INFO - Started process (PID=1985) to work on /home/airflow/.local/lib/python3.8/site-packages/airflow/example_dags/example_xcom.py
[2025-12-11T00:54:49.407+0000] {processor.py:829} INFO - Processing file /home/airflow/.local/lib/python3.8/site-packages/airflow/example_dags/example_xcom.py for tasks to queue
[2025-12-11T00:54:49.409+0000] {logging_mixin.py:154} INFO - [2025-12-11T00:54:49.408+0000] {dagbag.py:536} INFO - Filling up the DagBag from /home/airflow/.local/lib/python3.8/site-packages/airflow/example_dags/example_xcom.py
[2025-12-11T00:54:49.414+0000] {processor.py:839} INFO - DAG(s) dict_keys(['example_xcom']) retrieved from /home/airflow/.local/lib/python3.8/site-packages/airflow/example_dags/example_xcom.py
[2025-12-11T00:54:49.432+0000] {logging_mixin.py:154} INFO - [2025-12-11T00:54:49.432+0000] {dag.py:2941} INFO - Sync 1 DAGs
[2025-12-11T00:54:49.445+0000] {logging_mixin.py:154} INFO - [2025-12-11T00:54:49.445+0000] {dag.py:3722} INFO - Setting next_dagrun for example_xcom to 2021-01-01T00:00:00+00:00, run_after=2021-01-01T00:00:00+00:00
[2025-12-11T00:54:49.456+0000] {processor.py:179} INFO - Processing /home/airflow/.local/lib/python3.8/site-packages/airflow/example_dags/example_xcom.py took 0.053 seconds
[2025-12-11T00:55:19.939+0000] {processor.py:157} INFO - Started process (PID=2041) to work on /home/airflow/.local/lib/python3.8/site-packages/airflow/example_dags/example_xcom.py
[2025-12-11T00:55:19.940+0000] {processor.py:829} INFO - Processing file /home/airflow/.local/lib/python3.8/site-packages/airflow/example_dags/example_xcom.py for tasks to queue
[2025-12-11T00:55:19.941+0000] {logging_mixin.py:154} INFO - [2025-12-11T00:55:19.941+0000] {dagbag.py:536} INFO - Filling up the DagBag from /home/airflow/.local/lib/python3.8/site-packages/airflow/example_dags/example_xcom.py
[2025-12-11T00:55:19.946+0000] {processor.py:839} INFO - DAG(s) dict_keys(['example_xcom']) retrieved from /home/airflow/.local/lib/python3.8/site-packages/airflow/example_dags/example_xcom.py
[2025-12-11T00:55:19.960+0000] {logging_mixin.py:154} INFO - [2025-12-11T00:55:19.960+0000] {dag.py:2941} INFO - Sync 1 DAGs
[2025-12-11T00:55:19.980+0000] {logging_mixin.py:154} INFO - [2025-12-11T00:55:19.980+0000] {dag.py:3722} INFO - Setting next_dagrun for example_xcom to 2021-01-01T00:00:00+00:00, run_after=2021-01-01T00:00:00+00:00
[2025-12-11T00:55:19.997+0000] {processor.py:179} INFO - Processing /home/airflow/.local/lib/python3.8/site-packages/airflow/example_dags/example_xcom.py took 0.060 seconds
