[2025-12-11T00:38:16.891+0000] {processor.py:157} INFO - Started process (PID=202) to work on /home/airflow/.local/lib/python3.8/site-packages/airflow/example_dags/example_short_circuit_decorator.py
[2025-12-11T00:38:16.892+0000] {processor.py:829} INFO - Processing file /home/airflow/.local/lib/python3.8/site-packages/airflow/example_dags/example_short_circuit_decorator.py for tasks to queue
[2025-12-11T00:38:16.894+0000] {logging_mixin.py:154} INFO - [2025-12-11T00:38:16.893+0000] {dagbag.py:536} INFO - Filling up the DagBag from /home/airflow/.local/lib/python3.8/site-packages/airflow/example_dags/example_short_circuit_decorator.py
[2025-12-11T00:38:16.902+0000] {processor.py:839} INFO - DAG(s) dict_keys(['example_short_circuit_decorator']) retrieved from /home/airflow/.local/lib/python3.8/site-packages/airflow/example_dags/example_short_circuit_decorator.py
[2025-12-11T00:38:16.911+0000] {logging_mixin.py:154} INFO - [2025-12-11T00:38:16.910+0000] {dag.py:2941} INFO - Sync 1 DAGs
[2025-12-11T00:38:16.929+0000] {logging_mixin.py:154} INFO - [2025-12-11T00:38:16.929+0000] {dag.py:3722} INFO - Setting next_dagrun for example_short_circuit_decorator to 2025-12-10T00:38:16.929551+00:00, run_after=2025-12-11T00:38:16.929551+00:00
[2025-12-11T00:38:16.945+0000] {processor.py:179} INFO - Processing /home/airflow/.local/lib/python3.8/site-packages/airflow/example_dags/example_short_circuit_decorator.py took 0.057 seconds
[2025-12-11T00:38:47.301+0000] {processor.py:157} INFO - Started process (PID=261) to work on /home/airflow/.local/lib/python3.8/site-packages/airflow/example_dags/example_short_circuit_decorator.py
[2025-12-11T00:38:47.301+0000] {processor.py:829} INFO - Processing file /home/airflow/.local/lib/python3.8/site-packages/airflow/example_dags/example_short_circuit_decorator.py for tasks to queue
[2025-12-11T00:38:47.303+0000] {logging_mixin.py:154} INFO - [2025-12-11T00:38:47.302+0000] {dagbag.py:536} INFO - Filling up the DagBag from /home/airflow/.local/lib/python3.8/site-packages/airflow/example_dags/example_short_circuit_decorator.py
[2025-12-11T00:38:47.311+0000] {processor.py:839} INFO - DAG(s) dict_keys(['example_short_circuit_decorator']) retrieved from /home/airflow/.local/lib/python3.8/site-packages/airflow/example_dags/example_short_circuit_decorator.py
[2025-12-11T00:38:47.327+0000] {logging_mixin.py:154} INFO - [2025-12-11T00:38:47.327+0000] {dag.py:2941} INFO - Sync 1 DAGs
[2025-12-11T00:38:47.343+0000] {logging_mixin.py:154} INFO - [2025-12-11T00:38:47.343+0000] {dag.py:3722} INFO - Setting next_dagrun for example_short_circuit_decorator to 2025-12-10T00:38:47.343562+00:00, run_after=2025-12-11T00:38:47.343562+00:00
[2025-12-11T00:38:47.357+0000] {processor.py:179} INFO - Processing /home/airflow/.local/lib/python3.8/site-packages/airflow/example_dags/example_short_circuit_decorator.py took 0.058 seconds
[2025-12-11T00:39:17.816+0000] {processor.py:157} INFO - Started process (PID=316) to work on /home/airflow/.local/lib/python3.8/site-packages/airflow/example_dags/example_short_circuit_decorator.py
[2025-12-11T00:39:17.817+0000] {processor.py:829} INFO - Processing file /home/airflow/.local/lib/python3.8/site-packages/airflow/example_dags/example_short_circuit_decorator.py for tasks to queue
[2025-12-11T00:39:17.818+0000] {logging_mixin.py:154} INFO - [2025-12-11T00:39:17.818+0000] {dagbag.py:536} INFO - Filling up the DagBag from /home/airflow/.local/lib/python3.8/site-packages/airflow/example_dags/example_short_circuit_decorator.py
[2025-12-11T00:39:17.841+0000] {processor.py:839} INFO - DAG(s) dict_keys(['example_short_circuit_decorator']) retrieved from /home/airflow/.local/lib/python3.8/site-packages/airflow/example_dags/example_short_circuit_decorator.py
[2025-12-11T00:39:17.870+0000] {logging_mixin.py:154} INFO - [2025-12-11T00:39:17.870+0000] {dag.py:2941} INFO - Sync 1 DAGs
[2025-12-11T00:39:17.885+0000] {logging_mixin.py:154} INFO - [2025-12-11T00:39:17.885+0000] {dag.py:3722} INFO - Setting next_dagrun for example_short_circuit_decorator to 2025-12-10T00:39:17.885229+00:00, run_after=2025-12-11T00:39:17.885229+00:00
[2025-12-11T00:39:17.907+0000] {processor.py:179} INFO - Processing /home/airflow/.local/lib/python3.8/site-packages/airflow/example_dags/example_short_circuit_decorator.py took 0.095 seconds
[2025-12-11T00:39:48.038+0000] {processor.py:157} INFO - Started process (PID=371) to work on /home/airflow/.local/lib/python3.8/site-packages/airflow/example_dags/example_short_circuit_decorator.py
[2025-12-11T00:39:48.040+0000] {processor.py:829} INFO - Processing file /home/airflow/.local/lib/python3.8/site-packages/airflow/example_dags/example_short_circuit_decorator.py for tasks to queue
[2025-12-11T00:39:48.042+0000] {logging_mixin.py:154} INFO - [2025-12-11T00:39:48.041+0000] {dagbag.py:536} INFO - Filling up the DagBag from /home/airflow/.local/lib/python3.8/site-packages/airflow/example_dags/example_short_circuit_decorator.py
[2025-12-11T00:39:48.049+0000] {processor.py:839} INFO - DAG(s) dict_keys(['example_short_circuit_decorator']) retrieved from /home/airflow/.local/lib/python3.8/site-packages/airflow/example_dags/example_short_circuit_decorator.py
[2025-12-11T00:39:48.063+0000] {logging_mixin.py:154} INFO - [2025-12-11T00:39:48.063+0000] {dag.py:2941} INFO - Sync 1 DAGs
[2025-12-11T00:39:48.078+0000] {logging_mixin.py:154} INFO - [2025-12-11T00:39:48.078+0000] {dag.py:3722} INFO - Setting next_dagrun for example_short_circuit_decorator to 2025-12-10T00:39:48.077926+00:00, run_after=2025-12-11T00:39:48.077926+00:00
[2025-12-11T00:39:48.090+0000] {processor.py:179} INFO - Processing /home/airflow/.local/lib/python3.8/site-packages/airflow/example_dags/example_short_circuit_decorator.py took 0.056 seconds
[2025-12-11T00:40:25.456+0000] {processor.py:157} INFO - Started process (PID=433) to work on /home/airflow/.local/lib/python3.8/site-packages/airflow/example_dags/example_short_circuit_decorator.py
[2025-12-11T00:40:25.457+0000] {processor.py:829} INFO - Processing file /home/airflow/.local/lib/python3.8/site-packages/airflow/example_dags/example_short_circuit_decorator.py for tasks to queue
[2025-12-11T00:40:25.458+0000] {logging_mixin.py:154} INFO - [2025-12-11T00:40:25.458+0000] {dagbag.py:536} INFO - Filling up the DagBag from /home/airflow/.local/lib/python3.8/site-packages/airflow/example_dags/example_short_circuit_decorator.py
[2025-12-11T00:40:25.464+0000] {processor.py:839} INFO - DAG(s) dict_keys(['example_short_circuit_decorator']) retrieved from /home/airflow/.local/lib/python3.8/site-packages/airflow/example_dags/example_short_circuit_decorator.py
[2025-12-11T00:40:25.477+0000] {logging_mixin.py:154} INFO - [2025-12-11T00:40:25.477+0000] {dag.py:2941} INFO - Sync 1 DAGs
[2025-12-11T00:40:25.489+0000] {logging_mixin.py:154} INFO - [2025-12-11T00:40:25.489+0000] {dag.py:3722} INFO - Setting next_dagrun for example_short_circuit_decorator to 2025-12-10T00:40:25.489402+00:00, run_after=2025-12-11T00:40:25.489402+00:00
[2025-12-11T00:40:25.500+0000] {processor.py:179} INFO - Processing /home/airflow/.local/lib/python3.8/site-packages/airflow/example_dags/example_short_circuit_decorator.py took 0.046 seconds
[2025-12-11T00:40:56.188+0000] {processor.py:157} INFO - Started process (PID=488) to work on /home/airflow/.local/lib/python3.8/site-packages/airflow/example_dags/example_short_circuit_decorator.py
[2025-12-11T00:40:56.189+0000] {processor.py:829} INFO - Processing file /home/airflow/.local/lib/python3.8/site-packages/airflow/example_dags/example_short_circuit_decorator.py for tasks to queue
[2025-12-11T00:40:56.190+0000] {logging_mixin.py:154} INFO - [2025-12-11T00:40:56.190+0000] {dagbag.py:536} INFO - Filling up the DagBag from /home/airflow/.local/lib/python3.8/site-packages/airflow/example_dags/example_short_circuit_decorator.py
[2025-12-11T00:40:56.197+0000] {processor.py:839} INFO - DAG(s) dict_keys(['example_short_circuit_decorator']) retrieved from /home/airflow/.local/lib/python3.8/site-packages/airflow/example_dags/example_short_circuit_decorator.py
[2025-12-11T00:40:56.210+0000] {logging_mixin.py:154} INFO - [2025-12-11T00:40:56.209+0000] {dag.py:2941} INFO - Sync 1 DAGs
[2025-12-11T00:40:56.222+0000] {logging_mixin.py:154} INFO - [2025-12-11T00:40:56.222+0000] {dag.py:3722} INFO - Setting next_dagrun for example_short_circuit_decorator to 2025-12-10T00:40:56.222080+00:00, run_after=2025-12-11T00:40:56.222080+00:00
[2025-12-11T00:40:56.232+0000] {processor.py:179} INFO - Processing /home/airflow/.local/lib/python3.8/site-packages/airflow/example_dags/example_short_circuit_decorator.py took 0.047 seconds
[2025-12-11T00:41:33.461+0000] {processor.py:157} INFO - Started process (PID=543) to work on /home/airflow/.local/lib/python3.8/site-packages/airflow/example_dags/example_short_circuit_decorator.py
[2025-12-11T00:41:33.462+0000] {processor.py:829} INFO - Processing file /home/airflow/.local/lib/python3.8/site-packages/airflow/example_dags/example_short_circuit_decorator.py for tasks to queue
[2025-12-11T00:41:33.463+0000] {logging_mixin.py:154} INFO - [2025-12-11T00:41:33.463+0000] {dagbag.py:536} INFO - Filling up the DagBag from /home/airflow/.local/lib/python3.8/site-packages/airflow/example_dags/example_short_circuit_decorator.py
[2025-12-11T00:41:33.469+0000] {processor.py:839} INFO - DAG(s) dict_keys(['example_short_circuit_decorator']) retrieved from /home/airflow/.local/lib/python3.8/site-packages/airflow/example_dags/example_short_circuit_decorator.py
[2025-12-11T00:41:33.486+0000] {logging_mixin.py:154} INFO - [2025-12-11T00:41:33.485+0000] {dag.py:2941} INFO - Sync 1 DAGs
[2025-12-11T00:41:33.497+0000] {logging_mixin.py:154} INFO - [2025-12-11T00:41:33.497+0000] {dag.py:3722} INFO - Setting next_dagrun for example_short_circuit_decorator to 2025-12-10T00:41:33.497532+00:00, run_after=2025-12-11T00:41:33.497532+00:00
[2025-12-11T00:41:33.509+0000] {processor.py:179} INFO - Processing /home/airflow/.local/lib/python3.8/site-packages/airflow/example_dags/example_short_circuit_decorator.py took 0.050 seconds
[2025-12-11T00:42:06.177+0000] {processor.py:157} INFO - Started process (PID=598) to work on /home/airflow/.local/lib/python3.8/site-packages/airflow/example_dags/example_short_circuit_decorator.py
[2025-12-11T00:42:06.179+0000] {processor.py:829} INFO - Processing file /home/airflow/.local/lib/python3.8/site-packages/airflow/example_dags/example_short_circuit_decorator.py for tasks to queue
[2025-12-11T00:42:06.180+0000] {logging_mixin.py:154} INFO - [2025-12-11T00:42:06.180+0000] {dagbag.py:536} INFO - Filling up the DagBag from /home/airflow/.local/lib/python3.8/site-packages/airflow/example_dags/example_short_circuit_decorator.py
[2025-12-11T00:42:06.186+0000] {processor.py:839} INFO - DAG(s) dict_keys(['example_short_circuit_decorator']) retrieved from /home/airflow/.local/lib/python3.8/site-packages/airflow/example_dags/example_short_circuit_decorator.py
[2025-12-11T00:42:06.200+0000] {logging_mixin.py:154} INFO - [2025-12-11T00:42:06.200+0000] {dag.py:2941} INFO - Sync 1 DAGs
[2025-12-11T00:42:06.213+0000] {logging_mixin.py:154} INFO - [2025-12-11T00:42:06.213+0000] {dag.py:3722} INFO - Setting next_dagrun for example_short_circuit_decorator to 2025-12-10T00:42:06.213460+00:00, run_after=2025-12-11T00:42:06.213460+00:00
[2025-12-11T00:42:06.228+0000] {processor.py:179} INFO - Processing /home/airflow/.local/lib/python3.8/site-packages/airflow/example_dags/example_short_circuit_decorator.py took 0.054 seconds
[2025-12-11T00:42:36.988+0000] {processor.py:157} INFO - Started process (PID=653) to work on /home/airflow/.local/lib/python3.8/site-packages/airflow/example_dags/example_short_circuit_decorator.py
[2025-12-11T00:42:36.989+0000] {processor.py:829} INFO - Processing file /home/airflow/.local/lib/python3.8/site-packages/airflow/example_dags/example_short_circuit_decorator.py for tasks to queue
[2025-12-11T00:42:36.990+0000] {logging_mixin.py:154} INFO - [2025-12-11T00:42:36.990+0000] {dagbag.py:536} INFO - Filling up the DagBag from /home/airflow/.local/lib/python3.8/site-packages/airflow/example_dags/example_short_circuit_decorator.py
[2025-12-11T00:42:36.996+0000] {processor.py:839} INFO - DAG(s) dict_keys(['example_short_circuit_decorator']) retrieved from /home/airflow/.local/lib/python3.8/site-packages/airflow/example_dags/example_short_circuit_decorator.py
[2025-12-11T00:42:37.009+0000] {logging_mixin.py:154} INFO - [2025-12-11T00:42:37.009+0000] {dag.py:2941} INFO - Sync 1 DAGs
[2025-12-11T00:42:37.021+0000] {logging_mixin.py:154} INFO - [2025-12-11T00:42:37.021+0000] {dag.py:3722} INFO - Setting next_dagrun for example_short_circuit_decorator to 2025-12-10T00:42:37.021534+00:00, run_after=2025-12-11T00:42:37.021534+00:00
[2025-12-11T00:42:37.032+0000] {processor.py:179} INFO - Processing /home/airflow/.local/lib/python3.8/site-packages/airflow/example_dags/example_short_circuit_decorator.py took 0.047 seconds
[2025-12-11T00:43:07.885+0000] {processor.py:157} INFO - Started process (PID=708) to work on /home/airflow/.local/lib/python3.8/site-packages/airflow/example_dags/example_short_circuit_decorator.py
[2025-12-11T00:43:07.886+0000] {processor.py:829} INFO - Processing file /home/airflow/.local/lib/python3.8/site-packages/airflow/example_dags/example_short_circuit_decorator.py for tasks to queue
[2025-12-11T00:43:07.887+0000] {logging_mixin.py:154} INFO - [2025-12-11T00:43:07.887+0000] {dagbag.py:536} INFO - Filling up the DagBag from /home/airflow/.local/lib/python3.8/site-packages/airflow/example_dags/example_short_circuit_decorator.py
[2025-12-11T00:43:07.892+0000] {processor.py:839} INFO - DAG(s) dict_keys(['example_short_circuit_decorator']) retrieved from /home/airflow/.local/lib/python3.8/site-packages/airflow/example_dags/example_short_circuit_decorator.py
[2025-12-11T00:43:07.906+0000] {logging_mixin.py:154} INFO - [2025-12-11T00:43:07.905+0000] {dag.py:2941} INFO - Sync 1 DAGs
[2025-12-11T00:43:07.918+0000] {logging_mixin.py:154} INFO - [2025-12-11T00:43:07.918+0000] {dag.py:3722} INFO - Setting next_dagrun for example_short_circuit_decorator to 2025-12-10T00:43:07.918500+00:00, run_after=2025-12-11T00:43:07.918500+00:00
[2025-12-11T00:43:07.930+0000] {processor.py:179} INFO - Processing /home/airflow/.local/lib/python3.8/site-packages/airflow/example_dags/example_short_circuit_decorator.py took 0.047 seconds
[2025-12-11T00:43:38.830+0000] {processor.py:157} INFO - Started process (PID=763) to work on /home/airflow/.local/lib/python3.8/site-packages/airflow/example_dags/example_short_circuit_decorator.py
[2025-12-11T00:43:38.831+0000] {processor.py:829} INFO - Processing file /home/airflow/.local/lib/python3.8/site-packages/airflow/example_dags/example_short_circuit_decorator.py for tasks to queue
[2025-12-11T00:43:38.832+0000] {logging_mixin.py:154} INFO - [2025-12-11T00:43:38.832+0000] {dagbag.py:536} INFO - Filling up the DagBag from /home/airflow/.local/lib/python3.8/site-packages/airflow/example_dags/example_short_circuit_decorator.py
[2025-12-11T00:43:38.839+0000] {processor.py:839} INFO - DAG(s) dict_keys(['example_short_circuit_decorator']) retrieved from /home/airflow/.local/lib/python3.8/site-packages/airflow/example_dags/example_short_circuit_decorator.py
[2025-12-11T00:43:38.853+0000] {logging_mixin.py:154} INFO - [2025-12-11T00:43:38.853+0000] {dag.py:2941} INFO - Sync 1 DAGs
[2025-12-11T00:43:38.865+0000] {logging_mixin.py:154} INFO - [2025-12-11T00:43:38.865+0000] {dag.py:3722} INFO - Setting next_dagrun for example_short_circuit_decorator to 2025-12-10T00:43:38.865690+00:00, run_after=2025-12-11T00:43:38.865690+00:00
[2025-12-11T00:43:38.876+0000] {processor.py:179} INFO - Processing /home/airflow/.local/lib/python3.8/site-packages/airflow/example_dags/example_short_circuit_decorator.py took 0.049 seconds
[2025-12-11T00:44:09.522+0000] {processor.py:157} INFO - Started process (PID=819) to work on /home/airflow/.local/lib/python3.8/site-packages/airflow/example_dags/example_short_circuit_decorator.py
[2025-12-11T00:44:09.522+0000] {processor.py:829} INFO - Processing file /home/airflow/.local/lib/python3.8/site-packages/airflow/example_dags/example_short_circuit_decorator.py for tasks to queue
[2025-12-11T00:44:09.524+0000] {logging_mixin.py:154} INFO - [2025-12-11T00:44:09.524+0000] {dagbag.py:536} INFO - Filling up the DagBag from /home/airflow/.local/lib/python3.8/site-packages/airflow/example_dags/example_short_circuit_decorator.py
[2025-12-11T00:44:09.532+0000] {processor.py:839} INFO - DAG(s) dict_keys(['example_short_circuit_decorator']) retrieved from /home/airflow/.local/lib/python3.8/site-packages/airflow/example_dags/example_short_circuit_decorator.py
[2025-12-11T00:44:09.546+0000] {logging_mixin.py:154} INFO - [2025-12-11T00:44:09.546+0000] {dag.py:2941} INFO - Sync 1 DAGs
[2025-12-11T00:44:09.559+0000] {logging_mixin.py:154} INFO - [2025-12-11T00:44:09.559+0000] {dag.py:3722} INFO - Setting next_dagrun for example_short_circuit_decorator to 2025-12-10T00:44:09.559091+00:00, run_after=2025-12-11T00:44:09.559091+00:00
[2025-12-11T00:44:09.608+0000] {processor.py:179} INFO - Processing /home/airflow/.local/lib/python3.8/site-packages/airflow/example_dags/example_short_circuit_decorator.py took 0.088 seconds
[2025-12-11T00:44:40.047+0000] {processor.py:157} INFO - Started process (PID=874) to work on /home/airflow/.local/lib/python3.8/site-packages/airflow/example_dags/example_short_circuit_decorator.py
[2025-12-11T00:44:40.048+0000] {processor.py:829} INFO - Processing file /home/airflow/.local/lib/python3.8/site-packages/airflow/example_dags/example_short_circuit_decorator.py for tasks to queue
[2025-12-11T00:44:40.049+0000] {logging_mixin.py:154} INFO - [2025-12-11T00:44:40.048+0000] {dagbag.py:536} INFO - Filling up the DagBag from /home/airflow/.local/lib/python3.8/site-packages/airflow/example_dags/example_short_circuit_decorator.py
[2025-12-11T00:44:40.054+0000] {processor.py:839} INFO - DAG(s) dict_keys(['example_short_circuit_decorator']) retrieved from /home/airflow/.local/lib/python3.8/site-packages/airflow/example_dags/example_short_circuit_decorator.py
[2025-12-11T00:44:40.067+0000] {logging_mixin.py:154} INFO - [2025-12-11T00:44:40.067+0000] {dag.py:2941} INFO - Sync 1 DAGs
[2025-12-11T00:44:40.079+0000] {logging_mixin.py:154} INFO - [2025-12-11T00:44:40.079+0000] {dag.py:3722} INFO - Setting next_dagrun for example_short_circuit_decorator to 2025-12-10T00:44:40.079227+00:00, run_after=2025-12-11T00:44:40.079227+00:00
[2025-12-11T00:44:40.089+0000] {processor.py:179} INFO - Processing /home/airflow/.local/lib/python3.8/site-packages/airflow/example_dags/example_short_circuit_decorator.py took 0.044 seconds
[2025-12-11T00:45:10.469+0000] {processor.py:157} INFO - Started process (PID=929) to work on /home/airflow/.local/lib/python3.8/site-packages/airflow/example_dags/example_short_circuit_decorator.py
[2025-12-11T00:45:10.470+0000] {processor.py:829} INFO - Processing file /home/airflow/.local/lib/python3.8/site-packages/airflow/example_dags/example_short_circuit_decorator.py for tasks to queue
[2025-12-11T00:45:10.471+0000] {logging_mixin.py:154} INFO - [2025-12-11T00:45:10.471+0000] {dagbag.py:536} INFO - Filling up the DagBag from /home/airflow/.local/lib/python3.8/site-packages/airflow/example_dags/example_short_circuit_decorator.py
[2025-12-11T00:45:10.476+0000] {processor.py:839} INFO - DAG(s) dict_keys(['example_short_circuit_decorator']) retrieved from /home/airflow/.local/lib/python3.8/site-packages/airflow/example_dags/example_short_circuit_decorator.py
[2025-12-11T00:45:10.489+0000] {logging_mixin.py:154} INFO - [2025-12-11T00:45:10.489+0000] {dag.py:2941} INFO - Sync 1 DAGs
[2025-12-11T00:45:10.502+0000] {logging_mixin.py:154} INFO - [2025-12-11T00:45:10.502+0000] {dag.py:3722} INFO - Setting next_dagrun for example_short_circuit_decorator to 2025-12-10T00:45:10.501948+00:00, run_after=2025-12-11T00:45:10.501948+00:00
[2025-12-11T00:45:10.512+0000] {processor.py:179} INFO - Processing /home/airflow/.local/lib/python3.8/site-packages/airflow/example_dags/example_short_circuit_decorator.py took 0.045 seconds
[2025-12-11T00:45:40.962+0000] {processor.py:157} INFO - Started process (PID=984) to work on /home/airflow/.local/lib/python3.8/site-packages/airflow/example_dags/example_short_circuit_decorator.py
[2025-12-11T00:45:40.964+0000] {processor.py:829} INFO - Processing file /home/airflow/.local/lib/python3.8/site-packages/airflow/example_dags/example_short_circuit_decorator.py for tasks to queue
[2025-12-11T00:45:40.965+0000] {logging_mixin.py:154} INFO - [2025-12-11T00:45:40.965+0000] {dagbag.py:536} INFO - Filling up the DagBag from /home/airflow/.local/lib/python3.8/site-packages/airflow/example_dags/example_short_circuit_decorator.py
[2025-12-11T00:45:40.971+0000] {processor.py:839} INFO - DAG(s) dict_keys(['example_short_circuit_decorator']) retrieved from /home/airflow/.local/lib/python3.8/site-packages/airflow/example_dags/example_short_circuit_decorator.py
[2025-12-11T00:45:40.992+0000] {logging_mixin.py:154} INFO - [2025-12-11T00:45:40.991+0000] {dag.py:2941} INFO - Sync 1 DAGs
[2025-12-11T00:45:41.008+0000] {logging_mixin.py:154} INFO - [2025-12-11T00:45:41.007+0000] {dag.py:3722} INFO - Setting next_dagrun for example_short_circuit_decorator to 2025-12-10T00:45:41.007836+00:00, run_after=2025-12-11T00:45:41.007836+00:00
[2025-12-11T00:45:41.019+0000] {processor.py:179} INFO - Processing /home/airflow/.local/lib/python3.8/site-packages/airflow/example_dags/example_short_circuit_decorator.py took 0.059 seconds
[2025-12-11T00:46:11.437+0000] {processor.py:157} INFO - Started process (PID=1039) to work on /home/airflow/.local/lib/python3.8/site-packages/airflow/example_dags/example_short_circuit_decorator.py
[2025-12-11T00:46:11.438+0000] {processor.py:829} INFO - Processing file /home/airflow/.local/lib/python3.8/site-packages/airflow/example_dags/example_short_circuit_decorator.py for tasks to queue
[2025-12-11T00:46:11.439+0000] {logging_mixin.py:154} INFO - [2025-12-11T00:46:11.439+0000] {dagbag.py:536} INFO - Filling up the DagBag from /home/airflow/.local/lib/python3.8/site-packages/airflow/example_dags/example_short_circuit_decorator.py
[2025-12-11T00:46:11.444+0000] {processor.py:839} INFO - DAG(s) dict_keys(['example_short_circuit_decorator']) retrieved from /home/airflow/.local/lib/python3.8/site-packages/airflow/example_dags/example_short_circuit_decorator.py
[2025-12-11T00:46:11.461+0000] {logging_mixin.py:154} INFO - [2025-12-11T00:46:11.461+0000] {dag.py:2941} INFO - Sync 1 DAGs
[2025-12-11T00:46:11.474+0000] {logging_mixin.py:154} INFO - [2025-12-11T00:46:11.474+0000] {dag.py:3722} INFO - Setting next_dagrun for example_short_circuit_decorator to 2025-12-10T00:46:11.474622+00:00, run_after=2025-12-11T00:46:11.474622+00:00
[2025-12-11T00:46:11.485+0000] {processor.py:179} INFO - Processing /home/airflow/.local/lib/python3.8/site-packages/airflow/example_dags/example_short_circuit_decorator.py took 0.050 seconds
[2025-12-11T00:46:42.033+0000] {processor.py:157} INFO - Started process (PID=1094) to work on /home/airflow/.local/lib/python3.8/site-packages/airflow/example_dags/example_short_circuit_decorator.py
[2025-12-11T00:46:42.034+0000] {processor.py:829} INFO - Processing file /home/airflow/.local/lib/python3.8/site-packages/airflow/example_dags/example_short_circuit_decorator.py for tasks to queue
[2025-12-11T00:46:42.035+0000] {logging_mixin.py:154} INFO - [2025-12-11T00:46:42.035+0000] {dagbag.py:536} INFO - Filling up the DagBag from /home/airflow/.local/lib/python3.8/site-packages/airflow/example_dags/example_short_circuit_decorator.py
[2025-12-11T00:46:42.044+0000] {processor.py:839} INFO - DAG(s) dict_keys(['example_short_circuit_decorator']) retrieved from /home/airflow/.local/lib/python3.8/site-packages/airflow/example_dags/example_short_circuit_decorator.py
[2025-12-11T00:46:42.065+0000] {logging_mixin.py:154} INFO - [2025-12-11T00:46:42.065+0000] {dag.py:2941} INFO - Sync 1 DAGs
[2025-12-11T00:46:42.078+0000] {logging_mixin.py:154} INFO - [2025-12-11T00:46:42.078+0000] {dag.py:3722} INFO - Setting next_dagrun for example_short_circuit_decorator to 2025-12-10T00:46:42.078051+00:00, run_after=2025-12-11T00:46:42.078051+00:00
[2025-12-11T00:46:42.089+0000] {processor.py:179} INFO - Processing /home/airflow/.local/lib/python3.8/site-packages/airflow/example_dags/example_short_circuit_decorator.py took 0.059 seconds
[2025-12-11T00:47:12.617+0000] {processor.py:157} INFO - Started process (PID=1149) to work on /home/airflow/.local/lib/python3.8/site-packages/airflow/example_dags/example_short_circuit_decorator.py
[2025-12-11T00:47:12.618+0000] {processor.py:829} INFO - Processing file /home/airflow/.local/lib/python3.8/site-packages/airflow/example_dags/example_short_circuit_decorator.py for tasks to queue
[2025-12-11T00:47:12.619+0000] {logging_mixin.py:154} INFO - [2025-12-11T00:47:12.619+0000] {dagbag.py:536} INFO - Filling up the DagBag from /home/airflow/.local/lib/python3.8/site-packages/airflow/example_dags/example_short_circuit_decorator.py
[2025-12-11T00:47:12.625+0000] {processor.py:839} INFO - DAG(s) dict_keys(['example_short_circuit_decorator']) retrieved from /home/airflow/.local/lib/python3.8/site-packages/airflow/example_dags/example_short_circuit_decorator.py
[2025-12-11T00:47:12.647+0000] {logging_mixin.py:154} INFO - [2025-12-11T00:47:12.647+0000] {dag.py:2941} INFO - Sync 1 DAGs
[2025-12-11T00:47:12.663+0000] {logging_mixin.py:154} INFO - [2025-12-11T00:47:12.663+0000] {dag.py:3722} INFO - Setting next_dagrun for example_short_circuit_decorator to 2025-12-10T00:47:12.663714+00:00, run_after=2025-12-11T00:47:12.663714+00:00
[2025-12-11T00:47:12.674+0000] {processor.py:179} INFO - Processing /home/airflow/.local/lib/python3.8/site-packages/airflow/example_dags/example_short_circuit_decorator.py took 0.059 seconds
[2025-12-11T00:47:43.265+0000] {processor.py:157} INFO - Started process (PID=1204) to work on /home/airflow/.local/lib/python3.8/site-packages/airflow/example_dags/example_short_circuit_decorator.py
[2025-12-11T00:47:43.265+0000] {processor.py:829} INFO - Processing file /home/airflow/.local/lib/python3.8/site-packages/airflow/example_dags/example_short_circuit_decorator.py for tasks to queue
[2025-12-11T00:47:43.267+0000] {logging_mixin.py:154} INFO - [2025-12-11T00:47:43.266+0000] {dagbag.py:536} INFO - Filling up the DagBag from /home/airflow/.local/lib/python3.8/site-packages/airflow/example_dags/example_short_circuit_decorator.py
[2025-12-11T00:47:43.272+0000] {processor.py:839} INFO - DAG(s) dict_keys(['example_short_circuit_decorator']) retrieved from /home/airflow/.local/lib/python3.8/site-packages/airflow/example_dags/example_short_circuit_decorator.py
[2025-12-11T00:47:43.286+0000] {logging_mixin.py:154} INFO - [2025-12-11T00:47:43.286+0000] {dag.py:2941} INFO - Sync 1 DAGs
[2025-12-11T00:47:43.300+0000] {logging_mixin.py:154} INFO - [2025-12-11T00:47:43.300+0000] {dag.py:3722} INFO - Setting next_dagrun for example_short_circuit_decorator to 2025-12-10T00:47:43.300195+00:00, run_after=2025-12-11T00:47:43.300195+00:00
[2025-12-11T00:47:43.311+0000] {processor.py:179} INFO - Processing /home/airflow/.local/lib/python3.8/site-packages/airflow/example_dags/example_short_circuit_decorator.py took 0.048 seconds
[2025-12-11T00:48:13.467+0000] {processor.py:157} INFO - Started process (PID=1259) to work on /home/airflow/.local/lib/python3.8/site-packages/airflow/example_dags/example_short_circuit_decorator.py
[2025-12-11T00:48:13.468+0000] {processor.py:829} INFO - Processing file /home/airflow/.local/lib/python3.8/site-packages/airflow/example_dags/example_short_circuit_decorator.py for tasks to queue
[2025-12-11T00:48:13.469+0000] {logging_mixin.py:154} INFO - [2025-12-11T00:48:13.469+0000] {dagbag.py:536} INFO - Filling up the DagBag from /home/airflow/.local/lib/python3.8/site-packages/airflow/example_dags/example_short_circuit_decorator.py
[2025-12-11T00:48:13.474+0000] {processor.py:839} INFO - DAG(s) dict_keys(['example_short_circuit_decorator']) retrieved from /home/airflow/.local/lib/python3.8/site-packages/airflow/example_dags/example_short_circuit_decorator.py
[2025-12-11T00:48:13.488+0000] {logging_mixin.py:154} INFO - [2025-12-11T00:48:13.487+0000] {dag.py:2941} INFO - Sync 1 DAGs
[2025-12-11T00:48:13.501+0000] {logging_mixin.py:154} INFO - [2025-12-11T00:48:13.500+0000] {dag.py:3722} INFO - Setting next_dagrun for example_short_circuit_decorator to 2025-12-10T00:48:13.500722+00:00, run_after=2025-12-11T00:48:13.500722+00:00
[2025-12-11T00:48:13.512+0000] {processor.py:179} INFO - Processing /home/airflow/.local/lib/python3.8/site-packages/airflow/example_dags/example_short_circuit_decorator.py took 0.047 seconds
[2025-12-11T00:48:44.341+0000] {processor.py:157} INFO - Started process (PID=1314) to work on /home/airflow/.local/lib/python3.8/site-packages/airflow/example_dags/example_short_circuit_decorator.py
[2025-12-11T00:48:44.342+0000] {processor.py:829} INFO - Processing file /home/airflow/.local/lib/python3.8/site-packages/airflow/example_dags/example_short_circuit_decorator.py for tasks to queue
[2025-12-11T00:48:44.343+0000] {logging_mixin.py:154} INFO - [2025-12-11T00:48:44.343+0000] {dagbag.py:536} INFO - Filling up the DagBag from /home/airflow/.local/lib/python3.8/site-packages/airflow/example_dags/example_short_circuit_decorator.py
[2025-12-11T00:48:44.348+0000] {processor.py:839} INFO - DAG(s) dict_keys(['example_short_circuit_decorator']) retrieved from /home/airflow/.local/lib/python3.8/site-packages/airflow/example_dags/example_short_circuit_decorator.py
[2025-12-11T00:48:44.365+0000] {logging_mixin.py:154} INFO - [2025-12-11T00:48:44.365+0000] {dag.py:2941} INFO - Sync 1 DAGs
[2025-12-11T00:48:44.382+0000] {logging_mixin.py:154} INFO - [2025-12-11T00:48:44.382+0000] {dag.py:3722} INFO - Setting next_dagrun for example_short_circuit_decorator to 2025-12-10T00:48:44.382088+00:00, run_after=2025-12-11T00:48:44.382088+00:00
[2025-12-11T00:48:44.404+0000] {processor.py:179} INFO - Processing /home/airflow/.local/lib/python3.8/site-packages/airflow/example_dags/example_short_circuit_decorator.py took 0.065 seconds
[2025-12-11T00:49:15.051+0000] {processor.py:157} INFO - Started process (PID=1369) to work on /home/airflow/.local/lib/python3.8/site-packages/airflow/example_dags/example_short_circuit_decorator.py
[2025-12-11T00:49:15.052+0000] {processor.py:829} INFO - Processing file /home/airflow/.local/lib/python3.8/site-packages/airflow/example_dags/example_short_circuit_decorator.py for tasks to queue
[2025-12-11T00:49:15.053+0000] {logging_mixin.py:154} INFO - [2025-12-11T00:49:15.053+0000] {dagbag.py:536} INFO - Filling up the DagBag from /home/airflow/.local/lib/python3.8/site-packages/airflow/example_dags/example_short_circuit_decorator.py
[2025-12-11T00:49:15.065+0000] {processor.py:839} INFO - DAG(s) dict_keys(['example_short_circuit_decorator']) retrieved from /home/airflow/.local/lib/python3.8/site-packages/airflow/example_dags/example_short_circuit_decorator.py
[2025-12-11T00:49:15.084+0000] {logging_mixin.py:154} INFO - [2025-12-11T00:49:15.084+0000] {dag.py:2941} INFO - Sync 1 DAGs
[2025-12-11T00:49:15.100+0000] {logging_mixin.py:154} INFO - [2025-12-11T00:49:15.100+0000] {dag.py:3722} INFO - Setting next_dagrun for example_short_circuit_decorator to 2025-12-10T00:49:15.100213+00:00, run_after=2025-12-11T00:49:15.100213+00:00
[2025-12-11T00:49:15.116+0000] {processor.py:179} INFO - Processing /home/airflow/.local/lib/python3.8/site-packages/airflow/example_dags/example_short_circuit_decorator.py took 0.067 seconds
[2025-12-11T00:49:45.250+0000] {processor.py:157} INFO - Started process (PID=1424) to work on /home/airflow/.local/lib/python3.8/site-packages/airflow/example_dags/example_short_circuit_decorator.py
[2025-12-11T00:49:45.251+0000] {processor.py:829} INFO - Processing file /home/airflow/.local/lib/python3.8/site-packages/airflow/example_dags/example_short_circuit_decorator.py for tasks to queue
[2025-12-11T00:49:45.252+0000] {logging_mixin.py:154} INFO - [2025-12-11T00:49:45.252+0000] {dagbag.py:536} INFO - Filling up the DagBag from /home/airflow/.local/lib/python3.8/site-packages/airflow/example_dags/example_short_circuit_decorator.py
[2025-12-11T00:49:45.259+0000] {processor.py:839} INFO - DAG(s) dict_keys(['example_short_circuit_decorator']) retrieved from /home/airflow/.local/lib/python3.8/site-packages/airflow/example_dags/example_short_circuit_decorator.py
[2025-12-11T00:49:45.274+0000] {logging_mixin.py:154} INFO - [2025-12-11T00:49:45.274+0000] {dag.py:2941} INFO - Sync 1 DAGs
[2025-12-11T00:49:45.289+0000] {logging_mixin.py:154} INFO - [2025-12-11T00:49:45.289+0000] {dag.py:3722} INFO - Setting next_dagrun for example_short_circuit_decorator to 2025-12-10T00:49:45.289157+00:00, run_after=2025-12-11T00:49:45.289157+00:00
[2025-12-11T00:49:45.302+0000] {processor.py:179} INFO - Processing /home/airflow/.local/lib/python3.8/site-packages/airflow/example_dags/example_short_circuit_decorator.py took 0.055 seconds
[2025-12-11T00:50:15.409+0000] {processor.py:157} INFO - Started process (PID=1479) to work on /home/airflow/.local/lib/python3.8/site-packages/airflow/example_dags/example_short_circuit_decorator.py
[2025-12-11T00:50:15.409+0000] {processor.py:829} INFO - Processing file /home/airflow/.local/lib/python3.8/site-packages/airflow/example_dags/example_short_circuit_decorator.py for tasks to queue
[2025-12-11T00:50:15.411+0000] {logging_mixin.py:154} INFO - [2025-12-11T00:50:15.410+0000] {dagbag.py:536} INFO - Filling up the DagBag from /home/airflow/.local/lib/python3.8/site-packages/airflow/example_dags/example_short_circuit_decorator.py
[2025-12-11T00:50:15.417+0000] {processor.py:839} INFO - DAG(s) dict_keys(['example_short_circuit_decorator']) retrieved from /home/airflow/.local/lib/python3.8/site-packages/airflow/example_dags/example_short_circuit_decorator.py
[2025-12-11T00:50:15.431+0000] {logging_mixin.py:154} INFO - [2025-12-11T00:50:15.431+0000] {dag.py:2941} INFO - Sync 1 DAGs
[2025-12-11T00:50:15.443+0000] {logging_mixin.py:154} INFO - [2025-12-11T00:50:15.443+0000] {dag.py:3722} INFO - Setting next_dagrun for example_short_circuit_decorator to 2025-12-10T00:50:15.443625+00:00, run_after=2025-12-11T00:50:15.443625+00:00
[2025-12-11T00:50:15.456+0000] {processor.py:179} INFO - Processing /home/airflow/.local/lib/python3.8/site-packages/airflow/example_dags/example_short_circuit_decorator.py took 0.049 seconds
[2025-12-11T00:50:45.790+0000] {processor.py:157} INFO - Started process (PID=1534) to work on /home/airflow/.local/lib/python3.8/site-packages/airflow/example_dags/example_short_circuit_decorator.py
[2025-12-11T00:50:45.791+0000] {processor.py:829} INFO - Processing file /home/airflow/.local/lib/python3.8/site-packages/airflow/example_dags/example_short_circuit_decorator.py for tasks to queue
[2025-12-11T00:50:45.792+0000] {logging_mixin.py:154} INFO - [2025-12-11T00:50:45.792+0000] {dagbag.py:536} INFO - Filling up the DagBag from /home/airflow/.local/lib/python3.8/site-packages/airflow/example_dags/example_short_circuit_decorator.py
[2025-12-11T00:50:45.797+0000] {processor.py:839} INFO - DAG(s) dict_keys(['example_short_circuit_decorator']) retrieved from /home/airflow/.local/lib/python3.8/site-packages/airflow/example_dags/example_short_circuit_decorator.py
[2025-12-11T00:50:45.813+0000] {logging_mixin.py:154} INFO - [2025-12-11T00:50:45.813+0000] {dag.py:2941} INFO - Sync 1 DAGs
[2025-12-11T00:50:45.826+0000] {logging_mixin.py:154} INFO - [2025-12-11T00:50:45.826+0000] {dag.py:3722} INFO - Setting next_dagrun for example_short_circuit_decorator to 2025-12-10T00:50:45.825907+00:00, run_after=2025-12-11T00:50:45.825907+00:00
[2025-12-11T00:50:45.837+0000] {processor.py:179} INFO - Processing /home/airflow/.local/lib/python3.8/site-packages/airflow/example_dags/example_short_circuit_decorator.py took 0.049 seconds
[2025-12-11T00:51:16.465+0000] {processor.py:157} INFO - Started process (PID=1589) to work on /home/airflow/.local/lib/python3.8/site-packages/airflow/example_dags/example_short_circuit_decorator.py
[2025-12-11T00:51:16.465+0000] {processor.py:829} INFO - Processing file /home/airflow/.local/lib/python3.8/site-packages/airflow/example_dags/example_short_circuit_decorator.py for tasks to queue
[2025-12-11T00:51:16.466+0000] {logging_mixin.py:154} INFO - [2025-12-11T00:51:16.466+0000] {dagbag.py:536} INFO - Filling up the DagBag from /home/airflow/.local/lib/python3.8/site-packages/airflow/example_dags/example_short_circuit_decorator.py
[2025-12-11T00:51:16.474+0000] {processor.py:839} INFO - DAG(s) dict_keys(['example_short_circuit_decorator']) retrieved from /home/airflow/.local/lib/python3.8/site-packages/airflow/example_dags/example_short_circuit_decorator.py
[2025-12-11T00:51:16.491+0000] {logging_mixin.py:154} INFO - [2025-12-11T00:51:16.491+0000] {dag.py:2941} INFO - Sync 1 DAGs
[2025-12-11T00:51:16.506+0000] {logging_mixin.py:154} INFO - [2025-12-11T00:51:16.506+0000] {dag.py:3722} INFO - Setting next_dagrun for example_short_circuit_decorator to 2025-12-10T00:51:16.506087+00:00, run_after=2025-12-11T00:51:16.506087+00:00
[2025-12-11T00:51:16.519+0000] {processor.py:179} INFO - Processing /home/airflow/.local/lib/python3.8/site-packages/airflow/example_dags/example_short_circuit_decorator.py took 0.056 seconds
[2025-12-11T00:51:46.584+0000] {processor.py:157} INFO - Started process (PID=1644) to work on /home/airflow/.local/lib/python3.8/site-packages/airflow/example_dags/example_short_circuit_decorator.py
[2025-12-11T00:51:46.585+0000] {processor.py:829} INFO - Processing file /home/airflow/.local/lib/python3.8/site-packages/airflow/example_dags/example_short_circuit_decorator.py for tasks to queue
[2025-12-11T00:51:46.586+0000] {logging_mixin.py:154} INFO - [2025-12-11T00:51:46.586+0000] {dagbag.py:536} INFO - Filling up the DagBag from /home/airflow/.local/lib/python3.8/site-packages/airflow/example_dags/example_short_circuit_decorator.py
[2025-12-11T00:51:46.591+0000] {processor.py:839} INFO - DAG(s) dict_keys(['example_short_circuit_decorator']) retrieved from /home/airflow/.local/lib/python3.8/site-packages/airflow/example_dags/example_short_circuit_decorator.py
[2025-12-11T00:51:46.607+0000] {logging_mixin.py:154} INFO - [2025-12-11T00:51:46.607+0000] {dag.py:2941} INFO - Sync 1 DAGs
[2025-12-11T00:51:46.623+0000] {logging_mixin.py:154} INFO - [2025-12-11T00:51:46.623+0000] {dag.py:3722} INFO - Setting next_dagrun for example_short_circuit_decorator to 2025-12-10T00:51:46.622993+00:00, run_after=2025-12-11T00:51:46.622993+00:00
[2025-12-11T00:51:46.634+0000] {processor.py:179} INFO - Processing /home/airflow/.local/lib/python3.8/site-packages/airflow/example_dags/example_short_circuit_decorator.py took 0.052 seconds
[2025-12-11T00:52:16.803+0000] {processor.py:157} INFO - Started process (PID=1699) to work on /home/airflow/.local/lib/python3.8/site-packages/airflow/example_dags/example_short_circuit_decorator.py
[2025-12-11T00:52:16.812+0000] {processor.py:829} INFO - Processing file /home/airflow/.local/lib/python3.8/site-packages/airflow/example_dags/example_short_circuit_decorator.py for tasks to queue
[2025-12-11T00:52:16.813+0000] {logging_mixin.py:154} INFO - [2025-12-11T00:52:16.813+0000] {dagbag.py:536} INFO - Filling up the DagBag from /home/airflow/.local/lib/python3.8/site-packages/airflow/example_dags/example_short_circuit_decorator.py
[2025-12-11T00:52:16.828+0000] {processor.py:839} INFO - DAG(s) dict_keys(['example_short_circuit_decorator']) retrieved from /home/airflow/.local/lib/python3.8/site-packages/airflow/example_dags/example_short_circuit_decorator.py
[2025-12-11T00:52:16.846+0000] {logging_mixin.py:154} INFO - [2025-12-11T00:52:16.846+0000] {dag.py:2941} INFO - Sync 1 DAGs
[2025-12-11T00:52:16.862+0000] {logging_mixin.py:154} INFO - [2025-12-11T00:52:16.862+0000] {dag.py:3722} INFO - Setting next_dagrun for example_short_circuit_decorator to 2025-12-10T00:52:16.862519+00:00, run_after=2025-12-11T00:52:16.862519+00:00
[2025-12-11T00:52:16.891+0000] {processor.py:179} INFO - Processing /home/airflow/.local/lib/python3.8/site-packages/airflow/example_dags/example_short_circuit_decorator.py took 0.092 seconds
[2025-12-11T00:52:46.932+0000] {processor.py:157} INFO - Started process (PID=1754) to work on /home/airflow/.local/lib/python3.8/site-packages/airflow/example_dags/example_short_circuit_decorator.py
[2025-12-11T00:52:46.933+0000] {processor.py:829} INFO - Processing file /home/airflow/.local/lib/python3.8/site-packages/airflow/example_dags/example_short_circuit_decorator.py for tasks to queue
[2025-12-11T00:52:46.935+0000] {logging_mixin.py:154} INFO - [2025-12-11T00:52:46.934+0000] {dagbag.py:536} INFO - Filling up the DagBag from /home/airflow/.local/lib/python3.8/site-packages/airflow/example_dags/example_short_circuit_decorator.py
[2025-12-11T00:52:46.941+0000] {processor.py:839} INFO - DAG(s) dict_keys(['example_short_circuit_decorator']) retrieved from /home/airflow/.local/lib/python3.8/site-packages/airflow/example_dags/example_short_circuit_decorator.py
[2025-12-11T00:52:46.956+0000] {logging_mixin.py:154} INFO - [2025-12-11T00:52:46.956+0000] {dag.py:2941} INFO - Sync 1 DAGs
[2025-12-11T00:52:46.969+0000] {logging_mixin.py:154} INFO - [2025-12-11T00:52:46.969+0000] {dag.py:3722} INFO - Setting next_dagrun for example_short_circuit_decorator to 2025-12-10T00:52:46.968922+00:00, run_after=2025-12-11T00:52:46.968922+00:00
[2025-12-11T00:52:46.980+0000] {processor.py:179} INFO - Processing /home/airflow/.local/lib/python3.8/site-packages/airflow/example_dags/example_short_circuit_decorator.py took 0.051 seconds
[2025-12-11T00:53:17.622+0000] {processor.py:157} INFO - Started process (PID=1809) to work on /home/airflow/.local/lib/python3.8/site-packages/airflow/example_dags/example_short_circuit_decorator.py
[2025-12-11T00:53:17.623+0000] {processor.py:829} INFO - Processing file /home/airflow/.local/lib/python3.8/site-packages/airflow/example_dags/example_short_circuit_decorator.py for tasks to queue
[2025-12-11T00:53:17.624+0000] {logging_mixin.py:154} INFO - [2025-12-11T00:53:17.624+0000] {dagbag.py:536} INFO - Filling up the DagBag from /home/airflow/.local/lib/python3.8/site-packages/airflow/example_dags/example_short_circuit_decorator.py
[2025-12-11T00:53:17.631+0000] {processor.py:839} INFO - DAG(s) dict_keys(['example_short_circuit_decorator']) retrieved from /home/airflow/.local/lib/python3.8/site-packages/airflow/example_dags/example_short_circuit_decorator.py
[2025-12-11T00:53:17.647+0000] {logging_mixin.py:154} INFO - [2025-12-11T00:53:17.646+0000] {dag.py:2941} INFO - Sync 1 DAGs
[2025-12-11T00:53:17.660+0000] {logging_mixin.py:154} INFO - [2025-12-11T00:53:17.660+0000] {dag.py:3722} INFO - Setting next_dagrun for example_short_circuit_decorator to 2025-12-10T00:53:17.660104+00:00, run_after=2025-12-11T00:53:17.660104+00:00
[2025-12-11T00:53:17.673+0000] {processor.py:179} INFO - Processing /home/airflow/.local/lib/python3.8/site-packages/airflow/example_dags/example_short_circuit_decorator.py took 0.054 seconds
[2025-12-11T00:53:48.271+0000] {processor.py:157} INFO - Started process (PID=1864) to work on /home/airflow/.local/lib/python3.8/site-packages/airflow/example_dags/example_short_circuit_decorator.py
[2025-12-11T00:53:48.271+0000] {processor.py:829} INFO - Processing file /home/airflow/.local/lib/python3.8/site-packages/airflow/example_dags/example_short_circuit_decorator.py for tasks to queue
[2025-12-11T00:53:48.273+0000] {logging_mixin.py:154} INFO - [2025-12-11T00:53:48.273+0000] {dagbag.py:536} INFO - Filling up the DagBag from /home/airflow/.local/lib/python3.8/site-packages/airflow/example_dags/example_short_circuit_decorator.py
[2025-12-11T00:53:48.279+0000] {processor.py:839} INFO - DAG(s) dict_keys(['example_short_circuit_decorator']) retrieved from /home/airflow/.local/lib/python3.8/site-packages/airflow/example_dags/example_short_circuit_decorator.py
[2025-12-11T00:53:48.294+0000] {logging_mixin.py:154} INFO - [2025-12-11T00:53:48.294+0000] {dag.py:2941} INFO - Sync 1 DAGs
[2025-12-11T00:53:48.308+0000] {logging_mixin.py:154} INFO - [2025-12-11T00:53:48.308+0000] {dag.py:3722} INFO - Setting next_dagrun for example_short_circuit_decorator to 2025-12-10T00:53:48.308569+00:00, run_after=2025-12-11T00:53:48.308569+00:00
[2025-12-11T00:53:48.321+0000] {processor.py:179} INFO - Processing /home/airflow/.local/lib/python3.8/site-packages/airflow/example_dags/example_short_circuit_decorator.py took 0.054 seconds
[2025-12-11T00:54:18.593+0000] {processor.py:157} INFO - Started process (PID=1920) to work on /home/airflow/.local/lib/python3.8/site-packages/airflow/example_dags/example_short_circuit_decorator.py
[2025-12-11T00:54:18.594+0000] {processor.py:829} INFO - Processing file /home/airflow/.local/lib/python3.8/site-packages/airflow/example_dags/example_short_circuit_decorator.py for tasks to queue
[2025-12-11T00:54:18.596+0000] {logging_mixin.py:154} INFO - [2025-12-11T00:54:18.596+0000] {dagbag.py:536} INFO - Filling up the DagBag from /home/airflow/.local/lib/python3.8/site-packages/airflow/example_dags/example_short_circuit_decorator.py
[2025-12-11T00:54:18.602+0000] {processor.py:839} INFO - DAG(s) dict_keys(['example_short_circuit_decorator']) retrieved from /home/airflow/.local/lib/python3.8/site-packages/airflow/example_dags/example_short_circuit_decorator.py
[2025-12-11T00:54:18.620+0000] {logging_mixin.py:154} INFO - [2025-12-11T00:54:18.620+0000] {dag.py:2941} INFO - Sync 1 DAGs
[2025-12-11T00:54:18.634+0000] {logging_mixin.py:154} INFO - [2025-12-11T00:54:18.634+0000] {dag.py:3722} INFO - Setting next_dagrun for example_short_circuit_decorator to 2025-12-10T00:54:18.634261+00:00, run_after=2025-12-11T00:54:18.634261+00:00
[2025-12-11T00:54:18.647+0000] {processor.py:179} INFO - Processing /home/airflow/.local/lib/python3.8/site-packages/airflow/example_dags/example_short_circuit_decorator.py took 0.056 seconds
[2025-12-11T00:54:48.997+0000] {processor.py:157} INFO - Started process (PID=1975) to work on /home/airflow/.local/lib/python3.8/site-packages/airflow/example_dags/example_short_circuit_decorator.py
[2025-12-11T00:54:48.998+0000] {processor.py:829} INFO - Processing file /home/airflow/.local/lib/python3.8/site-packages/airflow/example_dags/example_short_circuit_decorator.py for tasks to queue
[2025-12-11T00:54:48.999+0000] {logging_mixin.py:154} INFO - [2025-12-11T00:54:48.999+0000] {dagbag.py:536} INFO - Filling up the DagBag from /home/airflow/.local/lib/python3.8/site-packages/airflow/example_dags/example_short_circuit_decorator.py
[2025-12-11T00:54:49.005+0000] {processor.py:839} INFO - DAG(s) dict_keys(['example_short_circuit_decorator']) retrieved from /home/airflow/.local/lib/python3.8/site-packages/airflow/example_dags/example_short_circuit_decorator.py
[2025-12-11T00:54:49.022+0000] {logging_mixin.py:154} INFO - [2025-12-11T00:54:49.022+0000] {dag.py:2941} INFO - Sync 1 DAGs
[2025-12-11T00:54:49.036+0000] {logging_mixin.py:154} INFO - [2025-12-11T00:54:49.036+0000] {dag.py:3722} INFO - Setting next_dagrun for example_short_circuit_decorator to 2025-12-10T00:54:49.035807+00:00, run_after=2025-12-11T00:54:49.035807+00:00
[2025-12-11T00:54:49.047+0000] {processor.py:179} INFO - Processing /home/airflow/.local/lib/python3.8/site-packages/airflow/example_dags/example_short_circuit_decorator.py took 0.051 seconds
[2025-12-11T00:55:19.533+0000] {processor.py:157} INFO - Started process (PID=2030) to work on /home/airflow/.local/lib/python3.8/site-packages/airflow/example_dags/example_short_circuit_decorator.py
[2025-12-11T00:55:19.534+0000] {processor.py:829} INFO - Processing file /home/airflow/.local/lib/python3.8/site-packages/airflow/example_dags/example_short_circuit_decorator.py for tasks to queue
[2025-12-11T00:55:19.535+0000] {logging_mixin.py:154} INFO - [2025-12-11T00:55:19.535+0000] {dagbag.py:536} INFO - Filling up the DagBag from /home/airflow/.local/lib/python3.8/site-packages/airflow/example_dags/example_short_circuit_decorator.py
[2025-12-11T00:55:19.541+0000] {processor.py:839} INFO - DAG(s) dict_keys(['example_short_circuit_decorator']) retrieved from /home/airflow/.local/lib/python3.8/site-packages/airflow/example_dags/example_short_circuit_decorator.py
[2025-12-11T00:55:19.557+0000] {logging_mixin.py:154} INFO - [2025-12-11T00:55:19.557+0000] {dag.py:2941} INFO - Sync 1 DAGs
[2025-12-11T00:55:19.572+0000] {logging_mixin.py:154} INFO - [2025-12-11T00:55:19.572+0000] {dag.py:3722} INFO - Setting next_dagrun for example_short_circuit_decorator to 2025-12-10T00:55:19.571850+00:00, run_after=2025-12-11T00:55:19.571850+00:00
[2025-12-11T00:55:19.584+0000] {processor.py:179} INFO - Processing /home/airflow/.local/lib/python3.8/site-packages/airflow/example_dags/example_short_circuit_decorator.py took 0.054 seconds
