[2025-12-11T00:38:15.937+0000] {processor.py:157} INFO - Started process (PID=176) to work on /home/airflow/.local/lib/python3.8/site-packages/airflow/example_dags/example_branch_operator.py
[2025-12-11T00:38:15.937+0000] {processor.py:829} INFO - Processing file /home/airflow/.local/lib/python3.8/site-packages/airflow/example_dags/example_branch_operator.py for tasks to queue
[2025-12-11T00:38:15.942+0000] {logging_mixin.py:154} INFO - [2025-12-11T00:38:15.941+0000] {dagbag.py:536} INFO - Filling up the DagBag from /home/airflow/.local/lib/python3.8/site-packages/airflow/example_dags/example_branch_operator.py
[2025-12-11T00:38:15.959+0000] {processor.py:839} INFO - DAG(s) dict_keys(['example_branch_operator']) retrieved from /home/airflow/.local/lib/python3.8/site-packages/airflow/example_dags/example_branch_operator.py
[2025-12-11T00:38:15.971+0000] {logging_mixin.py:154} INFO - [2025-12-11T00:38:15.971+0000] {dag.py:2941} INFO - Sync 1 DAGs
[2025-12-11T00:38:16.003+0000] {logging_mixin.py:154} INFO - [2025-12-11T00:38:16.003+0000] {dag.py:3722} INFO - Setting next_dagrun for example_branch_operator to 2025-12-10T00:00:00+00:00, run_after=2025-12-11T00:00:00+00:00
[2025-12-11T00:38:16.025+0000] {processor.py:179} INFO - Processing /home/airflow/.local/lib/python3.8/site-packages/airflow/example_dags/example_branch_operator.py took 0.091 seconds
[2025-12-11T00:38:46.136+0000] {processor.py:157} INFO - Started process (PID=239) to work on /home/airflow/.local/lib/python3.8/site-packages/airflow/example_dags/example_branch_operator.py
[2025-12-11T00:38:46.136+0000] {processor.py:829} INFO - Processing file /home/airflow/.local/lib/python3.8/site-packages/airflow/example_dags/example_branch_operator.py for tasks to queue
[2025-12-11T00:38:46.138+0000] {logging_mixin.py:154} INFO - [2025-12-11T00:38:46.138+0000] {dagbag.py:536} INFO - Filling up the DagBag from /home/airflow/.local/lib/python3.8/site-packages/airflow/example_dags/example_branch_operator.py
[2025-12-11T00:38:46.146+0000] {processor.py:839} INFO - DAG(s) dict_keys(['example_branch_operator']) retrieved from /home/airflow/.local/lib/python3.8/site-packages/airflow/example_dags/example_branch_operator.py
[2025-12-11T00:38:46.159+0000] {logging_mixin.py:154} INFO - [2025-12-11T00:38:46.159+0000] {dag.py:2941} INFO - Sync 1 DAGs
[2025-12-11T00:38:46.173+0000] {logging_mixin.py:154} INFO - [2025-12-11T00:38:46.173+0000] {dag.py:3722} INFO - Setting next_dagrun for example_branch_operator to 2025-12-10T00:00:00+00:00, run_after=2025-12-11T00:00:00+00:00
[2025-12-11T00:38:46.183+0000] {processor.py:179} INFO - Processing /home/airflow/.local/lib/python3.8/site-packages/airflow/example_dags/example_branch_operator.py took 0.049 seconds
[2025-12-11T00:39:16.536+0000] {processor.py:157} INFO - Started process (PID=294) to work on /home/airflow/.local/lib/python3.8/site-packages/airflow/example_dags/example_branch_operator.py
[2025-12-11T00:39:16.537+0000] {processor.py:829} INFO - Processing file /home/airflow/.local/lib/python3.8/site-packages/airflow/example_dags/example_branch_operator.py for tasks to queue
[2025-12-11T00:39:16.538+0000] {logging_mixin.py:154} INFO - [2025-12-11T00:39:16.538+0000] {dagbag.py:536} INFO - Filling up the DagBag from /home/airflow/.local/lib/python3.8/site-packages/airflow/example_dags/example_branch_operator.py
[2025-12-11T00:39:16.543+0000] {processor.py:839} INFO - DAG(s) dict_keys(['example_branch_operator']) retrieved from /home/airflow/.local/lib/python3.8/site-packages/airflow/example_dags/example_branch_operator.py
[2025-12-11T00:39:16.565+0000] {logging_mixin.py:154} INFO - [2025-12-11T00:39:16.565+0000] {dag.py:2941} INFO - Sync 1 DAGs
[2025-12-11T00:39:16.579+0000] {logging_mixin.py:154} INFO - [2025-12-11T00:39:16.579+0000] {dag.py:3722} INFO - Setting next_dagrun for example_branch_operator to 2025-12-10T00:00:00+00:00, run_after=2025-12-11T00:00:00+00:00
[2025-12-11T00:39:16.603+0000] {processor.py:179} INFO - Processing /home/airflow/.local/lib/python3.8/site-packages/airflow/example_dags/example_branch_operator.py took 0.069 seconds
[2025-12-11T00:39:46.868+0000] {processor.py:157} INFO - Started process (PID=349) to work on /home/airflow/.local/lib/python3.8/site-packages/airflow/example_dags/example_branch_operator.py
[2025-12-11T00:39:46.869+0000] {processor.py:829} INFO - Processing file /home/airflow/.local/lib/python3.8/site-packages/airflow/example_dags/example_branch_operator.py for tasks to queue
[2025-12-11T00:39:46.870+0000] {logging_mixin.py:154} INFO - [2025-12-11T00:39:46.870+0000] {dagbag.py:536} INFO - Filling up the DagBag from /home/airflow/.local/lib/python3.8/site-packages/airflow/example_dags/example_branch_operator.py
[2025-12-11T00:39:46.878+0000] {processor.py:839} INFO - DAG(s) dict_keys(['example_branch_operator']) retrieved from /home/airflow/.local/lib/python3.8/site-packages/airflow/example_dags/example_branch_operator.py
[2025-12-11T00:39:46.892+0000] {logging_mixin.py:154} INFO - [2025-12-11T00:39:46.891+0000] {dag.py:2941} INFO - Sync 1 DAGs
[2025-12-11T00:39:46.906+0000] {logging_mixin.py:154} INFO - [2025-12-11T00:39:46.905+0000] {dag.py:3722} INFO - Setting next_dagrun for example_branch_operator to 2025-12-10T00:00:00+00:00, run_after=2025-12-11T00:00:00+00:00
[2025-12-11T00:39:46.933+0000] {processor.py:179} INFO - Processing /home/airflow/.local/lib/python3.8/site-packages/airflow/example_dags/example_branch_operator.py took 0.068 seconds
[2025-12-11T00:40:24.582+0000] {processor.py:157} INFO - Started process (PID=411) to work on /home/airflow/.local/lib/python3.8/site-packages/airflow/example_dags/example_branch_operator.py
[2025-12-11T00:40:24.584+0000] {processor.py:829} INFO - Processing file /home/airflow/.local/lib/python3.8/site-packages/airflow/example_dags/example_branch_operator.py for tasks to queue
[2025-12-11T00:40:24.585+0000] {logging_mixin.py:154} INFO - [2025-12-11T00:40:24.585+0000] {dagbag.py:536} INFO - Filling up the DagBag from /home/airflow/.local/lib/python3.8/site-packages/airflow/example_dags/example_branch_operator.py
[2025-12-11T00:40:24.591+0000] {processor.py:839} INFO - DAG(s) dict_keys(['example_branch_operator']) retrieved from /home/airflow/.local/lib/python3.8/site-packages/airflow/example_dags/example_branch_operator.py
[2025-12-11T00:40:24.604+0000] {logging_mixin.py:154} INFO - [2025-12-11T00:40:24.604+0000] {dag.py:2941} INFO - Sync 1 DAGs
[2025-12-11T00:40:24.617+0000] {logging_mixin.py:154} INFO - [2025-12-11T00:40:24.617+0000] {dag.py:3722} INFO - Setting next_dagrun for example_branch_operator to 2025-12-10T00:00:00+00:00, run_after=2025-12-11T00:00:00+00:00
[2025-12-11T00:40:24.637+0000] {processor.py:179} INFO - Processing /home/airflow/.local/lib/python3.8/site-packages/airflow/example_dags/example_branch_operator.py took 0.057 seconds
[2025-12-11T00:40:55.423+0000] {processor.py:157} INFO - Started process (PID=466) to work on /home/airflow/.local/lib/python3.8/site-packages/airflow/example_dags/example_branch_operator.py
[2025-12-11T00:40:55.423+0000] {processor.py:829} INFO - Processing file /home/airflow/.local/lib/python3.8/site-packages/airflow/example_dags/example_branch_operator.py for tasks to queue
[2025-12-11T00:40:55.424+0000] {logging_mixin.py:154} INFO - [2025-12-11T00:40:55.424+0000] {dagbag.py:536} INFO - Filling up the DagBag from /home/airflow/.local/lib/python3.8/site-packages/airflow/example_dags/example_branch_operator.py
[2025-12-11T00:40:55.430+0000] {processor.py:839} INFO - DAG(s) dict_keys(['example_branch_operator']) retrieved from /home/airflow/.local/lib/python3.8/site-packages/airflow/example_dags/example_branch_operator.py
[2025-12-11T00:40:55.444+0000] {logging_mixin.py:154} INFO - [2025-12-11T00:40:55.444+0000] {dag.py:2941} INFO - Sync 1 DAGs
[2025-12-11T00:40:55.460+0000] {logging_mixin.py:154} INFO - [2025-12-11T00:40:55.459+0000] {dag.py:3722} INFO - Setting next_dagrun for example_branch_operator to 2025-12-10T00:00:00+00:00, run_after=2025-12-11T00:00:00+00:00
[2025-12-11T00:40:55.469+0000] {processor.py:179} INFO - Processing /home/airflow/.local/lib/python3.8/site-packages/airflow/example_dags/example_branch_operator.py took 0.049 seconds
[2025-12-11T00:41:26.962+0000] {processor.py:157} INFO - Started process (PID=521) to work on /home/airflow/.local/lib/python3.8/site-packages/airflow/example_dags/example_branch_operator.py
[2025-12-11T00:41:26.979+0000] {processor.py:829} INFO - Processing file /home/airflow/.local/lib/python3.8/site-packages/airflow/example_dags/example_branch_operator.py for tasks to queue
[2025-12-11T00:41:26.981+0000] {logging_mixin.py:154} INFO - [2025-12-11T00:41:26.981+0000] {dagbag.py:536} INFO - Filling up the DagBag from /home/airflow/.local/lib/python3.8/site-packages/airflow/example_dags/example_branch_operator.py
[2025-12-11T00:41:26.993+0000] {processor.py:839} INFO - DAG(s) dict_keys(['example_branch_operator']) retrieved from /home/airflow/.local/lib/python3.8/site-packages/airflow/example_dags/example_branch_operator.py
[2025-12-11T00:41:27.013+0000] {logging_mixin.py:154} INFO - [2025-12-11T00:41:27.013+0000] {dag.py:2941} INFO - Sync 1 DAGs
[2025-12-11T00:41:27.032+0000] {logging_mixin.py:154} INFO - [2025-12-11T00:41:27.031+0000] {dag.py:3722} INFO - Setting next_dagrun for example_branch_operator to 2025-12-10T00:00:00+00:00, run_after=2025-12-11T00:00:00+00:00
[2025-12-11T00:41:27.486+0000] {processor.py:179} INFO - Processing /home/airflow/.local/lib/python3.8/site-packages/airflow/example_dags/example_branch_operator.py took 0.528 seconds
[2025-12-11T00:41:57.809+0000] {processor.py:157} INFO - Started process (PID=576) to work on /home/airflow/.local/lib/python3.8/site-packages/airflow/example_dags/example_branch_operator.py
[2025-12-11T00:41:57.810+0000] {processor.py:829} INFO - Processing file /home/airflow/.local/lib/python3.8/site-packages/airflow/example_dags/example_branch_operator.py for tasks to queue
[2025-12-11T00:41:57.811+0000] {logging_mixin.py:154} INFO - [2025-12-11T00:41:57.811+0000] {dagbag.py:536} INFO - Filling up the DagBag from /home/airflow/.local/lib/python3.8/site-packages/airflow/example_dags/example_branch_operator.py
[2025-12-11T00:41:57.832+0000] {processor.py:839} INFO - DAG(s) dict_keys(['example_branch_operator']) retrieved from /home/airflow/.local/lib/python3.8/site-packages/airflow/example_dags/example_branch_operator.py
[2025-12-11T00:41:57.847+0000] {logging_mixin.py:154} INFO - [2025-12-11T00:41:57.847+0000] {dag.py:2941} INFO - Sync 1 DAGs
[2025-12-11T00:41:57.866+0000] {logging_mixin.py:154} INFO - [2025-12-11T00:41:57.866+0000] {dag.py:3722} INFO - Setting next_dagrun for example_branch_operator to 2025-12-10T00:00:00+00:00, run_after=2025-12-11T00:00:00+00:00
[2025-12-11T00:41:58.032+0000] {processor.py:179} INFO - Processing /home/airflow/.local/lib/python3.8/site-packages/airflow/example_dags/example_branch_operator.py took 0.226 seconds
[2025-12-11T00:42:28.111+0000] {processor.py:157} INFO - Started process (PID=631) to work on /home/airflow/.local/lib/python3.8/site-packages/airflow/example_dags/example_branch_operator.py
[2025-12-11T00:42:28.112+0000] {processor.py:829} INFO - Processing file /home/airflow/.local/lib/python3.8/site-packages/airflow/example_dags/example_branch_operator.py for tasks to queue
[2025-12-11T00:42:28.113+0000] {logging_mixin.py:154} INFO - [2025-12-11T00:42:28.113+0000] {dagbag.py:536} INFO - Filling up the DagBag from /home/airflow/.local/lib/python3.8/site-packages/airflow/example_dags/example_branch_operator.py
[2025-12-11T00:42:28.119+0000] {processor.py:839} INFO - DAG(s) dict_keys(['example_branch_operator']) retrieved from /home/airflow/.local/lib/python3.8/site-packages/airflow/example_dags/example_branch_operator.py
[2025-12-11T00:42:28.133+0000] {logging_mixin.py:154} INFO - [2025-12-11T00:42:28.133+0000] {dag.py:2941} INFO - Sync 1 DAGs
[2025-12-11T00:42:28.148+0000] {logging_mixin.py:154} INFO - [2025-12-11T00:42:28.148+0000] {dag.py:3722} INFO - Setting next_dagrun for example_branch_operator to 2025-12-10T00:00:00+00:00, run_after=2025-12-11T00:00:00+00:00
[2025-12-11T00:42:28.161+0000] {processor.py:179} INFO - Processing /home/airflow/.local/lib/python3.8/site-packages/airflow/example_dags/example_branch_operator.py took 0.052 seconds
[2025-12-11T00:42:58.925+0000] {processor.py:157} INFO - Started process (PID=686) to work on /home/airflow/.local/lib/python3.8/site-packages/airflow/example_dags/example_branch_operator.py
[2025-12-11T00:42:58.925+0000] {processor.py:829} INFO - Processing file /home/airflow/.local/lib/python3.8/site-packages/airflow/example_dags/example_branch_operator.py for tasks to queue
[2025-12-11T00:42:58.927+0000] {logging_mixin.py:154} INFO - [2025-12-11T00:42:58.927+0000] {dagbag.py:536} INFO - Filling up the DagBag from /home/airflow/.local/lib/python3.8/site-packages/airflow/example_dags/example_branch_operator.py
[2025-12-11T00:42:58.935+0000] {processor.py:839} INFO - DAG(s) dict_keys(['example_branch_operator']) retrieved from /home/airflow/.local/lib/python3.8/site-packages/airflow/example_dags/example_branch_operator.py
[2025-12-11T00:42:58.951+0000] {logging_mixin.py:154} INFO - [2025-12-11T00:42:58.951+0000] {dag.py:2941} INFO - Sync 1 DAGs
[2025-12-11T00:42:58.965+0000] {logging_mixin.py:154} INFO - [2025-12-11T00:42:58.965+0000] {dag.py:3722} INFO - Setting next_dagrun for example_branch_operator to 2025-12-10T00:00:00+00:00, run_after=2025-12-11T00:00:00+00:00
[2025-12-11T00:42:58.975+0000] {processor.py:179} INFO - Processing /home/airflow/.local/lib/python3.8/site-packages/airflow/example_dags/example_branch_operator.py took 0.054 seconds
[2025-12-11T00:43:29.107+0000] {processor.py:157} INFO - Started process (PID=741) to work on /home/airflow/.local/lib/python3.8/site-packages/airflow/example_dags/example_branch_operator.py
[2025-12-11T00:43:29.108+0000] {processor.py:829} INFO - Processing file /home/airflow/.local/lib/python3.8/site-packages/airflow/example_dags/example_branch_operator.py for tasks to queue
[2025-12-11T00:43:29.109+0000] {logging_mixin.py:154} INFO - [2025-12-11T00:43:29.109+0000] {dagbag.py:536} INFO - Filling up the DagBag from /home/airflow/.local/lib/python3.8/site-packages/airflow/example_dags/example_branch_operator.py
[2025-12-11T00:43:29.114+0000] {processor.py:839} INFO - DAG(s) dict_keys(['example_branch_operator']) retrieved from /home/airflow/.local/lib/python3.8/site-packages/airflow/example_dags/example_branch_operator.py
[2025-12-11T00:43:29.130+0000] {logging_mixin.py:154} INFO - [2025-12-11T00:43:29.130+0000] {dag.py:2941} INFO - Sync 1 DAGs
[2025-12-11T00:43:29.145+0000] {logging_mixin.py:154} INFO - [2025-12-11T00:43:29.145+0000] {dag.py:3722} INFO - Setting next_dagrun for example_branch_operator to 2025-12-10T00:00:00+00:00, run_after=2025-12-11T00:00:00+00:00
[2025-12-11T00:43:29.205+0000] {processor.py:179} INFO - Processing /home/airflow/.local/lib/python3.8/site-packages/airflow/example_dags/example_branch_operator.py took 0.099 seconds
[2025-12-11T00:43:59.758+0000] {processor.py:157} INFO - Started process (PID=797) to work on /home/airflow/.local/lib/python3.8/site-packages/airflow/example_dags/example_branch_operator.py
[2025-12-11T00:43:59.776+0000] {processor.py:829} INFO - Processing file /home/airflow/.local/lib/python3.8/site-packages/airflow/example_dags/example_branch_operator.py for tasks to queue
[2025-12-11T00:43:59.778+0000] {logging_mixin.py:154} INFO - [2025-12-11T00:43:59.777+0000] {dagbag.py:536} INFO - Filling up the DagBag from /home/airflow/.local/lib/python3.8/site-packages/airflow/example_dags/example_branch_operator.py
[2025-12-11T00:43:59.784+0000] {processor.py:839} INFO - DAG(s) dict_keys(['example_branch_operator']) retrieved from /home/airflow/.local/lib/python3.8/site-packages/airflow/example_dags/example_branch_operator.py
[2025-12-11T00:43:59.798+0000] {logging_mixin.py:154} INFO - [2025-12-11T00:43:59.797+0000] {dag.py:2941} INFO - Sync 1 DAGs
[2025-12-11T00:43:59.811+0000] {logging_mixin.py:154} INFO - [2025-12-11T00:43:59.811+0000] {dag.py:3722} INFO - Setting next_dagrun for example_branch_operator to 2025-12-10T00:00:00+00:00, run_after=2025-12-11T00:00:00+00:00
[2025-12-11T00:43:59.827+0000] {processor.py:179} INFO - Processing /home/airflow/.local/lib/python3.8/site-packages/airflow/example_dags/example_branch_operator.py took 0.071 seconds
[2025-12-11T00:44:30.289+0000] {processor.py:157} INFO - Started process (PID=852) to work on /home/airflow/.local/lib/python3.8/site-packages/airflow/example_dags/example_branch_operator.py
[2025-12-11T00:44:30.300+0000] {processor.py:829} INFO - Processing file /home/airflow/.local/lib/python3.8/site-packages/airflow/example_dags/example_branch_operator.py for tasks to queue
[2025-12-11T00:44:30.302+0000] {logging_mixin.py:154} INFO - [2025-12-11T00:44:30.302+0000] {dagbag.py:536} INFO - Filling up the DagBag from /home/airflow/.local/lib/python3.8/site-packages/airflow/example_dags/example_branch_operator.py
[2025-12-11T00:44:30.308+0000] {processor.py:839} INFO - DAG(s) dict_keys(['example_branch_operator']) retrieved from /home/airflow/.local/lib/python3.8/site-packages/airflow/example_dags/example_branch_operator.py
[2025-12-11T00:44:30.323+0000] {logging_mixin.py:154} INFO - [2025-12-11T00:44:30.323+0000] {dag.py:2941} INFO - Sync 1 DAGs
[2025-12-11T00:44:30.336+0000] {logging_mixin.py:154} INFO - [2025-12-11T00:44:30.336+0000] {dag.py:3722} INFO - Setting next_dagrun for example_branch_operator to 2025-12-10T00:00:00+00:00, run_after=2025-12-11T00:00:00+00:00
[2025-12-11T00:44:30.361+0000] {processor.py:179} INFO - Processing /home/airflow/.local/lib/python3.8/site-packages/airflow/example_dags/example_branch_operator.py took 0.074 seconds
[2025-12-11T00:45:00.812+0000] {processor.py:157} INFO - Started process (PID=907) to work on /home/airflow/.local/lib/python3.8/site-packages/airflow/example_dags/example_branch_operator.py
[2025-12-11T00:45:00.812+0000] {processor.py:829} INFO - Processing file /home/airflow/.local/lib/python3.8/site-packages/airflow/example_dags/example_branch_operator.py for tasks to queue
[2025-12-11T00:45:00.813+0000] {logging_mixin.py:154} INFO - [2025-12-11T00:45:00.813+0000] {dagbag.py:536} INFO - Filling up the DagBag from /home/airflow/.local/lib/python3.8/site-packages/airflow/example_dags/example_branch_operator.py
[2025-12-11T00:45:00.818+0000] {processor.py:839} INFO - DAG(s) dict_keys(['example_branch_operator']) retrieved from /home/airflow/.local/lib/python3.8/site-packages/airflow/example_dags/example_branch_operator.py
[2025-12-11T00:45:00.832+0000] {logging_mixin.py:154} INFO - [2025-12-11T00:45:00.832+0000] {dag.py:2941} INFO - Sync 1 DAGs
[2025-12-11T00:45:00.847+0000] {logging_mixin.py:154} INFO - [2025-12-11T00:45:00.847+0000] {dag.py:3722} INFO - Setting next_dagrun for example_branch_operator to 2025-12-10T00:00:00+00:00, run_after=2025-12-11T00:00:00+00:00
[2025-12-11T00:45:00.858+0000] {processor.py:179} INFO - Processing /home/airflow/.local/lib/python3.8/site-packages/airflow/example_dags/example_branch_operator.py took 0.048 seconds
[2025-12-11T00:45:31.290+0000] {processor.py:157} INFO - Started process (PID=962) to work on /home/airflow/.local/lib/python3.8/site-packages/airflow/example_dags/example_branch_operator.py
[2025-12-11T00:45:31.294+0000] {processor.py:829} INFO - Processing file /home/airflow/.local/lib/python3.8/site-packages/airflow/example_dags/example_branch_operator.py for tasks to queue
[2025-12-11T00:45:31.296+0000] {logging_mixin.py:154} INFO - [2025-12-11T00:45:31.296+0000] {dagbag.py:536} INFO - Filling up the DagBag from /home/airflow/.local/lib/python3.8/site-packages/airflow/example_dags/example_branch_operator.py
[2025-12-11T00:45:31.302+0000] {processor.py:839} INFO - DAG(s) dict_keys(['example_branch_operator']) retrieved from /home/airflow/.local/lib/python3.8/site-packages/airflow/example_dags/example_branch_operator.py
[2025-12-11T00:45:31.317+0000] {logging_mixin.py:154} INFO - [2025-12-11T00:45:31.317+0000] {dag.py:2941} INFO - Sync 1 DAGs
[2025-12-11T00:45:31.331+0000] {logging_mixin.py:154} INFO - [2025-12-11T00:45:31.331+0000] {dag.py:3722} INFO - Setting next_dagrun for example_branch_operator to 2025-12-10T00:00:00+00:00, run_after=2025-12-11T00:00:00+00:00
[2025-12-11T00:45:31.342+0000] {processor.py:179} INFO - Processing /home/airflow/.local/lib/python3.8/site-packages/airflow/example_dags/example_branch_operator.py took 0.055 seconds
[2025-12-11T00:46:01.695+0000] {processor.py:157} INFO - Started process (PID=1017) to work on /home/airflow/.local/lib/python3.8/site-packages/airflow/example_dags/example_branch_operator.py
[2025-12-11T00:46:01.695+0000] {processor.py:829} INFO - Processing file /home/airflow/.local/lib/python3.8/site-packages/airflow/example_dags/example_branch_operator.py for tasks to queue
[2025-12-11T00:46:01.696+0000] {logging_mixin.py:154} INFO - [2025-12-11T00:46:01.696+0000] {dagbag.py:536} INFO - Filling up the DagBag from /home/airflow/.local/lib/python3.8/site-packages/airflow/example_dags/example_branch_operator.py
[2025-12-11T00:46:01.702+0000] {processor.py:839} INFO - DAG(s) dict_keys(['example_branch_operator']) retrieved from /home/airflow/.local/lib/python3.8/site-packages/airflow/example_dags/example_branch_operator.py
[2025-12-11T00:46:01.717+0000] {logging_mixin.py:154} INFO - [2025-12-11T00:46:01.717+0000] {dag.py:2941} INFO - Sync 1 DAGs
[2025-12-11T00:46:01.731+0000] {logging_mixin.py:154} INFO - [2025-12-11T00:46:01.731+0000] {dag.py:3722} INFO - Setting next_dagrun for example_branch_operator to 2025-12-10T00:00:00+00:00, run_after=2025-12-11T00:00:00+00:00
[2025-12-11T00:46:01.743+0000] {processor.py:179} INFO - Processing /home/airflow/.local/lib/python3.8/site-packages/airflow/example_dags/example_branch_operator.py took 0.050 seconds
[2025-12-11T00:46:32.275+0000] {processor.py:157} INFO - Started process (PID=1072) to work on /home/airflow/.local/lib/python3.8/site-packages/airflow/example_dags/example_branch_operator.py
[2025-12-11T00:46:32.275+0000] {processor.py:829} INFO - Processing file /home/airflow/.local/lib/python3.8/site-packages/airflow/example_dags/example_branch_operator.py for tasks to queue
[2025-12-11T00:46:32.277+0000] {logging_mixin.py:154} INFO - [2025-12-11T00:46:32.277+0000] {dagbag.py:536} INFO - Filling up the DagBag from /home/airflow/.local/lib/python3.8/site-packages/airflow/example_dags/example_branch_operator.py
[2025-12-11T00:46:32.284+0000] {processor.py:839} INFO - DAG(s) dict_keys(['example_branch_operator']) retrieved from /home/airflow/.local/lib/python3.8/site-packages/airflow/example_dags/example_branch_operator.py
[2025-12-11T00:46:32.300+0000] {logging_mixin.py:154} INFO - [2025-12-11T00:46:32.300+0000] {dag.py:2941} INFO - Sync 1 DAGs
[2025-12-11T00:46:32.317+0000] {logging_mixin.py:154} INFO - [2025-12-11T00:46:32.317+0000] {dag.py:3722} INFO - Setting next_dagrun for example_branch_operator to 2025-12-10T00:00:00+00:00, run_after=2025-12-11T00:00:00+00:00
[2025-12-11T00:46:32.329+0000] {processor.py:179} INFO - Processing /home/airflow/.local/lib/python3.8/site-packages/airflow/example_dags/example_branch_operator.py took 0.056 seconds
[2025-12-11T00:47:02.811+0000] {processor.py:157} INFO - Started process (PID=1127) to work on /home/airflow/.local/lib/python3.8/site-packages/airflow/example_dags/example_branch_operator.py
[2025-12-11T00:47:02.812+0000] {processor.py:829} INFO - Processing file /home/airflow/.local/lib/python3.8/site-packages/airflow/example_dags/example_branch_operator.py for tasks to queue
[2025-12-11T00:47:02.814+0000] {logging_mixin.py:154} INFO - [2025-12-11T00:47:02.813+0000] {dagbag.py:536} INFO - Filling up the DagBag from /home/airflow/.local/lib/python3.8/site-packages/airflow/example_dags/example_branch_operator.py
[2025-12-11T00:47:02.819+0000] {processor.py:839} INFO - DAG(s) dict_keys(['example_branch_operator']) retrieved from /home/airflow/.local/lib/python3.8/site-packages/airflow/example_dags/example_branch_operator.py
[2025-12-11T00:47:02.834+0000] {logging_mixin.py:154} INFO - [2025-12-11T00:47:02.834+0000] {dag.py:2941} INFO - Sync 1 DAGs
[2025-12-11T00:47:02.847+0000] {logging_mixin.py:154} INFO - [2025-12-11T00:47:02.846+0000] {dag.py:3722} INFO - Setting next_dagrun for example_branch_operator to 2025-12-10T00:00:00+00:00, run_after=2025-12-11T00:00:00+00:00
[2025-12-11T00:47:02.857+0000] {processor.py:179} INFO - Processing /home/airflow/.local/lib/python3.8/site-packages/airflow/example_dags/example_branch_operator.py took 0.049 seconds
[2025-12-11T00:47:33.528+0000] {processor.py:157} INFO - Started process (PID=1182) to work on /home/airflow/.local/lib/python3.8/site-packages/airflow/example_dags/example_branch_operator.py
[2025-12-11T00:47:33.530+0000] {processor.py:829} INFO - Processing file /home/airflow/.local/lib/python3.8/site-packages/airflow/example_dags/example_branch_operator.py for tasks to queue
[2025-12-11T00:47:33.531+0000] {logging_mixin.py:154} INFO - [2025-12-11T00:47:33.531+0000] {dagbag.py:536} INFO - Filling up the DagBag from /home/airflow/.local/lib/python3.8/site-packages/airflow/example_dags/example_branch_operator.py
[2025-12-11T00:47:33.538+0000] {processor.py:839} INFO - DAG(s) dict_keys(['example_branch_operator']) retrieved from /home/airflow/.local/lib/python3.8/site-packages/airflow/example_dags/example_branch_operator.py
[2025-12-11T00:47:33.562+0000] {logging_mixin.py:154} INFO - [2025-12-11T00:47:33.562+0000] {dag.py:2941} INFO - Sync 1 DAGs
[2025-12-11T00:47:33.576+0000] {logging_mixin.py:154} INFO - [2025-12-11T00:47:33.576+0000] {dag.py:3722} INFO - Setting next_dagrun for example_branch_operator to 2025-12-10T00:00:00+00:00, run_after=2025-12-11T00:00:00+00:00
[2025-12-11T00:47:33.588+0000] {processor.py:179} INFO - Processing /home/airflow/.local/lib/python3.8/site-packages/airflow/example_dags/example_branch_operator.py took 0.063 seconds
[2025-12-11T00:48:04.393+0000] {processor.py:157} INFO - Started process (PID=1237) to work on /home/airflow/.local/lib/python3.8/site-packages/airflow/example_dags/example_branch_operator.py
[2025-12-11T00:48:04.393+0000] {processor.py:829} INFO - Processing file /home/airflow/.local/lib/python3.8/site-packages/airflow/example_dags/example_branch_operator.py for tasks to queue
[2025-12-11T00:48:04.395+0000] {logging_mixin.py:154} INFO - [2025-12-11T00:48:04.394+0000] {dagbag.py:536} INFO - Filling up the DagBag from /home/airflow/.local/lib/python3.8/site-packages/airflow/example_dags/example_branch_operator.py
[2025-12-11T00:48:04.400+0000] {processor.py:839} INFO - DAG(s) dict_keys(['example_branch_operator']) retrieved from /home/airflow/.local/lib/python3.8/site-packages/airflow/example_dags/example_branch_operator.py
[2025-12-11T00:48:04.417+0000] {logging_mixin.py:154} INFO - [2025-12-11T00:48:04.417+0000] {dag.py:2941} INFO - Sync 1 DAGs
[2025-12-11T00:48:04.432+0000] {logging_mixin.py:154} INFO - [2025-12-11T00:48:04.432+0000] {dag.py:3722} INFO - Setting next_dagrun for example_branch_operator to 2025-12-10T00:00:00+00:00, run_after=2025-12-11T00:00:00+00:00
[2025-12-11T00:48:04.451+0000] {processor.py:179} INFO - Processing /home/airflow/.local/lib/python3.8/site-packages/airflow/example_dags/example_branch_operator.py took 0.061 seconds
[2025-12-11T00:48:34.605+0000] {processor.py:157} INFO - Started process (PID=1292) to work on /home/airflow/.local/lib/python3.8/site-packages/airflow/example_dags/example_branch_operator.py
[2025-12-11T00:48:34.605+0000] {processor.py:829} INFO - Processing file /home/airflow/.local/lib/python3.8/site-packages/airflow/example_dags/example_branch_operator.py for tasks to queue
[2025-12-11T00:48:34.606+0000] {logging_mixin.py:154} INFO - [2025-12-11T00:48:34.606+0000] {dagbag.py:536} INFO - Filling up the DagBag from /home/airflow/.local/lib/python3.8/site-packages/airflow/example_dags/example_branch_operator.py
[2025-12-11T00:48:34.612+0000] {processor.py:839} INFO - DAG(s) dict_keys(['example_branch_operator']) retrieved from /home/airflow/.local/lib/python3.8/site-packages/airflow/example_dags/example_branch_operator.py
[2025-12-11T00:48:34.624+0000] {logging_mixin.py:154} INFO - [2025-12-11T00:48:34.623+0000] {dag.py:2941} INFO - Sync 1 DAGs
[2025-12-11T00:48:34.637+0000] {logging_mixin.py:154} INFO - [2025-12-11T00:48:34.637+0000] {dag.py:3722} INFO - Setting next_dagrun for example_branch_operator to 2025-12-10T00:00:00+00:00, run_after=2025-12-11T00:00:00+00:00
[2025-12-11T00:48:34.650+0000] {processor.py:179} INFO - Processing /home/airflow/.local/lib/python3.8/site-packages/airflow/example_dags/example_branch_operator.py took 0.047 seconds
[2025-12-11T00:49:05.190+0000] {processor.py:157} INFO - Started process (PID=1347) to work on /home/airflow/.local/lib/python3.8/site-packages/airflow/example_dags/example_branch_operator.py
[2025-12-11T00:49:05.191+0000] {processor.py:829} INFO - Processing file /home/airflow/.local/lib/python3.8/site-packages/airflow/example_dags/example_branch_operator.py for tasks to queue
[2025-12-11T00:49:05.192+0000] {logging_mixin.py:154} INFO - [2025-12-11T00:49:05.192+0000] {dagbag.py:536} INFO - Filling up the DagBag from /home/airflow/.local/lib/python3.8/site-packages/airflow/example_dags/example_branch_operator.py
[2025-12-11T00:49:05.200+0000] {processor.py:839} INFO - DAG(s) dict_keys(['example_branch_operator']) retrieved from /home/airflow/.local/lib/python3.8/site-packages/airflow/example_dags/example_branch_operator.py
[2025-12-11T00:49:05.218+0000] {logging_mixin.py:154} INFO - [2025-12-11T00:49:05.218+0000] {dag.py:2941} INFO - Sync 1 DAGs
[2025-12-11T00:49:05.237+0000] {logging_mixin.py:154} INFO - [2025-12-11T00:49:05.237+0000] {dag.py:3722} INFO - Setting next_dagrun for example_branch_operator to 2025-12-10T00:00:00+00:00, run_after=2025-12-11T00:00:00+00:00
[2025-12-11T00:49:05.252+0000] {processor.py:179} INFO - Processing /home/airflow/.local/lib/python3.8/site-packages/airflow/example_dags/example_branch_operator.py took 0.066 seconds
[2025-12-11T00:49:35.473+0000] {processor.py:157} INFO - Started process (PID=1402) to work on /home/airflow/.local/lib/python3.8/site-packages/airflow/example_dags/example_branch_operator.py
[2025-12-11T00:49:35.474+0000] {processor.py:829} INFO - Processing file /home/airflow/.local/lib/python3.8/site-packages/airflow/example_dags/example_branch_operator.py for tasks to queue
[2025-12-11T00:49:35.475+0000] {logging_mixin.py:154} INFO - [2025-12-11T00:49:35.475+0000] {dagbag.py:536} INFO - Filling up the DagBag from /home/airflow/.local/lib/python3.8/site-packages/airflow/example_dags/example_branch_operator.py
[2025-12-11T00:49:35.480+0000] {processor.py:839} INFO - DAG(s) dict_keys(['example_branch_operator']) retrieved from /home/airflow/.local/lib/python3.8/site-packages/airflow/example_dags/example_branch_operator.py
[2025-12-11T00:49:35.495+0000] {logging_mixin.py:154} INFO - [2025-12-11T00:49:35.495+0000] {dag.py:2941} INFO - Sync 1 DAGs
[2025-12-11T00:49:35.509+0000] {logging_mixin.py:154} INFO - [2025-12-11T00:49:35.509+0000] {dag.py:3722} INFO - Setting next_dagrun for example_branch_operator to 2025-12-10T00:00:00+00:00, run_after=2025-12-11T00:00:00+00:00
[2025-12-11T00:49:35.520+0000] {processor.py:179} INFO - Processing /home/airflow/.local/lib/python3.8/site-packages/airflow/example_dags/example_branch_operator.py took 0.049 seconds
[2025-12-11T00:50:05.602+0000] {processor.py:157} INFO - Started process (PID=1457) to work on /home/airflow/.local/lib/python3.8/site-packages/airflow/example_dags/example_branch_operator.py
[2025-12-11T00:50:05.602+0000] {processor.py:829} INFO - Processing file /home/airflow/.local/lib/python3.8/site-packages/airflow/example_dags/example_branch_operator.py for tasks to queue
[2025-12-11T00:50:05.604+0000] {logging_mixin.py:154} INFO - [2025-12-11T00:50:05.604+0000] {dagbag.py:536} INFO - Filling up the DagBag from /home/airflow/.local/lib/python3.8/site-packages/airflow/example_dags/example_branch_operator.py
[2025-12-11T00:50:05.609+0000] {processor.py:839} INFO - DAG(s) dict_keys(['example_branch_operator']) retrieved from /home/airflow/.local/lib/python3.8/site-packages/airflow/example_dags/example_branch_operator.py
[2025-12-11T00:50:05.624+0000] {logging_mixin.py:154} INFO - [2025-12-11T00:50:05.624+0000] {dag.py:2941} INFO - Sync 1 DAGs
[2025-12-11T00:50:05.639+0000] {logging_mixin.py:154} INFO - [2025-12-11T00:50:05.639+0000] {dag.py:3722} INFO - Setting next_dagrun for example_branch_operator to 2025-12-10T00:00:00+00:00, run_after=2025-12-11T00:00:00+00:00
[2025-12-11T00:50:05.651+0000] {processor.py:179} INFO - Processing /home/airflow/.local/lib/python3.8/site-packages/airflow/example_dags/example_branch_operator.py took 0.052 seconds
[2025-12-11T00:50:35.902+0000] {processor.py:157} INFO - Started process (PID=1512) to work on /home/airflow/.local/lib/python3.8/site-packages/airflow/example_dags/example_branch_operator.py
[2025-12-11T00:50:35.903+0000] {processor.py:829} INFO - Processing file /home/airflow/.local/lib/python3.8/site-packages/airflow/example_dags/example_branch_operator.py for tasks to queue
[2025-12-11T00:50:35.904+0000] {logging_mixin.py:154} INFO - [2025-12-11T00:50:35.904+0000] {dagbag.py:536} INFO - Filling up the DagBag from /home/airflow/.local/lib/python3.8/site-packages/airflow/example_dags/example_branch_operator.py
[2025-12-11T00:50:35.909+0000] {processor.py:839} INFO - DAG(s) dict_keys(['example_branch_operator']) retrieved from /home/airflow/.local/lib/python3.8/site-packages/airflow/example_dags/example_branch_operator.py
[2025-12-11T00:50:35.923+0000] {logging_mixin.py:154} INFO - [2025-12-11T00:50:35.923+0000] {dag.py:2941} INFO - Sync 1 DAGs
[2025-12-11T00:50:35.937+0000] {logging_mixin.py:154} INFO - [2025-12-11T00:50:35.937+0000] {dag.py:3722} INFO - Setting next_dagrun for example_branch_operator to 2025-12-10T00:00:00+00:00, run_after=2025-12-11T00:00:00+00:00
[2025-12-11T00:50:35.951+0000] {processor.py:179} INFO - Processing /home/airflow/.local/lib/python3.8/site-packages/airflow/example_dags/example_branch_operator.py took 0.052 seconds
[2025-12-11T00:51:06.565+0000] {processor.py:157} INFO - Started process (PID=1567) to work on /home/airflow/.local/lib/python3.8/site-packages/airflow/example_dags/example_branch_operator.py
[2025-12-11T00:51:06.565+0000] {processor.py:829} INFO - Processing file /home/airflow/.local/lib/python3.8/site-packages/airflow/example_dags/example_branch_operator.py for tasks to queue
[2025-12-11T00:51:06.567+0000] {logging_mixin.py:154} INFO - [2025-12-11T00:51:06.566+0000] {dagbag.py:536} INFO - Filling up the DagBag from /home/airflow/.local/lib/python3.8/site-packages/airflow/example_dags/example_branch_operator.py
[2025-12-11T00:51:06.572+0000] {processor.py:839} INFO - DAG(s) dict_keys(['example_branch_operator']) retrieved from /home/airflow/.local/lib/python3.8/site-packages/airflow/example_dags/example_branch_operator.py
[2025-12-11T00:51:06.587+0000] {logging_mixin.py:154} INFO - [2025-12-11T00:51:06.587+0000] {dag.py:2941} INFO - Sync 1 DAGs
[2025-12-11T00:51:06.602+0000] {logging_mixin.py:154} INFO - [2025-12-11T00:51:06.601+0000] {dag.py:3722} INFO - Setting next_dagrun for example_branch_operator to 2025-12-10T00:00:00+00:00, run_after=2025-12-11T00:00:00+00:00
[2025-12-11T00:51:06.613+0000] {processor.py:179} INFO - Processing /home/airflow/.local/lib/python3.8/site-packages/airflow/example_dags/example_branch_operator.py took 0.050 seconds
[2025-12-11T00:51:36.751+0000] {processor.py:157} INFO - Started process (PID=1622) to work on /home/airflow/.local/lib/python3.8/site-packages/airflow/example_dags/example_branch_operator.py
[2025-12-11T00:51:36.751+0000] {processor.py:829} INFO - Processing file /home/airflow/.local/lib/python3.8/site-packages/airflow/example_dags/example_branch_operator.py for tasks to queue
[2025-12-11T00:51:36.753+0000] {logging_mixin.py:154} INFO - [2025-12-11T00:51:36.753+0000] {dagbag.py:536} INFO - Filling up the DagBag from /home/airflow/.local/lib/python3.8/site-packages/airflow/example_dags/example_branch_operator.py
[2025-12-11T00:51:36.761+0000] {processor.py:839} INFO - DAG(s) dict_keys(['example_branch_operator']) retrieved from /home/airflow/.local/lib/python3.8/site-packages/airflow/example_dags/example_branch_operator.py
[2025-12-11T00:51:36.776+0000] {logging_mixin.py:154} INFO - [2025-12-11T00:51:36.776+0000] {dag.py:2941} INFO - Sync 1 DAGs
[2025-12-11T00:51:36.790+0000] {logging_mixin.py:154} INFO - [2025-12-11T00:51:36.790+0000] {dag.py:3722} INFO - Setting next_dagrun for example_branch_operator to 2025-12-10T00:00:00+00:00, run_after=2025-12-11T00:00:00+00:00
[2025-12-11T00:51:36.804+0000] {processor.py:179} INFO - Processing /home/airflow/.local/lib/python3.8/site-packages/airflow/example_dags/example_branch_operator.py took 0.056 seconds
[2025-12-11T00:52:06.949+0000] {processor.py:157} INFO - Started process (PID=1677) to work on /home/airflow/.local/lib/python3.8/site-packages/airflow/example_dags/example_branch_operator.py
[2025-12-11T00:52:06.950+0000] {processor.py:829} INFO - Processing file /home/airflow/.local/lib/python3.8/site-packages/airflow/example_dags/example_branch_operator.py for tasks to queue
[2025-12-11T00:52:06.951+0000] {logging_mixin.py:154} INFO - [2025-12-11T00:52:06.951+0000] {dagbag.py:536} INFO - Filling up the DagBag from /home/airflow/.local/lib/python3.8/site-packages/airflow/example_dags/example_branch_operator.py
[2025-12-11T00:52:06.957+0000] {processor.py:839} INFO - DAG(s) dict_keys(['example_branch_operator']) retrieved from /home/airflow/.local/lib/python3.8/site-packages/airflow/example_dags/example_branch_operator.py
[2025-12-11T00:52:06.974+0000] {logging_mixin.py:154} INFO - [2025-12-11T00:52:06.974+0000] {dag.py:2941} INFO - Sync 1 DAGs
[2025-12-11T00:52:06.991+0000] {logging_mixin.py:154} INFO - [2025-12-11T00:52:06.991+0000] {dag.py:3722} INFO - Setting next_dagrun for example_branch_operator to 2025-12-10T00:00:00+00:00, run_after=2025-12-11T00:00:00+00:00
[2025-12-11T00:52:07.005+0000] {processor.py:179} INFO - Processing /home/airflow/.local/lib/python3.8/site-packages/airflow/example_dags/example_branch_operator.py took 0.058 seconds
[2025-12-11T00:52:37.223+0000] {processor.py:157} INFO - Started process (PID=1732) to work on /home/airflow/.local/lib/python3.8/site-packages/airflow/example_dags/example_branch_operator.py
[2025-12-11T00:52:37.224+0000] {processor.py:829} INFO - Processing file /home/airflow/.local/lib/python3.8/site-packages/airflow/example_dags/example_branch_operator.py for tasks to queue
[2025-12-11T00:52:37.225+0000] {logging_mixin.py:154} INFO - [2025-12-11T00:52:37.225+0000] {dagbag.py:536} INFO - Filling up the DagBag from /home/airflow/.local/lib/python3.8/site-packages/airflow/example_dags/example_branch_operator.py
[2025-12-11T00:52:37.231+0000] {processor.py:839} INFO - DAG(s) dict_keys(['example_branch_operator']) retrieved from /home/airflow/.local/lib/python3.8/site-packages/airflow/example_dags/example_branch_operator.py
[2025-12-11T00:52:37.247+0000] {logging_mixin.py:154} INFO - [2025-12-11T00:52:37.247+0000] {dag.py:2941} INFO - Sync 1 DAGs
[2025-12-11T00:52:37.272+0000] {logging_mixin.py:154} INFO - [2025-12-11T00:52:37.272+0000] {dag.py:3722} INFO - Setting next_dagrun for example_branch_operator to 2025-12-10T00:00:00+00:00, run_after=2025-12-11T00:00:00+00:00
[2025-12-11T00:52:37.292+0000] {processor.py:179} INFO - Processing /home/airflow/.local/lib/python3.8/site-packages/airflow/example_dags/example_branch_operator.py took 0.071 seconds
[2025-12-11T00:53:07.824+0000] {processor.py:157} INFO - Started process (PID=1787) to work on /home/airflow/.local/lib/python3.8/site-packages/airflow/example_dags/example_branch_operator.py
[2025-12-11T00:53:07.825+0000] {processor.py:829} INFO - Processing file /home/airflow/.local/lib/python3.8/site-packages/airflow/example_dags/example_branch_operator.py for tasks to queue
[2025-12-11T00:53:07.828+0000] {logging_mixin.py:154} INFO - [2025-12-11T00:53:07.827+0000] {dagbag.py:536} INFO - Filling up the DagBag from /home/airflow/.local/lib/python3.8/site-packages/airflow/example_dags/example_branch_operator.py
[2025-12-11T00:53:07.835+0000] {processor.py:839} INFO - DAG(s) dict_keys(['example_branch_operator']) retrieved from /home/airflow/.local/lib/python3.8/site-packages/airflow/example_dags/example_branch_operator.py
[2025-12-11T00:53:07.856+0000] {logging_mixin.py:154} INFO - [2025-12-11T00:53:07.856+0000] {dag.py:2941} INFO - Sync 1 DAGs
[2025-12-11T00:53:07.878+0000] {logging_mixin.py:154} INFO - [2025-12-11T00:53:07.877+0000] {dag.py:3722} INFO - Setting next_dagrun for example_branch_operator to 2025-12-10T00:00:00+00:00, run_after=2025-12-11T00:00:00+00:00
[2025-12-11T00:53:07.897+0000] {processor.py:179} INFO - Processing /home/airflow/.local/lib/python3.8/site-packages/airflow/example_dags/example_branch_operator.py took 0.077 seconds
[2025-12-11T00:53:38.316+0000] {processor.py:157} INFO - Started process (PID=1842) to work on /home/airflow/.local/lib/python3.8/site-packages/airflow/example_dags/example_branch_operator.py
[2025-12-11T00:53:38.317+0000] {processor.py:829} INFO - Processing file /home/airflow/.local/lib/python3.8/site-packages/airflow/example_dags/example_branch_operator.py for tasks to queue
[2025-12-11T00:53:38.318+0000] {logging_mixin.py:154} INFO - [2025-12-11T00:53:38.318+0000] {dagbag.py:536} INFO - Filling up the DagBag from /home/airflow/.local/lib/python3.8/site-packages/airflow/example_dags/example_branch_operator.py
[2025-12-11T00:53:38.324+0000] {processor.py:839} INFO - DAG(s) dict_keys(['example_branch_operator']) retrieved from /home/airflow/.local/lib/python3.8/site-packages/airflow/example_dags/example_branch_operator.py
[2025-12-11T00:53:38.340+0000] {logging_mixin.py:154} INFO - [2025-12-11T00:53:38.340+0000] {dag.py:2941} INFO - Sync 1 DAGs
[2025-12-11T00:53:38.354+0000] {logging_mixin.py:154} INFO - [2025-12-11T00:53:38.354+0000] {dag.py:3722} INFO - Setting next_dagrun for example_branch_operator to 2025-12-10T00:00:00+00:00, run_after=2025-12-11T00:00:00+00:00
[2025-12-11T00:53:38.364+0000] {processor.py:179} INFO - Processing /home/airflow/.local/lib/python3.8/site-packages/airflow/example_dags/example_branch_operator.py took 0.050 seconds
[2025-12-11T00:54:08.725+0000] {processor.py:157} INFO - Started process (PID=1898) to work on /home/airflow/.local/lib/python3.8/site-packages/airflow/example_dags/example_branch_operator.py
[2025-12-11T00:54:08.730+0000] {processor.py:829} INFO - Processing file /home/airflow/.local/lib/python3.8/site-packages/airflow/example_dags/example_branch_operator.py for tasks to queue
[2025-12-11T00:54:08.731+0000] {logging_mixin.py:154} INFO - [2025-12-11T00:54:08.731+0000] {dagbag.py:536} INFO - Filling up the DagBag from /home/airflow/.local/lib/python3.8/site-packages/airflow/example_dags/example_branch_operator.py
[2025-12-11T00:54:08.737+0000] {processor.py:839} INFO - DAG(s) dict_keys(['example_branch_operator']) retrieved from /home/airflow/.local/lib/python3.8/site-packages/airflow/example_dags/example_branch_operator.py
[2025-12-11T00:54:08.751+0000] {logging_mixin.py:154} INFO - [2025-12-11T00:54:08.751+0000] {dag.py:2941} INFO - Sync 1 DAGs
[2025-12-11T00:54:08.765+0000] {logging_mixin.py:154} INFO - [2025-12-11T00:54:08.765+0000] {dag.py:3722} INFO - Setting next_dagrun for example_branch_operator to 2025-12-10T00:00:00+00:00, run_after=2025-12-11T00:00:00+00:00
[2025-12-11T00:54:08.781+0000] {processor.py:179} INFO - Processing /home/airflow/.local/lib/python3.8/site-packages/airflow/example_dags/example_branch_operator.py took 0.059 seconds
[2025-12-11T00:54:39.129+0000] {processor.py:157} INFO - Started process (PID=1953) to work on /home/airflow/.local/lib/python3.8/site-packages/airflow/example_dags/example_branch_operator.py
[2025-12-11T00:54:39.129+0000] {processor.py:829} INFO - Processing file /home/airflow/.local/lib/python3.8/site-packages/airflow/example_dags/example_branch_operator.py for tasks to queue
[2025-12-11T00:54:39.131+0000] {logging_mixin.py:154} INFO - [2025-12-11T00:54:39.130+0000] {dagbag.py:536} INFO - Filling up the DagBag from /home/airflow/.local/lib/python3.8/site-packages/airflow/example_dags/example_branch_operator.py
[2025-12-11T00:54:39.137+0000] {processor.py:839} INFO - DAG(s) dict_keys(['example_branch_operator']) retrieved from /home/airflow/.local/lib/python3.8/site-packages/airflow/example_dags/example_branch_operator.py
[2025-12-11T00:54:39.153+0000] {logging_mixin.py:154} INFO - [2025-12-11T00:54:39.153+0000] {dag.py:2941} INFO - Sync 1 DAGs
[2025-12-11T00:54:39.168+0000] {logging_mixin.py:154} INFO - [2025-12-11T00:54:39.167+0000] {dag.py:3722} INFO - Setting next_dagrun for example_branch_operator to 2025-12-10T00:00:00+00:00, run_after=2025-12-11T00:00:00+00:00
[2025-12-11T00:54:39.179+0000] {processor.py:179} INFO - Processing /home/airflow/.local/lib/python3.8/site-packages/airflow/example_dags/example_branch_operator.py took 0.053 seconds
[2025-12-11T00:55:09.414+0000] {processor.py:157} INFO - Started process (PID=2008) to work on /home/airflow/.local/lib/python3.8/site-packages/airflow/example_dags/example_branch_operator.py
[2025-12-11T00:55:09.415+0000] {processor.py:829} INFO - Processing file /home/airflow/.local/lib/python3.8/site-packages/airflow/example_dags/example_branch_operator.py for tasks to queue
[2025-12-11T00:55:09.417+0000] {logging_mixin.py:154} INFO - [2025-12-11T00:55:09.416+0000] {dagbag.py:536} INFO - Filling up the DagBag from /home/airflow/.local/lib/python3.8/site-packages/airflow/example_dags/example_branch_operator.py
[2025-12-11T00:55:09.422+0000] {processor.py:839} INFO - DAG(s) dict_keys(['example_branch_operator']) retrieved from /home/airflow/.local/lib/python3.8/site-packages/airflow/example_dags/example_branch_operator.py
[2025-12-11T00:55:09.440+0000] {logging_mixin.py:154} INFO - [2025-12-11T00:55:09.440+0000] {dag.py:2941} INFO - Sync 1 DAGs
[2025-12-11T00:55:09.454+0000] {logging_mixin.py:154} INFO - [2025-12-11T00:55:09.454+0000] {dag.py:3722} INFO - Setting next_dagrun for example_branch_operator to 2025-12-10T00:00:00+00:00, run_after=2025-12-11T00:00:00+00:00
[2025-12-11T00:55:09.465+0000] {processor.py:179} INFO - Processing /home/airflow/.local/lib/python3.8/site-packages/airflow/example_dags/example_branch_operator.py took 0.053 seconds
