[2025-12-11T00:38:17.027+0000] {processor.py:157} INFO - Started process (PID=206) to work on /home/airflow/.local/lib/python3.8/site-packages/airflow/example_dags/example_subdag_operator.py
[2025-12-11T00:38:17.027+0000] {processor.py:829} INFO - Processing file /home/airflow/.local/lib/python3.8/site-packages/airflow/example_dags/example_subdag_operator.py for tasks to queue
[2025-12-11T00:38:17.030+0000] {logging_mixin.py:154} INFO - [2025-12-11T00:38:17.029+0000] {dagbag.py:536} INFO - Filling up the DagBag from /home/airflow/.local/lib/python3.8/site-packages/airflow/example_dags/example_subdag_operator.py
[2025-12-11T00:38:17.049+0000] {processor.py:839} INFO - DAG(s) dict_keys(['example_subdag_operator.section-1', 'example_subdag_operator.section-2', 'example_subdag_operator']) retrieved from /home/airflow/.local/lib/python3.8/site-packages/airflow/example_dags/example_subdag_operator.py
[2025-12-11T00:38:17.052+0000] {logging_mixin.py:154} INFO - [2025-12-11T00:38:17.052+0000] {dag.py:2941} INFO - Sync 3 DAGs
[2025-12-11T00:38:17.074+0000] {logging_mixin.py:154} INFO - [2025-12-11T00:38:17.073+0000] {dag.py:3722} INFO - Setting next_dagrun for example_subdag_operator to 2022-01-01T00:00:00+00:00, run_after=2022-01-01T00:00:00+00:00
[2025-12-11T00:38:17.077+0000] {logging_mixin.py:154} INFO - [2025-12-11T00:38:17.077+0000] {dag.py:3722} INFO - Setting next_dagrun for example_subdag_operator.section-1 to None, run_after=None
[2025-12-11T00:38:17.078+0000] {logging_mixin.py:154} INFO - [2025-12-11T00:38:17.078+0000] {dag.py:3722} INFO - Setting next_dagrun for example_subdag_operator.section-2 to None, run_after=None
[2025-12-11T00:38:17.084+0000] {logging_mixin.py:154} INFO - [2025-12-11T00:38:17.083+0000] {dag.py:2941} INFO - Sync 2 DAGs
[2025-12-11T00:38:17.088+0000] {logging_mixin.py:154} INFO - [2025-12-11T00:38:17.088+0000] {dag.py:3722} INFO - Setting next_dagrun for example_subdag_operator.section-1 to None, run_after=None
[2025-12-11T00:38:17.088+0000] {logging_mixin.py:154} INFO - [2025-12-11T00:38:17.088+0000] {dag.py:3722} INFO - Setting next_dagrun for example_subdag_operator.section-2 to None, run_after=None
[2025-12-11T00:38:17.099+0000] {processor.py:179} INFO - Processing /home/airflow/.local/lib/python3.8/site-packages/airflow/example_dags/example_subdag_operator.py took 0.076 seconds
[2025-12-11T00:38:47.520+0000] {processor.py:157} INFO - Started process (PID=265) to work on /home/airflow/.local/lib/python3.8/site-packages/airflow/example_dags/example_subdag_operator.py
[2025-12-11T00:38:47.521+0000] {processor.py:829} INFO - Processing file /home/airflow/.local/lib/python3.8/site-packages/airflow/example_dags/example_subdag_operator.py for tasks to queue
[2025-12-11T00:38:47.523+0000] {logging_mixin.py:154} INFO - [2025-12-11T00:38:47.523+0000] {dagbag.py:536} INFO - Filling up the DagBag from /home/airflow/.local/lib/python3.8/site-packages/airflow/example_dags/example_subdag_operator.py
[2025-12-11T00:38:47.546+0000] {processor.py:839} INFO - DAG(s) dict_keys(['example_subdag_operator.section-1', 'example_subdag_operator.section-2', 'example_subdag_operator']) retrieved from /home/airflow/.local/lib/python3.8/site-packages/airflow/example_dags/example_subdag_operator.py
[2025-12-11T00:38:47.558+0000] {logging_mixin.py:154} INFO - [2025-12-11T00:38:47.558+0000] {dag.py:2941} INFO - Sync 3 DAGs
[2025-12-11T00:38:47.577+0000] {logging_mixin.py:154} INFO - [2025-12-11T00:38:47.577+0000] {dag.py:3722} INFO - Setting next_dagrun for example_subdag_operator to 2022-01-01T00:00:00+00:00, run_after=2022-01-01T00:00:00+00:00
[2025-12-11T00:38:47.579+0000] {logging_mixin.py:154} INFO - [2025-12-11T00:38:47.579+0000] {dag.py:3722} INFO - Setting next_dagrun for example_subdag_operator.section-1 to None, run_after=None
[2025-12-11T00:38:47.580+0000] {logging_mixin.py:154} INFO - [2025-12-11T00:38:47.580+0000] {dag.py:3722} INFO - Setting next_dagrun for example_subdag_operator.section-2 to None, run_after=None
[2025-12-11T00:38:47.586+0000] {logging_mixin.py:154} INFO - [2025-12-11T00:38:47.585+0000] {dag.py:2941} INFO - Sync 2 DAGs
[2025-12-11T00:38:47.591+0000] {logging_mixin.py:154} INFO - [2025-12-11T00:38:47.590+0000] {dag.py:3722} INFO - Setting next_dagrun for example_subdag_operator.section-1 to None, run_after=None
[2025-12-11T00:38:47.591+0000] {logging_mixin.py:154} INFO - [2025-12-11T00:38:47.591+0000] {dag.py:3722} INFO - Setting next_dagrun for example_subdag_operator.section-2 to None, run_after=None
[2025-12-11T00:38:47.605+0000] {processor.py:179} INFO - Processing /home/airflow/.local/lib/python3.8/site-packages/airflow/example_dags/example_subdag_operator.py took 0.088 seconds
[2025-12-11T00:39:18.013+0000] {processor.py:157} INFO - Started process (PID=320) to work on /home/airflow/.local/lib/python3.8/site-packages/airflow/example_dags/example_subdag_operator.py
[2025-12-11T00:39:18.020+0000] {processor.py:829} INFO - Processing file /home/airflow/.local/lib/python3.8/site-packages/airflow/example_dags/example_subdag_operator.py for tasks to queue
[2025-12-11T00:39:18.021+0000] {logging_mixin.py:154} INFO - [2025-12-11T00:39:18.021+0000] {dagbag.py:536} INFO - Filling up the DagBag from /home/airflow/.local/lib/python3.8/site-packages/airflow/example_dags/example_subdag_operator.py
[2025-12-11T00:39:18.036+0000] {processor.py:839} INFO - DAG(s) dict_keys(['example_subdag_operator.section-1', 'example_subdag_operator.section-2', 'example_subdag_operator']) retrieved from /home/airflow/.local/lib/python3.8/site-packages/airflow/example_dags/example_subdag_operator.py
[2025-12-11T00:39:18.045+0000] {logging_mixin.py:154} INFO - [2025-12-11T00:39:18.044+0000] {dag.py:2941} INFO - Sync 3 DAGs
[2025-12-11T00:39:18.057+0000] {logging_mixin.py:154} INFO - [2025-12-11T00:39:18.056+0000] {dag.py:3722} INFO - Setting next_dagrun for example_subdag_operator to 2022-01-01T00:00:00+00:00, run_after=2022-01-01T00:00:00+00:00
[2025-12-11T00:39:18.058+0000] {logging_mixin.py:154} INFO - [2025-12-11T00:39:18.058+0000] {dag.py:3722} INFO - Setting next_dagrun for example_subdag_operator.section-1 to None, run_after=None
[2025-12-11T00:39:18.059+0000] {logging_mixin.py:154} INFO - [2025-12-11T00:39:18.059+0000] {dag.py:3722} INFO - Setting next_dagrun for example_subdag_operator.section-2 to None, run_after=None
[2025-12-11T00:39:18.063+0000] {logging_mixin.py:154} INFO - [2025-12-11T00:39:18.063+0000] {dag.py:2941} INFO - Sync 2 DAGs
[2025-12-11T00:39:18.066+0000] {logging_mixin.py:154} INFO - [2025-12-11T00:39:18.066+0000] {dag.py:3722} INFO - Setting next_dagrun for example_subdag_operator.section-1 to None, run_after=None
[2025-12-11T00:39:18.066+0000] {logging_mixin.py:154} INFO - [2025-12-11T00:39:18.066+0000] {dag.py:3722} INFO - Setting next_dagrun for example_subdag_operator.section-2 to None, run_after=None
[2025-12-11T00:39:18.074+0000] {processor.py:179} INFO - Processing /home/airflow/.local/lib/python3.8/site-packages/airflow/example_dags/example_subdag_operator.py took 0.062 seconds
[2025-12-11T00:39:48.269+0000] {processor.py:157} INFO - Started process (PID=375) to work on /home/airflow/.local/lib/python3.8/site-packages/airflow/example_dags/example_subdag_operator.py
[2025-12-11T00:39:48.283+0000] {processor.py:829} INFO - Processing file /home/airflow/.local/lib/python3.8/site-packages/airflow/example_dags/example_subdag_operator.py for tasks to queue
[2025-12-11T00:39:48.285+0000] {logging_mixin.py:154} INFO - [2025-12-11T00:39:48.285+0000] {dagbag.py:536} INFO - Filling up the DagBag from /home/airflow/.local/lib/python3.8/site-packages/airflow/example_dags/example_subdag_operator.py
[2025-12-11T00:39:48.301+0000] {processor.py:839} INFO - DAG(s) dict_keys(['example_subdag_operator.section-1', 'example_subdag_operator.section-2', 'example_subdag_operator']) retrieved from /home/airflow/.local/lib/python3.8/site-packages/airflow/example_dags/example_subdag_operator.py
[2025-12-11T00:39:48.309+0000] {logging_mixin.py:154} INFO - [2025-12-11T00:39:48.309+0000] {dag.py:2941} INFO - Sync 3 DAGs
[2025-12-11T00:39:48.321+0000] {logging_mixin.py:154} INFO - [2025-12-11T00:39:48.321+0000] {dag.py:3722} INFO - Setting next_dagrun for example_subdag_operator to 2022-01-01T00:00:00+00:00, run_after=2022-01-01T00:00:00+00:00
[2025-12-11T00:39:48.323+0000] {logging_mixin.py:154} INFO - [2025-12-11T00:39:48.323+0000] {dag.py:3722} INFO - Setting next_dagrun for example_subdag_operator.section-1 to None, run_after=None
[2025-12-11T00:39:48.324+0000] {logging_mixin.py:154} INFO - [2025-12-11T00:39:48.324+0000] {dag.py:3722} INFO - Setting next_dagrun for example_subdag_operator.section-2 to None, run_after=None
[2025-12-11T00:39:48.328+0000] {logging_mixin.py:154} INFO - [2025-12-11T00:39:48.328+0000] {dag.py:2941} INFO - Sync 2 DAGs
[2025-12-11T00:39:48.331+0000] {logging_mixin.py:154} INFO - [2025-12-11T00:39:48.331+0000] {dag.py:3722} INFO - Setting next_dagrun for example_subdag_operator.section-1 to None, run_after=None
[2025-12-11T00:39:48.331+0000] {logging_mixin.py:154} INFO - [2025-12-11T00:39:48.331+0000] {dag.py:3722} INFO - Setting next_dagrun for example_subdag_operator.section-2 to None, run_after=None
[2025-12-11T00:39:48.338+0000] {processor.py:179} INFO - Processing /home/airflow/.local/lib/python3.8/site-packages/airflow/example_dags/example_subdag_operator.py took 0.070 seconds
[2025-12-11T00:40:25.573+0000] {processor.py:157} INFO - Started process (PID=437) to work on /home/airflow/.local/lib/python3.8/site-packages/airflow/example_dags/example_subdag_operator.py
[2025-12-11T00:40:25.573+0000] {processor.py:829} INFO - Processing file /home/airflow/.local/lib/python3.8/site-packages/airflow/example_dags/example_subdag_operator.py for tasks to queue
[2025-12-11T00:40:25.575+0000] {logging_mixin.py:154} INFO - [2025-12-11T00:40:25.574+0000] {dagbag.py:536} INFO - Filling up the DagBag from /home/airflow/.local/lib/python3.8/site-packages/airflow/example_dags/example_subdag_operator.py
[2025-12-11T00:40:25.590+0000] {processor.py:839} INFO - DAG(s) dict_keys(['example_subdag_operator.section-1', 'example_subdag_operator.section-2', 'example_subdag_operator']) retrieved from /home/airflow/.local/lib/python3.8/site-packages/airflow/example_dags/example_subdag_operator.py
[2025-12-11T00:40:25.599+0000] {logging_mixin.py:154} INFO - [2025-12-11T00:40:25.599+0000] {dag.py:2941} INFO - Sync 3 DAGs
[2025-12-11T00:40:25.613+0000] {logging_mixin.py:154} INFO - [2025-12-11T00:40:25.613+0000] {dag.py:3722} INFO - Setting next_dagrun for example_subdag_operator to 2022-01-01T00:00:00+00:00, run_after=2022-01-01T00:00:00+00:00
[2025-12-11T00:40:25.615+0000] {logging_mixin.py:154} INFO - [2025-12-11T00:40:25.615+0000] {dag.py:3722} INFO - Setting next_dagrun for example_subdag_operator.section-1 to None, run_after=None
[2025-12-11T00:40:25.616+0000] {logging_mixin.py:154} INFO - [2025-12-11T00:40:25.616+0000] {dag.py:3722} INFO - Setting next_dagrun for example_subdag_operator.section-2 to None, run_after=None
[2025-12-11T00:40:25.620+0000] {logging_mixin.py:154} INFO - [2025-12-11T00:40:25.620+0000] {dag.py:2941} INFO - Sync 2 DAGs
[2025-12-11T00:40:25.624+0000] {logging_mixin.py:154} INFO - [2025-12-11T00:40:25.624+0000] {dag.py:3722} INFO - Setting next_dagrun for example_subdag_operator.section-1 to None, run_after=None
[2025-12-11T00:40:25.624+0000] {logging_mixin.py:154} INFO - [2025-12-11T00:40:25.624+0000] {dag.py:3722} INFO - Setting next_dagrun for example_subdag_operator.section-2 to None, run_after=None
[2025-12-11T00:40:25.633+0000] {processor.py:179} INFO - Processing /home/airflow/.local/lib/python3.8/site-packages/airflow/example_dags/example_subdag_operator.py took 0.062 seconds
[2025-12-11T00:40:56.308+0000] {processor.py:157} INFO - Started process (PID=492) to work on /home/airflow/.local/lib/python3.8/site-packages/airflow/example_dags/example_subdag_operator.py
[2025-12-11T00:40:56.309+0000] {processor.py:829} INFO - Processing file /home/airflow/.local/lib/python3.8/site-packages/airflow/example_dags/example_subdag_operator.py for tasks to queue
[2025-12-11T00:40:56.310+0000] {logging_mixin.py:154} INFO - [2025-12-11T00:40:56.310+0000] {dagbag.py:536} INFO - Filling up the DagBag from /home/airflow/.local/lib/python3.8/site-packages/airflow/example_dags/example_subdag_operator.py
[2025-12-11T00:40:56.325+0000] {processor.py:839} INFO - DAG(s) dict_keys(['example_subdag_operator.section-1', 'example_subdag_operator.section-2', 'example_subdag_operator']) retrieved from /home/airflow/.local/lib/python3.8/site-packages/airflow/example_dags/example_subdag_operator.py
[2025-12-11T00:40:56.337+0000] {logging_mixin.py:154} INFO - [2025-12-11T00:40:56.337+0000] {dag.py:2941} INFO - Sync 3 DAGs
[2025-12-11T00:40:56.350+0000] {logging_mixin.py:154} INFO - [2025-12-11T00:40:56.350+0000] {dag.py:3722} INFO - Setting next_dagrun for example_subdag_operator to 2022-01-01T00:00:00+00:00, run_after=2022-01-01T00:00:00+00:00
[2025-12-11T00:40:56.352+0000] {logging_mixin.py:154} INFO - [2025-12-11T00:40:56.352+0000] {dag.py:3722} INFO - Setting next_dagrun for example_subdag_operator.section-1 to None, run_after=None
[2025-12-11T00:40:56.353+0000] {logging_mixin.py:154} INFO - [2025-12-11T00:40:56.353+0000] {dag.py:3722} INFO - Setting next_dagrun for example_subdag_operator.section-2 to None, run_after=None
[2025-12-11T00:40:56.357+0000] {logging_mixin.py:154} INFO - [2025-12-11T00:40:56.357+0000] {dag.py:2941} INFO - Sync 2 DAGs
[2025-12-11T00:40:56.360+0000] {logging_mixin.py:154} INFO - [2025-12-11T00:40:56.360+0000] {dag.py:3722} INFO - Setting next_dagrun for example_subdag_operator.section-1 to None, run_after=None
[2025-12-11T00:40:56.360+0000] {logging_mixin.py:154} INFO - [2025-12-11T00:40:56.360+0000] {dag.py:3722} INFO - Setting next_dagrun for example_subdag_operator.section-2 to None, run_after=None
[2025-12-11T00:40:56.366+0000] {processor.py:179} INFO - Processing /home/airflow/.local/lib/python3.8/site-packages/airflow/example_dags/example_subdag_operator.py took 0.059 seconds
[2025-12-11T00:41:33.640+0000] {processor.py:157} INFO - Started process (PID=547) to work on /home/airflow/.local/lib/python3.8/site-packages/airflow/example_dags/example_subdag_operator.py
[2025-12-11T00:41:33.640+0000] {processor.py:829} INFO - Processing file /home/airflow/.local/lib/python3.8/site-packages/airflow/example_dags/example_subdag_operator.py for tasks to queue
[2025-12-11T00:41:33.642+0000] {logging_mixin.py:154} INFO - [2025-12-11T00:41:33.642+0000] {dagbag.py:536} INFO - Filling up the DagBag from /home/airflow/.local/lib/python3.8/site-packages/airflow/example_dags/example_subdag_operator.py
[2025-12-11T00:41:33.661+0000] {processor.py:839} INFO - DAG(s) dict_keys(['example_subdag_operator.section-1', 'example_subdag_operator.section-2', 'example_subdag_operator']) retrieved from /home/airflow/.local/lib/python3.8/site-packages/airflow/example_dags/example_subdag_operator.py
[2025-12-11T00:41:33.672+0000] {logging_mixin.py:154} INFO - [2025-12-11T00:41:33.671+0000] {dag.py:2941} INFO - Sync 3 DAGs
[2025-12-11T00:41:33.684+0000] {logging_mixin.py:154} INFO - [2025-12-11T00:41:33.684+0000] {dag.py:3722} INFO - Setting next_dagrun for example_subdag_operator to 2022-01-01T00:00:00+00:00, run_after=2022-01-01T00:00:00+00:00
[2025-12-11T00:41:33.686+0000] {logging_mixin.py:154} INFO - [2025-12-11T00:41:33.686+0000] {dag.py:3722} INFO - Setting next_dagrun for example_subdag_operator.section-1 to None, run_after=None
[2025-12-11T00:41:33.687+0000] {logging_mixin.py:154} INFO - [2025-12-11T00:41:33.686+0000] {dag.py:3722} INFO - Setting next_dagrun for example_subdag_operator.section-2 to None, run_after=None
[2025-12-11T00:41:33.690+0000] {logging_mixin.py:154} INFO - [2025-12-11T00:41:33.690+0000] {dag.py:2941} INFO - Sync 2 DAGs
[2025-12-11T00:41:33.693+0000] {logging_mixin.py:154} INFO - [2025-12-11T00:41:33.693+0000] {dag.py:3722} INFO - Setting next_dagrun for example_subdag_operator.section-1 to None, run_after=None
[2025-12-11T00:41:33.693+0000] {logging_mixin.py:154} INFO - [2025-12-11T00:41:33.693+0000] {dag.py:3722} INFO - Setting next_dagrun for example_subdag_operator.section-2 to None, run_after=None
[2025-12-11T00:41:33.699+0000] {processor.py:179} INFO - Processing /home/airflow/.local/lib/python3.8/site-packages/airflow/example_dags/example_subdag_operator.py took 0.062 seconds
[2025-12-11T00:42:06.311+0000] {processor.py:157} INFO - Started process (PID=602) to work on /home/airflow/.local/lib/python3.8/site-packages/airflow/example_dags/example_subdag_operator.py
[2025-12-11T00:42:06.313+0000] {processor.py:829} INFO - Processing file /home/airflow/.local/lib/python3.8/site-packages/airflow/example_dags/example_subdag_operator.py for tasks to queue
[2025-12-11T00:42:06.314+0000] {logging_mixin.py:154} INFO - [2025-12-11T00:42:06.314+0000] {dagbag.py:536} INFO - Filling up the DagBag from /home/airflow/.local/lib/python3.8/site-packages/airflow/example_dags/example_subdag_operator.py
[2025-12-11T00:42:06.331+0000] {processor.py:839} INFO - DAG(s) dict_keys(['example_subdag_operator.section-1', 'example_subdag_operator.section-2', 'example_subdag_operator']) retrieved from /home/airflow/.local/lib/python3.8/site-packages/airflow/example_dags/example_subdag_operator.py
[2025-12-11T00:42:06.339+0000] {logging_mixin.py:154} INFO - [2025-12-11T00:42:06.339+0000] {dag.py:2941} INFO - Sync 3 DAGs
[2025-12-11T00:42:06.352+0000] {logging_mixin.py:154} INFO - [2025-12-11T00:42:06.352+0000] {dag.py:3722} INFO - Setting next_dagrun for example_subdag_operator to 2022-01-01T00:00:00+00:00, run_after=2022-01-01T00:00:00+00:00
[2025-12-11T00:42:06.354+0000] {logging_mixin.py:154} INFO - [2025-12-11T00:42:06.354+0000] {dag.py:3722} INFO - Setting next_dagrun for example_subdag_operator.section-1 to None, run_after=None
[2025-12-11T00:42:06.355+0000] {logging_mixin.py:154} INFO - [2025-12-11T00:42:06.354+0000] {dag.py:3722} INFO - Setting next_dagrun for example_subdag_operator.section-2 to None, run_after=None
[2025-12-11T00:42:06.358+0000] {logging_mixin.py:154} INFO - [2025-12-11T00:42:06.358+0000] {dag.py:2941} INFO - Sync 2 DAGs
[2025-12-11T00:42:06.361+0000] {logging_mixin.py:154} INFO - [2025-12-11T00:42:06.360+0000] {dag.py:3722} INFO - Setting next_dagrun for example_subdag_operator.section-1 to None, run_after=None
[2025-12-11T00:42:06.361+0000] {logging_mixin.py:154} INFO - [2025-12-11T00:42:06.361+0000] {dag.py:3722} INFO - Setting next_dagrun for example_subdag_operator.section-2 to None, run_after=None
[2025-12-11T00:42:06.376+0000] {processor.py:179} INFO - Processing /home/airflow/.local/lib/python3.8/site-packages/airflow/example_dags/example_subdag_operator.py took 0.067 seconds
[2025-12-11T00:42:37.098+0000] {processor.py:157} INFO - Started process (PID=657) to work on /home/airflow/.local/lib/python3.8/site-packages/airflow/example_dags/example_subdag_operator.py
[2025-12-11T00:42:37.099+0000] {processor.py:829} INFO - Processing file /home/airflow/.local/lib/python3.8/site-packages/airflow/example_dags/example_subdag_operator.py for tasks to queue
[2025-12-11T00:42:37.100+0000] {logging_mixin.py:154} INFO - [2025-12-11T00:42:37.099+0000] {dagbag.py:536} INFO - Filling up the DagBag from /home/airflow/.local/lib/python3.8/site-packages/airflow/example_dags/example_subdag_operator.py
[2025-12-11T00:42:37.115+0000] {processor.py:839} INFO - DAG(s) dict_keys(['example_subdag_operator.section-1', 'example_subdag_operator.section-2', 'example_subdag_operator']) retrieved from /home/airflow/.local/lib/python3.8/site-packages/airflow/example_dags/example_subdag_operator.py
[2025-12-11T00:42:37.123+0000] {logging_mixin.py:154} INFO - [2025-12-11T00:42:37.123+0000] {dag.py:2941} INFO - Sync 3 DAGs
[2025-12-11T00:42:37.135+0000] {logging_mixin.py:154} INFO - [2025-12-11T00:42:37.135+0000] {dag.py:3722} INFO - Setting next_dagrun for example_subdag_operator to 2022-01-01T00:00:00+00:00, run_after=2022-01-01T00:00:00+00:00
[2025-12-11T00:42:37.138+0000] {logging_mixin.py:154} INFO - [2025-12-11T00:42:37.138+0000] {dag.py:3722} INFO - Setting next_dagrun for example_subdag_operator.section-1 to None, run_after=None
[2025-12-11T00:42:37.139+0000] {logging_mixin.py:154} INFO - [2025-12-11T00:42:37.139+0000] {dag.py:3722} INFO - Setting next_dagrun for example_subdag_operator.section-2 to None, run_after=None
[2025-12-11T00:42:37.142+0000] {logging_mixin.py:154} INFO - [2025-12-11T00:42:37.142+0000] {dag.py:2941} INFO - Sync 2 DAGs
[2025-12-11T00:42:37.145+0000] {logging_mixin.py:154} INFO - [2025-12-11T00:42:37.145+0000] {dag.py:3722} INFO - Setting next_dagrun for example_subdag_operator.section-1 to None, run_after=None
[2025-12-11T00:42:37.145+0000] {logging_mixin.py:154} INFO - [2025-12-11T00:42:37.145+0000] {dag.py:3722} INFO - Setting next_dagrun for example_subdag_operator.section-2 to None, run_after=None
[2025-12-11T00:42:37.152+0000] {processor.py:179} INFO - Processing /home/airflow/.local/lib/python3.8/site-packages/airflow/example_dags/example_subdag_operator.py took 0.056 seconds
[2025-12-11T00:43:08.005+0000] {processor.py:157} INFO - Started process (PID=712) to work on /home/airflow/.local/lib/python3.8/site-packages/airflow/example_dags/example_subdag_operator.py
[2025-12-11T00:43:08.006+0000] {processor.py:829} INFO - Processing file /home/airflow/.local/lib/python3.8/site-packages/airflow/example_dags/example_subdag_operator.py for tasks to queue
[2025-12-11T00:43:08.007+0000] {logging_mixin.py:154} INFO - [2025-12-11T00:43:08.007+0000] {dagbag.py:536} INFO - Filling up the DagBag from /home/airflow/.local/lib/python3.8/site-packages/airflow/example_dags/example_subdag_operator.py
[2025-12-11T00:43:08.024+0000] {processor.py:839} INFO - DAG(s) dict_keys(['example_subdag_operator.section-1', 'example_subdag_operator.section-2', 'example_subdag_operator']) retrieved from /home/airflow/.local/lib/python3.8/site-packages/airflow/example_dags/example_subdag_operator.py
[2025-12-11T00:43:08.033+0000] {logging_mixin.py:154} INFO - [2025-12-11T00:43:08.033+0000] {dag.py:2941} INFO - Sync 3 DAGs
[2025-12-11T00:43:08.047+0000] {logging_mixin.py:154} INFO - [2025-12-11T00:43:08.047+0000] {dag.py:3722} INFO - Setting next_dagrun for example_subdag_operator to 2022-01-01T00:00:00+00:00, run_after=2022-01-01T00:00:00+00:00
[2025-12-11T00:43:08.049+0000] {logging_mixin.py:154} INFO - [2025-12-11T00:43:08.049+0000] {dag.py:3722} INFO - Setting next_dagrun for example_subdag_operator.section-1 to None, run_after=None
[2025-12-11T00:43:08.049+0000] {logging_mixin.py:154} INFO - [2025-12-11T00:43:08.049+0000] {dag.py:3722} INFO - Setting next_dagrun for example_subdag_operator.section-2 to None, run_after=None
[2025-12-11T00:43:08.053+0000] {logging_mixin.py:154} INFO - [2025-12-11T00:43:08.053+0000] {dag.py:2941} INFO - Sync 2 DAGs
[2025-12-11T00:43:08.056+0000] {logging_mixin.py:154} INFO - [2025-12-11T00:43:08.056+0000] {dag.py:3722} INFO - Setting next_dagrun for example_subdag_operator.section-1 to None, run_after=None
[2025-12-11T00:43:08.057+0000] {logging_mixin.py:154} INFO - [2025-12-11T00:43:08.057+0000] {dag.py:3722} INFO - Setting next_dagrun for example_subdag_operator.section-2 to None, run_after=None
[2025-12-11T00:43:08.063+0000] {processor.py:179} INFO - Processing /home/airflow/.local/lib/python3.8/site-packages/airflow/example_dags/example_subdag_operator.py took 0.061 seconds
[2025-12-11T00:43:38.949+0000] {processor.py:157} INFO - Started process (PID=767) to work on /home/airflow/.local/lib/python3.8/site-packages/airflow/example_dags/example_subdag_operator.py
[2025-12-11T00:43:38.950+0000] {processor.py:829} INFO - Processing file /home/airflow/.local/lib/python3.8/site-packages/airflow/example_dags/example_subdag_operator.py for tasks to queue
[2025-12-11T00:43:38.951+0000] {logging_mixin.py:154} INFO - [2025-12-11T00:43:38.950+0000] {dagbag.py:536} INFO - Filling up the DagBag from /home/airflow/.local/lib/python3.8/site-packages/airflow/example_dags/example_subdag_operator.py
[2025-12-11T00:43:38.965+0000] {processor.py:839} INFO - DAG(s) dict_keys(['example_subdag_operator.section-1', 'example_subdag_operator.section-2', 'example_subdag_operator']) retrieved from /home/airflow/.local/lib/python3.8/site-packages/airflow/example_dags/example_subdag_operator.py
[2025-12-11T00:43:38.974+0000] {logging_mixin.py:154} INFO - [2025-12-11T00:43:38.973+0000] {dag.py:2941} INFO - Sync 3 DAGs
[2025-12-11T00:43:38.986+0000] {logging_mixin.py:154} INFO - [2025-12-11T00:43:38.985+0000] {dag.py:3722} INFO - Setting next_dagrun for example_subdag_operator to 2022-01-01T00:00:00+00:00, run_after=2022-01-01T00:00:00+00:00
[2025-12-11T00:43:38.988+0000] {logging_mixin.py:154} INFO - [2025-12-11T00:43:38.988+0000] {dag.py:3722} INFO - Setting next_dagrun for example_subdag_operator.section-1 to None, run_after=None
[2025-12-11T00:43:38.988+0000] {logging_mixin.py:154} INFO - [2025-12-11T00:43:38.988+0000] {dag.py:3722} INFO - Setting next_dagrun for example_subdag_operator.section-2 to None, run_after=None
[2025-12-11T00:43:38.993+0000] {logging_mixin.py:154} INFO - [2025-12-11T00:43:38.992+0000] {dag.py:2941} INFO - Sync 2 DAGs
[2025-12-11T00:43:38.996+0000] {logging_mixin.py:154} INFO - [2025-12-11T00:43:38.996+0000] {dag.py:3722} INFO - Setting next_dagrun for example_subdag_operator.section-1 to None, run_after=None
[2025-12-11T00:43:38.996+0000] {logging_mixin.py:154} INFO - [2025-12-11T00:43:38.996+0000] {dag.py:3722} INFO - Setting next_dagrun for example_subdag_operator.section-2 to None, run_after=None
[2025-12-11T00:43:39.004+0000] {processor.py:179} INFO - Processing /home/airflow/.local/lib/python3.8/site-packages/airflow/example_dags/example_subdag_operator.py took 0.057 seconds
[2025-12-11T00:44:09.687+0000] {processor.py:157} INFO - Started process (PID=823) to work on /home/airflow/.local/lib/python3.8/site-packages/airflow/example_dags/example_subdag_operator.py
[2025-12-11T00:44:09.687+0000] {processor.py:829} INFO - Processing file /home/airflow/.local/lib/python3.8/site-packages/airflow/example_dags/example_subdag_operator.py for tasks to queue
[2025-12-11T00:44:09.688+0000] {logging_mixin.py:154} INFO - [2025-12-11T00:44:09.688+0000] {dagbag.py:536} INFO - Filling up the DagBag from /home/airflow/.local/lib/python3.8/site-packages/airflow/example_dags/example_subdag_operator.py
[2025-12-11T00:44:09.702+0000] {processor.py:839} INFO - DAG(s) dict_keys(['example_subdag_operator.section-1', 'example_subdag_operator.section-2', 'example_subdag_operator']) retrieved from /home/airflow/.local/lib/python3.8/site-packages/airflow/example_dags/example_subdag_operator.py
[2025-12-11T00:44:09.711+0000] {logging_mixin.py:154} INFO - [2025-12-11T00:44:09.711+0000] {dag.py:2941} INFO - Sync 3 DAGs
[2025-12-11T00:44:09.724+0000] {logging_mixin.py:154} INFO - [2025-12-11T00:44:09.724+0000] {dag.py:3722} INFO - Setting next_dagrun for example_subdag_operator to 2022-01-01T00:00:00+00:00, run_after=2022-01-01T00:00:00+00:00
[2025-12-11T00:44:09.726+0000] {logging_mixin.py:154} INFO - [2025-12-11T00:44:09.726+0000] {dag.py:3722} INFO - Setting next_dagrun for example_subdag_operator.section-1 to None, run_after=None
[2025-12-11T00:44:09.727+0000] {logging_mixin.py:154} INFO - [2025-12-11T00:44:09.727+0000] {dag.py:3722} INFO - Setting next_dagrun for example_subdag_operator.section-2 to None, run_after=None
[2025-12-11T00:44:09.732+0000] {logging_mixin.py:154} INFO - [2025-12-11T00:44:09.732+0000] {dag.py:2941} INFO - Sync 2 DAGs
[2025-12-11T00:44:09.735+0000] {logging_mixin.py:154} INFO - [2025-12-11T00:44:09.735+0000] {dag.py:3722} INFO - Setting next_dagrun for example_subdag_operator.section-1 to None, run_after=None
[2025-12-11T00:44:09.736+0000] {logging_mixin.py:154} INFO - [2025-12-11T00:44:09.735+0000] {dag.py:3722} INFO - Setting next_dagrun for example_subdag_operator.section-2 to None, run_after=None
[2025-12-11T00:44:09.742+0000] {processor.py:179} INFO - Processing /home/airflow/.local/lib/python3.8/site-packages/airflow/example_dags/example_subdag_operator.py took 0.058 seconds
[2025-12-11T00:44:40.157+0000] {processor.py:157} INFO - Started process (PID=878) to work on /home/airflow/.local/lib/python3.8/site-packages/airflow/example_dags/example_subdag_operator.py
[2025-12-11T00:44:40.158+0000] {processor.py:829} INFO - Processing file /home/airflow/.local/lib/python3.8/site-packages/airflow/example_dags/example_subdag_operator.py for tasks to queue
[2025-12-11T00:44:40.159+0000] {logging_mixin.py:154} INFO - [2025-12-11T00:44:40.159+0000] {dagbag.py:536} INFO - Filling up the DagBag from /home/airflow/.local/lib/python3.8/site-packages/airflow/example_dags/example_subdag_operator.py
[2025-12-11T00:44:40.175+0000] {processor.py:839} INFO - DAG(s) dict_keys(['example_subdag_operator.section-1', 'example_subdag_operator.section-2', 'example_subdag_operator']) retrieved from /home/airflow/.local/lib/python3.8/site-packages/airflow/example_dags/example_subdag_operator.py
[2025-12-11T00:44:40.183+0000] {logging_mixin.py:154} INFO - [2025-12-11T00:44:40.183+0000] {dag.py:2941} INFO - Sync 3 DAGs
[2025-12-11T00:44:40.196+0000] {logging_mixin.py:154} INFO - [2025-12-11T00:44:40.196+0000] {dag.py:3722} INFO - Setting next_dagrun for example_subdag_operator to 2022-01-01T00:00:00+00:00, run_after=2022-01-01T00:00:00+00:00
[2025-12-11T00:44:40.198+0000] {logging_mixin.py:154} INFO - [2025-12-11T00:44:40.198+0000] {dag.py:3722} INFO - Setting next_dagrun for example_subdag_operator.section-1 to None, run_after=None
[2025-12-11T00:44:40.198+0000] {logging_mixin.py:154} INFO - [2025-12-11T00:44:40.198+0000] {dag.py:3722} INFO - Setting next_dagrun for example_subdag_operator.section-2 to None, run_after=None
[2025-12-11T00:44:40.202+0000] {logging_mixin.py:154} INFO - [2025-12-11T00:44:40.202+0000] {dag.py:2941} INFO - Sync 2 DAGs
[2025-12-11T00:44:40.205+0000] {logging_mixin.py:154} INFO - [2025-12-11T00:44:40.205+0000] {dag.py:3722} INFO - Setting next_dagrun for example_subdag_operator.section-1 to None, run_after=None
[2025-12-11T00:44:40.205+0000] {logging_mixin.py:154} INFO - [2025-12-11T00:44:40.205+0000] {dag.py:3722} INFO - Setting next_dagrun for example_subdag_operator.section-2 to None, run_after=None
[2025-12-11T00:44:40.212+0000] {processor.py:179} INFO - Processing /home/airflow/.local/lib/python3.8/site-packages/airflow/example_dags/example_subdag_operator.py took 0.056 seconds
[2025-12-11T00:45:10.583+0000] {processor.py:157} INFO - Started process (PID=933) to work on /home/airflow/.local/lib/python3.8/site-packages/airflow/example_dags/example_subdag_operator.py
[2025-12-11T00:45:10.583+0000] {processor.py:829} INFO - Processing file /home/airflow/.local/lib/python3.8/site-packages/airflow/example_dags/example_subdag_operator.py for tasks to queue
[2025-12-11T00:45:10.584+0000] {logging_mixin.py:154} INFO - [2025-12-11T00:45:10.584+0000] {dagbag.py:536} INFO - Filling up the DagBag from /home/airflow/.local/lib/python3.8/site-packages/airflow/example_dags/example_subdag_operator.py
[2025-12-11T00:45:10.600+0000] {processor.py:839} INFO - DAG(s) dict_keys(['example_subdag_operator.section-1', 'example_subdag_operator.section-2', 'example_subdag_operator']) retrieved from /home/airflow/.local/lib/python3.8/site-packages/airflow/example_dags/example_subdag_operator.py
[2025-12-11T00:45:10.609+0000] {logging_mixin.py:154} INFO - [2025-12-11T00:45:10.609+0000] {dag.py:2941} INFO - Sync 3 DAGs
[2025-12-11T00:45:10.625+0000] {logging_mixin.py:154} INFO - [2025-12-11T00:45:10.624+0000] {dag.py:3722} INFO - Setting next_dagrun for example_subdag_operator to 2022-01-01T00:00:00+00:00, run_after=2022-01-01T00:00:00+00:00
[2025-12-11T00:45:10.627+0000] {logging_mixin.py:154} INFO - [2025-12-11T00:45:10.627+0000] {dag.py:3722} INFO - Setting next_dagrun for example_subdag_operator.section-1 to None, run_after=None
[2025-12-11T00:45:10.628+0000] {logging_mixin.py:154} INFO - [2025-12-11T00:45:10.628+0000] {dag.py:3722} INFO - Setting next_dagrun for example_subdag_operator.section-2 to None, run_after=None
[2025-12-11T00:45:10.631+0000] {logging_mixin.py:154} INFO - [2025-12-11T00:45:10.631+0000] {dag.py:2941} INFO - Sync 2 DAGs
[2025-12-11T00:45:10.634+0000] {logging_mixin.py:154} INFO - [2025-12-11T00:45:10.634+0000] {dag.py:3722} INFO - Setting next_dagrun for example_subdag_operator.section-1 to None, run_after=None
[2025-12-11T00:45:10.635+0000] {logging_mixin.py:154} INFO - [2025-12-11T00:45:10.635+0000] {dag.py:3722} INFO - Setting next_dagrun for example_subdag_operator.section-2 to None, run_after=None
[2025-12-11T00:45:10.640+0000] {processor.py:179} INFO - Processing /home/airflow/.local/lib/python3.8/site-packages/airflow/example_dags/example_subdag_operator.py took 0.060 seconds
[2025-12-11T00:45:41.100+0000] {processor.py:157} INFO - Started process (PID=988) to work on /home/airflow/.local/lib/python3.8/site-packages/airflow/example_dags/example_subdag_operator.py
[2025-12-11T00:45:41.102+0000] {processor.py:829} INFO - Processing file /home/airflow/.local/lib/python3.8/site-packages/airflow/example_dags/example_subdag_operator.py for tasks to queue
[2025-12-11T00:45:41.103+0000] {logging_mixin.py:154} INFO - [2025-12-11T00:45:41.103+0000] {dagbag.py:536} INFO - Filling up the DagBag from /home/airflow/.local/lib/python3.8/site-packages/airflow/example_dags/example_subdag_operator.py
[2025-12-11T00:45:41.122+0000] {processor.py:839} INFO - DAG(s) dict_keys(['example_subdag_operator.section-1', 'example_subdag_operator.section-2', 'example_subdag_operator']) retrieved from /home/airflow/.local/lib/python3.8/site-packages/airflow/example_dags/example_subdag_operator.py
[2025-12-11T00:45:41.130+0000] {logging_mixin.py:154} INFO - [2025-12-11T00:45:41.130+0000] {dag.py:2941} INFO - Sync 3 DAGs
[2025-12-11T00:45:41.142+0000] {logging_mixin.py:154} INFO - [2025-12-11T00:45:41.142+0000] {dag.py:3722} INFO - Setting next_dagrun for example_subdag_operator to 2022-01-01T00:00:00+00:00, run_after=2022-01-01T00:00:00+00:00
[2025-12-11T00:45:41.144+0000] {logging_mixin.py:154} INFO - [2025-12-11T00:45:41.144+0000] {dag.py:3722} INFO - Setting next_dagrun for example_subdag_operator.section-1 to None, run_after=None
[2025-12-11T00:45:41.144+0000] {logging_mixin.py:154} INFO - [2025-12-11T00:45:41.144+0000] {dag.py:3722} INFO - Setting next_dagrun for example_subdag_operator.section-2 to None, run_after=None
[2025-12-11T00:45:41.148+0000] {logging_mixin.py:154} INFO - [2025-12-11T00:45:41.148+0000] {dag.py:2941} INFO - Sync 2 DAGs
[2025-12-11T00:45:41.152+0000] {logging_mixin.py:154} INFO - [2025-12-11T00:45:41.152+0000] {dag.py:3722} INFO - Setting next_dagrun for example_subdag_operator.section-1 to None, run_after=None
[2025-12-11T00:45:41.152+0000] {logging_mixin.py:154} INFO - [2025-12-11T00:45:41.152+0000] {dag.py:3722} INFO - Setting next_dagrun for example_subdag_operator.section-2 to None, run_after=None
[2025-12-11T00:45:41.158+0000] {processor.py:179} INFO - Processing /home/airflow/.local/lib/python3.8/site-packages/airflow/example_dags/example_subdag_operator.py took 0.060 seconds
[2025-12-11T00:46:11.554+0000] {processor.py:157} INFO - Started process (PID=1043) to work on /home/airflow/.local/lib/python3.8/site-packages/airflow/example_dags/example_subdag_operator.py
[2025-12-11T00:46:11.554+0000] {processor.py:829} INFO - Processing file /home/airflow/.local/lib/python3.8/site-packages/airflow/example_dags/example_subdag_operator.py for tasks to queue
[2025-12-11T00:46:11.556+0000] {logging_mixin.py:154} INFO - [2025-12-11T00:46:11.555+0000] {dagbag.py:536} INFO - Filling up the DagBag from /home/airflow/.local/lib/python3.8/site-packages/airflow/example_dags/example_subdag_operator.py
[2025-12-11T00:46:11.571+0000] {processor.py:839} INFO - DAG(s) dict_keys(['example_subdag_operator.section-1', 'example_subdag_operator.section-2', 'example_subdag_operator']) retrieved from /home/airflow/.local/lib/python3.8/site-packages/airflow/example_dags/example_subdag_operator.py
[2025-12-11T00:46:11.579+0000] {logging_mixin.py:154} INFO - [2025-12-11T00:46:11.579+0000] {dag.py:2941} INFO - Sync 3 DAGs
[2025-12-11T00:46:11.592+0000] {logging_mixin.py:154} INFO - [2025-12-11T00:46:11.592+0000] {dag.py:3722} INFO - Setting next_dagrun for example_subdag_operator to 2022-01-01T00:00:00+00:00, run_after=2022-01-01T00:00:00+00:00
[2025-12-11T00:46:11.594+0000] {logging_mixin.py:154} INFO - [2025-12-11T00:46:11.594+0000] {dag.py:3722} INFO - Setting next_dagrun for example_subdag_operator.section-1 to None, run_after=None
[2025-12-11T00:46:11.594+0000] {logging_mixin.py:154} INFO - [2025-12-11T00:46:11.594+0000] {dag.py:3722} INFO - Setting next_dagrun for example_subdag_operator.section-2 to None, run_after=None
[2025-12-11T00:46:11.598+0000] {logging_mixin.py:154} INFO - [2025-12-11T00:46:11.598+0000] {dag.py:2941} INFO - Sync 2 DAGs
[2025-12-11T00:46:11.602+0000] {logging_mixin.py:154} INFO - [2025-12-11T00:46:11.601+0000] {dag.py:3722} INFO - Setting next_dagrun for example_subdag_operator.section-1 to None, run_after=None
[2025-12-11T00:46:11.602+0000] {logging_mixin.py:154} INFO - [2025-12-11T00:46:11.602+0000] {dag.py:3722} INFO - Setting next_dagrun for example_subdag_operator.section-2 to None, run_after=None
[2025-12-11T00:46:11.609+0000] {processor.py:179} INFO - Processing /home/airflow/.local/lib/python3.8/site-packages/airflow/example_dags/example_subdag_operator.py took 0.057 seconds
[2025-12-11T00:46:42.163+0000] {processor.py:157} INFO - Started process (PID=1098) to work on /home/airflow/.local/lib/python3.8/site-packages/airflow/example_dags/example_subdag_operator.py
[2025-12-11T00:46:42.164+0000] {processor.py:829} INFO - Processing file /home/airflow/.local/lib/python3.8/site-packages/airflow/example_dags/example_subdag_operator.py for tasks to queue
[2025-12-11T00:46:42.165+0000] {logging_mixin.py:154} INFO - [2025-12-11T00:46:42.164+0000] {dagbag.py:536} INFO - Filling up the DagBag from /home/airflow/.local/lib/python3.8/site-packages/airflow/example_dags/example_subdag_operator.py
[2025-12-11T00:46:42.187+0000] {processor.py:839} INFO - DAG(s) dict_keys(['example_subdag_operator.section-1', 'example_subdag_operator.section-2', 'example_subdag_operator']) retrieved from /home/airflow/.local/lib/python3.8/site-packages/airflow/example_dags/example_subdag_operator.py
[2025-12-11T00:46:42.197+0000] {logging_mixin.py:154} INFO - [2025-12-11T00:46:42.197+0000] {dag.py:2941} INFO - Sync 3 DAGs
[2025-12-11T00:46:42.210+0000] {logging_mixin.py:154} INFO - [2025-12-11T00:46:42.209+0000] {dag.py:3722} INFO - Setting next_dagrun for example_subdag_operator to 2022-01-01T00:00:00+00:00, run_after=2022-01-01T00:00:00+00:00
[2025-12-11T00:46:42.211+0000] {logging_mixin.py:154} INFO - [2025-12-11T00:46:42.211+0000] {dag.py:3722} INFO - Setting next_dagrun for example_subdag_operator.section-1 to None, run_after=None
[2025-12-11T00:46:42.212+0000] {logging_mixin.py:154} INFO - [2025-12-11T00:46:42.212+0000] {dag.py:3722} INFO - Setting next_dagrun for example_subdag_operator.section-2 to None, run_after=None
[2025-12-11T00:46:42.216+0000] {logging_mixin.py:154} INFO - [2025-12-11T00:46:42.216+0000] {dag.py:2941} INFO - Sync 2 DAGs
[2025-12-11T00:46:42.219+0000] {logging_mixin.py:154} INFO - [2025-12-11T00:46:42.219+0000] {dag.py:3722} INFO - Setting next_dagrun for example_subdag_operator.section-1 to None, run_after=None
[2025-12-11T00:46:42.219+0000] {logging_mixin.py:154} INFO - [2025-12-11T00:46:42.219+0000] {dag.py:3722} INFO - Setting next_dagrun for example_subdag_operator.section-2 to None, run_after=None
[2025-12-11T00:46:42.228+0000] {processor.py:179} INFO - Processing /home/airflow/.local/lib/python3.8/site-packages/airflow/example_dags/example_subdag_operator.py took 0.067 seconds
[2025-12-11T00:47:12.740+0000] {processor.py:157} INFO - Started process (PID=1153) to work on /home/airflow/.local/lib/python3.8/site-packages/airflow/example_dags/example_subdag_operator.py
[2025-12-11T00:47:12.741+0000] {processor.py:829} INFO - Processing file /home/airflow/.local/lib/python3.8/site-packages/airflow/example_dags/example_subdag_operator.py for tasks to queue
[2025-12-11T00:47:12.742+0000] {logging_mixin.py:154} INFO - [2025-12-11T00:47:12.741+0000] {dagbag.py:536} INFO - Filling up the DagBag from /home/airflow/.local/lib/python3.8/site-packages/airflow/example_dags/example_subdag_operator.py
[2025-12-11T00:47:12.759+0000] {processor.py:839} INFO - DAG(s) dict_keys(['example_subdag_operator.section-1', 'example_subdag_operator.section-2', 'example_subdag_operator']) retrieved from /home/airflow/.local/lib/python3.8/site-packages/airflow/example_dags/example_subdag_operator.py
[2025-12-11T00:47:12.767+0000] {logging_mixin.py:154} INFO - [2025-12-11T00:47:12.767+0000] {dag.py:2941} INFO - Sync 3 DAGs
[2025-12-11T00:47:12.779+0000] {logging_mixin.py:154} INFO - [2025-12-11T00:47:12.779+0000] {dag.py:3722} INFO - Setting next_dagrun for example_subdag_operator to 2022-01-01T00:00:00+00:00, run_after=2022-01-01T00:00:00+00:00
[2025-12-11T00:47:12.781+0000] {logging_mixin.py:154} INFO - [2025-12-11T00:47:12.781+0000] {dag.py:3722} INFO - Setting next_dagrun for example_subdag_operator.section-1 to None, run_after=None
[2025-12-11T00:47:12.782+0000] {logging_mixin.py:154} INFO - [2025-12-11T00:47:12.782+0000] {dag.py:3722} INFO - Setting next_dagrun for example_subdag_operator.section-2 to None, run_after=None
[2025-12-11T00:47:12.788+0000] {logging_mixin.py:154} INFO - [2025-12-11T00:47:12.788+0000] {dag.py:2941} INFO - Sync 2 DAGs
[2025-12-11T00:47:12.792+0000] {logging_mixin.py:154} INFO - [2025-12-11T00:47:12.792+0000] {dag.py:3722} INFO - Setting next_dagrun for example_subdag_operator.section-1 to None, run_after=None
[2025-12-11T00:47:12.792+0000] {logging_mixin.py:154} INFO - [2025-12-11T00:47:12.792+0000] {dag.py:3722} INFO - Setting next_dagrun for example_subdag_operator.section-2 to None, run_after=None
[2025-12-11T00:47:12.799+0000] {processor.py:179} INFO - Processing /home/airflow/.local/lib/python3.8/site-packages/airflow/example_dags/example_subdag_operator.py took 0.061 seconds
[2025-12-11T00:47:43.382+0000] {processor.py:157} INFO - Started process (PID=1208) to work on /home/airflow/.local/lib/python3.8/site-packages/airflow/example_dags/example_subdag_operator.py
[2025-12-11T00:47:43.383+0000] {processor.py:829} INFO - Processing file /home/airflow/.local/lib/python3.8/site-packages/airflow/example_dags/example_subdag_operator.py for tasks to queue
[2025-12-11T00:47:43.384+0000] {logging_mixin.py:154} INFO - [2025-12-11T00:47:43.384+0000] {dagbag.py:536} INFO - Filling up the DagBag from /home/airflow/.local/lib/python3.8/site-packages/airflow/example_dags/example_subdag_operator.py
[2025-12-11T00:47:43.404+0000] {processor.py:839} INFO - DAG(s) dict_keys(['example_subdag_operator.section-1', 'example_subdag_operator.section-2', 'example_subdag_operator']) retrieved from /home/airflow/.local/lib/python3.8/site-packages/airflow/example_dags/example_subdag_operator.py
[2025-12-11T00:47:43.415+0000] {logging_mixin.py:154} INFO - [2025-12-11T00:47:43.415+0000] {dag.py:2941} INFO - Sync 3 DAGs
[2025-12-11T00:47:43.428+0000] {logging_mixin.py:154} INFO - [2025-12-11T00:47:43.428+0000] {dag.py:3722} INFO - Setting next_dagrun for example_subdag_operator to 2022-01-01T00:00:00+00:00, run_after=2022-01-01T00:00:00+00:00
[2025-12-11T00:47:43.430+0000] {logging_mixin.py:154} INFO - [2025-12-11T00:47:43.430+0000] {dag.py:3722} INFO - Setting next_dagrun for example_subdag_operator.section-1 to None, run_after=None
[2025-12-11T00:47:43.431+0000] {logging_mixin.py:154} INFO - [2025-12-11T00:47:43.430+0000] {dag.py:3722} INFO - Setting next_dagrun for example_subdag_operator.section-2 to None, run_after=None
[2025-12-11T00:47:43.434+0000] {logging_mixin.py:154} INFO - [2025-12-11T00:47:43.434+0000] {dag.py:2941} INFO - Sync 2 DAGs
[2025-12-11T00:47:43.437+0000] {logging_mixin.py:154} INFO - [2025-12-11T00:47:43.437+0000] {dag.py:3722} INFO - Setting next_dagrun for example_subdag_operator.section-1 to None, run_after=None
[2025-12-11T00:47:43.438+0000] {logging_mixin.py:154} INFO - [2025-12-11T00:47:43.437+0000] {dag.py:3722} INFO - Setting next_dagrun for example_subdag_operator.section-2 to None, run_after=None
[2025-12-11T00:47:43.444+0000] {processor.py:179} INFO - Processing /home/airflow/.local/lib/python3.8/site-packages/airflow/example_dags/example_subdag_operator.py took 0.064 seconds
[2025-12-11T00:48:13.591+0000] {processor.py:157} INFO - Started process (PID=1263) to work on /home/airflow/.local/lib/python3.8/site-packages/airflow/example_dags/example_subdag_operator.py
[2025-12-11T00:48:13.592+0000] {processor.py:829} INFO - Processing file /home/airflow/.local/lib/python3.8/site-packages/airflow/example_dags/example_subdag_operator.py for tasks to queue
[2025-12-11T00:48:13.593+0000] {logging_mixin.py:154} INFO - [2025-12-11T00:48:13.593+0000] {dagbag.py:536} INFO - Filling up the DagBag from /home/airflow/.local/lib/python3.8/site-packages/airflow/example_dags/example_subdag_operator.py
[2025-12-11T00:48:13.607+0000] {processor.py:839} INFO - DAG(s) dict_keys(['example_subdag_operator.section-1', 'example_subdag_operator.section-2', 'example_subdag_operator']) retrieved from /home/airflow/.local/lib/python3.8/site-packages/airflow/example_dags/example_subdag_operator.py
[2025-12-11T00:48:13.616+0000] {logging_mixin.py:154} INFO - [2025-12-11T00:48:13.616+0000] {dag.py:2941} INFO - Sync 3 DAGs
[2025-12-11T00:48:13.629+0000] {logging_mixin.py:154} INFO - [2025-12-11T00:48:13.628+0000] {dag.py:3722} INFO - Setting next_dagrun for example_subdag_operator to 2022-01-01T00:00:00+00:00, run_after=2022-01-01T00:00:00+00:00
[2025-12-11T00:48:13.631+0000] {logging_mixin.py:154} INFO - [2025-12-11T00:48:13.631+0000] {dag.py:3722} INFO - Setting next_dagrun for example_subdag_operator.section-1 to None, run_after=None
[2025-12-11T00:48:13.632+0000] {logging_mixin.py:154} INFO - [2025-12-11T00:48:13.632+0000] {dag.py:3722} INFO - Setting next_dagrun for example_subdag_operator.section-2 to None, run_after=None
[2025-12-11T00:48:13.636+0000] {logging_mixin.py:154} INFO - [2025-12-11T00:48:13.635+0000] {dag.py:2941} INFO - Sync 2 DAGs
[2025-12-11T00:48:13.639+0000] {logging_mixin.py:154} INFO - [2025-12-11T00:48:13.639+0000] {dag.py:3722} INFO - Setting next_dagrun for example_subdag_operator.section-1 to None, run_after=None
[2025-12-11T00:48:13.639+0000] {logging_mixin.py:154} INFO - [2025-12-11T00:48:13.639+0000] {dag.py:3722} INFO - Setting next_dagrun for example_subdag_operator.section-2 to None, run_after=None
[2025-12-11T00:48:13.645+0000] {processor.py:179} INFO - Processing /home/airflow/.local/lib/python3.8/site-packages/airflow/example_dags/example_subdag_operator.py took 0.056 seconds
[2025-12-11T00:48:44.493+0000] {processor.py:157} INFO - Started process (PID=1318) to work on /home/airflow/.local/lib/python3.8/site-packages/airflow/example_dags/example_subdag_operator.py
[2025-12-11T00:48:44.493+0000] {processor.py:829} INFO - Processing file /home/airflow/.local/lib/python3.8/site-packages/airflow/example_dags/example_subdag_operator.py for tasks to queue
[2025-12-11T00:48:44.494+0000] {logging_mixin.py:154} INFO - [2025-12-11T00:48:44.494+0000] {dagbag.py:536} INFO - Filling up the DagBag from /home/airflow/.local/lib/python3.8/site-packages/airflow/example_dags/example_subdag_operator.py
[2025-12-11T00:48:44.508+0000] {processor.py:839} INFO - DAG(s) dict_keys(['example_subdag_operator.section-1', 'example_subdag_operator.section-2', 'example_subdag_operator']) retrieved from /home/airflow/.local/lib/python3.8/site-packages/airflow/example_dags/example_subdag_operator.py
[2025-12-11T00:48:44.516+0000] {logging_mixin.py:154} INFO - [2025-12-11T00:48:44.516+0000] {dag.py:2941} INFO - Sync 3 DAGs
[2025-12-11T00:48:44.529+0000] {logging_mixin.py:154} INFO - [2025-12-11T00:48:44.529+0000] {dag.py:3722} INFO - Setting next_dagrun for example_subdag_operator to 2022-01-01T00:00:00+00:00, run_after=2022-01-01T00:00:00+00:00
[2025-12-11T00:48:44.531+0000] {logging_mixin.py:154} INFO - [2025-12-11T00:48:44.531+0000] {dag.py:3722} INFO - Setting next_dagrun for example_subdag_operator.section-1 to None, run_after=None
[2025-12-11T00:48:44.531+0000] {logging_mixin.py:154} INFO - [2025-12-11T00:48:44.531+0000] {dag.py:3722} INFO - Setting next_dagrun for example_subdag_operator.section-2 to None, run_after=None
[2025-12-11T00:48:44.535+0000] {logging_mixin.py:154} INFO - [2025-12-11T00:48:44.535+0000] {dag.py:2941} INFO - Sync 2 DAGs
[2025-12-11T00:48:44.539+0000] {logging_mixin.py:154} INFO - [2025-12-11T00:48:44.539+0000] {dag.py:3722} INFO - Setting next_dagrun for example_subdag_operator.section-1 to None, run_after=None
[2025-12-11T00:48:44.539+0000] {logging_mixin.py:154} INFO - [2025-12-11T00:48:44.539+0000] {dag.py:3722} INFO - Setting next_dagrun for example_subdag_operator.section-2 to None, run_after=None
[2025-12-11T00:48:44.546+0000] {processor.py:179} INFO - Processing /home/airflow/.local/lib/python3.8/site-packages/airflow/example_dags/example_subdag_operator.py took 0.055 seconds
[2025-12-11T00:49:15.213+0000] {processor.py:157} INFO - Started process (PID=1373) to work on /home/airflow/.local/lib/python3.8/site-packages/airflow/example_dags/example_subdag_operator.py
[2025-12-11T00:49:15.214+0000] {processor.py:829} INFO - Processing file /home/airflow/.local/lib/python3.8/site-packages/airflow/example_dags/example_subdag_operator.py for tasks to queue
[2025-12-11T00:49:15.216+0000] {logging_mixin.py:154} INFO - [2025-12-11T00:49:15.216+0000] {dagbag.py:536} INFO - Filling up the DagBag from /home/airflow/.local/lib/python3.8/site-packages/airflow/example_dags/example_subdag_operator.py
[2025-12-11T00:49:15.238+0000] {processor.py:839} INFO - DAG(s) dict_keys(['example_subdag_operator.section-1', 'example_subdag_operator.section-2', 'example_subdag_operator']) retrieved from /home/airflow/.local/lib/python3.8/site-packages/airflow/example_dags/example_subdag_operator.py
[2025-12-11T00:49:15.254+0000] {logging_mixin.py:154} INFO - [2025-12-11T00:49:15.254+0000] {dag.py:2941} INFO - Sync 3 DAGs
[2025-12-11T00:49:15.279+0000] {logging_mixin.py:154} INFO - [2025-12-11T00:49:15.278+0000] {dag.py:3722} INFO - Setting next_dagrun for example_subdag_operator to 2022-01-01T00:00:00+00:00, run_after=2022-01-01T00:00:00+00:00
[2025-12-11T00:49:15.283+0000] {logging_mixin.py:154} INFO - [2025-12-11T00:49:15.283+0000] {dag.py:3722} INFO - Setting next_dagrun for example_subdag_operator.section-1 to None, run_after=None
[2025-12-11T00:49:15.285+0000] {logging_mixin.py:154} INFO - [2025-12-11T00:49:15.285+0000] {dag.py:3722} INFO - Setting next_dagrun for example_subdag_operator.section-2 to None, run_after=None
[2025-12-11T00:49:15.293+0000] {logging_mixin.py:154} INFO - [2025-12-11T00:49:15.293+0000] {dag.py:2941} INFO - Sync 2 DAGs
[2025-12-11T00:49:15.300+0000] {logging_mixin.py:154} INFO - [2025-12-11T00:49:15.299+0000] {dag.py:3722} INFO - Setting next_dagrun for example_subdag_operator.section-1 to None, run_after=None
[2025-12-11T00:49:15.300+0000] {logging_mixin.py:154} INFO - [2025-12-11T00:49:15.300+0000] {dag.py:3722} INFO - Setting next_dagrun for example_subdag_operator.section-2 to None, run_after=None
[2025-12-11T00:49:15.313+0000] {processor.py:179} INFO - Processing /home/airflow/.local/lib/python3.8/site-packages/airflow/example_dags/example_subdag_operator.py took 0.103 seconds
[2025-12-11T00:49:45.375+0000] {processor.py:157} INFO - Started process (PID=1428) to work on /home/airflow/.local/lib/python3.8/site-packages/airflow/example_dags/example_subdag_operator.py
[2025-12-11T00:49:45.376+0000] {processor.py:829} INFO - Processing file /home/airflow/.local/lib/python3.8/site-packages/airflow/example_dags/example_subdag_operator.py for tasks to queue
[2025-12-11T00:49:45.377+0000] {logging_mixin.py:154} INFO - [2025-12-11T00:49:45.377+0000] {dagbag.py:536} INFO - Filling up the DagBag from /home/airflow/.local/lib/python3.8/site-packages/airflow/example_dags/example_subdag_operator.py
[2025-12-11T00:49:45.393+0000] {processor.py:839} INFO - DAG(s) dict_keys(['example_subdag_operator.section-1', 'example_subdag_operator.section-2', 'example_subdag_operator']) retrieved from /home/airflow/.local/lib/python3.8/site-packages/airflow/example_dags/example_subdag_operator.py
[2025-12-11T00:49:45.402+0000] {logging_mixin.py:154} INFO - [2025-12-11T00:49:45.401+0000] {dag.py:2941} INFO - Sync 3 DAGs
[2025-12-11T00:49:45.414+0000] {logging_mixin.py:154} INFO - [2025-12-11T00:49:45.414+0000] {dag.py:3722} INFO - Setting next_dagrun for example_subdag_operator to 2022-01-01T00:00:00+00:00, run_after=2022-01-01T00:00:00+00:00
[2025-12-11T00:49:45.416+0000] {logging_mixin.py:154} INFO - [2025-12-11T00:49:45.416+0000] {dag.py:3722} INFO - Setting next_dagrun for example_subdag_operator.section-1 to None, run_after=None
[2025-12-11T00:49:45.416+0000] {logging_mixin.py:154} INFO - [2025-12-11T00:49:45.416+0000] {dag.py:3722} INFO - Setting next_dagrun for example_subdag_operator.section-2 to None, run_after=None
[2025-12-11T00:49:45.420+0000] {logging_mixin.py:154} INFO - [2025-12-11T00:49:45.420+0000] {dag.py:2941} INFO - Sync 2 DAGs
[2025-12-11T00:49:45.423+0000] {logging_mixin.py:154} INFO - [2025-12-11T00:49:45.423+0000] {dag.py:3722} INFO - Setting next_dagrun for example_subdag_operator.section-1 to None, run_after=None
[2025-12-11T00:49:45.423+0000] {logging_mixin.py:154} INFO - [2025-12-11T00:49:45.423+0000] {dag.py:3722} INFO - Setting next_dagrun for example_subdag_operator.section-2 to None, run_after=None
[2025-12-11T00:49:45.429+0000] {processor.py:179} INFO - Processing /home/airflow/.local/lib/python3.8/site-packages/airflow/example_dags/example_subdag_operator.py took 0.056 seconds
[2025-12-11T00:50:15.589+0000] {processor.py:157} INFO - Started process (PID=1483) to work on /home/airflow/.local/lib/python3.8/site-packages/airflow/example_dags/example_subdag_operator.py
[2025-12-11T00:50:15.590+0000] {processor.py:829} INFO - Processing file /home/airflow/.local/lib/python3.8/site-packages/airflow/example_dags/example_subdag_operator.py for tasks to queue
[2025-12-11T00:50:15.592+0000] {logging_mixin.py:154} INFO - [2025-12-11T00:50:15.591+0000] {dagbag.py:536} INFO - Filling up the DagBag from /home/airflow/.local/lib/python3.8/site-packages/airflow/example_dags/example_subdag_operator.py
[2025-12-11T00:50:15.625+0000] {processor.py:839} INFO - DAG(s) dict_keys(['example_subdag_operator.section-1', 'example_subdag_operator.section-2', 'example_subdag_operator']) retrieved from /home/airflow/.local/lib/python3.8/site-packages/airflow/example_dags/example_subdag_operator.py
[2025-12-11T00:50:15.651+0000] {logging_mixin.py:154} INFO - [2025-12-11T00:50:15.651+0000] {dag.py:2941} INFO - Sync 3 DAGs
[2025-12-11T00:50:15.668+0000] {logging_mixin.py:154} INFO - [2025-12-11T00:50:15.667+0000] {dag.py:3722} INFO - Setting next_dagrun for example_subdag_operator to 2022-01-01T00:00:00+00:00, run_after=2022-01-01T00:00:00+00:00
[2025-12-11T00:50:15.671+0000] {logging_mixin.py:154} INFO - [2025-12-11T00:50:15.671+0000] {dag.py:3722} INFO - Setting next_dagrun for example_subdag_operator.section-1 to None, run_after=None
[2025-12-11T00:50:15.672+0000] {logging_mixin.py:154} INFO - [2025-12-11T00:50:15.672+0000] {dag.py:3722} INFO - Setting next_dagrun for example_subdag_operator.section-2 to None, run_after=None
[2025-12-11T00:50:15.679+0000] {logging_mixin.py:154} INFO - [2025-12-11T00:50:15.679+0000] {dag.py:2941} INFO - Sync 2 DAGs
[2025-12-11T00:50:15.687+0000] {logging_mixin.py:154} INFO - [2025-12-11T00:50:15.687+0000] {dag.py:3722} INFO - Setting next_dagrun for example_subdag_operator.section-1 to None, run_after=None
[2025-12-11T00:50:15.687+0000] {logging_mixin.py:154} INFO - [2025-12-11T00:50:15.687+0000] {dag.py:3722} INFO - Setting next_dagrun for example_subdag_operator.section-2 to None, run_after=None
[2025-12-11T00:50:15.700+0000] {processor.py:179} INFO - Processing /home/airflow/.local/lib/python3.8/site-packages/airflow/example_dags/example_subdag_operator.py took 0.114 seconds
[2025-12-11T00:50:45.914+0000] {processor.py:157} INFO - Started process (PID=1538) to work on /home/airflow/.local/lib/python3.8/site-packages/airflow/example_dags/example_subdag_operator.py
[2025-12-11T00:50:45.914+0000] {processor.py:829} INFO - Processing file /home/airflow/.local/lib/python3.8/site-packages/airflow/example_dags/example_subdag_operator.py for tasks to queue
[2025-12-11T00:50:45.916+0000] {logging_mixin.py:154} INFO - [2025-12-11T00:50:45.915+0000] {dagbag.py:536} INFO - Filling up the DagBag from /home/airflow/.local/lib/python3.8/site-packages/airflow/example_dags/example_subdag_operator.py
[2025-12-11T00:50:45.936+0000] {processor.py:839} INFO - DAG(s) dict_keys(['example_subdag_operator.section-1', 'example_subdag_operator.section-2', 'example_subdag_operator']) retrieved from /home/airflow/.local/lib/python3.8/site-packages/airflow/example_dags/example_subdag_operator.py
[2025-12-11T00:50:45.945+0000] {logging_mixin.py:154} INFO - [2025-12-11T00:50:45.945+0000] {dag.py:2941} INFO - Sync 3 DAGs
[2025-12-11T00:50:45.958+0000] {logging_mixin.py:154} INFO - [2025-12-11T00:50:45.958+0000] {dag.py:3722} INFO - Setting next_dagrun for example_subdag_operator to 2022-01-01T00:00:00+00:00, run_after=2022-01-01T00:00:00+00:00
[2025-12-11T00:50:45.960+0000] {logging_mixin.py:154} INFO - [2025-12-11T00:50:45.960+0000] {dag.py:3722} INFO - Setting next_dagrun for example_subdag_operator.section-1 to None, run_after=None
[2025-12-11T00:50:45.961+0000] {logging_mixin.py:154} INFO - [2025-12-11T00:50:45.961+0000] {dag.py:3722} INFO - Setting next_dagrun for example_subdag_operator.section-2 to None, run_after=None
[2025-12-11T00:50:45.965+0000] {logging_mixin.py:154} INFO - [2025-12-11T00:50:45.965+0000] {dag.py:2941} INFO - Sync 2 DAGs
[2025-12-11T00:50:45.968+0000] {logging_mixin.py:154} INFO - [2025-12-11T00:50:45.968+0000] {dag.py:3722} INFO - Setting next_dagrun for example_subdag_operator.section-1 to None, run_after=None
[2025-12-11T00:50:45.968+0000] {logging_mixin.py:154} INFO - [2025-12-11T00:50:45.968+0000] {dag.py:3722} INFO - Setting next_dagrun for example_subdag_operator.section-2 to None, run_after=None
[2025-12-11T00:50:45.975+0000] {processor.py:179} INFO - Processing /home/airflow/.local/lib/python3.8/site-packages/airflow/example_dags/example_subdag_operator.py took 0.064 seconds
[2025-12-11T00:51:16.592+0000] {processor.py:157} INFO - Started process (PID=1593) to work on /home/airflow/.local/lib/python3.8/site-packages/airflow/example_dags/example_subdag_operator.py
[2025-12-11T00:51:16.593+0000] {processor.py:829} INFO - Processing file /home/airflow/.local/lib/python3.8/site-packages/airflow/example_dags/example_subdag_operator.py for tasks to queue
[2025-12-11T00:51:16.594+0000] {logging_mixin.py:154} INFO - [2025-12-11T00:51:16.593+0000] {dagbag.py:536} INFO - Filling up the DagBag from /home/airflow/.local/lib/python3.8/site-packages/airflow/example_dags/example_subdag_operator.py
[2025-12-11T00:51:16.613+0000] {processor.py:839} INFO - DAG(s) dict_keys(['example_subdag_operator.section-1', 'example_subdag_operator.section-2', 'example_subdag_operator']) retrieved from /home/airflow/.local/lib/python3.8/site-packages/airflow/example_dags/example_subdag_operator.py
[2025-12-11T00:51:16.623+0000] {logging_mixin.py:154} INFO - [2025-12-11T00:51:16.623+0000] {dag.py:2941} INFO - Sync 3 DAGs
[2025-12-11T00:51:16.636+0000] {logging_mixin.py:154} INFO - [2025-12-11T00:51:16.636+0000] {dag.py:3722} INFO - Setting next_dagrun for example_subdag_operator to 2022-01-01T00:00:00+00:00, run_after=2022-01-01T00:00:00+00:00
[2025-12-11T00:51:16.638+0000] {logging_mixin.py:154} INFO - [2025-12-11T00:51:16.638+0000] {dag.py:3722} INFO - Setting next_dagrun for example_subdag_operator.section-1 to None, run_after=None
[2025-12-11T00:51:16.639+0000] {logging_mixin.py:154} INFO - [2025-12-11T00:51:16.639+0000] {dag.py:3722} INFO - Setting next_dagrun for example_subdag_operator.section-2 to None, run_after=None
[2025-12-11T00:51:16.643+0000] {logging_mixin.py:154} INFO - [2025-12-11T00:51:16.643+0000] {dag.py:2941} INFO - Sync 2 DAGs
[2025-12-11T00:51:16.647+0000] {logging_mixin.py:154} INFO - [2025-12-11T00:51:16.647+0000] {dag.py:3722} INFO - Setting next_dagrun for example_subdag_operator.section-1 to None, run_after=None
[2025-12-11T00:51:16.648+0000] {logging_mixin.py:154} INFO - [2025-12-11T00:51:16.647+0000] {dag.py:3722} INFO - Setting next_dagrun for example_subdag_operator.section-2 to None, run_after=None
[2025-12-11T00:51:16.655+0000] {processor.py:179} INFO - Processing /home/airflow/.local/lib/python3.8/site-packages/airflow/example_dags/example_subdag_operator.py took 0.065 seconds
[2025-12-11T00:51:46.712+0000] {processor.py:157} INFO - Started process (PID=1648) to work on /home/airflow/.local/lib/python3.8/site-packages/airflow/example_dags/example_subdag_operator.py
[2025-12-11T00:51:46.713+0000] {processor.py:829} INFO - Processing file /home/airflow/.local/lib/python3.8/site-packages/airflow/example_dags/example_subdag_operator.py for tasks to queue
[2025-12-11T00:51:46.714+0000] {logging_mixin.py:154} INFO - [2025-12-11T00:51:46.714+0000] {dagbag.py:536} INFO - Filling up the DagBag from /home/airflow/.local/lib/python3.8/site-packages/airflow/example_dags/example_subdag_operator.py
[2025-12-11T00:51:46.732+0000] {processor.py:839} INFO - DAG(s) dict_keys(['example_subdag_operator.section-1', 'example_subdag_operator.section-2', 'example_subdag_operator']) retrieved from /home/airflow/.local/lib/python3.8/site-packages/airflow/example_dags/example_subdag_operator.py
[2025-12-11T00:51:46.742+0000] {logging_mixin.py:154} INFO - [2025-12-11T00:51:46.742+0000] {dag.py:2941} INFO - Sync 3 DAGs
[2025-12-11T00:51:46.759+0000] {logging_mixin.py:154} INFO - [2025-12-11T00:51:46.758+0000] {dag.py:3722} INFO - Setting next_dagrun for example_subdag_operator to 2022-01-01T00:00:00+00:00, run_after=2022-01-01T00:00:00+00:00
[2025-12-11T00:51:46.762+0000] {logging_mixin.py:154} INFO - [2025-12-11T00:51:46.762+0000] {dag.py:3722} INFO - Setting next_dagrun for example_subdag_operator.section-1 to None, run_after=None
[2025-12-11T00:51:46.763+0000] {logging_mixin.py:154} INFO - [2025-12-11T00:51:46.763+0000] {dag.py:3722} INFO - Setting next_dagrun for example_subdag_operator.section-2 to None, run_after=None
[2025-12-11T00:51:46.767+0000] {logging_mixin.py:154} INFO - [2025-12-11T00:51:46.767+0000] {dag.py:2941} INFO - Sync 2 DAGs
[2025-12-11T00:51:46.770+0000] {logging_mixin.py:154} INFO - [2025-12-11T00:51:46.770+0000] {dag.py:3722} INFO - Setting next_dagrun for example_subdag_operator.section-1 to None, run_after=None
[2025-12-11T00:51:46.770+0000] {logging_mixin.py:154} INFO - [2025-12-11T00:51:46.770+0000] {dag.py:3722} INFO - Setting next_dagrun for example_subdag_operator.section-2 to None, run_after=None
[2025-12-11T00:51:46.778+0000] {processor.py:179} INFO - Processing /home/airflow/.local/lib/python3.8/site-packages/airflow/example_dags/example_subdag_operator.py took 0.068 seconds
[2025-12-11T00:52:16.977+0000] {processor.py:157} INFO - Started process (PID=1703) to work on /home/airflow/.local/lib/python3.8/site-packages/airflow/example_dags/example_subdag_operator.py
[2025-12-11T00:52:16.978+0000] {processor.py:829} INFO - Processing file /home/airflow/.local/lib/python3.8/site-packages/airflow/example_dags/example_subdag_operator.py for tasks to queue
[2025-12-11T00:52:16.979+0000] {logging_mixin.py:154} INFO - [2025-12-11T00:52:16.979+0000] {dagbag.py:536} INFO - Filling up the DagBag from /home/airflow/.local/lib/python3.8/site-packages/airflow/example_dags/example_subdag_operator.py
[2025-12-11T00:52:16.995+0000] {processor.py:839} INFO - DAG(s) dict_keys(['example_subdag_operator.section-1', 'example_subdag_operator.section-2', 'example_subdag_operator']) retrieved from /home/airflow/.local/lib/python3.8/site-packages/airflow/example_dags/example_subdag_operator.py
[2025-12-11T00:52:17.004+0000] {logging_mixin.py:154} INFO - [2025-12-11T00:52:17.004+0000] {dag.py:2941} INFO - Sync 3 DAGs
[2025-12-11T00:52:17.019+0000] {logging_mixin.py:154} INFO - [2025-12-11T00:52:17.019+0000] {dag.py:3722} INFO - Setting next_dagrun for example_subdag_operator to 2022-01-01T00:00:00+00:00, run_after=2022-01-01T00:00:00+00:00
[2025-12-11T00:52:17.021+0000] {logging_mixin.py:154} INFO - [2025-12-11T00:52:17.021+0000] {dag.py:3722} INFO - Setting next_dagrun for example_subdag_operator.section-1 to None, run_after=None
[2025-12-11T00:52:17.022+0000] {logging_mixin.py:154} INFO - [2025-12-11T00:52:17.022+0000] {dag.py:3722} INFO - Setting next_dagrun for example_subdag_operator.section-2 to None, run_after=None
[2025-12-11T00:52:17.026+0000] {logging_mixin.py:154} INFO - [2025-12-11T00:52:17.026+0000] {dag.py:2941} INFO - Sync 2 DAGs
[2025-12-11T00:52:17.029+0000] {logging_mixin.py:154} INFO - [2025-12-11T00:52:17.029+0000] {dag.py:3722} INFO - Setting next_dagrun for example_subdag_operator.section-1 to None, run_after=None
[2025-12-11T00:52:17.030+0000] {logging_mixin.py:154} INFO - [2025-12-11T00:52:17.030+0000] {dag.py:3722} INFO - Setting next_dagrun for example_subdag_operator.section-2 to None, run_after=None
[2025-12-11T00:52:17.037+0000] {processor.py:179} INFO - Processing /home/airflow/.local/lib/python3.8/site-packages/airflow/example_dags/example_subdag_operator.py took 0.063 seconds
[2025-12-11T00:52:47.056+0000] {processor.py:157} INFO - Started process (PID=1758) to work on /home/airflow/.local/lib/python3.8/site-packages/airflow/example_dags/example_subdag_operator.py
[2025-12-11T00:52:47.057+0000] {processor.py:829} INFO - Processing file /home/airflow/.local/lib/python3.8/site-packages/airflow/example_dags/example_subdag_operator.py for tasks to queue
[2025-12-11T00:52:47.059+0000] {logging_mixin.py:154} INFO - [2025-12-11T00:52:47.059+0000] {dagbag.py:536} INFO - Filling up the DagBag from /home/airflow/.local/lib/python3.8/site-packages/airflow/example_dags/example_subdag_operator.py
[2025-12-11T00:52:47.079+0000] {processor.py:839} INFO - DAG(s) dict_keys(['example_subdag_operator.section-1', 'example_subdag_operator.section-2', 'example_subdag_operator']) retrieved from /home/airflow/.local/lib/python3.8/site-packages/airflow/example_dags/example_subdag_operator.py
[2025-12-11T00:52:47.088+0000] {logging_mixin.py:154} INFO - [2025-12-11T00:52:47.088+0000] {dag.py:2941} INFO - Sync 3 DAGs
[2025-12-11T00:52:47.102+0000] {logging_mixin.py:154} INFO - [2025-12-11T00:52:47.102+0000] {dag.py:3722} INFO - Setting next_dagrun for example_subdag_operator to 2022-01-01T00:00:00+00:00, run_after=2022-01-01T00:00:00+00:00
[2025-12-11T00:52:47.105+0000] {logging_mixin.py:154} INFO - [2025-12-11T00:52:47.104+0000] {dag.py:3722} INFO - Setting next_dagrun for example_subdag_operator.section-1 to None, run_after=None
[2025-12-11T00:52:47.105+0000] {logging_mixin.py:154} INFO - [2025-12-11T00:52:47.105+0000] {dag.py:3722} INFO - Setting next_dagrun for example_subdag_operator.section-2 to None, run_after=None
[2025-12-11T00:52:47.110+0000] {logging_mixin.py:154} INFO - [2025-12-11T00:52:47.109+0000] {dag.py:2941} INFO - Sync 2 DAGs
[2025-12-11T00:52:47.113+0000] {logging_mixin.py:154} INFO - [2025-12-11T00:52:47.113+0000] {dag.py:3722} INFO - Setting next_dagrun for example_subdag_operator.section-1 to None, run_after=None
[2025-12-11T00:52:47.113+0000] {logging_mixin.py:154} INFO - [2025-12-11T00:52:47.113+0000] {dag.py:3722} INFO - Setting next_dagrun for example_subdag_operator.section-2 to None, run_after=None
[2025-12-11T00:52:47.120+0000] {processor.py:179} INFO - Processing /home/airflow/.local/lib/python3.8/site-packages/airflow/example_dags/example_subdag_operator.py took 0.067 seconds
[2025-12-11T00:53:17.756+0000] {processor.py:157} INFO - Started process (PID=1813) to work on /home/airflow/.local/lib/python3.8/site-packages/airflow/example_dags/example_subdag_operator.py
[2025-12-11T00:53:17.757+0000] {processor.py:829} INFO - Processing file /home/airflow/.local/lib/python3.8/site-packages/airflow/example_dags/example_subdag_operator.py for tasks to queue
[2025-12-11T00:53:17.758+0000] {logging_mixin.py:154} INFO - [2025-12-11T00:53:17.758+0000] {dagbag.py:536} INFO - Filling up the DagBag from /home/airflow/.local/lib/python3.8/site-packages/airflow/example_dags/example_subdag_operator.py
[2025-12-11T00:53:17.774+0000] {processor.py:839} INFO - DAG(s) dict_keys(['example_subdag_operator.section-1', 'example_subdag_operator.section-2', 'example_subdag_operator']) retrieved from /home/airflow/.local/lib/python3.8/site-packages/airflow/example_dags/example_subdag_operator.py
[2025-12-11T00:53:17.784+0000] {logging_mixin.py:154} INFO - [2025-12-11T00:53:17.784+0000] {dag.py:2941} INFO - Sync 3 DAGs
[2025-12-11T00:53:17.797+0000] {logging_mixin.py:154} INFO - [2025-12-11T00:53:17.797+0000] {dag.py:3722} INFO - Setting next_dagrun for example_subdag_operator to 2022-01-01T00:00:00+00:00, run_after=2022-01-01T00:00:00+00:00
[2025-12-11T00:53:17.799+0000] {logging_mixin.py:154} INFO - [2025-12-11T00:53:17.799+0000] {dag.py:3722} INFO - Setting next_dagrun for example_subdag_operator.section-1 to None, run_after=None
[2025-12-11T00:53:17.799+0000] {logging_mixin.py:154} INFO - [2025-12-11T00:53:17.799+0000] {dag.py:3722} INFO - Setting next_dagrun for example_subdag_operator.section-2 to None, run_after=None
[2025-12-11T00:53:17.803+0000] {logging_mixin.py:154} INFO - [2025-12-11T00:53:17.803+0000] {dag.py:2941} INFO - Sync 2 DAGs
[2025-12-11T00:53:17.806+0000] {logging_mixin.py:154} INFO - [2025-12-11T00:53:17.806+0000] {dag.py:3722} INFO - Setting next_dagrun for example_subdag_operator.section-1 to None, run_after=None
[2025-12-11T00:53:17.806+0000] {logging_mixin.py:154} INFO - [2025-12-11T00:53:17.806+0000] {dag.py:3722} INFO - Setting next_dagrun for example_subdag_operator.section-2 to None, run_after=None
[2025-12-11T00:53:17.813+0000] {processor.py:179} INFO - Processing /home/airflow/.local/lib/python3.8/site-packages/airflow/example_dags/example_subdag_operator.py took 0.058 seconds
[2025-12-11T00:53:48.390+0000] {processor.py:157} INFO - Started process (PID=1868) to work on /home/airflow/.local/lib/python3.8/site-packages/airflow/example_dags/example_subdag_operator.py
[2025-12-11T00:53:48.391+0000] {processor.py:829} INFO - Processing file /home/airflow/.local/lib/python3.8/site-packages/airflow/example_dags/example_subdag_operator.py for tasks to queue
[2025-12-11T00:53:48.393+0000] {logging_mixin.py:154} INFO - [2025-12-11T00:53:48.392+0000] {dagbag.py:536} INFO - Filling up the DagBag from /home/airflow/.local/lib/python3.8/site-packages/airflow/example_dags/example_subdag_operator.py
[2025-12-11T00:53:48.408+0000] {processor.py:839} INFO - DAG(s) dict_keys(['example_subdag_operator.section-1', 'example_subdag_operator.section-2', 'example_subdag_operator']) retrieved from /home/airflow/.local/lib/python3.8/site-packages/airflow/example_dags/example_subdag_operator.py
[2025-12-11T00:53:48.417+0000] {logging_mixin.py:154} INFO - [2025-12-11T00:53:48.417+0000] {dag.py:2941} INFO - Sync 3 DAGs
[2025-12-11T00:53:48.430+0000] {logging_mixin.py:154} INFO - [2025-12-11T00:53:48.430+0000] {dag.py:3722} INFO - Setting next_dagrun for example_subdag_operator to 2022-01-01T00:00:00+00:00, run_after=2022-01-01T00:00:00+00:00
[2025-12-11T00:53:48.432+0000] {logging_mixin.py:154} INFO - [2025-12-11T00:53:48.432+0000] {dag.py:3722} INFO - Setting next_dagrun for example_subdag_operator.section-1 to None, run_after=None
[2025-12-11T00:53:48.433+0000] {logging_mixin.py:154} INFO - [2025-12-11T00:53:48.433+0000] {dag.py:3722} INFO - Setting next_dagrun for example_subdag_operator.section-2 to None, run_after=None
[2025-12-11T00:53:48.439+0000] {logging_mixin.py:154} INFO - [2025-12-11T00:53:48.439+0000] {dag.py:2941} INFO - Sync 2 DAGs
[2025-12-11T00:53:48.443+0000] {logging_mixin.py:154} INFO - [2025-12-11T00:53:48.443+0000] {dag.py:3722} INFO - Setting next_dagrun for example_subdag_operator.section-1 to None, run_after=None
[2025-12-11T00:53:48.443+0000] {logging_mixin.py:154} INFO - [2025-12-11T00:53:48.443+0000] {dag.py:3722} INFO - Setting next_dagrun for example_subdag_operator.section-2 to None, run_after=None
[2025-12-11T00:53:48.450+0000] {processor.py:179} INFO - Processing /home/airflow/.local/lib/python3.8/site-packages/airflow/example_dags/example_subdag_operator.py took 0.063 seconds
[2025-12-11T00:54:18.728+0000] {processor.py:157} INFO - Started process (PID=1924) to work on /home/airflow/.local/lib/python3.8/site-packages/airflow/example_dags/example_subdag_operator.py
[2025-12-11T00:54:18.728+0000] {processor.py:829} INFO - Processing file /home/airflow/.local/lib/python3.8/site-packages/airflow/example_dags/example_subdag_operator.py for tasks to queue
[2025-12-11T00:54:18.730+0000] {logging_mixin.py:154} INFO - [2025-12-11T00:54:18.729+0000] {dagbag.py:536} INFO - Filling up the DagBag from /home/airflow/.local/lib/python3.8/site-packages/airflow/example_dags/example_subdag_operator.py
[2025-12-11T00:54:18.745+0000] {processor.py:839} INFO - DAG(s) dict_keys(['example_subdag_operator.section-1', 'example_subdag_operator.section-2', 'example_subdag_operator']) retrieved from /home/airflow/.local/lib/python3.8/site-packages/airflow/example_dags/example_subdag_operator.py
[2025-12-11T00:54:18.754+0000] {logging_mixin.py:154} INFO - [2025-12-11T00:54:18.754+0000] {dag.py:2941} INFO - Sync 3 DAGs
[2025-12-11T00:54:18.767+0000] {logging_mixin.py:154} INFO - [2025-12-11T00:54:18.767+0000] {dag.py:3722} INFO - Setting next_dagrun for example_subdag_operator to 2022-01-01T00:00:00+00:00, run_after=2022-01-01T00:00:00+00:00
[2025-12-11T00:54:18.769+0000] {logging_mixin.py:154} INFO - [2025-12-11T00:54:18.769+0000] {dag.py:3722} INFO - Setting next_dagrun for example_subdag_operator.section-1 to None, run_after=None
[2025-12-11T00:54:18.769+0000] {logging_mixin.py:154} INFO - [2025-12-11T00:54:18.769+0000] {dag.py:3722} INFO - Setting next_dagrun for example_subdag_operator.section-2 to None, run_after=None
[2025-12-11T00:54:18.773+0000] {logging_mixin.py:154} INFO - [2025-12-11T00:54:18.773+0000] {dag.py:2941} INFO - Sync 2 DAGs
[2025-12-11T00:54:18.776+0000] {logging_mixin.py:154} INFO - [2025-12-11T00:54:18.776+0000] {dag.py:3722} INFO - Setting next_dagrun for example_subdag_operator.section-1 to None, run_after=None
[2025-12-11T00:54:18.776+0000] {logging_mixin.py:154} INFO - [2025-12-11T00:54:18.776+0000] {dag.py:3722} INFO - Setting next_dagrun for example_subdag_operator.section-2 to None, run_after=None
[2025-12-11T00:54:18.784+0000] {processor.py:179} INFO - Processing /home/airflow/.local/lib/python3.8/site-packages/airflow/example_dags/example_subdag_operator.py took 0.058 seconds
[2025-12-11T00:54:49.126+0000] {processor.py:157} INFO - Started process (PID=1979) to work on /home/airflow/.local/lib/python3.8/site-packages/airflow/example_dags/example_subdag_operator.py
[2025-12-11T00:54:49.126+0000] {processor.py:829} INFO - Processing file /home/airflow/.local/lib/python3.8/site-packages/airflow/example_dags/example_subdag_operator.py for tasks to queue
[2025-12-11T00:54:49.128+0000] {logging_mixin.py:154} INFO - [2025-12-11T00:54:49.128+0000] {dagbag.py:536} INFO - Filling up the DagBag from /home/airflow/.local/lib/python3.8/site-packages/airflow/example_dags/example_subdag_operator.py
[2025-12-11T00:54:49.144+0000] {processor.py:839} INFO - DAG(s) dict_keys(['example_subdag_operator.section-1', 'example_subdag_operator.section-2', 'example_subdag_operator']) retrieved from /home/airflow/.local/lib/python3.8/site-packages/airflow/example_dags/example_subdag_operator.py
[2025-12-11T00:54:49.154+0000] {logging_mixin.py:154} INFO - [2025-12-11T00:54:49.154+0000] {dag.py:2941} INFO - Sync 3 DAGs
[2025-12-11T00:54:49.173+0000] {logging_mixin.py:154} INFO - [2025-12-11T00:54:49.172+0000] {dag.py:3722} INFO - Setting next_dagrun for example_subdag_operator to 2022-01-01T00:00:00+00:00, run_after=2022-01-01T00:00:00+00:00
[2025-12-11T00:54:49.176+0000] {logging_mixin.py:154} INFO - [2025-12-11T00:54:49.176+0000] {dag.py:3722} INFO - Setting next_dagrun for example_subdag_operator.section-1 to None, run_after=None
[2025-12-11T00:54:49.177+0000] {logging_mixin.py:154} INFO - [2025-12-11T00:54:49.177+0000] {dag.py:3722} INFO - Setting next_dagrun for example_subdag_operator.section-2 to None, run_after=None
[2025-12-11T00:54:49.183+0000] {logging_mixin.py:154} INFO - [2025-12-11T00:54:49.182+0000] {dag.py:2941} INFO - Sync 2 DAGs
[2025-12-11T00:54:49.186+0000] {logging_mixin.py:154} INFO - [2025-12-11T00:54:49.186+0000] {dag.py:3722} INFO - Setting next_dagrun for example_subdag_operator.section-1 to None, run_after=None
[2025-12-11T00:54:49.186+0000] {logging_mixin.py:154} INFO - [2025-12-11T00:54:49.186+0000] {dag.py:3722} INFO - Setting next_dagrun for example_subdag_operator.section-2 to None, run_after=None
[2025-12-11T00:54:49.196+0000] {processor.py:179} INFO - Processing /home/airflow/.local/lib/python3.8/site-packages/airflow/example_dags/example_subdag_operator.py took 0.073 seconds
[2025-12-11T00:55:19.699+0000] {processor.py:157} INFO - Started process (PID=2034) to work on /home/airflow/.local/lib/python3.8/site-packages/airflow/example_dags/example_subdag_operator.py
[2025-12-11T00:55:19.700+0000] {processor.py:829} INFO - Processing file /home/airflow/.local/lib/python3.8/site-packages/airflow/example_dags/example_subdag_operator.py for tasks to queue
[2025-12-11T00:55:19.703+0000] {logging_mixin.py:154} INFO - [2025-12-11T00:55:19.703+0000] {dagbag.py:536} INFO - Filling up the DagBag from /home/airflow/.local/lib/python3.8/site-packages/airflow/example_dags/example_subdag_operator.py
[2025-12-11T00:55:19.723+0000] {processor.py:839} INFO - DAG(s) dict_keys(['example_subdag_operator.section-1', 'example_subdag_operator.section-2', 'example_subdag_operator']) retrieved from /home/airflow/.local/lib/python3.8/site-packages/airflow/example_dags/example_subdag_operator.py
[2025-12-11T00:55:19.732+0000] {logging_mixin.py:154} INFO - [2025-12-11T00:55:19.732+0000] {dag.py:2941} INFO - Sync 3 DAGs
[2025-12-11T00:55:19.745+0000] {logging_mixin.py:154} INFO - [2025-12-11T00:55:19.745+0000] {dag.py:3722} INFO - Setting next_dagrun for example_subdag_operator to 2022-01-01T00:00:00+00:00, run_after=2022-01-01T00:00:00+00:00
[2025-12-11T00:55:19.747+0000] {logging_mixin.py:154} INFO - [2025-12-11T00:55:19.747+0000] {dag.py:3722} INFO - Setting next_dagrun for example_subdag_operator.section-1 to None, run_after=None
[2025-12-11T00:55:19.748+0000] {logging_mixin.py:154} INFO - [2025-12-11T00:55:19.748+0000] {dag.py:3722} INFO - Setting next_dagrun for example_subdag_operator.section-2 to None, run_after=None
[2025-12-11T00:55:19.752+0000] {logging_mixin.py:154} INFO - [2025-12-11T00:55:19.752+0000] {dag.py:2941} INFO - Sync 2 DAGs
[2025-12-11T00:55:19.755+0000] {logging_mixin.py:154} INFO - [2025-12-11T00:55:19.755+0000] {dag.py:3722} INFO - Setting next_dagrun for example_subdag_operator.section-1 to None, run_after=None
[2025-12-11T00:55:19.755+0000] {logging_mixin.py:154} INFO - [2025-12-11T00:55:19.755+0000] {dag.py:3722} INFO - Setting next_dagrun for example_subdag_operator.section-2 to None, run_after=None
[2025-12-11T00:55:19.762+0000] {processor.py:179} INFO - Processing /home/airflow/.local/lib/python3.8/site-packages/airflow/example_dags/example_subdag_operator.py took 0.067 seconds
