[2025-12-11T00:38:17.250+0000] {processor.py:157} INFO - Started process (PID=213) to work on /home/airflow/.local/lib/python3.8/site-packages/airflow/example_dags/example_xcomargs.py
[2025-12-11T00:38:17.250+0000] {processor.py:829} INFO - Processing file /home/airflow/.local/lib/python3.8/site-packages/airflow/example_dags/example_xcomargs.py for tasks to queue
[2025-12-11T00:38:17.252+0000] {logging_mixin.py:154} INFO - [2025-12-11T00:38:17.252+0000] {dagbag.py:536} INFO - Filling up the DagBag from /home/airflow/.local/lib/python3.8/site-packages/airflow/example_dags/example_xcomargs.py
[2025-12-11T00:38:17.259+0000] {processor.py:839} INFO - DAG(s) dict_keys(['example_xcom_args', 'example_xcom_args_with_operators']) retrieved from /home/airflow/.local/lib/python3.8/site-packages/airflow/example_dags/example_xcomargs.py
[2025-12-11T00:38:17.269+0000] {logging_mixin.py:154} INFO - [2025-12-11T00:38:17.269+0000] {dag.py:2941} INFO - Sync 2 DAGs
[2025-12-11T00:38:17.282+0000] {logging_mixin.py:154} INFO - [2025-12-11T00:38:17.282+0000] {dag.py:3722} INFO - Setting next_dagrun for example_xcom_args to None, run_after=None
[2025-12-11T00:38:17.286+0000] {logging_mixin.py:154} INFO - [2025-12-11T00:38:17.286+0000] {dag.py:3722} INFO - Setting next_dagrun for example_xcom_args_with_operators to None, run_after=None
[2025-12-11T00:38:17.300+0000] {processor.py:179} INFO - Processing /home/airflow/.local/lib/python3.8/site-packages/airflow/example_dags/example_xcomargs.py took 0.053 seconds
[2025-12-11T00:38:47.910+0000] {processor.py:157} INFO - Started process (PID=272) to work on /home/airflow/.local/lib/python3.8/site-packages/airflow/example_dags/example_xcomargs.py
[2025-12-11T00:38:47.911+0000] {processor.py:829} INFO - Processing file /home/airflow/.local/lib/python3.8/site-packages/airflow/example_dags/example_xcomargs.py for tasks to queue
[2025-12-11T00:38:47.912+0000] {logging_mixin.py:154} INFO - [2025-12-11T00:38:47.912+0000] {dagbag.py:536} INFO - Filling up the DagBag from /home/airflow/.local/lib/python3.8/site-packages/airflow/example_dags/example_xcomargs.py
[2025-12-11T00:38:47.917+0000] {processor.py:839} INFO - DAG(s) dict_keys(['example_xcom_args', 'example_xcom_args_with_operators']) retrieved from /home/airflow/.local/lib/python3.8/site-packages/airflow/example_dags/example_xcomargs.py
[2025-12-11T00:38:47.932+0000] {logging_mixin.py:154} INFO - [2025-12-11T00:38:47.932+0000] {dag.py:2941} INFO - Sync 2 DAGs
[2025-12-11T00:38:47.940+0000] {logging_mixin.py:154} INFO - [2025-12-11T00:38:47.940+0000] {dag.py:3722} INFO - Setting next_dagrun for example_xcom_args to None, run_after=None
[2025-12-11T00:38:47.942+0000] {logging_mixin.py:154} INFO - [2025-12-11T00:38:47.942+0000] {dag.py:3722} INFO - Setting next_dagrun for example_xcom_args_with_operators to None, run_after=None
[2025-12-11T00:38:47.965+0000] {processor.py:179} INFO - Processing /home/airflow/.local/lib/python3.8/site-packages/airflow/example_dags/example_xcomargs.py took 0.058 seconds
[2025-12-11T00:39:18.259+0000] {processor.py:157} INFO - Started process (PID=327) to work on /home/airflow/.local/lib/python3.8/site-packages/airflow/example_dags/example_xcomargs.py
[2025-12-11T00:39:18.260+0000] {processor.py:829} INFO - Processing file /home/airflow/.local/lib/python3.8/site-packages/airflow/example_dags/example_xcomargs.py for tasks to queue
[2025-12-11T00:39:18.262+0000] {logging_mixin.py:154} INFO - [2025-12-11T00:39:18.262+0000] {dagbag.py:536} INFO - Filling up the DagBag from /home/airflow/.local/lib/python3.8/site-packages/airflow/example_dags/example_xcomargs.py
[2025-12-11T00:39:18.266+0000] {processor.py:839} INFO - DAG(s) dict_keys(['example_xcom_args', 'example_xcom_args_with_operators']) retrieved from /home/airflow/.local/lib/python3.8/site-packages/airflow/example_dags/example_xcomargs.py
[2025-12-11T00:39:18.280+0000] {logging_mixin.py:154} INFO - [2025-12-11T00:39:18.280+0000] {dag.py:2941} INFO - Sync 2 DAGs
[2025-12-11T00:39:18.287+0000] {logging_mixin.py:154} INFO - [2025-12-11T00:39:18.287+0000] {dag.py:3722} INFO - Setting next_dagrun for example_xcom_args to None, run_after=None
[2025-12-11T00:39:18.289+0000] {logging_mixin.py:154} INFO - [2025-12-11T00:39:18.289+0000] {dag.py:3722} INFO - Setting next_dagrun for example_xcom_args_with_operators to None, run_after=None
[2025-12-11T00:39:18.299+0000] {processor.py:179} INFO - Processing /home/airflow/.local/lib/python3.8/site-packages/airflow/example_dags/example_xcomargs.py took 0.042 seconds
[2025-12-11T00:39:48.555+0000] {processor.py:157} INFO - Started process (PID=382) to work on /home/airflow/.local/lib/python3.8/site-packages/airflow/example_dags/example_xcomargs.py
[2025-12-11T00:39:48.565+0000] {processor.py:829} INFO - Processing file /home/airflow/.local/lib/python3.8/site-packages/airflow/example_dags/example_xcomargs.py for tasks to queue
[2025-12-11T00:39:48.567+0000] {logging_mixin.py:154} INFO - [2025-12-11T00:39:48.566+0000] {dagbag.py:536} INFO - Filling up the DagBag from /home/airflow/.local/lib/python3.8/site-packages/airflow/example_dags/example_xcomargs.py
[2025-12-11T00:39:48.574+0000] {processor.py:839} INFO - DAG(s) dict_keys(['example_xcom_args', 'example_xcom_args_with_operators']) retrieved from /home/airflow/.local/lib/python3.8/site-packages/airflow/example_dags/example_xcomargs.py
[2025-12-11T00:39:48.589+0000] {logging_mixin.py:154} INFO - [2025-12-11T00:39:48.589+0000] {dag.py:2941} INFO - Sync 2 DAGs
[2025-12-11T00:39:48.597+0000] {logging_mixin.py:154} INFO - [2025-12-11T00:39:48.597+0000] {dag.py:3722} INFO - Setting next_dagrun for example_xcom_args to None, run_after=None
[2025-12-11T00:39:48.599+0000] {logging_mixin.py:154} INFO - [2025-12-11T00:39:48.599+0000] {dag.py:3722} INFO - Setting next_dagrun for example_xcom_args_with_operators to None, run_after=None
[2025-12-11T00:39:48.609+0000] {processor.py:179} INFO - Processing /home/airflow/.local/lib/python3.8/site-packages/airflow/example_dags/example_xcomargs.py took 0.057 seconds
[2025-12-11T00:40:25.839+0000] {processor.py:157} INFO - Started process (PID=444) to work on /home/airflow/.local/lib/python3.8/site-packages/airflow/example_dags/example_xcomargs.py
[2025-12-11T00:40:25.840+0000] {processor.py:829} INFO - Processing file /home/airflow/.local/lib/python3.8/site-packages/airflow/example_dags/example_xcomargs.py for tasks to queue
[2025-12-11T00:40:25.841+0000] {logging_mixin.py:154} INFO - [2025-12-11T00:40:25.841+0000] {dagbag.py:536} INFO - Filling up the DagBag from /home/airflow/.local/lib/python3.8/site-packages/airflow/example_dags/example_xcomargs.py
[2025-12-11T00:40:25.846+0000] {processor.py:839} INFO - DAG(s) dict_keys(['example_xcom_args', 'example_xcom_args_with_operators']) retrieved from /home/airflow/.local/lib/python3.8/site-packages/airflow/example_dags/example_xcomargs.py
[2025-12-11T00:40:25.865+0000] {logging_mixin.py:154} INFO - [2025-12-11T00:40:25.865+0000] {dag.py:2941} INFO - Sync 2 DAGs
[2025-12-11T00:40:25.876+0000] {logging_mixin.py:154} INFO - [2025-12-11T00:40:25.875+0000] {dag.py:3722} INFO - Setting next_dagrun for example_xcom_args to None, run_after=None
[2025-12-11T00:40:25.878+0000] {logging_mixin.py:154} INFO - [2025-12-11T00:40:25.878+0000] {dag.py:3722} INFO - Setting next_dagrun for example_xcom_args_with_operators to None, run_after=None
[2025-12-11T00:40:25.889+0000] {processor.py:179} INFO - Processing /home/airflow/.local/lib/python3.8/site-packages/airflow/example_dags/example_xcomargs.py took 0.052 seconds
[2025-12-11T00:40:56.521+0000] {processor.py:157} INFO - Started process (PID=499) to work on /home/airflow/.local/lib/python3.8/site-packages/airflow/example_dags/example_xcomargs.py
[2025-12-11T00:40:56.522+0000] {processor.py:829} INFO - Processing file /home/airflow/.local/lib/python3.8/site-packages/airflow/example_dags/example_xcomargs.py for tasks to queue
[2025-12-11T00:40:56.523+0000] {logging_mixin.py:154} INFO - [2025-12-11T00:40:56.523+0000] {dagbag.py:536} INFO - Filling up the DagBag from /home/airflow/.local/lib/python3.8/site-packages/airflow/example_dags/example_xcomargs.py
[2025-12-11T00:40:56.527+0000] {processor.py:839} INFO - DAG(s) dict_keys(['example_xcom_args', 'example_xcom_args_with_operators']) retrieved from /home/airflow/.local/lib/python3.8/site-packages/airflow/example_dags/example_xcomargs.py
[2025-12-11T00:40:56.542+0000] {logging_mixin.py:154} INFO - [2025-12-11T00:40:56.542+0000] {dag.py:2941} INFO - Sync 2 DAGs
[2025-12-11T00:40:56.550+0000] {logging_mixin.py:154} INFO - [2025-12-11T00:40:56.550+0000] {dag.py:3722} INFO - Setting next_dagrun for example_xcom_args to None, run_after=None
[2025-12-11T00:40:56.552+0000] {logging_mixin.py:154} INFO - [2025-12-11T00:40:56.552+0000] {dag.py:3722} INFO - Setting next_dagrun for example_xcom_args_with_operators to None, run_after=None
[2025-12-11T00:40:56.561+0000] {processor.py:179} INFO - Processing /home/airflow/.local/lib/python3.8/site-packages/airflow/example_dags/example_xcomargs.py took 0.042 seconds
[2025-12-11T00:41:33.980+0000] {processor.py:157} INFO - Started process (PID=554) to work on /home/airflow/.local/lib/python3.8/site-packages/airflow/example_dags/example_xcomargs.py
[2025-12-11T00:41:33.981+0000] {processor.py:829} INFO - Processing file /home/airflow/.local/lib/python3.8/site-packages/airflow/example_dags/example_xcomargs.py for tasks to queue
[2025-12-11T00:41:33.982+0000] {logging_mixin.py:154} INFO - [2025-12-11T00:41:33.982+0000] {dagbag.py:536} INFO - Filling up the DagBag from /home/airflow/.local/lib/python3.8/site-packages/airflow/example_dags/example_xcomargs.py
[2025-12-11T00:41:33.987+0000] {processor.py:839} INFO - DAG(s) dict_keys(['example_xcom_args_with_operators', 'example_xcom_args']) retrieved from /home/airflow/.local/lib/python3.8/site-packages/airflow/example_dags/example_xcomargs.py
[2025-12-11T00:41:34.002+0000] {logging_mixin.py:154} INFO - [2025-12-11T00:41:34.002+0000] {dag.py:2941} INFO - Sync 2 DAGs
[2025-12-11T00:41:34.010+0000] {logging_mixin.py:154} INFO - [2025-12-11T00:41:34.009+0000] {dag.py:3722} INFO - Setting next_dagrun for example_xcom_args to None, run_after=None
[2025-12-11T00:41:34.011+0000] {logging_mixin.py:154} INFO - [2025-12-11T00:41:34.011+0000] {dag.py:3722} INFO - Setting next_dagrun for example_xcom_args_with_operators to None, run_after=None
[2025-12-11T00:41:34.026+0000] {processor.py:179} INFO - Processing /home/airflow/.local/lib/python3.8/site-packages/airflow/example_dags/example_xcomargs.py took 0.048 seconds
[2025-12-11T00:42:06.594+0000] {processor.py:157} INFO - Started process (PID=609) to work on /home/airflow/.local/lib/python3.8/site-packages/airflow/example_dags/example_xcomargs.py
[2025-12-11T00:42:06.595+0000] {processor.py:829} INFO - Processing file /home/airflow/.local/lib/python3.8/site-packages/airflow/example_dags/example_xcomargs.py for tasks to queue
[2025-12-11T00:42:06.598+0000] {logging_mixin.py:154} INFO - [2025-12-11T00:42:06.598+0000] {dagbag.py:536} INFO - Filling up the DagBag from /home/airflow/.local/lib/python3.8/site-packages/airflow/example_dags/example_xcomargs.py
[2025-12-11T00:42:06.606+0000] {processor.py:839} INFO - DAG(s) dict_keys(['example_xcom_args_with_operators', 'example_xcom_args']) retrieved from /home/airflow/.local/lib/python3.8/site-packages/airflow/example_dags/example_xcomargs.py
[2025-12-11T00:42:06.636+0000] {logging_mixin.py:154} INFO - [2025-12-11T00:42:06.635+0000] {dag.py:2941} INFO - Sync 2 DAGs
[2025-12-11T00:42:06.645+0000] {logging_mixin.py:154} INFO - [2025-12-11T00:42:06.644+0000] {dag.py:3722} INFO - Setting next_dagrun for example_xcom_args to None, run_after=None
[2025-12-11T00:42:06.646+0000] {logging_mixin.py:154} INFO - [2025-12-11T00:42:06.646+0000] {dag.py:3722} INFO - Setting next_dagrun for example_xcom_args_with_operators to None, run_after=None
[2025-12-11T00:42:06.659+0000] {processor.py:179} INFO - Processing /home/airflow/.local/lib/python3.8/site-packages/airflow/example_dags/example_xcomargs.py took 0.068 seconds
[2025-12-11T00:42:37.336+0000] {processor.py:157} INFO - Started process (PID=664) to work on /home/airflow/.local/lib/python3.8/site-packages/airflow/example_dags/example_xcomargs.py
[2025-12-11T00:42:37.336+0000] {processor.py:829} INFO - Processing file /home/airflow/.local/lib/python3.8/site-packages/airflow/example_dags/example_xcomargs.py for tasks to queue
[2025-12-11T00:42:37.337+0000] {logging_mixin.py:154} INFO - [2025-12-11T00:42:37.337+0000] {dagbag.py:536} INFO - Filling up the DagBag from /home/airflow/.local/lib/python3.8/site-packages/airflow/example_dags/example_xcomargs.py
[2025-12-11T00:42:37.347+0000] {processor.py:839} INFO - DAG(s) dict_keys(['example_xcom_args', 'example_xcom_args_with_operators']) retrieved from /home/airflow/.local/lib/python3.8/site-packages/airflow/example_dags/example_xcomargs.py
[2025-12-11T00:42:37.371+0000] {logging_mixin.py:154} INFO - [2025-12-11T00:42:37.370+0000] {dag.py:2941} INFO - Sync 2 DAGs
[2025-12-11T00:42:37.379+0000] {logging_mixin.py:154} INFO - [2025-12-11T00:42:37.379+0000] {dag.py:3722} INFO - Setting next_dagrun for example_xcom_args to None, run_after=None
[2025-12-11T00:42:37.382+0000] {logging_mixin.py:154} INFO - [2025-12-11T00:42:37.382+0000] {dag.py:3722} INFO - Setting next_dagrun for example_xcom_args_with_operators to None, run_after=None
[2025-12-11T00:42:37.393+0000] {processor.py:179} INFO - Processing /home/airflow/.local/lib/python3.8/site-packages/airflow/example_dags/example_xcomargs.py took 0.059 seconds
[2025-12-11T00:43:08.253+0000] {processor.py:157} INFO - Started process (PID=719) to work on /home/airflow/.local/lib/python3.8/site-packages/airflow/example_dags/example_xcomargs.py
[2025-12-11T00:43:08.253+0000] {processor.py:829} INFO - Processing file /home/airflow/.local/lib/python3.8/site-packages/airflow/example_dags/example_xcomargs.py for tasks to queue
[2025-12-11T00:43:08.254+0000] {logging_mixin.py:154} INFO - [2025-12-11T00:43:08.254+0000] {dagbag.py:536} INFO - Filling up the DagBag from /home/airflow/.local/lib/python3.8/site-packages/airflow/example_dags/example_xcomargs.py
[2025-12-11T00:43:08.259+0000] {processor.py:839} INFO - DAG(s) dict_keys(['example_xcom_args', 'example_xcom_args_with_operators']) retrieved from /home/airflow/.local/lib/python3.8/site-packages/airflow/example_dags/example_xcomargs.py
[2025-12-11T00:43:08.278+0000] {logging_mixin.py:154} INFO - [2025-12-11T00:43:08.278+0000] {dag.py:2941} INFO - Sync 2 DAGs
[2025-12-11T00:43:08.286+0000] {logging_mixin.py:154} INFO - [2025-12-11T00:43:08.286+0000] {dag.py:3722} INFO - Setting next_dagrun for example_xcom_args to None, run_after=None
[2025-12-11T00:43:08.288+0000] {logging_mixin.py:154} INFO - [2025-12-11T00:43:08.288+0000] {dag.py:3722} INFO - Setting next_dagrun for example_xcom_args_with_operators to None, run_after=None
[2025-12-11T00:43:08.297+0000] {processor.py:179} INFO - Processing /home/airflow/.local/lib/python3.8/site-packages/airflow/example_dags/example_xcomargs.py took 0.047 seconds
[2025-12-11T00:43:39.204+0000] {processor.py:157} INFO - Started process (PID=774) to work on /home/airflow/.local/lib/python3.8/site-packages/airflow/example_dags/example_xcomargs.py
[2025-12-11T00:43:39.205+0000] {processor.py:829} INFO - Processing file /home/airflow/.local/lib/python3.8/site-packages/airflow/example_dags/example_xcomargs.py for tasks to queue
[2025-12-11T00:43:39.206+0000] {logging_mixin.py:154} INFO - [2025-12-11T00:43:39.206+0000] {dagbag.py:536} INFO - Filling up the DagBag from /home/airflow/.local/lib/python3.8/site-packages/airflow/example_dags/example_xcomargs.py
[2025-12-11T00:43:39.210+0000] {processor.py:839} INFO - DAG(s) dict_keys(['example_xcom_args', 'example_xcom_args_with_operators']) retrieved from /home/airflow/.local/lib/python3.8/site-packages/airflow/example_dags/example_xcomargs.py
[2025-12-11T00:43:39.228+0000] {logging_mixin.py:154} INFO - [2025-12-11T00:43:39.227+0000] {dag.py:2941} INFO - Sync 2 DAGs
[2025-12-11T00:43:39.240+0000] {logging_mixin.py:154} INFO - [2025-12-11T00:43:39.240+0000] {dag.py:3722} INFO - Setting next_dagrun for example_xcom_args to None, run_after=None
[2025-12-11T00:43:39.242+0000] {logging_mixin.py:154} INFO - [2025-12-11T00:43:39.242+0000] {dag.py:3722} INFO - Setting next_dagrun for example_xcom_args_with_operators to None, run_after=None
[2025-12-11T00:43:39.256+0000] {processor.py:179} INFO - Processing /home/airflow/.local/lib/python3.8/site-packages/airflow/example_dags/example_xcomargs.py took 0.053 seconds
[2025-12-11T00:44:09.901+0000] {processor.py:157} INFO - Started process (PID=830) to work on /home/airflow/.local/lib/python3.8/site-packages/airflow/example_dags/example_xcomargs.py
[2025-12-11T00:44:09.902+0000] {processor.py:829} INFO - Processing file /home/airflow/.local/lib/python3.8/site-packages/airflow/example_dags/example_xcomargs.py for tasks to queue
[2025-12-11T00:44:09.904+0000] {logging_mixin.py:154} INFO - [2025-12-11T00:44:09.904+0000] {dagbag.py:536} INFO - Filling up the DagBag from /home/airflow/.local/lib/python3.8/site-packages/airflow/example_dags/example_xcomargs.py
[2025-12-11T00:44:09.909+0000] {processor.py:839} INFO - DAG(s) dict_keys(['example_xcom_args_with_operators', 'example_xcom_args']) retrieved from /home/airflow/.local/lib/python3.8/site-packages/airflow/example_dags/example_xcomargs.py
[2025-12-11T00:44:09.923+0000] {logging_mixin.py:154} INFO - [2025-12-11T00:44:09.923+0000] {dag.py:2941} INFO - Sync 2 DAGs
[2025-12-11T00:44:09.931+0000] {logging_mixin.py:154} INFO - [2025-12-11T00:44:09.931+0000] {dag.py:3722} INFO - Setting next_dagrun for example_xcom_args to None, run_after=None
[2025-12-11T00:44:09.933+0000] {logging_mixin.py:154} INFO - [2025-12-11T00:44:09.933+0000] {dag.py:3722} INFO - Setting next_dagrun for example_xcom_args_with_operators to None, run_after=None
[2025-12-11T00:44:09.943+0000] {processor.py:179} INFO - Processing /home/airflow/.local/lib/python3.8/site-packages/airflow/example_dags/example_xcomargs.py took 0.045 seconds
[2025-12-11T00:44:40.342+0000] {processor.py:157} INFO - Started process (PID=885) to work on /home/airflow/.local/lib/python3.8/site-packages/airflow/example_dags/example_xcomargs.py
[2025-12-11T00:44:40.342+0000] {processor.py:829} INFO - Processing file /home/airflow/.local/lib/python3.8/site-packages/airflow/example_dags/example_xcomargs.py for tasks to queue
[2025-12-11T00:44:40.343+0000] {logging_mixin.py:154} INFO - [2025-12-11T00:44:40.343+0000] {dagbag.py:536} INFO - Filling up the DagBag from /home/airflow/.local/lib/python3.8/site-packages/airflow/example_dags/example_xcomargs.py
[2025-12-11T00:44:40.347+0000] {processor.py:839} INFO - DAG(s) dict_keys(['example_xcom_args', 'example_xcom_args_with_operators']) retrieved from /home/airflow/.local/lib/python3.8/site-packages/airflow/example_dags/example_xcomargs.py
[2025-12-11T00:44:40.364+0000] {logging_mixin.py:154} INFO - [2025-12-11T00:44:40.364+0000] {dag.py:2941} INFO - Sync 2 DAGs
[2025-12-11T00:44:40.371+0000] {logging_mixin.py:154} INFO - [2025-12-11T00:44:40.371+0000] {dag.py:3722} INFO - Setting next_dagrun for example_xcom_args to None, run_after=None
[2025-12-11T00:44:40.373+0000] {logging_mixin.py:154} INFO - [2025-12-11T00:44:40.373+0000] {dag.py:3722} INFO - Setting next_dagrun for example_xcom_args_with_operators to None, run_after=None
[2025-12-11T00:44:40.385+0000] {processor.py:179} INFO - Processing /home/airflow/.local/lib/python3.8/site-packages/airflow/example_dags/example_xcomargs.py took 0.045 seconds
[2025-12-11T00:45:10.830+0000] {processor.py:157} INFO - Started process (PID=940) to work on /home/airflow/.local/lib/python3.8/site-packages/airflow/example_dags/example_xcomargs.py
[2025-12-11T00:45:10.831+0000] {processor.py:829} INFO - Processing file /home/airflow/.local/lib/python3.8/site-packages/airflow/example_dags/example_xcomargs.py for tasks to queue
[2025-12-11T00:45:10.833+0000] {logging_mixin.py:154} INFO - [2025-12-11T00:45:10.833+0000] {dagbag.py:536} INFO - Filling up the DagBag from /home/airflow/.local/lib/python3.8/site-packages/airflow/example_dags/example_xcomargs.py
[2025-12-11T00:45:10.838+0000] {processor.py:839} INFO - DAG(s) dict_keys(['example_xcom_args_with_operators', 'example_xcom_args']) retrieved from /home/airflow/.local/lib/python3.8/site-packages/airflow/example_dags/example_xcomargs.py
[2025-12-11T00:45:10.852+0000] {logging_mixin.py:154} INFO - [2025-12-11T00:45:10.852+0000] {dag.py:2941} INFO - Sync 2 DAGs
[2025-12-11T00:45:10.860+0000] {logging_mixin.py:154} INFO - [2025-12-11T00:45:10.860+0000] {dag.py:3722} INFO - Setting next_dagrun for example_xcom_args to None, run_after=None
[2025-12-11T00:45:10.862+0000] {logging_mixin.py:154} INFO - [2025-12-11T00:45:10.861+0000] {dag.py:3722} INFO - Setting next_dagrun for example_xcom_args_with_operators to None, run_after=None
[2025-12-11T00:45:10.871+0000] {processor.py:179} INFO - Processing /home/airflow/.local/lib/python3.8/site-packages/airflow/example_dags/example_xcomargs.py took 0.043 seconds
[2025-12-11T00:45:41.300+0000] {processor.py:157} INFO - Started process (PID=995) to work on /home/airflow/.local/lib/python3.8/site-packages/airflow/example_dags/example_xcomargs.py
[2025-12-11T00:45:41.301+0000] {processor.py:829} INFO - Processing file /home/airflow/.local/lib/python3.8/site-packages/airflow/example_dags/example_xcomargs.py for tasks to queue
[2025-12-11T00:45:41.303+0000] {logging_mixin.py:154} INFO - [2025-12-11T00:45:41.302+0000] {dagbag.py:536} INFO - Filling up the DagBag from /home/airflow/.local/lib/python3.8/site-packages/airflow/example_dags/example_xcomargs.py
[2025-12-11T00:45:41.307+0000] {processor.py:839} INFO - DAG(s) dict_keys(['example_xcom_args', 'example_xcom_args_with_operators']) retrieved from /home/airflow/.local/lib/python3.8/site-packages/airflow/example_dags/example_xcomargs.py
[2025-12-11T00:45:41.323+0000] {logging_mixin.py:154} INFO - [2025-12-11T00:45:41.323+0000] {dag.py:2941} INFO - Sync 2 DAGs
[2025-12-11T00:45:41.331+0000] {logging_mixin.py:154} INFO - [2025-12-11T00:45:41.330+0000] {dag.py:3722} INFO - Setting next_dagrun for example_xcom_args to None, run_after=None
[2025-12-11T00:45:41.333+0000] {logging_mixin.py:154} INFO - [2025-12-11T00:45:41.333+0000] {dag.py:3722} INFO - Setting next_dagrun for example_xcom_args_with_operators to None, run_after=None
[2025-12-11T00:45:41.343+0000] {processor.py:179} INFO - Processing /home/airflow/.local/lib/python3.8/site-packages/airflow/example_dags/example_xcomargs.py took 0.045 seconds
[2025-12-11T00:46:11.806+0000] {processor.py:157} INFO - Started process (PID=1050) to work on /home/airflow/.local/lib/python3.8/site-packages/airflow/example_dags/example_xcomargs.py
[2025-12-11T00:46:11.807+0000] {processor.py:829} INFO - Processing file /home/airflow/.local/lib/python3.8/site-packages/airflow/example_dags/example_xcomargs.py for tasks to queue
[2025-12-11T00:46:11.808+0000] {logging_mixin.py:154} INFO - [2025-12-11T00:46:11.808+0000] {dagbag.py:536} INFO - Filling up the DagBag from /home/airflow/.local/lib/python3.8/site-packages/airflow/example_dags/example_xcomargs.py
[2025-12-11T00:46:11.812+0000] {processor.py:839} INFO - DAG(s) dict_keys(['example_xcom_args', 'example_xcom_args_with_operators']) retrieved from /home/airflow/.local/lib/python3.8/site-packages/airflow/example_dags/example_xcomargs.py
[2025-12-11T00:46:11.829+0000] {logging_mixin.py:154} INFO - [2025-12-11T00:46:11.828+0000] {dag.py:2941} INFO - Sync 2 DAGs
[2025-12-11T00:46:11.836+0000] {logging_mixin.py:154} INFO - [2025-12-11T00:46:11.836+0000] {dag.py:3722} INFO - Setting next_dagrun for example_xcom_args to None, run_after=None
[2025-12-11T00:46:11.838+0000] {logging_mixin.py:154} INFO - [2025-12-11T00:46:11.838+0000] {dag.py:3722} INFO - Setting next_dagrun for example_xcom_args_with_operators to None, run_after=None
[2025-12-11T00:46:11.848+0000] {processor.py:179} INFO - Processing /home/airflow/.local/lib/python3.8/site-packages/airflow/example_dags/example_xcomargs.py took 0.045 seconds
[2025-12-11T00:46:42.410+0000] {processor.py:157} INFO - Started process (PID=1105) to work on /home/airflow/.local/lib/python3.8/site-packages/airflow/example_dags/example_xcomargs.py
[2025-12-11T00:46:42.411+0000] {processor.py:829} INFO - Processing file /home/airflow/.local/lib/python3.8/site-packages/airflow/example_dags/example_xcomargs.py for tasks to queue
[2025-12-11T00:46:42.412+0000] {logging_mixin.py:154} INFO - [2025-12-11T00:46:42.411+0000] {dagbag.py:536} INFO - Filling up the DagBag from /home/airflow/.local/lib/python3.8/site-packages/airflow/example_dags/example_xcomargs.py
[2025-12-11T00:46:42.416+0000] {processor.py:839} INFO - DAG(s) dict_keys(['example_xcom_args_with_operators', 'example_xcom_args']) retrieved from /home/airflow/.local/lib/python3.8/site-packages/airflow/example_dags/example_xcomargs.py
[2025-12-11T00:46:42.430+0000] {logging_mixin.py:154} INFO - [2025-12-11T00:46:42.430+0000] {dag.py:2941} INFO - Sync 2 DAGs
[2025-12-11T00:46:42.437+0000] {logging_mixin.py:154} INFO - [2025-12-11T00:46:42.437+0000] {dag.py:3722} INFO - Setting next_dagrun for example_xcom_args to None, run_after=None
[2025-12-11T00:46:42.439+0000] {logging_mixin.py:154} INFO - [2025-12-11T00:46:42.439+0000] {dag.py:3722} INFO - Setting next_dagrun for example_xcom_args_with_operators to None, run_after=None
[2025-12-11T00:46:42.449+0000] {processor.py:179} INFO - Processing /home/airflow/.local/lib/python3.8/site-packages/airflow/example_dags/example_xcomargs.py took 0.040 seconds
[2025-12-11T00:47:13.000+0000] {processor.py:157} INFO - Started process (PID=1160) to work on /home/airflow/.local/lib/python3.8/site-packages/airflow/example_dags/example_xcomargs.py
[2025-12-11T00:47:13.001+0000] {processor.py:829} INFO - Processing file /home/airflow/.local/lib/python3.8/site-packages/airflow/example_dags/example_xcomargs.py for tasks to queue
[2025-12-11T00:47:13.002+0000] {logging_mixin.py:154} INFO - [2025-12-11T00:47:13.001+0000] {dagbag.py:536} INFO - Filling up the DagBag from /home/airflow/.local/lib/python3.8/site-packages/airflow/example_dags/example_xcomargs.py
[2025-12-11T00:47:13.006+0000] {processor.py:839} INFO - DAG(s) dict_keys(['example_xcom_args', 'example_xcom_args_with_operators']) retrieved from /home/airflow/.local/lib/python3.8/site-packages/airflow/example_dags/example_xcomargs.py
[2025-12-11T00:47:13.021+0000] {logging_mixin.py:154} INFO - [2025-12-11T00:47:13.021+0000] {dag.py:2941} INFO - Sync 2 DAGs
[2025-12-11T00:47:13.028+0000] {logging_mixin.py:154} INFO - [2025-12-11T00:47:13.028+0000] {dag.py:3722} INFO - Setting next_dagrun for example_xcom_args to None, run_after=None
[2025-12-11T00:47:13.030+0000] {logging_mixin.py:154} INFO - [2025-12-11T00:47:13.030+0000] {dag.py:3722} INFO - Setting next_dagrun for example_xcom_args_with_operators to None, run_after=None
[2025-12-11T00:47:13.043+0000] {processor.py:179} INFO - Processing /home/airflow/.local/lib/python3.8/site-packages/airflow/example_dags/example_xcomargs.py took 0.045 seconds
[2025-12-11T00:47:43.652+0000] {processor.py:157} INFO - Started process (PID=1215) to work on /home/airflow/.local/lib/python3.8/site-packages/airflow/example_dags/example_xcomargs.py
[2025-12-11T00:47:43.653+0000] {processor.py:829} INFO - Processing file /home/airflow/.local/lib/python3.8/site-packages/airflow/example_dags/example_xcomargs.py for tasks to queue
[2025-12-11T00:47:43.654+0000] {logging_mixin.py:154} INFO - [2025-12-11T00:47:43.653+0000] {dagbag.py:536} INFO - Filling up the DagBag from /home/airflow/.local/lib/python3.8/site-packages/airflow/example_dags/example_xcomargs.py
[2025-12-11T00:47:43.658+0000] {processor.py:839} INFO - DAG(s) dict_keys(['example_xcom_args', 'example_xcom_args_with_operators']) retrieved from /home/airflow/.local/lib/python3.8/site-packages/airflow/example_dags/example_xcomargs.py
[2025-12-11T00:47:43.675+0000] {logging_mixin.py:154} INFO - [2025-12-11T00:47:43.674+0000] {dag.py:2941} INFO - Sync 2 DAGs
[2025-12-11T00:47:43.682+0000] {logging_mixin.py:154} INFO - [2025-12-11T00:47:43.682+0000] {dag.py:3722} INFO - Setting next_dagrun for example_xcom_args to None, run_after=None
[2025-12-11T00:47:43.684+0000] {logging_mixin.py:154} INFO - [2025-12-11T00:47:43.684+0000] {dag.py:3722} INFO - Setting next_dagrun for example_xcom_args_with_operators to None, run_after=None
[2025-12-11T00:47:43.694+0000] {processor.py:179} INFO - Processing /home/airflow/.local/lib/python3.8/site-packages/airflow/example_dags/example_xcomargs.py took 0.044 seconds
[2025-12-11T00:48:13.778+0000] {processor.py:157} INFO - Started process (PID=1270) to work on /home/airflow/.local/lib/python3.8/site-packages/airflow/example_dags/example_xcomargs.py
[2025-12-11T00:48:13.778+0000] {processor.py:829} INFO - Processing file /home/airflow/.local/lib/python3.8/site-packages/airflow/example_dags/example_xcomargs.py for tasks to queue
[2025-12-11T00:48:13.779+0000] {logging_mixin.py:154} INFO - [2025-12-11T00:48:13.779+0000] {dagbag.py:536} INFO - Filling up the DagBag from /home/airflow/.local/lib/python3.8/site-packages/airflow/example_dags/example_xcomargs.py
[2025-12-11T00:48:13.784+0000] {processor.py:839} INFO - DAG(s) dict_keys(['example_xcom_args_with_operators', 'example_xcom_args']) retrieved from /home/airflow/.local/lib/python3.8/site-packages/airflow/example_dags/example_xcomargs.py
[2025-12-11T00:48:13.797+0000] {logging_mixin.py:154} INFO - [2025-12-11T00:48:13.797+0000] {dag.py:2941} INFO - Sync 2 DAGs
[2025-12-11T00:48:13.804+0000] {logging_mixin.py:154} INFO - [2025-12-11T00:48:13.804+0000] {dag.py:3722} INFO - Setting next_dagrun for example_xcom_args to None, run_after=None
[2025-12-11T00:48:13.806+0000] {logging_mixin.py:154} INFO - [2025-12-11T00:48:13.806+0000] {dag.py:3722} INFO - Setting next_dagrun for example_xcom_args_with_operators to None, run_after=None
[2025-12-11T00:48:13.816+0000] {processor.py:179} INFO - Processing /home/airflow/.local/lib/python3.8/site-packages/airflow/example_dags/example_xcomargs.py took 0.040 seconds
[2025-12-11T00:48:44.727+0000] {processor.py:157} INFO - Started process (PID=1325) to work on /home/airflow/.local/lib/python3.8/site-packages/airflow/example_dags/example_xcomargs.py
[2025-12-11T00:48:44.728+0000] {processor.py:829} INFO - Processing file /home/airflow/.local/lib/python3.8/site-packages/airflow/example_dags/example_xcomargs.py for tasks to queue
[2025-12-11T00:48:44.729+0000] {logging_mixin.py:154} INFO - [2025-12-11T00:48:44.729+0000] {dagbag.py:536} INFO - Filling up the DagBag from /home/airflow/.local/lib/python3.8/site-packages/airflow/example_dags/example_xcomargs.py
[2025-12-11T00:48:44.734+0000] {processor.py:839} INFO - DAG(s) dict_keys(['example_xcom_args_with_operators', 'example_xcom_args']) retrieved from /home/airflow/.local/lib/python3.8/site-packages/airflow/example_dags/example_xcomargs.py
[2025-12-11T00:48:44.748+0000] {logging_mixin.py:154} INFO - [2025-12-11T00:48:44.747+0000] {dag.py:2941} INFO - Sync 2 DAGs
[2025-12-11T00:48:44.755+0000] {logging_mixin.py:154} INFO - [2025-12-11T00:48:44.755+0000] {dag.py:3722} INFO - Setting next_dagrun for example_xcom_args to None, run_after=None
[2025-12-11T00:48:44.757+0000] {logging_mixin.py:154} INFO - [2025-12-11T00:48:44.757+0000] {dag.py:3722} INFO - Setting next_dagrun for example_xcom_args_with_operators to None, run_after=None
[2025-12-11T00:48:44.767+0000] {processor.py:179} INFO - Processing /home/airflow/.local/lib/python3.8/site-packages/airflow/example_dags/example_xcomargs.py took 0.042 seconds
[2025-12-11T00:49:15.546+0000] {processor.py:157} INFO - Started process (PID=1380) to work on /home/airflow/.local/lib/python3.8/site-packages/airflow/example_dags/example_xcomargs.py
[2025-12-11T00:49:15.546+0000] {processor.py:829} INFO - Processing file /home/airflow/.local/lib/python3.8/site-packages/airflow/example_dags/example_xcomargs.py for tasks to queue
[2025-12-11T00:49:15.548+0000] {logging_mixin.py:154} INFO - [2025-12-11T00:49:15.547+0000] {dagbag.py:536} INFO - Filling up the DagBag from /home/airflow/.local/lib/python3.8/site-packages/airflow/example_dags/example_xcomargs.py
[2025-12-11T00:49:15.552+0000] {processor.py:839} INFO - DAG(s) dict_keys(['example_xcom_args', 'example_xcom_args_with_operators']) retrieved from /home/airflow/.local/lib/python3.8/site-packages/airflow/example_dags/example_xcomargs.py
[2025-12-11T00:49:15.572+0000] {logging_mixin.py:154} INFO - [2025-12-11T00:49:15.572+0000] {dag.py:2941} INFO - Sync 2 DAGs
[2025-12-11T00:49:15.584+0000] {logging_mixin.py:154} INFO - [2025-12-11T00:49:15.584+0000] {dag.py:3722} INFO - Setting next_dagrun for example_xcom_args to None, run_after=None
[2025-12-11T00:49:15.589+0000] {logging_mixin.py:154} INFO - [2025-12-11T00:49:15.589+0000] {dag.py:3722} INFO - Setting next_dagrun for example_xcom_args_with_operators to None, run_after=None
[2025-12-11T00:49:15.606+0000] {processor.py:179} INFO - Processing /home/airflow/.local/lib/python3.8/site-packages/airflow/example_dags/example_xcomargs.py took 0.063 seconds
[2025-12-11T00:49:45.633+0000] {processor.py:157} INFO - Started process (PID=1435) to work on /home/airflow/.local/lib/python3.8/site-packages/airflow/example_dags/example_xcomargs.py
[2025-12-11T00:49:45.633+0000] {processor.py:829} INFO - Processing file /home/airflow/.local/lib/python3.8/site-packages/airflow/example_dags/example_xcomargs.py for tasks to queue
[2025-12-11T00:49:45.634+0000] {logging_mixin.py:154} INFO - [2025-12-11T00:49:45.634+0000] {dagbag.py:536} INFO - Filling up the DagBag from /home/airflow/.local/lib/python3.8/site-packages/airflow/example_dags/example_xcomargs.py
[2025-12-11T00:49:45.639+0000] {processor.py:839} INFO - DAG(s) dict_keys(['example_xcom_args_with_operators', 'example_xcom_args']) retrieved from /home/airflow/.local/lib/python3.8/site-packages/airflow/example_dags/example_xcomargs.py
[2025-12-11T00:49:45.654+0000] {logging_mixin.py:154} INFO - [2025-12-11T00:49:45.654+0000] {dag.py:2941} INFO - Sync 2 DAGs
[2025-12-11T00:49:45.662+0000] {logging_mixin.py:154} INFO - [2025-12-11T00:49:45.662+0000] {dag.py:3722} INFO - Setting next_dagrun for example_xcom_args to None, run_after=None
[2025-12-11T00:49:45.664+0000] {logging_mixin.py:154} INFO - [2025-12-11T00:49:45.664+0000] {dag.py:3722} INFO - Setting next_dagrun for example_xcom_args_with_operators to None, run_after=None
[2025-12-11T00:49:45.674+0000] {processor.py:179} INFO - Processing /home/airflow/.local/lib/python3.8/site-packages/airflow/example_dags/example_xcomargs.py took 0.043 seconds
[2025-12-11T00:50:15.978+0000] {processor.py:157} INFO - Started process (PID=1490) to work on /home/airflow/.local/lib/python3.8/site-packages/airflow/example_dags/example_xcomargs.py
[2025-12-11T00:50:15.979+0000] {processor.py:829} INFO - Processing file /home/airflow/.local/lib/python3.8/site-packages/airflow/example_dags/example_xcomargs.py for tasks to queue
[2025-12-11T00:50:15.980+0000] {logging_mixin.py:154} INFO - [2025-12-11T00:50:15.980+0000] {dagbag.py:536} INFO - Filling up the DagBag from /home/airflow/.local/lib/python3.8/site-packages/airflow/example_dags/example_xcomargs.py
[2025-12-11T00:50:15.986+0000] {processor.py:839} INFO - DAG(s) dict_keys(['example_xcom_args', 'example_xcom_args_with_operators']) retrieved from /home/airflow/.local/lib/python3.8/site-packages/airflow/example_dags/example_xcomargs.py
[2025-12-11T00:50:16.004+0000] {logging_mixin.py:154} INFO - [2025-12-11T00:50:16.004+0000] {dag.py:2941} INFO - Sync 2 DAGs
[2025-12-11T00:50:16.012+0000] {logging_mixin.py:154} INFO - [2025-12-11T00:50:16.011+0000] {dag.py:3722} INFO - Setting next_dagrun for example_xcom_args to None, run_after=None
[2025-12-11T00:50:16.014+0000] {logging_mixin.py:154} INFO - [2025-12-11T00:50:16.014+0000] {dag.py:3722} INFO - Setting next_dagrun for example_xcom_args_with_operators to None, run_after=None
[2025-12-11T00:50:16.024+0000] {processor.py:179} INFO - Processing /home/airflow/.local/lib/python3.8/site-packages/airflow/example_dags/example_xcomargs.py took 0.050 seconds
[2025-12-11T00:50:46.150+0000] {processor.py:157} INFO - Started process (PID=1545) to work on /home/airflow/.local/lib/python3.8/site-packages/airflow/example_dags/example_xcomargs.py
[2025-12-11T00:50:46.150+0000] {processor.py:829} INFO - Processing file /home/airflow/.local/lib/python3.8/site-packages/airflow/example_dags/example_xcomargs.py for tasks to queue
[2025-12-11T00:50:46.151+0000] {logging_mixin.py:154} INFO - [2025-12-11T00:50:46.151+0000] {dagbag.py:536} INFO - Filling up the DagBag from /home/airflow/.local/lib/python3.8/site-packages/airflow/example_dags/example_xcomargs.py
[2025-12-11T00:50:46.156+0000] {processor.py:839} INFO - DAG(s) dict_keys(['example_xcom_args', 'example_xcom_args_with_operators']) retrieved from /home/airflow/.local/lib/python3.8/site-packages/airflow/example_dags/example_xcomargs.py
[2025-12-11T00:50:46.178+0000] {logging_mixin.py:154} INFO - [2025-12-11T00:50:46.178+0000] {dag.py:2941} INFO - Sync 2 DAGs
[2025-12-11T00:50:46.186+0000] {logging_mixin.py:154} INFO - [2025-12-11T00:50:46.186+0000] {dag.py:3722} INFO - Setting next_dagrun for example_xcom_args to None, run_after=None
[2025-12-11T00:50:46.188+0000] {logging_mixin.py:154} INFO - [2025-12-11T00:50:46.188+0000] {dag.py:3722} INFO - Setting next_dagrun for example_xcom_args_with_operators to None, run_after=None
[2025-12-11T00:50:46.198+0000] {processor.py:179} INFO - Processing /home/airflow/.local/lib/python3.8/site-packages/airflow/example_dags/example_xcomargs.py took 0.050 seconds
[2025-12-11T00:51:16.836+0000] {processor.py:157} INFO - Started process (PID=1600) to work on /home/airflow/.local/lib/python3.8/site-packages/airflow/example_dags/example_xcomargs.py
[2025-12-11T00:51:16.837+0000] {processor.py:829} INFO - Processing file /home/airflow/.local/lib/python3.8/site-packages/airflow/example_dags/example_xcomargs.py for tasks to queue
[2025-12-11T00:51:16.838+0000] {logging_mixin.py:154} INFO - [2025-12-11T00:51:16.838+0000] {dagbag.py:536} INFO - Filling up the DagBag from /home/airflow/.local/lib/python3.8/site-packages/airflow/example_dags/example_xcomargs.py
[2025-12-11T00:51:16.842+0000] {processor.py:839} INFO - DAG(s) dict_keys(['example_xcom_args_with_operators', 'example_xcom_args']) retrieved from /home/airflow/.local/lib/python3.8/site-packages/airflow/example_dags/example_xcomargs.py
[2025-12-11T00:51:16.857+0000] {logging_mixin.py:154} INFO - [2025-12-11T00:51:16.857+0000] {dag.py:2941} INFO - Sync 2 DAGs
[2025-12-11T00:51:16.865+0000] {logging_mixin.py:154} INFO - [2025-12-11T00:51:16.865+0000] {dag.py:3722} INFO - Setting next_dagrun for example_xcom_args to None, run_after=None
[2025-12-11T00:51:16.867+0000] {logging_mixin.py:154} INFO - [2025-12-11T00:51:16.867+0000] {dag.py:3722} INFO - Setting next_dagrun for example_xcom_args_with_operators to None, run_after=None
[2025-12-11T00:51:16.877+0000] {processor.py:179} INFO - Processing /home/airflow/.local/lib/python3.8/site-packages/airflow/example_dags/example_xcomargs.py took 0.043 seconds
[2025-12-11T00:51:46.920+0000] {processor.py:157} INFO - Started process (PID=1655) to work on /home/airflow/.local/lib/python3.8/site-packages/airflow/example_dags/example_xcomargs.py
[2025-12-11T00:51:46.921+0000] {processor.py:829} INFO - Processing file /home/airflow/.local/lib/python3.8/site-packages/airflow/example_dags/example_xcomargs.py for tasks to queue
[2025-12-11T00:51:46.922+0000] {logging_mixin.py:154} INFO - [2025-12-11T00:51:46.922+0000] {dagbag.py:536} INFO - Filling up the DagBag from /home/airflow/.local/lib/python3.8/site-packages/airflow/example_dags/example_xcomargs.py
[2025-12-11T00:51:46.926+0000] {processor.py:839} INFO - DAG(s) dict_keys(['example_xcom_args_with_operators', 'example_xcom_args']) retrieved from /home/airflow/.local/lib/python3.8/site-packages/airflow/example_dags/example_xcomargs.py
[2025-12-11T00:51:46.947+0000] {logging_mixin.py:154} INFO - [2025-12-11T00:51:46.946+0000] {dag.py:2941} INFO - Sync 2 DAGs
[2025-12-11T00:51:46.954+0000] {logging_mixin.py:154} INFO - [2025-12-11T00:51:46.954+0000] {dag.py:3722} INFO - Setting next_dagrun for example_xcom_args to None, run_after=None
[2025-12-11T00:51:46.956+0000] {logging_mixin.py:154} INFO - [2025-12-11T00:51:46.956+0000] {dag.py:3722} INFO - Setting next_dagrun for example_xcom_args_with_operators to None, run_after=None
[2025-12-11T00:51:46.966+0000] {processor.py:179} INFO - Processing /home/airflow/.local/lib/python3.8/site-packages/airflow/example_dags/example_xcomargs.py took 0.049 seconds
[2025-12-11T00:52:17.274+0000] {processor.py:157} INFO - Started process (PID=1710) to work on /home/airflow/.local/lib/python3.8/site-packages/airflow/example_dags/example_xcomargs.py
[2025-12-11T00:52:17.283+0000] {processor.py:829} INFO - Processing file /home/airflow/.local/lib/python3.8/site-packages/airflow/example_dags/example_xcomargs.py for tasks to queue
[2025-12-11T00:52:17.285+0000] {logging_mixin.py:154} INFO - [2025-12-11T00:52:17.285+0000] {dagbag.py:536} INFO - Filling up the DagBag from /home/airflow/.local/lib/python3.8/site-packages/airflow/example_dags/example_xcomargs.py
[2025-12-11T00:52:17.290+0000] {processor.py:839} INFO - DAG(s) dict_keys(['example_xcom_args_with_operators', 'example_xcom_args']) retrieved from /home/airflow/.local/lib/python3.8/site-packages/airflow/example_dags/example_xcomargs.py
[2025-12-11T00:52:17.306+0000] {logging_mixin.py:154} INFO - [2025-12-11T00:52:17.306+0000] {dag.py:2941} INFO - Sync 2 DAGs
[2025-12-11T00:52:17.315+0000] {logging_mixin.py:154} INFO - [2025-12-11T00:52:17.315+0000] {dag.py:3722} INFO - Setting next_dagrun for example_xcom_args to None, run_after=None
[2025-12-11T00:52:17.317+0000] {logging_mixin.py:154} INFO - [2025-12-11T00:52:17.317+0000] {dag.py:3722} INFO - Setting next_dagrun for example_xcom_args_with_operators to None, run_after=None
[2025-12-11T00:52:17.340+0000] {processor.py:179} INFO - Processing /home/airflow/.local/lib/python3.8/site-packages/airflow/example_dags/example_xcomargs.py took 0.068 seconds
[2025-12-11T00:52:47.369+0000] {processor.py:157} INFO - Started process (PID=1765) to work on /home/airflow/.local/lib/python3.8/site-packages/airflow/example_dags/example_xcomargs.py
[2025-12-11T00:52:47.369+0000] {processor.py:829} INFO - Processing file /home/airflow/.local/lib/python3.8/site-packages/airflow/example_dags/example_xcomargs.py for tasks to queue
[2025-12-11T00:52:47.370+0000] {logging_mixin.py:154} INFO - [2025-12-11T00:52:47.370+0000] {dagbag.py:536} INFO - Filling up the DagBag from /home/airflow/.local/lib/python3.8/site-packages/airflow/example_dags/example_xcomargs.py
[2025-12-11T00:52:47.375+0000] {processor.py:839} INFO - DAG(s) dict_keys(['example_xcom_args', 'example_xcom_args_with_operators']) retrieved from /home/airflow/.local/lib/python3.8/site-packages/airflow/example_dags/example_xcomargs.py
[2025-12-11T00:52:47.396+0000] {logging_mixin.py:154} INFO - [2025-12-11T00:52:47.396+0000] {dag.py:2941} INFO - Sync 2 DAGs
[2025-12-11T00:52:47.404+0000] {logging_mixin.py:154} INFO - [2025-12-11T00:52:47.404+0000] {dag.py:3722} INFO - Setting next_dagrun for example_xcom_args to None, run_after=None
[2025-12-11T00:52:47.406+0000] {logging_mixin.py:154} INFO - [2025-12-11T00:52:47.406+0000] {dag.py:3722} INFO - Setting next_dagrun for example_xcom_args_with_operators to None, run_after=None
[2025-12-11T00:52:47.416+0000] {processor.py:179} INFO - Processing /home/airflow/.local/lib/python3.8/site-packages/airflow/example_dags/example_xcomargs.py took 0.050 seconds
[2025-12-11T00:53:17.999+0000] {processor.py:157} INFO - Started process (PID=1820) to work on /home/airflow/.local/lib/python3.8/site-packages/airflow/example_dags/example_xcomargs.py
[2025-12-11T00:53:17.999+0000] {processor.py:829} INFO - Processing file /home/airflow/.local/lib/python3.8/site-packages/airflow/example_dags/example_xcomargs.py for tasks to queue
[2025-12-11T00:53:18.001+0000] {logging_mixin.py:154} INFO - [2025-12-11T00:53:18.001+0000] {dagbag.py:536} INFO - Filling up the DagBag from /home/airflow/.local/lib/python3.8/site-packages/airflow/example_dags/example_xcomargs.py
[2025-12-11T00:53:18.009+0000] {processor.py:839} INFO - DAG(s) dict_keys(['example_xcom_args_with_operators', 'example_xcom_args']) retrieved from /home/airflow/.local/lib/python3.8/site-packages/airflow/example_dags/example_xcomargs.py
[2025-12-11T00:53:18.024+0000] {logging_mixin.py:154} INFO - [2025-12-11T00:53:18.024+0000] {dag.py:2941} INFO - Sync 2 DAGs
[2025-12-11T00:53:18.031+0000] {logging_mixin.py:154} INFO - [2025-12-11T00:53:18.031+0000] {dag.py:3722} INFO - Setting next_dagrun for example_xcom_args to None, run_after=None
[2025-12-11T00:53:18.033+0000] {logging_mixin.py:154} INFO - [2025-12-11T00:53:18.033+0000] {dag.py:3722} INFO - Setting next_dagrun for example_xcom_args_with_operators to None, run_after=None
[2025-12-11T00:53:18.067+0000] {processor.py:179} INFO - Processing /home/airflow/.local/lib/python3.8/site-packages/airflow/example_dags/example_xcomargs.py took 0.071 seconds
[2025-12-11T00:53:48.638+0000] {processor.py:157} INFO - Started process (PID=1875) to work on /home/airflow/.local/lib/python3.8/site-packages/airflow/example_dags/example_xcomargs.py
[2025-12-11T00:53:48.639+0000] {processor.py:829} INFO - Processing file /home/airflow/.local/lib/python3.8/site-packages/airflow/example_dags/example_xcomargs.py for tasks to queue
[2025-12-11T00:53:48.641+0000] {logging_mixin.py:154} INFO - [2025-12-11T00:53:48.641+0000] {dagbag.py:536} INFO - Filling up the DagBag from /home/airflow/.local/lib/python3.8/site-packages/airflow/example_dags/example_xcomargs.py
[2025-12-11T00:53:48.646+0000] {processor.py:839} INFO - DAG(s) dict_keys(['example_xcom_args', 'example_xcom_args_with_operators']) retrieved from /home/airflow/.local/lib/python3.8/site-packages/airflow/example_dags/example_xcomargs.py
[2025-12-11T00:53:48.662+0000] {logging_mixin.py:154} INFO - [2025-12-11T00:53:48.662+0000] {dag.py:2941} INFO - Sync 2 DAGs
[2025-12-11T00:53:48.670+0000] {logging_mixin.py:154} INFO - [2025-12-11T00:53:48.670+0000] {dag.py:3722} INFO - Setting next_dagrun for example_xcom_args to None, run_after=None
[2025-12-11T00:53:48.672+0000] {logging_mixin.py:154} INFO - [2025-12-11T00:53:48.672+0000] {dag.py:3722} INFO - Setting next_dagrun for example_xcom_args_with_operators to None, run_after=None
[2025-12-11T00:53:48.687+0000] {processor.py:179} INFO - Processing /home/airflow/.local/lib/python3.8/site-packages/airflow/example_dags/example_xcomargs.py took 0.052 seconds
[2025-12-11T00:54:18.979+0000] {processor.py:157} INFO - Started process (PID=1931) to work on /home/airflow/.local/lib/python3.8/site-packages/airflow/example_dags/example_xcomargs.py
[2025-12-11T00:54:18.980+0000] {processor.py:829} INFO - Processing file /home/airflow/.local/lib/python3.8/site-packages/airflow/example_dags/example_xcomargs.py for tasks to queue
[2025-12-11T00:54:18.982+0000] {logging_mixin.py:154} INFO - [2025-12-11T00:54:18.982+0000] {dagbag.py:536} INFO - Filling up the DagBag from /home/airflow/.local/lib/python3.8/site-packages/airflow/example_dags/example_xcomargs.py
[2025-12-11T00:54:18.987+0000] {processor.py:839} INFO - DAG(s) dict_keys(['example_xcom_args', 'example_xcom_args_with_operators']) retrieved from /home/airflow/.local/lib/python3.8/site-packages/airflow/example_dags/example_xcomargs.py
[2025-12-11T00:54:19.002+0000] {logging_mixin.py:154} INFO - [2025-12-11T00:54:19.001+0000] {dag.py:2941} INFO - Sync 2 DAGs
[2025-12-11T00:54:19.009+0000] {logging_mixin.py:154} INFO - [2025-12-11T00:54:19.009+0000] {dag.py:3722} INFO - Setting next_dagrun for example_xcom_args to None, run_after=None
[2025-12-11T00:54:19.011+0000] {logging_mixin.py:154} INFO - [2025-12-11T00:54:19.011+0000] {dag.py:3722} INFO - Setting next_dagrun for example_xcom_args_with_operators to None, run_after=None
[2025-12-11T00:54:19.022+0000] {processor.py:179} INFO - Processing /home/airflow/.local/lib/python3.8/site-packages/airflow/example_dags/example_xcomargs.py took 0.047 seconds
[2025-12-11T00:54:49.412+0000] {processor.py:157} INFO - Started process (PID=1986) to work on /home/airflow/.local/lib/python3.8/site-packages/airflow/example_dags/example_xcomargs.py
[2025-12-11T00:54:49.413+0000] {processor.py:829} INFO - Processing file /home/airflow/.local/lib/python3.8/site-packages/airflow/example_dags/example_xcomargs.py for tasks to queue
[2025-12-11T00:54:49.414+0000] {logging_mixin.py:154} INFO - [2025-12-11T00:54:49.414+0000] {dagbag.py:536} INFO - Filling up the DagBag from /home/airflow/.local/lib/python3.8/site-packages/airflow/example_dags/example_xcomargs.py
[2025-12-11T00:54:49.418+0000] {processor.py:839} INFO - DAG(s) dict_keys(['example_xcom_args_with_operators', 'example_xcom_args']) retrieved from /home/airflow/.local/lib/python3.8/site-packages/airflow/example_dags/example_xcomargs.py
[2025-12-11T00:54:49.434+0000] {logging_mixin.py:154} INFO - [2025-12-11T00:54:49.434+0000] {dag.py:2941} INFO - Sync 2 DAGs
[2025-12-11T00:54:49.441+0000] {logging_mixin.py:154} INFO - [2025-12-11T00:54:49.441+0000] {dag.py:3722} INFO - Setting next_dagrun for example_xcom_args to None, run_after=None
[2025-12-11T00:54:49.443+0000] {logging_mixin.py:154} INFO - [2025-12-11T00:54:49.443+0000] {dag.py:3722} INFO - Setting next_dagrun for example_xcom_args_with_operators to None, run_after=None
[2025-12-11T00:54:49.453+0000] {processor.py:179} INFO - Processing /home/airflow/.local/lib/python3.8/site-packages/airflow/example_dags/example_xcomargs.py took 0.044 seconds
[2025-12-11T00:55:19.912+0000] {processor.py:157} INFO - Started process (PID=2040) to work on /home/airflow/.local/lib/python3.8/site-packages/airflow/example_dags/example_xcomargs.py
[2025-12-11T00:55:19.912+0000] {processor.py:829} INFO - Processing file /home/airflow/.local/lib/python3.8/site-packages/airflow/example_dags/example_xcomargs.py for tasks to queue
[2025-12-11T00:55:19.914+0000] {logging_mixin.py:154} INFO - [2025-12-11T00:55:19.914+0000] {dagbag.py:536} INFO - Filling up the DagBag from /home/airflow/.local/lib/python3.8/site-packages/airflow/example_dags/example_xcomargs.py
[2025-12-11T00:55:19.919+0000] {processor.py:839} INFO - DAG(s) dict_keys(['example_xcom_args_with_operators', 'example_xcom_args']) retrieved from /home/airflow/.local/lib/python3.8/site-packages/airflow/example_dags/example_xcomargs.py
[2025-12-11T00:55:19.937+0000] {logging_mixin.py:154} INFO - [2025-12-11T00:55:19.937+0000] {dag.py:2941} INFO - Sync 2 DAGs
[2025-12-11T00:55:19.945+0000] {logging_mixin.py:154} INFO - [2025-12-11T00:55:19.945+0000] {dag.py:3722} INFO - Setting next_dagrun for example_xcom_args to None, run_after=None
[2025-12-11T00:55:19.948+0000] {logging_mixin.py:154} INFO - [2025-12-11T00:55:19.948+0000] {dag.py:3722} INFO - Setting next_dagrun for example_xcom_args_with_operators to None, run_after=None
[2025-12-11T00:55:19.958+0000] {processor.py:179} INFO - Processing /home/airflow/.local/lib/python3.8/site-packages/airflow/example_dags/example_xcomargs.py took 0.049 seconds
