[2025-12-11T00:38:17.127+0000] {processor.py:157} INFO - Started process (PID=209) to work on /home/airflow/.local/lib/python3.8/site-packages/airflow/example_dags/example_time_delta_sensor_async.py
[2025-12-11T00:38:17.128+0000] {processor.py:829} INFO - Processing file /home/airflow/.local/lib/python3.8/site-packages/airflow/example_dags/example_time_delta_sensor_async.py for tasks to queue
[2025-12-11T00:38:17.129+0000] {logging_mixin.py:154} INFO - [2025-12-11T00:38:17.129+0000] {dagbag.py:536} INFO - Filling up the DagBag from /home/airflow/.local/lib/python3.8/site-packages/airflow/example_dags/example_time_delta_sensor_async.py
[2025-12-11T00:38:17.132+0000] {processor.py:839} INFO - DAG(s) dict_keys(['example_time_delta_sensor_async']) retrieved from /home/airflow/.local/lib/python3.8/site-packages/airflow/example_dags/example_time_delta_sensor_async.py
[2025-12-11T00:38:17.141+0000] {logging_mixin.py:154} INFO - [2025-12-11T00:38:17.141+0000] {dag.py:2941} INFO - Sync 1 DAGs
[2025-12-11T00:38:17.152+0000] {logging_mixin.py:154} INFO - [2025-12-11T00:38:17.152+0000] {dag.py:3722} INFO - Setting next_dagrun for example_time_delta_sensor_async to None, run_after=None
[2025-12-11T00:38:17.166+0000] {processor.py:179} INFO - Processing /home/airflow/.local/lib/python3.8/site-packages/airflow/example_dags/example_time_delta_sensor_async.py took 0.041 seconds
[2025-12-11T00:38:47.625+0000] {processor.py:157} INFO - Started process (PID=267) to work on /home/airflow/.local/lib/python3.8/site-packages/airflow/example_dags/example_time_delta_sensor_async.py
[2025-12-11T00:38:47.626+0000] {processor.py:829} INFO - Processing file /home/airflow/.local/lib/python3.8/site-packages/airflow/example_dags/example_time_delta_sensor_async.py for tasks to queue
[2025-12-11T00:38:47.628+0000] {logging_mixin.py:154} INFO - [2025-12-11T00:38:47.628+0000] {dagbag.py:536} INFO - Filling up the DagBag from /home/airflow/.local/lib/python3.8/site-packages/airflow/example_dags/example_time_delta_sensor_async.py
[2025-12-11T00:38:47.632+0000] {processor.py:839} INFO - DAG(s) dict_keys(['example_time_delta_sensor_async']) retrieved from /home/airflow/.local/lib/python3.8/site-packages/airflow/example_dags/example_time_delta_sensor_async.py
[2025-12-11T00:38:47.644+0000] {logging_mixin.py:154} INFO - [2025-12-11T00:38:47.644+0000] {dag.py:2941} INFO - Sync 1 DAGs
[2025-12-11T00:38:47.653+0000] {logging_mixin.py:154} INFO - [2025-12-11T00:38:47.653+0000] {dag.py:3722} INFO - Setting next_dagrun for example_time_delta_sensor_async to None, run_after=None
[2025-12-11T00:38:47.675+0000] {processor.py:179} INFO - Processing /home/airflow/.local/lib/python3.8/site-packages/airflow/example_dags/example_time_delta_sensor_async.py took 0.052 seconds
[2025-12-11T00:39:18.139+0000] {processor.py:157} INFO - Started process (PID=323) to work on /home/airflow/.local/lib/python3.8/site-packages/airflow/example_dags/example_time_delta_sensor_async.py
[2025-12-11T00:39:18.139+0000] {processor.py:829} INFO - Processing file /home/airflow/.local/lib/python3.8/site-packages/airflow/example_dags/example_time_delta_sensor_async.py for tasks to queue
[2025-12-11T00:39:18.141+0000] {logging_mixin.py:154} INFO - [2025-12-11T00:39:18.141+0000] {dagbag.py:536} INFO - Filling up the DagBag from /home/airflow/.local/lib/python3.8/site-packages/airflow/example_dags/example_time_delta_sensor_async.py
[2025-12-11T00:39:18.146+0000] {processor.py:839} INFO - DAG(s) dict_keys(['example_time_delta_sensor_async']) retrieved from /home/airflow/.local/lib/python3.8/site-packages/airflow/example_dags/example_time_delta_sensor_async.py
[2025-12-11T00:39:18.159+0000] {logging_mixin.py:154} INFO - [2025-12-11T00:39:18.159+0000] {dag.py:2941} INFO - Sync 1 DAGs
[2025-12-11T00:39:18.167+0000] {logging_mixin.py:154} INFO - [2025-12-11T00:39:18.167+0000] {dag.py:3722} INFO - Setting next_dagrun for example_time_delta_sensor_async to None, run_after=None
[2025-12-11T00:39:18.184+0000] {processor.py:179} INFO - Processing /home/airflow/.local/lib/python3.8/site-packages/airflow/example_dags/example_time_delta_sensor_async.py took 0.049 seconds
[2025-12-11T00:39:48.413+0000] {processor.py:157} INFO - Started process (PID=378) to work on /home/airflow/.local/lib/python3.8/site-packages/airflow/example_dags/example_time_delta_sensor_async.py
[2025-12-11T00:39:48.414+0000] {processor.py:829} INFO - Processing file /home/airflow/.local/lib/python3.8/site-packages/airflow/example_dags/example_time_delta_sensor_async.py for tasks to queue
[2025-12-11T00:39:48.415+0000] {logging_mixin.py:154} INFO - [2025-12-11T00:39:48.415+0000] {dagbag.py:536} INFO - Filling up the DagBag from /home/airflow/.local/lib/python3.8/site-packages/airflow/example_dags/example_time_delta_sensor_async.py
[2025-12-11T00:39:48.418+0000] {processor.py:839} INFO - DAG(s) dict_keys(['example_time_delta_sensor_async']) retrieved from /home/airflow/.local/lib/python3.8/site-packages/airflow/example_dags/example_time_delta_sensor_async.py
[2025-12-11T00:39:48.430+0000] {logging_mixin.py:154} INFO - [2025-12-11T00:39:48.430+0000] {dag.py:2941} INFO - Sync 1 DAGs
[2025-12-11T00:39:48.438+0000] {logging_mixin.py:154} INFO - [2025-12-11T00:39:48.438+0000] {dag.py:3722} INFO - Setting next_dagrun for example_time_delta_sensor_async to None, run_after=None
[2025-12-11T00:39:48.462+0000] {processor.py:179} INFO - Processing /home/airflow/.local/lib/python3.8/site-packages/airflow/example_dags/example_time_delta_sensor_async.py took 0.051 seconds
[2025-12-11T00:40:25.667+0000] {processor.py:157} INFO - Started process (PID=440) to work on /home/airflow/.local/lib/python3.8/site-packages/airflow/example_dags/example_time_delta_sensor_async.py
[2025-12-11T00:40:25.668+0000] {processor.py:829} INFO - Processing file /home/airflow/.local/lib/python3.8/site-packages/airflow/example_dags/example_time_delta_sensor_async.py for tasks to queue
[2025-12-11T00:40:25.669+0000] {logging_mixin.py:154} INFO - [2025-12-11T00:40:25.669+0000] {dagbag.py:536} INFO - Filling up the DagBag from /home/airflow/.local/lib/python3.8/site-packages/airflow/example_dags/example_time_delta_sensor_async.py
[2025-12-11T00:40:25.672+0000] {processor.py:839} INFO - DAG(s) dict_keys(['example_time_delta_sensor_async']) retrieved from /home/airflow/.local/lib/python3.8/site-packages/airflow/example_dags/example_time_delta_sensor_async.py
[2025-12-11T00:40:25.687+0000] {logging_mixin.py:154} INFO - [2025-12-11T00:40:25.687+0000] {dag.py:2941} INFO - Sync 1 DAGs
[2025-12-11T00:40:25.695+0000] {logging_mixin.py:154} INFO - [2025-12-11T00:40:25.695+0000] {dag.py:3722} INFO - Setting next_dagrun for example_time_delta_sensor_async to None, run_after=None
[2025-12-11T00:40:25.706+0000] {processor.py:179} INFO - Processing /home/airflow/.local/lib/python3.8/site-packages/airflow/example_dags/example_time_delta_sensor_async.py took 0.042 seconds
[2025-12-11T00:40:56.420+0000] {processor.py:157} INFO - Started process (PID=495) to work on /home/airflow/.local/lib/python3.8/site-packages/airflow/example_dags/example_time_delta_sensor_async.py
[2025-12-11T00:40:56.420+0000] {processor.py:829} INFO - Processing file /home/airflow/.local/lib/python3.8/site-packages/airflow/example_dags/example_time_delta_sensor_async.py for tasks to queue
[2025-12-11T00:40:56.422+0000] {logging_mixin.py:154} INFO - [2025-12-11T00:40:56.421+0000] {dagbag.py:536} INFO - Filling up the DagBag from /home/airflow/.local/lib/python3.8/site-packages/airflow/example_dags/example_time_delta_sensor_async.py
[2025-12-11T00:40:56.424+0000] {processor.py:839} INFO - DAG(s) dict_keys(['example_time_delta_sensor_async']) retrieved from /home/airflow/.local/lib/python3.8/site-packages/airflow/example_dags/example_time_delta_sensor_async.py
[2025-12-11T00:40:56.439+0000] {logging_mixin.py:154} INFO - [2025-12-11T00:40:56.439+0000] {dag.py:2941} INFO - Sync 1 DAGs
[2025-12-11T00:40:56.446+0000] {logging_mixin.py:154} INFO - [2025-12-11T00:40:56.446+0000] {dag.py:3722} INFO - Setting next_dagrun for example_time_delta_sensor_async to None, run_after=None
[2025-12-11T00:40:56.458+0000] {processor.py:179} INFO - Processing /home/airflow/.local/lib/python3.8/site-packages/airflow/example_dags/example_time_delta_sensor_async.py took 0.042 seconds
[2025-12-11T00:41:33.713+0000] {processor.py:157} INFO - Started process (PID=550) to work on /home/airflow/.local/lib/python3.8/site-packages/airflow/example_dags/example_time_delta_sensor_async.py
[2025-12-11T00:41:33.714+0000] {processor.py:829} INFO - Processing file /home/airflow/.local/lib/python3.8/site-packages/airflow/example_dags/example_time_delta_sensor_async.py for tasks to queue
[2025-12-11T00:41:33.716+0000] {logging_mixin.py:154} INFO - [2025-12-11T00:41:33.715+0000] {dagbag.py:536} INFO - Filling up the DagBag from /home/airflow/.local/lib/python3.8/site-packages/airflow/example_dags/example_time_delta_sensor_async.py
[2025-12-11T00:41:33.719+0000] {processor.py:839} INFO - DAG(s) dict_keys(['example_time_delta_sensor_async']) retrieved from /home/airflow/.local/lib/python3.8/site-packages/airflow/example_dags/example_time_delta_sensor_async.py
[2025-12-11T00:41:33.734+0000] {logging_mixin.py:154} INFO - [2025-12-11T00:41:33.733+0000] {dag.py:2941} INFO - Sync 1 DAGs
[2025-12-11T00:41:33.741+0000] {logging_mixin.py:154} INFO - [2025-12-11T00:41:33.741+0000] {dag.py:3722} INFO - Setting next_dagrun for example_time_delta_sensor_async to None, run_after=None
[2025-12-11T00:41:33.753+0000] {processor.py:179} INFO - Processing /home/airflow/.local/lib/python3.8/site-packages/airflow/example_dags/example_time_delta_sensor_async.py took 0.043 seconds
[2025-12-11T00:42:06.390+0000] {processor.py:157} INFO - Started process (PID=605) to work on /home/airflow/.local/lib/python3.8/site-packages/airflow/example_dags/example_time_delta_sensor_async.py
[2025-12-11T00:42:06.392+0000] {processor.py:829} INFO - Processing file /home/airflow/.local/lib/python3.8/site-packages/airflow/example_dags/example_time_delta_sensor_async.py for tasks to queue
[2025-12-11T00:42:06.394+0000] {logging_mixin.py:154} INFO - [2025-12-11T00:42:06.394+0000] {dagbag.py:536} INFO - Filling up the DagBag from /home/airflow/.local/lib/python3.8/site-packages/airflow/example_dags/example_time_delta_sensor_async.py
[2025-12-11T00:42:06.396+0000] {processor.py:839} INFO - DAG(s) dict_keys(['example_time_delta_sensor_async']) retrieved from /home/airflow/.local/lib/python3.8/site-packages/airflow/example_dags/example_time_delta_sensor_async.py
[2025-12-11T00:42:06.410+0000] {logging_mixin.py:154} INFO - [2025-12-11T00:42:06.410+0000] {dag.py:2941} INFO - Sync 1 DAGs
[2025-12-11T00:42:06.418+0000] {logging_mixin.py:154} INFO - [2025-12-11T00:42:06.417+0000] {dag.py:3722} INFO - Setting next_dagrun for example_time_delta_sensor_async to None, run_after=None
[2025-12-11T00:42:06.431+0000] {processor.py:179} INFO - Processing /home/airflow/.local/lib/python3.8/site-packages/airflow/example_dags/example_time_delta_sensor_async.py took 0.043 seconds
[2025-12-11T00:42:37.175+0000] {processor.py:157} INFO - Started process (PID=660) to work on /home/airflow/.local/lib/python3.8/site-packages/airflow/example_dags/example_time_delta_sensor_async.py
[2025-12-11T00:42:37.176+0000] {processor.py:829} INFO - Processing file /home/airflow/.local/lib/python3.8/site-packages/airflow/example_dags/example_time_delta_sensor_async.py for tasks to queue
[2025-12-11T00:42:37.178+0000] {logging_mixin.py:154} INFO - [2025-12-11T00:42:37.178+0000] {dagbag.py:536} INFO - Filling up the DagBag from /home/airflow/.local/lib/python3.8/site-packages/airflow/example_dags/example_time_delta_sensor_async.py
[2025-12-11T00:42:37.182+0000] {processor.py:839} INFO - DAG(s) dict_keys(['example_time_delta_sensor_async']) retrieved from /home/airflow/.local/lib/python3.8/site-packages/airflow/example_dags/example_time_delta_sensor_async.py
[2025-12-11T00:42:37.198+0000] {logging_mixin.py:154} INFO - [2025-12-11T00:42:37.198+0000] {dag.py:2941} INFO - Sync 1 DAGs
[2025-12-11T00:42:37.207+0000] {logging_mixin.py:154} INFO - [2025-12-11T00:42:37.207+0000] {dag.py:3722} INFO - Setting next_dagrun for example_time_delta_sensor_async to None, run_after=None
[2025-12-11T00:42:37.220+0000] {processor.py:179} INFO - Processing /home/airflow/.local/lib/python3.8/site-packages/airflow/example_dags/example_time_delta_sensor_async.py took 0.047 seconds
[2025-12-11T00:43:08.148+0000] {processor.py:157} INFO - Started process (PID=715) to work on /home/airflow/.local/lib/python3.8/site-packages/airflow/example_dags/example_time_delta_sensor_async.py
[2025-12-11T00:43:08.149+0000] {processor.py:829} INFO - Processing file /home/airflow/.local/lib/python3.8/site-packages/airflow/example_dags/example_time_delta_sensor_async.py for tasks to queue
[2025-12-11T00:43:08.150+0000] {logging_mixin.py:154} INFO - [2025-12-11T00:43:08.150+0000] {dagbag.py:536} INFO - Filling up the DagBag from /home/airflow/.local/lib/python3.8/site-packages/airflow/example_dags/example_time_delta_sensor_async.py
[2025-12-11T00:43:08.153+0000] {processor.py:839} INFO - DAG(s) dict_keys(['example_time_delta_sensor_async']) retrieved from /home/airflow/.local/lib/python3.8/site-packages/airflow/example_dags/example_time_delta_sensor_async.py
[2025-12-11T00:43:08.167+0000] {logging_mixin.py:154} INFO - [2025-12-11T00:43:08.167+0000] {dag.py:2941} INFO - Sync 1 DAGs
[2025-12-11T00:43:08.175+0000] {logging_mixin.py:154} INFO - [2025-12-11T00:43:08.175+0000] {dag.py:3722} INFO - Setting next_dagrun for example_time_delta_sensor_async to None, run_after=None
[2025-12-11T00:43:08.186+0000] {processor.py:179} INFO - Processing /home/airflow/.local/lib/python3.8/site-packages/airflow/example_dags/example_time_delta_sensor_async.py took 0.041 seconds
[2025-12-11T00:43:39.078+0000] {processor.py:157} INFO - Started process (PID=770) to work on /home/airflow/.local/lib/python3.8/site-packages/airflow/example_dags/example_time_delta_sensor_async.py
[2025-12-11T00:43:39.079+0000] {processor.py:829} INFO - Processing file /home/airflow/.local/lib/python3.8/site-packages/airflow/example_dags/example_time_delta_sensor_async.py for tasks to queue
[2025-12-11T00:43:39.080+0000] {logging_mixin.py:154} INFO - [2025-12-11T00:43:39.080+0000] {dagbag.py:536} INFO - Filling up the DagBag from /home/airflow/.local/lib/python3.8/site-packages/airflow/example_dags/example_time_delta_sensor_async.py
[2025-12-11T00:43:39.082+0000] {processor.py:839} INFO - DAG(s) dict_keys(['example_time_delta_sensor_async']) retrieved from /home/airflow/.local/lib/python3.8/site-packages/airflow/example_dags/example_time_delta_sensor_async.py
[2025-12-11T00:43:39.096+0000] {logging_mixin.py:154} INFO - [2025-12-11T00:43:39.096+0000] {dag.py:2941} INFO - Sync 1 DAGs
[2025-12-11T00:43:39.104+0000] {logging_mixin.py:154} INFO - [2025-12-11T00:43:39.104+0000] {dag.py:3722} INFO - Setting next_dagrun for example_time_delta_sensor_async to None, run_after=None
[2025-12-11T00:43:39.115+0000] {processor.py:179} INFO - Processing /home/airflow/.local/lib/python3.8/site-packages/airflow/example_dags/example_time_delta_sensor_async.py took 0.039 seconds
[2025-12-11T00:44:09.795+0000] {processor.py:157} INFO - Started process (PID=826) to work on /home/airflow/.local/lib/python3.8/site-packages/airflow/example_dags/example_time_delta_sensor_async.py
[2025-12-11T00:44:09.796+0000] {processor.py:829} INFO - Processing file /home/airflow/.local/lib/python3.8/site-packages/airflow/example_dags/example_time_delta_sensor_async.py for tasks to queue
[2025-12-11T00:44:09.797+0000] {logging_mixin.py:154} INFO - [2025-12-11T00:44:09.797+0000] {dagbag.py:536} INFO - Filling up the DagBag from /home/airflow/.local/lib/python3.8/site-packages/airflow/example_dags/example_time_delta_sensor_async.py
[2025-12-11T00:44:09.800+0000] {processor.py:839} INFO - DAG(s) dict_keys(['example_time_delta_sensor_async']) retrieved from /home/airflow/.local/lib/python3.8/site-packages/airflow/example_dags/example_time_delta_sensor_async.py
[2025-12-11T00:44:09.813+0000] {logging_mixin.py:154} INFO - [2025-12-11T00:44:09.813+0000] {dag.py:2941} INFO - Sync 1 DAGs
[2025-12-11T00:44:09.821+0000] {logging_mixin.py:154} INFO - [2025-12-11T00:44:09.821+0000] {dag.py:3722} INFO - Setting next_dagrun for example_time_delta_sensor_async to None, run_after=None
[2025-12-11T00:44:09.832+0000] {processor.py:179} INFO - Processing /home/airflow/.local/lib/python3.8/site-packages/airflow/example_dags/example_time_delta_sensor_async.py took 0.039 seconds
[2025-12-11T00:44:40.235+0000] {processor.py:157} INFO - Started process (PID=881) to work on /home/airflow/.local/lib/python3.8/site-packages/airflow/example_dags/example_time_delta_sensor_async.py
[2025-12-11T00:44:40.236+0000] {processor.py:829} INFO - Processing file /home/airflow/.local/lib/python3.8/site-packages/airflow/example_dags/example_time_delta_sensor_async.py for tasks to queue
[2025-12-11T00:44:40.237+0000] {logging_mixin.py:154} INFO - [2025-12-11T00:44:40.237+0000] {dagbag.py:536} INFO - Filling up the DagBag from /home/airflow/.local/lib/python3.8/site-packages/airflow/example_dags/example_time_delta_sensor_async.py
[2025-12-11T00:44:40.239+0000] {processor.py:839} INFO - DAG(s) dict_keys(['example_time_delta_sensor_async']) retrieved from /home/airflow/.local/lib/python3.8/site-packages/airflow/example_dags/example_time_delta_sensor_async.py
[2025-12-11T00:44:40.250+0000] {logging_mixin.py:154} INFO - [2025-12-11T00:44:40.250+0000] {dag.py:2941} INFO - Sync 1 DAGs
[2025-12-11T00:44:40.257+0000] {logging_mixin.py:154} INFO - [2025-12-11T00:44:40.257+0000] {dag.py:3722} INFO - Setting next_dagrun for example_time_delta_sensor_async to None, run_after=None
[2025-12-11T00:44:40.268+0000] {processor.py:179} INFO - Processing /home/airflow/.local/lib/python3.8/site-packages/airflow/example_dags/example_time_delta_sensor_async.py took 0.035 seconds
[2025-12-11T00:45:10.677+0000] {processor.py:157} INFO - Started process (PID=936) to work on /home/airflow/.local/lib/python3.8/site-packages/airflow/example_dags/example_time_delta_sensor_async.py
[2025-12-11T00:45:10.678+0000] {processor.py:829} INFO - Processing file /home/airflow/.local/lib/python3.8/site-packages/airflow/example_dags/example_time_delta_sensor_async.py for tasks to queue
[2025-12-11T00:45:10.679+0000] {logging_mixin.py:154} INFO - [2025-12-11T00:45:10.679+0000] {dagbag.py:536} INFO - Filling up the DagBag from /home/airflow/.local/lib/python3.8/site-packages/airflow/example_dags/example_time_delta_sensor_async.py
[2025-12-11T00:45:10.681+0000] {processor.py:839} INFO - DAG(s) dict_keys(['example_time_delta_sensor_async']) retrieved from /home/airflow/.local/lib/python3.8/site-packages/airflow/example_dags/example_time_delta_sensor_async.py
[2025-12-11T00:45:10.694+0000] {logging_mixin.py:154} INFO - [2025-12-11T00:45:10.693+0000] {dag.py:2941} INFO - Sync 1 DAGs
[2025-12-11T00:45:10.700+0000] {logging_mixin.py:154} INFO - [2025-12-11T00:45:10.700+0000] {dag.py:3722} INFO - Setting next_dagrun for example_time_delta_sensor_async to None, run_after=None
[2025-12-11T00:45:10.710+0000] {processor.py:179} INFO - Processing /home/airflow/.local/lib/python3.8/site-packages/airflow/example_dags/example_time_delta_sensor_async.py took 0.035 seconds
[2025-12-11T00:45:41.178+0000] {processor.py:157} INFO - Started process (PID=991) to work on /home/airflow/.local/lib/python3.8/site-packages/airflow/example_dags/example_time_delta_sensor_async.py
[2025-12-11T00:45:41.179+0000] {processor.py:829} INFO - Processing file /home/airflow/.local/lib/python3.8/site-packages/airflow/example_dags/example_time_delta_sensor_async.py for tasks to queue
[2025-12-11T00:45:41.181+0000] {logging_mixin.py:154} INFO - [2025-12-11T00:45:41.181+0000] {dagbag.py:536} INFO - Filling up the DagBag from /home/airflow/.local/lib/python3.8/site-packages/airflow/example_dags/example_time_delta_sensor_async.py
[2025-12-11T00:45:41.184+0000] {processor.py:839} INFO - DAG(s) dict_keys(['example_time_delta_sensor_async']) retrieved from /home/airflow/.local/lib/python3.8/site-packages/airflow/example_dags/example_time_delta_sensor_async.py
[2025-12-11T00:45:41.198+0000] {logging_mixin.py:154} INFO - [2025-12-11T00:45:41.197+0000] {dag.py:2941} INFO - Sync 1 DAGs
[2025-12-11T00:45:41.206+0000] {logging_mixin.py:154} INFO - [2025-12-11T00:45:41.205+0000] {dag.py:3722} INFO - Setting next_dagrun for example_time_delta_sensor_async to None, run_after=None
[2025-12-11T00:45:41.217+0000] {processor.py:179} INFO - Processing /home/airflow/.local/lib/python3.8/site-packages/airflow/example_dags/example_time_delta_sensor_async.py took 0.041 seconds
[2025-12-11T00:46:11.634+0000] {processor.py:157} INFO - Started process (PID=1046) to work on /home/airflow/.local/lib/python3.8/site-packages/airflow/example_dags/example_time_delta_sensor_async.py
[2025-12-11T00:46:11.635+0000] {processor.py:829} INFO - Processing file /home/airflow/.local/lib/python3.8/site-packages/airflow/example_dags/example_time_delta_sensor_async.py for tasks to queue
[2025-12-11T00:46:11.637+0000] {logging_mixin.py:154} INFO - [2025-12-11T00:46:11.636+0000] {dagbag.py:536} INFO - Filling up the DagBag from /home/airflow/.local/lib/python3.8/site-packages/airflow/example_dags/example_time_delta_sensor_async.py
[2025-12-11T00:46:11.640+0000] {processor.py:839} INFO - DAG(s) dict_keys(['example_time_delta_sensor_async']) retrieved from /home/airflow/.local/lib/python3.8/site-packages/airflow/example_dags/example_time_delta_sensor_async.py
[2025-12-11T00:46:11.653+0000] {logging_mixin.py:154} INFO - [2025-12-11T00:46:11.653+0000] {dag.py:2941} INFO - Sync 1 DAGs
[2025-12-11T00:46:11.660+0000] {logging_mixin.py:154} INFO - [2025-12-11T00:46:11.660+0000] {dag.py:3722} INFO - Setting next_dagrun for example_time_delta_sensor_async to None, run_after=None
[2025-12-11T00:46:11.670+0000] {processor.py:179} INFO - Processing /home/airflow/.local/lib/python3.8/site-packages/airflow/example_dags/example_time_delta_sensor_async.py took 0.039 seconds
[2025-12-11T00:46:42.302+0000] {processor.py:157} INFO - Started process (PID=1101) to work on /home/airflow/.local/lib/python3.8/site-packages/airflow/example_dags/example_time_delta_sensor_async.py
[2025-12-11T00:46:42.302+0000] {processor.py:829} INFO - Processing file /home/airflow/.local/lib/python3.8/site-packages/airflow/example_dags/example_time_delta_sensor_async.py for tasks to queue
[2025-12-11T00:46:42.304+0000] {logging_mixin.py:154} INFO - [2025-12-11T00:46:42.304+0000] {dagbag.py:536} INFO - Filling up the DagBag from /home/airflow/.local/lib/python3.8/site-packages/airflow/example_dags/example_time_delta_sensor_async.py
[2025-12-11T00:46:42.306+0000] {processor.py:839} INFO - DAG(s) dict_keys(['example_time_delta_sensor_async']) retrieved from /home/airflow/.local/lib/python3.8/site-packages/airflow/example_dags/example_time_delta_sensor_async.py
[2025-12-11T00:46:42.320+0000] {logging_mixin.py:154} INFO - [2025-12-11T00:46:42.319+0000] {dag.py:2941} INFO - Sync 1 DAGs
[2025-12-11T00:46:42.327+0000] {logging_mixin.py:154} INFO - [2025-12-11T00:46:42.327+0000] {dag.py:3722} INFO - Setting next_dagrun for example_time_delta_sensor_async to None, run_after=None
[2025-12-11T00:46:42.337+0000] {processor.py:179} INFO - Processing /home/airflow/.local/lib/python3.8/site-packages/airflow/example_dags/example_time_delta_sensor_async.py took 0.038 seconds
[2025-12-11T00:47:12.883+0000] {processor.py:157} INFO - Started process (PID=1156) to work on /home/airflow/.local/lib/python3.8/site-packages/airflow/example_dags/example_time_delta_sensor_async.py
[2025-12-11T00:47:12.883+0000] {processor.py:829} INFO - Processing file /home/airflow/.local/lib/python3.8/site-packages/airflow/example_dags/example_time_delta_sensor_async.py for tasks to queue
[2025-12-11T00:47:12.885+0000] {logging_mixin.py:154} INFO - [2025-12-11T00:47:12.885+0000] {dagbag.py:536} INFO - Filling up the DagBag from /home/airflow/.local/lib/python3.8/site-packages/airflow/example_dags/example_time_delta_sensor_async.py
[2025-12-11T00:47:12.888+0000] {processor.py:839} INFO - DAG(s) dict_keys(['example_time_delta_sensor_async']) retrieved from /home/airflow/.local/lib/python3.8/site-packages/airflow/example_dags/example_time_delta_sensor_async.py
[2025-12-11T00:47:12.900+0000] {logging_mixin.py:154} INFO - [2025-12-11T00:47:12.900+0000] {dag.py:2941} INFO - Sync 1 DAGs
[2025-12-11T00:47:12.907+0000] {logging_mixin.py:154} INFO - [2025-12-11T00:47:12.907+0000] {dag.py:3722} INFO - Setting next_dagrun for example_time_delta_sensor_async to None, run_after=None
[2025-12-11T00:47:12.919+0000] {processor.py:179} INFO - Processing /home/airflow/.local/lib/python3.8/site-packages/airflow/example_dags/example_time_delta_sensor_async.py took 0.039 seconds
[2025-12-11T00:47:43.479+0000] {processor.py:157} INFO - Started process (PID=1211) to work on /home/airflow/.local/lib/python3.8/site-packages/airflow/example_dags/example_time_delta_sensor_async.py
[2025-12-11T00:47:43.480+0000] {processor.py:829} INFO - Processing file /home/airflow/.local/lib/python3.8/site-packages/airflow/example_dags/example_time_delta_sensor_async.py for tasks to queue
[2025-12-11T00:47:43.482+0000] {logging_mixin.py:154} INFO - [2025-12-11T00:47:43.482+0000] {dagbag.py:536} INFO - Filling up the DagBag from /home/airflow/.local/lib/python3.8/site-packages/airflow/example_dags/example_time_delta_sensor_async.py
[2025-12-11T00:47:43.484+0000] {processor.py:839} INFO - DAG(s) dict_keys(['example_time_delta_sensor_async']) retrieved from /home/airflow/.local/lib/python3.8/site-packages/airflow/example_dags/example_time_delta_sensor_async.py
[2025-12-11T00:47:43.498+0000] {logging_mixin.py:154} INFO - [2025-12-11T00:47:43.498+0000] {dag.py:2941} INFO - Sync 1 DAGs
[2025-12-11T00:47:43.506+0000] {logging_mixin.py:154} INFO - [2025-12-11T00:47:43.506+0000] {dag.py:3722} INFO - Setting next_dagrun for example_time_delta_sensor_async to None, run_after=None
[2025-12-11T00:47:43.515+0000] {processor.py:179} INFO - Processing /home/airflow/.local/lib/python3.8/site-packages/airflow/example_dags/example_time_delta_sensor_async.py took 0.040 seconds
[2025-12-11T00:48:13.666+0000] {processor.py:157} INFO - Started process (PID=1266) to work on /home/airflow/.local/lib/python3.8/site-packages/airflow/example_dags/example_time_delta_sensor_async.py
[2025-12-11T00:48:13.667+0000] {processor.py:829} INFO - Processing file /home/airflow/.local/lib/python3.8/site-packages/airflow/example_dags/example_time_delta_sensor_async.py for tasks to queue
[2025-12-11T00:48:13.668+0000] {logging_mixin.py:154} INFO - [2025-12-11T00:48:13.668+0000] {dagbag.py:536} INFO - Filling up the DagBag from /home/airflow/.local/lib/python3.8/site-packages/airflow/example_dags/example_time_delta_sensor_async.py
[2025-12-11T00:48:13.670+0000] {processor.py:839} INFO - DAG(s) dict_keys(['example_time_delta_sensor_async']) retrieved from /home/airflow/.local/lib/python3.8/site-packages/airflow/example_dags/example_time_delta_sensor_async.py
[2025-12-11T00:48:13.683+0000] {logging_mixin.py:154} INFO - [2025-12-11T00:48:13.683+0000] {dag.py:2941} INFO - Sync 1 DAGs
[2025-12-11T00:48:13.690+0000] {logging_mixin.py:154} INFO - [2025-12-11T00:48:13.690+0000] {dag.py:3722} INFO - Setting next_dagrun for example_time_delta_sensor_async to None, run_after=None
[2025-12-11T00:48:13.700+0000] {processor.py:179} INFO - Processing /home/airflow/.local/lib/python3.8/site-packages/airflow/example_dags/example_time_delta_sensor_async.py took 0.037 seconds
[2025-12-11T00:48:44.617+0000] {processor.py:157} INFO - Started process (PID=1321) to work on /home/airflow/.local/lib/python3.8/site-packages/airflow/example_dags/example_time_delta_sensor_async.py
[2025-12-11T00:48:44.618+0000] {processor.py:829} INFO - Processing file /home/airflow/.local/lib/python3.8/site-packages/airflow/example_dags/example_time_delta_sensor_async.py for tasks to queue
[2025-12-11T00:48:44.620+0000] {logging_mixin.py:154} INFO - [2025-12-11T00:48:44.620+0000] {dagbag.py:536} INFO - Filling up the DagBag from /home/airflow/.local/lib/python3.8/site-packages/airflow/example_dags/example_time_delta_sensor_async.py
[2025-12-11T00:48:44.624+0000] {processor.py:839} INFO - DAG(s) dict_keys(['example_time_delta_sensor_async']) retrieved from /home/airflow/.local/lib/python3.8/site-packages/airflow/example_dags/example_time_delta_sensor_async.py
[2025-12-11T00:48:44.641+0000] {logging_mixin.py:154} INFO - [2025-12-11T00:48:44.641+0000] {dag.py:2941} INFO - Sync 1 DAGs
[2025-12-11T00:48:44.651+0000] {logging_mixin.py:154} INFO - [2025-12-11T00:48:44.651+0000] {dag.py:3722} INFO - Setting next_dagrun for example_time_delta_sensor_async to None, run_after=None
[2025-12-11T00:48:44.663+0000] {processor.py:179} INFO - Processing /home/airflow/.local/lib/python3.8/site-packages/airflow/example_dags/example_time_delta_sensor_async.py took 0.049 seconds
[2025-12-11T00:49:15.351+0000] {processor.py:157} INFO - Started process (PID=1376) to work on /home/airflow/.local/lib/python3.8/site-packages/airflow/example_dags/example_time_delta_sensor_async.py
[2025-12-11T00:49:15.351+0000] {processor.py:829} INFO - Processing file /home/airflow/.local/lib/python3.8/site-packages/airflow/example_dags/example_time_delta_sensor_async.py for tasks to queue
[2025-12-11T00:49:15.353+0000] {logging_mixin.py:154} INFO - [2025-12-11T00:49:15.353+0000] {dagbag.py:536} INFO - Filling up the DagBag from /home/airflow/.local/lib/python3.8/site-packages/airflow/example_dags/example_time_delta_sensor_async.py
[2025-12-11T00:49:15.357+0000] {processor.py:839} INFO - DAG(s) dict_keys(['example_time_delta_sensor_async']) retrieved from /home/airflow/.local/lib/python3.8/site-packages/airflow/example_dags/example_time_delta_sensor_async.py
[2025-12-11T00:49:15.374+0000] {logging_mixin.py:154} INFO - [2025-12-11T00:49:15.373+0000] {dag.py:2941} INFO - Sync 1 DAGs
[2025-12-11T00:49:15.381+0000] {logging_mixin.py:154} INFO - [2025-12-11T00:49:15.381+0000] {dag.py:3722} INFO - Setting next_dagrun for example_time_delta_sensor_async to None, run_after=None
[2025-12-11T00:49:15.392+0000] {processor.py:179} INFO - Processing /home/airflow/.local/lib/python3.8/site-packages/airflow/example_dags/example_time_delta_sensor_async.py took 0.044 seconds
[2025-12-11T00:49:45.491+0000] {processor.py:157} INFO - Started process (PID=1431) to work on /home/airflow/.local/lib/python3.8/site-packages/airflow/example_dags/example_time_delta_sensor_async.py
[2025-12-11T00:49:45.492+0000] {processor.py:829} INFO - Processing file /home/airflow/.local/lib/python3.8/site-packages/airflow/example_dags/example_time_delta_sensor_async.py for tasks to queue
[2025-12-11T00:49:45.493+0000] {logging_mixin.py:154} INFO - [2025-12-11T00:49:45.493+0000] {dagbag.py:536} INFO - Filling up the DagBag from /home/airflow/.local/lib/python3.8/site-packages/airflow/example_dags/example_time_delta_sensor_async.py
[2025-12-11T00:49:45.496+0000] {processor.py:839} INFO - DAG(s) dict_keys(['example_time_delta_sensor_async']) retrieved from /home/airflow/.local/lib/python3.8/site-packages/airflow/example_dags/example_time_delta_sensor_async.py
[2025-12-11T00:49:45.508+0000] {logging_mixin.py:154} INFO - [2025-12-11T00:49:45.507+0000] {dag.py:2941} INFO - Sync 1 DAGs
[2025-12-11T00:49:45.516+0000] {logging_mixin.py:154} INFO - [2025-12-11T00:49:45.516+0000] {dag.py:3722} INFO - Setting next_dagrun for example_time_delta_sensor_async to None, run_after=None
[2025-12-11T00:49:45.531+0000] {processor.py:179} INFO - Processing /home/airflow/.local/lib/python3.8/site-packages/airflow/example_dags/example_time_delta_sensor_async.py took 0.041 seconds
[2025-12-11T00:50:15.781+0000] {processor.py:157} INFO - Started process (PID=1486) to work on /home/airflow/.local/lib/python3.8/site-packages/airflow/example_dags/example_time_delta_sensor_async.py
[2025-12-11T00:50:15.781+0000] {processor.py:829} INFO - Processing file /home/airflow/.local/lib/python3.8/site-packages/airflow/example_dags/example_time_delta_sensor_async.py for tasks to queue
[2025-12-11T00:50:15.783+0000] {logging_mixin.py:154} INFO - [2025-12-11T00:50:15.782+0000] {dagbag.py:536} INFO - Filling up the DagBag from /home/airflow/.local/lib/python3.8/site-packages/airflow/example_dags/example_time_delta_sensor_async.py
[2025-12-11T00:50:15.785+0000] {processor.py:839} INFO - DAG(s) dict_keys(['example_time_delta_sensor_async']) retrieved from /home/airflow/.local/lib/python3.8/site-packages/airflow/example_dags/example_time_delta_sensor_async.py
[2025-12-11T00:50:15.804+0000] {logging_mixin.py:154} INFO - [2025-12-11T00:50:15.804+0000] {dag.py:2941} INFO - Sync 1 DAGs
[2025-12-11T00:50:15.815+0000] {logging_mixin.py:154} INFO - [2025-12-11T00:50:15.815+0000] {dag.py:3722} INFO - Setting next_dagrun for example_time_delta_sensor_async to None, run_after=None
[2025-12-11T00:50:15.837+0000] {processor.py:179} INFO - Processing /home/airflow/.local/lib/python3.8/site-packages/airflow/example_dags/example_time_delta_sensor_async.py took 0.058 seconds
[2025-12-11T00:50:46.029+0000] {processor.py:157} INFO - Started process (PID=1541) to work on /home/airflow/.local/lib/python3.8/site-packages/airflow/example_dags/example_time_delta_sensor_async.py
[2025-12-11T00:50:46.030+0000] {processor.py:829} INFO - Processing file /home/airflow/.local/lib/python3.8/site-packages/airflow/example_dags/example_time_delta_sensor_async.py for tasks to queue
[2025-12-11T00:50:46.031+0000] {logging_mixin.py:154} INFO - [2025-12-11T00:50:46.031+0000] {dagbag.py:536} INFO - Filling up the DagBag from /home/airflow/.local/lib/python3.8/site-packages/airflow/example_dags/example_time_delta_sensor_async.py
[2025-12-11T00:50:46.034+0000] {processor.py:839} INFO - DAG(s) dict_keys(['example_time_delta_sensor_async']) retrieved from /home/airflow/.local/lib/python3.8/site-packages/airflow/example_dags/example_time_delta_sensor_async.py
[2025-12-11T00:50:46.052+0000] {logging_mixin.py:154} INFO - [2025-12-11T00:50:46.052+0000] {dag.py:2941} INFO - Sync 1 DAGs
[2025-12-11T00:50:46.065+0000] {logging_mixin.py:154} INFO - [2025-12-11T00:50:46.064+0000] {dag.py:3722} INFO - Setting next_dagrun for example_time_delta_sensor_async to None, run_after=None
[2025-12-11T00:50:46.082+0000] {processor.py:179} INFO - Processing /home/airflow/.local/lib/python3.8/site-packages/airflow/example_dags/example_time_delta_sensor_async.py took 0.055 seconds
[2025-12-11T00:51:16.677+0000] {processor.py:157} INFO - Started process (PID=1596) to work on /home/airflow/.local/lib/python3.8/site-packages/airflow/example_dags/example_time_delta_sensor_async.py
[2025-12-11T00:51:16.677+0000] {processor.py:829} INFO - Processing file /home/airflow/.local/lib/python3.8/site-packages/airflow/example_dags/example_time_delta_sensor_async.py for tasks to queue
[2025-12-11T00:51:16.679+0000] {logging_mixin.py:154} INFO - [2025-12-11T00:51:16.679+0000] {dagbag.py:536} INFO - Filling up the DagBag from /home/airflow/.local/lib/python3.8/site-packages/airflow/example_dags/example_time_delta_sensor_async.py
[2025-12-11T00:51:16.682+0000] {processor.py:839} INFO - DAG(s) dict_keys(['example_time_delta_sensor_async']) retrieved from /home/airflow/.local/lib/python3.8/site-packages/airflow/example_dags/example_time_delta_sensor_async.py
[2025-12-11T00:51:16.693+0000] {logging_mixin.py:154} INFO - [2025-12-11T00:51:16.693+0000] {dag.py:2941} INFO - Sync 1 DAGs
[2025-12-11T00:51:16.701+0000] {logging_mixin.py:154} INFO - [2025-12-11T00:51:16.701+0000] {dag.py:3722} INFO - Setting next_dagrun for example_time_delta_sensor_async to None, run_after=None
[2025-12-11T00:51:16.712+0000] {processor.py:179} INFO - Processing /home/airflow/.local/lib/python3.8/site-packages/airflow/example_dags/example_time_delta_sensor_async.py took 0.037 seconds
[2025-12-11T00:51:46.801+0000] {processor.py:157} INFO - Started process (PID=1651) to work on /home/airflow/.local/lib/python3.8/site-packages/airflow/example_dags/example_time_delta_sensor_async.py
[2025-12-11T00:51:46.801+0000] {processor.py:829} INFO - Processing file /home/airflow/.local/lib/python3.8/site-packages/airflow/example_dags/example_time_delta_sensor_async.py for tasks to queue
[2025-12-11T00:51:46.803+0000] {logging_mixin.py:154} INFO - [2025-12-11T00:51:46.803+0000] {dagbag.py:536} INFO - Filling up the DagBag from /home/airflow/.local/lib/python3.8/site-packages/airflow/example_dags/example_time_delta_sensor_async.py
[2025-12-11T00:51:46.805+0000] {processor.py:839} INFO - DAG(s) dict_keys(['example_time_delta_sensor_async']) retrieved from /home/airflow/.local/lib/python3.8/site-packages/airflow/example_dags/example_time_delta_sensor_async.py
[2025-12-11T00:51:46.817+0000] {logging_mixin.py:154} INFO - [2025-12-11T00:51:46.816+0000] {dag.py:2941} INFO - Sync 1 DAGs
[2025-12-11T00:51:46.824+0000] {logging_mixin.py:154} INFO - [2025-12-11T00:51:46.824+0000] {dag.py:3722} INFO - Setting next_dagrun for example_time_delta_sensor_async to None, run_after=None
[2025-12-11T00:51:46.836+0000] {processor.py:179} INFO - Processing /home/airflow/.local/lib/python3.8/site-packages/airflow/example_dags/example_time_delta_sensor_async.py took 0.038 seconds
[2025-12-11T00:52:17.051+0000] {processor.py:157} INFO - Started process (PID=1705) to work on /home/airflow/.local/lib/python3.8/site-packages/airflow/example_dags/example_time_delta_sensor_async.py
[2025-12-11T00:52:17.054+0000] {processor.py:829} INFO - Processing file /home/airflow/.local/lib/python3.8/site-packages/airflow/example_dags/example_time_delta_sensor_async.py for tasks to queue
[2025-12-11T00:52:17.056+0000] {logging_mixin.py:154} INFO - [2025-12-11T00:52:17.056+0000] {dagbag.py:536} INFO - Filling up the DagBag from /home/airflow/.local/lib/python3.8/site-packages/airflow/example_dags/example_time_delta_sensor_async.py
[2025-12-11T00:52:17.062+0000] {processor.py:839} INFO - DAG(s) dict_keys(['example_time_delta_sensor_async']) retrieved from /home/airflow/.local/lib/python3.8/site-packages/airflow/example_dags/example_time_delta_sensor_async.py
[2025-12-11T00:52:17.077+0000] {logging_mixin.py:154} INFO - [2025-12-11T00:52:17.077+0000] {dag.py:2941} INFO - Sync 1 DAGs
[2025-12-11T00:52:17.085+0000] {logging_mixin.py:154} INFO - [2025-12-11T00:52:17.085+0000] {dag.py:3722} INFO - Setting next_dagrun for example_time_delta_sensor_async to None, run_after=None
[2025-12-11T00:52:17.114+0000] {processor.py:179} INFO - Processing /home/airflow/.local/lib/python3.8/site-packages/airflow/example_dags/example_time_delta_sensor_async.py took 0.066 seconds
[2025-12-11T00:52:47.134+0000] {processor.py:157} INFO - Started process (PID=1760) to work on /home/airflow/.local/lib/python3.8/site-packages/airflow/example_dags/example_time_delta_sensor_async.py
[2025-12-11T00:52:47.135+0000] {processor.py:829} INFO - Processing file /home/airflow/.local/lib/python3.8/site-packages/airflow/example_dags/example_time_delta_sensor_async.py for tasks to queue
[2025-12-11T00:52:47.138+0000] {logging_mixin.py:154} INFO - [2025-12-11T00:52:47.137+0000] {dagbag.py:536} INFO - Filling up the DagBag from /home/airflow/.local/lib/python3.8/site-packages/airflow/example_dags/example_time_delta_sensor_async.py
[2025-12-11T00:52:47.142+0000] {processor.py:839} INFO - DAG(s) dict_keys(['example_time_delta_sensor_async']) retrieved from /home/airflow/.local/lib/python3.8/site-packages/airflow/example_dags/example_time_delta_sensor_async.py
[2025-12-11T00:52:47.155+0000] {logging_mixin.py:154} INFO - [2025-12-11T00:52:47.155+0000] {dag.py:2941} INFO - Sync 1 DAGs
[2025-12-11T00:52:47.163+0000] {logging_mixin.py:154} INFO - [2025-12-11T00:52:47.163+0000] {dag.py:3722} INFO - Setting next_dagrun for example_time_delta_sensor_async to None, run_after=None
[2025-12-11T00:52:47.174+0000] {processor.py:179} INFO - Processing /home/airflow/.local/lib/python3.8/site-packages/airflow/example_dags/example_time_delta_sensor_async.py took 0.043 seconds
[2025-12-11T00:53:17.892+0000] {processor.py:157} INFO - Started process (PID=1816) to work on /home/airflow/.local/lib/python3.8/site-packages/airflow/example_dags/example_time_delta_sensor_async.py
[2025-12-11T00:53:17.893+0000] {processor.py:829} INFO - Processing file /home/airflow/.local/lib/python3.8/site-packages/airflow/example_dags/example_time_delta_sensor_async.py for tasks to queue
[2025-12-11T00:53:17.894+0000] {logging_mixin.py:154} INFO - [2025-12-11T00:53:17.894+0000] {dagbag.py:536} INFO - Filling up the DagBag from /home/airflow/.local/lib/python3.8/site-packages/airflow/example_dags/example_time_delta_sensor_async.py
[2025-12-11T00:53:17.897+0000] {processor.py:839} INFO - DAG(s) dict_keys(['example_time_delta_sensor_async']) retrieved from /home/airflow/.local/lib/python3.8/site-packages/airflow/example_dags/example_time_delta_sensor_async.py
[2025-12-11T00:53:17.909+0000] {logging_mixin.py:154} INFO - [2025-12-11T00:53:17.909+0000] {dag.py:2941} INFO - Sync 1 DAGs
[2025-12-11T00:53:17.917+0000] {logging_mixin.py:154} INFO - [2025-12-11T00:53:17.917+0000] {dag.py:3722} INFO - Setting next_dagrun for example_time_delta_sensor_async to None, run_after=None
[2025-12-11T00:53:17.930+0000] {processor.py:179} INFO - Processing /home/airflow/.local/lib/python3.8/site-packages/airflow/example_dags/example_time_delta_sensor_async.py took 0.039 seconds
[2025-12-11T00:53:48.517+0000] {processor.py:157} INFO - Started process (PID=1871) to work on /home/airflow/.local/lib/python3.8/site-packages/airflow/example_dags/example_time_delta_sensor_async.py
[2025-12-11T00:53:48.518+0000] {processor.py:829} INFO - Processing file /home/airflow/.local/lib/python3.8/site-packages/airflow/example_dags/example_time_delta_sensor_async.py for tasks to queue
[2025-12-11T00:53:48.520+0000] {logging_mixin.py:154} INFO - [2025-12-11T00:53:48.520+0000] {dagbag.py:536} INFO - Filling up the DagBag from /home/airflow/.local/lib/python3.8/site-packages/airflow/example_dags/example_time_delta_sensor_async.py
[2025-12-11T00:53:48.523+0000] {processor.py:839} INFO - DAG(s) dict_keys(['example_time_delta_sensor_async']) retrieved from /home/airflow/.local/lib/python3.8/site-packages/airflow/example_dags/example_time_delta_sensor_async.py
[2025-12-11T00:53:48.541+0000] {logging_mixin.py:154} INFO - [2025-12-11T00:53:48.541+0000] {dag.py:2941} INFO - Sync 1 DAGs
[2025-12-11T00:53:48.550+0000] {logging_mixin.py:154} INFO - [2025-12-11T00:53:48.549+0000] {dag.py:3722} INFO - Setting next_dagrun for example_time_delta_sensor_async to None, run_after=None
[2025-12-11T00:53:48.561+0000] {processor.py:179} INFO - Processing /home/airflow/.local/lib/python3.8/site-packages/airflow/example_dags/example_time_delta_sensor_async.py took 0.047 seconds
[2025-12-11T00:54:18.872+0000] {processor.py:157} INFO - Started process (PID=1927) to work on /home/airflow/.local/lib/python3.8/site-packages/airflow/example_dags/example_time_delta_sensor_async.py
[2025-12-11T00:54:18.873+0000] {processor.py:829} INFO - Processing file /home/airflow/.local/lib/python3.8/site-packages/airflow/example_dags/example_time_delta_sensor_async.py for tasks to queue
[2025-12-11T00:54:18.875+0000] {logging_mixin.py:154} INFO - [2025-12-11T00:54:18.875+0000] {dagbag.py:536} INFO - Filling up the DagBag from /home/airflow/.local/lib/python3.8/site-packages/airflow/example_dags/example_time_delta_sensor_async.py
[2025-12-11T00:54:18.878+0000] {processor.py:839} INFO - DAG(s) dict_keys(['example_time_delta_sensor_async']) retrieved from /home/airflow/.local/lib/python3.8/site-packages/airflow/example_dags/example_time_delta_sensor_async.py
[2025-12-11T00:54:18.891+0000] {logging_mixin.py:154} INFO - [2025-12-11T00:54:18.891+0000] {dag.py:2941} INFO - Sync 1 DAGs
[2025-12-11T00:54:18.898+0000] {logging_mixin.py:154} INFO - [2025-12-11T00:54:18.898+0000] {dag.py:3722} INFO - Setting next_dagrun for example_time_delta_sensor_async to None, run_after=None
[2025-12-11T00:54:18.909+0000] {processor.py:179} INFO - Processing /home/airflow/.local/lib/python3.8/site-packages/airflow/example_dags/example_time_delta_sensor_async.py took 0.040 seconds
[2025-12-11T00:54:49.258+0000] {processor.py:157} INFO - Started process (PID=1982) to work on /home/airflow/.local/lib/python3.8/site-packages/airflow/example_dags/example_time_delta_sensor_async.py
[2025-12-11T00:54:49.259+0000] {processor.py:829} INFO - Processing file /home/airflow/.local/lib/python3.8/site-packages/airflow/example_dags/example_time_delta_sensor_async.py for tasks to queue
[2025-12-11T00:54:49.262+0000] {logging_mixin.py:154} INFO - [2025-12-11T00:54:49.262+0000] {dagbag.py:536} INFO - Filling up the DagBag from /home/airflow/.local/lib/python3.8/site-packages/airflow/example_dags/example_time_delta_sensor_async.py
[2025-12-11T00:54:49.268+0000] {processor.py:839} INFO - DAG(s) dict_keys(['example_time_delta_sensor_async']) retrieved from /home/airflow/.local/lib/python3.8/site-packages/airflow/example_dags/example_time_delta_sensor_async.py
[2025-12-11T00:54:49.299+0000] {logging_mixin.py:154} INFO - [2025-12-11T00:54:49.298+0000] {dag.py:2941} INFO - Sync 1 DAGs
[2025-12-11T00:54:49.308+0000] {logging_mixin.py:154} INFO - [2025-12-11T00:54:49.308+0000] {dag.py:3722} INFO - Setting next_dagrun for example_time_delta_sensor_async to None, run_after=None
[2025-12-11T00:54:49.321+0000] {processor.py:179} INFO - Processing /home/airflow/.local/lib/python3.8/site-packages/airflow/example_dags/example_time_delta_sensor_async.py took 0.067 seconds
[2025-12-11T00:55:19.822+0000] {processor.py:157} INFO - Started process (PID=2037) to work on /home/airflow/.local/lib/python3.8/site-packages/airflow/example_dags/example_time_delta_sensor_async.py
[2025-12-11T00:55:19.823+0000] {processor.py:829} INFO - Processing file /home/airflow/.local/lib/python3.8/site-packages/airflow/example_dags/example_time_delta_sensor_async.py for tasks to queue
[2025-12-11T00:55:19.825+0000] {logging_mixin.py:154} INFO - [2025-12-11T00:55:19.825+0000] {dagbag.py:536} INFO - Filling up the DagBag from /home/airflow/.local/lib/python3.8/site-packages/airflow/example_dags/example_time_delta_sensor_async.py
[2025-12-11T00:55:19.828+0000] {processor.py:839} INFO - DAG(s) dict_keys(['example_time_delta_sensor_async']) retrieved from /home/airflow/.local/lib/python3.8/site-packages/airflow/example_dags/example_time_delta_sensor_async.py
[2025-12-11T00:55:19.843+0000] {logging_mixin.py:154} INFO - [2025-12-11T00:55:19.842+0000] {dag.py:2941} INFO - Sync 1 DAGs
[2025-12-11T00:55:19.851+0000] {logging_mixin.py:154} INFO - [2025-12-11T00:55:19.851+0000] {dag.py:3722} INFO - Setting next_dagrun for example_time_delta_sensor_async to None, run_after=None
[2025-12-11T00:55:19.865+0000] {processor.py:179} INFO - Processing /home/airflow/.local/lib/python3.8/site-packages/airflow/example_dags/example_time_delta_sensor_async.py took 0.046 seconds
