[2025-12-11T00:38:16.520+0000] {processor.py:157} INFO - Started process (PID=187) to work on /home/airflow/.local/lib/python3.8/site-packages/airflow/example_dags/example_latest_only_with_trigger.py
[2025-12-11T00:38:16.520+0000] {processor.py:829} INFO - Processing file /home/airflow/.local/lib/python3.8/site-packages/airflow/example_dags/example_latest_only_with_trigger.py for tasks to queue
[2025-12-11T00:38:16.521+0000] {logging_mixin.py:154} INFO - [2025-12-11T00:38:16.521+0000] {dagbag.py:536} INFO - Filling up the DagBag from /home/airflow/.local/lib/python3.8/site-packages/airflow/example_dags/example_latest_only_with_trigger.py
[2025-12-11T00:38:16.525+0000] {processor.py:839} INFO - DAG(s) dict_keys(['latest_only_with_trigger']) retrieved from /home/airflow/.local/lib/python3.8/site-packages/airflow/example_dags/example_latest_only_with_trigger.py
[2025-12-11T00:38:16.535+0000] {logging_mixin.py:154} INFO - [2025-12-11T00:38:16.535+0000] {dag.py:2941} INFO - Sync 1 DAGs
[2025-12-11T00:38:16.550+0000] {logging_mixin.py:154} INFO - [2025-12-11T00:38:16.550+0000] {dag.py:3722} INFO - Setting next_dagrun for latest_only_with_trigger to 2025-12-10T20:38:16.549646+00:00, run_after=2025-12-11T00:38:16.549646+00:00
[2025-12-11T00:38:16.564+0000] {processor.py:179} INFO - Processing /home/airflow/.local/lib/python3.8/site-packages/airflow/example_dags/example_latest_only_with_trigger.py took 0.046 seconds
[2025-12-11T00:38:46.693+0000] {processor.py:157} INFO - Started process (PID=250) to work on /home/airflow/.local/lib/python3.8/site-packages/airflow/example_dags/example_latest_only_with_trigger.py
[2025-12-11T00:38:46.694+0000] {processor.py:829} INFO - Processing file /home/airflow/.local/lib/python3.8/site-packages/airflow/example_dags/example_latest_only_with_trigger.py for tasks to queue
[2025-12-11T00:38:46.695+0000] {logging_mixin.py:154} INFO - [2025-12-11T00:38:46.695+0000] {dagbag.py:536} INFO - Filling up the DagBag from /home/airflow/.local/lib/python3.8/site-packages/airflow/example_dags/example_latest_only_with_trigger.py
[2025-12-11T00:38:46.699+0000] {processor.py:839} INFO - DAG(s) dict_keys(['latest_only_with_trigger']) retrieved from /home/airflow/.local/lib/python3.8/site-packages/airflow/example_dags/example_latest_only_with_trigger.py
[2025-12-11T00:38:46.713+0000] {logging_mixin.py:154} INFO - [2025-12-11T00:38:46.713+0000] {dag.py:2941} INFO - Sync 1 DAGs
[2025-12-11T00:38:46.726+0000] {logging_mixin.py:154} INFO - [2025-12-11T00:38:46.726+0000] {dag.py:3722} INFO - Setting next_dagrun for latest_only_with_trigger to 2025-12-10T20:38:46.726128+00:00, run_after=2025-12-11T00:38:46.726128+00:00
[2025-12-11T00:38:46.742+0000] {processor.py:179} INFO - Processing /home/airflow/.local/lib/python3.8/site-packages/airflow/example_dags/example_latest_only_with_trigger.py took 0.051 seconds
[2025-12-11T00:39:17.273+0000] {processor.py:157} INFO - Started process (PID=305) to work on /home/airflow/.local/lib/python3.8/site-packages/airflow/example_dags/example_latest_only_with_trigger.py
[2025-12-11T00:39:17.274+0000] {processor.py:829} INFO - Processing file /home/airflow/.local/lib/python3.8/site-packages/airflow/example_dags/example_latest_only_with_trigger.py for tasks to queue
[2025-12-11T00:39:17.275+0000] {logging_mixin.py:154} INFO - [2025-12-11T00:39:17.275+0000] {dagbag.py:536} INFO - Filling up the DagBag from /home/airflow/.local/lib/python3.8/site-packages/airflow/example_dags/example_latest_only_with_trigger.py
[2025-12-11T00:39:17.278+0000] {processor.py:839} INFO - DAG(s) dict_keys(['latest_only_with_trigger']) retrieved from /home/airflow/.local/lib/python3.8/site-packages/airflow/example_dags/example_latest_only_with_trigger.py
[2025-12-11T00:39:17.291+0000] {logging_mixin.py:154} INFO - [2025-12-11T00:39:17.291+0000] {dag.py:2941} INFO - Sync 1 DAGs
[2025-12-11T00:39:17.303+0000] {logging_mixin.py:154} INFO - [2025-12-11T00:39:17.303+0000] {dag.py:3722} INFO - Setting next_dagrun for latest_only_with_trigger to 2025-12-10T20:39:17.303689+00:00, run_after=2025-12-11T00:39:17.303689+00:00
[2025-12-11T00:39:17.331+0000] {processor.py:179} INFO - Processing /home/airflow/.local/lib/python3.8/site-packages/airflow/example_dags/example_latest_only_with_trigger.py took 0.060 seconds
[2025-12-11T00:39:47.392+0000] {processor.py:157} INFO - Started process (PID=360) to work on /home/airflow/.local/lib/python3.8/site-packages/airflow/example_dags/example_latest_only_with_trigger.py
[2025-12-11T00:39:47.393+0000] {processor.py:829} INFO - Processing file /home/airflow/.local/lib/python3.8/site-packages/airflow/example_dags/example_latest_only_with_trigger.py for tasks to queue
[2025-12-11T00:39:47.394+0000] {logging_mixin.py:154} INFO - [2025-12-11T00:39:47.394+0000] {dagbag.py:536} INFO - Filling up the DagBag from /home/airflow/.local/lib/python3.8/site-packages/airflow/example_dags/example_latest_only_with_trigger.py
[2025-12-11T00:39:47.399+0000] {processor.py:839} INFO - DAG(s) dict_keys(['latest_only_with_trigger']) retrieved from /home/airflow/.local/lib/python3.8/site-packages/airflow/example_dags/example_latest_only_with_trigger.py
[2025-12-11T00:39:47.414+0000] {logging_mixin.py:154} INFO - [2025-12-11T00:39:47.414+0000] {dag.py:2941} INFO - Sync 1 DAGs
[2025-12-11T00:39:47.427+0000] {logging_mixin.py:154} INFO - [2025-12-11T00:39:47.427+0000] {dag.py:3722} INFO - Setting next_dagrun for latest_only_with_trigger to 2025-12-10T20:39:47.427375+00:00, run_after=2025-12-11T00:39:47.427375+00:00
[2025-12-11T00:39:47.449+0000] {processor.py:179} INFO - Processing /home/airflow/.local/lib/python3.8/site-packages/airflow/example_dags/example_latest_only_with_trigger.py took 0.058 seconds
[2025-12-11T00:40:25.097+0000] {processor.py:157} INFO - Started process (PID=422) to work on /home/airflow/.local/lib/python3.8/site-packages/airflow/example_dags/example_latest_only_with_trigger.py
[2025-12-11T00:40:25.098+0000] {processor.py:829} INFO - Processing file /home/airflow/.local/lib/python3.8/site-packages/airflow/example_dags/example_latest_only_with_trigger.py for tasks to queue
[2025-12-11T00:40:25.099+0000] {logging_mixin.py:154} INFO - [2025-12-11T00:40:25.099+0000] {dagbag.py:536} INFO - Filling up the DagBag from /home/airflow/.local/lib/python3.8/site-packages/airflow/example_dags/example_latest_only_with_trigger.py
[2025-12-11T00:40:25.102+0000] {processor.py:839} INFO - DAG(s) dict_keys(['latest_only_with_trigger']) retrieved from /home/airflow/.local/lib/python3.8/site-packages/airflow/example_dags/example_latest_only_with_trigger.py
[2025-12-11T00:40:25.114+0000] {logging_mixin.py:154} INFO - [2025-12-11T00:40:25.114+0000] {dag.py:2941} INFO - Sync 1 DAGs
[2025-12-11T00:40:25.129+0000] {logging_mixin.py:154} INFO - [2025-12-11T00:40:25.129+0000] {dag.py:3722} INFO - Setting next_dagrun for latest_only_with_trigger to 2025-12-10T20:40:25.129202+00:00, run_after=2025-12-11T00:40:25.129202+00:00
[2025-12-11T00:40:25.141+0000] {processor.py:179} INFO - Processing /home/airflow/.local/lib/python3.8/site-packages/airflow/example_dags/example_latest_only_with_trigger.py took 0.046 seconds
[2025-12-11T00:40:55.843+0000] {processor.py:157} INFO - Started process (PID=477) to work on /home/airflow/.local/lib/python3.8/site-packages/airflow/example_dags/example_latest_only_with_trigger.py
[2025-12-11T00:40:55.843+0000] {processor.py:829} INFO - Processing file /home/airflow/.local/lib/python3.8/site-packages/airflow/example_dags/example_latest_only_with_trigger.py for tasks to queue
[2025-12-11T00:40:55.844+0000] {logging_mixin.py:154} INFO - [2025-12-11T00:40:55.844+0000] {dagbag.py:536} INFO - Filling up the DagBag from /home/airflow/.local/lib/python3.8/site-packages/airflow/example_dags/example_latest_only_with_trigger.py
[2025-12-11T00:40:55.848+0000] {processor.py:839} INFO - DAG(s) dict_keys(['latest_only_with_trigger']) retrieved from /home/airflow/.local/lib/python3.8/site-packages/airflow/example_dags/example_latest_only_with_trigger.py
[2025-12-11T00:40:55.860+0000] {logging_mixin.py:154} INFO - [2025-12-11T00:40:55.860+0000] {dag.py:2941} INFO - Sync 1 DAGs
[2025-12-11T00:40:55.873+0000] {logging_mixin.py:154} INFO - [2025-12-11T00:40:55.873+0000] {dag.py:3722} INFO - Setting next_dagrun for latest_only_with_trigger to 2025-12-10T20:40:55.873691+00:00, run_after=2025-12-11T00:40:55.873691+00:00
[2025-12-11T00:40:55.884+0000] {processor.py:179} INFO - Processing /home/airflow/.local/lib/python3.8/site-packages/airflow/example_dags/example_latest_only_with_trigger.py took 0.044 seconds
[2025-12-11T00:41:32.953+0000] {processor.py:157} INFO - Started process (PID=532) to work on /home/airflow/.local/lib/python3.8/site-packages/airflow/example_dags/example_latest_only_with_trigger.py
[2025-12-11T00:41:32.954+0000] {processor.py:829} INFO - Processing file /home/airflow/.local/lib/python3.8/site-packages/airflow/example_dags/example_latest_only_with_trigger.py for tasks to queue
[2025-12-11T00:41:32.956+0000] {logging_mixin.py:154} INFO - [2025-12-11T00:41:32.955+0000] {dagbag.py:536} INFO - Filling up the DagBag from /home/airflow/.local/lib/python3.8/site-packages/airflow/example_dags/example_latest_only_with_trigger.py
[2025-12-11T00:41:32.960+0000] {processor.py:839} INFO - DAG(s) dict_keys(['latest_only_with_trigger']) retrieved from /home/airflow/.local/lib/python3.8/site-packages/airflow/example_dags/example_latest_only_with_trigger.py
[2025-12-11T00:41:32.975+0000] {logging_mixin.py:154} INFO - [2025-12-11T00:41:32.975+0000] {dag.py:2941} INFO - Sync 1 DAGs
[2025-12-11T00:41:32.989+0000] {logging_mixin.py:154} INFO - [2025-12-11T00:41:32.989+0000] {dag.py:3722} INFO - Setting next_dagrun for latest_only_with_trigger to 2025-12-10T20:41:32.988922+00:00, run_after=2025-12-11T00:41:32.988922+00:00
[2025-12-11T00:41:33.033+0000] {processor.py:179} INFO - Processing /home/airflow/.local/lib/python3.8/site-packages/airflow/example_dags/example_latest_only_with_trigger.py took 0.084 seconds
[2025-12-11T00:42:04.254+0000] {processor.py:157} INFO - Started process (PID=587) to work on /home/airflow/.local/lib/python3.8/site-packages/airflow/example_dags/example_latest_only_with_trigger.py
[2025-12-11T00:42:04.418+0000] {processor.py:829} INFO - Processing file /home/airflow/.local/lib/python3.8/site-packages/airflow/example_dags/example_latest_only_with_trigger.py for tasks to queue
[2025-12-11T00:42:04.421+0000] {logging_mixin.py:154} INFO - [2025-12-11T00:42:04.421+0000] {dagbag.py:536} INFO - Filling up the DagBag from /home/airflow/.local/lib/python3.8/site-packages/airflow/example_dags/example_latest_only_with_trigger.py
[2025-12-11T00:42:04.430+0000] {processor.py:839} INFO - DAG(s) dict_keys(['latest_only_with_trigger']) retrieved from /home/airflow/.local/lib/python3.8/site-packages/airflow/example_dags/example_latest_only_with_trigger.py
[2025-12-11T00:42:04.453+0000] {logging_mixin.py:154} INFO - [2025-12-11T00:42:04.453+0000] {dag.py:2941} INFO - Sync 1 DAGs
[2025-12-11T00:42:04.466+0000] {logging_mixin.py:154} INFO - [2025-12-11T00:42:04.466+0000] {dag.py:3722} INFO - Setting next_dagrun for latest_only_with_trigger to 2025-12-10T20:42:04.466156+00:00, run_after=2025-12-11T00:42:04.466156+00:00
[2025-12-11T00:42:05.475+0000] {processor.py:179} INFO - Processing /home/airflow/.local/lib/python3.8/site-packages/airflow/example_dags/example_latest_only_with_trigger.py took 1.223 seconds
[2025-12-11T00:42:35.550+0000] {processor.py:157} INFO - Started process (PID=641) to work on /home/airflow/.local/lib/python3.8/site-packages/airflow/example_dags/example_latest_only_with_trigger.py
[2025-12-11T00:42:35.552+0000] {processor.py:829} INFO - Processing file /home/airflow/.local/lib/python3.8/site-packages/airflow/example_dags/example_latest_only_with_trigger.py for tasks to queue
[2025-12-11T00:42:35.553+0000] {logging_mixin.py:154} INFO - [2025-12-11T00:42:35.553+0000] {dagbag.py:536} INFO - Filling up the DagBag from /home/airflow/.local/lib/python3.8/site-packages/airflow/example_dags/example_latest_only_with_trigger.py
[2025-12-11T00:42:35.556+0000] {processor.py:839} INFO - DAG(s) dict_keys(['latest_only_with_trigger']) retrieved from /home/airflow/.local/lib/python3.8/site-packages/airflow/example_dags/example_latest_only_with_trigger.py
[2025-12-11T00:42:35.571+0000] {logging_mixin.py:154} INFO - [2025-12-11T00:42:35.571+0000] {dag.py:2941} INFO - Sync 1 DAGs
[2025-12-11T00:42:35.584+0000] {logging_mixin.py:154} INFO - [2025-12-11T00:42:35.584+0000] {dag.py:3722} INFO - Setting next_dagrun for latest_only_with_trigger to 2025-12-10T20:42:35.583892+00:00, run_after=2025-12-11T00:42:35.583892+00:00
[2025-12-11T00:42:35.597+0000] {processor.py:179} INFO - Processing /home/airflow/.local/lib/python3.8/site-packages/airflow/example_dags/example_latest_only_with_trigger.py took 0.049 seconds
[2025-12-11T00:43:06.330+0000] {processor.py:157} INFO - Started process (PID=696) to work on /home/airflow/.local/lib/python3.8/site-packages/airflow/example_dags/example_latest_only_with_trigger.py
[2025-12-11T00:43:06.333+0000] {processor.py:829} INFO - Processing file /home/airflow/.local/lib/python3.8/site-packages/airflow/example_dags/example_latest_only_with_trigger.py for tasks to queue
[2025-12-11T00:43:06.335+0000] {logging_mixin.py:154} INFO - [2025-12-11T00:43:06.334+0000] {dagbag.py:536} INFO - Filling up the DagBag from /home/airflow/.local/lib/python3.8/site-packages/airflow/example_dags/example_latest_only_with_trigger.py
[2025-12-11T00:43:06.338+0000] {processor.py:839} INFO - DAG(s) dict_keys(['latest_only_with_trigger']) retrieved from /home/airflow/.local/lib/python3.8/site-packages/airflow/example_dags/example_latest_only_with_trigger.py
[2025-12-11T00:43:06.351+0000] {logging_mixin.py:154} INFO - [2025-12-11T00:43:06.351+0000] {dag.py:2941} INFO - Sync 1 DAGs
[2025-12-11T00:43:06.365+0000] {logging_mixin.py:154} INFO - [2025-12-11T00:43:06.365+0000] {dag.py:3722} INFO - Setting next_dagrun for latest_only_with_trigger to 2025-12-10T20:43:06.364857+00:00, run_after=2025-12-11T00:43:06.364857+00:00
[2025-12-11T00:43:06.398+0000] {processor.py:179} INFO - Processing /home/airflow/.local/lib/python3.8/site-packages/airflow/example_dags/example_latest_only_with_trigger.py took 0.071 seconds
[2025-12-11T00:43:36.482+0000] {processor.py:157} INFO - Started process (PID=751) to work on /home/airflow/.local/lib/python3.8/site-packages/airflow/example_dags/example_latest_only_with_trigger.py
[2025-12-11T00:43:36.486+0000] {processor.py:829} INFO - Processing file /home/airflow/.local/lib/python3.8/site-packages/airflow/example_dags/example_latest_only_with_trigger.py for tasks to queue
[2025-12-11T00:43:36.489+0000] {logging_mixin.py:154} INFO - [2025-12-11T00:43:36.489+0000] {dagbag.py:536} INFO - Filling up the DagBag from /home/airflow/.local/lib/python3.8/site-packages/airflow/example_dags/example_latest_only_with_trigger.py
[2025-12-11T00:43:36.494+0000] {processor.py:839} INFO - DAG(s) dict_keys(['latest_only_with_trigger']) retrieved from /home/airflow/.local/lib/python3.8/site-packages/airflow/example_dags/example_latest_only_with_trigger.py
[2025-12-11T00:43:36.509+0000] {logging_mixin.py:154} INFO - [2025-12-11T00:43:36.509+0000] {dag.py:2941} INFO - Sync 1 DAGs
[2025-12-11T00:43:36.526+0000] {logging_mixin.py:154} INFO - [2025-12-11T00:43:36.525+0000] {dag.py:3722} INFO - Setting next_dagrun for latest_only_with_trigger to 2025-12-10T20:43:36.525736+00:00, run_after=2025-12-11T00:43:36.525736+00:00
[2025-12-11T00:43:36.538+0000] {processor.py:179} INFO - Processing /home/airflow/.local/lib/python3.8/site-packages/airflow/example_dags/example_latest_only_with_trigger.py took 0.059 seconds
[2025-12-11T00:44:07.110+0000] {processor.py:157} INFO - Started process (PID=807) to work on /home/airflow/.local/lib/python3.8/site-packages/airflow/example_dags/example_latest_only_with_trigger.py
[2025-12-11T00:44:07.111+0000] {processor.py:829} INFO - Processing file /home/airflow/.local/lib/python3.8/site-packages/airflow/example_dags/example_latest_only_with_trigger.py for tasks to queue
[2025-12-11T00:44:07.114+0000] {logging_mixin.py:154} INFO - [2025-12-11T00:44:07.114+0000] {dagbag.py:536} INFO - Filling up the DagBag from /home/airflow/.local/lib/python3.8/site-packages/airflow/example_dags/example_latest_only_with_trigger.py
[2025-12-11T00:44:07.120+0000] {processor.py:839} INFO - DAG(s) dict_keys(['latest_only_with_trigger']) retrieved from /home/airflow/.local/lib/python3.8/site-packages/airflow/example_dags/example_latest_only_with_trigger.py
[2025-12-11T00:44:07.140+0000] {logging_mixin.py:154} INFO - [2025-12-11T00:44:07.140+0000] {dag.py:2941} INFO - Sync 1 DAGs
[2025-12-11T00:44:07.153+0000] {logging_mixin.py:154} INFO - [2025-12-11T00:44:07.152+0000] {dag.py:3722} INFO - Setting next_dagrun for latest_only_with_trigger to 2025-12-10T20:44:07.152736+00:00, run_after=2025-12-11T00:44:07.152736+00:00
[2025-12-11T00:44:07.167+0000] {processor.py:179} INFO - Processing /home/airflow/.local/lib/python3.8/site-packages/airflow/example_dags/example_latest_only_with_trigger.py took 0.060 seconds
[2025-12-11T00:44:37.627+0000] {processor.py:157} INFO - Started process (PID=862) to work on /home/airflow/.local/lib/python3.8/site-packages/airflow/example_dags/example_latest_only_with_trigger.py
[2025-12-11T00:44:37.631+0000] {processor.py:829} INFO - Processing file /home/airflow/.local/lib/python3.8/site-packages/airflow/example_dags/example_latest_only_with_trigger.py for tasks to queue
[2025-12-11T00:44:37.635+0000] {logging_mixin.py:154} INFO - [2025-12-11T00:44:37.634+0000] {dagbag.py:536} INFO - Filling up the DagBag from /home/airflow/.local/lib/python3.8/site-packages/airflow/example_dags/example_latest_only_with_trigger.py
[2025-12-11T00:44:37.640+0000] {processor.py:839} INFO - DAG(s) dict_keys(['latest_only_with_trigger']) retrieved from /home/airflow/.local/lib/python3.8/site-packages/airflow/example_dags/example_latest_only_with_trigger.py
[2025-12-11T00:44:37.660+0000] {logging_mixin.py:154} INFO - [2025-12-11T00:44:37.660+0000] {dag.py:2941} INFO - Sync 1 DAGs
[2025-12-11T00:44:37.672+0000] {logging_mixin.py:154} INFO - [2025-12-11T00:44:37.672+0000] {dag.py:3722} INFO - Setting next_dagrun for latest_only_with_trigger to 2025-12-10T20:44:37.672610+00:00, run_after=2025-12-11T00:44:37.672610+00:00
[2025-12-11T00:44:37.686+0000] {processor.py:179} INFO - Processing /home/airflow/.local/lib/python3.8/site-packages/airflow/example_dags/example_latest_only_with_trigger.py took 0.062 seconds
[2025-12-11T00:45:08.138+0000] {processor.py:157} INFO - Started process (PID=917) to work on /home/airflow/.local/lib/python3.8/site-packages/airflow/example_dags/example_latest_only_with_trigger.py
[2025-12-11T00:45:08.139+0000] {processor.py:829} INFO - Processing file /home/airflow/.local/lib/python3.8/site-packages/airflow/example_dags/example_latest_only_with_trigger.py for tasks to queue
[2025-12-11T00:45:08.142+0000] {logging_mixin.py:154} INFO - [2025-12-11T00:45:08.141+0000] {dagbag.py:536} INFO - Filling up the DagBag from /home/airflow/.local/lib/python3.8/site-packages/airflow/example_dags/example_latest_only_with_trigger.py
[2025-12-11T00:45:08.146+0000] {processor.py:839} INFO - DAG(s) dict_keys(['latest_only_with_trigger']) retrieved from /home/airflow/.local/lib/python3.8/site-packages/airflow/example_dags/example_latest_only_with_trigger.py
[2025-12-11T00:45:08.158+0000] {logging_mixin.py:154} INFO - [2025-12-11T00:45:08.158+0000] {dag.py:2941} INFO - Sync 1 DAGs
[2025-12-11T00:45:08.170+0000] {logging_mixin.py:154} INFO - [2025-12-11T00:45:08.170+0000] {dag.py:3722} INFO - Setting next_dagrun for latest_only_with_trigger to 2025-12-10T20:45:08.170350+00:00, run_after=2025-12-11T00:45:08.170350+00:00
[2025-12-11T00:45:08.183+0000] {processor.py:179} INFO - Processing /home/airflow/.local/lib/python3.8/site-packages/airflow/example_dags/example_latest_only_with_trigger.py took 0.048 seconds
[2025-12-11T00:45:38.600+0000] {processor.py:157} INFO - Started process (PID=972) to work on /home/airflow/.local/lib/python3.8/site-packages/airflow/example_dags/example_latest_only_with_trigger.py
[2025-12-11T00:45:38.601+0000] {processor.py:829} INFO - Processing file /home/airflow/.local/lib/python3.8/site-packages/airflow/example_dags/example_latest_only_with_trigger.py for tasks to queue
[2025-12-11T00:45:38.602+0000] {logging_mixin.py:154} INFO - [2025-12-11T00:45:38.602+0000] {dagbag.py:536} INFO - Filling up the DagBag from /home/airflow/.local/lib/python3.8/site-packages/airflow/example_dags/example_latest_only_with_trigger.py
[2025-12-11T00:45:38.605+0000] {processor.py:839} INFO - DAG(s) dict_keys(['latest_only_with_trigger']) retrieved from /home/airflow/.local/lib/python3.8/site-packages/airflow/example_dags/example_latest_only_with_trigger.py
[2025-12-11T00:45:38.617+0000] {logging_mixin.py:154} INFO - [2025-12-11T00:45:38.617+0000] {dag.py:2941} INFO - Sync 1 DAGs
[2025-12-11T00:45:38.630+0000] {logging_mixin.py:154} INFO - [2025-12-11T00:45:38.630+0000] {dag.py:3722} INFO - Setting next_dagrun for latest_only_with_trigger to 2025-12-10T20:45:38.629978+00:00, run_after=2025-12-11T00:45:38.629978+00:00
[2025-12-11T00:45:38.641+0000] {processor.py:179} INFO - Processing /home/airflow/.local/lib/python3.8/site-packages/airflow/example_dags/example_latest_only_with_trigger.py took 0.043 seconds
[2025-12-11T00:46:09.023+0000] {processor.py:157} INFO - Started process (PID=1027) to work on /home/airflow/.local/lib/python3.8/site-packages/airflow/example_dags/example_latest_only_with_trigger.py
[2025-12-11T00:46:09.025+0000] {processor.py:829} INFO - Processing file /home/airflow/.local/lib/python3.8/site-packages/airflow/example_dags/example_latest_only_with_trigger.py for tasks to queue
[2025-12-11T00:46:09.028+0000] {logging_mixin.py:154} INFO - [2025-12-11T00:46:09.028+0000] {dagbag.py:536} INFO - Filling up the DagBag from /home/airflow/.local/lib/python3.8/site-packages/airflow/example_dags/example_latest_only_with_trigger.py
[2025-12-11T00:46:09.033+0000] {processor.py:839} INFO - DAG(s) dict_keys(['latest_only_with_trigger']) retrieved from /home/airflow/.local/lib/python3.8/site-packages/airflow/example_dags/example_latest_only_with_trigger.py
[2025-12-11T00:46:09.052+0000] {logging_mixin.py:154} INFO - [2025-12-11T00:46:09.052+0000] {dag.py:2941} INFO - Sync 1 DAGs
[2025-12-11T00:46:09.065+0000] {logging_mixin.py:154} INFO - [2025-12-11T00:46:09.065+0000] {dag.py:3722} INFO - Setting next_dagrun for latest_only_with_trigger to 2025-12-10T20:46:09.065661+00:00, run_after=2025-12-11T00:46:09.065661+00:00
[2025-12-11T00:46:09.079+0000] {processor.py:179} INFO - Processing /home/airflow/.local/lib/python3.8/site-packages/airflow/example_dags/example_latest_only_with_trigger.py took 0.060 seconds
[2025-12-11T00:46:39.653+0000] {processor.py:157} INFO - Started process (PID=1082) to work on /home/airflow/.local/lib/python3.8/site-packages/airflow/example_dags/example_latest_only_with_trigger.py
[2025-12-11T00:46:39.653+0000] {processor.py:829} INFO - Processing file /home/airflow/.local/lib/python3.8/site-packages/airflow/example_dags/example_latest_only_with_trigger.py for tasks to queue
[2025-12-11T00:46:39.655+0000] {logging_mixin.py:154} INFO - [2025-12-11T00:46:39.655+0000] {dagbag.py:536} INFO - Filling up the DagBag from /home/airflow/.local/lib/python3.8/site-packages/airflow/example_dags/example_latest_only_with_trigger.py
[2025-12-11T00:46:39.659+0000] {processor.py:839} INFO - DAG(s) dict_keys(['latest_only_with_trigger']) retrieved from /home/airflow/.local/lib/python3.8/site-packages/airflow/example_dags/example_latest_only_with_trigger.py
[2025-12-11T00:46:39.679+0000] {logging_mixin.py:154} INFO - [2025-12-11T00:46:39.678+0000] {dag.py:2941} INFO - Sync 1 DAGs
[2025-12-11T00:46:39.700+0000] {logging_mixin.py:154} INFO - [2025-12-11T00:46:39.699+0000] {dag.py:3722} INFO - Setting next_dagrun for latest_only_with_trigger to 2025-12-10T20:46:39.699772+00:00, run_after=2025-12-11T00:46:39.699772+00:00
[2025-12-11T00:46:39.711+0000] {processor.py:179} INFO - Processing /home/airflow/.local/lib/python3.8/site-packages/airflow/example_dags/example_latest_only_with_trigger.py took 0.062 seconds
[2025-12-11T00:47:10.203+0000] {processor.py:157} INFO - Started process (PID=1137) to work on /home/airflow/.local/lib/python3.8/site-packages/airflow/example_dags/example_latest_only_with_trigger.py
[2025-12-11T00:47:10.206+0000] {processor.py:829} INFO - Processing file /home/airflow/.local/lib/python3.8/site-packages/airflow/example_dags/example_latest_only_with_trigger.py for tasks to queue
[2025-12-11T00:47:10.209+0000] {logging_mixin.py:154} INFO - [2025-12-11T00:47:10.209+0000] {dagbag.py:536} INFO - Filling up the DagBag from /home/airflow/.local/lib/python3.8/site-packages/airflow/example_dags/example_latest_only_with_trigger.py
[2025-12-11T00:47:10.214+0000] {processor.py:839} INFO - DAG(s) dict_keys(['latest_only_with_trigger']) retrieved from /home/airflow/.local/lib/python3.8/site-packages/airflow/example_dags/example_latest_only_with_trigger.py
[2025-12-11T00:47:10.232+0000] {logging_mixin.py:154} INFO - [2025-12-11T00:47:10.232+0000] {dag.py:2941} INFO - Sync 1 DAGs
[2025-12-11T00:47:10.245+0000] {logging_mixin.py:154} INFO - [2025-12-11T00:47:10.245+0000] {dag.py:3722} INFO - Setting next_dagrun for latest_only_with_trigger to 2025-12-10T20:47:10.245184+00:00, run_after=2025-12-11T00:47:10.245184+00:00
[2025-12-11T00:47:10.257+0000] {processor.py:179} INFO - Processing /home/airflow/.local/lib/python3.8/site-packages/airflow/example_dags/example_latest_only_with_trigger.py took 0.057 seconds
[2025-12-11T00:47:40.863+0000] {processor.py:157} INFO - Started process (PID=1192) to work on /home/airflow/.local/lib/python3.8/site-packages/airflow/example_dags/example_latest_only_with_trigger.py
[2025-12-11T00:47:40.866+0000] {processor.py:829} INFO - Processing file /home/airflow/.local/lib/python3.8/site-packages/airflow/example_dags/example_latest_only_with_trigger.py for tasks to queue
[2025-12-11T00:47:40.869+0000] {logging_mixin.py:154} INFO - [2025-12-11T00:47:40.869+0000] {dagbag.py:536} INFO - Filling up the DagBag from /home/airflow/.local/lib/python3.8/site-packages/airflow/example_dags/example_latest_only_with_trigger.py
[2025-12-11T00:47:40.872+0000] {processor.py:839} INFO - DAG(s) dict_keys(['latest_only_with_trigger']) retrieved from /home/airflow/.local/lib/python3.8/site-packages/airflow/example_dags/example_latest_only_with_trigger.py
[2025-12-11T00:47:40.888+0000] {logging_mixin.py:154} INFO - [2025-12-11T00:47:40.888+0000] {dag.py:2941} INFO - Sync 1 DAGs
[2025-12-11T00:47:40.910+0000] {logging_mixin.py:154} INFO - [2025-12-11T00:47:40.910+0000] {dag.py:3722} INFO - Setting next_dagrun for latest_only_with_trigger to 2025-12-10T20:47:40.910140+00:00, run_after=2025-12-11T00:47:40.910140+00:00
[2025-12-11T00:47:40.937+0000] {processor.py:179} INFO - Processing /home/airflow/.local/lib/python3.8/site-packages/airflow/example_dags/example_latest_only_with_trigger.py took 0.078 seconds
[2025-12-11T00:48:11.113+0000] {processor.py:157} INFO - Started process (PID=1247) to work on /home/airflow/.local/lib/python3.8/site-packages/airflow/example_dags/example_latest_only_with_trigger.py
[2025-12-11T00:48:11.114+0000] {processor.py:829} INFO - Processing file /home/airflow/.local/lib/python3.8/site-packages/airflow/example_dags/example_latest_only_with_trigger.py for tasks to queue
[2025-12-11T00:48:11.116+0000] {logging_mixin.py:154} INFO - [2025-12-11T00:48:11.115+0000] {dagbag.py:536} INFO - Filling up the DagBag from /home/airflow/.local/lib/python3.8/site-packages/airflow/example_dags/example_latest_only_with_trigger.py
[2025-12-11T00:48:11.119+0000] {processor.py:839} INFO - DAG(s) dict_keys(['latest_only_with_trigger']) retrieved from /home/airflow/.local/lib/python3.8/site-packages/airflow/example_dags/example_latest_only_with_trigger.py
[2025-12-11T00:48:11.134+0000] {logging_mixin.py:154} INFO - [2025-12-11T00:48:11.134+0000] {dag.py:2941} INFO - Sync 1 DAGs
[2025-12-11T00:48:11.147+0000] {logging_mixin.py:154} INFO - [2025-12-11T00:48:11.147+0000] {dag.py:3722} INFO - Setting next_dagrun for latest_only_with_trigger to 2025-12-10T20:48:11.147562+00:00, run_after=2025-12-11T00:48:11.147562+00:00
[2025-12-11T00:48:11.159+0000] {processor.py:179} INFO - Processing /home/airflow/.local/lib/python3.8/site-packages/airflow/example_dags/example_latest_only_with_trigger.py took 0.048 seconds
[2025-12-11T00:48:41.978+0000] {processor.py:157} INFO - Started process (PID=1302) to work on /home/airflow/.local/lib/python3.8/site-packages/airflow/example_dags/example_latest_only_with_trigger.py
[2025-12-11T00:48:41.979+0000] {processor.py:829} INFO - Processing file /home/airflow/.local/lib/python3.8/site-packages/airflow/example_dags/example_latest_only_with_trigger.py for tasks to queue
[2025-12-11T00:48:41.983+0000] {logging_mixin.py:154} INFO - [2025-12-11T00:48:41.982+0000] {dagbag.py:536} INFO - Filling up the DagBag from /home/airflow/.local/lib/python3.8/site-packages/airflow/example_dags/example_latest_only_with_trigger.py
[2025-12-11T00:48:41.989+0000] {processor.py:839} INFO - DAG(s) dict_keys(['latest_only_with_trigger']) retrieved from /home/airflow/.local/lib/python3.8/site-packages/airflow/example_dags/example_latest_only_with_trigger.py
[2025-12-11T00:48:42.005+0000] {logging_mixin.py:154} INFO - [2025-12-11T00:48:42.005+0000] {dag.py:2941} INFO - Sync 1 DAGs
[2025-12-11T00:48:42.018+0000] {logging_mixin.py:154} INFO - [2025-12-11T00:48:42.018+0000] {dag.py:3722} INFO - Setting next_dagrun for latest_only_with_trigger to 2025-12-10T20:48:42.018282+00:00, run_after=2025-12-11T00:48:42.018282+00:00
[2025-12-11T00:48:42.028+0000] {processor.py:179} INFO - Processing /home/airflow/.local/lib/python3.8/site-packages/airflow/example_dags/example_latest_only_with_trigger.py took 0.054 seconds
[2025-12-11T00:49:12.563+0000] {processor.py:157} INFO - Started process (PID=1357) to work on /home/airflow/.local/lib/python3.8/site-packages/airflow/example_dags/example_latest_only_with_trigger.py
[2025-12-11T00:49:12.566+0000] {processor.py:829} INFO - Processing file /home/airflow/.local/lib/python3.8/site-packages/airflow/example_dags/example_latest_only_with_trigger.py for tasks to queue
[2025-12-11T00:49:12.568+0000] {logging_mixin.py:154} INFO - [2025-12-11T00:49:12.568+0000] {dagbag.py:536} INFO - Filling up the DagBag from /home/airflow/.local/lib/python3.8/site-packages/airflow/example_dags/example_latest_only_with_trigger.py
[2025-12-11T00:49:12.571+0000] {processor.py:839} INFO - DAG(s) dict_keys(['latest_only_with_trigger']) retrieved from /home/airflow/.local/lib/python3.8/site-packages/airflow/example_dags/example_latest_only_with_trigger.py
[2025-12-11T00:49:12.587+0000] {logging_mixin.py:154} INFO - [2025-12-11T00:49:12.587+0000] {dag.py:2941} INFO - Sync 1 DAGs
[2025-12-11T00:49:12.600+0000] {logging_mixin.py:154} INFO - [2025-12-11T00:49:12.600+0000] {dag.py:3722} INFO - Setting next_dagrun for latest_only_with_trigger to 2025-12-10T20:49:12.600665+00:00, run_after=2025-12-11T00:49:12.600665+00:00
[2025-12-11T00:49:12.612+0000] {processor.py:179} INFO - Processing /home/airflow/.local/lib/python3.8/site-packages/airflow/example_dags/example_latest_only_with_trigger.py took 0.052 seconds
[2025-12-11T00:49:42.865+0000] {processor.py:157} INFO - Started process (PID=1412) to work on /home/airflow/.local/lib/python3.8/site-packages/airflow/example_dags/example_latest_only_with_trigger.py
[2025-12-11T00:49:42.866+0000] {processor.py:829} INFO - Processing file /home/airflow/.local/lib/python3.8/site-packages/airflow/example_dags/example_latest_only_with_trigger.py for tasks to queue
[2025-12-11T00:49:42.868+0000] {logging_mixin.py:154} INFO - [2025-12-11T00:49:42.868+0000] {dagbag.py:536} INFO - Filling up the DagBag from /home/airflow/.local/lib/python3.8/site-packages/airflow/example_dags/example_latest_only_with_trigger.py
[2025-12-11T00:49:42.874+0000] {processor.py:839} INFO - DAG(s) dict_keys(['latest_only_with_trigger']) retrieved from /home/airflow/.local/lib/python3.8/site-packages/airflow/example_dags/example_latest_only_with_trigger.py
[2025-12-11T00:49:42.894+0000] {logging_mixin.py:154} INFO - [2025-12-11T00:49:42.893+0000] {dag.py:2941} INFO - Sync 1 DAGs
[2025-12-11T00:49:42.909+0000] {logging_mixin.py:154} INFO - [2025-12-11T00:49:42.909+0000] {dag.py:3722} INFO - Setting next_dagrun for latest_only_with_trigger to 2025-12-10T20:49:42.908902+00:00, run_after=2025-12-11T00:49:42.908902+00:00
[2025-12-11T00:49:42.920+0000] {processor.py:179} INFO - Processing /home/airflow/.local/lib/python3.8/site-packages/airflow/example_dags/example_latest_only_with_trigger.py took 0.059 seconds
[2025-12-11T00:50:12.966+0000] {processor.py:157} INFO - Started process (PID=1467) to work on /home/airflow/.local/lib/python3.8/site-packages/airflow/example_dags/example_latest_only_with_trigger.py
[2025-12-11T00:50:12.966+0000] {processor.py:829} INFO - Processing file /home/airflow/.local/lib/python3.8/site-packages/airflow/example_dags/example_latest_only_with_trigger.py for tasks to queue
[2025-12-11T00:50:12.968+0000] {logging_mixin.py:154} INFO - [2025-12-11T00:50:12.968+0000] {dagbag.py:536} INFO - Filling up the DagBag from /home/airflow/.local/lib/python3.8/site-packages/airflow/example_dags/example_latest_only_with_trigger.py
[2025-12-11T00:50:12.972+0000] {processor.py:839} INFO - DAG(s) dict_keys(['latest_only_with_trigger']) retrieved from /home/airflow/.local/lib/python3.8/site-packages/airflow/example_dags/example_latest_only_with_trigger.py
[2025-12-11T00:50:12.994+0000] {logging_mixin.py:154} INFO - [2025-12-11T00:50:12.994+0000] {dag.py:2941} INFO - Sync 1 DAGs
[2025-12-11T00:50:13.007+0000] {logging_mixin.py:154} INFO - [2025-12-11T00:50:13.007+0000] {dag.py:3722} INFO - Setting next_dagrun for latest_only_with_trigger to 2025-12-10T20:50:13.007236+00:00, run_after=2025-12-11T00:50:13.007236+00:00
[2025-12-11T00:50:13.018+0000] {processor.py:179} INFO - Processing /home/airflow/.local/lib/python3.8/site-packages/airflow/example_dags/example_latest_only_with_trigger.py took 0.055 seconds
[2025-12-11T00:50:43.276+0000] {processor.py:157} INFO - Started process (PID=1522) to work on /home/airflow/.local/lib/python3.8/site-packages/airflow/example_dags/example_latest_only_with_trigger.py
[2025-12-11T00:50:43.277+0000] {processor.py:829} INFO - Processing file /home/airflow/.local/lib/python3.8/site-packages/airflow/example_dags/example_latest_only_with_trigger.py for tasks to queue
[2025-12-11T00:50:43.280+0000] {logging_mixin.py:154} INFO - [2025-12-11T00:50:43.280+0000] {dagbag.py:536} INFO - Filling up the DagBag from /home/airflow/.local/lib/python3.8/site-packages/airflow/example_dags/example_latest_only_with_trigger.py
[2025-12-11T00:50:43.285+0000] {processor.py:839} INFO - DAG(s) dict_keys(['latest_only_with_trigger']) retrieved from /home/airflow/.local/lib/python3.8/site-packages/airflow/example_dags/example_latest_only_with_trigger.py
[2025-12-11T00:50:43.305+0000] {logging_mixin.py:154} INFO - [2025-12-11T00:50:43.305+0000] {dag.py:2941} INFO - Sync 1 DAGs
[2025-12-11T00:50:43.319+0000] {logging_mixin.py:154} INFO - [2025-12-11T00:50:43.319+0000] {dag.py:3722} INFO - Setting next_dagrun for latest_only_with_trigger to 2025-12-10T20:50:43.319090+00:00, run_after=2025-12-11T00:50:43.319090+00:00
[2025-12-11T00:50:43.330+0000] {processor.py:179} INFO - Processing /home/airflow/.local/lib/python3.8/site-packages/airflow/example_dags/example_latest_only_with_trigger.py took 0.058 seconds
[2025-12-11T00:51:14.033+0000] {processor.py:157} INFO - Started process (PID=1577) to work on /home/airflow/.local/lib/python3.8/site-packages/airflow/example_dags/example_latest_only_with_trigger.py
[2025-12-11T00:51:14.034+0000] {processor.py:829} INFO - Processing file /home/airflow/.local/lib/python3.8/site-packages/airflow/example_dags/example_latest_only_with_trigger.py for tasks to queue
[2025-12-11T00:51:14.036+0000] {logging_mixin.py:154} INFO - [2025-12-11T00:51:14.036+0000] {dagbag.py:536} INFO - Filling up the DagBag from /home/airflow/.local/lib/python3.8/site-packages/airflow/example_dags/example_latest_only_with_trigger.py
[2025-12-11T00:51:14.039+0000] {processor.py:839} INFO - DAG(s) dict_keys(['latest_only_with_trigger']) retrieved from /home/airflow/.local/lib/python3.8/site-packages/airflow/example_dags/example_latest_only_with_trigger.py
[2025-12-11T00:51:14.057+0000] {logging_mixin.py:154} INFO - [2025-12-11T00:51:14.057+0000] {dag.py:2941} INFO - Sync 1 DAGs
[2025-12-11T00:51:14.074+0000] {logging_mixin.py:154} INFO - [2025-12-11T00:51:14.074+0000] {dag.py:3722} INFO - Setting next_dagrun for latest_only_with_trigger to 2025-12-10T20:51:14.073905+00:00, run_after=2025-12-11T00:51:14.073905+00:00
[2025-12-11T00:51:14.085+0000] {processor.py:179} INFO - Processing /home/airflow/.local/lib/python3.8/site-packages/airflow/example_dags/example_latest_only_with_trigger.py took 0.055 seconds
[2025-12-11T00:51:45.051+0000] {processor.py:157} INFO - Started process (PID=1632) to work on /home/airflow/.local/lib/python3.8/site-packages/airflow/example_dags/example_latest_only_with_trigger.py
[2025-12-11T00:51:45.052+0000] {processor.py:829} INFO - Processing file /home/airflow/.local/lib/python3.8/site-packages/airflow/example_dags/example_latest_only_with_trigger.py for tasks to queue
[2025-12-11T00:51:45.053+0000] {logging_mixin.py:154} INFO - [2025-12-11T00:51:45.053+0000] {dagbag.py:536} INFO - Filling up the DagBag from /home/airflow/.local/lib/python3.8/site-packages/airflow/example_dags/example_latest_only_with_trigger.py
[2025-12-11T00:51:45.056+0000] {processor.py:839} INFO - DAG(s) dict_keys(['latest_only_with_trigger']) retrieved from /home/airflow/.local/lib/python3.8/site-packages/airflow/example_dags/example_latest_only_with_trigger.py
[2025-12-11T00:51:45.071+0000] {logging_mixin.py:154} INFO - [2025-12-11T00:51:45.071+0000] {dag.py:2941} INFO - Sync 1 DAGs
[2025-12-11T00:51:45.085+0000] {logging_mixin.py:154} INFO - [2025-12-11T00:51:45.085+0000] {dag.py:3722} INFO - Setting next_dagrun for latest_only_with_trigger to 2025-12-10T20:51:45.085027+00:00, run_after=2025-12-11T00:51:45.085027+00:00
[2025-12-11T00:51:45.098+0000] {processor.py:179} INFO - Processing /home/airflow/.local/lib/python3.8/site-packages/airflow/example_dags/example_latest_only_with_trigger.py took 0.049 seconds
[2025-12-11T00:52:15.224+0000] {processor.py:157} INFO - Started process (PID=1687) to work on /home/airflow/.local/lib/python3.8/site-packages/airflow/example_dags/example_latest_only_with_trigger.py
[2025-12-11T00:52:15.225+0000] {processor.py:829} INFO - Processing file /home/airflow/.local/lib/python3.8/site-packages/airflow/example_dags/example_latest_only_with_trigger.py for tasks to queue
[2025-12-11T00:52:15.227+0000] {logging_mixin.py:154} INFO - [2025-12-11T00:52:15.226+0000] {dagbag.py:536} INFO - Filling up the DagBag from /home/airflow/.local/lib/python3.8/site-packages/airflow/example_dags/example_latest_only_with_trigger.py
[2025-12-11T00:52:15.229+0000] {processor.py:839} INFO - DAG(s) dict_keys(['latest_only_with_trigger']) retrieved from /home/airflow/.local/lib/python3.8/site-packages/airflow/example_dags/example_latest_only_with_trigger.py
[2025-12-11T00:52:15.243+0000] {logging_mixin.py:154} INFO - [2025-12-11T00:52:15.243+0000] {dag.py:2941} INFO - Sync 1 DAGs
[2025-12-11T00:52:15.259+0000] {logging_mixin.py:154} INFO - [2025-12-11T00:52:15.258+0000] {dag.py:3722} INFO - Setting next_dagrun for latest_only_with_trigger to 2025-12-10T20:52:15.258729+00:00, run_after=2025-12-11T00:52:15.258729+00:00
[2025-12-11T00:52:15.272+0000] {processor.py:179} INFO - Processing /home/airflow/.local/lib/python3.8/site-packages/airflow/example_dags/example_latest_only_with_trigger.py took 0.050 seconds
[2025-12-11T00:52:45.545+0000] {processor.py:157} INFO - Started process (PID=1743) to work on /home/airflow/.local/lib/python3.8/site-packages/airflow/example_dags/example_latest_only_with_trigger.py
[2025-12-11T00:52:45.545+0000] {processor.py:829} INFO - Processing file /home/airflow/.local/lib/python3.8/site-packages/airflow/example_dags/example_latest_only_with_trigger.py for tasks to queue
[2025-12-11T00:52:45.547+0000] {logging_mixin.py:154} INFO - [2025-12-11T00:52:45.546+0000] {dagbag.py:536} INFO - Filling up the DagBag from /home/airflow/.local/lib/python3.8/site-packages/airflow/example_dags/example_latest_only_with_trigger.py
[2025-12-11T00:52:45.550+0000] {processor.py:839} INFO - DAG(s) dict_keys(['latest_only_with_trigger']) retrieved from /home/airflow/.local/lib/python3.8/site-packages/airflow/example_dags/example_latest_only_with_trigger.py
[2025-12-11T00:52:45.566+0000] {logging_mixin.py:154} INFO - [2025-12-11T00:52:45.565+0000] {dag.py:2941} INFO - Sync 1 DAGs
[2025-12-11T00:52:45.579+0000] {logging_mixin.py:154} INFO - [2025-12-11T00:52:45.579+0000] {dag.py:3722} INFO - Setting next_dagrun for latest_only_with_trigger to 2025-12-10T20:52:45.579079+00:00, run_after=2025-12-11T00:52:45.579079+00:00
[2025-12-11T00:52:45.590+0000] {processor.py:179} INFO - Processing /home/airflow/.local/lib/python3.8/site-packages/airflow/example_dags/example_latest_only_with_trigger.py took 0.048 seconds
[2025-12-11T00:53:16.222+0000] {processor.py:157} INFO - Started process (PID=1798) to work on /home/airflow/.local/lib/python3.8/site-packages/airflow/example_dags/example_latest_only_with_trigger.py
[2025-12-11T00:53:16.222+0000] {processor.py:829} INFO - Processing file /home/airflow/.local/lib/python3.8/site-packages/airflow/example_dags/example_latest_only_with_trigger.py for tasks to queue
[2025-12-11T00:53:16.223+0000] {logging_mixin.py:154} INFO - [2025-12-11T00:53:16.223+0000] {dagbag.py:536} INFO - Filling up the DagBag from /home/airflow/.local/lib/python3.8/site-packages/airflow/example_dags/example_latest_only_with_trigger.py
[2025-12-11T00:53:16.227+0000] {processor.py:839} INFO - DAG(s) dict_keys(['latest_only_with_trigger']) retrieved from /home/airflow/.local/lib/python3.8/site-packages/airflow/example_dags/example_latest_only_with_trigger.py
[2025-12-11T00:53:16.243+0000] {logging_mixin.py:154} INFO - [2025-12-11T00:53:16.243+0000] {dag.py:2941} INFO - Sync 1 DAGs
[2025-12-11T00:53:16.255+0000] {logging_mixin.py:154} INFO - [2025-12-11T00:53:16.255+0000] {dag.py:3722} INFO - Setting next_dagrun for latest_only_with_trigger to 2025-12-10T20:53:16.255706+00:00, run_after=2025-12-11T00:53:16.255706+00:00
[2025-12-11T00:53:16.267+0000] {processor.py:179} INFO - Processing /home/airflow/.local/lib/python3.8/site-packages/airflow/example_dags/example_latest_only_with_trigger.py took 0.047 seconds
[2025-12-11T00:53:46.788+0000] {processor.py:157} INFO - Started process (PID=1853) to work on /home/airflow/.local/lib/python3.8/site-packages/airflow/example_dags/example_latest_only_with_trigger.py
[2025-12-11T00:53:46.790+0000] {processor.py:829} INFO - Processing file /home/airflow/.local/lib/python3.8/site-packages/airflow/example_dags/example_latest_only_with_trigger.py for tasks to queue
[2025-12-11T00:53:46.791+0000] {logging_mixin.py:154} INFO - [2025-12-11T00:53:46.791+0000] {dagbag.py:536} INFO - Filling up the DagBag from /home/airflow/.local/lib/python3.8/site-packages/airflow/example_dags/example_latest_only_with_trigger.py
[2025-12-11T00:53:46.795+0000] {processor.py:839} INFO - DAG(s) dict_keys(['latest_only_with_trigger']) retrieved from /home/airflow/.local/lib/python3.8/site-packages/airflow/example_dags/example_latest_only_with_trigger.py
[2025-12-11T00:53:46.809+0000] {logging_mixin.py:154} INFO - [2025-12-11T00:53:46.809+0000] {dag.py:2941} INFO - Sync 1 DAGs
[2025-12-11T00:53:46.823+0000] {logging_mixin.py:154} INFO - [2025-12-11T00:53:46.823+0000] {dag.py:3722} INFO - Setting next_dagrun for latest_only_with_trigger to 2025-12-10T20:53:46.823052+00:00, run_after=2025-12-11T00:53:46.823052+00:00
[2025-12-11T00:53:46.839+0000] {processor.py:179} INFO - Processing /home/airflow/.local/lib/python3.8/site-packages/airflow/example_dags/example_latest_only_with_trigger.py took 0.054 seconds
[2025-12-11T00:54:17.207+0000] {processor.py:157} INFO - Started process (PID=1909) to work on /home/airflow/.local/lib/python3.8/site-packages/airflow/example_dags/example_latest_only_with_trigger.py
[2025-12-11T00:54:17.209+0000] {processor.py:829} INFO - Processing file /home/airflow/.local/lib/python3.8/site-packages/airflow/example_dags/example_latest_only_with_trigger.py for tasks to queue
[2025-12-11T00:54:17.210+0000] {logging_mixin.py:154} INFO - [2025-12-11T00:54:17.210+0000] {dagbag.py:536} INFO - Filling up the DagBag from /home/airflow/.local/lib/python3.8/site-packages/airflow/example_dags/example_latest_only_with_trigger.py
[2025-12-11T00:54:17.214+0000] {processor.py:839} INFO - DAG(s) dict_keys(['latest_only_with_trigger']) retrieved from /home/airflow/.local/lib/python3.8/site-packages/airflow/example_dags/example_latest_only_with_trigger.py
[2025-12-11T00:54:17.232+0000] {logging_mixin.py:154} INFO - [2025-12-11T00:54:17.231+0000] {dag.py:2941} INFO - Sync 1 DAGs
[2025-12-11T00:54:17.249+0000] {logging_mixin.py:154} INFO - [2025-12-11T00:54:17.249+0000] {dag.py:3722} INFO - Setting next_dagrun for latest_only_with_trigger to 2025-12-10T20:54:17.248978+00:00, run_after=2025-12-11T00:54:17.248978+00:00
[2025-12-11T00:54:17.277+0000] {processor.py:179} INFO - Processing /home/airflow/.local/lib/python3.8/site-packages/airflow/example_dags/example_latest_only_with_trigger.py took 0.074 seconds
[2025-12-11T00:54:47.615+0000] {processor.py:157} INFO - Started process (PID=1964) to work on /home/airflow/.local/lib/python3.8/site-packages/airflow/example_dags/example_latest_only_with_trigger.py
[2025-12-11T00:54:47.615+0000] {processor.py:829} INFO - Processing file /home/airflow/.local/lib/python3.8/site-packages/airflow/example_dags/example_latest_only_with_trigger.py for tasks to queue
[2025-12-11T00:54:47.617+0000] {logging_mixin.py:154} INFO - [2025-12-11T00:54:47.617+0000] {dagbag.py:536} INFO - Filling up the DagBag from /home/airflow/.local/lib/python3.8/site-packages/airflow/example_dags/example_latest_only_with_trigger.py
[2025-12-11T00:54:47.620+0000] {processor.py:839} INFO - DAG(s) dict_keys(['latest_only_with_trigger']) retrieved from /home/airflow/.local/lib/python3.8/site-packages/airflow/example_dags/example_latest_only_with_trigger.py
[2025-12-11T00:54:47.641+0000] {logging_mixin.py:154} INFO - [2025-12-11T00:54:47.641+0000] {dag.py:2941} INFO - Sync 1 DAGs
[2025-12-11T00:54:47.655+0000] {logging_mixin.py:154} INFO - [2025-12-11T00:54:47.655+0000] {dag.py:3722} INFO - Setting next_dagrun for latest_only_with_trigger to 2025-12-10T20:54:47.655349+00:00, run_after=2025-12-11T00:54:47.655349+00:00
[2025-12-11T00:54:47.667+0000] {processor.py:179} INFO - Processing /home/airflow/.local/lib/python3.8/site-packages/airflow/example_dags/example_latest_only_with_trigger.py took 0.054 seconds
[2025-12-11T00:55:17.829+0000] {processor.py:157} INFO - Started process (PID=2019) to work on /home/airflow/.local/lib/python3.8/site-packages/airflow/example_dags/example_latest_only_with_trigger.py
[2025-12-11T00:55:17.831+0000] {processor.py:829} INFO - Processing file /home/airflow/.local/lib/python3.8/site-packages/airflow/example_dags/example_latest_only_with_trigger.py for tasks to queue
[2025-12-11T00:55:17.833+0000] {logging_mixin.py:154} INFO - [2025-12-11T00:55:17.833+0000] {dagbag.py:536} INFO - Filling up the DagBag from /home/airflow/.local/lib/python3.8/site-packages/airflow/example_dags/example_latest_only_with_trigger.py
[2025-12-11T00:55:17.838+0000] {processor.py:839} INFO - DAG(s) dict_keys(['latest_only_with_trigger']) retrieved from /home/airflow/.local/lib/python3.8/site-packages/airflow/example_dags/example_latest_only_with_trigger.py
[2025-12-11T00:55:17.855+0000] {logging_mixin.py:154} INFO - [2025-12-11T00:55:17.855+0000] {dag.py:2941} INFO - Sync 1 DAGs
[2025-12-11T00:55:17.870+0000] {logging_mixin.py:154} INFO - [2025-12-11T00:55:17.870+0000] {dag.py:3722} INFO - Setting next_dagrun for latest_only_with_trigger to 2025-12-10T20:55:17.870328+00:00, run_after=2025-12-11T00:55:17.870328+00:00
[2025-12-11T00:55:17.887+0000] {processor.py:179} INFO - Processing /home/airflow/.local/lib/python3.8/site-packages/airflow/example_dags/example_latest_only_with_trigger.py took 0.061 seconds
