[2025-12-11T00:38:15.872+0000] {processor.py:157} INFO - Started process (PID=175) to work on /home/airflow/.local/lib/python3.8/site-packages/airflow/example_dags/example_branch_labels.py
[2025-12-11T00:38:15.873+0000] {processor.py:829} INFO - Processing file /home/airflow/.local/lib/python3.8/site-packages/airflow/example_dags/example_branch_labels.py for tasks to queue
[2025-12-11T00:38:15.875+0000] {logging_mixin.py:154} INFO - [2025-12-11T00:38:15.875+0000] {dagbag.py:536} INFO - Filling up the DagBag from /home/airflow/.local/lib/python3.8/site-packages/airflow/example_dags/example_branch_labels.py
[2025-12-11T00:38:15.887+0000] {processor.py:839} INFO - DAG(s) dict_keys(['example_branch_labels']) retrieved from /home/airflow/.local/lib/python3.8/site-packages/airflow/example_dags/example_branch_labels.py
[2025-12-11T00:38:15.897+0000] {logging_mixin.py:154} INFO - [2025-12-11T00:38:15.897+0000] {dag.py:2941} INFO - Sync 1 DAGs
[2025-12-11T00:38:15.925+0000] {logging_mixin.py:154} INFO - [2025-12-11T00:38:15.925+0000] {dag.py:3722} INFO - Setting next_dagrun for example_branch_labels to 2025-12-10T00:00:00+00:00, run_after=2025-12-11T00:00:00+00:00
[2025-12-11T00:38:15.952+0000] {processor.py:179} INFO - Processing /home/airflow/.local/lib/python3.8/site-packages/airflow/example_dags/example_branch_labels.py took 0.083 seconds
[2025-12-11T00:38:46.074+0000] {processor.py:157} INFO - Started process (PID=238) to work on /home/airflow/.local/lib/python3.8/site-packages/airflow/example_dags/example_branch_labels.py
[2025-12-11T00:38:46.074+0000] {processor.py:829} INFO - Processing file /home/airflow/.local/lib/python3.8/site-packages/airflow/example_dags/example_branch_labels.py for tasks to queue
[2025-12-11T00:38:46.075+0000] {logging_mixin.py:154} INFO - [2025-12-11T00:38:46.075+0000] {dagbag.py:536} INFO - Filling up the DagBag from /home/airflow/.local/lib/python3.8/site-packages/airflow/example_dags/example_branch_labels.py
[2025-12-11T00:38:46.080+0000] {processor.py:839} INFO - DAG(s) dict_keys(['example_branch_labels']) retrieved from /home/airflow/.local/lib/python3.8/site-packages/airflow/example_dags/example_branch_labels.py
[2025-12-11T00:38:46.093+0000] {logging_mixin.py:154} INFO - [2025-12-11T00:38:46.093+0000] {dag.py:2941} INFO - Sync 1 DAGs
[2025-12-11T00:38:46.109+0000] {logging_mixin.py:154} INFO - [2025-12-11T00:38:46.109+0000] {dag.py:3722} INFO - Setting next_dagrun for example_branch_labels to 2025-12-10T00:00:00+00:00, run_after=2025-12-11T00:00:00+00:00
[2025-12-11T00:38:46.122+0000] {processor.py:179} INFO - Processing /home/airflow/.local/lib/python3.8/site-packages/airflow/example_dags/example_branch_labels.py took 0.051 seconds
[2025-12-11T00:39:16.462+0000] {processor.py:157} INFO - Started process (PID=293) to work on /home/airflow/.local/lib/python3.8/site-packages/airflow/example_dags/example_branch_labels.py
[2025-12-11T00:39:16.463+0000] {processor.py:829} INFO - Processing file /home/airflow/.local/lib/python3.8/site-packages/airflow/example_dags/example_branch_labels.py for tasks to queue
[2025-12-11T00:39:16.464+0000] {logging_mixin.py:154} INFO - [2025-12-11T00:39:16.464+0000] {dagbag.py:536} INFO - Filling up the DagBag from /home/airflow/.local/lib/python3.8/site-packages/airflow/example_dags/example_branch_labels.py
[2025-12-11T00:39:16.476+0000] {processor.py:839} INFO - DAG(s) dict_keys(['example_branch_labels']) retrieved from /home/airflow/.local/lib/python3.8/site-packages/airflow/example_dags/example_branch_labels.py
[2025-12-11T00:39:16.492+0000] {logging_mixin.py:154} INFO - [2025-12-11T00:39:16.492+0000] {dag.py:2941} INFO - Sync 1 DAGs
[2025-12-11T00:39:16.505+0000] {logging_mixin.py:154} INFO - [2025-12-11T00:39:16.505+0000] {dag.py:3722} INFO - Setting next_dagrun for example_branch_labels to 2025-12-10T00:00:00+00:00, run_after=2025-12-11T00:00:00+00:00
[2025-12-11T00:39:16.523+0000] {processor.py:179} INFO - Processing /home/airflow/.local/lib/python3.8/site-packages/airflow/example_dags/example_branch_labels.py took 0.063 seconds
[2025-12-11T00:39:46.796+0000] {processor.py:157} INFO - Started process (PID=348) to work on /home/airflow/.local/lib/python3.8/site-packages/airflow/example_dags/example_branch_labels.py
[2025-12-11T00:39:46.796+0000] {processor.py:829} INFO - Processing file /home/airflow/.local/lib/python3.8/site-packages/airflow/example_dags/example_branch_labels.py for tasks to queue
[2025-12-11T00:39:46.798+0000] {logging_mixin.py:154} INFO - [2025-12-11T00:39:46.797+0000] {dagbag.py:536} INFO - Filling up the DagBag from /home/airflow/.local/lib/python3.8/site-packages/airflow/example_dags/example_branch_labels.py
[2025-12-11T00:39:46.802+0000] {processor.py:839} INFO - DAG(s) dict_keys(['example_branch_labels']) retrieved from /home/airflow/.local/lib/python3.8/site-packages/airflow/example_dags/example_branch_labels.py
[2025-12-11T00:39:46.816+0000] {logging_mixin.py:154} INFO - [2025-12-11T00:39:46.816+0000] {dag.py:2941} INFO - Sync 1 DAGs
[2025-12-11T00:39:46.830+0000] {logging_mixin.py:154} INFO - [2025-12-11T00:39:46.830+0000] {dag.py:3722} INFO - Setting next_dagrun for example_branch_labels to 2025-12-10T00:00:00+00:00, run_after=2025-12-11T00:00:00+00:00
[2025-12-11T00:39:46.851+0000] {processor.py:179} INFO - Processing /home/airflow/.local/lib/python3.8/site-packages/airflow/example_dags/example_branch_labels.py took 0.057 seconds
[2025-12-11T00:40:24.566+0000] {processor.py:157} INFO - Started process (PID=410) to work on /home/airflow/.local/lib/python3.8/site-packages/airflow/example_dags/example_branch_labels.py
[2025-12-11T00:40:24.567+0000] {processor.py:829} INFO - Processing file /home/airflow/.local/lib/python3.8/site-packages/airflow/example_dags/example_branch_labels.py for tasks to queue
[2025-12-11T00:40:24.569+0000] {logging_mixin.py:154} INFO - [2025-12-11T00:40:24.568+0000] {dagbag.py:536} INFO - Filling up the DagBag from /home/airflow/.local/lib/python3.8/site-packages/airflow/example_dags/example_branch_labels.py
[2025-12-11T00:40:24.573+0000] {processor.py:839} INFO - DAG(s) dict_keys(['example_branch_labels']) retrieved from /home/airflow/.local/lib/python3.8/site-packages/airflow/example_dags/example_branch_labels.py
[2025-12-11T00:40:24.586+0000] {logging_mixin.py:154} INFO - [2025-12-11T00:40:24.586+0000] {dag.py:2941} INFO - Sync 1 DAGs
[2025-12-11T00:40:24.600+0000] {logging_mixin.py:154} INFO - [2025-12-11T00:40:24.600+0000] {dag.py:3722} INFO - Setting next_dagrun for example_branch_labels to 2025-12-10T00:00:00+00:00, run_after=2025-12-11T00:00:00+00:00
[2025-12-11T00:40:24.621+0000] {processor.py:179} INFO - Processing /home/airflow/.local/lib/python3.8/site-packages/airflow/example_dags/example_branch_labels.py took 0.057 seconds
[2025-12-11T00:40:55.368+0000] {processor.py:157} INFO - Started process (PID=465) to work on /home/airflow/.local/lib/python3.8/site-packages/airflow/example_dags/example_branch_labels.py
[2025-12-11T00:40:55.368+0000] {processor.py:829} INFO - Processing file /home/airflow/.local/lib/python3.8/site-packages/airflow/example_dags/example_branch_labels.py for tasks to queue
[2025-12-11T00:40:55.369+0000] {logging_mixin.py:154} INFO - [2025-12-11T00:40:55.369+0000] {dagbag.py:536} INFO - Filling up the DagBag from /home/airflow/.local/lib/python3.8/site-packages/airflow/example_dags/example_branch_labels.py
[2025-12-11T00:40:55.374+0000] {processor.py:839} INFO - DAG(s) dict_keys(['example_branch_labels']) retrieved from /home/airflow/.local/lib/python3.8/site-packages/airflow/example_dags/example_branch_labels.py
[2025-12-11T00:40:55.387+0000] {logging_mixin.py:154} INFO - [2025-12-11T00:40:55.387+0000] {dag.py:2941} INFO - Sync 1 DAGs
[2025-12-11T00:40:55.400+0000] {logging_mixin.py:154} INFO - [2025-12-11T00:40:55.400+0000] {dag.py:3722} INFO - Setting next_dagrun for example_branch_labels to 2025-12-10T00:00:00+00:00, run_after=2025-12-11T00:00:00+00:00
[2025-12-11T00:40:55.410+0000] {processor.py:179} INFO - Processing /home/airflow/.local/lib/python3.8/site-packages/airflow/example_dags/example_branch_labels.py took 0.044 seconds
[2025-12-11T00:41:26.510+0000] {processor.py:157} INFO - Started process (PID=520) to work on /home/airflow/.local/lib/python3.8/site-packages/airflow/example_dags/example_branch_labels.py
[2025-12-11T00:41:26.582+0000] {processor.py:829} INFO - Processing file /home/airflow/.local/lib/python3.8/site-packages/airflow/example_dags/example_branch_labels.py for tasks to queue
[2025-12-11T00:41:26.585+0000] {logging_mixin.py:154} INFO - [2025-12-11T00:41:26.585+0000] {dagbag.py:536} INFO - Filling up the DagBag from /home/airflow/.local/lib/python3.8/site-packages/airflow/example_dags/example_branch_labels.py
[2025-12-11T00:41:26.594+0000] {processor.py:839} INFO - DAG(s) dict_keys(['example_branch_labels']) retrieved from /home/airflow/.local/lib/python3.8/site-packages/airflow/example_dags/example_branch_labels.py
[2025-12-11T00:41:26.610+0000] {logging_mixin.py:154} INFO - [2025-12-11T00:41:26.610+0000] {dag.py:2941} INFO - Sync 1 DAGs
[2025-12-11T00:41:26.622+0000] {logging_mixin.py:154} INFO - [2025-12-11T00:41:26.622+0000] {dag.py:3722} INFO - Setting next_dagrun for example_branch_labels to 2025-12-10T00:00:00+00:00, run_after=2025-12-11T00:00:00+00:00
[2025-12-11T00:41:26.992+0000] {processor.py:179} INFO - Processing /home/airflow/.local/lib/python3.8/site-packages/airflow/example_dags/example_branch_labels.py took 0.484 seconds
[2025-12-11T00:41:57.805+0000] {processor.py:157} INFO - Started process (PID=575) to work on /home/airflow/.local/lib/python3.8/site-packages/airflow/example_dags/example_branch_labels.py
[2025-12-11T00:41:57.808+0000] {processor.py:829} INFO - Processing file /home/airflow/.local/lib/python3.8/site-packages/airflow/example_dags/example_branch_labels.py for tasks to queue
[2025-12-11T00:41:57.809+0000] {logging_mixin.py:154} INFO - [2025-12-11T00:41:57.808+0000] {dagbag.py:536} INFO - Filling up the DagBag from /home/airflow/.local/lib/python3.8/site-packages/airflow/example_dags/example_branch_labels.py
[2025-12-11T00:41:57.831+0000] {processor.py:839} INFO - DAG(s) dict_keys(['example_branch_labels']) retrieved from /home/airflow/.local/lib/python3.8/site-packages/airflow/example_dags/example_branch_labels.py
[2025-12-11T00:41:57.847+0000] {logging_mixin.py:154} INFO - [2025-12-11T00:41:57.846+0000] {dag.py:2941} INFO - Sync 1 DAGs
[2025-12-11T00:41:57.863+0000] {logging_mixin.py:154} INFO - [2025-12-11T00:41:57.863+0000] {dag.py:3722} INFO - Setting next_dagrun for example_branch_labels to 2025-12-10T00:00:00+00:00, run_after=2025-12-11T00:00:00+00:00
[2025-12-11T00:41:58.034+0000] {processor.py:179} INFO - Processing /home/airflow/.local/lib/python3.8/site-packages/airflow/example_dags/example_branch_labels.py took 0.232 seconds
[2025-12-11T00:42:28.107+0000] {processor.py:157} INFO - Started process (PID=630) to work on /home/airflow/.local/lib/python3.8/site-packages/airflow/example_dags/example_branch_labels.py
[2025-12-11T00:42:28.108+0000] {processor.py:829} INFO - Processing file /home/airflow/.local/lib/python3.8/site-packages/airflow/example_dags/example_branch_labels.py for tasks to queue
[2025-12-11T00:42:28.110+0000] {logging_mixin.py:154} INFO - [2025-12-11T00:42:28.109+0000] {dagbag.py:536} INFO - Filling up the DagBag from /home/airflow/.local/lib/python3.8/site-packages/airflow/example_dags/example_branch_labels.py
[2025-12-11T00:42:28.116+0000] {processor.py:839} INFO - DAG(s) dict_keys(['example_branch_labels']) retrieved from /home/airflow/.local/lib/python3.8/site-packages/airflow/example_dags/example_branch_labels.py
[2025-12-11T00:42:28.133+0000] {logging_mixin.py:154} INFO - [2025-12-11T00:42:28.133+0000] {dag.py:2941} INFO - Sync 1 DAGs
[2025-12-11T00:42:28.150+0000] {logging_mixin.py:154} INFO - [2025-12-11T00:42:28.150+0000] {dag.py:3722} INFO - Setting next_dagrun for example_branch_labels to 2025-12-10T00:00:00+00:00, run_after=2025-12-11T00:00:00+00:00
[2025-12-11T00:42:28.168+0000] {processor.py:179} INFO - Processing /home/airflow/.local/lib/python3.8/site-packages/airflow/example_dags/example_branch_labels.py took 0.065 seconds
[2025-12-11T00:42:58.920+0000] {processor.py:157} INFO - Started process (PID=685) to work on /home/airflow/.local/lib/python3.8/site-packages/airflow/example_dags/example_branch_labels.py
[2025-12-11T00:42:58.921+0000] {processor.py:829} INFO - Processing file /home/airflow/.local/lib/python3.8/site-packages/airflow/example_dags/example_branch_labels.py for tasks to queue
[2025-12-11T00:42:58.923+0000] {logging_mixin.py:154} INFO - [2025-12-11T00:42:58.922+0000] {dagbag.py:536} INFO - Filling up the DagBag from /home/airflow/.local/lib/python3.8/site-packages/airflow/example_dags/example_branch_labels.py
[2025-12-11T00:42:58.928+0000] {processor.py:839} INFO - DAG(s) dict_keys(['example_branch_labels']) retrieved from /home/airflow/.local/lib/python3.8/site-packages/airflow/example_dags/example_branch_labels.py
[2025-12-11T00:42:58.948+0000] {logging_mixin.py:154} INFO - [2025-12-11T00:42:58.948+0000] {dag.py:2941} INFO - Sync 1 DAGs
[2025-12-11T00:42:58.963+0000] {logging_mixin.py:154} INFO - [2025-12-11T00:42:58.963+0000] {dag.py:3722} INFO - Setting next_dagrun for example_branch_labels to 2025-12-10T00:00:00+00:00, run_after=2025-12-11T00:00:00+00:00
[2025-12-11T00:42:58.973+0000] {processor.py:179} INFO - Processing /home/airflow/.local/lib/python3.8/site-packages/airflow/example_dags/example_branch_labels.py took 0.057 seconds
[2025-12-11T00:43:29.103+0000] {processor.py:157} INFO - Started process (PID=740) to work on /home/airflow/.local/lib/python3.8/site-packages/airflow/example_dags/example_branch_labels.py
[2025-12-11T00:43:29.105+0000] {processor.py:829} INFO - Processing file /home/airflow/.local/lib/python3.8/site-packages/airflow/example_dags/example_branch_labels.py for tasks to queue
[2025-12-11T00:43:29.106+0000] {logging_mixin.py:154} INFO - [2025-12-11T00:43:29.106+0000] {dagbag.py:536} INFO - Filling up the DagBag from /home/airflow/.local/lib/python3.8/site-packages/airflow/example_dags/example_branch_labels.py
[2025-12-11T00:43:29.112+0000] {processor.py:839} INFO - DAG(s) dict_keys(['example_branch_labels']) retrieved from /home/airflow/.local/lib/python3.8/site-packages/airflow/example_dags/example_branch_labels.py
[2025-12-11T00:43:29.129+0000] {logging_mixin.py:154} INFO - [2025-12-11T00:43:29.129+0000] {dag.py:2941} INFO - Sync 1 DAGs
[2025-12-11T00:43:29.145+0000] {logging_mixin.py:154} INFO - [2025-12-11T00:43:29.145+0000] {dag.py:3722} INFO - Setting next_dagrun for example_branch_labels to 2025-12-10T00:00:00+00:00, run_after=2025-12-11T00:00:00+00:00
[2025-12-11T00:43:29.206+0000] {processor.py:179} INFO - Processing /home/airflow/.local/lib/python3.8/site-packages/airflow/example_dags/example_branch_labels.py took 0.106 seconds
[2025-12-11T00:43:59.755+0000] {processor.py:157} INFO - Started process (PID=796) to work on /home/airflow/.local/lib/python3.8/site-packages/airflow/example_dags/example_branch_labels.py
[2025-12-11T00:43:59.756+0000] {processor.py:829} INFO - Processing file /home/airflow/.local/lib/python3.8/site-packages/airflow/example_dags/example_branch_labels.py for tasks to queue
[2025-12-11T00:43:59.758+0000] {logging_mixin.py:154} INFO - [2025-12-11T00:43:59.758+0000] {dagbag.py:536} INFO - Filling up the DagBag from /home/airflow/.local/lib/python3.8/site-packages/airflow/example_dags/example_branch_labels.py
[2025-12-11T00:43:59.765+0000] {processor.py:839} INFO - DAG(s) dict_keys(['example_branch_labels']) retrieved from /home/airflow/.local/lib/python3.8/site-packages/airflow/example_dags/example_branch_labels.py
[2025-12-11T00:43:59.783+0000] {logging_mixin.py:154} INFO - [2025-12-11T00:43:59.782+0000] {dag.py:2941} INFO - Sync 1 DAGs
[2025-12-11T00:43:59.798+0000] {logging_mixin.py:154} INFO - [2025-12-11T00:43:59.798+0000] {dag.py:3722} INFO - Setting next_dagrun for example_branch_labels to 2025-12-10T00:00:00+00:00, run_after=2025-12-11T00:00:00+00:00
[2025-12-11T00:43:59.825+0000] {processor.py:179} INFO - Processing /home/airflow/.local/lib/python3.8/site-packages/airflow/example_dags/example_branch_labels.py took 0.074 seconds
[2025-12-11T00:44:30.286+0000] {processor.py:157} INFO - Started process (PID=851) to work on /home/airflow/.local/lib/python3.8/site-packages/airflow/example_dags/example_branch_labels.py
[2025-12-11T00:44:30.290+0000] {processor.py:829} INFO - Processing file /home/airflow/.local/lib/python3.8/site-packages/airflow/example_dags/example_branch_labels.py for tasks to queue
[2025-12-11T00:44:30.291+0000] {logging_mixin.py:154} INFO - [2025-12-11T00:44:30.291+0000] {dagbag.py:536} INFO - Filling up the DagBag from /home/airflow/.local/lib/python3.8/site-packages/airflow/example_dags/example_branch_labels.py
[2025-12-11T00:44:30.295+0000] {processor.py:839} INFO - DAG(s) dict_keys(['example_branch_labels']) retrieved from /home/airflow/.local/lib/python3.8/site-packages/airflow/example_dags/example_branch_labels.py
[2025-12-11T00:44:30.309+0000] {logging_mixin.py:154} INFO - [2025-12-11T00:44:30.309+0000] {dag.py:2941} INFO - Sync 1 DAGs
[2025-12-11T00:44:30.324+0000] {logging_mixin.py:154} INFO - [2025-12-11T00:44:30.324+0000] {dag.py:3722} INFO - Setting next_dagrun for example_branch_labels to 2025-12-10T00:00:00+00:00, run_after=2025-12-11T00:00:00+00:00
[2025-12-11T00:44:30.357+0000] {processor.py:179} INFO - Processing /home/airflow/.local/lib/python3.8/site-packages/airflow/example_dags/example_branch_labels.py took 0.073 seconds
[2025-12-11T00:45:00.808+0000] {processor.py:157} INFO - Started process (PID=906) to work on /home/airflow/.local/lib/python3.8/site-packages/airflow/example_dags/example_branch_labels.py
[2025-12-11T00:45:00.809+0000] {processor.py:829} INFO - Processing file /home/airflow/.local/lib/python3.8/site-packages/airflow/example_dags/example_branch_labels.py for tasks to queue
[2025-12-11T00:45:00.810+0000] {logging_mixin.py:154} INFO - [2025-12-11T00:45:00.810+0000] {dagbag.py:536} INFO - Filling up the DagBag from /home/airflow/.local/lib/python3.8/site-packages/airflow/example_dags/example_branch_labels.py
[2025-12-11T00:45:00.814+0000] {processor.py:839} INFO - DAG(s) dict_keys(['example_branch_labels']) retrieved from /home/airflow/.local/lib/python3.8/site-packages/airflow/example_dags/example_branch_labels.py
[2025-12-11T00:45:00.827+0000] {logging_mixin.py:154} INFO - [2025-12-11T00:45:00.827+0000] {dag.py:2941} INFO - Sync 1 DAGs
[2025-12-11T00:45:00.840+0000] {logging_mixin.py:154} INFO - [2025-12-11T00:45:00.840+0000] {dag.py:3722} INFO - Setting next_dagrun for example_branch_labels to 2025-12-10T00:00:00+00:00, run_after=2025-12-11T00:00:00+00:00
[2025-12-11T00:45:00.851+0000] {processor.py:179} INFO - Processing /home/airflow/.local/lib/python3.8/site-packages/airflow/example_dags/example_branch_labels.py took 0.044 seconds
[2025-12-11T00:45:31.286+0000] {processor.py:157} INFO - Started process (PID=961) to work on /home/airflow/.local/lib/python3.8/site-packages/airflow/example_dags/example_branch_labels.py
[2025-12-11T00:45:31.289+0000] {processor.py:829} INFO - Processing file /home/airflow/.local/lib/python3.8/site-packages/airflow/example_dags/example_branch_labels.py for tasks to queue
[2025-12-11T00:45:31.290+0000] {logging_mixin.py:154} INFO - [2025-12-11T00:45:31.290+0000] {dagbag.py:536} INFO - Filling up the DagBag from /home/airflow/.local/lib/python3.8/site-packages/airflow/example_dags/example_branch_labels.py
[2025-12-11T00:45:31.294+0000] {processor.py:839} INFO - DAG(s) dict_keys(['example_branch_labels']) retrieved from /home/airflow/.local/lib/python3.8/site-packages/airflow/example_dags/example_branch_labels.py
[2025-12-11T00:45:31.310+0000] {logging_mixin.py:154} INFO - [2025-12-11T00:45:31.310+0000] {dag.py:2941} INFO - Sync 1 DAGs
[2025-12-11T00:45:31.325+0000] {logging_mixin.py:154} INFO - [2025-12-11T00:45:31.325+0000] {dag.py:3722} INFO - Setting next_dagrun for example_branch_labels to 2025-12-10T00:00:00+00:00, run_after=2025-12-11T00:00:00+00:00
[2025-12-11T00:45:31.340+0000] {processor.py:179} INFO - Processing /home/airflow/.local/lib/python3.8/site-packages/airflow/example_dags/example_branch_labels.py took 0.056 seconds
[2025-12-11T00:46:01.692+0000] {processor.py:157} INFO - Started process (PID=1016) to work on /home/airflow/.local/lib/python3.8/site-packages/airflow/example_dags/example_branch_labels.py
[2025-12-11T00:46:01.695+0000] {processor.py:829} INFO - Processing file /home/airflow/.local/lib/python3.8/site-packages/airflow/example_dags/example_branch_labels.py for tasks to queue
[2025-12-11T00:46:01.697+0000] {logging_mixin.py:154} INFO - [2025-12-11T00:46:01.696+0000] {dagbag.py:536} INFO - Filling up the DagBag from /home/airflow/.local/lib/python3.8/site-packages/airflow/example_dags/example_branch_labels.py
[2025-12-11T00:46:01.702+0000] {processor.py:839} INFO - DAG(s) dict_keys(['example_branch_labels']) retrieved from /home/airflow/.local/lib/python3.8/site-packages/airflow/example_dags/example_branch_labels.py
[2025-12-11T00:46:01.715+0000] {logging_mixin.py:154} INFO - [2025-12-11T00:46:01.714+0000] {dag.py:2941} INFO - Sync 1 DAGs
[2025-12-11T00:46:01.729+0000] {logging_mixin.py:154} INFO - [2025-12-11T00:46:01.729+0000] {dag.py:3722} INFO - Setting next_dagrun for example_branch_labels to 2025-12-10T00:00:00+00:00, run_after=2025-12-11T00:00:00+00:00
[2025-12-11T00:46:01.740+0000] {processor.py:179} INFO - Processing /home/airflow/.local/lib/python3.8/site-packages/airflow/example_dags/example_branch_labels.py took 0.051 seconds
[2025-12-11T00:46:32.272+0000] {processor.py:157} INFO - Started process (PID=1071) to work on /home/airflow/.local/lib/python3.8/site-packages/airflow/example_dags/example_branch_labels.py
[2025-12-11T00:46:32.273+0000] {processor.py:829} INFO - Processing file /home/airflow/.local/lib/python3.8/site-packages/airflow/example_dags/example_branch_labels.py for tasks to queue
[2025-12-11T00:46:32.275+0000] {logging_mixin.py:154} INFO - [2025-12-11T00:46:32.275+0000] {dagbag.py:536} INFO - Filling up the DagBag from /home/airflow/.local/lib/python3.8/site-packages/airflow/example_dags/example_branch_labels.py
[2025-12-11T00:46:32.282+0000] {processor.py:839} INFO - DAG(s) dict_keys(['example_branch_labels']) retrieved from /home/airflow/.local/lib/python3.8/site-packages/airflow/example_dags/example_branch_labels.py
[2025-12-11T00:46:32.300+0000] {logging_mixin.py:154} INFO - [2025-12-11T00:46:32.299+0000] {dag.py:2941} INFO - Sync 1 DAGs
[2025-12-11T00:46:32.317+0000] {logging_mixin.py:154} INFO - [2025-12-11T00:46:32.317+0000] {dag.py:3722} INFO - Setting next_dagrun for example_branch_labels to 2025-12-10T00:00:00+00:00, run_after=2025-12-11T00:00:00+00:00
[2025-12-11T00:46:32.332+0000] {processor.py:179} INFO - Processing /home/airflow/.local/lib/python3.8/site-packages/airflow/example_dags/example_branch_labels.py took 0.063 seconds
[2025-12-11T00:47:02.805+0000] {processor.py:157} INFO - Started process (PID=1126) to work on /home/airflow/.local/lib/python3.8/site-packages/airflow/example_dags/example_branch_labels.py
[2025-12-11T00:47:02.806+0000] {processor.py:829} INFO - Processing file /home/airflow/.local/lib/python3.8/site-packages/airflow/example_dags/example_branch_labels.py for tasks to queue
[2025-12-11T00:47:02.809+0000] {logging_mixin.py:154} INFO - [2025-12-11T00:47:02.808+0000] {dagbag.py:536} INFO - Filling up the DagBag from /home/airflow/.local/lib/python3.8/site-packages/airflow/example_dags/example_branch_labels.py
[2025-12-11T00:47:02.816+0000] {processor.py:839} INFO - DAG(s) dict_keys(['example_branch_labels']) retrieved from /home/airflow/.local/lib/python3.8/site-packages/airflow/example_dags/example_branch_labels.py
[2025-12-11T00:47:02.828+0000] {logging_mixin.py:154} INFO - [2025-12-11T00:47:02.828+0000] {dag.py:2941} INFO - Sync 1 DAGs
[2025-12-11T00:47:02.843+0000] {logging_mixin.py:154} INFO - [2025-12-11T00:47:02.843+0000] {dag.py:3722} INFO - Setting next_dagrun for example_branch_labels to 2025-12-10T00:00:00+00:00, run_after=2025-12-11T00:00:00+00:00
[2025-12-11T00:47:02.853+0000] {processor.py:179} INFO - Processing /home/airflow/.local/lib/python3.8/site-packages/airflow/example_dags/example_branch_labels.py took 0.051 seconds
[2025-12-11T00:47:33.524+0000] {processor.py:157} INFO - Started process (PID=1181) to work on /home/airflow/.local/lib/python3.8/site-packages/airflow/example_dags/example_branch_labels.py
[2025-12-11T00:47:33.528+0000] {processor.py:829} INFO - Processing file /home/airflow/.local/lib/python3.8/site-packages/airflow/example_dags/example_branch_labels.py for tasks to queue
[2025-12-11T00:47:33.530+0000] {logging_mixin.py:154} INFO - [2025-12-11T00:47:33.530+0000] {dagbag.py:536} INFO - Filling up the DagBag from /home/airflow/.local/lib/python3.8/site-packages/airflow/example_dags/example_branch_labels.py
[2025-12-11T00:47:33.537+0000] {processor.py:839} INFO - DAG(s) dict_keys(['example_branch_labels']) retrieved from /home/airflow/.local/lib/python3.8/site-packages/airflow/example_dags/example_branch_labels.py
[2025-12-11T00:47:33.561+0000] {logging_mixin.py:154} INFO - [2025-12-11T00:47:33.560+0000] {dag.py:2941} INFO - Sync 1 DAGs
[2025-12-11T00:47:33.575+0000] {logging_mixin.py:154} INFO - [2025-12-11T00:47:33.575+0000] {dag.py:3722} INFO - Setting next_dagrun for example_branch_labels to 2025-12-10T00:00:00+00:00, run_after=2025-12-11T00:00:00+00:00
[2025-12-11T00:47:33.587+0000] {processor.py:179} INFO - Processing /home/airflow/.local/lib/python3.8/site-packages/airflow/example_dags/example_branch_labels.py took 0.065 seconds
[2025-12-11T00:48:04.390+0000] {processor.py:157} INFO - Started process (PID=1236) to work on /home/airflow/.local/lib/python3.8/site-packages/airflow/example_dags/example_branch_labels.py
[2025-12-11T00:48:04.391+0000] {processor.py:829} INFO - Processing file /home/airflow/.local/lib/python3.8/site-packages/airflow/example_dags/example_branch_labels.py for tasks to queue
[2025-12-11T00:48:04.392+0000] {logging_mixin.py:154} INFO - [2025-12-11T00:48:04.392+0000] {dagbag.py:536} INFO - Filling up the DagBag from /home/airflow/.local/lib/python3.8/site-packages/airflow/example_dags/example_branch_labels.py
[2025-12-11T00:48:04.397+0000] {processor.py:839} INFO - DAG(s) dict_keys(['example_branch_labels']) retrieved from /home/airflow/.local/lib/python3.8/site-packages/airflow/example_dags/example_branch_labels.py
[2025-12-11T00:48:04.416+0000] {logging_mixin.py:154} INFO - [2025-12-11T00:48:04.416+0000] {dag.py:2941} INFO - Sync 1 DAGs
[2025-12-11T00:48:04.433+0000] {logging_mixin.py:154} INFO - [2025-12-11T00:48:04.433+0000] {dag.py:3722} INFO - Setting next_dagrun for example_branch_labels to 2025-12-10T00:00:00+00:00, run_after=2025-12-11T00:00:00+00:00
[2025-12-11T00:48:04.451+0000] {processor.py:179} INFO - Processing /home/airflow/.local/lib/python3.8/site-packages/airflow/example_dags/example_branch_labels.py took 0.064 seconds
[2025-12-11T00:48:34.601+0000] {processor.py:157} INFO - Started process (PID=1291) to work on /home/airflow/.local/lib/python3.8/site-packages/airflow/example_dags/example_branch_labels.py
[2025-12-11T00:48:34.604+0000] {processor.py:829} INFO - Processing file /home/airflow/.local/lib/python3.8/site-packages/airflow/example_dags/example_branch_labels.py for tasks to queue
[2025-12-11T00:48:34.605+0000] {logging_mixin.py:154} INFO - [2025-12-11T00:48:34.605+0000] {dagbag.py:536} INFO - Filling up the DagBag from /home/airflow/.local/lib/python3.8/site-packages/airflow/example_dags/example_branch_labels.py
[2025-12-11T00:48:34.610+0000] {processor.py:839} INFO - DAG(s) dict_keys(['example_branch_labels']) retrieved from /home/airflow/.local/lib/python3.8/site-packages/airflow/example_dags/example_branch_labels.py
[2025-12-11T00:48:34.622+0000] {logging_mixin.py:154} INFO - [2025-12-11T00:48:34.622+0000] {dag.py:2941} INFO - Sync 1 DAGs
[2025-12-11T00:48:34.636+0000] {logging_mixin.py:154} INFO - [2025-12-11T00:48:34.636+0000] {dag.py:3722} INFO - Setting next_dagrun for example_branch_labels to 2025-12-10T00:00:00+00:00, run_after=2025-12-11T00:00:00+00:00
[2025-12-11T00:48:34.646+0000] {processor.py:179} INFO - Processing /home/airflow/.local/lib/python3.8/site-packages/airflow/example_dags/example_branch_labels.py took 0.047 seconds
[2025-12-11T00:49:05.185+0000] {processor.py:157} INFO - Started process (PID=1346) to work on /home/airflow/.local/lib/python3.8/site-packages/airflow/example_dags/example_branch_labels.py
[2025-12-11T00:49:05.186+0000] {processor.py:829} INFO - Processing file /home/airflow/.local/lib/python3.8/site-packages/airflow/example_dags/example_branch_labels.py for tasks to queue
[2025-12-11T00:49:05.191+0000] {logging_mixin.py:154} INFO - [2025-12-11T00:49:05.191+0000] {dagbag.py:536} INFO - Filling up the DagBag from /home/airflow/.local/lib/python3.8/site-packages/airflow/example_dags/example_branch_labels.py
[2025-12-11T00:49:05.196+0000] {processor.py:839} INFO - DAG(s) dict_keys(['example_branch_labels']) retrieved from /home/airflow/.local/lib/python3.8/site-packages/airflow/example_dags/example_branch_labels.py
[2025-12-11T00:49:05.212+0000] {logging_mixin.py:154} INFO - [2025-12-11T00:49:05.212+0000] {dag.py:2941} INFO - Sync 1 DAGs
[2025-12-11T00:49:05.230+0000] {logging_mixin.py:154} INFO - [2025-12-11T00:49:05.230+0000] {dag.py:3722} INFO - Setting next_dagrun for example_branch_labels to 2025-12-10T00:00:00+00:00, run_after=2025-12-11T00:00:00+00:00
[2025-12-11T00:49:05.245+0000] {processor.py:179} INFO - Processing /home/airflow/.local/lib/python3.8/site-packages/airflow/example_dags/example_branch_labels.py took 0.063 seconds
[2025-12-11T00:49:35.469+0000] {processor.py:157} INFO - Started process (PID=1401) to work on /home/airflow/.local/lib/python3.8/site-packages/airflow/example_dags/example_branch_labels.py
[2025-12-11T00:49:35.471+0000] {processor.py:829} INFO - Processing file /home/airflow/.local/lib/python3.8/site-packages/airflow/example_dags/example_branch_labels.py for tasks to queue
[2025-12-11T00:49:35.473+0000] {logging_mixin.py:154} INFO - [2025-12-11T00:49:35.473+0000] {dagbag.py:536} INFO - Filling up the DagBag from /home/airflow/.local/lib/python3.8/site-packages/airflow/example_dags/example_branch_labels.py
[2025-12-11T00:49:35.477+0000] {processor.py:839} INFO - DAG(s) dict_keys(['example_branch_labels']) retrieved from /home/airflow/.local/lib/python3.8/site-packages/airflow/example_dags/example_branch_labels.py
[2025-12-11T00:49:35.494+0000] {logging_mixin.py:154} INFO - [2025-12-11T00:49:35.494+0000] {dag.py:2941} INFO - Sync 1 DAGs
[2025-12-11T00:49:35.511+0000] {logging_mixin.py:154} INFO - [2025-12-11T00:49:35.511+0000] {dag.py:3722} INFO - Setting next_dagrun for example_branch_labels to 2025-12-10T00:00:00+00:00, run_after=2025-12-11T00:00:00+00:00
[2025-12-11T00:49:35.524+0000] {processor.py:179} INFO - Processing /home/airflow/.local/lib/python3.8/site-packages/airflow/example_dags/example_branch_labels.py took 0.056 seconds
[2025-12-11T00:50:05.596+0000] {processor.py:157} INFO - Started process (PID=1456) to work on /home/airflow/.local/lib/python3.8/site-packages/airflow/example_dags/example_branch_labels.py
[2025-12-11T00:50:05.598+0000] {processor.py:829} INFO - Processing file /home/airflow/.local/lib/python3.8/site-packages/airflow/example_dags/example_branch_labels.py for tasks to queue
[2025-12-11T00:50:05.599+0000] {logging_mixin.py:154} INFO - [2025-12-11T00:50:05.599+0000] {dagbag.py:536} INFO - Filling up the DagBag from /home/airflow/.local/lib/python3.8/site-packages/airflow/example_dags/example_branch_labels.py
[2025-12-11T00:50:05.603+0000] {processor.py:839} INFO - DAG(s) dict_keys(['example_branch_labels']) retrieved from /home/airflow/.local/lib/python3.8/site-packages/airflow/example_dags/example_branch_labels.py
[2025-12-11T00:50:05.620+0000] {logging_mixin.py:154} INFO - [2025-12-11T00:50:05.620+0000] {dag.py:2941} INFO - Sync 1 DAGs
[2025-12-11T00:50:05.635+0000] {logging_mixin.py:154} INFO - [2025-12-11T00:50:05.635+0000] {dag.py:3722} INFO - Setting next_dagrun for example_branch_labels to 2025-12-10T00:00:00+00:00, run_after=2025-12-11T00:00:00+00:00
[2025-12-11T00:50:05.646+0000] {processor.py:179} INFO - Processing /home/airflow/.local/lib/python3.8/site-packages/airflow/example_dags/example_branch_labels.py took 0.052 seconds
[2025-12-11T00:50:35.899+0000] {processor.py:157} INFO - Started process (PID=1511) to work on /home/airflow/.local/lib/python3.8/site-packages/airflow/example_dags/example_branch_labels.py
[2025-12-11T00:50:35.900+0000] {processor.py:829} INFO - Processing file /home/airflow/.local/lib/python3.8/site-packages/airflow/example_dags/example_branch_labels.py for tasks to queue
[2025-12-11T00:50:35.901+0000] {logging_mixin.py:154} INFO - [2025-12-11T00:50:35.901+0000] {dagbag.py:536} INFO - Filling up the DagBag from /home/airflow/.local/lib/python3.8/site-packages/airflow/example_dags/example_branch_labels.py
[2025-12-11T00:50:35.908+0000] {processor.py:839} INFO - DAG(s) dict_keys(['example_branch_labels']) retrieved from /home/airflow/.local/lib/python3.8/site-packages/airflow/example_dags/example_branch_labels.py
[2025-12-11T00:50:35.924+0000] {logging_mixin.py:154} INFO - [2025-12-11T00:50:35.924+0000] {dag.py:2941} INFO - Sync 1 DAGs
[2025-12-11T00:50:35.938+0000] {logging_mixin.py:154} INFO - [2025-12-11T00:50:35.937+0000] {dag.py:3722} INFO - Setting next_dagrun for example_branch_labels to 2025-12-10T00:00:00+00:00, run_after=2025-12-11T00:00:00+00:00
[2025-12-11T00:50:35.952+0000] {processor.py:179} INFO - Processing /home/airflow/.local/lib/python3.8/site-packages/airflow/example_dags/example_branch_labels.py took 0.057 seconds
[2025-12-11T00:51:06.559+0000] {processor.py:157} INFO - Started process (PID=1566) to work on /home/airflow/.local/lib/python3.8/site-packages/airflow/example_dags/example_branch_labels.py
[2025-12-11T00:51:06.560+0000] {processor.py:829} INFO - Processing file /home/airflow/.local/lib/python3.8/site-packages/airflow/example_dags/example_branch_labels.py for tasks to queue
[2025-12-11T00:51:06.561+0000] {logging_mixin.py:154} INFO - [2025-12-11T00:51:06.561+0000] {dagbag.py:536} INFO - Filling up the DagBag from /home/airflow/.local/lib/python3.8/site-packages/airflow/example_dags/example_branch_labels.py
[2025-12-11T00:51:06.566+0000] {processor.py:839} INFO - DAG(s) dict_keys(['example_branch_labels']) retrieved from /home/airflow/.local/lib/python3.8/site-packages/airflow/example_dags/example_branch_labels.py
[2025-12-11T00:51:06.584+0000] {logging_mixin.py:154} INFO - [2025-12-11T00:51:06.584+0000] {dag.py:2941} INFO - Sync 1 DAGs
[2025-12-11T00:51:06.599+0000] {logging_mixin.py:154} INFO - [2025-12-11T00:51:06.599+0000] {dag.py:3722} INFO - Setting next_dagrun for example_branch_labels to 2025-12-10T00:00:00+00:00, run_after=2025-12-11T00:00:00+00:00
[2025-12-11T00:51:06.612+0000] {processor.py:179} INFO - Processing /home/airflow/.local/lib/python3.8/site-packages/airflow/example_dags/example_branch_labels.py took 0.056 seconds
[2025-12-11T00:51:36.745+0000] {processor.py:157} INFO - Started process (PID=1621) to work on /home/airflow/.local/lib/python3.8/site-packages/airflow/example_dags/example_branch_labels.py
[2025-12-11T00:51:36.745+0000] {processor.py:829} INFO - Processing file /home/airflow/.local/lib/python3.8/site-packages/airflow/example_dags/example_branch_labels.py for tasks to queue
[2025-12-11T00:51:36.747+0000] {logging_mixin.py:154} INFO - [2025-12-11T00:51:36.747+0000] {dagbag.py:536} INFO - Filling up the DagBag from /home/airflow/.local/lib/python3.8/site-packages/airflow/example_dags/example_branch_labels.py
[2025-12-11T00:51:36.753+0000] {processor.py:839} INFO - DAG(s) dict_keys(['example_branch_labels']) retrieved from /home/airflow/.local/lib/python3.8/site-packages/airflow/example_dags/example_branch_labels.py
[2025-12-11T00:51:36.772+0000] {logging_mixin.py:154} INFO - [2025-12-11T00:51:36.772+0000] {dag.py:2941} INFO - Sync 1 DAGs
[2025-12-11T00:51:36.787+0000] {logging_mixin.py:154} INFO - [2025-12-11T00:51:36.787+0000] {dag.py:3722} INFO - Setting next_dagrun for example_branch_labels to 2025-12-10T00:00:00+00:00, run_after=2025-12-11T00:00:00+00:00
[2025-12-11T00:51:36.799+0000] {processor.py:179} INFO - Processing /home/airflow/.local/lib/python3.8/site-packages/airflow/example_dags/example_branch_labels.py took 0.057 seconds
[2025-12-11T00:52:06.946+0000] {processor.py:157} INFO - Started process (PID=1676) to work on /home/airflow/.local/lib/python3.8/site-packages/airflow/example_dags/example_branch_labels.py
[2025-12-11T00:52:06.947+0000] {processor.py:829} INFO - Processing file /home/airflow/.local/lib/python3.8/site-packages/airflow/example_dags/example_branch_labels.py for tasks to queue
[2025-12-11T00:52:06.949+0000] {logging_mixin.py:154} INFO - [2025-12-11T00:52:06.949+0000] {dagbag.py:536} INFO - Filling up the DagBag from /home/airflow/.local/lib/python3.8/site-packages/airflow/example_dags/example_branch_labels.py
[2025-12-11T00:52:06.953+0000] {processor.py:839} INFO - DAG(s) dict_keys(['example_branch_labels']) retrieved from /home/airflow/.local/lib/python3.8/site-packages/airflow/example_dags/example_branch_labels.py
[2025-12-11T00:52:06.970+0000] {logging_mixin.py:154} INFO - [2025-12-11T00:52:06.970+0000] {dag.py:2941} INFO - Sync 1 DAGs
[2025-12-11T00:52:06.990+0000] {logging_mixin.py:154} INFO - [2025-12-11T00:52:06.990+0000] {dag.py:3722} INFO - Setting next_dagrun for example_branch_labels to 2025-12-10T00:00:00+00:00, run_after=2025-12-11T00:00:00+00:00
[2025-12-11T00:52:07.006+0000] {processor.py:179} INFO - Processing /home/airflow/.local/lib/python3.8/site-packages/airflow/example_dags/example_branch_labels.py took 0.062 seconds
[2025-12-11T00:52:37.221+0000] {processor.py:157} INFO - Started process (PID=1731) to work on /home/airflow/.local/lib/python3.8/site-packages/airflow/example_dags/example_branch_labels.py
[2025-12-11T00:52:37.221+0000] {processor.py:829} INFO - Processing file /home/airflow/.local/lib/python3.8/site-packages/airflow/example_dags/example_branch_labels.py for tasks to queue
[2025-12-11T00:52:37.223+0000] {logging_mixin.py:154} INFO - [2025-12-11T00:52:37.223+0000] {dagbag.py:536} INFO - Filling up the DagBag from /home/airflow/.local/lib/python3.8/site-packages/airflow/example_dags/example_branch_labels.py
[2025-12-11T00:52:37.228+0000] {processor.py:839} INFO - DAG(s) dict_keys(['example_branch_labels']) retrieved from /home/airflow/.local/lib/python3.8/site-packages/airflow/example_dags/example_branch_labels.py
[2025-12-11T00:52:37.247+0000] {logging_mixin.py:154} INFO - [2025-12-11T00:52:37.247+0000] {dag.py:2941} INFO - Sync 1 DAGs
[2025-12-11T00:52:37.267+0000] {logging_mixin.py:154} INFO - [2025-12-11T00:52:37.267+0000] {dag.py:3722} INFO - Setting next_dagrun for example_branch_labels to 2025-12-10T00:00:00+00:00, run_after=2025-12-11T00:00:00+00:00
[2025-12-11T00:52:37.284+0000] {processor.py:179} INFO - Processing /home/airflow/.local/lib/python3.8/site-packages/airflow/example_dags/example_branch_labels.py took 0.066 seconds
[2025-12-11T00:53:07.819+0000] {processor.py:157} INFO - Started process (PID=1786) to work on /home/airflow/.local/lib/python3.8/site-packages/airflow/example_dags/example_branch_labels.py
[2025-12-11T00:53:07.820+0000] {processor.py:829} INFO - Processing file /home/airflow/.local/lib/python3.8/site-packages/airflow/example_dags/example_branch_labels.py for tasks to queue
[2025-12-11T00:53:07.823+0000] {logging_mixin.py:154} INFO - [2025-12-11T00:53:07.823+0000] {dagbag.py:536} INFO - Filling up the DagBag from /home/airflow/.local/lib/python3.8/site-packages/airflow/example_dags/example_branch_labels.py
[2025-12-11T00:53:07.832+0000] {processor.py:839} INFO - DAG(s) dict_keys(['example_branch_labels']) retrieved from /home/airflow/.local/lib/python3.8/site-packages/airflow/example_dags/example_branch_labels.py
[2025-12-11T00:53:07.856+0000] {logging_mixin.py:154} INFO - [2025-12-11T00:53:07.855+0000] {dag.py:2941} INFO - Sync 1 DAGs
[2025-12-11T00:53:07.874+0000] {logging_mixin.py:154} INFO - [2025-12-11T00:53:07.874+0000] {dag.py:3722} INFO - Setting next_dagrun for example_branch_labels to 2025-12-10T00:00:00+00:00, run_after=2025-12-11T00:00:00+00:00
[2025-12-11T00:53:07.889+0000] {processor.py:179} INFO - Processing /home/airflow/.local/lib/python3.8/site-packages/airflow/example_dags/example_branch_labels.py took 0.075 seconds
[2025-12-11T00:53:38.313+0000] {processor.py:157} INFO - Started process (PID=1841) to work on /home/airflow/.local/lib/python3.8/site-packages/airflow/example_dags/example_branch_labels.py
[2025-12-11T00:53:38.317+0000] {processor.py:829} INFO - Processing file /home/airflow/.local/lib/python3.8/site-packages/airflow/example_dags/example_branch_labels.py for tasks to queue
[2025-12-11T00:53:38.318+0000] {logging_mixin.py:154} INFO - [2025-12-11T00:53:38.318+0000] {dagbag.py:536} INFO - Filling up the DagBag from /home/airflow/.local/lib/python3.8/site-packages/airflow/example_dags/example_branch_labels.py
[2025-12-11T00:53:38.323+0000] {processor.py:839} INFO - DAG(s) dict_keys(['example_branch_labels']) retrieved from /home/airflow/.local/lib/python3.8/site-packages/airflow/example_dags/example_branch_labels.py
[2025-12-11T00:53:38.339+0000] {logging_mixin.py:154} INFO - [2025-12-11T00:53:38.339+0000] {dag.py:2941} INFO - Sync 1 DAGs
[2025-12-11T00:53:38.353+0000] {logging_mixin.py:154} INFO - [2025-12-11T00:53:38.353+0000] {dag.py:3722} INFO - Setting next_dagrun for example_branch_labels to 2025-12-10T00:00:00+00:00, run_after=2025-12-11T00:00:00+00:00
[2025-12-11T00:53:38.364+0000] {processor.py:179} INFO - Processing /home/airflow/.local/lib/python3.8/site-packages/airflow/example_dags/example_branch_labels.py took 0.055 seconds
[2025-12-11T00:54:08.720+0000] {processor.py:157} INFO - Started process (PID=1897) to work on /home/airflow/.local/lib/python3.8/site-packages/airflow/example_dags/example_branch_labels.py
[2025-12-11T00:54:08.730+0000] {processor.py:829} INFO - Processing file /home/airflow/.local/lib/python3.8/site-packages/airflow/example_dags/example_branch_labels.py for tasks to queue
[2025-12-11T00:54:08.731+0000] {logging_mixin.py:154} INFO - [2025-12-11T00:54:08.731+0000] {dagbag.py:536} INFO - Filling up the DagBag from /home/airflow/.local/lib/python3.8/site-packages/airflow/example_dags/example_branch_labels.py
[2025-12-11T00:54:08.736+0000] {processor.py:839} INFO - DAG(s) dict_keys(['example_branch_labels']) retrieved from /home/airflow/.local/lib/python3.8/site-packages/airflow/example_dags/example_branch_labels.py
[2025-12-11T00:54:08.749+0000] {logging_mixin.py:154} INFO - [2025-12-11T00:54:08.749+0000] {dag.py:2941} INFO - Sync 1 DAGs
[2025-12-11T00:54:08.764+0000] {logging_mixin.py:154} INFO - [2025-12-11T00:54:08.764+0000] {dag.py:3722} INFO - Setting next_dagrun for example_branch_labels to 2025-12-10T00:00:00+00:00, run_after=2025-12-11T00:00:00+00:00
[2025-12-11T00:54:08.775+0000] {processor.py:179} INFO - Processing /home/airflow/.local/lib/python3.8/site-packages/airflow/example_dags/example_branch_labels.py took 0.057 seconds
[2025-12-11T00:54:39.126+0000] {processor.py:157} INFO - Started process (PID=1952) to work on /home/airflow/.local/lib/python3.8/site-packages/airflow/example_dags/example_branch_labels.py
[2025-12-11T00:54:39.127+0000] {processor.py:829} INFO - Processing file /home/airflow/.local/lib/python3.8/site-packages/airflow/example_dags/example_branch_labels.py for tasks to queue
[2025-12-11T00:54:39.129+0000] {logging_mixin.py:154} INFO - [2025-12-11T00:54:39.128+0000] {dagbag.py:536} INFO - Filling up the DagBag from /home/airflow/.local/lib/python3.8/site-packages/airflow/example_dags/example_branch_labels.py
[2025-12-11T00:54:39.135+0000] {processor.py:839} INFO - DAG(s) dict_keys(['example_branch_labels']) retrieved from /home/airflow/.local/lib/python3.8/site-packages/airflow/example_dags/example_branch_labels.py
[2025-12-11T00:54:39.153+0000] {logging_mixin.py:154} INFO - [2025-12-11T00:54:39.153+0000] {dag.py:2941} INFO - Sync 1 DAGs
[2025-12-11T00:54:39.167+0000] {logging_mixin.py:154} INFO - [2025-12-11T00:54:39.167+0000] {dag.py:3722} INFO - Setting next_dagrun for example_branch_labels to 2025-12-10T00:00:00+00:00, run_after=2025-12-11T00:00:00+00:00
[2025-12-11T00:54:39.178+0000] {processor.py:179} INFO - Processing /home/airflow/.local/lib/python3.8/site-packages/airflow/example_dags/example_branch_labels.py took 0.055 seconds
[2025-12-11T00:55:09.410+0000] {processor.py:157} INFO - Started process (PID=2007) to work on /home/airflow/.local/lib/python3.8/site-packages/airflow/example_dags/example_branch_labels.py
[2025-12-11T00:55:09.411+0000] {processor.py:829} INFO - Processing file /home/airflow/.local/lib/python3.8/site-packages/airflow/example_dags/example_branch_labels.py for tasks to queue
[2025-12-11T00:55:09.413+0000] {logging_mixin.py:154} INFO - [2025-12-11T00:55:09.412+0000] {dagbag.py:536} INFO - Filling up the DagBag from /home/airflow/.local/lib/python3.8/site-packages/airflow/example_dags/example_branch_labels.py
[2025-12-11T00:55:09.417+0000] {processor.py:839} INFO - DAG(s) dict_keys(['example_branch_labels']) retrieved from /home/airflow/.local/lib/python3.8/site-packages/airflow/example_dags/example_branch_labels.py
[2025-12-11T00:55:09.437+0000] {logging_mixin.py:154} INFO - [2025-12-11T00:55:09.436+0000] {dag.py:2941} INFO - Sync 1 DAGs
[2025-12-11T00:55:09.451+0000] {logging_mixin.py:154} INFO - [2025-12-11T00:55:09.451+0000] {dag.py:3722} INFO - Setting next_dagrun for example_branch_labels to 2025-12-10T00:00:00+00:00, run_after=2025-12-11T00:00:00+00:00
[2025-12-11T00:55:09.462+0000] {processor.py:179} INFO - Processing /home/airflow/.local/lib/python3.8/site-packages/airflow/example_dags/example_branch_labels.py took 0.054 seconds
