[2025-12-11T00:38:16.460+0000] {processor.py:157} INFO - Started process (PID=185) to work on /home/airflow/.local/lib/python3.8/site-packages/airflow/example_dags/example_kubernetes_executor.py
[2025-12-11T00:38:16.461+0000] {processor.py:829} INFO - Processing file /home/airflow/.local/lib/python3.8/site-packages/airflow/example_dags/example_kubernetes_executor.py for tasks to queue
[2025-12-11T00:38:16.463+0000] {logging_mixin.py:154} INFO - [2025-12-11T00:38:16.463+0000] {dagbag.py:536} INFO - Filling up the DagBag from /home/airflow/.local/lib/python3.8/site-packages/airflow/example_dags/example_kubernetes_executor.py
[2025-12-11T00:38:16.474+0000] {processor.py:839} INFO - DAG(s) dict_keys(['example_kubernetes_executor']) retrieved from /home/airflow/.local/lib/python3.8/site-packages/airflow/example_dags/example_kubernetes_executor.py
[2025-12-11T00:38:16.484+0000] {logging_mixin.py:154} INFO - [2025-12-11T00:38:16.483+0000] {dag.py:2941} INFO - Sync 1 DAGs
[2025-12-11T00:38:16.493+0000] {logging_mixin.py:154} INFO - [2025-12-11T00:38:16.493+0000] {dag.py:3722} INFO - Setting next_dagrun for example_kubernetes_executor to None, run_after=None
[2025-12-11T00:38:16.505+0000] {processor.py:179} INFO - Processing /home/airflow/.local/lib/python3.8/site-packages/airflow/example_dags/example_kubernetes_executor.py took 0.047 seconds
[2025-12-11T00:38:46.625+0000] {processor.py:157} INFO - Started process (PID=248) to work on /home/airflow/.local/lib/python3.8/site-packages/airflow/example_dags/example_kubernetes_executor.py
[2025-12-11T00:38:46.625+0000] {processor.py:829} INFO - Processing file /home/airflow/.local/lib/python3.8/site-packages/airflow/example_dags/example_kubernetes_executor.py for tasks to queue
[2025-12-11T00:38:46.626+0000] {logging_mixin.py:154} INFO - [2025-12-11T00:38:46.626+0000] {dagbag.py:536} INFO - Filling up the DagBag from /home/airflow/.local/lib/python3.8/site-packages/airflow/example_dags/example_kubernetes_executor.py
[2025-12-11T00:38:46.634+0000] {processor.py:839} INFO - DAG(s) dict_keys(['example_kubernetes_executor']) retrieved from /home/airflow/.local/lib/python3.8/site-packages/airflow/example_dags/example_kubernetes_executor.py
[2025-12-11T00:38:46.663+0000] {logging_mixin.py:154} INFO - [2025-12-11T00:38:46.663+0000] {dag.py:2941} INFO - Sync 1 DAGs
[2025-12-11T00:38:46.670+0000] {logging_mixin.py:154} INFO - [2025-12-11T00:38:46.670+0000] {dag.py:3722} INFO - Setting next_dagrun for example_kubernetes_executor to None, run_after=None
[2025-12-11T00:38:46.682+0000] {processor.py:179} INFO - Processing /home/airflow/.local/lib/python3.8/site-packages/airflow/example_dags/example_kubernetes_executor.py took 0.059 seconds
[2025-12-11T00:39:17.137+0000] {processor.py:157} INFO - Started process (PID=303) to work on /home/airflow/.local/lib/python3.8/site-packages/airflow/example_dags/example_kubernetes_executor.py
[2025-12-11T00:39:17.138+0000] {processor.py:829} INFO - Processing file /home/airflow/.local/lib/python3.8/site-packages/airflow/example_dags/example_kubernetes_executor.py for tasks to queue
[2025-12-11T00:39:17.139+0000] {logging_mixin.py:154} INFO - [2025-12-11T00:39:17.139+0000] {dagbag.py:536} INFO - Filling up the DagBag from /home/airflow/.local/lib/python3.8/site-packages/airflow/example_dags/example_kubernetes_executor.py
[2025-12-11T00:39:17.147+0000] {processor.py:839} INFO - DAG(s) dict_keys(['example_kubernetes_executor']) retrieved from /home/airflow/.local/lib/python3.8/site-packages/airflow/example_dags/example_kubernetes_executor.py
[2025-12-11T00:39:17.183+0000] {logging_mixin.py:154} INFO - [2025-12-11T00:39:17.183+0000] {dag.py:2941} INFO - Sync 1 DAGs
[2025-12-11T00:39:17.190+0000] {logging_mixin.py:154} INFO - [2025-12-11T00:39:17.190+0000] {dag.py:3722} INFO - Setting next_dagrun for example_kubernetes_executor to None, run_after=None
[2025-12-11T00:39:17.201+0000] {processor.py:179} INFO - Processing /home/airflow/.local/lib/python3.8/site-packages/airflow/example_dags/example_kubernetes_executor.py took 0.066 seconds
[2025-12-11T00:39:47.314+0000] {processor.py:157} INFO - Started process (PID=358) to work on /home/airflow/.local/lib/python3.8/site-packages/airflow/example_dags/example_kubernetes_executor.py
[2025-12-11T00:39:47.314+0000] {processor.py:829} INFO - Processing file /home/airflow/.local/lib/python3.8/site-packages/airflow/example_dags/example_kubernetes_executor.py for tasks to queue
[2025-12-11T00:39:47.315+0000] {logging_mixin.py:154} INFO - [2025-12-11T00:39:47.315+0000] {dagbag.py:536} INFO - Filling up the DagBag from /home/airflow/.local/lib/python3.8/site-packages/airflow/example_dags/example_kubernetes_executor.py
[2025-12-11T00:39:47.323+0000] {processor.py:839} INFO - DAG(s) dict_keys(['example_kubernetes_executor']) retrieved from /home/airflow/.local/lib/python3.8/site-packages/airflow/example_dags/example_kubernetes_executor.py
[2025-12-11T00:39:47.350+0000] {logging_mixin.py:154} INFO - [2025-12-11T00:39:47.350+0000] {dag.py:2941} INFO - Sync 1 DAGs
[2025-12-11T00:39:47.359+0000] {logging_mixin.py:154} INFO - [2025-12-11T00:39:47.358+0000] {dag.py:3722} INFO - Setting next_dagrun for example_kubernetes_executor to None, run_after=None
[2025-12-11T00:39:47.379+0000] {processor.py:179} INFO - Processing /home/airflow/.local/lib/python3.8/site-packages/airflow/example_dags/example_kubernetes_executor.py took 0.067 seconds
[2025-12-11T00:40:25.016+0000] {processor.py:157} INFO - Started process (PID=420) to work on /home/airflow/.local/lib/python3.8/site-packages/airflow/example_dags/example_kubernetes_executor.py
[2025-12-11T00:40:25.017+0000] {processor.py:829} INFO - Processing file /home/airflow/.local/lib/python3.8/site-packages/airflow/example_dags/example_kubernetes_executor.py for tasks to queue
[2025-12-11T00:40:25.019+0000] {logging_mixin.py:154} INFO - [2025-12-11T00:40:25.019+0000] {dagbag.py:536} INFO - Filling up the DagBag from /home/airflow/.local/lib/python3.8/site-packages/airflow/example_dags/example_kubernetes_executor.py
[2025-12-11T00:40:25.027+0000] {processor.py:839} INFO - DAG(s) dict_keys(['example_kubernetes_executor']) retrieved from /home/airflow/.local/lib/python3.8/site-packages/airflow/example_dags/example_kubernetes_executor.py
[2025-12-11T00:40:25.061+0000] {logging_mixin.py:154} INFO - [2025-12-11T00:40:25.060+0000] {dag.py:2941} INFO - Sync 1 DAGs
[2025-12-11T00:40:25.069+0000] {logging_mixin.py:154} INFO - [2025-12-11T00:40:25.069+0000] {dag.py:3722} INFO - Setting next_dagrun for example_kubernetes_executor to None, run_after=None
[2025-12-11T00:40:25.080+0000] {processor.py:179} INFO - Processing /home/airflow/.local/lib/python3.8/site-packages/airflow/example_dags/example_kubernetes_executor.py took 0.066 seconds
[2025-12-11T00:40:55.778+0000] {processor.py:157} INFO - Started process (PID=475) to work on /home/airflow/.local/lib/python3.8/site-packages/airflow/example_dags/example_kubernetes_executor.py
[2025-12-11T00:40:55.778+0000] {processor.py:829} INFO - Processing file /home/airflow/.local/lib/python3.8/site-packages/airflow/example_dags/example_kubernetes_executor.py for tasks to queue
[2025-12-11T00:40:55.779+0000] {logging_mixin.py:154} INFO - [2025-12-11T00:40:55.779+0000] {dagbag.py:536} INFO - Filling up the DagBag from /home/airflow/.local/lib/python3.8/site-packages/airflow/example_dags/example_kubernetes_executor.py
[2025-12-11T00:40:55.786+0000] {processor.py:839} INFO - DAG(s) dict_keys(['example_kubernetes_executor']) retrieved from /home/airflow/.local/lib/python3.8/site-packages/airflow/example_dags/example_kubernetes_executor.py
[2025-12-11T00:40:55.808+0000] {logging_mixin.py:154} INFO - [2025-12-11T00:40:55.808+0000] {dag.py:2941} INFO - Sync 1 DAGs
[2025-12-11T00:40:55.815+0000] {logging_mixin.py:154} INFO - [2025-12-11T00:40:55.815+0000] {dag.py:3722} INFO - Setting next_dagrun for example_kubernetes_executor to None, run_after=None
[2025-12-11T00:40:55.826+0000] {processor.py:179} INFO - Processing /home/airflow/.local/lib/python3.8/site-packages/airflow/example_dags/example_kubernetes_executor.py took 0.051 seconds
[2025-12-11T00:41:31.719+0000] {processor.py:157} INFO - Started process (PID=530) to work on /home/airflow/.local/lib/python3.8/site-packages/airflow/example_dags/example_kubernetes_executor.py
[2025-12-11T00:41:31.781+0000] {processor.py:829} INFO - Processing file /home/airflow/.local/lib/python3.8/site-packages/airflow/example_dags/example_kubernetes_executor.py for tasks to queue
[2025-12-11T00:41:31.784+0000] {logging_mixin.py:154} INFO - [2025-12-11T00:41:31.784+0000] {dagbag.py:536} INFO - Filling up the DagBag from /home/airflow/.local/lib/python3.8/site-packages/airflow/example_dags/example_kubernetes_executor.py
[2025-12-11T00:41:31.887+0000] {processor.py:839} INFO - DAG(s) dict_keys(['example_kubernetes_executor']) retrieved from /home/airflow/.local/lib/python3.8/site-packages/airflow/example_dags/example_kubernetes_executor.py
[2025-12-11T00:41:32.471+0000] {logging_mixin.py:154} INFO - [2025-12-11T00:41:32.471+0000] {dag.py:2941} INFO - Sync 1 DAGs
[2025-12-11T00:41:32.479+0000] {logging_mixin.py:154} INFO - [2025-12-11T00:41:32.479+0000] {dag.py:3722} INFO - Setting next_dagrun for example_kubernetes_executor to None, run_after=None
[2025-12-11T00:41:32.927+0000] {processor.py:179} INFO - Processing /home/airflow/.local/lib/python3.8/site-packages/airflow/example_dags/example_kubernetes_executor.py took 1.212 seconds
[2025-12-11T00:42:03.658+0000] {processor.py:157} INFO - Started process (PID=585) to work on /home/airflow/.local/lib/python3.8/site-packages/airflow/example_dags/example_kubernetes_executor.py
[2025-12-11T00:42:03.738+0000] {processor.py:829} INFO - Processing file /home/airflow/.local/lib/python3.8/site-packages/airflow/example_dags/example_kubernetes_executor.py for tasks to queue
[2025-12-11T00:42:03.740+0000] {logging_mixin.py:154} INFO - [2025-12-11T00:42:03.740+0000] {dagbag.py:536} INFO - Filling up the DagBag from /home/airflow/.local/lib/python3.8/site-packages/airflow/example_dags/example_kubernetes_executor.py
[2025-12-11T00:42:03.850+0000] {processor.py:839} INFO - DAG(s) dict_keys(['example_kubernetes_executor']) retrieved from /home/airflow/.local/lib/python3.8/site-packages/airflow/example_dags/example_kubernetes_executor.py
[2025-12-11T00:42:05.006+0000] {logging_mixin.py:154} INFO - [2025-12-11T00:42:05.005+0000] {dag.py:2941} INFO - Sync 1 DAGs
[2025-12-11T00:42:05.013+0000] {logging_mixin.py:154} INFO - [2025-12-11T00:42:05.013+0000] {dag.py:3722} INFO - Setting next_dagrun for example_kubernetes_executor to None, run_after=None
[2025-12-11T00:42:05.799+0000] {processor.py:179} INFO - Processing /home/airflow/.local/lib/python3.8/site-packages/airflow/example_dags/example_kubernetes_executor.py took 2.145 seconds
[2025-12-11T00:42:36.569+0000] {processor.py:157} INFO - Started process (PID=642) to work on /home/airflow/.local/lib/python3.8/site-packages/airflow/example_dags/example_kubernetes_executor.py
[2025-12-11T00:42:36.569+0000] {processor.py:829} INFO - Processing file /home/airflow/.local/lib/python3.8/site-packages/airflow/example_dags/example_kubernetes_executor.py for tasks to queue
[2025-12-11T00:42:36.571+0000] {logging_mixin.py:154} INFO - [2025-12-11T00:42:36.571+0000] {dagbag.py:536} INFO - Filling up the DagBag from /home/airflow/.local/lib/python3.8/site-packages/airflow/example_dags/example_kubernetes_executor.py
[2025-12-11T00:42:36.581+0000] {processor.py:839} INFO - DAG(s) dict_keys(['example_kubernetes_executor']) retrieved from /home/airflow/.local/lib/python3.8/site-packages/airflow/example_dags/example_kubernetes_executor.py
[2025-12-11T00:42:36.612+0000] {logging_mixin.py:154} INFO - [2025-12-11T00:42:36.612+0000] {dag.py:2941} INFO - Sync 1 DAGs
[2025-12-11T00:42:36.619+0000] {logging_mixin.py:154} INFO - [2025-12-11T00:42:36.619+0000] {dag.py:3722} INFO - Setting next_dagrun for example_kubernetes_executor to None, run_after=None
[2025-12-11T00:42:36.631+0000] {processor.py:179} INFO - Processing /home/airflow/.local/lib/python3.8/site-packages/airflow/example_dags/example_kubernetes_executor.py took 0.067 seconds
[2025-12-11T00:43:07.396+0000] {processor.py:157} INFO - Started process (PID=697) to work on /home/airflow/.local/lib/python3.8/site-packages/airflow/example_dags/example_kubernetes_executor.py
[2025-12-11T00:43:07.397+0000] {processor.py:829} INFO - Processing file /home/airflow/.local/lib/python3.8/site-packages/airflow/example_dags/example_kubernetes_executor.py for tasks to queue
[2025-12-11T00:43:07.398+0000] {logging_mixin.py:154} INFO - [2025-12-11T00:43:07.398+0000] {dagbag.py:536} INFO - Filling up the DagBag from /home/airflow/.local/lib/python3.8/site-packages/airflow/example_dags/example_kubernetes_executor.py
[2025-12-11T00:43:07.406+0000] {processor.py:839} INFO - DAG(s) dict_keys(['example_kubernetes_executor']) retrieved from /home/airflow/.local/lib/python3.8/site-packages/airflow/example_dags/example_kubernetes_executor.py
[2025-12-11T00:43:07.428+0000] {logging_mixin.py:154} INFO - [2025-12-11T00:43:07.428+0000] {dag.py:2941} INFO - Sync 1 DAGs
[2025-12-11T00:43:07.435+0000] {logging_mixin.py:154} INFO - [2025-12-11T00:43:07.435+0000] {dag.py:3722} INFO - Setting next_dagrun for example_kubernetes_executor to None, run_after=None
[2025-12-11T00:43:07.449+0000] {processor.py:179} INFO - Processing /home/airflow/.local/lib/python3.8/site-packages/airflow/example_dags/example_kubernetes_executor.py took 0.056 seconds
[2025-12-11T00:43:37.489+0000] {processor.py:157} INFO - Started process (PID=752) to work on /home/airflow/.local/lib/python3.8/site-packages/airflow/example_dags/example_kubernetes_executor.py
[2025-12-11T00:43:37.492+0000] {processor.py:829} INFO - Processing file /home/airflow/.local/lib/python3.8/site-packages/airflow/example_dags/example_kubernetes_executor.py for tasks to queue
[2025-12-11T00:43:37.494+0000] {logging_mixin.py:154} INFO - [2025-12-11T00:43:37.494+0000] {dagbag.py:536} INFO - Filling up the DagBag from /home/airflow/.local/lib/python3.8/site-packages/airflow/example_dags/example_kubernetes_executor.py
[2025-12-11T00:43:37.502+0000] {processor.py:839} INFO - DAG(s) dict_keys(['example_kubernetes_executor']) retrieved from /home/airflow/.local/lib/python3.8/site-packages/airflow/example_dags/example_kubernetes_executor.py
[2025-12-11T00:43:37.531+0000] {logging_mixin.py:154} INFO - [2025-12-11T00:43:37.531+0000] {dag.py:2941} INFO - Sync 1 DAGs
[2025-12-11T00:43:37.539+0000] {logging_mixin.py:154} INFO - [2025-12-11T00:43:37.539+0000] {dag.py:3722} INFO - Setting next_dagrun for example_kubernetes_executor to None, run_after=None
[2025-12-11T00:43:37.552+0000] {processor.py:179} INFO - Processing /home/airflow/.local/lib/python3.8/site-packages/airflow/example_dags/example_kubernetes_executor.py took 0.066 seconds
[2025-12-11T00:44:08.181+0000] {processor.py:157} INFO - Started process (PID=808) to work on /home/airflow/.local/lib/python3.8/site-packages/airflow/example_dags/example_kubernetes_executor.py
[2025-12-11T00:44:08.181+0000] {processor.py:829} INFO - Processing file /home/airflow/.local/lib/python3.8/site-packages/airflow/example_dags/example_kubernetes_executor.py for tasks to queue
[2025-12-11T00:44:08.183+0000] {logging_mixin.py:154} INFO - [2025-12-11T00:44:08.183+0000] {dagbag.py:536} INFO - Filling up the DagBag from /home/airflow/.local/lib/python3.8/site-packages/airflow/example_dags/example_kubernetes_executor.py
[2025-12-11T00:44:08.191+0000] {processor.py:839} INFO - DAG(s) dict_keys(['example_kubernetes_executor']) retrieved from /home/airflow/.local/lib/python3.8/site-packages/airflow/example_dags/example_kubernetes_executor.py
[2025-12-11T00:44:08.228+0000] {logging_mixin.py:154} INFO - [2025-12-11T00:44:08.228+0000] {dag.py:2941} INFO - Sync 1 DAGs
[2025-12-11T00:44:08.236+0000] {logging_mixin.py:154} INFO - [2025-12-11T00:44:08.235+0000] {dag.py:3722} INFO - Setting next_dagrun for example_kubernetes_executor to None, run_after=None
[2025-12-11T00:44:08.247+0000] {processor.py:179} INFO - Processing /home/airflow/.local/lib/python3.8/site-packages/airflow/example_dags/example_kubernetes_executor.py took 0.070 seconds
[2025-12-11T00:44:38.692+0000] {processor.py:157} INFO - Started process (PID=863) to work on /home/airflow/.local/lib/python3.8/site-packages/airflow/example_dags/example_kubernetes_executor.py
[2025-12-11T00:44:38.695+0000] {processor.py:829} INFO - Processing file /home/airflow/.local/lib/python3.8/site-packages/airflow/example_dags/example_kubernetes_executor.py for tasks to queue
[2025-12-11T00:44:38.697+0000] {logging_mixin.py:154} INFO - [2025-12-11T00:44:38.697+0000] {dagbag.py:536} INFO - Filling up the DagBag from /home/airflow/.local/lib/python3.8/site-packages/airflow/example_dags/example_kubernetes_executor.py
[2025-12-11T00:44:38.708+0000] {processor.py:839} INFO - DAG(s) dict_keys(['example_kubernetes_executor']) retrieved from /home/airflow/.local/lib/python3.8/site-packages/airflow/example_dags/example_kubernetes_executor.py
[2025-12-11T00:44:38.743+0000] {logging_mixin.py:154} INFO - [2025-12-11T00:44:38.743+0000] {dag.py:2941} INFO - Sync 1 DAGs
[2025-12-11T00:44:38.751+0000] {logging_mixin.py:154} INFO - [2025-12-11T00:44:38.751+0000] {dag.py:3722} INFO - Setting next_dagrun for example_kubernetes_executor to None, run_after=None
[2025-12-11T00:44:38.766+0000] {processor.py:179} INFO - Processing /home/airflow/.local/lib/python3.8/site-packages/airflow/example_dags/example_kubernetes_executor.py took 0.077 seconds
[2025-12-11T00:45:09.149+0000] {processor.py:157} INFO - Started process (PID=918) to work on /home/airflow/.local/lib/python3.8/site-packages/airflow/example_dags/example_kubernetes_executor.py
[2025-12-11T00:45:09.149+0000] {processor.py:829} INFO - Processing file /home/airflow/.local/lib/python3.8/site-packages/airflow/example_dags/example_kubernetes_executor.py for tasks to queue
[2025-12-11T00:45:09.150+0000] {logging_mixin.py:154} INFO - [2025-12-11T00:45:09.150+0000] {dagbag.py:536} INFO - Filling up the DagBag from /home/airflow/.local/lib/python3.8/site-packages/airflow/example_dags/example_kubernetes_executor.py
[2025-12-11T00:45:09.160+0000] {processor.py:839} INFO - DAG(s) dict_keys(['example_kubernetes_executor']) retrieved from /home/airflow/.local/lib/python3.8/site-packages/airflow/example_dags/example_kubernetes_executor.py
[2025-12-11T00:45:09.194+0000] {logging_mixin.py:154} INFO - [2025-12-11T00:45:09.194+0000] {dag.py:2941} INFO - Sync 1 DAGs
[2025-12-11T00:45:09.201+0000] {logging_mixin.py:154} INFO - [2025-12-11T00:45:09.201+0000] {dag.py:3722} INFO - Setting next_dagrun for example_kubernetes_executor to None, run_after=None
[2025-12-11T00:45:09.211+0000] {processor.py:179} INFO - Processing /home/airflow/.local/lib/python3.8/site-packages/airflow/example_dags/example_kubernetes_executor.py took 0.065 seconds
[2025-12-11T00:45:39.617+0000] {processor.py:157} INFO - Started process (PID=973) to work on /home/airflow/.local/lib/python3.8/site-packages/airflow/example_dags/example_kubernetes_executor.py
[2025-12-11T00:45:39.618+0000] {processor.py:829} INFO - Processing file /home/airflow/.local/lib/python3.8/site-packages/airflow/example_dags/example_kubernetes_executor.py for tasks to queue
[2025-12-11T00:45:39.619+0000] {logging_mixin.py:154} INFO - [2025-12-11T00:45:39.619+0000] {dagbag.py:536} INFO - Filling up the DagBag from /home/airflow/.local/lib/python3.8/site-packages/airflow/example_dags/example_kubernetes_executor.py
[2025-12-11T00:45:39.628+0000] {processor.py:839} INFO - DAG(s) dict_keys(['example_kubernetes_executor']) retrieved from /home/airflow/.local/lib/python3.8/site-packages/airflow/example_dags/example_kubernetes_executor.py
[2025-12-11T00:45:39.665+0000] {logging_mixin.py:154} INFO - [2025-12-11T00:45:39.665+0000] {dag.py:2941} INFO - Sync 1 DAGs
[2025-12-11T00:45:39.672+0000] {logging_mixin.py:154} INFO - [2025-12-11T00:45:39.672+0000] {dag.py:3722} INFO - Setting next_dagrun for example_kubernetes_executor to None, run_after=None
[2025-12-11T00:45:39.683+0000] {processor.py:179} INFO - Processing /home/airflow/.local/lib/python3.8/site-packages/airflow/example_dags/example_kubernetes_executor.py took 0.070 seconds
[2025-12-11T00:46:10.089+0000] {processor.py:157} INFO - Started process (PID=1028) to work on /home/airflow/.local/lib/python3.8/site-packages/airflow/example_dags/example_kubernetes_executor.py
[2025-12-11T00:46:10.092+0000] {processor.py:829} INFO - Processing file /home/airflow/.local/lib/python3.8/site-packages/airflow/example_dags/example_kubernetes_executor.py for tasks to queue
[2025-12-11T00:46:10.093+0000] {logging_mixin.py:154} INFO - [2025-12-11T00:46:10.093+0000] {dagbag.py:536} INFO - Filling up the DagBag from /home/airflow/.local/lib/python3.8/site-packages/airflow/example_dags/example_kubernetes_executor.py
[2025-12-11T00:46:10.104+0000] {processor.py:839} INFO - DAG(s) dict_keys(['example_kubernetes_executor']) retrieved from /home/airflow/.local/lib/python3.8/site-packages/airflow/example_dags/example_kubernetes_executor.py
[2025-12-11T00:46:10.142+0000] {logging_mixin.py:154} INFO - [2025-12-11T00:46:10.142+0000] {dag.py:2941} INFO - Sync 1 DAGs
[2025-12-11T00:46:10.148+0000] {logging_mixin.py:154} INFO - [2025-12-11T00:46:10.148+0000] {dag.py:3722} INFO - Setting next_dagrun for example_kubernetes_executor to None, run_after=None
[2025-12-11T00:46:10.159+0000] {processor.py:179} INFO - Processing /home/airflow/.local/lib/python3.8/site-packages/airflow/example_dags/example_kubernetes_executor.py took 0.073 seconds
[2025-12-11T00:46:40.710+0000] {processor.py:157} INFO - Started process (PID=1083) to work on /home/airflow/.local/lib/python3.8/site-packages/airflow/example_dags/example_kubernetes_executor.py
[2025-12-11T00:46:40.710+0000] {processor.py:829} INFO - Processing file /home/airflow/.local/lib/python3.8/site-packages/airflow/example_dags/example_kubernetes_executor.py for tasks to queue
[2025-12-11T00:46:40.712+0000] {logging_mixin.py:154} INFO - [2025-12-11T00:46:40.711+0000] {dagbag.py:536} INFO - Filling up the DagBag from /home/airflow/.local/lib/python3.8/site-packages/airflow/example_dags/example_kubernetes_executor.py
[2025-12-11T00:46:40.721+0000] {processor.py:839} INFO - DAG(s) dict_keys(['example_kubernetes_executor']) retrieved from /home/airflow/.local/lib/python3.8/site-packages/airflow/example_dags/example_kubernetes_executor.py
[2025-12-11T00:46:40.746+0000] {logging_mixin.py:154} INFO - [2025-12-11T00:46:40.746+0000] {dag.py:2941} INFO - Sync 1 DAGs
[2025-12-11T00:46:40.753+0000] {logging_mixin.py:154} INFO - [2025-12-11T00:46:40.753+0000] {dag.py:3722} INFO - Setting next_dagrun for example_kubernetes_executor to None, run_after=None
[2025-12-11T00:46:40.763+0000] {processor.py:179} INFO - Processing /home/airflow/.local/lib/python3.8/site-packages/airflow/example_dags/example_kubernetes_executor.py took 0.056 seconds
[2025-12-11T00:47:11.268+0000] {processor.py:157} INFO - Started process (PID=1138) to work on /home/airflow/.local/lib/python3.8/site-packages/airflow/example_dags/example_kubernetes_executor.py
[2025-12-11T00:47:11.272+0000] {processor.py:829} INFO - Processing file /home/airflow/.local/lib/python3.8/site-packages/airflow/example_dags/example_kubernetes_executor.py for tasks to queue
[2025-12-11T00:47:11.273+0000] {logging_mixin.py:154} INFO - [2025-12-11T00:47:11.273+0000] {dagbag.py:536} INFO - Filling up the DagBag from /home/airflow/.local/lib/python3.8/site-packages/airflow/example_dags/example_kubernetes_executor.py
[2025-12-11T00:47:11.283+0000] {processor.py:839} INFO - DAG(s) dict_keys(['example_kubernetes_executor']) retrieved from /home/airflow/.local/lib/python3.8/site-packages/airflow/example_dags/example_kubernetes_executor.py
[2025-12-11T00:47:11.319+0000] {logging_mixin.py:154} INFO - [2025-12-11T00:47:11.318+0000] {dag.py:2941} INFO - Sync 1 DAGs
[2025-12-11T00:47:11.326+0000] {logging_mixin.py:154} INFO - [2025-12-11T00:47:11.326+0000] {dag.py:3722} INFO - Setting next_dagrun for example_kubernetes_executor to None, run_after=None
[2025-12-11T00:47:11.336+0000] {processor.py:179} INFO - Processing /home/airflow/.local/lib/python3.8/site-packages/airflow/example_dags/example_kubernetes_executor.py took 0.070 seconds
[2025-12-11T00:47:41.928+0000] {processor.py:157} INFO - Started process (PID=1193) to work on /home/airflow/.local/lib/python3.8/site-packages/airflow/example_dags/example_kubernetes_executor.py
[2025-12-11T00:47:41.931+0000] {processor.py:829} INFO - Processing file /home/airflow/.local/lib/python3.8/site-packages/airflow/example_dags/example_kubernetes_executor.py for tasks to queue
[2025-12-11T00:47:41.933+0000] {logging_mixin.py:154} INFO - [2025-12-11T00:47:41.933+0000] {dagbag.py:536} INFO - Filling up the DagBag from /home/airflow/.local/lib/python3.8/site-packages/airflow/example_dags/example_kubernetes_executor.py
[2025-12-11T00:47:41.941+0000] {processor.py:839} INFO - DAG(s) dict_keys(['example_kubernetes_executor']) retrieved from /home/airflow/.local/lib/python3.8/site-packages/airflow/example_dags/example_kubernetes_executor.py
[2025-12-11T00:47:41.964+0000] {logging_mixin.py:154} INFO - [2025-12-11T00:47:41.964+0000] {dag.py:2941} INFO - Sync 1 DAGs
[2025-12-11T00:47:41.972+0000] {logging_mixin.py:154} INFO - [2025-12-11T00:47:41.972+0000] {dag.py:3722} INFO - Setting next_dagrun for example_kubernetes_executor to None, run_after=None
[2025-12-11T00:47:41.985+0000] {processor.py:179} INFO - Processing /home/airflow/.local/lib/python3.8/site-packages/airflow/example_dags/example_kubernetes_executor.py took 0.062 seconds
[2025-12-11T00:48:12.128+0000] {processor.py:157} INFO - Started process (PID=1248) to work on /home/airflow/.local/lib/python3.8/site-packages/airflow/example_dags/example_kubernetes_executor.py
[2025-12-11T00:48:12.130+0000] {processor.py:829} INFO - Processing file /home/airflow/.local/lib/python3.8/site-packages/airflow/example_dags/example_kubernetes_executor.py for tasks to queue
[2025-12-11T00:48:12.132+0000] {logging_mixin.py:154} INFO - [2025-12-11T00:48:12.132+0000] {dagbag.py:536} INFO - Filling up the DagBag from /home/airflow/.local/lib/python3.8/site-packages/airflow/example_dags/example_kubernetes_executor.py
[2025-12-11T00:48:12.143+0000] {processor.py:839} INFO - DAG(s) dict_keys(['example_kubernetes_executor']) retrieved from /home/airflow/.local/lib/python3.8/site-packages/airflow/example_dags/example_kubernetes_executor.py
[2025-12-11T00:48:12.167+0000] {logging_mixin.py:154} INFO - [2025-12-11T00:48:12.167+0000] {dag.py:2941} INFO - Sync 1 DAGs
[2025-12-11T00:48:12.174+0000] {logging_mixin.py:154} INFO - [2025-12-11T00:48:12.174+0000] {dag.py:3722} INFO - Setting next_dagrun for example_kubernetes_executor to None, run_after=None
[2025-12-11T00:48:12.185+0000] {processor.py:179} INFO - Processing /home/airflow/.local/lib/python3.8/site-packages/airflow/example_dags/example_kubernetes_executor.py took 0.061 seconds
[2025-12-11T00:48:42.990+0000] {processor.py:157} INFO - Started process (PID=1303) to work on /home/airflow/.local/lib/python3.8/site-packages/airflow/example_dags/example_kubernetes_executor.py
[2025-12-11T00:48:42.990+0000] {processor.py:829} INFO - Processing file /home/airflow/.local/lib/python3.8/site-packages/airflow/example_dags/example_kubernetes_executor.py for tasks to queue
[2025-12-11T00:48:42.992+0000] {logging_mixin.py:154} INFO - [2025-12-11T00:48:42.992+0000] {dagbag.py:536} INFO - Filling up the DagBag from /home/airflow/.local/lib/python3.8/site-packages/airflow/example_dags/example_kubernetes_executor.py
[2025-12-11T00:48:43.003+0000] {processor.py:839} INFO - DAG(s) dict_keys(['example_kubernetes_executor']) retrieved from /home/airflow/.local/lib/python3.8/site-packages/airflow/example_dags/example_kubernetes_executor.py
[2025-12-11T00:48:43.027+0000] {logging_mixin.py:154} INFO - [2025-12-11T00:48:43.027+0000] {dag.py:2941} INFO - Sync 1 DAGs
[2025-12-11T00:48:43.035+0000] {logging_mixin.py:154} INFO - [2025-12-11T00:48:43.034+0000] {dag.py:3722} INFO - Setting next_dagrun for example_kubernetes_executor to None, run_after=None
[2025-12-11T00:48:43.048+0000] {processor.py:179} INFO - Processing /home/airflow/.local/lib/python3.8/site-packages/airflow/example_dags/example_kubernetes_executor.py took 0.062 seconds
[2025-12-11T00:49:13.585+0000] {processor.py:157} INFO - Started process (PID=1358) to work on /home/airflow/.local/lib/python3.8/site-packages/airflow/example_dags/example_kubernetes_executor.py
[2025-12-11T00:49:13.588+0000] {processor.py:829} INFO - Processing file /home/airflow/.local/lib/python3.8/site-packages/airflow/example_dags/example_kubernetes_executor.py for tasks to queue
[2025-12-11T00:49:13.590+0000] {logging_mixin.py:154} INFO - [2025-12-11T00:49:13.590+0000] {dagbag.py:536} INFO - Filling up the DagBag from /home/airflow/.local/lib/python3.8/site-packages/airflow/example_dags/example_kubernetes_executor.py
[2025-12-11T00:49:13.602+0000] {processor.py:839} INFO - DAG(s) dict_keys(['example_kubernetes_executor']) retrieved from /home/airflow/.local/lib/python3.8/site-packages/airflow/example_dags/example_kubernetes_executor.py
[2025-12-11T00:49:13.630+0000] {logging_mixin.py:154} INFO - [2025-12-11T00:49:13.630+0000] {dag.py:2941} INFO - Sync 1 DAGs
[2025-12-11T00:49:13.636+0000] {logging_mixin.py:154} INFO - [2025-12-11T00:49:13.636+0000] {dag.py:3722} INFO - Setting next_dagrun for example_kubernetes_executor to None, run_after=None
[2025-12-11T00:49:13.646+0000] {processor.py:179} INFO - Processing /home/airflow/.local/lib/python3.8/site-packages/airflow/example_dags/example_kubernetes_executor.py took 0.067 seconds
[2025-12-11T00:49:43.879+0000] {processor.py:157} INFO - Started process (PID=1413) to work on /home/airflow/.local/lib/python3.8/site-packages/airflow/example_dags/example_kubernetes_executor.py
[2025-12-11T00:49:43.882+0000] {processor.py:829} INFO - Processing file /home/airflow/.local/lib/python3.8/site-packages/airflow/example_dags/example_kubernetes_executor.py for tasks to queue
[2025-12-11T00:49:43.884+0000] {logging_mixin.py:154} INFO - [2025-12-11T00:49:43.883+0000] {dagbag.py:536} INFO - Filling up the DagBag from /home/airflow/.local/lib/python3.8/site-packages/airflow/example_dags/example_kubernetes_executor.py
[2025-12-11T00:49:43.894+0000] {processor.py:839} INFO - DAG(s) dict_keys(['example_kubernetes_executor']) retrieved from /home/airflow/.local/lib/python3.8/site-packages/airflow/example_dags/example_kubernetes_executor.py
[2025-12-11T00:49:43.921+0000] {logging_mixin.py:154} INFO - [2025-12-11T00:49:43.921+0000] {dag.py:2941} INFO - Sync 1 DAGs
[2025-12-11T00:49:43.928+0000] {logging_mixin.py:154} INFO - [2025-12-11T00:49:43.928+0000] {dag.py:3722} INFO - Setting next_dagrun for example_kubernetes_executor to None, run_after=None
[2025-12-11T00:49:43.941+0000] {processor.py:179} INFO - Processing /home/airflow/.local/lib/python3.8/site-packages/airflow/example_dags/example_kubernetes_executor.py took 0.066 seconds
[2025-12-11T00:50:14.049+0000] {processor.py:157} INFO - Started process (PID=1468) to work on /home/airflow/.local/lib/python3.8/site-packages/airflow/example_dags/example_kubernetes_executor.py
[2025-12-11T00:50:14.050+0000] {processor.py:829} INFO - Processing file /home/airflow/.local/lib/python3.8/site-packages/airflow/example_dags/example_kubernetes_executor.py for tasks to queue
[2025-12-11T00:50:14.051+0000] {logging_mixin.py:154} INFO - [2025-12-11T00:50:14.051+0000] {dagbag.py:536} INFO - Filling up the DagBag from /home/airflow/.local/lib/python3.8/site-packages/airflow/example_dags/example_kubernetes_executor.py
[2025-12-11T00:50:14.060+0000] {processor.py:839} INFO - DAG(s) dict_keys(['example_kubernetes_executor']) retrieved from /home/airflow/.local/lib/python3.8/site-packages/airflow/example_dags/example_kubernetes_executor.py
[2025-12-11T00:50:14.085+0000] {logging_mixin.py:154} INFO - [2025-12-11T00:50:14.085+0000] {dag.py:2941} INFO - Sync 1 DAGs
[2025-12-11T00:50:14.092+0000] {logging_mixin.py:154} INFO - [2025-12-11T00:50:14.092+0000] {dag.py:3722} INFO - Setting next_dagrun for example_kubernetes_executor to None, run_after=None
[2025-12-11T00:50:14.105+0000] {processor.py:179} INFO - Processing /home/airflow/.local/lib/python3.8/site-packages/airflow/example_dags/example_kubernetes_executor.py took 0.061 seconds
[2025-12-11T00:50:44.352+0000] {processor.py:157} INFO - Started process (PID=1523) to work on /home/airflow/.local/lib/python3.8/site-packages/airflow/example_dags/example_kubernetes_executor.py
[2025-12-11T00:50:44.353+0000] {processor.py:829} INFO - Processing file /home/airflow/.local/lib/python3.8/site-packages/airflow/example_dags/example_kubernetes_executor.py for tasks to queue
[2025-12-11T00:50:44.354+0000] {logging_mixin.py:154} INFO - [2025-12-11T00:50:44.354+0000] {dagbag.py:536} INFO - Filling up the DagBag from /home/airflow/.local/lib/python3.8/site-packages/airflow/example_dags/example_kubernetes_executor.py
[2025-12-11T00:50:44.369+0000] {processor.py:839} INFO - DAG(s) dict_keys(['example_kubernetes_executor']) retrieved from /home/airflow/.local/lib/python3.8/site-packages/airflow/example_dags/example_kubernetes_executor.py
[2025-12-11T00:50:44.400+0000] {logging_mixin.py:154} INFO - [2025-12-11T00:50:44.400+0000] {dag.py:2941} INFO - Sync 1 DAGs
[2025-12-11T00:50:44.408+0000] {logging_mixin.py:154} INFO - [2025-12-11T00:50:44.408+0000] {dag.py:3722} INFO - Setting next_dagrun for example_kubernetes_executor to None, run_after=None
[2025-12-11T00:50:44.419+0000] {processor.py:179} INFO - Processing /home/airflow/.local/lib/python3.8/site-packages/airflow/example_dags/example_kubernetes_executor.py took 0.070 seconds
[2025-12-11T00:51:15.110+0000] {processor.py:157} INFO - Started process (PID=1578) to work on /home/airflow/.local/lib/python3.8/site-packages/airflow/example_dags/example_kubernetes_executor.py
[2025-12-11T00:51:15.111+0000] {processor.py:829} INFO - Processing file /home/airflow/.local/lib/python3.8/site-packages/airflow/example_dags/example_kubernetes_executor.py for tasks to queue
[2025-12-11T00:51:15.112+0000] {logging_mixin.py:154} INFO - [2025-12-11T00:51:15.112+0000] {dagbag.py:536} INFO - Filling up the DagBag from /home/airflow/.local/lib/python3.8/site-packages/airflow/example_dags/example_kubernetes_executor.py
[2025-12-11T00:51:15.120+0000] {processor.py:839} INFO - DAG(s) dict_keys(['example_kubernetes_executor']) retrieved from /home/airflow/.local/lib/python3.8/site-packages/airflow/example_dags/example_kubernetes_executor.py
[2025-12-11T00:51:15.144+0000] {logging_mixin.py:154} INFO - [2025-12-11T00:51:15.144+0000] {dag.py:2941} INFO - Sync 1 DAGs
[2025-12-11T00:51:15.152+0000] {logging_mixin.py:154} INFO - [2025-12-11T00:51:15.152+0000] {dag.py:3722} INFO - Setting next_dagrun for example_kubernetes_executor to None, run_after=None
[2025-12-11T00:51:15.164+0000] {processor.py:179} INFO - Processing /home/airflow/.local/lib/python3.8/site-packages/airflow/example_dags/example_kubernetes_executor.py took 0.056 seconds
[2025-12-11T00:51:45.181+0000] {processor.py:157} INFO - Started process (PID=1633) to work on /home/airflow/.local/lib/python3.8/site-packages/airflow/example_dags/example_kubernetes_executor.py
[2025-12-11T00:51:45.183+0000] {processor.py:829} INFO - Processing file /home/airflow/.local/lib/python3.8/site-packages/airflow/example_dags/example_kubernetes_executor.py for tasks to queue
[2025-12-11T00:51:45.186+0000] {logging_mixin.py:154} INFO - [2025-12-11T00:51:45.186+0000] {dagbag.py:536} INFO - Filling up the DagBag from /home/airflow/.local/lib/python3.8/site-packages/airflow/example_dags/example_kubernetes_executor.py
[2025-12-11T00:51:45.195+0000] {processor.py:839} INFO - DAG(s) dict_keys(['example_kubernetes_executor']) retrieved from /home/airflow/.local/lib/python3.8/site-packages/airflow/example_dags/example_kubernetes_executor.py
[2025-12-11T00:51:45.236+0000] {logging_mixin.py:154} INFO - [2025-12-11T00:51:45.236+0000] {dag.py:2941} INFO - Sync 1 DAGs
[2025-12-11T00:51:45.243+0000] {logging_mixin.py:154} INFO - [2025-12-11T00:51:45.243+0000] {dag.py:3722} INFO - Setting next_dagrun for example_kubernetes_executor to None, run_after=None
[2025-12-11T00:51:45.257+0000] {processor.py:179} INFO - Processing /home/airflow/.local/lib/python3.8/site-packages/airflow/example_dags/example_kubernetes_executor.py took 0.081 seconds
[2025-12-11T00:52:15.287+0000] {processor.py:157} INFO - Started process (PID=1688) to work on /home/airflow/.local/lib/python3.8/site-packages/airflow/example_dags/example_kubernetes_executor.py
[2025-12-11T00:52:15.288+0000] {processor.py:829} INFO - Processing file /home/airflow/.local/lib/python3.8/site-packages/airflow/example_dags/example_kubernetes_executor.py for tasks to queue
[2025-12-11T00:52:15.289+0000] {logging_mixin.py:154} INFO - [2025-12-11T00:52:15.289+0000] {dagbag.py:536} INFO - Filling up the DagBag from /home/airflow/.local/lib/python3.8/site-packages/airflow/example_dags/example_kubernetes_executor.py
[2025-12-11T00:52:15.297+0000] {processor.py:839} INFO - DAG(s) dict_keys(['example_kubernetes_executor']) retrieved from /home/airflow/.local/lib/python3.8/site-packages/airflow/example_dags/example_kubernetes_executor.py
[2025-12-11T00:52:15.325+0000] {logging_mixin.py:154} INFO - [2025-12-11T00:52:15.324+0000] {dag.py:2941} INFO - Sync 1 DAGs
[2025-12-11T00:52:15.332+0000] {logging_mixin.py:154} INFO - [2025-12-11T00:52:15.332+0000] {dag.py:3722} INFO - Setting next_dagrun for example_kubernetes_executor to None, run_after=None
[2025-12-11T00:52:15.343+0000] {processor.py:179} INFO - Processing /home/airflow/.local/lib/python3.8/site-packages/airflow/example_dags/example_kubernetes_executor.py took 0.058 seconds
[2025-12-11T00:52:45.478+0000] {processor.py:157} INFO - Started process (PID=1742) to work on /home/airflow/.local/lib/python3.8/site-packages/airflow/example_dags/example_kubernetes_executor.py
[2025-12-11T00:52:45.479+0000] {processor.py:829} INFO - Processing file /home/airflow/.local/lib/python3.8/site-packages/airflow/example_dags/example_kubernetes_executor.py for tasks to queue
[2025-12-11T00:52:45.480+0000] {logging_mixin.py:154} INFO - [2025-12-11T00:52:45.480+0000] {dagbag.py:536} INFO - Filling up the DagBag from /home/airflow/.local/lib/python3.8/site-packages/airflow/example_dags/example_kubernetes_executor.py
[2025-12-11T00:52:45.488+0000] {processor.py:839} INFO - DAG(s) dict_keys(['example_kubernetes_executor']) retrieved from /home/airflow/.local/lib/python3.8/site-packages/airflow/example_dags/example_kubernetes_executor.py
[2025-12-11T00:52:45.511+0000] {logging_mixin.py:154} INFO - [2025-12-11T00:52:45.511+0000] {dag.py:2941} INFO - Sync 1 DAGs
[2025-12-11T00:52:45.519+0000] {logging_mixin.py:154} INFO - [2025-12-11T00:52:45.518+0000] {dag.py:3722} INFO - Setting next_dagrun for example_kubernetes_executor to None, run_after=None
[2025-12-11T00:52:45.531+0000] {processor.py:179} INFO - Processing /home/airflow/.local/lib/python3.8/site-packages/airflow/example_dags/example_kubernetes_executor.py took 0.054 seconds
[2025-12-11T00:53:16.159+0000] {processor.py:157} INFO - Started process (PID=1797) to work on /home/airflow/.local/lib/python3.8/site-packages/airflow/example_dags/example_kubernetes_executor.py
[2025-12-11T00:53:16.160+0000] {processor.py:829} INFO - Processing file /home/airflow/.local/lib/python3.8/site-packages/airflow/example_dags/example_kubernetes_executor.py for tasks to queue
[2025-12-11T00:53:16.161+0000] {logging_mixin.py:154} INFO - [2025-12-11T00:53:16.161+0000] {dagbag.py:536} INFO - Filling up the DagBag from /home/airflow/.local/lib/python3.8/site-packages/airflow/example_dags/example_kubernetes_executor.py
[2025-12-11T00:53:16.170+0000] {processor.py:839} INFO - DAG(s) dict_keys(['example_kubernetes_executor']) retrieved from /home/airflow/.local/lib/python3.8/site-packages/airflow/example_dags/example_kubernetes_executor.py
[2025-12-11T00:53:16.192+0000] {logging_mixin.py:154} INFO - [2025-12-11T00:53:16.192+0000] {dag.py:2941} INFO - Sync 1 DAGs
[2025-12-11T00:53:16.199+0000] {logging_mixin.py:154} INFO - [2025-12-11T00:53:16.199+0000] {dag.py:3722} INFO - Setting next_dagrun for example_kubernetes_executor to None, run_after=None
[2025-12-11T00:53:16.210+0000] {processor.py:179} INFO - Processing /home/airflow/.local/lib/python3.8/site-packages/airflow/example_dags/example_kubernetes_executor.py took 0.053 seconds
[2025-12-11T00:53:46.673+0000] {processor.py:157} INFO - Started process (PID=1852) to work on /home/airflow/.local/lib/python3.8/site-packages/airflow/example_dags/example_kubernetes_executor.py
[2025-12-11T00:53:46.674+0000] {processor.py:829} INFO - Processing file /home/airflow/.local/lib/python3.8/site-packages/airflow/example_dags/example_kubernetes_executor.py for tasks to queue
[2025-12-11T00:53:46.675+0000] {logging_mixin.py:154} INFO - [2025-12-11T00:53:46.675+0000] {dagbag.py:536} INFO - Filling up the DagBag from /home/airflow/.local/lib/python3.8/site-packages/airflow/example_dags/example_kubernetes_executor.py
[2025-12-11T00:53:46.682+0000] {processor.py:839} INFO - DAG(s) dict_keys(['example_kubernetes_executor']) retrieved from /home/airflow/.local/lib/python3.8/site-packages/airflow/example_dags/example_kubernetes_executor.py
[2025-12-11T00:53:46.720+0000] {logging_mixin.py:154} INFO - [2025-12-11T00:53:46.720+0000] {dag.py:2941} INFO - Sync 1 DAGs
[2025-12-11T00:53:46.728+0000] {logging_mixin.py:154} INFO - [2025-12-11T00:53:46.728+0000] {dag.py:3722} INFO - Setting next_dagrun for example_kubernetes_executor to None, run_after=None
[2025-12-11T00:53:46.774+0000] {processor.py:179} INFO - Processing /home/airflow/.local/lib/python3.8/site-packages/airflow/example_dags/example_kubernetes_executor.py took 0.103 seconds
[2025-12-11T00:54:17.080+0000] {processor.py:157} INFO - Started process (PID=1908) to work on /home/airflow/.local/lib/python3.8/site-packages/airflow/example_dags/example_kubernetes_executor.py
[2025-12-11T00:54:17.085+0000] {processor.py:829} INFO - Processing file /home/airflow/.local/lib/python3.8/site-packages/airflow/example_dags/example_kubernetes_executor.py for tasks to queue
[2025-12-11T00:54:17.087+0000] {logging_mixin.py:154} INFO - [2025-12-11T00:54:17.087+0000] {dagbag.py:536} INFO - Filling up the DagBag from /home/airflow/.local/lib/python3.8/site-packages/airflow/example_dags/example_kubernetes_executor.py
[2025-12-11T00:54:17.096+0000] {processor.py:839} INFO - DAG(s) dict_keys(['example_kubernetes_executor']) retrieved from /home/airflow/.local/lib/python3.8/site-packages/airflow/example_dags/example_kubernetes_executor.py
[2025-12-11T00:54:17.129+0000] {logging_mixin.py:154} INFO - [2025-12-11T00:54:17.129+0000] {dag.py:2941} INFO - Sync 1 DAGs
[2025-12-11T00:54:17.138+0000] {logging_mixin.py:154} INFO - [2025-12-11T00:54:17.138+0000] {dag.py:3722} INFO - Setting next_dagrun for example_kubernetes_executor to None, run_after=None
[2025-12-11T00:54:17.191+0000] {processor.py:179} INFO - Processing /home/airflow/.local/lib/python3.8/site-packages/airflow/example_dags/example_kubernetes_executor.py took 0.113 seconds
[2025-12-11T00:54:47.543+0000] {processor.py:157} INFO - Started process (PID=1963) to work on /home/airflow/.local/lib/python3.8/site-packages/airflow/example_dags/example_kubernetes_executor.py
[2025-12-11T00:54:47.544+0000] {processor.py:829} INFO - Processing file /home/airflow/.local/lib/python3.8/site-packages/airflow/example_dags/example_kubernetes_executor.py for tasks to queue
[2025-12-11T00:54:47.545+0000] {logging_mixin.py:154} INFO - [2025-12-11T00:54:47.545+0000] {dagbag.py:536} INFO - Filling up the DagBag from /home/airflow/.local/lib/python3.8/site-packages/airflow/example_dags/example_kubernetes_executor.py
[2025-12-11T00:54:47.556+0000] {processor.py:839} INFO - DAG(s) dict_keys(['example_kubernetes_executor']) retrieved from /home/airflow/.local/lib/python3.8/site-packages/airflow/example_dags/example_kubernetes_executor.py
[2025-12-11T00:54:47.582+0000] {logging_mixin.py:154} INFO - [2025-12-11T00:54:47.582+0000] {dag.py:2941} INFO - Sync 1 DAGs
[2025-12-11T00:54:47.589+0000] {logging_mixin.py:154} INFO - [2025-12-11T00:54:47.589+0000] {dag.py:3722} INFO - Setting next_dagrun for example_kubernetes_executor to None, run_after=None
[2025-12-11T00:54:47.601+0000] {processor.py:179} INFO - Processing /home/airflow/.local/lib/python3.8/site-packages/airflow/example_dags/example_kubernetes_executor.py took 0.061 seconds
[2025-12-11T00:55:17.755+0000] {processor.py:157} INFO - Started process (PID=2018) to work on /home/airflow/.local/lib/python3.8/site-packages/airflow/example_dags/example_kubernetes_executor.py
[2025-12-11T00:55:17.755+0000] {processor.py:829} INFO - Processing file /home/airflow/.local/lib/python3.8/site-packages/airflow/example_dags/example_kubernetes_executor.py for tasks to queue
[2025-12-11T00:55:17.756+0000] {logging_mixin.py:154} INFO - [2025-12-11T00:55:17.756+0000] {dagbag.py:536} INFO - Filling up the DagBag from /home/airflow/.local/lib/python3.8/site-packages/airflow/example_dags/example_kubernetes_executor.py
[2025-12-11T00:55:17.764+0000] {processor.py:839} INFO - DAG(s) dict_keys(['example_kubernetes_executor']) retrieved from /home/airflow/.local/lib/python3.8/site-packages/airflow/example_dags/example_kubernetes_executor.py
[2025-12-11T00:55:17.787+0000] {logging_mixin.py:154} INFO - [2025-12-11T00:55:17.787+0000] {dag.py:2941} INFO - Sync 1 DAGs
[2025-12-11T00:55:17.795+0000] {logging_mixin.py:154} INFO - [2025-12-11T00:55:17.795+0000] {dag.py:3722} INFO - Setting next_dagrun for example_kubernetes_executor to None, run_after=None
[2025-12-11T00:55:17.812+0000] {processor.py:179} INFO - Processing /home/airflow/.local/lib/python3.8/site-packages/airflow/example_dags/example_kubernetes_executor.py took 0.059 seconds
