[2025-12-11T00:38:15.732+0000] {processor.py:157} INFO - Started process (PID=173) to work on /home/airflow/.local/lib/python3.8/site-packages/airflow/example_dags/example_branch_datetime_operator.py
[2025-12-11T00:38:15.733+0000] {processor.py:829} INFO - Processing file /home/airflow/.local/lib/python3.8/site-packages/airflow/example_dags/example_branch_datetime_operator.py for tasks to queue
[2025-12-11T00:38:15.734+0000] {logging_mixin.py:154} INFO - [2025-12-11T00:38:15.734+0000] {dagbag.py:536} INFO - Filling up the DagBag from /home/airflow/.local/lib/python3.8/site-packages/airflow/example_dags/example_branch_datetime_operator.py
[2025-12-11T00:38:15.742+0000] {processor.py:839} INFO - DAG(s) dict_keys(['example_branch_datetime_operator_3', 'example_branch_datetime_operator_2', 'example_branch_datetime_operator']) retrieved from /home/airflow/.local/lib/python3.8/site-packages/airflow/example_dags/example_branch_datetime_operator.py
[2025-12-11T00:38:15.752+0000] {logging_mixin.py:154} INFO - [2025-12-11T00:38:15.752+0000] {dag.py:2941} INFO - Sync 3 DAGs
[2025-12-11T00:38:15.787+0000] {logging_mixin.py:154} INFO - [2025-12-11T00:38:15.786+0000] {dag.py:3722} INFO - Setting next_dagrun for example_branch_datetime_operator to 2025-12-10T00:00:00+00:00, run_after=2025-12-11T00:00:00+00:00
[2025-12-11T00:38:15.792+0000] {logging_mixin.py:154} INFO - [2025-12-11T00:38:15.792+0000] {dag.py:3722} INFO - Setting next_dagrun for example_branch_datetime_operator_2 to 2025-12-10T00:00:00+00:00, run_after=2025-12-11T00:00:00+00:00
[2025-12-11T00:38:15.796+0000] {logging_mixin.py:154} INFO - [2025-12-11T00:38:15.795+0000] {dag.py:3722} INFO - Setting next_dagrun for example_branch_datetime_operator_3 to 2025-12-10T00:00:00+00:00, run_after=2025-12-11T00:00:00+00:00
[2025-12-11T00:38:15.825+0000] {processor.py:179} INFO - Processing /home/airflow/.local/lib/python3.8/site-packages/airflow/example_dags/example_branch_datetime_operator.py took 0.096 seconds
[2025-12-11T00:38:45.985+0000] {processor.py:157} INFO - Started process (PID=236) to work on /home/airflow/.local/lib/python3.8/site-packages/airflow/example_dags/example_branch_datetime_operator.py
[2025-12-11T00:38:45.985+0000] {processor.py:829} INFO - Processing file /home/airflow/.local/lib/python3.8/site-packages/airflow/example_dags/example_branch_datetime_operator.py for tasks to queue
[2025-12-11T00:38:45.986+0000] {logging_mixin.py:154} INFO - [2025-12-11T00:38:45.986+0000] {dagbag.py:536} INFO - Filling up the DagBag from /home/airflow/.local/lib/python3.8/site-packages/airflow/example_dags/example_branch_datetime_operator.py
[2025-12-11T00:38:45.994+0000] {processor.py:839} INFO - DAG(s) dict_keys(['example_branch_datetime_operator_2', 'example_branch_datetime_operator', 'example_branch_datetime_operator_3']) retrieved from /home/airflow/.local/lib/python3.8/site-packages/airflow/example_dags/example_branch_datetime_operator.py
[2025-12-11T00:38:46.012+0000] {logging_mixin.py:154} INFO - [2025-12-11T00:38:46.012+0000] {dag.py:2941} INFO - Sync 3 DAGs
[2025-12-11T00:38:46.031+0000] {logging_mixin.py:154} INFO - [2025-12-11T00:38:46.030+0000] {dag.py:3722} INFO - Setting next_dagrun for example_branch_datetime_operator to 2025-12-10T00:00:00+00:00, run_after=2025-12-11T00:00:00+00:00
[2025-12-11T00:38:46.035+0000] {logging_mixin.py:154} INFO - [2025-12-11T00:38:46.035+0000] {dag.py:3722} INFO - Setting next_dagrun for example_branch_datetime_operator_2 to 2025-12-10T00:00:00+00:00, run_after=2025-12-11T00:00:00+00:00
[2025-12-11T00:38:46.037+0000] {logging_mixin.py:154} INFO - [2025-12-11T00:38:46.037+0000] {dag.py:3722} INFO - Setting next_dagrun for example_branch_datetime_operator_3 to 2025-12-10T00:00:00+00:00, run_after=2025-12-11T00:00:00+00:00
[2025-12-11T00:38:46.052+0000] {processor.py:179} INFO - Processing /home/airflow/.local/lib/python3.8/site-packages/airflow/example_dags/example_branch_datetime_operator.py took 0.069 seconds
[2025-12-11T00:39:16.370+0000] {processor.py:157} INFO - Started process (PID=291) to work on /home/airflow/.local/lib/python3.8/site-packages/airflow/example_dags/example_branch_datetime_operator.py
[2025-12-11T00:39:16.371+0000] {processor.py:829} INFO - Processing file /home/airflow/.local/lib/python3.8/site-packages/airflow/example_dags/example_branch_datetime_operator.py for tasks to queue
[2025-12-11T00:39:16.372+0000] {logging_mixin.py:154} INFO - [2025-12-11T00:39:16.372+0000] {dagbag.py:536} INFO - Filling up the DagBag from /home/airflow/.local/lib/python3.8/site-packages/airflow/example_dags/example_branch_datetime_operator.py
[2025-12-11T00:39:16.378+0000] {processor.py:839} INFO - DAG(s) dict_keys(['example_branch_datetime_operator', 'example_branch_datetime_operator_2', 'example_branch_datetime_operator_3']) retrieved from /home/airflow/.local/lib/python3.8/site-packages/airflow/example_dags/example_branch_datetime_operator.py
[2025-12-11T00:39:16.402+0000] {logging_mixin.py:154} INFO - [2025-12-11T00:39:16.402+0000] {dag.py:2941} INFO - Sync 3 DAGs
[2025-12-11T00:39:16.422+0000] {logging_mixin.py:154} INFO - [2025-12-11T00:39:16.422+0000] {dag.py:3722} INFO - Setting next_dagrun for example_branch_datetime_operator to 2025-12-10T00:00:00+00:00, run_after=2025-12-11T00:00:00+00:00
[2025-12-11T00:39:16.426+0000] {logging_mixin.py:154} INFO - [2025-12-11T00:39:16.426+0000] {dag.py:3722} INFO - Setting next_dagrun for example_branch_datetime_operator_2 to 2025-12-10T00:00:00+00:00, run_after=2025-12-11T00:00:00+00:00
[2025-12-11T00:39:16.427+0000] {logging_mixin.py:154} INFO - [2025-12-11T00:39:16.427+0000] {dag.py:3722} INFO - Setting next_dagrun for example_branch_datetime_operator_3 to 2025-12-10T00:00:00+00:00, run_after=2025-12-11T00:00:00+00:00
[2025-12-11T00:39:16.446+0000] {processor.py:179} INFO - Processing /home/airflow/.local/lib/python3.8/site-packages/airflow/example_dags/example_branch_datetime_operator.py took 0.078 seconds
[2025-12-11T00:39:46.711+0000] {processor.py:157} INFO - Started process (PID=346) to work on /home/airflow/.local/lib/python3.8/site-packages/airflow/example_dags/example_branch_datetime_operator.py
[2025-12-11T00:39:46.721+0000] {processor.py:829} INFO - Processing file /home/airflow/.local/lib/python3.8/site-packages/airflow/example_dags/example_branch_datetime_operator.py for tasks to queue
[2025-12-11T00:39:46.723+0000] {logging_mixin.py:154} INFO - [2025-12-11T00:39:46.723+0000] {dagbag.py:536} INFO - Filling up the DagBag from /home/airflow/.local/lib/python3.8/site-packages/airflow/example_dags/example_branch_datetime_operator.py
[2025-12-11T00:39:46.734+0000] {processor.py:839} INFO - DAG(s) dict_keys(['example_branch_datetime_operator_3', 'example_branch_datetime_operator', 'example_branch_datetime_operator_2']) retrieved from /home/airflow/.local/lib/python3.8/site-packages/airflow/example_dags/example_branch_datetime_operator.py
[2025-12-11T00:39:46.750+0000] {logging_mixin.py:154} INFO - [2025-12-11T00:39:46.750+0000] {dag.py:2941} INFO - Sync 3 DAGs
[2025-12-11T00:39:46.765+0000] {logging_mixin.py:154} INFO - [2025-12-11T00:39:46.765+0000] {dag.py:3722} INFO - Setting next_dagrun for example_branch_datetime_operator to 2025-12-10T00:00:00+00:00, run_after=2025-12-11T00:00:00+00:00
[2025-12-11T00:39:46.768+0000] {logging_mixin.py:154} INFO - [2025-12-11T00:39:46.768+0000] {dag.py:3722} INFO - Setting next_dagrun for example_branch_datetime_operator_2 to 2025-12-10T00:00:00+00:00, run_after=2025-12-11T00:00:00+00:00
[2025-12-11T00:39:46.769+0000] {logging_mixin.py:154} INFO - [2025-12-11T00:39:46.769+0000] {dag.py:3722} INFO - Setting next_dagrun for example_branch_datetime_operator_3 to 2025-12-10T00:00:00+00:00, run_after=2025-12-11T00:00:00+00:00
[2025-12-11T00:39:46.779+0000] {processor.py:179} INFO - Processing /home/airflow/.local/lib/python3.8/site-packages/airflow/example_dags/example_branch_datetime_operator.py took 0.071 seconds
[2025-12-11T00:40:21.875+0000] {processor.py:157} INFO - Started process (PID=407) to work on /home/airflow/.local/lib/python3.8/site-packages/airflow/example_dags/example_branch_datetime_operator.py
[2025-12-11T00:40:21.941+0000] {processor.py:829} INFO - Processing file /home/airflow/.local/lib/python3.8/site-packages/airflow/example_dags/example_branch_datetime_operator.py for tasks to queue
[2025-12-11T00:40:21.944+0000] {logging_mixin.py:154} INFO - [2025-12-11T00:40:21.943+0000] {dagbag.py:536} INFO - Filling up the DagBag from /home/airflow/.local/lib/python3.8/site-packages/airflow/example_dags/example_branch_datetime_operator.py
[2025-12-11T00:40:22.046+0000] {processor.py:839} INFO - DAG(s) dict_keys(['example_branch_datetime_operator_3', 'example_branch_datetime_operator', 'example_branch_datetime_operator_2']) retrieved from /home/airflow/.local/lib/python3.8/site-packages/airflow/example_dags/example_branch_datetime_operator.py
[2025-12-11T00:40:22.064+0000] {logging_mixin.py:154} INFO - [2025-12-11T00:40:22.064+0000] {dag.py:2941} INFO - Sync 3 DAGs
[2025-12-11T00:40:22.078+0000] {logging_mixin.py:154} INFO - [2025-12-11T00:40:22.078+0000] {dag.py:3722} INFO - Setting next_dagrun for example_branch_datetime_operator to 2025-12-10T00:00:00+00:00, run_after=2025-12-11T00:00:00+00:00
[2025-12-11T00:40:22.082+0000] {logging_mixin.py:154} INFO - [2025-12-11T00:40:22.081+0000] {dag.py:3722} INFO - Setting next_dagrun for example_branch_datetime_operator_2 to 2025-12-10T00:00:00+00:00, run_after=2025-12-11T00:00:00+00:00
[2025-12-11T00:40:22.083+0000] {logging_mixin.py:154} INFO - [2025-12-11T00:40:22.083+0000] {dag.py:3722} INFO - Setting next_dagrun for example_branch_datetime_operator_3 to 2025-12-10T00:00:00+00:00, run_after=2025-12-11T00:00:00+00:00
[2025-12-11T00:40:24.550+0000] {processor.py:179} INFO - Processing /home/airflow/.local/lib/python3.8/site-packages/airflow/example_dags/example_branch_datetime_operator.py took 2.679 seconds
[2025-12-11T00:40:55.288+0000] {processor.py:157} INFO - Started process (PID=463) to work on /home/airflow/.local/lib/python3.8/site-packages/airflow/example_dags/example_branch_datetime_operator.py
[2025-12-11T00:40:55.289+0000] {processor.py:829} INFO - Processing file /home/airflow/.local/lib/python3.8/site-packages/airflow/example_dags/example_branch_datetime_operator.py for tasks to queue
[2025-12-11T00:40:55.290+0000] {logging_mixin.py:154} INFO - [2025-12-11T00:40:55.290+0000] {dagbag.py:536} INFO - Filling up the DagBag from /home/airflow/.local/lib/python3.8/site-packages/airflow/example_dags/example_branch_datetime_operator.py
[2025-12-11T00:40:55.296+0000] {processor.py:839} INFO - DAG(s) dict_keys(['example_branch_datetime_operator', 'example_branch_datetime_operator_3', 'example_branch_datetime_operator_2']) retrieved from /home/airflow/.local/lib/python3.8/site-packages/airflow/example_dags/example_branch_datetime_operator.py
[2025-12-11T00:40:55.313+0000] {logging_mixin.py:154} INFO - [2025-12-11T00:40:55.313+0000] {dag.py:2941} INFO - Sync 3 DAGs
[2025-12-11T00:40:55.327+0000] {logging_mixin.py:154} INFO - [2025-12-11T00:40:55.327+0000] {dag.py:3722} INFO - Setting next_dagrun for example_branch_datetime_operator to 2025-12-10T00:00:00+00:00, run_after=2025-12-11T00:00:00+00:00
[2025-12-11T00:40:55.330+0000] {logging_mixin.py:154} INFO - [2025-12-11T00:40:55.330+0000] {dag.py:3722} INFO - Setting next_dagrun for example_branch_datetime_operator_2 to 2025-12-10T00:00:00+00:00, run_after=2025-12-11T00:00:00+00:00
[2025-12-11T00:40:55.331+0000] {logging_mixin.py:154} INFO - [2025-12-11T00:40:55.331+0000] {dag.py:3722} INFO - Setting next_dagrun for example_branch_datetime_operator_3 to 2025-12-10T00:00:00+00:00, run_after=2025-12-11T00:00:00+00:00
[2025-12-11T00:40:55.358+0000] {processor.py:179} INFO - Processing /home/airflow/.local/lib/python3.8/site-packages/airflow/example_dags/example_branch_datetime_operator.py took 0.073 seconds
[2025-12-11T00:41:25.887+0000] {processor.py:157} INFO - Started process (PID=518) to work on /home/airflow/.local/lib/python3.8/site-packages/airflow/example_dags/example_branch_datetime_operator.py
[2025-12-11T00:41:25.964+0000] {processor.py:829} INFO - Processing file /home/airflow/.local/lib/python3.8/site-packages/airflow/example_dags/example_branch_datetime_operator.py for tasks to queue
[2025-12-11T00:41:25.967+0000] {logging_mixin.py:154} INFO - [2025-12-11T00:41:25.967+0000] {dagbag.py:536} INFO - Filling up the DagBag from /home/airflow/.local/lib/python3.8/site-packages/airflow/example_dags/example_branch_datetime_operator.py
[2025-12-11T00:41:26.080+0000] {processor.py:839} INFO - DAG(s) dict_keys(['example_branch_datetime_operator_2', 'example_branch_datetime_operator', 'example_branch_datetime_operator_3']) retrieved from /home/airflow/.local/lib/python3.8/site-packages/airflow/example_dags/example_branch_datetime_operator.py
[2025-12-11T00:41:26.110+0000] {logging_mixin.py:154} INFO - [2025-12-11T00:41:26.110+0000] {dag.py:2941} INFO - Sync 3 DAGs
[2025-12-11T00:41:26.128+0000] {logging_mixin.py:154} INFO - [2025-12-11T00:41:26.128+0000] {dag.py:3722} INFO - Setting next_dagrun for example_branch_datetime_operator to 2025-12-10T00:00:00+00:00, run_after=2025-12-11T00:00:00+00:00
[2025-12-11T00:41:26.130+0000] {logging_mixin.py:154} INFO - [2025-12-11T00:41:26.130+0000] {dag.py:3722} INFO - Setting next_dagrun for example_branch_datetime_operator_2 to 2025-12-10T00:00:00+00:00, run_after=2025-12-11T00:00:00+00:00
[2025-12-11T00:41:26.132+0000] {logging_mixin.py:154} INFO - [2025-12-11T00:41:26.132+0000] {dag.py:3722} INFO - Setting next_dagrun for example_branch_datetime_operator_3 to 2025-12-10T00:00:00+00:00, run_after=2025-12-11T00:00:00+00:00
[2025-12-11T00:41:26.494+0000] {processor.py:179} INFO - Processing /home/airflow/.local/lib/python3.8/site-packages/airflow/example_dags/example_branch_datetime_operator.py took 0.610 seconds
[2025-12-11T00:41:56.517+0000] {processor.py:157} INFO - Started process (PID=573) to work on /home/airflow/.local/lib/python3.8/site-packages/airflow/example_dags/example_branch_datetime_operator.py
[2025-12-11T00:41:56.518+0000] {processor.py:829} INFO - Processing file /home/airflow/.local/lib/python3.8/site-packages/airflow/example_dags/example_branch_datetime_operator.py for tasks to queue
[2025-12-11T00:41:56.519+0000] {logging_mixin.py:154} INFO - [2025-12-11T00:41:56.519+0000] {dagbag.py:536} INFO - Filling up the DagBag from /home/airflow/.local/lib/python3.8/site-packages/airflow/example_dags/example_branch_datetime_operator.py
[2025-12-11T00:41:56.628+0000] {processor.py:839} INFO - DAG(s) dict_keys(['example_branch_datetime_operator', 'example_branch_datetime_operator_3', 'example_branch_datetime_operator_2']) retrieved from /home/airflow/.local/lib/python3.8/site-packages/airflow/example_dags/example_branch_datetime_operator.py
[2025-12-11T00:41:56.649+0000] {logging_mixin.py:154} INFO - [2025-12-11T00:41:56.649+0000] {dag.py:2941} INFO - Sync 3 DAGs
[2025-12-11T00:41:56.666+0000] {logging_mixin.py:154} INFO - [2025-12-11T00:41:56.666+0000] {dag.py:3722} INFO - Setting next_dagrun for example_branch_datetime_operator to 2025-12-10T00:00:00+00:00, run_after=2025-12-11T00:00:00+00:00
[2025-12-11T00:41:56.671+0000] {logging_mixin.py:154} INFO - [2025-12-11T00:41:56.671+0000] {dag.py:3722} INFO - Setting next_dagrun for example_branch_datetime_operator_2 to 2025-12-10T00:00:00+00:00, run_after=2025-12-11T00:00:00+00:00
[2025-12-11T00:41:56.674+0000] {logging_mixin.py:154} INFO - [2025-12-11T00:41:56.673+0000] {dag.py:3722} INFO - Setting next_dagrun for example_branch_datetime_operator_3 to 2025-12-10T00:00:00+00:00, run_after=2025-12-11T00:00:00+00:00
[2025-12-11T00:41:56.891+0000] {processor.py:179} INFO - Processing /home/airflow/.local/lib/python3.8/site-packages/airflow/example_dags/example_branch_datetime_operator.py took 0.375 seconds
[2025-12-11T00:42:27.033+0000] {processor.py:157} INFO - Started process (PID=628) to work on /home/airflow/.local/lib/python3.8/site-packages/airflow/example_dags/example_branch_datetime_operator.py
[2025-12-11T00:42:27.035+0000] {processor.py:829} INFO - Processing file /home/airflow/.local/lib/python3.8/site-packages/airflow/example_dags/example_branch_datetime_operator.py for tasks to queue
[2025-12-11T00:42:27.036+0000] {logging_mixin.py:154} INFO - [2025-12-11T00:42:27.036+0000] {dagbag.py:536} INFO - Filling up the DagBag from /home/airflow/.local/lib/python3.8/site-packages/airflow/example_dags/example_branch_datetime_operator.py
[2025-12-11T00:42:27.042+0000] {processor.py:839} INFO - DAG(s) dict_keys(['example_branch_datetime_operator_2', 'example_branch_datetime_operator_3', 'example_branch_datetime_operator']) retrieved from /home/airflow/.local/lib/python3.8/site-packages/airflow/example_dags/example_branch_datetime_operator.py
[2025-12-11T00:42:27.062+0000] {logging_mixin.py:154} INFO - [2025-12-11T00:42:27.062+0000] {dag.py:2941} INFO - Sync 3 DAGs
[2025-12-11T00:42:27.081+0000] {logging_mixin.py:154} INFO - [2025-12-11T00:42:27.081+0000] {dag.py:3722} INFO - Setting next_dagrun for example_branch_datetime_operator to 2025-12-10T00:00:00+00:00, run_after=2025-12-11T00:00:00+00:00
[2025-12-11T00:42:27.084+0000] {logging_mixin.py:154} INFO - [2025-12-11T00:42:27.084+0000] {dag.py:3722} INFO - Setting next_dagrun for example_branch_datetime_operator_2 to 2025-12-10T00:00:00+00:00, run_after=2025-12-11T00:00:00+00:00
[2025-12-11T00:42:27.086+0000] {logging_mixin.py:154} INFO - [2025-12-11T00:42:27.086+0000] {dag.py:3722} INFO - Setting next_dagrun for example_branch_datetime_operator_3 to 2025-12-10T00:00:00+00:00, run_after=2025-12-11T00:00:00+00:00
[2025-12-11T00:42:27.261+0000] {processor.py:179} INFO - Processing /home/airflow/.local/lib/python3.8/site-packages/airflow/example_dags/example_branch_datetime_operator.py took 0.230 seconds
[2025-12-11T00:42:57.843+0000] {processor.py:157} INFO - Started process (PID=683) to work on /home/airflow/.local/lib/python3.8/site-packages/airflow/example_dags/example_branch_datetime_operator.py
[2025-12-11T00:42:57.844+0000] {processor.py:829} INFO - Processing file /home/airflow/.local/lib/python3.8/site-packages/airflow/example_dags/example_branch_datetime_operator.py for tasks to queue
[2025-12-11T00:42:57.845+0000] {logging_mixin.py:154} INFO - [2025-12-11T00:42:57.845+0000] {dagbag.py:536} INFO - Filling up the DagBag from /home/airflow/.local/lib/python3.8/site-packages/airflow/example_dags/example_branch_datetime_operator.py
[2025-12-11T00:42:57.852+0000] {processor.py:839} INFO - DAG(s) dict_keys(['example_branch_datetime_operator', 'example_branch_datetime_operator_2', 'example_branch_datetime_operator_3']) retrieved from /home/airflow/.local/lib/python3.8/site-packages/airflow/example_dags/example_branch_datetime_operator.py
[2025-12-11T00:42:57.871+0000] {logging_mixin.py:154} INFO - [2025-12-11T00:42:57.871+0000] {dag.py:2941} INFO - Sync 3 DAGs
[2025-12-11T00:42:57.884+0000] {logging_mixin.py:154} INFO - [2025-12-11T00:42:57.884+0000] {dag.py:3722} INFO - Setting next_dagrun for example_branch_datetime_operator to 2025-12-10T00:00:00+00:00, run_after=2025-12-11T00:00:00+00:00
[2025-12-11T00:42:57.887+0000] {logging_mixin.py:154} INFO - [2025-12-11T00:42:57.887+0000] {dag.py:3722} INFO - Setting next_dagrun for example_branch_datetime_operator_2 to 2025-12-10T00:00:00+00:00, run_after=2025-12-11T00:00:00+00:00
[2025-12-11T00:42:57.889+0000] {logging_mixin.py:154} INFO - [2025-12-11T00:42:57.889+0000] {dag.py:3722} INFO - Setting next_dagrun for example_branch_datetime_operator_3 to 2025-12-10T00:00:00+00:00, run_after=2025-12-11T00:00:00+00:00
[2025-12-11T00:42:57.901+0000] {processor.py:179} INFO - Processing /home/airflow/.local/lib/python3.8/site-packages/airflow/example_dags/example_branch_datetime_operator.py took 0.060 seconds
[2025-12-11T00:43:28.033+0000] {processor.py:157} INFO - Started process (PID=738) to work on /home/airflow/.local/lib/python3.8/site-packages/airflow/example_dags/example_branch_datetime_operator.py
[2025-12-11T00:43:28.034+0000] {processor.py:829} INFO - Processing file /home/airflow/.local/lib/python3.8/site-packages/airflow/example_dags/example_branch_datetime_operator.py for tasks to queue
[2025-12-11T00:43:28.037+0000] {logging_mixin.py:154} INFO - [2025-12-11T00:43:28.037+0000] {dagbag.py:536} INFO - Filling up the DagBag from /home/airflow/.local/lib/python3.8/site-packages/airflow/example_dags/example_branch_datetime_operator.py
[2025-12-11T00:43:28.047+0000] {processor.py:839} INFO - DAG(s) dict_keys(['example_branch_datetime_operator_3', 'example_branch_datetime_operator_2', 'example_branch_datetime_operator']) retrieved from /home/airflow/.local/lib/python3.8/site-packages/airflow/example_dags/example_branch_datetime_operator.py
[2025-12-11T00:43:28.064+0000] {logging_mixin.py:154} INFO - [2025-12-11T00:43:28.064+0000] {dag.py:2941} INFO - Sync 3 DAGs
[2025-12-11T00:43:28.078+0000] {logging_mixin.py:154} INFO - [2025-12-11T00:43:28.078+0000] {dag.py:3722} INFO - Setting next_dagrun for example_branch_datetime_operator to 2025-12-10T00:00:00+00:00, run_after=2025-12-11T00:00:00+00:00
[2025-12-11T00:43:28.081+0000] {logging_mixin.py:154} INFO - [2025-12-11T00:43:28.081+0000] {dag.py:3722} INFO - Setting next_dagrun for example_branch_datetime_operator_2 to 2025-12-10T00:00:00+00:00, run_after=2025-12-11T00:00:00+00:00
[2025-12-11T00:43:28.082+0000] {logging_mixin.py:154} INFO - [2025-12-11T00:43:28.082+0000] {dag.py:3722} INFO - Setting next_dagrun for example_branch_datetime_operator_3 to 2025-12-10T00:00:00+00:00, run_after=2025-12-11T00:00:00+00:00
[2025-12-11T00:43:28.092+0000] {processor.py:179} INFO - Processing /home/airflow/.local/lib/python3.8/site-packages/airflow/example_dags/example_branch_datetime_operator.py took 0.063 seconds
[2025-12-11T00:43:58.675+0000] {processor.py:157} INFO - Started process (PID=794) to work on /home/airflow/.local/lib/python3.8/site-packages/airflow/example_dags/example_branch_datetime_operator.py
[2025-12-11T00:43:58.676+0000] {processor.py:829} INFO - Processing file /home/airflow/.local/lib/python3.8/site-packages/airflow/example_dags/example_branch_datetime_operator.py for tasks to queue
[2025-12-11T00:43:58.677+0000] {logging_mixin.py:154} INFO - [2025-12-11T00:43:58.677+0000] {dagbag.py:536} INFO - Filling up the DagBag from /home/airflow/.local/lib/python3.8/site-packages/airflow/example_dags/example_branch_datetime_operator.py
[2025-12-11T00:43:58.683+0000] {processor.py:839} INFO - DAG(s) dict_keys(['example_branch_datetime_operator_3', 'example_branch_datetime_operator_2', 'example_branch_datetime_operator']) retrieved from /home/airflow/.local/lib/python3.8/site-packages/airflow/example_dags/example_branch_datetime_operator.py
[2025-12-11T00:43:58.705+0000] {logging_mixin.py:154} INFO - [2025-12-11T00:43:58.704+0000] {dag.py:2941} INFO - Sync 3 DAGs
[2025-12-11T00:43:58.721+0000] {logging_mixin.py:154} INFO - [2025-12-11T00:43:58.720+0000] {dag.py:3722} INFO - Setting next_dagrun for example_branch_datetime_operator to 2025-12-10T00:00:00+00:00, run_after=2025-12-11T00:00:00+00:00
[2025-12-11T00:43:58.724+0000] {logging_mixin.py:154} INFO - [2025-12-11T00:43:58.724+0000] {dag.py:3722} INFO - Setting next_dagrun for example_branch_datetime_operator_2 to 2025-12-10T00:00:00+00:00, run_after=2025-12-11T00:00:00+00:00
[2025-12-11T00:43:58.725+0000] {logging_mixin.py:154} INFO - [2025-12-11T00:43:58.725+0000] {dag.py:3722} INFO - Setting next_dagrun for example_branch_datetime_operator_3 to 2025-12-10T00:00:00+00:00, run_after=2025-12-11T00:00:00+00:00
[2025-12-11T00:43:58.764+0000] {processor.py:179} INFO - Processing /home/airflow/.local/lib/python3.8/site-packages/airflow/example_dags/example_branch_datetime_operator.py took 0.091 seconds
[2025-12-11T00:44:29.215+0000] {processor.py:157} INFO - Started process (PID=849) to work on /home/airflow/.local/lib/python3.8/site-packages/airflow/example_dags/example_branch_datetime_operator.py
[2025-12-11T00:44:29.216+0000] {processor.py:829} INFO - Processing file /home/airflow/.local/lib/python3.8/site-packages/airflow/example_dags/example_branch_datetime_operator.py for tasks to queue
[2025-12-11T00:44:29.217+0000] {logging_mixin.py:154} INFO - [2025-12-11T00:44:29.217+0000] {dagbag.py:536} INFO - Filling up the DagBag from /home/airflow/.local/lib/python3.8/site-packages/airflow/example_dags/example_branch_datetime_operator.py
[2025-12-11T00:44:29.223+0000] {processor.py:839} INFO - DAG(s) dict_keys(['example_branch_datetime_operator_2', 'example_branch_datetime_operator', 'example_branch_datetime_operator_3']) retrieved from /home/airflow/.local/lib/python3.8/site-packages/airflow/example_dags/example_branch_datetime_operator.py
[2025-12-11T00:44:29.243+0000] {logging_mixin.py:154} INFO - [2025-12-11T00:44:29.243+0000] {dag.py:2941} INFO - Sync 3 DAGs
[2025-12-11T00:44:29.260+0000] {logging_mixin.py:154} INFO - [2025-12-11T00:44:29.260+0000] {dag.py:3722} INFO - Setting next_dagrun for example_branch_datetime_operator to 2025-12-10T00:00:00+00:00, run_after=2025-12-11T00:00:00+00:00
[2025-12-11T00:44:29.263+0000] {logging_mixin.py:154} INFO - [2025-12-11T00:44:29.263+0000] {dag.py:3722} INFO - Setting next_dagrun for example_branch_datetime_operator_2 to 2025-12-10T00:00:00+00:00, run_after=2025-12-11T00:00:00+00:00
[2025-12-11T00:44:29.265+0000] {logging_mixin.py:154} INFO - [2025-12-11T00:44:29.265+0000] {dag.py:3722} INFO - Setting next_dagrun for example_branch_datetime_operator_3 to 2025-12-10T00:00:00+00:00, run_after=2025-12-11T00:00:00+00:00
[2025-12-11T00:44:29.277+0000] {processor.py:179} INFO - Processing /home/airflow/.local/lib/python3.8/site-packages/airflow/example_dags/example_branch_datetime_operator.py took 0.065 seconds
[2025-12-11T00:44:59.742+0000] {processor.py:157} INFO - Started process (PID=904) to work on /home/airflow/.local/lib/python3.8/site-packages/airflow/example_dags/example_branch_datetime_operator.py
[2025-12-11T00:44:59.743+0000] {processor.py:829} INFO - Processing file /home/airflow/.local/lib/python3.8/site-packages/airflow/example_dags/example_branch_datetime_operator.py for tasks to queue
[2025-12-11T00:44:59.744+0000] {logging_mixin.py:154} INFO - [2025-12-11T00:44:59.744+0000] {dagbag.py:536} INFO - Filling up the DagBag from /home/airflow/.local/lib/python3.8/site-packages/airflow/example_dags/example_branch_datetime_operator.py
[2025-12-11T00:44:59.751+0000] {processor.py:839} INFO - DAG(s) dict_keys(['example_branch_datetime_operator', 'example_branch_datetime_operator_3', 'example_branch_datetime_operator_2']) retrieved from /home/airflow/.local/lib/python3.8/site-packages/airflow/example_dags/example_branch_datetime_operator.py
[2025-12-11T00:44:59.769+0000] {logging_mixin.py:154} INFO - [2025-12-11T00:44:59.769+0000] {dag.py:2941} INFO - Sync 3 DAGs
[2025-12-11T00:44:59.783+0000] {logging_mixin.py:154} INFO - [2025-12-11T00:44:59.782+0000] {dag.py:3722} INFO - Setting next_dagrun for example_branch_datetime_operator to 2025-12-10T00:00:00+00:00, run_after=2025-12-11T00:00:00+00:00
[2025-12-11T00:44:59.785+0000] {logging_mixin.py:154} INFO - [2025-12-11T00:44:59.785+0000] {dag.py:3722} INFO - Setting next_dagrun for example_branch_datetime_operator_2 to 2025-12-10T00:00:00+00:00, run_after=2025-12-11T00:00:00+00:00
[2025-12-11T00:44:59.787+0000] {logging_mixin.py:154} INFO - [2025-12-11T00:44:59.787+0000] {dag.py:3722} INFO - Setting next_dagrun for example_branch_datetime_operator_3 to 2025-12-10T00:00:00+00:00, run_after=2025-12-11T00:00:00+00:00
[2025-12-11T00:44:59.796+0000] {processor.py:179} INFO - Processing /home/airflow/.local/lib/python3.8/site-packages/airflow/example_dags/example_branch_datetime_operator.py took 0.056 seconds
[2025-12-11T00:45:30.222+0000] {processor.py:157} INFO - Started process (PID=959) to work on /home/airflow/.local/lib/python3.8/site-packages/airflow/example_dags/example_branch_datetime_operator.py
[2025-12-11T00:45:30.223+0000] {processor.py:829} INFO - Processing file /home/airflow/.local/lib/python3.8/site-packages/airflow/example_dags/example_branch_datetime_operator.py for tasks to queue
[2025-12-11T00:45:30.225+0000] {logging_mixin.py:154} INFO - [2025-12-11T00:45:30.224+0000] {dagbag.py:536} INFO - Filling up the DagBag from /home/airflow/.local/lib/python3.8/site-packages/airflow/example_dags/example_branch_datetime_operator.py
[2025-12-11T00:45:30.231+0000] {processor.py:839} INFO - DAG(s) dict_keys(['example_branch_datetime_operator_2', 'example_branch_datetime_operator_3', 'example_branch_datetime_operator']) retrieved from /home/airflow/.local/lib/python3.8/site-packages/airflow/example_dags/example_branch_datetime_operator.py
[2025-12-11T00:45:30.249+0000] {logging_mixin.py:154} INFO - [2025-12-11T00:45:30.249+0000] {dag.py:2941} INFO - Sync 3 DAGs
[2025-12-11T00:45:30.264+0000] {logging_mixin.py:154} INFO - [2025-12-11T00:45:30.264+0000] {dag.py:3722} INFO - Setting next_dagrun for example_branch_datetime_operator to 2025-12-10T00:00:00+00:00, run_after=2025-12-11T00:00:00+00:00
[2025-12-11T00:45:30.267+0000] {logging_mixin.py:154} INFO - [2025-12-11T00:45:30.267+0000] {dag.py:3722} INFO - Setting next_dagrun for example_branch_datetime_operator_2 to 2025-12-10T00:00:00+00:00, run_after=2025-12-11T00:00:00+00:00
[2025-12-11T00:45:30.269+0000] {logging_mixin.py:154} INFO - [2025-12-11T00:45:30.269+0000] {dag.py:3722} INFO - Setting next_dagrun for example_branch_datetime_operator_3 to 2025-12-10T00:00:00+00:00, run_after=2025-12-11T00:00:00+00:00
[2025-12-11T00:45:30.278+0000] {processor.py:179} INFO - Processing /home/airflow/.local/lib/python3.8/site-packages/airflow/example_dags/example_branch_datetime_operator.py took 0.060 seconds
[2025-12-11T00:46:00.627+0000] {processor.py:157} INFO - Started process (PID=1014) to work on /home/airflow/.local/lib/python3.8/site-packages/airflow/example_dags/example_branch_datetime_operator.py
[2025-12-11T00:46:00.629+0000] {processor.py:829} INFO - Processing file /home/airflow/.local/lib/python3.8/site-packages/airflow/example_dags/example_branch_datetime_operator.py for tasks to queue
[2025-12-11T00:46:00.631+0000] {logging_mixin.py:154} INFO - [2025-12-11T00:46:00.630+0000] {dagbag.py:536} INFO - Filling up the DagBag from /home/airflow/.local/lib/python3.8/site-packages/airflow/example_dags/example_branch_datetime_operator.py
[2025-12-11T00:46:00.638+0000] {processor.py:839} INFO - DAG(s) dict_keys(['example_branch_datetime_operator_2', 'example_branch_datetime_operator_3', 'example_branch_datetime_operator']) retrieved from /home/airflow/.local/lib/python3.8/site-packages/airflow/example_dags/example_branch_datetime_operator.py
[2025-12-11T00:46:00.654+0000] {logging_mixin.py:154} INFO - [2025-12-11T00:46:00.654+0000] {dag.py:2941} INFO - Sync 3 DAGs
[2025-12-11T00:46:00.667+0000] {logging_mixin.py:154} INFO - [2025-12-11T00:46:00.667+0000] {dag.py:3722} INFO - Setting next_dagrun for example_branch_datetime_operator to 2025-12-10T00:00:00+00:00, run_after=2025-12-11T00:00:00+00:00
[2025-12-11T00:46:00.670+0000] {logging_mixin.py:154} INFO - [2025-12-11T00:46:00.670+0000] {dag.py:3722} INFO - Setting next_dagrun for example_branch_datetime_operator_2 to 2025-12-10T00:00:00+00:00, run_after=2025-12-11T00:00:00+00:00
[2025-12-11T00:46:00.672+0000] {logging_mixin.py:154} INFO - [2025-12-11T00:46:00.672+0000] {dag.py:3722} INFO - Setting next_dagrun for example_branch_datetime_operator_3 to 2025-12-10T00:00:00+00:00, run_after=2025-12-11T00:00:00+00:00
[2025-12-11T00:46:00.682+0000] {processor.py:179} INFO - Processing /home/airflow/.local/lib/python3.8/site-packages/airflow/example_dags/example_branch_datetime_operator.py took 0.057 seconds
[2025-12-11T00:46:31.199+0000] {processor.py:157} INFO - Started process (PID=1069) to work on /home/airflow/.local/lib/python3.8/site-packages/airflow/example_dags/example_branch_datetime_operator.py
[2025-12-11T00:46:31.200+0000] {processor.py:829} INFO - Processing file /home/airflow/.local/lib/python3.8/site-packages/airflow/example_dags/example_branch_datetime_operator.py for tasks to queue
[2025-12-11T00:46:31.201+0000] {logging_mixin.py:154} INFO - [2025-12-11T00:46:31.201+0000] {dagbag.py:536} INFO - Filling up the DagBag from /home/airflow/.local/lib/python3.8/site-packages/airflow/example_dags/example_branch_datetime_operator.py
[2025-12-11T00:46:31.207+0000] {processor.py:839} INFO - DAG(s) dict_keys(['example_branch_datetime_operator_3', 'example_branch_datetime_operator_2', 'example_branch_datetime_operator']) retrieved from /home/airflow/.local/lib/python3.8/site-packages/airflow/example_dags/example_branch_datetime_operator.py
[2025-12-11T00:46:31.233+0000] {logging_mixin.py:154} INFO - [2025-12-11T00:46:31.233+0000] {dag.py:2941} INFO - Sync 3 DAGs
[2025-12-11T00:46:31.248+0000] {logging_mixin.py:154} INFO - [2025-12-11T00:46:31.248+0000] {dag.py:3722} INFO - Setting next_dagrun for example_branch_datetime_operator to 2025-12-10T00:00:00+00:00, run_after=2025-12-11T00:00:00+00:00
[2025-12-11T00:46:31.251+0000] {logging_mixin.py:154} INFO - [2025-12-11T00:46:31.251+0000] {dag.py:3722} INFO - Setting next_dagrun for example_branch_datetime_operator_2 to 2025-12-10T00:00:00+00:00, run_after=2025-12-11T00:00:00+00:00
[2025-12-11T00:46:31.253+0000] {logging_mixin.py:154} INFO - [2025-12-11T00:46:31.253+0000] {dag.py:3722} INFO - Setting next_dagrun for example_branch_datetime_operator_3 to 2025-12-10T00:00:00+00:00, run_after=2025-12-11T00:00:00+00:00
[2025-12-11T00:46:31.262+0000] {processor.py:179} INFO - Processing /home/airflow/.local/lib/python3.8/site-packages/airflow/example_dags/example_branch_datetime_operator.py took 0.065 seconds
[2025-12-11T00:47:01.723+0000] {processor.py:157} INFO - Started process (PID=1124) to work on /home/airflow/.local/lib/python3.8/site-packages/airflow/example_dags/example_branch_datetime_operator.py
[2025-12-11T00:47:01.724+0000] {processor.py:829} INFO - Processing file /home/airflow/.local/lib/python3.8/site-packages/airflow/example_dags/example_branch_datetime_operator.py for tasks to queue
[2025-12-11T00:47:01.726+0000] {logging_mixin.py:154} INFO - [2025-12-11T00:47:01.725+0000] {dagbag.py:536} INFO - Filling up the DagBag from /home/airflow/.local/lib/python3.8/site-packages/airflow/example_dags/example_branch_datetime_operator.py
[2025-12-11T00:47:01.736+0000] {processor.py:839} INFO - DAG(s) dict_keys(['example_branch_datetime_operator', 'example_branch_datetime_operator_3', 'example_branch_datetime_operator_2']) retrieved from /home/airflow/.local/lib/python3.8/site-packages/airflow/example_dags/example_branch_datetime_operator.py
[2025-12-11T00:47:01.762+0000] {logging_mixin.py:154} INFO - [2025-12-11T00:47:01.762+0000] {dag.py:2941} INFO - Sync 3 DAGs
[2025-12-11T00:47:01.776+0000] {logging_mixin.py:154} INFO - [2025-12-11T00:47:01.776+0000] {dag.py:3722} INFO - Setting next_dagrun for example_branch_datetime_operator to 2025-12-10T00:00:00+00:00, run_after=2025-12-11T00:00:00+00:00
[2025-12-11T00:47:01.779+0000] {logging_mixin.py:154} INFO - [2025-12-11T00:47:01.779+0000] {dag.py:3722} INFO - Setting next_dagrun for example_branch_datetime_operator_2 to 2025-12-10T00:00:00+00:00, run_after=2025-12-11T00:00:00+00:00
[2025-12-11T00:47:01.780+0000] {logging_mixin.py:154} INFO - [2025-12-11T00:47:01.780+0000] {dag.py:3722} INFO - Setting next_dagrun for example_branch_datetime_operator_3 to 2025-12-10T00:00:00+00:00, run_after=2025-12-11T00:00:00+00:00
[2025-12-11T00:47:01.790+0000] {processor.py:179} INFO - Processing /home/airflow/.local/lib/python3.8/site-packages/airflow/example_dags/example_branch_datetime_operator.py took 0.070 seconds
[2025-12-11T00:47:32.449+0000] {processor.py:157} INFO - Started process (PID=1179) to work on /home/airflow/.local/lib/python3.8/site-packages/airflow/example_dags/example_branch_datetime_operator.py
[2025-12-11T00:47:32.451+0000] {processor.py:829} INFO - Processing file /home/airflow/.local/lib/python3.8/site-packages/airflow/example_dags/example_branch_datetime_operator.py for tasks to queue
[2025-12-11T00:47:32.452+0000] {logging_mixin.py:154} INFO - [2025-12-11T00:47:32.452+0000] {dagbag.py:536} INFO - Filling up the DagBag from /home/airflow/.local/lib/python3.8/site-packages/airflow/example_dags/example_branch_datetime_operator.py
[2025-12-11T00:47:32.461+0000] {processor.py:839} INFO - DAG(s) dict_keys(['example_branch_datetime_operator_3', 'example_branch_datetime_operator', 'example_branch_datetime_operator_2']) retrieved from /home/airflow/.local/lib/python3.8/site-packages/airflow/example_dags/example_branch_datetime_operator.py
[2025-12-11T00:47:32.481+0000] {logging_mixin.py:154} INFO - [2025-12-11T00:47:32.481+0000] {dag.py:2941} INFO - Sync 3 DAGs
[2025-12-11T00:47:32.495+0000] {logging_mixin.py:154} INFO - [2025-12-11T00:47:32.495+0000] {dag.py:3722} INFO - Setting next_dagrun for example_branch_datetime_operator to 2025-12-10T00:00:00+00:00, run_after=2025-12-11T00:00:00+00:00
[2025-12-11T00:47:32.498+0000] {logging_mixin.py:154} INFO - [2025-12-11T00:47:32.498+0000] {dag.py:3722} INFO - Setting next_dagrun for example_branch_datetime_operator_2 to 2025-12-10T00:00:00+00:00, run_after=2025-12-11T00:00:00+00:00
[2025-12-11T00:47:32.499+0000] {logging_mixin.py:154} INFO - [2025-12-11T00:47:32.499+0000] {dag.py:3722} INFO - Setting next_dagrun for example_branch_datetime_operator_3 to 2025-12-10T00:00:00+00:00, run_after=2025-12-11T00:00:00+00:00
[2025-12-11T00:47:32.509+0000] {processor.py:179} INFO - Processing /home/airflow/.local/lib/python3.8/site-packages/airflow/example_dags/example_branch_datetime_operator.py took 0.063 seconds
[2025-12-11T00:48:03.370+0000] {processor.py:157} INFO - Started process (PID=1234) to work on /home/airflow/.local/lib/python3.8/site-packages/airflow/example_dags/example_branch_datetime_operator.py
[2025-12-11T00:48:03.370+0000] {processor.py:829} INFO - Processing file /home/airflow/.local/lib/python3.8/site-packages/airflow/example_dags/example_branch_datetime_operator.py for tasks to queue
[2025-12-11T00:48:03.372+0000] {logging_mixin.py:154} INFO - [2025-12-11T00:48:03.371+0000] {dagbag.py:536} INFO - Filling up the DagBag from /home/airflow/.local/lib/python3.8/site-packages/airflow/example_dags/example_branch_datetime_operator.py
[2025-12-11T00:48:03.380+0000] {processor.py:839} INFO - DAG(s) dict_keys(['example_branch_datetime_operator', 'example_branch_datetime_operator_2', 'example_branch_datetime_operator_3']) retrieved from /home/airflow/.local/lib/python3.8/site-packages/airflow/example_dags/example_branch_datetime_operator.py
[2025-12-11T00:48:03.401+0000] {logging_mixin.py:154} INFO - [2025-12-11T00:48:03.401+0000] {dag.py:2941} INFO - Sync 3 DAGs
[2025-12-11T00:48:03.416+0000] {logging_mixin.py:154} INFO - [2025-12-11T00:48:03.416+0000] {dag.py:3722} INFO - Setting next_dagrun for example_branch_datetime_operator to 2025-12-10T00:00:00+00:00, run_after=2025-12-11T00:00:00+00:00
[2025-12-11T00:48:03.419+0000] {logging_mixin.py:154} INFO - [2025-12-11T00:48:03.419+0000] {dag.py:3722} INFO - Setting next_dagrun for example_branch_datetime_operator_2 to 2025-12-10T00:00:00+00:00, run_after=2025-12-11T00:00:00+00:00
[2025-12-11T00:48:03.421+0000] {logging_mixin.py:154} INFO - [2025-12-11T00:48:03.421+0000] {dag.py:3722} INFO - Setting next_dagrun for example_branch_datetime_operator_3 to 2025-12-10T00:00:00+00:00, run_after=2025-12-11T00:00:00+00:00
[2025-12-11T00:48:03.445+0000] {processor.py:179} INFO - Processing /home/airflow/.local/lib/python3.8/site-packages/airflow/example_dags/example_branch_datetime_operator.py took 0.077 seconds
[2025-12-11T00:48:33.528+0000] {processor.py:157} INFO - Started process (PID=1289) to work on /home/airflow/.local/lib/python3.8/site-packages/airflow/example_dags/example_branch_datetime_operator.py
[2025-12-11T00:48:33.532+0000] {processor.py:829} INFO - Processing file /home/airflow/.local/lib/python3.8/site-packages/airflow/example_dags/example_branch_datetime_operator.py for tasks to queue
[2025-12-11T00:48:33.534+0000] {logging_mixin.py:154} INFO - [2025-12-11T00:48:33.534+0000] {dagbag.py:536} INFO - Filling up the DagBag from /home/airflow/.local/lib/python3.8/site-packages/airflow/example_dags/example_branch_datetime_operator.py
[2025-12-11T00:48:33.542+0000] {processor.py:839} INFO - DAG(s) dict_keys(['example_branch_datetime_operator_3', 'example_branch_datetime_operator_2', 'example_branch_datetime_operator']) retrieved from /home/airflow/.local/lib/python3.8/site-packages/airflow/example_dags/example_branch_datetime_operator.py
[2025-12-11T00:48:33.562+0000] {logging_mixin.py:154} INFO - [2025-12-11T00:48:33.561+0000] {dag.py:2941} INFO - Sync 3 DAGs
[2025-12-11T00:48:33.578+0000] {logging_mixin.py:154} INFO - [2025-12-11T00:48:33.578+0000] {dag.py:3722} INFO - Setting next_dagrun for example_branch_datetime_operator to 2025-12-10T00:00:00+00:00, run_after=2025-12-11T00:00:00+00:00
[2025-12-11T00:48:33.581+0000] {logging_mixin.py:154} INFO - [2025-12-11T00:48:33.581+0000] {dag.py:3722} INFO - Setting next_dagrun for example_branch_datetime_operator_2 to 2025-12-10T00:00:00+00:00, run_after=2025-12-11T00:00:00+00:00
[2025-12-11T00:48:33.583+0000] {logging_mixin.py:154} INFO - [2025-12-11T00:48:33.583+0000] {dag.py:3722} INFO - Setting next_dagrun for example_branch_datetime_operator_3 to 2025-12-10T00:00:00+00:00, run_after=2025-12-11T00:00:00+00:00
[2025-12-11T00:48:33.593+0000] {processor.py:179} INFO - Processing /home/airflow/.local/lib/python3.8/site-packages/airflow/example_dags/example_branch_datetime_operator.py took 0.070 seconds
[2025-12-11T00:49:04.113+0000] {processor.py:157} INFO - Started process (PID=1344) to work on /home/airflow/.local/lib/python3.8/site-packages/airflow/example_dags/example_branch_datetime_operator.py
[2025-12-11T00:49:04.114+0000] {processor.py:829} INFO - Processing file /home/airflow/.local/lib/python3.8/site-packages/airflow/example_dags/example_branch_datetime_operator.py for tasks to queue
[2025-12-11T00:49:04.116+0000] {logging_mixin.py:154} INFO - [2025-12-11T00:49:04.116+0000] {dagbag.py:536} INFO - Filling up the DagBag from /home/airflow/.local/lib/python3.8/site-packages/airflow/example_dags/example_branch_datetime_operator.py
[2025-12-11T00:49:04.125+0000] {processor.py:839} INFO - DAG(s) dict_keys(['example_branch_datetime_operator_2', 'example_branch_datetime_operator', 'example_branch_datetime_operator_3']) retrieved from /home/airflow/.local/lib/python3.8/site-packages/airflow/example_dags/example_branch_datetime_operator.py
[2025-12-11T00:49:04.143+0000] {logging_mixin.py:154} INFO - [2025-12-11T00:49:04.143+0000] {dag.py:2941} INFO - Sync 3 DAGs
[2025-12-11T00:49:04.157+0000] {logging_mixin.py:154} INFO - [2025-12-11T00:49:04.157+0000] {dag.py:3722} INFO - Setting next_dagrun for example_branch_datetime_operator to 2025-12-10T00:00:00+00:00, run_after=2025-12-11T00:00:00+00:00
[2025-12-11T00:49:04.161+0000] {logging_mixin.py:154} INFO - [2025-12-11T00:49:04.161+0000] {dag.py:3722} INFO - Setting next_dagrun for example_branch_datetime_operator_2 to 2025-12-10T00:00:00+00:00, run_after=2025-12-11T00:00:00+00:00
[2025-12-11T00:49:04.162+0000] {logging_mixin.py:154} INFO - [2025-12-11T00:49:04.162+0000] {dag.py:3722} INFO - Setting next_dagrun for example_branch_datetime_operator_3 to 2025-12-10T00:00:00+00:00, run_after=2025-12-11T00:00:00+00:00
[2025-12-11T00:49:04.174+0000] {processor.py:179} INFO - Processing /home/airflow/.local/lib/python3.8/site-packages/airflow/example_dags/example_branch_datetime_operator.py took 0.063 seconds
[2025-12-11T00:49:34.401+0000] {processor.py:157} INFO - Started process (PID=1399) to work on /home/airflow/.local/lib/python3.8/site-packages/airflow/example_dags/example_branch_datetime_operator.py
[2025-12-11T00:49:34.402+0000] {processor.py:829} INFO - Processing file /home/airflow/.local/lib/python3.8/site-packages/airflow/example_dags/example_branch_datetime_operator.py for tasks to queue
[2025-12-11T00:49:34.404+0000] {logging_mixin.py:154} INFO - [2025-12-11T00:49:34.403+0000] {dagbag.py:536} INFO - Filling up the DagBag from /home/airflow/.local/lib/python3.8/site-packages/airflow/example_dags/example_branch_datetime_operator.py
[2025-12-11T00:49:34.413+0000] {processor.py:839} INFO - DAG(s) dict_keys(['example_branch_datetime_operator_2', 'example_branch_datetime_operator_3', 'example_branch_datetime_operator']) retrieved from /home/airflow/.local/lib/python3.8/site-packages/airflow/example_dags/example_branch_datetime_operator.py
[2025-12-11T00:49:34.433+0000] {logging_mixin.py:154} INFO - [2025-12-11T00:49:34.432+0000] {dag.py:2941} INFO - Sync 3 DAGs
[2025-12-11T00:49:34.447+0000] {logging_mixin.py:154} INFO - [2025-12-11T00:49:34.447+0000] {dag.py:3722} INFO - Setting next_dagrun for example_branch_datetime_operator to 2025-12-10T00:00:00+00:00, run_after=2025-12-11T00:00:00+00:00
[2025-12-11T00:49:34.450+0000] {logging_mixin.py:154} INFO - [2025-12-11T00:49:34.450+0000] {dag.py:3722} INFO - Setting next_dagrun for example_branch_datetime_operator_2 to 2025-12-10T00:00:00+00:00, run_after=2025-12-11T00:00:00+00:00
[2025-12-11T00:49:34.453+0000] {logging_mixin.py:154} INFO - [2025-12-11T00:49:34.452+0000] {dag.py:3722} INFO - Setting next_dagrun for example_branch_datetime_operator_3 to 2025-12-10T00:00:00+00:00, run_after=2025-12-11T00:00:00+00:00
[2025-12-11T00:49:34.462+0000] {processor.py:179} INFO - Processing /home/airflow/.local/lib/python3.8/site-packages/airflow/example_dags/example_branch_datetime_operator.py took 0.066 seconds
[2025-12-11T00:50:04.518+0000] {processor.py:157} INFO - Started process (PID=1454) to work on /home/airflow/.local/lib/python3.8/site-packages/airflow/example_dags/example_branch_datetime_operator.py
[2025-12-11T00:50:04.521+0000] {processor.py:829} INFO - Processing file /home/airflow/.local/lib/python3.8/site-packages/airflow/example_dags/example_branch_datetime_operator.py for tasks to queue
[2025-12-11T00:50:04.523+0000] {logging_mixin.py:154} INFO - [2025-12-11T00:50:04.523+0000] {dagbag.py:536} INFO - Filling up the DagBag from /home/airflow/.local/lib/python3.8/site-packages/airflow/example_dags/example_branch_datetime_operator.py
[2025-12-11T00:50:04.530+0000] {processor.py:839} INFO - DAG(s) dict_keys(['example_branch_datetime_operator_2', 'example_branch_datetime_operator', 'example_branch_datetime_operator_3']) retrieved from /home/airflow/.local/lib/python3.8/site-packages/airflow/example_dags/example_branch_datetime_operator.py
[2025-12-11T00:50:04.554+0000] {logging_mixin.py:154} INFO - [2025-12-11T00:50:04.554+0000] {dag.py:2941} INFO - Sync 3 DAGs
[2025-12-11T00:50:04.569+0000] {logging_mixin.py:154} INFO - [2025-12-11T00:50:04.569+0000] {dag.py:3722} INFO - Setting next_dagrun for example_branch_datetime_operator to 2025-12-10T00:00:00+00:00, run_after=2025-12-11T00:00:00+00:00
[2025-12-11T00:50:04.572+0000] {logging_mixin.py:154} INFO - [2025-12-11T00:50:04.572+0000] {dag.py:3722} INFO - Setting next_dagrun for example_branch_datetime_operator_2 to 2025-12-10T00:00:00+00:00, run_after=2025-12-11T00:00:00+00:00
[2025-12-11T00:50:04.574+0000] {logging_mixin.py:154} INFO - [2025-12-11T00:50:04.574+0000] {dag.py:3722} INFO - Setting next_dagrun for example_branch_datetime_operator_3 to 2025-12-10T00:00:00+00:00, run_after=2025-12-11T00:00:00+00:00
[2025-12-11T00:50:04.584+0000] {processor.py:179} INFO - Processing /home/airflow/.local/lib/python3.8/site-packages/airflow/example_dags/example_branch_datetime_operator.py took 0.067 seconds
[2025-12-11T00:50:34.829+0000] {processor.py:157} INFO - Started process (PID=1509) to work on /home/airflow/.local/lib/python3.8/site-packages/airflow/example_dags/example_branch_datetime_operator.py
[2025-12-11T00:50:34.830+0000] {processor.py:829} INFO - Processing file /home/airflow/.local/lib/python3.8/site-packages/airflow/example_dags/example_branch_datetime_operator.py for tasks to queue
[2025-12-11T00:50:34.831+0000] {logging_mixin.py:154} INFO - [2025-12-11T00:50:34.831+0000] {dagbag.py:536} INFO - Filling up the DagBag from /home/airflow/.local/lib/python3.8/site-packages/airflow/example_dags/example_branch_datetime_operator.py
[2025-12-11T00:50:34.839+0000] {processor.py:839} INFO - DAG(s) dict_keys(['example_branch_datetime_operator', 'example_branch_datetime_operator_3', 'example_branch_datetime_operator_2']) retrieved from /home/airflow/.local/lib/python3.8/site-packages/airflow/example_dags/example_branch_datetime_operator.py
[2025-12-11T00:50:34.857+0000] {logging_mixin.py:154} INFO - [2025-12-11T00:50:34.857+0000] {dag.py:2941} INFO - Sync 3 DAGs
[2025-12-11T00:50:34.871+0000] {logging_mixin.py:154} INFO - [2025-12-11T00:50:34.871+0000] {dag.py:3722} INFO - Setting next_dagrun for example_branch_datetime_operator to 2025-12-10T00:00:00+00:00, run_after=2025-12-11T00:00:00+00:00
[2025-12-11T00:50:34.874+0000] {logging_mixin.py:154} INFO - [2025-12-11T00:50:34.874+0000] {dag.py:3722} INFO - Setting next_dagrun for example_branch_datetime_operator_2 to 2025-12-10T00:00:00+00:00, run_after=2025-12-11T00:00:00+00:00
[2025-12-11T00:50:34.876+0000] {logging_mixin.py:154} INFO - [2025-12-11T00:50:34.876+0000] {dag.py:3722} INFO - Setting next_dagrun for example_branch_datetime_operator_3 to 2025-12-10T00:00:00+00:00, run_after=2025-12-11T00:00:00+00:00
[2025-12-11T00:50:34.888+0000] {processor.py:179} INFO - Processing /home/airflow/.local/lib/python3.8/site-packages/airflow/example_dags/example_branch_datetime_operator.py took 0.062 seconds
[2025-12-11T00:51:05.541+0000] {processor.py:157} INFO - Started process (PID=1564) to work on /home/airflow/.local/lib/python3.8/site-packages/airflow/example_dags/example_branch_datetime_operator.py
[2025-12-11T00:51:05.545+0000] {processor.py:829} INFO - Processing file /home/airflow/.local/lib/python3.8/site-packages/airflow/example_dags/example_branch_datetime_operator.py for tasks to queue
[2025-12-11T00:51:05.546+0000] {logging_mixin.py:154} INFO - [2025-12-11T00:51:05.546+0000] {dagbag.py:536} INFO - Filling up the DagBag from /home/airflow/.local/lib/python3.8/site-packages/airflow/example_dags/example_branch_datetime_operator.py
[2025-12-11T00:51:05.552+0000] {processor.py:839} INFO - DAG(s) dict_keys(['example_branch_datetime_operator_3', 'example_branch_datetime_operator_2', 'example_branch_datetime_operator']) retrieved from /home/airflow/.local/lib/python3.8/site-packages/airflow/example_dags/example_branch_datetime_operator.py
[2025-12-11T00:51:05.571+0000] {logging_mixin.py:154} INFO - [2025-12-11T00:51:05.571+0000] {dag.py:2941} INFO - Sync 3 DAGs
[2025-12-11T00:51:05.586+0000] {logging_mixin.py:154} INFO - [2025-12-11T00:51:05.586+0000] {dag.py:3722} INFO - Setting next_dagrun for example_branch_datetime_operator to 2025-12-10T00:00:00+00:00, run_after=2025-12-11T00:00:00+00:00
[2025-12-11T00:51:05.589+0000] {logging_mixin.py:154} INFO - [2025-12-11T00:51:05.589+0000] {dag.py:3722} INFO - Setting next_dagrun for example_branch_datetime_operator_2 to 2025-12-10T00:00:00+00:00, run_after=2025-12-11T00:00:00+00:00
[2025-12-11T00:51:05.592+0000] {logging_mixin.py:154} INFO - [2025-12-11T00:51:05.591+0000] {dag.py:3722} INFO - Setting next_dagrun for example_branch_datetime_operator_3 to 2025-12-10T00:00:00+00:00, run_after=2025-12-11T00:00:00+00:00
[2025-12-11T00:51:05.603+0000] {processor.py:179} INFO - Processing /home/airflow/.local/lib/python3.8/site-packages/airflow/example_dags/example_branch_datetime_operator.py took 0.065 seconds
[2025-12-11T00:51:35.676+0000] {processor.py:157} INFO - Started process (PID=1619) to work on /home/airflow/.local/lib/python3.8/site-packages/airflow/example_dags/example_branch_datetime_operator.py
[2025-12-11T00:51:35.677+0000] {processor.py:829} INFO - Processing file /home/airflow/.local/lib/python3.8/site-packages/airflow/example_dags/example_branch_datetime_operator.py for tasks to queue
[2025-12-11T00:51:35.679+0000] {logging_mixin.py:154} INFO - [2025-12-11T00:51:35.679+0000] {dagbag.py:536} INFO - Filling up the DagBag from /home/airflow/.local/lib/python3.8/site-packages/airflow/example_dags/example_branch_datetime_operator.py
[2025-12-11T00:51:35.686+0000] {processor.py:839} INFO - DAG(s) dict_keys(['example_branch_datetime_operator_2', 'example_branch_datetime_operator', 'example_branch_datetime_operator_3']) retrieved from /home/airflow/.local/lib/python3.8/site-packages/airflow/example_dags/example_branch_datetime_operator.py
[2025-12-11T00:51:35.707+0000] {logging_mixin.py:154} INFO - [2025-12-11T00:51:35.706+0000] {dag.py:2941} INFO - Sync 3 DAGs
[2025-12-11T00:51:35.722+0000] {logging_mixin.py:154} INFO - [2025-12-11T00:51:35.722+0000] {dag.py:3722} INFO - Setting next_dagrun for example_branch_datetime_operator to 2025-12-10T00:00:00+00:00, run_after=2025-12-11T00:00:00+00:00
[2025-12-11T00:51:35.724+0000] {logging_mixin.py:154} INFO - [2025-12-11T00:51:35.724+0000] {dag.py:3722} INFO - Setting next_dagrun for example_branch_datetime_operator_2 to 2025-12-10T00:00:00+00:00, run_after=2025-12-11T00:00:00+00:00
[2025-12-11T00:51:35.726+0000] {logging_mixin.py:154} INFO - [2025-12-11T00:51:35.726+0000] {dag.py:3722} INFO - Setting next_dagrun for example_branch_datetime_operator_3 to 2025-12-10T00:00:00+00:00, run_after=2025-12-11T00:00:00+00:00
[2025-12-11T00:51:35.738+0000] {processor.py:179} INFO - Processing /home/airflow/.local/lib/python3.8/site-packages/airflow/example_dags/example_branch_datetime_operator.py took 0.066 seconds
[2025-12-11T00:52:05.876+0000] {processor.py:157} INFO - Started process (PID=1674) to work on /home/airflow/.local/lib/python3.8/site-packages/airflow/example_dags/example_branch_datetime_operator.py
[2025-12-11T00:52:05.877+0000] {processor.py:829} INFO - Processing file /home/airflow/.local/lib/python3.8/site-packages/airflow/example_dags/example_branch_datetime_operator.py for tasks to queue
[2025-12-11T00:52:05.878+0000] {logging_mixin.py:154} INFO - [2025-12-11T00:52:05.878+0000] {dagbag.py:536} INFO - Filling up the DagBag from /home/airflow/.local/lib/python3.8/site-packages/airflow/example_dags/example_branch_datetime_operator.py
[2025-12-11T00:52:05.884+0000] {processor.py:839} INFO - DAG(s) dict_keys(['example_branch_datetime_operator_2', 'example_branch_datetime_operator', 'example_branch_datetime_operator_3']) retrieved from /home/airflow/.local/lib/python3.8/site-packages/airflow/example_dags/example_branch_datetime_operator.py
[2025-12-11T00:52:05.902+0000] {logging_mixin.py:154} INFO - [2025-12-11T00:52:05.902+0000] {dag.py:2941} INFO - Sync 3 DAGs
[2025-12-11T00:52:05.919+0000] {logging_mixin.py:154} INFO - [2025-12-11T00:52:05.919+0000] {dag.py:3722} INFO - Setting next_dagrun for example_branch_datetime_operator to 2025-12-10T00:00:00+00:00, run_after=2025-12-11T00:00:00+00:00
[2025-12-11T00:52:05.923+0000] {logging_mixin.py:154} INFO - [2025-12-11T00:52:05.923+0000] {dag.py:3722} INFO - Setting next_dagrun for example_branch_datetime_operator_2 to 2025-12-10T00:00:00+00:00, run_after=2025-12-11T00:00:00+00:00
[2025-12-11T00:52:05.925+0000] {logging_mixin.py:154} INFO - [2025-12-11T00:52:05.925+0000] {dag.py:3722} INFO - Setting next_dagrun for example_branch_datetime_operator_3 to 2025-12-10T00:00:00+00:00, run_after=2025-12-11T00:00:00+00:00
[2025-12-11T00:52:05.938+0000] {processor.py:179} INFO - Processing /home/airflow/.local/lib/python3.8/site-packages/airflow/example_dags/example_branch_datetime_operator.py took 0.065 seconds
[2025-12-11T00:52:36.149+0000] {processor.py:157} INFO - Started process (PID=1729) to work on /home/airflow/.local/lib/python3.8/site-packages/airflow/example_dags/example_branch_datetime_operator.py
[2025-12-11T00:52:36.150+0000] {processor.py:829} INFO - Processing file /home/airflow/.local/lib/python3.8/site-packages/airflow/example_dags/example_branch_datetime_operator.py for tasks to queue
[2025-12-11T00:52:36.152+0000] {logging_mixin.py:154} INFO - [2025-12-11T00:52:36.152+0000] {dagbag.py:536} INFO - Filling up the DagBag from /home/airflow/.local/lib/python3.8/site-packages/airflow/example_dags/example_branch_datetime_operator.py
[2025-12-11T00:52:36.159+0000] {processor.py:839} INFO - DAG(s) dict_keys(['example_branch_datetime_operator_2', 'example_branch_datetime_operator', 'example_branch_datetime_operator_3']) retrieved from /home/airflow/.local/lib/python3.8/site-packages/airflow/example_dags/example_branch_datetime_operator.py
[2025-12-11T00:52:36.179+0000] {logging_mixin.py:154} INFO - [2025-12-11T00:52:36.179+0000] {dag.py:2941} INFO - Sync 3 DAGs
[2025-12-11T00:52:36.194+0000] {logging_mixin.py:154} INFO - [2025-12-11T00:52:36.194+0000] {dag.py:3722} INFO - Setting next_dagrun for example_branch_datetime_operator to 2025-12-10T00:00:00+00:00, run_after=2025-12-11T00:00:00+00:00
[2025-12-11T00:52:36.198+0000] {logging_mixin.py:154} INFO - [2025-12-11T00:52:36.197+0000] {dag.py:3722} INFO - Setting next_dagrun for example_branch_datetime_operator_2 to 2025-12-10T00:00:00+00:00, run_after=2025-12-11T00:00:00+00:00
[2025-12-11T00:52:36.199+0000] {logging_mixin.py:154} INFO - [2025-12-11T00:52:36.199+0000] {dag.py:3722} INFO - Setting next_dagrun for example_branch_datetime_operator_3 to 2025-12-10T00:00:00+00:00, run_after=2025-12-11T00:00:00+00:00
[2025-12-11T00:52:36.211+0000] {processor.py:179} INFO - Processing /home/airflow/.local/lib/python3.8/site-packages/airflow/example_dags/example_branch_datetime_operator.py took 0.064 seconds
[2025-12-11T00:53:06.797+0000] {processor.py:157} INFO - Started process (PID=1784) to work on /home/airflow/.local/lib/python3.8/site-packages/airflow/example_dags/example_branch_datetime_operator.py
[2025-12-11T00:53:06.798+0000] {processor.py:829} INFO - Processing file /home/airflow/.local/lib/python3.8/site-packages/airflow/example_dags/example_branch_datetime_operator.py for tasks to queue
[2025-12-11T00:53:06.799+0000] {logging_mixin.py:154} INFO - [2025-12-11T00:53:06.799+0000] {dagbag.py:536} INFO - Filling up the DagBag from /home/airflow/.local/lib/python3.8/site-packages/airflow/example_dags/example_branch_datetime_operator.py
[2025-12-11T00:53:06.806+0000] {processor.py:839} INFO - DAG(s) dict_keys(['example_branch_datetime_operator', 'example_branch_datetime_operator_3', 'example_branch_datetime_operator_2']) retrieved from /home/airflow/.local/lib/python3.8/site-packages/airflow/example_dags/example_branch_datetime_operator.py
[2025-12-11T00:53:06.831+0000] {logging_mixin.py:154} INFO - [2025-12-11T00:53:06.831+0000] {dag.py:2941} INFO - Sync 3 DAGs
[2025-12-11T00:53:06.846+0000] {logging_mixin.py:154} INFO - [2025-12-11T00:53:06.846+0000] {dag.py:3722} INFO - Setting next_dagrun for example_branch_datetime_operator to 2025-12-10T00:00:00+00:00, run_after=2025-12-11T00:00:00+00:00
[2025-12-11T00:53:06.849+0000] {logging_mixin.py:154} INFO - [2025-12-11T00:53:06.849+0000] {dag.py:3722} INFO - Setting next_dagrun for example_branch_datetime_operator_2 to 2025-12-10T00:00:00+00:00, run_after=2025-12-11T00:00:00+00:00
[2025-12-11T00:53:06.851+0000] {logging_mixin.py:154} INFO - [2025-12-11T00:53:06.851+0000] {dag.py:3722} INFO - Setting next_dagrun for example_branch_datetime_operator_3 to 2025-12-10T00:00:00+00:00, run_after=2025-12-11T00:00:00+00:00
[2025-12-11T00:53:06.866+0000] {processor.py:179} INFO - Processing /home/airflow/.local/lib/python3.8/site-packages/airflow/example_dags/example_branch_datetime_operator.py took 0.072 seconds
[2025-12-11T00:53:37.241+0000] {processor.py:157} INFO - Started process (PID=1839) to work on /home/airflow/.local/lib/python3.8/site-packages/airflow/example_dags/example_branch_datetime_operator.py
[2025-12-11T00:53:37.242+0000] {processor.py:829} INFO - Processing file /home/airflow/.local/lib/python3.8/site-packages/airflow/example_dags/example_branch_datetime_operator.py for tasks to queue
[2025-12-11T00:53:37.243+0000] {logging_mixin.py:154} INFO - [2025-12-11T00:53:37.243+0000] {dagbag.py:536} INFO - Filling up the DagBag from /home/airflow/.local/lib/python3.8/site-packages/airflow/example_dags/example_branch_datetime_operator.py
[2025-12-11T00:53:37.249+0000] {processor.py:839} INFO - DAG(s) dict_keys(['example_branch_datetime_operator_3', 'example_branch_datetime_operator_2', 'example_branch_datetime_operator']) retrieved from /home/airflow/.local/lib/python3.8/site-packages/airflow/example_dags/example_branch_datetime_operator.py
[2025-12-11T00:53:37.266+0000] {logging_mixin.py:154} INFO - [2025-12-11T00:53:37.266+0000] {dag.py:2941} INFO - Sync 3 DAGs
[2025-12-11T00:53:37.281+0000] {logging_mixin.py:154} INFO - [2025-12-11T00:53:37.281+0000] {dag.py:3722} INFO - Setting next_dagrun for example_branch_datetime_operator to 2025-12-10T00:00:00+00:00, run_after=2025-12-11T00:00:00+00:00
[2025-12-11T00:53:37.284+0000] {logging_mixin.py:154} INFO - [2025-12-11T00:53:37.284+0000] {dag.py:3722} INFO - Setting next_dagrun for example_branch_datetime_operator_2 to 2025-12-10T00:00:00+00:00, run_after=2025-12-11T00:00:00+00:00
[2025-12-11T00:53:37.286+0000] {logging_mixin.py:154} INFO - [2025-12-11T00:53:37.286+0000] {dag.py:3722} INFO - Setting next_dagrun for example_branch_datetime_operator_3 to 2025-12-10T00:00:00+00:00, run_after=2025-12-11T00:00:00+00:00
[2025-12-11T00:53:37.295+0000] {processor.py:179} INFO - Processing /home/airflow/.local/lib/python3.8/site-packages/airflow/example_dags/example_branch_datetime_operator.py took 0.059 seconds
[2025-12-11T00:54:07.643+0000] {processor.py:157} INFO - Started process (PID=1895) to work on /home/airflow/.local/lib/python3.8/site-packages/airflow/example_dags/example_branch_datetime_operator.py
[2025-12-11T00:54:07.643+0000] {processor.py:829} INFO - Processing file /home/airflow/.local/lib/python3.8/site-packages/airflow/example_dags/example_branch_datetime_operator.py for tasks to queue
[2025-12-11T00:54:07.645+0000] {logging_mixin.py:154} INFO - [2025-12-11T00:54:07.644+0000] {dagbag.py:536} INFO - Filling up the DagBag from /home/airflow/.local/lib/python3.8/site-packages/airflow/example_dags/example_branch_datetime_operator.py
[2025-12-11T00:54:07.659+0000] {processor.py:839} INFO - DAG(s) dict_keys(['example_branch_datetime_operator', 'example_branch_datetime_operator_2', 'example_branch_datetime_operator_3']) retrieved from /home/airflow/.local/lib/python3.8/site-packages/airflow/example_dags/example_branch_datetime_operator.py
[2025-12-11T00:54:07.698+0000] {logging_mixin.py:154} INFO - [2025-12-11T00:54:07.698+0000] {dag.py:2941} INFO - Sync 3 DAGs
[2025-12-11T00:54:07.728+0000] {logging_mixin.py:154} INFO - [2025-12-11T00:54:07.728+0000] {dag.py:3722} INFO - Setting next_dagrun for example_branch_datetime_operator to 2025-12-10T00:00:00+00:00, run_after=2025-12-11T00:00:00+00:00
[2025-12-11T00:54:07.733+0000] {logging_mixin.py:154} INFO - [2025-12-11T00:54:07.733+0000] {dag.py:3722} INFO - Setting next_dagrun for example_branch_datetime_operator_2 to 2025-12-10T00:00:00+00:00, run_after=2025-12-11T00:00:00+00:00
[2025-12-11T00:54:07.735+0000] {logging_mixin.py:154} INFO - [2025-12-11T00:54:07.735+0000] {dag.py:3722} INFO - Setting next_dagrun for example_branch_datetime_operator_3 to 2025-12-10T00:00:00+00:00, run_after=2025-12-11T00:00:00+00:00
[2025-12-11T00:54:07.750+0000] {processor.py:179} INFO - Processing /home/airflow/.local/lib/python3.8/site-packages/airflow/example_dags/example_branch_datetime_operator.py took 0.115 seconds
[2025-12-11T00:54:38.052+0000] {processor.py:157} INFO - Started process (PID=1950) to work on /home/airflow/.local/lib/python3.8/site-packages/airflow/example_dags/example_branch_datetime_operator.py
[2025-12-11T00:54:38.053+0000] {processor.py:829} INFO - Processing file /home/airflow/.local/lib/python3.8/site-packages/airflow/example_dags/example_branch_datetime_operator.py for tasks to queue
[2025-12-11T00:54:38.054+0000] {logging_mixin.py:154} INFO - [2025-12-11T00:54:38.054+0000] {dagbag.py:536} INFO - Filling up the DagBag from /home/airflow/.local/lib/python3.8/site-packages/airflow/example_dags/example_branch_datetime_operator.py
[2025-12-11T00:54:38.062+0000] {processor.py:839} INFO - DAG(s) dict_keys(['example_branch_datetime_operator_2', 'example_branch_datetime_operator_3', 'example_branch_datetime_operator']) retrieved from /home/airflow/.local/lib/python3.8/site-packages/airflow/example_dags/example_branch_datetime_operator.py
[2025-12-11T00:54:38.083+0000] {logging_mixin.py:154} INFO - [2025-12-11T00:54:38.083+0000] {dag.py:2941} INFO - Sync 3 DAGs
[2025-12-11T00:54:38.098+0000] {logging_mixin.py:154} INFO - [2025-12-11T00:54:38.098+0000] {dag.py:3722} INFO - Setting next_dagrun for example_branch_datetime_operator to 2025-12-10T00:00:00+00:00, run_after=2025-12-11T00:00:00+00:00
[2025-12-11T00:54:38.103+0000] {logging_mixin.py:154} INFO - [2025-12-11T00:54:38.102+0000] {dag.py:3722} INFO - Setting next_dagrun for example_branch_datetime_operator_2 to 2025-12-10T00:00:00+00:00, run_after=2025-12-11T00:00:00+00:00
[2025-12-11T00:54:38.105+0000] {logging_mixin.py:154} INFO - [2025-12-11T00:54:38.104+0000] {dag.py:3722} INFO - Setting next_dagrun for example_branch_datetime_operator_3 to 2025-12-10T00:00:00+00:00, run_after=2025-12-11T00:00:00+00:00
[2025-12-11T00:54:38.117+0000] {processor.py:179} INFO - Processing /home/airflow/.local/lib/python3.8/site-packages/airflow/example_dags/example_branch_datetime_operator.py took 0.067 seconds
[2025-12-11T00:55:08.339+0000] {processor.py:157} INFO - Started process (PID=2005) to work on /home/airflow/.local/lib/python3.8/site-packages/airflow/example_dags/example_branch_datetime_operator.py
[2025-12-11T00:55:08.342+0000] {processor.py:829} INFO - Processing file /home/airflow/.local/lib/python3.8/site-packages/airflow/example_dags/example_branch_datetime_operator.py for tasks to queue
[2025-12-11T00:55:08.343+0000] {logging_mixin.py:154} INFO - [2025-12-11T00:55:08.343+0000] {dagbag.py:536} INFO - Filling up the DagBag from /home/airflow/.local/lib/python3.8/site-packages/airflow/example_dags/example_branch_datetime_operator.py
[2025-12-11T00:55:08.350+0000] {processor.py:839} INFO - DAG(s) dict_keys(['example_branch_datetime_operator_2', 'example_branch_datetime_operator', 'example_branch_datetime_operator_3']) retrieved from /home/airflow/.local/lib/python3.8/site-packages/airflow/example_dags/example_branch_datetime_operator.py
[2025-12-11T00:55:08.365+0000] {logging_mixin.py:154} INFO - [2025-12-11T00:55:08.365+0000] {dag.py:2941} INFO - Sync 3 DAGs
[2025-12-11T00:55:08.379+0000] {logging_mixin.py:154} INFO - [2025-12-11T00:55:08.379+0000] {dag.py:3722} INFO - Setting next_dagrun for example_branch_datetime_operator to 2025-12-10T00:00:00+00:00, run_after=2025-12-11T00:00:00+00:00
[2025-12-11T00:55:08.382+0000] {logging_mixin.py:154} INFO - [2025-12-11T00:55:08.381+0000] {dag.py:3722} INFO - Setting next_dagrun for example_branch_datetime_operator_2 to 2025-12-10T00:00:00+00:00, run_after=2025-12-11T00:00:00+00:00
[2025-12-11T00:55:08.383+0000] {logging_mixin.py:154} INFO - [2025-12-11T00:55:08.383+0000] {dag.py:3722} INFO - Setting next_dagrun for example_branch_datetime_operator_3 to 2025-12-10T00:00:00+00:00, run_after=2025-12-11T00:00:00+00:00
[2025-12-11T00:55:08.393+0000] {processor.py:179} INFO - Processing /home/airflow/.local/lib/python3.8/site-packages/airflow/example_dags/example_branch_datetime_operator.py took 0.058 seconds
