[2025-12-11T00:38:16.389+0000] {processor.py:157} INFO - Started process (PID=183) to work on /home/airflow/.local/lib/python3.8/site-packages/airflow/example_dags/example_dynamic_task_mapping_with_no_taskflow_operators.py
[2025-12-11T00:38:16.390+0000] {processor.py:829} INFO - Processing file /home/airflow/.local/lib/python3.8/site-packages/airflow/example_dags/example_dynamic_task_mapping_with_no_taskflow_operators.py for tasks to queue
[2025-12-11T00:38:16.391+0000] {logging_mixin.py:154} INFO - [2025-12-11T00:38:16.391+0000] {dagbag.py:536} INFO - Filling up the DagBag from /home/airflow/.local/lib/python3.8/site-packages/airflow/example_dags/example_dynamic_task_mapping_with_no_taskflow_operators.py
[2025-12-11T00:38:16.399+0000] {processor.py:839} INFO - DAG(s) dict_keys(['example_dynamic_task_mapping_with_no_taskflow_operators']) retrieved from /home/airflow/.local/lib/python3.8/site-packages/airflow/example_dags/example_dynamic_task_mapping_with_no_taskflow_operators.py
[2025-12-11T00:38:16.408+0000] {logging_mixin.py:154} INFO - [2025-12-11T00:38:16.408+0000] {dag.py:2941} INFO - Sync 1 DAGs
[2025-12-11T00:38:16.426+0000] {logging_mixin.py:154} INFO - [2025-12-11T00:38:16.426+0000] {dag.py:3722} INFO - Setting next_dagrun for example_dynamic_task_mapping_with_no_taskflow_operators to 2025-12-10T00:38:16.426149+00:00, run_after=2025-12-11T00:38:16.426149+00:00
[2025-12-11T00:38:16.442+0000] {processor.py:179} INFO - Processing /home/airflow/.local/lib/python3.8/site-packages/airflow/example_dags/example_dynamic_task_mapping_with_no_taskflow_operators.py took 0.056 seconds
[2025-12-11T00:38:46.562+0000] {processor.py:157} INFO - Started process (PID=246) to work on /home/airflow/.local/lib/python3.8/site-packages/airflow/example_dags/example_dynamic_task_mapping_with_no_taskflow_operators.py
[2025-12-11T00:38:46.562+0000] {processor.py:829} INFO - Processing file /home/airflow/.local/lib/python3.8/site-packages/airflow/example_dags/example_dynamic_task_mapping_with_no_taskflow_operators.py for tasks to queue
[2025-12-11T00:38:46.563+0000] {logging_mixin.py:154} INFO - [2025-12-11T00:38:46.563+0000] {dagbag.py:536} INFO - Filling up the DagBag from /home/airflow/.local/lib/python3.8/site-packages/airflow/example_dags/example_dynamic_task_mapping_with_no_taskflow_operators.py
[2025-12-11T00:38:46.567+0000] {processor.py:839} INFO - DAG(s) dict_keys(['example_dynamic_task_mapping_with_no_taskflow_operators']) retrieved from /home/airflow/.local/lib/python3.8/site-packages/airflow/example_dags/example_dynamic_task_mapping_with_no_taskflow_operators.py
[2025-12-11T00:38:46.582+0000] {logging_mixin.py:154} INFO - [2025-12-11T00:38:46.582+0000] {dag.py:2941} INFO - Sync 1 DAGs
[2025-12-11T00:38:46.595+0000] {logging_mixin.py:154} INFO - [2025-12-11T00:38:46.595+0000] {dag.py:3722} INFO - Setting next_dagrun for example_dynamic_task_mapping_with_no_taskflow_operators to 2025-12-10T00:38:46.595407+00:00, run_after=2025-12-11T00:38:46.595407+00:00
[2025-12-11T00:38:46.610+0000] {processor.py:179} INFO - Processing /home/airflow/.local/lib/python3.8/site-packages/airflow/example_dags/example_dynamic_task_mapping_with_no_taskflow_operators.py took 0.051 seconds
[2025-12-11T00:39:17.064+0000] {processor.py:157} INFO - Started process (PID=301) to work on /home/airflow/.local/lib/python3.8/site-packages/airflow/example_dags/example_dynamic_task_mapping_with_no_taskflow_operators.py
[2025-12-11T00:39:17.065+0000] {processor.py:829} INFO - Processing file /home/airflow/.local/lib/python3.8/site-packages/airflow/example_dags/example_dynamic_task_mapping_with_no_taskflow_operators.py for tasks to queue
[2025-12-11T00:39:17.066+0000] {logging_mixin.py:154} INFO - [2025-12-11T00:39:17.065+0000] {dagbag.py:536} INFO - Filling up the DagBag from /home/airflow/.local/lib/python3.8/site-packages/airflow/example_dags/example_dynamic_task_mapping_with_no_taskflow_operators.py
[2025-12-11T00:39:17.069+0000] {processor.py:839} INFO - DAG(s) dict_keys(['example_dynamic_task_mapping_with_no_taskflow_operators']) retrieved from /home/airflow/.local/lib/python3.8/site-packages/airflow/example_dags/example_dynamic_task_mapping_with_no_taskflow_operators.py
[2025-12-11T00:39:17.085+0000] {logging_mixin.py:154} INFO - [2025-12-11T00:39:17.085+0000] {dag.py:2941} INFO - Sync 1 DAGs
[2025-12-11T00:39:17.098+0000] {logging_mixin.py:154} INFO - [2025-12-11T00:39:17.098+0000] {dag.py:3722} INFO - Setting next_dagrun for example_dynamic_task_mapping_with_no_taskflow_operators to 2025-12-10T00:39:17.098292+00:00, run_after=2025-12-11T00:39:17.098292+00:00
[2025-12-11T00:39:17.123+0000] {processor.py:179} INFO - Processing /home/airflow/.local/lib/python3.8/site-packages/airflow/example_dags/example_dynamic_task_mapping_with_no_taskflow_operators.py took 0.061 seconds
[2025-12-11T00:39:47.247+0000] {processor.py:157} INFO - Started process (PID=356) to work on /home/airflow/.local/lib/python3.8/site-packages/airflow/example_dags/example_dynamic_task_mapping_with_no_taskflow_operators.py
[2025-12-11T00:39:47.248+0000] {processor.py:829} INFO - Processing file /home/airflow/.local/lib/python3.8/site-packages/airflow/example_dags/example_dynamic_task_mapping_with_no_taskflow_operators.py for tasks to queue
[2025-12-11T00:39:47.249+0000] {logging_mixin.py:154} INFO - [2025-12-11T00:39:47.249+0000] {dagbag.py:536} INFO - Filling up the DagBag from /home/airflow/.local/lib/python3.8/site-packages/airflow/example_dags/example_dynamic_task_mapping_with_no_taskflow_operators.py
[2025-12-11T00:39:47.253+0000] {processor.py:839} INFO - DAG(s) dict_keys(['example_dynamic_task_mapping_with_no_taskflow_operators']) retrieved from /home/airflow/.local/lib/python3.8/site-packages/airflow/example_dags/example_dynamic_task_mapping_with_no_taskflow_operators.py
[2025-12-11T00:39:47.265+0000] {logging_mixin.py:154} INFO - [2025-12-11T00:39:47.265+0000] {dag.py:2941} INFO - Sync 1 DAGs
[2025-12-11T00:39:47.278+0000] {logging_mixin.py:154} INFO - [2025-12-11T00:39:47.278+0000] {dag.py:3722} INFO - Setting next_dagrun for example_dynamic_task_mapping_with_no_taskflow_operators to 2025-12-10T00:39:47.277916+00:00, run_after=2025-12-11T00:39:47.277916+00:00
[2025-12-11T00:39:47.296+0000] {processor.py:179} INFO - Processing /home/airflow/.local/lib/python3.8/site-packages/airflow/example_dags/example_dynamic_task_mapping_with_no_taskflow_operators.py took 0.052 seconds
[2025-12-11T00:40:24.918+0000] {processor.py:157} INFO - Started process (PID=418) to work on /home/airflow/.local/lib/python3.8/site-packages/airflow/example_dags/example_dynamic_task_mapping_with_no_taskflow_operators.py
[2025-12-11T00:40:24.920+0000] {processor.py:829} INFO - Processing file /home/airflow/.local/lib/python3.8/site-packages/airflow/example_dags/example_dynamic_task_mapping_with_no_taskflow_operators.py for tasks to queue
[2025-12-11T00:40:24.921+0000] {logging_mixin.py:154} INFO - [2025-12-11T00:40:24.921+0000] {dagbag.py:536} INFO - Filling up the DagBag from /home/airflow/.local/lib/python3.8/site-packages/airflow/example_dags/example_dynamic_task_mapping_with_no_taskflow_operators.py
[2025-12-11T00:40:24.925+0000] {processor.py:839} INFO - DAG(s) dict_keys(['example_dynamic_task_mapping_with_no_taskflow_operators']) retrieved from /home/airflow/.local/lib/python3.8/site-packages/airflow/example_dags/example_dynamic_task_mapping_with_no_taskflow_operators.py
[2025-12-11T00:40:24.937+0000] {logging_mixin.py:154} INFO - [2025-12-11T00:40:24.937+0000] {dag.py:2941} INFO - Sync 1 DAGs
[2025-12-11T00:40:24.951+0000] {logging_mixin.py:154} INFO - [2025-12-11T00:40:24.951+0000] {dag.py:3722} INFO - Setting next_dagrun for example_dynamic_task_mapping_with_no_taskflow_operators to 2025-12-10T00:40:24.951464+00:00, run_after=2025-12-11T00:40:24.951464+00:00
[2025-12-11T00:40:25.001+0000] {processor.py:179} INFO - Processing /home/airflow/.local/lib/python3.8/site-packages/airflow/example_dags/example_dynamic_task_mapping_with_no_taskflow_operators.py took 0.085 seconds
[2025-12-11T00:40:55.716+0000] {processor.py:157} INFO - Started process (PID=473) to work on /home/airflow/.local/lib/python3.8/site-packages/airflow/example_dags/example_dynamic_task_mapping_with_no_taskflow_operators.py
[2025-12-11T00:40:55.717+0000] {processor.py:829} INFO - Processing file /home/airflow/.local/lib/python3.8/site-packages/airflow/example_dags/example_dynamic_task_mapping_with_no_taskflow_operators.py for tasks to queue
[2025-12-11T00:40:55.719+0000] {logging_mixin.py:154} INFO - [2025-12-11T00:40:55.719+0000] {dagbag.py:536} INFO - Filling up the DagBag from /home/airflow/.local/lib/python3.8/site-packages/airflow/example_dags/example_dynamic_task_mapping_with_no_taskflow_operators.py
[2025-12-11T00:40:55.723+0000] {processor.py:839} INFO - DAG(s) dict_keys(['example_dynamic_task_mapping_with_no_taskflow_operators']) retrieved from /home/airflow/.local/lib/python3.8/site-packages/airflow/example_dags/example_dynamic_task_mapping_with_no_taskflow_operators.py
[2025-12-11T00:40:55.738+0000] {logging_mixin.py:154} INFO - [2025-12-11T00:40:55.738+0000] {dag.py:2941} INFO - Sync 1 DAGs
[2025-12-11T00:40:55.753+0000] {logging_mixin.py:154} INFO - [2025-12-11T00:40:55.752+0000] {dag.py:3722} INFO - Setting next_dagrun for example_dynamic_task_mapping_with_no_taskflow_operators to 2025-12-10T00:40:55.752702+00:00, run_after=2025-12-11T00:40:55.752702+00:00
[2025-12-11T00:40:55.763+0000] {processor.py:179} INFO - Processing /home/airflow/.local/lib/python3.8/site-packages/airflow/example_dags/example_dynamic_task_mapping_with_no_taskflow_operators.py took 0.050 seconds
[2025-12-11T00:41:30.467+0000] {processor.py:157} INFO - Started process (PID=528) to work on /home/airflow/.local/lib/python3.8/site-packages/airflow/example_dags/example_dynamic_task_mapping_with_no_taskflow_operators.py
[2025-12-11T00:41:30.559+0000] {processor.py:829} INFO - Processing file /home/airflow/.local/lib/python3.8/site-packages/airflow/example_dags/example_dynamic_task_mapping_with_no_taskflow_operators.py for tasks to queue
[2025-12-11T00:41:30.560+0000] {logging_mixin.py:154} INFO - [2025-12-11T00:41:30.560+0000] {dagbag.py:536} INFO - Filling up the DagBag from /home/airflow/.local/lib/python3.8/site-packages/airflow/example_dags/example_dynamic_task_mapping_with_no_taskflow_operators.py
[2025-12-11T00:41:30.564+0000] {processor.py:839} INFO - DAG(s) dict_keys(['example_dynamic_task_mapping_with_no_taskflow_operators']) retrieved from /home/airflow/.local/lib/python3.8/site-packages/airflow/example_dags/example_dynamic_task_mapping_with_no_taskflow_operators.py
[2025-12-11T00:41:30.576+0000] {logging_mixin.py:154} INFO - [2025-12-11T00:41:30.576+0000] {dag.py:2941} INFO - Sync 1 DAGs
[2025-12-11T00:41:30.588+0000] {logging_mixin.py:154} INFO - [2025-12-11T00:41:30.588+0000] {dag.py:3722} INFO - Setting next_dagrun for example_dynamic_task_mapping_with_no_taskflow_operators to 2025-12-10T00:41:30.588604+00:00, run_after=2025-12-11T00:41:30.588604+00:00
[2025-12-11T00:41:31.304+0000] {processor.py:179} INFO - Processing /home/airflow/.local/lib/python3.8/site-packages/airflow/example_dags/example_dynamic_task_mapping_with_no_taskflow_operators.py took 0.839 seconds
[2025-12-11T00:42:01.334+0000] {processor.py:157} INFO - Started process (PID=582) to work on /home/airflow/.local/lib/python3.8/site-packages/airflow/example_dags/example_dynamic_task_mapping_with_no_taskflow_operators.py
[2025-12-11T00:42:01.339+0000] {processor.py:829} INFO - Processing file /home/airflow/.local/lib/python3.8/site-packages/airflow/example_dags/example_dynamic_task_mapping_with_no_taskflow_operators.py for tasks to queue
[2025-12-11T00:42:01.340+0000] {logging_mixin.py:154} INFO - [2025-12-11T00:42:01.340+0000] {dagbag.py:536} INFO - Filling up the DagBag from /home/airflow/.local/lib/python3.8/site-packages/airflow/example_dags/example_dynamic_task_mapping_with_no_taskflow_operators.py
[2025-12-11T00:42:01.350+0000] {processor.py:839} INFO - DAG(s) dict_keys(['example_dynamic_task_mapping_with_no_taskflow_operators']) retrieved from /home/airflow/.local/lib/python3.8/site-packages/airflow/example_dags/example_dynamic_task_mapping_with_no_taskflow_operators.py
[2025-12-11T00:42:01.362+0000] {logging_mixin.py:154} INFO - [2025-12-11T00:42:01.362+0000] {dag.py:2941} INFO - Sync 1 DAGs
[2025-12-11T00:42:01.376+0000] {logging_mixin.py:154} INFO - [2025-12-11T00:42:01.376+0000] {dag.py:3722} INFO - Setting next_dagrun for example_dynamic_task_mapping_with_no_taskflow_operators to 2025-12-10T00:42:01.376090+00:00, run_after=2025-12-11T00:42:01.376090+00:00
[2025-12-11T00:42:01.522+0000] {processor.py:179} INFO - Processing /home/airflow/.local/lib/python3.8/site-packages/airflow/example_dags/example_dynamic_task_mapping_with_no_taskflow_operators.py took 0.190 seconds
[2025-12-11T00:42:32.333+0000] {processor.py:157} INFO - Started process (PID=637) to work on /home/airflow/.local/lib/python3.8/site-packages/airflow/example_dags/example_dynamic_task_mapping_with_no_taskflow_operators.py
[2025-12-11T00:42:32.339+0000] {processor.py:829} INFO - Processing file /home/airflow/.local/lib/python3.8/site-packages/airflow/example_dags/example_dynamic_task_mapping_with_no_taskflow_operators.py for tasks to queue
[2025-12-11T00:42:32.340+0000] {logging_mixin.py:154} INFO - [2025-12-11T00:42:32.340+0000] {dagbag.py:536} INFO - Filling up the DagBag from /home/airflow/.local/lib/python3.8/site-packages/airflow/example_dags/example_dynamic_task_mapping_with_no_taskflow_operators.py
[2025-12-11T00:42:32.344+0000] {processor.py:839} INFO - DAG(s) dict_keys(['example_dynamic_task_mapping_with_no_taskflow_operators']) retrieved from /home/airflow/.local/lib/python3.8/site-packages/airflow/example_dags/example_dynamic_task_mapping_with_no_taskflow_operators.py
[2025-12-11T00:42:32.355+0000] {logging_mixin.py:154} INFO - [2025-12-11T00:42:32.355+0000] {dag.py:2941} INFO - Sync 1 DAGs
[2025-12-11T00:42:32.367+0000] {logging_mixin.py:154} INFO - [2025-12-11T00:42:32.367+0000] {dag.py:3722} INFO - Setting next_dagrun for example_dynamic_task_mapping_with_no_taskflow_operators to 2025-12-10T00:42:32.367070+00:00, run_after=2025-12-11T00:42:32.367070+00:00
[2025-12-11T00:42:32.425+0000] {processor.py:179} INFO - Processing /home/airflow/.local/lib/python3.8/site-packages/airflow/example_dags/example_dynamic_task_mapping_with_no_taskflow_operators.py took 0.093 seconds
[2025-12-11T00:43:03.175+0000] {processor.py:157} INFO - Started process (PID=692) to work on /home/airflow/.local/lib/python3.8/site-packages/airflow/example_dags/example_dynamic_task_mapping_with_no_taskflow_operators.py
[2025-12-11T00:43:03.181+0000] {processor.py:829} INFO - Processing file /home/airflow/.local/lib/python3.8/site-packages/airflow/example_dags/example_dynamic_task_mapping_with_no_taskflow_operators.py for tasks to queue
[2025-12-11T00:43:03.183+0000] {logging_mixin.py:154} INFO - [2025-12-11T00:43:03.183+0000] {dagbag.py:536} INFO - Filling up the DagBag from /home/airflow/.local/lib/python3.8/site-packages/airflow/example_dags/example_dynamic_task_mapping_with_no_taskflow_operators.py
[2025-12-11T00:43:03.189+0000] {processor.py:839} INFO - DAG(s) dict_keys(['example_dynamic_task_mapping_with_no_taskflow_operators']) retrieved from /home/airflow/.local/lib/python3.8/site-packages/airflow/example_dags/example_dynamic_task_mapping_with_no_taskflow_operators.py
[2025-12-11T00:43:03.210+0000] {logging_mixin.py:154} INFO - [2025-12-11T00:43:03.210+0000] {dag.py:2941} INFO - Sync 1 DAGs
[2025-12-11T00:43:03.226+0000] {logging_mixin.py:154} INFO - [2025-12-11T00:43:03.226+0000] {dag.py:3722} INFO - Setting next_dagrun for example_dynamic_task_mapping_with_no_taskflow_operators to 2025-12-10T00:43:03.226336+00:00, run_after=2025-12-11T00:43:03.226336+00:00
[2025-12-11T00:43:03.244+0000] {processor.py:179} INFO - Processing /home/airflow/.local/lib/python3.8/site-packages/airflow/example_dags/example_dynamic_task_mapping_with_no_taskflow_operators.py took 0.072 seconds
[2025-12-11T00:43:33.365+0000] {processor.py:157} INFO - Started process (PID=747) to work on /home/airflow/.local/lib/python3.8/site-packages/airflow/example_dags/example_dynamic_task_mapping_with_no_taskflow_operators.py
[2025-12-11T00:43:33.366+0000] {processor.py:829} INFO - Processing file /home/airflow/.local/lib/python3.8/site-packages/airflow/example_dags/example_dynamic_task_mapping_with_no_taskflow_operators.py for tasks to queue
[2025-12-11T00:43:33.367+0000] {logging_mixin.py:154} INFO - [2025-12-11T00:43:33.367+0000] {dagbag.py:536} INFO - Filling up the DagBag from /home/airflow/.local/lib/python3.8/site-packages/airflow/example_dags/example_dynamic_task_mapping_with_no_taskflow_operators.py
[2025-12-11T00:43:33.372+0000] {processor.py:839} INFO - DAG(s) dict_keys(['example_dynamic_task_mapping_with_no_taskflow_operators']) retrieved from /home/airflow/.local/lib/python3.8/site-packages/airflow/example_dags/example_dynamic_task_mapping_with_no_taskflow_operators.py
[2025-12-11T00:43:33.385+0000] {logging_mixin.py:154} INFO - [2025-12-11T00:43:33.385+0000] {dag.py:2941} INFO - Sync 1 DAGs
[2025-12-11T00:43:33.400+0000] {logging_mixin.py:154} INFO - [2025-12-11T00:43:33.400+0000] {dag.py:3722} INFO - Setting next_dagrun for example_dynamic_task_mapping_with_no_taskflow_operators to 2025-12-10T00:43:33.399771+00:00, run_after=2025-12-11T00:43:33.399771+00:00
[2025-12-11T00:43:33.410+0000] {processor.py:179} INFO - Processing /home/airflow/.local/lib/python3.8/site-packages/airflow/example_dags/example_dynamic_task_mapping_with_no_taskflow_operators.py took 0.048 seconds
[2025-12-11T00:44:03.995+0000] {processor.py:157} INFO - Started process (PID=803) to work on /home/airflow/.local/lib/python3.8/site-packages/airflow/example_dags/example_dynamic_task_mapping_with_no_taskflow_operators.py
[2025-12-11T00:44:03.995+0000] {processor.py:829} INFO - Processing file /home/airflow/.local/lib/python3.8/site-packages/airflow/example_dags/example_dynamic_task_mapping_with_no_taskflow_operators.py for tasks to queue
[2025-12-11T00:44:03.997+0000] {logging_mixin.py:154} INFO - [2025-12-11T00:44:03.996+0000] {dagbag.py:536} INFO - Filling up the DagBag from /home/airflow/.local/lib/python3.8/site-packages/airflow/example_dags/example_dynamic_task_mapping_with_no_taskflow_operators.py
[2025-12-11T00:44:04.000+0000] {processor.py:839} INFO - DAG(s) dict_keys(['example_dynamic_task_mapping_with_no_taskflow_operators']) retrieved from /home/airflow/.local/lib/python3.8/site-packages/airflow/example_dags/example_dynamic_task_mapping_with_no_taskflow_operators.py
[2025-12-11T00:44:04.016+0000] {logging_mixin.py:154} INFO - [2025-12-11T00:44:04.015+0000] {dag.py:2941} INFO - Sync 1 DAGs
[2025-12-11T00:44:04.029+0000] {logging_mixin.py:154} INFO - [2025-12-11T00:44:04.029+0000] {dag.py:3722} INFO - Setting next_dagrun for example_dynamic_task_mapping_with_no_taskflow_operators to 2025-12-10T00:44:04.029088+00:00, run_after=2025-12-11T00:44:04.029088+00:00
[2025-12-11T00:44:04.044+0000] {processor.py:179} INFO - Processing /home/airflow/.local/lib/python3.8/site-packages/airflow/example_dags/example_dynamic_task_mapping_with_no_taskflow_operators.py took 0.051 seconds
[2025-12-11T00:44:34.473+0000] {processor.py:157} INFO - Started process (PID=858) to work on /home/airflow/.local/lib/python3.8/site-packages/airflow/example_dags/example_dynamic_task_mapping_with_no_taskflow_operators.py
[2025-12-11T00:44:34.474+0000] {processor.py:829} INFO - Processing file /home/airflow/.local/lib/python3.8/site-packages/airflow/example_dags/example_dynamic_task_mapping_with_no_taskflow_operators.py for tasks to queue
[2025-12-11T00:44:34.476+0000] {logging_mixin.py:154} INFO - [2025-12-11T00:44:34.475+0000] {dagbag.py:536} INFO - Filling up the DagBag from /home/airflow/.local/lib/python3.8/site-packages/airflow/example_dags/example_dynamic_task_mapping_with_no_taskflow_operators.py
[2025-12-11T00:44:34.480+0000] {processor.py:839} INFO - DAG(s) dict_keys(['example_dynamic_task_mapping_with_no_taskflow_operators']) retrieved from /home/airflow/.local/lib/python3.8/site-packages/airflow/example_dags/example_dynamic_task_mapping_with_no_taskflow_operators.py
[2025-12-11T00:44:34.496+0000] {logging_mixin.py:154} INFO - [2025-12-11T00:44:34.496+0000] {dag.py:2941} INFO - Sync 1 DAGs
[2025-12-11T00:44:34.508+0000] {logging_mixin.py:154} INFO - [2025-12-11T00:44:34.508+0000] {dag.py:3722} INFO - Setting next_dagrun for example_dynamic_task_mapping_with_no_taskflow_operators to 2025-12-10T00:44:34.508458+00:00, run_after=2025-12-11T00:44:34.508458+00:00
[2025-12-11T00:44:34.519+0000] {processor.py:179} INFO - Processing /home/airflow/.local/lib/python3.8/site-packages/airflow/example_dags/example_dynamic_task_mapping_with_no_taskflow_operators.py took 0.050 seconds
[2025-12-11T00:45:05.038+0000] {processor.py:157} INFO - Started process (PID=913) to work on /home/airflow/.local/lib/python3.8/site-packages/airflow/example_dags/example_dynamic_task_mapping_with_no_taskflow_operators.py
[2025-12-11T00:45:05.039+0000] {processor.py:829} INFO - Processing file /home/airflow/.local/lib/python3.8/site-packages/airflow/example_dags/example_dynamic_task_mapping_with_no_taskflow_operators.py for tasks to queue
[2025-12-11T00:45:05.040+0000] {logging_mixin.py:154} INFO - [2025-12-11T00:45:05.040+0000] {dagbag.py:536} INFO - Filling up the DagBag from /home/airflow/.local/lib/python3.8/site-packages/airflow/example_dags/example_dynamic_task_mapping_with_no_taskflow_operators.py
[2025-12-11T00:45:05.045+0000] {processor.py:839} INFO - DAG(s) dict_keys(['example_dynamic_task_mapping_with_no_taskflow_operators']) retrieved from /home/airflow/.local/lib/python3.8/site-packages/airflow/example_dags/example_dynamic_task_mapping_with_no_taskflow_operators.py
[2025-12-11T00:45:05.065+0000] {logging_mixin.py:154} INFO - [2025-12-11T00:45:05.065+0000] {dag.py:2941} INFO - Sync 1 DAGs
[2025-12-11T00:45:05.078+0000] {logging_mixin.py:154} INFO - [2025-12-11T00:45:05.077+0000] {dag.py:3722} INFO - Setting next_dagrun for example_dynamic_task_mapping_with_no_taskflow_operators to 2025-12-10T00:45:05.077835+00:00, run_after=2025-12-11T00:45:05.077835+00:00
[2025-12-11T00:45:05.089+0000] {processor.py:179} INFO - Processing /home/airflow/.local/lib/python3.8/site-packages/airflow/example_dags/example_dynamic_task_mapping_with_no_taskflow_operators.py took 0.056 seconds
[2025-12-11T00:45:35.511+0000] {processor.py:157} INFO - Started process (PID=968) to work on /home/airflow/.local/lib/python3.8/site-packages/airflow/example_dags/example_dynamic_task_mapping_with_no_taskflow_operators.py
[2025-12-11T00:45:35.512+0000] {processor.py:829} INFO - Processing file /home/airflow/.local/lib/python3.8/site-packages/airflow/example_dags/example_dynamic_task_mapping_with_no_taskflow_operators.py for tasks to queue
[2025-12-11T00:45:35.513+0000] {logging_mixin.py:154} INFO - [2025-12-11T00:45:35.513+0000] {dagbag.py:536} INFO - Filling up the DagBag from /home/airflow/.local/lib/python3.8/site-packages/airflow/example_dags/example_dynamic_task_mapping_with_no_taskflow_operators.py
[2025-12-11T00:45:35.517+0000] {processor.py:839} INFO - DAG(s) dict_keys(['example_dynamic_task_mapping_with_no_taskflow_operators']) retrieved from /home/airflow/.local/lib/python3.8/site-packages/airflow/example_dags/example_dynamic_task_mapping_with_no_taskflow_operators.py
[2025-12-11T00:45:35.535+0000] {logging_mixin.py:154} INFO - [2025-12-11T00:45:35.534+0000] {dag.py:2941} INFO - Sync 1 DAGs
[2025-12-11T00:45:35.547+0000] {logging_mixin.py:154} INFO - [2025-12-11T00:45:35.546+0000] {dag.py:3722} INFO - Setting next_dagrun for example_dynamic_task_mapping_with_no_taskflow_operators to 2025-12-10T00:45:35.546829+00:00, run_after=2025-12-11T00:45:35.546829+00:00
[2025-12-11T00:45:35.557+0000] {processor.py:179} INFO - Processing /home/airflow/.local/lib/python3.8/site-packages/airflow/example_dags/example_dynamic_task_mapping_with_no_taskflow_operators.py took 0.049 seconds
[2025-12-11T00:46:05.917+0000] {processor.py:157} INFO - Started process (PID=1023) to work on /home/airflow/.local/lib/python3.8/site-packages/airflow/example_dags/example_dynamic_task_mapping_with_no_taskflow_operators.py
[2025-12-11T00:46:05.919+0000] {processor.py:829} INFO - Processing file /home/airflow/.local/lib/python3.8/site-packages/airflow/example_dags/example_dynamic_task_mapping_with_no_taskflow_operators.py for tasks to queue
[2025-12-11T00:46:05.921+0000] {logging_mixin.py:154} INFO - [2025-12-11T00:46:05.920+0000] {dagbag.py:536} INFO - Filling up the DagBag from /home/airflow/.local/lib/python3.8/site-packages/airflow/example_dags/example_dynamic_task_mapping_with_no_taskflow_operators.py
[2025-12-11T00:46:05.926+0000] {processor.py:839} INFO - DAG(s) dict_keys(['example_dynamic_task_mapping_with_no_taskflow_operators']) retrieved from /home/airflow/.local/lib/python3.8/site-packages/airflow/example_dags/example_dynamic_task_mapping_with_no_taskflow_operators.py
[2025-12-11T00:46:05.939+0000] {logging_mixin.py:154} INFO - [2025-12-11T00:46:05.939+0000] {dag.py:2941} INFO - Sync 1 DAGs
[2025-12-11T00:46:05.951+0000] {logging_mixin.py:154} INFO - [2025-12-11T00:46:05.951+0000] {dag.py:3722} INFO - Setting next_dagrun for example_dynamic_task_mapping_with_no_taskflow_operators to 2025-12-10T00:46:05.951593+00:00, run_after=2025-12-11T00:46:05.951593+00:00
[2025-12-11T00:46:05.961+0000] {processor.py:179} INFO - Processing /home/airflow/.local/lib/python3.8/site-packages/airflow/example_dags/example_dynamic_task_mapping_with_no_taskflow_operators.py took 0.048 seconds
[2025-12-11T00:46:36.498+0000] {processor.py:157} INFO - Started process (PID=1078) to work on /home/airflow/.local/lib/python3.8/site-packages/airflow/example_dags/example_dynamic_task_mapping_with_no_taskflow_operators.py
[2025-12-11T00:46:36.499+0000] {processor.py:829} INFO - Processing file /home/airflow/.local/lib/python3.8/site-packages/airflow/example_dags/example_dynamic_task_mapping_with_no_taskflow_operators.py for tasks to queue
[2025-12-11T00:46:36.500+0000] {logging_mixin.py:154} INFO - [2025-12-11T00:46:36.500+0000] {dagbag.py:536} INFO - Filling up the DagBag from /home/airflow/.local/lib/python3.8/site-packages/airflow/example_dags/example_dynamic_task_mapping_with_no_taskflow_operators.py
[2025-12-11T00:46:36.505+0000] {processor.py:839} INFO - DAG(s) dict_keys(['example_dynamic_task_mapping_with_no_taskflow_operators']) retrieved from /home/airflow/.local/lib/python3.8/site-packages/airflow/example_dags/example_dynamic_task_mapping_with_no_taskflow_operators.py
[2025-12-11T00:46:36.519+0000] {logging_mixin.py:154} INFO - [2025-12-11T00:46:36.519+0000] {dag.py:2941} INFO - Sync 1 DAGs
[2025-12-11T00:46:36.537+0000] {logging_mixin.py:154} INFO - [2025-12-11T00:46:36.537+0000] {dag.py:3722} INFO - Setting next_dagrun for example_dynamic_task_mapping_with_no_taskflow_operators to 2025-12-10T00:46:36.536977+00:00, run_after=2025-12-11T00:46:36.536977+00:00
[2025-12-11T00:46:36.550+0000] {processor.py:179} INFO - Processing /home/airflow/.local/lib/python3.8/site-packages/airflow/example_dags/example_dynamic_task_mapping_with_no_taskflow_operators.py took 0.054 seconds
[2025-12-11T00:47:07.030+0000] {processor.py:157} INFO - Started process (PID=1133) to work on /home/airflow/.local/lib/python3.8/site-packages/airflow/example_dags/example_dynamic_task_mapping_with_no_taskflow_operators.py
[2025-12-11T00:47:07.031+0000] {processor.py:829} INFO - Processing file /home/airflow/.local/lib/python3.8/site-packages/airflow/example_dags/example_dynamic_task_mapping_with_no_taskflow_operators.py for tasks to queue
[2025-12-11T00:47:07.032+0000] {logging_mixin.py:154} INFO - [2025-12-11T00:47:07.032+0000] {dagbag.py:536} INFO - Filling up the DagBag from /home/airflow/.local/lib/python3.8/site-packages/airflow/example_dags/example_dynamic_task_mapping_with_no_taskflow_operators.py
[2025-12-11T00:47:07.037+0000] {processor.py:839} INFO - DAG(s) dict_keys(['example_dynamic_task_mapping_with_no_taskflow_operators']) retrieved from /home/airflow/.local/lib/python3.8/site-packages/airflow/example_dags/example_dynamic_task_mapping_with_no_taskflow_operators.py
[2025-12-11T00:47:07.056+0000] {logging_mixin.py:154} INFO - [2025-12-11T00:47:07.056+0000] {dag.py:2941} INFO - Sync 1 DAGs
[2025-12-11T00:47:07.076+0000] {logging_mixin.py:154} INFO - [2025-12-11T00:47:07.075+0000] {dag.py:3722} INFO - Setting next_dagrun for example_dynamic_task_mapping_with_no_taskflow_operators to 2025-12-10T00:47:07.075818+00:00, run_after=2025-12-11T00:47:07.075818+00:00
[2025-12-11T00:47:07.093+0000] {processor.py:179} INFO - Processing /home/airflow/.local/lib/python3.8/site-packages/airflow/example_dags/example_dynamic_task_mapping_with_no_taskflow_operators.py took 0.065 seconds
[2025-12-11T00:47:37.751+0000] {processor.py:157} INFO - Started process (PID=1188) to work on /home/airflow/.local/lib/python3.8/site-packages/airflow/example_dags/example_dynamic_task_mapping_with_no_taskflow_operators.py
[2025-12-11T00:47:37.752+0000] {processor.py:829} INFO - Processing file /home/airflow/.local/lib/python3.8/site-packages/airflow/example_dags/example_dynamic_task_mapping_with_no_taskflow_operators.py for tasks to queue
[2025-12-11T00:47:37.754+0000] {logging_mixin.py:154} INFO - [2025-12-11T00:47:37.753+0000] {dagbag.py:536} INFO - Filling up the DagBag from /home/airflow/.local/lib/python3.8/site-packages/airflow/example_dags/example_dynamic_task_mapping_with_no_taskflow_operators.py
[2025-12-11T00:47:37.758+0000] {processor.py:839} INFO - DAG(s) dict_keys(['example_dynamic_task_mapping_with_no_taskflow_operators']) retrieved from /home/airflow/.local/lib/python3.8/site-packages/airflow/example_dags/example_dynamic_task_mapping_with_no_taskflow_operators.py
[2025-12-11T00:47:37.775+0000] {logging_mixin.py:154} INFO - [2025-12-11T00:47:37.775+0000] {dag.py:2941} INFO - Sync 1 DAGs
[2025-12-11T00:47:37.789+0000] {logging_mixin.py:154} INFO - [2025-12-11T00:47:37.789+0000] {dag.py:3722} INFO - Setting next_dagrun for example_dynamic_task_mapping_with_no_taskflow_operators to 2025-12-10T00:47:37.789282+00:00, run_after=2025-12-11T00:47:37.789282+00:00
[2025-12-11T00:47:37.800+0000] {processor.py:179} INFO - Processing /home/airflow/.local/lib/python3.8/site-packages/airflow/example_dags/example_dynamic_task_mapping_with_no_taskflow_operators.py took 0.052 seconds
[2025-12-11T00:48:08.602+0000] {processor.py:157} INFO - Started process (PID=1243) to work on /home/airflow/.local/lib/python3.8/site-packages/airflow/example_dags/example_dynamic_task_mapping_with_no_taskflow_operators.py
[2025-12-11T00:48:08.602+0000] {processor.py:829} INFO - Processing file /home/airflow/.local/lib/python3.8/site-packages/airflow/example_dags/example_dynamic_task_mapping_with_no_taskflow_operators.py for tasks to queue
[2025-12-11T00:48:08.603+0000] {logging_mixin.py:154} INFO - [2025-12-11T00:48:08.603+0000] {dagbag.py:536} INFO - Filling up the DagBag from /home/airflow/.local/lib/python3.8/site-packages/airflow/example_dags/example_dynamic_task_mapping_with_no_taskflow_operators.py
[2025-12-11T00:48:08.608+0000] {processor.py:839} INFO - DAG(s) dict_keys(['example_dynamic_task_mapping_with_no_taskflow_operators']) retrieved from /home/airflow/.local/lib/python3.8/site-packages/airflow/example_dags/example_dynamic_task_mapping_with_no_taskflow_operators.py
[2025-12-11T00:48:08.622+0000] {logging_mixin.py:154} INFO - [2025-12-11T00:48:08.622+0000] {dag.py:2941} INFO - Sync 1 DAGs
[2025-12-11T00:48:08.635+0000] {logging_mixin.py:154} INFO - [2025-12-11T00:48:08.635+0000] {dag.py:3722} INFO - Setting next_dagrun for example_dynamic_task_mapping_with_no_taskflow_operators to 2025-12-10T00:48:08.635297+00:00, run_after=2025-12-11T00:48:08.635297+00:00
[2025-12-11T00:48:08.647+0000] {processor.py:179} INFO - Processing /home/airflow/.local/lib/python3.8/site-packages/airflow/example_dags/example_dynamic_task_mapping_with_no_taskflow_operators.py took 0.047 seconds
[2025-12-11T00:48:38.817+0000] {processor.py:157} INFO - Started process (PID=1298) to work on /home/airflow/.local/lib/python3.8/site-packages/airflow/example_dags/example_dynamic_task_mapping_with_no_taskflow_operators.py
[2025-12-11T00:48:38.819+0000] {processor.py:829} INFO - Processing file /home/airflow/.local/lib/python3.8/site-packages/airflow/example_dags/example_dynamic_task_mapping_with_no_taskflow_operators.py for tasks to queue
[2025-12-11T00:48:38.820+0000] {logging_mixin.py:154} INFO - [2025-12-11T00:48:38.820+0000] {dagbag.py:536} INFO - Filling up the DagBag from /home/airflow/.local/lib/python3.8/site-packages/airflow/example_dags/example_dynamic_task_mapping_with_no_taskflow_operators.py
[2025-12-11T00:48:38.826+0000] {processor.py:839} INFO - DAG(s) dict_keys(['example_dynamic_task_mapping_with_no_taskflow_operators']) retrieved from /home/airflow/.local/lib/python3.8/site-packages/airflow/example_dags/example_dynamic_task_mapping_with_no_taskflow_operators.py
[2025-12-11T00:48:38.838+0000] {logging_mixin.py:154} INFO - [2025-12-11T00:48:38.837+0000] {dag.py:2941} INFO - Sync 1 DAGs
[2025-12-11T00:48:38.850+0000] {logging_mixin.py:154} INFO - [2025-12-11T00:48:38.850+0000] {dag.py:3722} INFO - Setting next_dagrun for example_dynamic_task_mapping_with_no_taskflow_operators to 2025-12-10T00:48:38.850298+00:00, run_after=2025-12-11T00:48:38.850298+00:00
[2025-12-11T00:48:38.862+0000] {processor.py:179} INFO - Processing /home/airflow/.local/lib/python3.8/site-packages/airflow/example_dags/example_dynamic_task_mapping_with_no_taskflow_operators.py took 0.047 seconds
[2025-12-11T00:49:09.420+0000] {processor.py:157} INFO - Started process (PID=1353) to work on /home/airflow/.local/lib/python3.8/site-packages/airflow/example_dags/example_dynamic_task_mapping_with_no_taskflow_operators.py
[2025-12-11T00:49:09.421+0000] {processor.py:829} INFO - Processing file /home/airflow/.local/lib/python3.8/site-packages/airflow/example_dags/example_dynamic_task_mapping_with_no_taskflow_operators.py for tasks to queue
[2025-12-11T00:49:09.422+0000] {logging_mixin.py:154} INFO - [2025-12-11T00:49:09.422+0000] {dagbag.py:536} INFO - Filling up the DagBag from /home/airflow/.local/lib/python3.8/site-packages/airflow/example_dags/example_dynamic_task_mapping_with_no_taskflow_operators.py
[2025-12-11T00:49:09.426+0000] {processor.py:839} INFO - DAG(s) dict_keys(['example_dynamic_task_mapping_with_no_taskflow_operators']) retrieved from /home/airflow/.local/lib/python3.8/site-packages/airflow/example_dags/example_dynamic_task_mapping_with_no_taskflow_operators.py
[2025-12-11T00:49:09.444+0000] {logging_mixin.py:154} INFO - [2025-12-11T00:49:09.444+0000] {dag.py:2941} INFO - Sync 1 DAGs
[2025-12-11T00:49:09.458+0000] {logging_mixin.py:154} INFO - [2025-12-11T00:49:09.457+0000] {dag.py:3722} INFO - Setting next_dagrun for example_dynamic_task_mapping_with_no_taskflow_operators to 2025-12-10T00:49:09.457752+00:00, run_after=2025-12-11T00:49:09.457752+00:00
[2025-12-11T00:49:09.470+0000] {processor.py:179} INFO - Processing /home/airflow/.local/lib/python3.8/site-packages/airflow/example_dags/example_dynamic_task_mapping_with_no_taskflow_operators.py took 0.053 seconds
[2025-12-11T00:49:39.632+0000] {processor.py:157} INFO - Started process (PID=1408) to work on /home/airflow/.local/lib/python3.8/site-packages/airflow/example_dags/example_dynamic_task_mapping_with_no_taskflow_operators.py
[2025-12-11T00:49:39.632+0000] {processor.py:829} INFO - Processing file /home/airflow/.local/lib/python3.8/site-packages/airflow/example_dags/example_dynamic_task_mapping_with_no_taskflow_operators.py for tasks to queue
[2025-12-11T00:49:39.633+0000] {logging_mixin.py:154} INFO - [2025-12-11T00:49:39.633+0000] {dagbag.py:536} INFO - Filling up the DagBag from /home/airflow/.local/lib/python3.8/site-packages/airflow/example_dags/example_dynamic_task_mapping_with_no_taskflow_operators.py
[2025-12-11T00:49:39.637+0000] {processor.py:839} INFO - DAG(s) dict_keys(['example_dynamic_task_mapping_with_no_taskflow_operators']) retrieved from /home/airflow/.local/lib/python3.8/site-packages/airflow/example_dags/example_dynamic_task_mapping_with_no_taskflow_operators.py
[2025-12-11T00:49:39.648+0000] {logging_mixin.py:154} INFO - [2025-12-11T00:49:39.648+0000] {dag.py:2941} INFO - Sync 1 DAGs
[2025-12-11T00:49:39.661+0000] {logging_mixin.py:154} INFO - [2025-12-11T00:49:39.661+0000] {dag.py:3722} INFO - Setting next_dagrun for example_dynamic_task_mapping_with_no_taskflow_operators to 2025-12-10T00:49:39.661261+00:00, run_after=2025-12-11T00:49:39.661261+00:00
[2025-12-11T00:49:39.682+0000] {processor.py:179} INFO - Processing /home/airflow/.local/lib/python3.8/site-packages/airflow/example_dags/example_dynamic_task_mapping_with_no_taskflow_operators.py took 0.053 seconds
[2025-12-11T00:50:09.809+0000] {processor.py:157} INFO - Started process (PID=1463) to work on /home/airflow/.local/lib/python3.8/site-packages/airflow/example_dags/example_dynamic_task_mapping_with_no_taskflow_operators.py
[2025-12-11T00:50:09.810+0000] {processor.py:829} INFO - Processing file /home/airflow/.local/lib/python3.8/site-packages/airflow/example_dags/example_dynamic_task_mapping_with_no_taskflow_operators.py for tasks to queue
[2025-12-11T00:50:09.811+0000] {logging_mixin.py:154} INFO - [2025-12-11T00:50:09.811+0000] {dagbag.py:536} INFO - Filling up the DagBag from /home/airflow/.local/lib/python3.8/site-packages/airflow/example_dags/example_dynamic_task_mapping_with_no_taskflow_operators.py
[2025-12-11T00:50:09.815+0000] {processor.py:839} INFO - DAG(s) dict_keys(['example_dynamic_task_mapping_with_no_taskflow_operators']) retrieved from /home/airflow/.local/lib/python3.8/site-packages/airflow/example_dags/example_dynamic_task_mapping_with_no_taskflow_operators.py
[2025-12-11T00:50:09.827+0000] {logging_mixin.py:154} INFO - [2025-12-11T00:50:09.826+0000] {dag.py:2941} INFO - Sync 1 DAGs
[2025-12-11T00:50:09.842+0000] {logging_mixin.py:154} INFO - [2025-12-11T00:50:09.842+0000] {dag.py:3722} INFO - Setting next_dagrun for example_dynamic_task_mapping_with_no_taskflow_operators to 2025-12-10T00:50:09.842226+00:00, run_after=2025-12-11T00:50:09.842226+00:00
[2025-12-11T00:50:09.854+0000] {processor.py:179} INFO - Processing /home/airflow/.local/lib/python3.8/site-packages/airflow/example_dags/example_dynamic_task_mapping_with_no_taskflow_operators.py took 0.047 seconds
[2025-12-11T00:50:40.120+0000] {processor.py:157} INFO - Started process (PID=1518) to work on /home/airflow/.local/lib/python3.8/site-packages/airflow/example_dags/example_dynamic_task_mapping_with_no_taskflow_operators.py
[2025-12-11T00:50:40.121+0000] {processor.py:829} INFO - Processing file /home/airflow/.local/lib/python3.8/site-packages/airflow/example_dags/example_dynamic_task_mapping_with_no_taskflow_operators.py for tasks to queue
[2025-12-11T00:50:40.122+0000] {logging_mixin.py:154} INFO - [2025-12-11T00:50:40.122+0000] {dagbag.py:536} INFO - Filling up the DagBag from /home/airflow/.local/lib/python3.8/site-packages/airflow/example_dags/example_dynamic_task_mapping_with_no_taskflow_operators.py
[2025-12-11T00:50:40.129+0000] {processor.py:839} INFO - DAG(s) dict_keys(['example_dynamic_task_mapping_with_no_taskflow_operators']) retrieved from /home/airflow/.local/lib/python3.8/site-packages/airflow/example_dags/example_dynamic_task_mapping_with_no_taskflow_operators.py
[2025-12-11T00:50:40.147+0000] {logging_mixin.py:154} INFO - [2025-12-11T00:50:40.147+0000] {dag.py:2941} INFO - Sync 1 DAGs
[2025-12-11T00:50:40.161+0000] {logging_mixin.py:154} INFO - [2025-12-11T00:50:40.160+0000] {dag.py:3722} INFO - Setting next_dagrun for example_dynamic_task_mapping_with_no_taskflow_operators to 2025-12-10T00:50:40.160734+00:00, run_after=2025-12-11T00:50:40.160734+00:00
[2025-12-11T00:50:40.205+0000] {processor.py:179} INFO - Processing /home/airflow/.local/lib/python3.8/site-packages/airflow/example_dags/example_dynamic_task_mapping_with_no_taskflow_operators.py took 0.088 seconds
[2025-12-11T00:51:10.797+0000] {processor.py:157} INFO - Started process (PID=1573) to work on /home/airflow/.local/lib/python3.8/site-packages/airflow/example_dags/example_dynamic_task_mapping_with_no_taskflow_operators.py
[2025-12-11T00:51:10.803+0000] {processor.py:829} INFO - Processing file /home/airflow/.local/lib/python3.8/site-packages/airflow/example_dags/example_dynamic_task_mapping_with_no_taskflow_operators.py for tasks to queue
[2025-12-11T00:51:10.805+0000] {logging_mixin.py:154} INFO - [2025-12-11T00:51:10.804+0000] {dagbag.py:536} INFO - Filling up the DagBag from /home/airflow/.local/lib/python3.8/site-packages/airflow/example_dags/example_dynamic_task_mapping_with_no_taskflow_operators.py
[2025-12-11T00:51:10.810+0000] {processor.py:839} INFO - DAG(s) dict_keys(['example_dynamic_task_mapping_with_no_taskflow_operators']) retrieved from /home/airflow/.local/lib/python3.8/site-packages/airflow/example_dags/example_dynamic_task_mapping_with_no_taskflow_operators.py
[2025-12-11T00:51:10.823+0000] {logging_mixin.py:154} INFO - [2025-12-11T00:51:10.823+0000] {dag.py:2941} INFO - Sync 1 DAGs
[2025-12-11T00:51:10.836+0000] {logging_mixin.py:154} INFO - [2025-12-11T00:51:10.836+0000] {dag.py:3722} INFO - Setting next_dagrun for example_dynamic_task_mapping_with_no_taskflow_operators to 2025-12-10T00:51:10.836603+00:00, run_after=2025-12-11T00:51:10.836603+00:00
[2025-12-11T00:51:10.933+0000] {processor.py:179} INFO - Processing /home/airflow/.local/lib/python3.8/site-packages/airflow/example_dags/example_dynamic_task_mapping_with_no_taskflow_operators.py took 0.139 seconds
[2025-12-11T00:51:41.928+0000] {processor.py:157} INFO - Started process (PID=1628) to work on /home/airflow/.local/lib/python3.8/site-packages/airflow/example_dags/example_dynamic_task_mapping_with_no_taskflow_operators.py
[2025-12-11T00:51:41.929+0000] {processor.py:829} INFO - Processing file /home/airflow/.local/lib/python3.8/site-packages/airflow/example_dags/example_dynamic_task_mapping_with_no_taskflow_operators.py for tasks to queue
[2025-12-11T00:51:41.930+0000] {logging_mixin.py:154} INFO - [2025-12-11T00:51:41.930+0000] {dagbag.py:536} INFO - Filling up the DagBag from /home/airflow/.local/lib/python3.8/site-packages/airflow/example_dags/example_dynamic_task_mapping_with_no_taskflow_operators.py
[2025-12-11T00:51:41.934+0000] {processor.py:839} INFO - DAG(s) dict_keys(['example_dynamic_task_mapping_with_no_taskflow_operators']) retrieved from /home/airflow/.local/lib/python3.8/site-packages/airflow/example_dags/example_dynamic_task_mapping_with_no_taskflow_operators.py
[2025-12-11T00:51:41.947+0000] {logging_mixin.py:154} INFO - [2025-12-11T00:51:41.947+0000] {dag.py:2941} INFO - Sync 1 DAGs
[2025-12-11T00:51:41.960+0000] {logging_mixin.py:154} INFO - [2025-12-11T00:51:41.960+0000] {dag.py:3722} INFO - Setting next_dagrun for example_dynamic_task_mapping_with_no_taskflow_operators to 2025-12-10T00:51:41.960364+00:00, run_after=2025-12-11T00:51:41.960364+00:00
[2025-12-11T00:51:41.973+0000] {processor.py:179} INFO - Processing /home/airflow/.local/lib/python3.8/site-packages/airflow/example_dags/example_dynamic_task_mapping_with_no_taskflow_operators.py took 0.047 seconds
[2025-12-11T00:52:12.130+0000] {processor.py:157} INFO - Started process (PID=1683) to work on /home/airflow/.local/lib/python3.8/site-packages/airflow/example_dags/example_dynamic_task_mapping_with_no_taskflow_operators.py
[2025-12-11T00:52:12.132+0000] {processor.py:829} INFO - Processing file /home/airflow/.local/lib/python3.8/site-packages/airflow/example_dags/example_dynamic_task_mapping_with_no_taskflow_operators.py for tasks to queue
[2025-12-11T00:52:12.133+0000] {logging_mixin.py:154} INFO - [2025-12-11T00:52:12.133+0000] {dagbag.py:536} INFO - Filling up the DagBag from /home/airflow/.local/lib/python3.8/site-packages/airflow/example_dags/example_dynamic_task_mapping_with_no_taskflow_operators.py
[2025-12-11T00:52:12.137+0000] {processor.py:839} INFO - DAG(s) dict_keys(['example_dynamic_task_mapping_with_no_taskflow_operators']) retrieved from /home/airflow/.local/lib/python3.8/site-packages/airflow/example_dags/example_dynamic_task_mapping_with_no_taskflow_operators.py
[2025-12-11T00:52:12.149+0000] {logging_mixin.py:154} INFO - [2025-12-11T00:52:12.148+0000] {dag.py:2941} INFO - Sync 1 DAGs
[2025-12-11T00:52:12.162+0000] {logging_mixin.py:154} INFO - [2025-12-11T00:52:12.162+0000] {dag.py:3722} INFO - Setting next_dagrun for example_dynamic_task_mapping_with_no_taskflow_operators to 2025-12-10T00:52:12.162110+00:00, run_after=2025-12-11T00:52:12.162110+00:00
[2025-12-11T00:52:12.177+0000] {processor.py:179} INFO - Processing /home/airflow/.local/lib/python3.8/site-packages/airflow/example_dags/example_dynamic_task_mapping_with_no_taskflow_operators.py took 0.049 seconds
[2025-12-11T00:52:42.408+0000] {processor.py:157} INFO - Started process (PID=1738) to work on /home/airflow/.local/lib/python3.8/site-packages/airflow/example_dags/example_dynamic_task_mapping_with_no_taskflow_operators.py
[2025-12-11T00:52:42.409+0000] {processor.py:829} INFO - Processing file /home/airflow/.local/lib/python3.8/site-packages/airflow/example_dags/example_dynamic_task_mapping_with_no_taskflow_operators.py for tasks to queue
[2025-12-11T00:52:42.410+0000] {logging_mixin.py:154} INFO - [2025-12-11T00:52:42.410+0000] {dagbag.py:536} INFO - Filling up the DagBag from /home/airflow/.local/lib/python3.8/site-packages/airflow/example_dags/example_dynamic_task_mapping_with_no_taskflow_operators.py
[2025-12-11T00:52:42.414+0000] {processor.py:839} INFO - DAG(s) dict_keys(['example_dynamic_task_mapping_with_no_taskflow_operators']) retrieved from /home/airflow/.local/lib/python3.8/site-packages/airflow/example_dags/example_dynamic_task_mapping_with_no_taskflow_operators.py
[2025-12-11T00:52:42.426+0000] {logging_mixin.py:154} INFO - [2025-12-11T00:52:42.426+0000] {dag.py:2941} INFO - Sync 1 DAGs
[2025-12-11T00:52:42.439+0000] {logging_mixin.py:154} INFO - [2025-12-11T00:52:42.439+0000] {dag.py:3722} INFO - Setting next_dagrun for example_dynamic_task_mapping_with_no_taskflow_operators to 2025-12-10T00:52:42.439155+00:00, run_after=2025-12-11T00:52:42.439155+00:00
[2025-12-11T00:52:42.450+0000] {processor.py:179} INFO - Processing /home/airflow/.local/lib/python3.8/site-packages/airflow/example_dags/example_dynamic_task_mapping_with_no_taskflow_operators.py took 0.044 seconds
[2025-12-11T00:53:13.030+0000] {processor.py:157} INFO - Started process (PID=1793) to work on /home/airflow/.local/lib/python3.8/site-packages/airflow/example_dags/example_dynamic_task_mapping_with_no_taskflow_operators.py
[2025-12-11T00:53:13.053+0000] {processor.py:829} INFO - Processing file /home/airflow/.local/lib/python3.8/site-packages/airflow/example_dags/example_dynamic_task_mapping_with_no_taskflow_operators.py for tasks to queue
[2025-12-11T00:53:13.056+0000] {logging_mixin.py:154} INFO - [2025-12-11T00:53:13.056+0000] {dagbag.py:536} INFO - Filling up the DagBag from /home/airflow/.local/lib/python3.8/site-packages/airflow/example_dags/example_dynamic_task_mapping_with_no_taskflow_operators.py
[2025-12-11T00:53:13.063+0000] {processor.py:839} INFO - DAG(s) dict_keys(['example_dynamic_task_mapping_with_no_taskflow_operators']) retrieved from /home/airflow/.local/lib/python3.8/site-packages/airflow/example_dags/example_dynamic_task_mapping_with_no_taskflow_operators.py
[2025-12-11T00:53:13.077+0000] {logging_mixin.py:154} INFO - [2025-12-11T00:53:13.077+0000] {dag.py:2941} INFO - Sync 1 DAGs
[2025-12-11T00:53:13.092+0000] {logging_mixin.py:154} INFO - [2025-12-11T00:53:13.092+0000] {dag.py:3722} INFO - Setting next_dagrun for example_dynamic_task_mapping_with_no_taskflow_operators to 2025-12-10T00:53:13.092430+00:00, run_after=2025-12-11T00:53:13.092430+00:00
[2025-12-11T00:53:13.103+0000] {processor.py:179} INFO - Processing /home/airflow/.local/lib/python3.8/site-packages/airflow/example_dags/example_dynamic_task_mapping_with_no_taskflow_operators.py took 0.076 seconds
[2025-12-11T00:53:43.533+0000] {processor.py:157} INFO - Started process (PID=1848) to work on /home/airflow/.local/lib/python3.8/site-packages/airflow/example_dags/example_dynamic_task_mapping_with_no_taskflow_operators.py
[2025-12-11T00:53:43.534+0000] {processor.py:829} INFO - Processing file /home/airflow/.local/lib/python3.8/site-packages/airflow/example_dags/example_dynamic_task_mapping_with_no_taskflow_operators.py for tasks to queue
[2025-12-11T00:53:43.535+0000] {logging_mixin.py:154} INFO - [2025-12-11T00:53:43.535+0000] {dagbag.py:536} INFO - Filling up the DagBag from /home/airflow/.local/lib/python3.8/site-packages/airflow/example_dags/example_dynamic_task_mapping_with_no_taskflow_operators.py
[2025-12-11T00:53:43.538+0000] {processor.py:839} INFO - DAG(s) dict_keys(['example_dynamic_task_mapping_with_no_taskflow_operators']) retrieved from /home/airflow/.local/lib/python3.8/site-packages/airflow/example_dags/example_dynamic_task_mapping_with_no_taskflow_operators.py
[2025-12-11T00:53:43.552+0000] {logging_mixin.py:154} INFO - [2025-12-11T00:53:43.552+0000] {dag.py:2941} INFO - Sync 1 DAGs
[2025-12-11T00:53:43.567+0000] {logging_mixin.py:154} INFO - [2025-12-11T00:53:43.567+0000] {dag.py:3722} INFO - Setting next_dagrun for example_dynamic_task_mapping_with_no_taskflow_operators to 2025-12-10T00:53:43.566947+00:00, run_after=2025-12-11T00:53:43.566947+00:00
[2025-12-11T00:53:43.583+0000] {processor.py:179} INFO - Processing /home/airflow/.local/lib/python3.8/site-packages/airflow/example_dags/example_dynamic_task_mapping_with_no_taskflow_operators.py took 0.052 seconds
[2025-12-11T00:54:13.953+0000] {processor.py:157} INFO - Started process (PID=1904) to work on /home/airflow/.local/lib/python3.8/site-packages/airflow/example_dags/example_dynamic_task_mapping_with_no_taskflow_operators.py
[2025-12-11T00:54:13.954+0000] {processor.py:829} INFO - Processing file /home/airflow/.local/lib/python3.8/site-packages/airflow/example_dags/example_dynamic_task_mapping_with_no_taskflow_operators.py for tasks to queue
[2025-12-11T00:54:13.955+0000] {logging_mixin.py:154} INFO - [2025-12-11T00:54:13.955+0000] {dagbag.py:536} INFO - Filling up the DagBag from /home/airflow/.local/lib/python3.8/site-packages/airflow/example_dags/example_dynamic_task_mapping_with_no_taskflow_operators.py
[2025-12-11T00:54:13.959+0000] {processor.py:839} INFO - DAG(s) dict_keys(['example_dynamic_task_mapping_with_no_taskflow_operators']) retrieved from /home/airflow/.local/lib/python3.8/site-packages/airflow/example_dags/example_dynamic_task_mapping_with_no_taskflow_operators.py
[2025-12-11T00:54:13.974+0000] {logging_mixin.py:154} INFO - [2025-12-11T00:54:13.974+0000] {dag.py:2941} INFO - Sync 1 DAGs
[2025-12-11T00:54:13.988+0000] {logging_mixin.py:154} INFO - [2025-12-11T00:54:13.987+0000] {dag.py:3722} INFO - Setting next_dagrun for example_dynamic_task_mapping_with_no_taskflow_operators to 2025-12-10T00:54:13.987769+00:00, run_after=2025-12-11T00:54:13.987769+00:00
[2025-12-11T00:54:14.003+0000] {processor.py:179} INFO - Processing /home/airflow/.local/lib/python3.8/site-packages/airflow/example_dags/example_dynamic_task_mapping_with_no_taskflow_operators.py took 0.053 seconds
[2025-12-11T00:54:44.368+0000] {processor.py:157} INFO - Started process (PID=1959) to work on /home/airflow/.local/lib/python3.8/site-packages/airflow/example_dags/example_dynamic_task_mapping_with_no_taskflow_operators.py
[2025-12-11T00:54:44.371+0000] {processor.py:829} INFO - Processing file /home/airflow/.local/lib/python3.8/site-packages/airflow/example_dags/example_dynamic_task_mapping_with_no_taskflow_operators.py for tasks to queue
[2025-12-11T00:54:44.372+0000] {logging_mixin.py:154} INFO - [2025-12-11T00:54:44.372+0000] {dagbag.py:536} INFO - Filling up the DagBag from /home/airflow/.local/lib/python3.8/site-packages/airflow/example_dags/example_dynamic_task_mapping_with_no_taskflow_operators.py
[2025-12-11T00:54:44.377+0000] {processor.py:839} INFO - DAG(s) dict_keys(['example_dynamic_task_mapping_with_no_taskflow_operators']) retrieved from /home/airflow/.local/lib/python3.8/site-packages/airflow/example_dags/example_dynamic_task_mapping_with_no_taskflow_operators.py
[2025-12-11T00:54:44.388+0000] {logging_mixin.py:154} INFO - [2025-12-11T00:54:44.388+0000] {dag.py:2941} INFO - Sync 1 DAGs
[2025-12-11T00:54:44.406+0000] {logging_mixin.py:154} INFO - [2025-12-11T00:54:44.405+0000] {dag.py:3722} INFO - Setting next_dagrun for example_dynamic_task_mapping_with_no_taskflow_operators to 2025-12-10T00:54:44.405627+00:00, run_after=2025-12-11T00:54:44.405627+00:00
[2025-12-11T00:54:44.466+0000] {processor.py:179} INFO - Processing /home/airflow/.local/lib/python3.8/site-packages/airflow/example_dags/example_dynamic_task_mapping_with_no_taskflow_operators.py took 0.101 seconds
[2025-12-11T00:55:14.648+0000] {processor.py:157} INFO - Started process (PID=2014) to work on /home/airflow/.local/lib/python3.8/site-packages/airflow/example_dags/example_dynamic_task_mapping_with_no_taskflow_operators.py
[2025-12-11T00:55:14.649+0000] {processor.py:829} INFO - Processing file /home/airflow/.local/lib/python3.8/site-packages/airflow/example_dags/example_dynamic_task_mapping_with_no_taskflow_operators.py for tasks to queue
[2025-12-11T00:55:14.650+0000] {logging_mixin.py:154} INFO - [2025-12-11T00:55:14.650+0000] {dagbag.py:536} INFO - Filling up the DagBag from /home/airflow/.local/lib/python3.8/site-packages/airflow/example_dags/example_dynamic_task_mapping_with_no_taskflow_operators.py
[2025-12-11T00:55:14.653+0000] {processor.py:839} INFO - DAG(s) dict_keys(['example_dynamic_task_mapping_with_no_taskflow_operators']) retrieved from /home/airflow/.local/lib/python3.8/site-packages/airflow/example_dags/example_dynamic_task_mapping_with_no_taskflow_operators.py
[2025-12-11T00:55:14.667+0000] {logging_mixin.py:154} INFO - [2025-12-11T00:55:14.667+0000] {dag.py:2941} INFO - Sync 1 DAGs
[2025-12-11T00:55:14.680+0000] {logging_mixin.py:154} INFO - [2025-12-11T00:55:14.679+0000] {dag.py:3722} INFO - Setting next_dagrun for example_dynamic_task_mapping_with_no_taskflow_operators to 2025-12-10T00:55:14.679757+00:00, run_after=2025-12-11T00:55:14.679757+00:00
[2025-12-11T00:55:14.697+0000] {processor.py:179} INFO - Processing /home/airflow/.local/lib/python3.8/site-packages/airflow/example_dags/example_dynamic_task_mapping_with_no_taskflow_operators.py took 0.051 seconds
