[2025-12-11T00:38:15.617+0000] {processor.py:157} INFO - Started process (PID=172) to work on /home/airflow/.local/lib/python3.8/site-packages/airflow/example_dags/example_bash_operator.py
[2025-12-11T00:38:15.618+0000] {processor.py:829} INFO - Processing file /home/airflow/.local/lib/python3.8/site-packages/airflow/example_dags/example_bash_operator.py for tasks to queue
[2025-12-11T00:38:15.619+0000] {logging_mixin.py:154} INFO - [2025-12-11T00:38:15.619+0000] {dagbag.py:536} INFO - Filling up the DagBag from /home/airflow/.local/lib/python3.8/site-packages/airflow/example_dags/example_bash_operator.py
[2025-12-11T00:38:15.643+0000] {processor.py:839} INFO - DAG(s) dict_keys(['example_bash_operator']) retrieved from /home/airflow/.local/lib/python3.8/site-packages/airflow/example_dags/example_bash_operator.py
[2025-12-11T00:38:15.660+0000] {logging_mixin.py:154} INFO - [2025-12-11T00:38:15.659+0000] {dag.py:2941} INFO - Sync 1 DAGs
[2025-12-11T00:38:15.675+0000] {logging_mixin.py:154} INFO - [2025-12-11T00:38:15.675+0000] {dag.py:3722} INFO - Setting next_dagrun for example_bash_operator to 2025-12-10T00:00:00+00:00, run_after=2025-12-11T00:00:00+00:00
[2025-12-11T00:38:15.714+0000] {processor.py:179} INFO - Processing /home/airflow/.local/lib/python3.8/site-packages/airflow/example_dags/example_bash_operator.py took 0.100 seconds
[2025-12-11T00:38:45.911+0000] {processor.py:157} INFO - Started process (PID=235) to work on /home/airflow/.local/lib/python3.8/site-packages/airflow/example_dags/example_bash_operator.py
[2025-12-11T00:38:45.911+0000] {processor.py:829} INFO - Processing file /home/airflow/.local/lib/python3.8/site-packages/airflow/example_dags/example_bash_operator.py for tasks to queue
[2025-12-11T00:38:45.913+0000] {logging_mixin.py:154} INFO - [2025-12-11T00:38:45.912+0000] {dagbag.py:536} INFO - Filling up the DagBag from /home/airflow/.local/lib/python3.8/site-packages/airflow/example_dags/example_bash_operator.py
[2025-12-11T00:38:45.920+0000] {processor.py:839} INFO - DAG(s) dict_keys(['example_bash_operator']) retrieved from /home/airflow/.local/lib/python3.8/site-packages/airflow/example_dags/example_bash_operator.py
[2025-12-11T00:38:45.940+0000] {logging_mixin.py:154} INFO - [2025-12-11T00:38:45.939+0000] {dag.py:2941} INFO - Sync 1 DAGs
[2025-12-11T00:38:45.958+0000] {logging_mixin.py:154} INFO - [2025-12-11T00:38:45.958+0000] {dag.py:3722} INFO - Setting next_dagrun for example_bash_operator to 2025-12-10T00:00:00+00:00, run_after=2025-12-11T00:00:00+00:00
[2025-12-11T00:38:45.972+0000] {processor.py:179} INFO - Processing /home/airflow/.local/lib/python3.8/site-packages/airflow/example_dags/example_bash_operator.py took 0.063 seconds
[2025-12-11T00:39:16.304+0000] {processor.py:157} INFO - Started process (PID=290) to work on /home/airflow/.local/lib/python3.8/site-packages/airflow/example_dags/example_bash_operator.py
[2025-12-11T00:39:16.305+0000] {processor.py:829} INFO - Processing file /home/airflow/.local/lib/python3.8/site-packages/airflow/example_dags/example_bash_operator.py for tasks to queue
[2025-12-11T00:39:16.306+0000] {logging_mixin.py:154} INFO - [2025-12-11T00:39:16.306+0000] {dagbag.py:536} INFO - Filling up the DagBag from /home/airflow/.local/lib/python3.8/site-packages/airflow/example_dags/example_bash_operator.py
[2025-12-11T00:39:16.315+0000] {processor.py:839} INFO - DAG(s) dict_keys(['example_bash_operator']) retrieved from /home/airflow/.local/lib/python3.8/site-packages/airflow/example_dags/example_bash_operator.py
[2025-12-11T00:39:16.337+0000] {logging_mixin.py:154} INFO - [2025-12-11T00:39:16.337+0000] {dag.py:2941} INFO - Sync 1 DAGs
[2025-12-11T00:39:16.351+0000] {logging_mixin.py:154} INFO - [2025-12-11T00:39:16.351+0000] {dag.py:3722} INFO - Setting next_dagrun for example_bash_operator to 2025-12-10T00:00:00+00:00, run_after=2025-12-11T00:00:00+00:00
[2025-12-11T00:39:16.361+0000] {processor.py:179} INFO - Processing /home/airflow/.local/lib/python3.8/site-packages/airflow/example_dags/example_bash_operator.py took 0.062 seconds
[2025-12-11T00:39:46.638+0000] {processor.py:157} INFO - Started process (PID=345) to work on /home/airflow/.local/lib/python3.8/site-packages/airflow/example_dags/example_bash_operator.py
[2025-12-11T00:39:46.638+0000] {processor.py:829} INFO - Processing file /home/airflow/.local/lib/python3.8/site-packages/airflow/example_dags/example_bash_operator.py for tasks to queue
[2025-12-11T00:39:46.639+0000] {logging_mixin.py:154} INFO - [2025-12-11T00:39:46.639+0000] {dagbag.py:536} INFO - Filling up the DagBag from /home/airflow/.local/lib/python3.8/site-packages/airflow/example_dags/example_bash_operator.py
[2025-12-11T00:39:46.646+0000] {processor.py:839} INFO - DAG(s) dict_keys(['example_bash_operator']) retrieved from /home/airflow/.local/lib/python3.8/site-packages/airflow/example_dags/example_bash_operator.py
[2025-12-11T00:39:46.666+0000] {logging_mixin.py:154} INFO - [2025-12-11T00:39:46.666+0000] {dag.py:2941} INFO - Sync 1 DAGs
[2025-12-11T00:39:46.681+0000] {logging_mixin.py:154} INFO - [2025-12-11T00:39:46.681+0000] {dag.py:3722} INFO - Setting next_dagrun for example_bash_operator to 2025-12-10T00:00:00+00:00, run_after=2025-12-11T00:00:00+00:00
[2025-12-11T00:39:46.697+0000] {processor.py:179} INFO - Processing /home/airflow/.local/lib/python3.8/site-packages/airflow/example_dags/example_bash_operator.py took 0.061 seconds
[2025-12-11T00:40:17.870+0000] {processor.py:157} INFO - Started process (PID=400) to work on /home/airflow/.local/lib/python3.8/site-packages/airflow/example_dags/example_bash_operator.py
[2025-12-11T00:40:19.245+0000] {processor.py:829} INFO - Processing file /home/airflow/.local/lib/python3.8/site-packages/airflow/example_dags/example_bash_operator.py for tasks to queue
[2025-12-11T00:40:19.247+0000] {logging_mixin.py:154} INFO - [2025-12-11T00:40:19.247+0000] {dagbag.py:536} INFO - Filling up the DagBag from /home/airflow/.local/lib/python3.8/site-packages/airflow/example_dags/example_bash_operator.py
[2025-12-11T00:40:19.367+0000] {processor.py:839} INFO - DAG(s) dict_keys(['example_bash_operator']) retrieved from /home/airflow/.local/lib/python3.8/site-packages/airflow/example_dags/example_bash_operator.py
[2025-12-11T00:40:19.477+0000] {logging_mixin.py:154} INFO - [2025-12-11T00:40:19.476+0000] {dag.py:2941} INFO - Sync 1 DAGs
[2025-12-11T00:40:19.498+0000] {logging_mixin.py:154} INFO - [2025-12-11T00:40:19.498+0000] {dag.py:3722} INFO - Setting next_dagrun for example_bash_operator to 2025-12-10T00:00:00+00:00, run_after=2025-12-11T00:00:00+00:00
[2025-12-11T00:40:21.851+0000] {processor.py:179} INFO - Processing /home/airflow/.local/lib/python3.8/site-packages/airflow/example_dags/example_bash_operator.py took 3.986 seconds
[2025-12-11T00:40:52.188+0000] {processor.py:157} INFO - Started process (PID=454) to work on /home/airflow/.local/lib/python3.8/site-packages/airflow/example_dags/example_bash_operator.py
[2025-12-11T00:40:52.189+0000] {processor.py:829} INFO - Processing file /home/airflow/.local/lib/python3.8/site-packages/airflow/example_dags/example_bash_operator.py for tasks to queue
[2025-12-11T00:40:52.191+0000] {logging_mixin.py:154} INFO - [2025-12-11T00:40:52.191+0000] {dagbag.py:536} INFO - Filling up the DagBag from /home/airflow/.local/lib/python3.8/site-packages/airflow/example_dags/example_bash_operator.py
[2025-12-11T00:40:52.203+0000] {processor.py:839} INFO - DAG(s) dict_keys(['example_bash_operator']) retrieved from /home/airflow/.local/lib/python3.8/site-packages/airflow/example_dags/example_bash_operator.py
[2025-12-11T00:40:52.233+0000] {logging_mixin.py:154} INFO - [2025-12-11T00:40:52.233+0000] {dag.py:2941} INFO - Sync 1 DAGs
[2025-12-11T00:40:52.246+0000] {logging_mixin.py:154} INFO - [2025-12-11T00:40:52.246+0000] {dag.py:3722} INFO - Setting next_dagrun for example_bash_operator to 2025-12-10T00:00:00+00:00, run_after=2025-12-11T00:00:00+00:00
[2025-12-11T00:40:52.257+0000] {processor.py:179} INFO - Processing /home/airflow/.local/lib/python3.8/site-packages/airflow/example_dags/example_bash_operator.py took 0.073 seconds
[2025-12-11T00:41:22.863+0000] {processor.py:157} INFO - Started process (PID=509) to work on /home/airflow/.local/lib/python3.8/site-packages/airflow/example_dags/example_bash_operator.py
[2025-12-11T00:41:22.866+0000] {processor.py:829} INFO - Processing file /home/airflow/.local/lib/python3.8/site-packages/airflow/example_dags/example_bash_operator.py for tasks to queue
[2025-12-11T00:41:22.868+0000] {logging_mixin.py:154} INFO - [2025-12-11T00:41:22.868+0000] {dagbag.py:536} INFO - Filling up the DagBag from /home/airflow/.local/lib/python3.8/site-packages/airflow/example_dags/example_bash_operator.py
[2025-12-11T00:41:22.877+0000] {processor.py:839} INFO - DAG(s) dict_keys(['example_bash_operator']) retrieved from /home/airflow/.local/lib/python3.8/site-packages/airflow/example_dags/example_bash_operator.py
[2025-12-11T00:41:22.910+0000] {logging_mixin.py:154} INFO - [2025-12-11T00:41:22.910+0000] {dag.py:2941} INFO - Sync 1 DAGs
[2025-12-11T00:41:22.927+0000] {logging_mixin.py:154} INFO - [2025-12-11T00:41:22.927+0000] {dag.py:3722} INFO - Setting next_dagrun for example_bash_operator to 2025-12-10T00:00:00+00:00, run_after=2025-12-11T00:00:00+00:00
[2025-12-11T00:41:22.940+0000] {processor.py:179} INFO - Processing /home/airflow/.local/lib/python3.8/site-packages/airflow/example_dags/example_bash_operator.py took 0.081 seconds
[2025-12-11T00:41:53.312+0000] {processor.py:157} INFO - Started process (PID=564) to work on /home/airflow/.local/lib/python3.8/site-packages/airflow/example_dags/example_bash_operator.py
[2025-12-11T00:41:53.313+0000] {processor.py:829} INFO - Processing file /home/airflow/.local/lib/python3.8/site-packages/airflow/example_dags/example_bash_operator.py for tasks to queue
[2025-12-11T00:41:53.314+0000] {logging_mixin.py:154} INFO - [2025-12-11T00:41:53.314+0000] {dagbag.py:536} INFO - Filling up the DagBag from /home/airflow/.local/lib/python3.8/site-packages/airflow/example_dags/example_bash_operator.py
[2025-12-11T00:41:53.322+0000] {processor.py:839} INFO - DAG(s) dict_keys(['example_bash_operator']) retrieved from /home/airflow/.local/lib/python3.8/site-packages/airflow/example_dags/example_bash_operator.py
[2025-12-11T00:41:53.349+0000] {logging_mixin.py:154} INFO - [2025-12-11T00:41:53.348+0000] {dag.py:2941} INFO - Sync 1 DAGs
[2025-12-11T00:41:53.373+0000] {logging_mixin.py:154} INFO - [2025-12-11T00:41:53.373+0000] {dag.py:3722} INFO - Setting next_dagrun for example_bash_operator to 2025-12-10T00:00:00+00:00, run_after=2025-12-11T00:00:00+00:00
[2025-12-11T00:41:53.480+0000] {processor.py:179} INFO - Processing /home/airflow/.local/lib/python3.8/site-packages/airflow/example_dags/example_bash_operator.py took 0.170 seconds
[2025-12-11T00:42:24.012+0000] {processor.py:157} INFO - Started process (PID=619) to work on /home/airflow/.local/lib/python3.8/site-packages/airflow/example_dags/example_bash_operator.py
[2025-12-11T00:42:24.027+0000] {processor.py:829} INFO - Processing file /home/airflow/.local/lib/python3.8/site-packages/airflow/example_dags/example_bash_operator.py for tasks to queue
[2025-12-11T00:42:24.031+0000] {logging_mixin.py:154} INFO - [2025-12-11T00:42:24.030+0000] {dagbag.py:536} INFO - Filling up the DagBag from /home/airflow/.local/lib/python3.8/site-packages/airflow/example_dags/example_bash_operator.py
[2025-12-11T00:42:24.148+0000] {processor.py:839} INFO - DAG(s) dict_keys(['example_bash_operator']) retrieved from /home/airflow/.local/lib/python3.8/site-packages/airflow/example_dags/example_bash_operator.py
[2025-12-11T00:42:24.189+0000] {logging_mixin.py:154} INFO - [2025-12-11T00:42:24.189+0000] {dag.py:2941} INFO - Sync 1 DAGs
[2025-12-11T00:42:24.206+0000] {logging_mixin.py:154} INFO - [2025-12-11T00:42:24.206+0000] {dag.py:3722} INFO - Setting next_dagrun for example_bash_operator to 2025-12-10T00:00:00+00:00, run_after=2025-12-11T00:00:00+00:00
[2025-12-11T00:42:24.231+0000] {processor.py:179} INFO - Processing /home/airflow/.local/lib/python3.8/site-packages/airflow/example_dags/example_bash_operator.py took 0.225 seconds
[2025-12-11T00:42:54.764+0000] {processor.py:157} INFO - Started process (PID=674) to work on /home/airflow/.local/lib/python3.8/site-packages/airflow/example_dags/example_bash_operator.py
[2025-12-11T00:42:54.765+0000] {processor.py:829} INFO - Processing file /home/airflow/.local/lib/python3.8/site-packages/airflow/example_dags/example_bash_operator.py for tasks to queue
[2025-12-11T00:42:54.766+0000] {logging_mixin.py:154} INFO - [2025-12-11T00:42:54.766+0000] {dagbag.py:536} INFO - Filling up the DagBag from /home/airflow/.local/lib/python3.8/site-packages/airflow/example_dags/example_bash_operator.py
[2025-12-11T00:42:54.776+0000] {processor.py:839} INFO - DAG(s) dict_keys(['example_bash_operator']) retrieved from /home/airflow/.local/lib/python3.8/site-packages/airflow/example_dags/example_bash_operator.py
[2025-12-11T00:42:54.794+0000] {logging_mixin.py:154} INFO - [2025-12-11T00:42:54.794+0000] {dag.py:2941} INFO - Sync 1 DAGs
[2025-12-11T00:42:54.808+0000] {logging_mixin.py:154} INFO - [2025-12-11T00:42:54.808+0000] {dag.py:3722} INFO - Setting next_dagrun for example_bash_operator to 2025-12-10T00:00:00+00:00, run_after=2025-12-11T00:00:00+00:00
[2025-12-11T00:42:54.818+0000] {processor.py:179} INFO - Processing /home/airflow/.local/lib/python3.8/site-packages/airflow/example_dags/example_bash_operator.py took 0.057 seconds
[2025-12-11T00:43:25.584+0000] {processor.py:157} INFO - Started process (PID=735) to work on /home/airflow/.local/lib/python3.8/site-packages/airflow/example_dags/example_bash_operator.py
[2025-12-11T00:43:25.601+0000] {processor.py:829} INFO - Processing file /home/airflow/.local/lib/python3.8/site-packages/airflow/example_dags/example_bash_operator.py for tasks to queue
[2025-12-11T00:43:25.603+0000] {logging_mixin.py:154} INFO - [2025-12-11T00:43:25.603+0000] {dagbag.py:536} INFO - Filling up the DagBag from /home/airflow/.local/lib/python3.8/site-packages/airflow/example_dags/example_bash_operator.py
[2025-12-11T00:43:25.618+0000] {processor.py:839} INFO - DAG(s) dict_keys(['example_bash_operator']) retrieved from /home/airflow/.local/lib/python3.8/site-packages/airflow/example_dags/example_bash_operator.py
[2025-12-11T00:43:25.639+0000] {logging_mixin.py:154} INFO - [2025-12-11T00:43:25.639+0000] {dag.py:2941} INFO - Sync 1 DAGs
[2025-12-11T00:43:25.653+0000] {logging_mixin.py:154} INFO - [2025-12-11T00:43:25.653+0000] {dag.py:3722} INFO - Setting next_dagrun for example_bash_operator to 2025-12-10T00:00:00+00:00, run_after=2025-12-11T00:00:00+00:00
[2025-12-11T00:43:26.005+0000] {processor.py:179} INFO - Processing /home/airflow/.local/lib/python3.8/site-packages/airflow/example_dags/example_bash_operator.py took 0.424 seconds
[2025-12-11T00:43:56.596+0000] {processor.py:157} INFO - Started process (PID=793) to work on /home/airflow/.local/lib/python3.8/site-packages/airflow/example_dags/example_bash_operator.py
[2025-12-11T00:43:56.597+0000] {processor.py:829} INFO - Processing file /home/airflow/.local/lib/python3.8/site-packages/airflow/example_dags/example_bash_operator.py for tasks to queue
[2025-12-11T00:43:56.598+0000] {logging_mixin.py:154} INFO - [2025-12-11T00:43:56.598+0000] {dagbag.py:536} INFO - Filling up the DagBag from /home/airflow/.local/lib/python3.8/site-packages/airflow/example_dags/example_bash_operator.py
[2025-12-11T00:43:56.605+0000] {processor.py:839} INFO - DAG(s) dict_keys(['example_bash_operator']) retrieved from /home/airflow/.local/lib/python3.8/site-packages/airflow/example_dags/example_bash_operator.py
[2025-12-11T00:43:56.622+0000] {logging_mixin.py:154} INFO - [2025-12-11T00:43:56.622+0000] {dag.py:2941} INFO - Sync 1 DAGs
[2025-12-11T00:43:56.635+0000] {logging_mixin.py:154} INFO - [2025-12-11T00:43:56.635+0000] {dag.py:3722} INFO - Setting next_dagrun for example_bash_operator to 2025-12-10T00:00:00+00:00, run_after=2025-12-11T00:00:00+00:00
[2025-12-11T00:43:56.663+0000] {processor.py:179} INFO - Processing /home/airflow/.local/lib/python3.8/site-packages/airflow/example_dags/example_bash_operator.py took 0.069 seconds
[2025-12-11T00:44:27.199+0000] {processor.py:157} INFO - Started process (PID=848) to work on /home/airflow/.local/lib/python3.8/site-packages/airflow/example_dags/example_bash_operator.py
[2025-12-11T00:44:27.199+0000] {processor.py:829} INFO - Processing file /home/airflow/.local/lib/python3.8/site-packages/airflow/example_dags/example_bash_operator.py for tasks to queue
[2025-12-11T00:44:27.200+0000] {logging_mixin.py:154} INFO - [2025-12-11T00:44:27.200+0000] {dagbag.py:536} INFO - Filling up the DagBag from /home/airflow/.local/lib/python3.8/site-packages/airflow/example_dags/example_bash_operator.py
[2025-12-11T00:44:27.206+0000] {processor.py:839} INFO - DAG(s) dict_keys(['example_bash_operator']) retrieved from /home/airflow/.local/lib/python3.8/site-packages/airflow/example_dags/example_bash_operator.py
[2025-12-11T00:44:27.230+0000] {logging_mixin.py:154} INFO - [2025-12-11T00:44:27.230+0000] {dag.py:2941} INFO - Sync 1 DAGs
[2025-12-11T00:44:27.243+0000] {logging_mixin.py:154} INFO - [2025-12-11T00:44:27.243+0000] {dag.py:3722} INFO - Setting next_dagrun for example_bash_operator to 2025-12-10T00:00:00+00:00, run_after=2025-12-11T00:00:00+00:00
[2025-12-11T00:44:27.253+0000] {processor.py:179} INFO - Processing /home/airflow/.local/lib/python3.8/site-packages/airflow/example_dags/example_bash_operator.py took 0.057 seconds
[2025-12-11T00:44:57.729+0000] {processor.py:157} INFO - Started process (PID=903) to work on /home/airflow/.local/lib/python3.8/site-packages/airflow/example_dags/example_bash_operator.py
[2025-12-11T00:44:57.730+0000] {processor.py:829} INFO - Processing file /home/airflow/.local/lib/python3.8/site-packages/airflow/example_dags/example_bash_operator.py for tasks to queue
[2025-12-11T00:44:57.732+0000] {logging_mixin.py:154} INFO - [2025-12-11T00:44:57.732+0000] {dagbag.py:536} INFO - Filling up the DagBag from /home/airflow/.local/lib/python3.8/site-packages/airflow/example_dags/example_bash_operator.py
[2025-12-11T00:44:57.743+0000] {processor.py:839} INFO - DAG(s) dict_keys(['example_bash_operator']) retrieved from /home/airflow/.local/lib/python3.8/site-packages/airflow/example_dags/example_bash_operator.py
[2025-12-11T00:44:57.763+0000] {logging_mixin.py:154} INFO - [2025-12-11T00:44:57.763+0000] {dag.py:2941} INFO - Sync 1 DAGs
[2025-12-11T00:44:57.776+0000] {logging_mixin.py:154} INFO - [2025-12-11T00:44:57.776+0000] {dag.py:3722} INFO - Setting next_dagrun for example_bash_operator to 2025-12-10T00:00:00+00:00, run_after=2025-12-11T00:00:00+00:00
[2025-12-11T00:44:57.787+0000] {processor.py:179} INFO - Processing /home/airflow/.local/lib/python3.8/site-packages/airflow/example_dags/example_bash_operator.py took 0.061 seconds
[2025-12-11T00:45:28.142+0000] {processor.py:157} INFO - Started process (PID=958) to work on /home/airflow/.local/lib/python3.8/site-packages/airflow/example_dags/example_bash_operator.py
[2025-12-11T00:45:28.143+0000] {processor.py:829} INFO - Processing file /home/airflow/.local/lib/python3.8/site-packages/airflow/example_dags/example_bash_operator.py for tasks to queue
[2025-12-11T00:45:28.144+0000] {logging_mixin.py:154} INFO - [2025-12-11T00:45:28.143+0000] {dagbag.py:536} INFO - Filling up the DagBag from /home/airflow/.local/lib/python3.8/site-packages/airflow/example_dags/example_bash_operator.py
[2025-12-11T00:45:28.150+0000] {processor.py:839} INFO - DAG(s) dict_keys(['example_bash_operator']) retrieved from /home/airflow/.local/lib/python3.8/site-packages/airflow/example_dags/example_bash_operator.py
[2025-12-11T00:45:28.172+0000] {logging_mixin.py:154} INFO - [2025-12-11T00:45:28.172+0000] {dag.py:2941} INFO - Sync 1 DAGs
[2025-12-11T00:45:28.186+0000] {logging_mixin.py:154} INFO - [2025-12-11T00:45:28.185+0000] {dag.py:3722} INFO - Setting next_dagrun for example_bash_operator to 2025-12-10T00:00:00+00:00, run_after=2025-12-11T00:00:00+00:00
[2025-12-11T00:45:28.198+0000] {processor.py:179} INFO - Processing /home/airflow/.local/lib/python3.8/site-packages/airflow/example_dags/example_bash_operator.py took 0.058 seconds
[2025-12-11T00:45:58.614+0000] {processor.py:157} INFO - Started process (PID=1013) to work on /home/airflow/.local/lib/python3.8/site-packages/airflow/example_dags/example_bash_operator.py
[2025-12-11T00:45:58.615+0000] {processor.py:829} INFO - Processing file /home/airflow/.local/lib/python3.8/site-packages/airflow/example_dags/example_bash_operator.py for tasks to queue
[2025-12-11T00:45:58.617+0000] {logging_mixin.py:154} INFO - [2025-12-11T00:45:58.617+0000] {dagbag.py:536} INFO - Filling up the DagBag from /home/airflow/.local/lib/python3.8/site-packages/airflow/example_dags/example_bash_operator.py
[2025-12-11T00:45:58.630+0000] {processor.py:839} INFO - DAG(s) dict_keys(['example_bash_operator']) retrieved from /home/airflow/.local/lib/python3.8/site-packages/airflow/example_dags/example_bash_operator.py
[2025-12-11T00:45:58.645+0000] {logging_mixin.py:154} INFO - [2025-12-11T00:45:58.645+0000] {dag.py:2941} INFO - Sync 1 DAGs
[2025-12-11T00:45:58.659+0000] {logging_mixin.py:154} INFO - [2025-12-11T00:45:58.659+0000] {dag.py:3722} INFO - Setting next_dagrun for example_bash_operator to 2025-12-10T00:00:00+00:00, run_after=2025-12-11T00:00:00+00:00
[2025-12-11T00:45:58.670+0000] {processor.py:179} INFO - Processing /home/airflow/.local/lib/python3.8/site-packages/airflow/example_dags/example_bash_operator.py took 0.059 seconds
[2025-12-11T00:46:29.124+0000] {processor.py:157} INFO - Started process (PID=1068) to work on /home/airflow/.local/lib/python3.8/site-packages/airflow/example_dags/example_bash_operator.py
[2025-12-11T00:46:29.125+0000] {processor.py:829} INFO - Processing file /home/airflow/.local/lib/python3.8/site-packages/airflow/example_dags/example_bash_operator.py for tasks to queue
[2025-12-11T00:46:29.126+0000] {logging_mixin.py:154} INFO - [2025-12-11T00:46:29.126+0000] {dagbag.py:536} INFO - Filling up the DagBag from /home/airflow/.local/lib/python3.8/site-packages/airflow/example_dags/example_bash_operator.py
[2025-12-11T00:46:29.133+0000] {processor.py:839} INFO - DAG(s) dict_keys(['example_bash_operator']) retrieved from /home/airflow/.local/lib/python3.8/site-packages/airflow/example_dags/example_bash_operator.py
[2025-12-11T00:46:29.149+0000] {logging_mixin.py:154} INFO - [2025-12-11T00:46:29.149+0000] {dag.py:2941} INFO - Sync 1 DAGs
[2025-12-11T00:46:29.162+0000] {logging_mixin.py:154} INFO - [2025-12-11T00:46:29.162+0000] {dag.py:3722} INFO - Setting next_dagrun for example_bash_operator to 2025-12-10T00:00:00+00:00, run_after=2025-12-11T00:00:00+00:00
[2025-12-11T00:46:29.172+0000] {processor.py:179} INFO - Processing /home/airflow/.local/lib/python3.8/site-packages/airflow/example_dags/example_bash_operator.py took 0.051 seconds
[2025-12-11T00:46:59.707+0000] {processor.py:157} INFO - Started process (PID=1123) to work on /home/airflow/.local/lib/python3.8/site-packages/airflow/example_dags/example_bash_operator.py
[2025-12-11T00:46:59.708+0000] {processor.py:829} INFO - Processing file /home/airflow/.local/lib/python3.8/site-packages/airflow/example_dags/example_bash_operator.py for tasks to queue
[2025-12-11T00:46:59.710+0000] {logging_mixin.py:154} INFO - [2025-12-11T00:46:59.710+0000] {dagbag.py:536} INFO - Filling up the DagBag from /home/airflow/.local/lib/python3.8/site-packages/airflow/example_dags/example_bash_operator.py
[2025-12-11T00:46:59.720+0000] {processor.py:839} INFO - DAG(s) dict_keys(['example_bash_operator']) retrieved from /home/airflow/.local/lib/python3.8/site-packages/airflow/example_dags/example_bash_operator.py
[2025-12-11T00:46:59.742+0000] {logging_mixin.py:154} INFO - [2025-12-11T00:46:59.742+0000] {dag.py:2941} INFO - Sync 1 DAGs
[2025-12-11T00:46:59.755+0000] {logging_mixin.py:154} INFO - [2025-12-11T00:46:59.755+0000] {dag.py:3722} INFO - Setting next_dagrun for example_bash_operator to 2025-12-10T00:00:00+00:00, run_after=2025-12-11T00:00:00+00:00
[2025-12-11T00:46:59.765+0000] {processor.py:179} INFO - Processing /home/airflow/.local/lib/python3.8/site-packages/airflow/example_dags/example_bash_operator.py took 0.063 seconds
[2025-12-11T00:47:30.375+0000] {processor.py:157} INFO - Started process (PID=1178) to work on /home/airflow/.local/lib/python3.8/site-packages/airflow/example_dags/example_bash_operator.py
[2025-12-11T00:47:30.377+0000] {processor.py:829} INFO - Processing file /home/airflow/.local/lib/python3.8/site-packages/airflow/example_dags/example_bash_operator.py for tasks to queue
[2025-12-11T00:47:30.379+0000] {logging_mixin.py:154} INFO - [2025-12-11T00:47:30.379+0000] {dagbag.py:536} INFO - Filling up the DagBag from /home/airflow/.local/lib/python3.8/site-packages/airflow/example_dags/example_bash_operator.py
[2025-12-11T00:47:30.387+0000] {processor.py:839} INFO - DAG(s) dict_keys(['example_bash_operator']) retrieved from /home/airflow/.local/lib/python3.8/site-packages/airflow/example_dags/example_bash_operator.py
[2025-12-11T00:47:30.402+0000] {logging_mixin.py:154} INFO - [2025-12-11T00:47:30.402+0000] {dag.py:2941} INFO - Sync 1 DAGs
[2025-12-11T00:47:30.415+0000] {logging_mixin.py:154} INFO - [2025-12-11T00:47:30.415+0000] {dag.py:3722} INFO - Setting next_dagrun for example_bash_operator to 2025-12-10T00:00:00+00:00, run_after=2025-12-11T00:00:00+00:00
[2025-12-11T00:47:30.431+0000] {processor.py:179} INFO - Processing /home/airflow/.local/lib/python3.8/site-packages/airflow/example_dags/example_bash_operator.py took 0.059 seconds
[2025-12-11T00:48:01.299+0000] {processor.py:157} INFO - Started process (PID=1233) to work on /home/airflow/.local/lib/python3.8/site-packages/airflow/example_dags/example_bash_operator.py
[2025-12-11T00:48:01.300+0000] {processor.py:829} INFO - Processing file /home/airflow/.local/lib/python3.8/site-packages/airflow/example_dags/example_bash_operator.py for tasks to queue
[2025-12-11T00:48:01.301+0000] {logging_mixin.py:154} INFO - [2025-12-11T00:48:01.301+0000] {dagbag.py:536} INFO - Filling up the DagBag from /home/airflow/.local/lib/python3.8/site-packages/airflow/example_dags/example_bash_operator.py
[2025-12-11T00:48:01.307+0000] {processor.py:839} INFO - DAG(s) dict_keys(['example_bash_operator']) retrieved from /home/airflow/.local/lib/python3.8/site-packages/airflow/example_dags/example_bash_operator.py
[2025-12-11T00:48:01.324+0000] {logging_mixin.py:154} INFO - [2025-12-11T00:48:01.323+0000] {dag.py:2941} INFO - Sync 1 DAGs
[2025-12-11T00:48:01.337+0000] {logging_mixin.py:154} INFO - [2025-12-11T00:48:01.336+0000] {dag.py:3722} INFO - Setting next_dagrun for example_bash_operator to 2025-12-10T00:00:00+00:00, run_after=2025-12-11T00:00:00+00:00
[2025-12-11T00:48:01.347+0000] {processor.py:179} INFO - Processing /home/airflow/.local/lib/python3.8/site-packages/airflow/example_dags/example_bash_operator.py took 0.049 seconds
[2025-12-11T00:48:31.508+0000] {processor.py:157} INFO - Started process (PID=1288) to work on /home/airflow/.local/lib/python3.8/site-packages/airflow/example_dags/example_bash_operator.py
[2025-12-11T00:48:31.509+0000] {processor.py:829} INFO - Processing file /home/airflow/.local/lib/python3.8/site-packages/airflow/example_dags/example_bash_operator.py for tasks to queue
[2025-12-11T00:48:31.510+0000] {logging_mixin.py:154} INFO - [2025-12-11T00:48:31.510+0000] {dagbag.py:536} INFO - Filling up the DagBag from /home/airflow/.local/lib/python3.8/site-packages/airflow/example_dags/example_bash_operator.py
[2025-12-11T00:48:31.517+0000] {processor.py:839} INFO - DAG(s) dict_keys(['example_bash_operator']) retrieved from /home/airflow/.local/lib/python3.8/site-packages/airflow/example_dags/example_bash_operator.py
[2025-12-11T00:48:31.534+0000] {logging_mixin.py:154} INFO - [2025-12-11T00:48:31.534+0000] {dag.py:2941} INFO - Sync 1 DAGs
[2025-12-11T00:48:31.548+0000] {logging_mixin.py:154} INFO - [2025-12-11T00:48:31.548+0000] {dag.py:3722} INFO - Setting next_dagrun for example_bash_operator to 2025-12-10T00:00:00+00:00, run_after=2025-12-11T00:00:00+00:00
[2025-12-11T00:48:31.559+0000] {processor.py:179} INFO - Processing /home/airflow/.local/lib/python3.8/site-packages/airflow/example_dags/example_bash_operator.py took 0.052 seconds
[2025-12-11T00:49:02.036+0000] {processor.py:157} INFO - Started process (PID=1343) to work on /home/airflow/.local/lib/python3.8/site-packages/airflow/example_dags/example_bash_operator.py
[2025-12-11T00:49:02.036+0000] {processor.py:829} INFO - Processing file /home/airflow/.local/lib/python3.8/site-packages/airflow/example_dags/example_bash_operator.py for tasks to queue
[2025-12-11T00:49:02.038+0000] {logging_mixin.py:154} INFO - [2025-12-11T00:49:02.038+0000] {dagbag.py:536} INFO - Filling up the DagBag from /home/airflow/.local/lib/python3.8/site-packages/airflow/example_dags/example_bash_operator.py
[2025-12-11T00:49:02.046+0000] {processor.py:839} INFO - DAG(s) dict_keys(['example_bash_operator']) retrieved from /home/airflow/.local/lib/python3.8/site-packages/airflow/example_dags/example_bash_operator.py
[2025-12-11T00:49:02.065+0000] {logging_mixin.py:154} INFO - [2025-12-11T00:49:02.065+0000] {dag.py:2941} INFO - Sync 1 DAGs
[2025-12-11T00:49:02.080+0000] {logging_mixin.py:154} INFO - [2025-12-11T00:49:02.080+0000] {dag.py:3722} INFO - Setting next_dagrun for example_bash_operator to 2025-12-10T00:00:00+00:00, run_after=2025-12-11T00:00:00+00:00
[2025-12-11T00:49:02.098+0000] {processor.py:179} INFO - Processing /home/airflow/.local/lib/python3.8/site-packages/airflow/example_dags/example_bash_operator.py took 0.064 seconds
[2025-12-11T00:49:32.316+0000] {processor.py:157} INFO - Started process (PID=1398) to work on /home/airflow/.local/lib/python3.8/site-packages/airflow/example_dags/example_bash_operator.py
[2025-12-11T00:49:32.319+0000] {processor.py:829} INFO - Processing file /home/airflow/.local/lib/python3.8/site-packages/airflow/example_dags/example_bash_operator.py for tasks to queue
[2025-12-11T00:49:32.321+0000] {logging_mixin.py:154} INFO - [2025-12-11T00:49:32.320+0000] {dagbag.py:536} INFO - Filling up the DagBag from /home/airflow/.local/lib/python3.8/site-packages/airflow/example_dags/example_bash_operator.py
[2025-12-11T00:49:32.329+0000] {processor.py:839} INFO - DAG(s) dict_keys(['example_bash_operator']) retrieved from /home/airflow/.local/lib/python3.8/site-packages/airflow/example_dags/example_bash_operator.py
[2025-12-11T00:49:32.351+0000] {logging_mixin.py:154} INFO - [2025-12-11T00:49:32.351+0000] {dag.py:2941} INFO - Sync 1 DAGs
[2025-12-11T00:49:32.366+0000] {logging_mixin.py:154} INFO - [2025-12-11T00:49:32.366+0000] {dag.py:3722} INFO - Setting next_dagrun for example_bash_operator to 2025-12-10T00:00:00+00:00, run_after=2025-12-11T00:00:00+00:00
[2025-12-11T00:49:32.378+0000] {processor.py:179} INFO - Processing /home/airflow/.local/lib/python3.8/site-packages/airflow/example_dags/example_bash_operator.py took 0.064 seconds
[2025-12-11T00:50:02.505+0000] {processor.py:157} INFO - Started process (PID=1453) to work on /home/airflow/.local/lib/python3.8/site-packages/airflow/example_dags/example_bash_operator.py
[2025-12-11T00:50:02.505+0000] {processor.py:829} INFO - Processing file /home/airflow/.local/lib/python3.8/site-packages/airflow/example_dags/example_bash_operator.py for tasks to queue
[2025-12-11T00:50:02.506+0000] {logging_mixin.py:154} INFO - [2025-12-11T00:50:02.506+0000] {dagbag.py:536} INFO - Filling up the DagBag from /home/airflow/.local/lib/python3.8/site-packages/airflow/example_dags/example_bash_operator.py
[2025-12-11T00:50:02.514+0000] {processor.py:839} INFO - DAG(s) dict_keys(['example_bash_operator']) retrieved from /home/airflow/.local/lib/python3.8/site-packages/airflow/example_dags/example_bash_operator.py
[2025-12-11T00:50:02.530+0000] {logging_mixin.py:154} INFO - [2025-12-11T00:50:02.530+0000] {dag.py:2941} INFO - Sync 1 DAGs
[2025-12-11T00:50:02.543+0000] {logging_mixin.py:154} INFO - [2025-12-11T00:50:02.543+0000] {dag.py:3722} INFO - Setting next_dagrun for example_bash_operator to 2025-12-10T00:00:00+00:00, run_after=2025-12-11T00:00:00+00:00
[2025-12-11T00:50:02.554+0000] {processor.py:179} INFO - Processing /home/airflow/.local/lib/python3.8/site-packages/airflow/example_dags/example_bash_operator.py took 0.051 seconds
[2025-12-11T00:50:32.832+0000] {processor.py:157} INFO - Started process (PID=1508) to work on /home/airflow/.local/lib/python3.8/site-packages/airflow/example_dags/example_bash_operator.py
[2025-12-11T00:50:32.833+0000] {processor.py:829} INFO - Processing file /home/airflow/.local/lib/python3.8/site-packages/airflow/example_dags/example_bash_operator.py for tasks to queue
[2025-12-11T00:50:32.836+0000] {logging_mixin.py:154} INFO - [2025-12-11T00:50:32.835+0000] {dagbag.py:536} INFO - Filling up the DagBag from /home/airflow/.local/lib/python3.8/site-packages/airflow/example_dags/example_bash_operator.py
[2025-12-11T00:50:32.897+0000] {processor.py:839} INFO - DAG(s) dict_keys(['example_bash_operator']) retrieved from /home/airflow/.local/lib/python3.8/site-packages/airflow/example_dags/example_bash_operator.py
[2025-12-11T00:50:33.085+0000] {logging_mixin.py:154} INFO - [2025-12-11T00:50:33.085+0000] {dag.py:2941} INFO - Sync 1 DAGs
[2025-12-11T00:50:33.101+0000] {logging_mixin.py:154} INFO - [2025-12-11T00:50:33.101+0000] {dag.py:3722} INFO - Setting next_dagrun for example_bash_operator to 2025-12-10T00:00:00+00:00, run_after=2025-12-11T00:00:00+00:00
[2025-12-11T00:50:33.120+0000] {processor.py:179} INFO - Processing /home/airflow/.local/lib/python3.8/site-packages/airflow/example_dags/example_bash_operator.py took 0.306 seconds
[2025-12-11T00:51:03.452+0000] {processor.py:157} INFO - Started process (PID=1563) to work on /home/airflow/.local/lib/python3.8/site-packages/airflow/example_dags/example_bash_operator.py
[2025-12-11T00:51:03.453+0000] {processor.py:829} INFO - Processing file /home/airflow/.local/lib/python3.8/site-packages/airflow/example_dags/example_bash_operator.py for tasks to queue
[2025-12-11T00:51:03.455+0000] {logging_mixin.py:154} INFO - [2025-12-11T00:51:03.454+0000] {dagbag.py:536} INFO - Filling up the DagBag from /home/airflow/.local/lib/python3.8/site-packages/airflow/example_dags/example_bash_operator.py
[2025-12-11T00:51:03.467+0000] {processor.py:839} INFO - DAG(s) dict_keys(['example_bash_operator']) retrieved from /home/airflow/.local/lib/python3.8/site-packages/airflow/example_dags/example_bash_operator.py
[2025-12-11T00:51:03.487+0000] {logging_mixin.py:154} INFO - [2025-12-11T00:51:03.486+0000] {dag.py:2941} INFO - Sync 1 DAGs
[2025-12-11T00:51:03.500+0000] {logging_mixin.py:154} INFO - [2025-12-11T00:51:03.500+0000] {dag.py:3722} INFO - Setting next_dagrun for example_bash_operator to 2025-12-10T00:00:00+00:00, run_after=2025-12-11T00:00:00+00:00
[2025-12-11T00:51:03.512+0000] {processor.py:179} INFO - Processing /home/airflow/.local/lib/python3.8/site-packages/airflow/example_dags/example_bash_operator.py took 0.064 seconds
[2025-12-11T00:51:33.658+0000] {processor.py:157} INFO - Started process (PID=1618) to work on /home/airflow/.local/lib/python3.8/site-packages/airflow/example_dags/example_bash_operator.py
[2025-12-11T00:51:33.658+0000] {processor.py:829} INFO - Processing file /home/airflow/.local/lib/python3.8/site-packages/airflow/example_dags/example_bash_operator.py for tasks to queue
[2025-12-11T00:51:33.660+0000] {logging_mixin.py:154} INFO - [2025-12-11T00:51:33.660+0000] {dagbag.py:536} INFO - Filling up the DagBag from /home/airflow/.local/lib/python3.8/site-packages/airflow/example_dags/example_bash_operator.py
[2025-12-11T00:51:33.666+0000] {processor.py:839} INFO - DAG(s) dict_keys(['example_bash_operator']) retrieved from /home/airflow/.local/lib/python3.8/site-packages/airflow/example_dags/example_bash_operator.py
[2025-12-11T00:51:33.683+0000] {logging_mixin.py:154} INFO - [2025-12-11T00:51:33.683+0000] {dag.py:2941} INFO - Sync 1 DAGs
[2025-12-11T00:51:33.696+0000] {logging_mixin.py:154} INFO - [2025-12-11T00:51:33.696+0000] {dag.py:3722} INFO - Setting next_dagrun for example_bash_operator to 2025-12-10T00:00:00+00:00, run_after=2025-12-11T00:00:00+00:00
[2025-12-11T00:51:33.708+0000] {processor.py:179} INFO - Processing /home/airflow/.local/lib/python3.8/site-packages/airflow/example_dags/example_bash_operator.py took 0.052 seconds
[2025-12-11T00:52:03.804+0000] {processor.py:157} INFO - Started process (PID=1673) to work on /home/airflow/.local/lib/python3.8/site-packages/airflow/example_dags/example_bash_operator.py
[2025-12-11T00:52:03.805+0000] {processor.py:829} INFO - Processing file /home/airflow/.local/lib/python3.8/site-packages/airflow/example_dags/example_bash_operator.py for tasks to queue
[2025-12-11T00:52:03.806+0000] {logging_mixin.py:154} INFO - [2025-12-11T00:52:03.806+0000] {dagbag.py:536} INFO - Filling up the DagBag from /home/airflow/.local/lib/python3.8/site-packages/airflow/example_dags/example_bash_operator.py
[2025-12-11T00:52:03.814+0000] {processor.py:839} INFO - DAG(s) dict_keys(['example_bash_operator']) retrieved from /home/airflow/.local/lib/python3.8/site-packages/airflow/example_dags/example_bash_operator.py
[2025-12-11T00:52:03.833+0000] {logging_mixin.py:154} INFO - [2025-12-11T00:52:03.833+0000] {dag.py:2941} INFO - Sync 1 DAGs
[2025-12-11T00:52:03.846+0000] {logging_mixin.py:154} INFO - [2025-12-11T00:52:03.846+0000] {dag.py:3722} INFO - Setting next_dagrun for example_bash_operator to 2025-12-10T00:00:00+00:00, run_after=2025-12-11T00:00:00+00:00
[2025-12-11T00:52:03.859+0000] {processor.py:179} INFO - Processing /home/airflow/.local/lib/python3.8/site-packages/airflow/example_dags/example_bash_operator.py took 0.057 seconds
[2025-12-11T00:52:34.077+0000] {processor.py:157} INFO - Started process (PID=1728) to work on /home/airflow/.local/lib/python3.8/site-packages/airflow/example_dags/example_bash_operator.py
[2025-12-11T00:52:34.079+0000] {processor.py:829} INFO - Processing file /home/airflow/.local/lib/python3.8/site-packages/airflow/example_dags/example_bash_operator.py for tasks to queue
[2025-12-11T00:52:34.081+0000] {logging_mixin.py:154} INFO - [2025-12-11T00:52:34.081+0000] {dagbag.py:536} INFO - Filling up the DagBag from /home/airflow/.local/lib/python3.8/site-packages/airflow/example_dags/example_bash_operator.py
[2025-12-11T00:52:34.090+0000] {processor.py:839} INFO - DAG(s) dict_keys(['example_bash_operator']) retrieved from /home/airflow/.local/lib/python3.8/site-packages/airflow/example_dags/example_bash_operator.py
[2025-12-11T00:52:34.107+0000] {logging_mixin.py:154} INFO - [2025-12-11T00:52:34.107+0000] {dag.py:2941} INFO - Sync 1 DAGs
[2025-12-11T00:52:34.121+0000] {logging_mixin.py:154} INFO - [2025-12-11T00:52:34.121+0000] {dag.py:3722} INFO - Setting next_dagrun for example_bash_operator to 2025-12-10T00:00:00+00:00, run_after=2025-12-11T00:00:00+00:00
[2025-12-11T00:52:34.131+0000] {processor.py:179} INFO - Processing /home/airflow/.local/lib/python3.8/site-packages/airflow/example_dags/example_bash_operator.py took 0.057 seconds
[2025-12-11T00:53:04.723+0000] {processor.py:157} INFO - Started process (PID=1783) to work on /home/airflow/.local/lib/python3.8/site-packages/airflow/example_dags/example_bash_operator.py
[2025-12-11T00:53:04.723+0000] {processor.py:829} INFO - Processing file /home/airflow/.local/lib/python3.8/site-packages/airflow/example_dags/example_bash_operator.py for tasks to queue
[2025-12-11T00:53:04.724+0000] {logging_mixin.py:154} INFO - [2025-12-11T00:53:04.724+0000] {dagbag.py:536} INFO - Filling up the DagBag from /home/airflow/.local/lib/python3.8/site-packages/airflow/example_dags/example_bash_operator.py
[2025-12-11T00:53:04.732+0000] {processor.py:839} INFO - DAG(s) dict_keys(['example_bash_operator']) retrieved from /home/airflow/.local/lib/python3.8/site-packages/airflow/example_dags/example_bash_operator.py
[2025-12-11T00:53:04.753+0000] {logging_mixin.py:154} INFO - [2025-12-11T00:53:04.752+0000] {dag.py:2941} INFO - Sync 1 DAGs
[2025-12-11T00:53:04.766+0000] {logging_mixin.py:154} INFO - [2025-12-11T00:53:04.766+0000] {dag.py:3722} INFO - Setting next_dagrun for example_bash_operator to 2025-12-10T00:00:00+00:00, run_after=2025-12-11T00:00:00+00:00
[2025-12-11T00:53:04.780+0000] {processor.py:179} INFO - Processing /home/airflow/.local/lib/python3.8/site-packages/airflow/example_dags/example_bash_operator.py took 0.060 seconds
[2025-12-11T00:53:35.158+0000] {processor.py:157} INFO - Started process (PID=1838) to work on /home/airflow/.local/lib/python3.8/site-packages/airflow/example_dags/example_bash_operator.py
[2025-12-11T00:53:35.158+0000] {processor.py:829} INFO - Processing file /home/airflow/.local/lib/python3.8/site-packages/airflow/example_dags/example_bash_operator.py for tasks to queue
[2025-12-11T00:53:35.159+0000] {logging_mixin.py:154} INFO - [2025-12-11T00:53:35.159+0000] {dagbag.py:536} INFO - Filling up the DagBag from /home/airflow/.local/lib/python3.8/site-packages/airflow/example_dags/example_bash_operator.py
[2025-12-11T00:53:35.166+0000] {processor.py:839} INFO - DAG(s) dict_keys(['example_bash_operator']) retrieved from /home/airflow/.local/lib/python3.8/site-packages/airflow/example_dags/example_bash_operator.py
[2025-12-11T00:53:35.184+0000] {logging_mixin.py:154} INFO - [2025-12-11T00:53:35.184+0000] {dag.py:2941} INFO - Sync 1 DAGs
[2025-12-11T00:53:35.198+0000] {logging_mixin.py:154} INFO - [2025-12-11T00:53:35.198+0000] {dag.py:3722} INFO - Setting next_dagrun for example_bash_operator to 2025-12-10T00:00:00+00:00, run_after=2025-12-11T00:00:00+00:00
[2025-12-11T00:53:35.209+0000] {processor.py:179} INFO - Processing /home/airflow/.local/lib/python3.8/site-packages/airflow/example_dags/example_bash_operator.py took 0.053 seconds
[2025-12-11T00:54:05.618+0000] {processor.py:157} INFO - Started process (PID=1894) to work on /home/airflow/.local/lib/python3.8/site-packages/airflow/example_dags/example_bash_operator.py
[2025-12-11T00:54:05.619+0000] {processor.py:829} INFO - Processing file /home/airflow/.local/lib/python3.8/site-packages/airflow/example_dags/example_bash_operator.py for tasks to queue
[2025-12-11T00:54:05.620+0000] {logging_mixin.py:154} INFO - [2025-12-11T00:54:05.620+0000] {dagbag.py:536} INFO - Filling up the DagBag from /home/airflow/.local/lib/python3.8/site-packages/airflow/example_dags/example_bash_operator.py
[2025-12-11T00:54:05.629+0000] {processor.py:839} INFO - DAG(s) dict_keys(['example_bash_operator']) retrieved from /home/airflow/.local/lib/python3.8/site-packages/airflow/example_dags/example_bash_operator.py
[2025-12-11T00:54:05.659+0000] {logging_mixin.py:154} INFO - [2025-12-11T00:54:05.659+0000] {dag.py:2941} INFO - Sync 1 DAGs
[2025-12-11T00:54:05.677+0000] {logging_mixin.py:154} INFO - [2025-12-11T00:54:05.677+0000] {dag.py:3722} INFO - Setting next_dagrun for example_bash_operator to 2025-12-10T00:00:00+00:00, run_after=2025-12-11T00:00:00+00:00
[2025-12-11T00:54:05.697+0000] {processor.py:179} INFO - Processing /home/airflow/.local/lib/python3.8/site-packages/airflow/example_dags/example_bash_operator.py took 0.081 seconds
[2025-12-11T00:54:35.968+0000] {processor.py:157} INFO - Started process (PID=1949) to work on /home/airflow/.local/lib/python3.8/site-packages/airflow/example_dags/example_bash_operator.py
[2025-12-11T00:54:35.969+0000] {processor.py:829} INFO - Processing file /home/airflow/.local/lib/python3.8/site-packages/airflow/example_dags/example_bash_operator.py for tasks to queue
[2025-12-11T00:54:35.971+0000] {logging_mixin.py:154} INFO - [2025-12-11T00:54:35.971+0000] {dagbag.py:536} INFO - Filling up the DagBag from /home/airflow/.local/lib/python3.8/site-packages/airflow/example_dags/example_bash_operator.py
[2025-12-11T00:54:35.979+0000] {processor.py:839} INFO - DAG(s) dict_keys(['example_bash_operator']) retrieved from /home/airflow/.local/lib/python3.8/site-packages/airflow/example_dags/example_bash_operator.py
[2025-12-11T00:54:35.998+0000] {logging_mixin.py:154} INFO - [2025-12-11T00:54:35.998+0000] {dag.py:2941} INFO - Sync 1 DAGs
[2025-12-11T00:54:36.013+0000] {logging_mixin.py:154} INFO - [2025-12-11T00:54:36.013+0000] {dag.py:3722} INFO - Setting next_dagrun for example_bash_operator to 2025-12-10T00:00:00+00:00, run_after=2025-12-11T00:00:00+00:00
[2025-12-11T00:54:36.025+0000] {processor.py:179} INFO - Processing /home/airflow/.local/lib/python3.8/site-packages/airflow/example_dags/example_bash_operator.py took 0.060 seconds
[2025-12-11T00:55:06.246+0000] {processor.py:157} INFO - Started process (PID=2004) to work on /home/airflow/.local/lib/python3.8/site-packages/airflow/example_dags/example_bash_operator.py
[2025-12-11T00:55:06.247+0000] {processor.py:829} INFO - Processing file /home/airflow/.local/lib/python3.8/site-packages/airflow/example_dags/example_bash_operator.py for tasks to queue
[2025-12-11T00:55:06.249+0000] {logging_mixin.py:154} INFO - [2025-12-11T00:55:06.248+0000] {dagbag.py:536} INFO - Filling up the DagBag from /home/airflow/.local/lib/python3.8/site-packages/airflow/example_dags/example_bash_operator.py
[2025-12-11T00:55:06.261+0000] {processor.py:839} INFO - DAG(s) dict_keys(['example_bash_operator']) retrieved from /home/airflow/.local/lib/python3.8/site-packages/airflow/example_dags/example_bash_operator.py
[2025-12-11T00:55:06.283+0000] {logging_mixin.py:154} INFO - [2025-12-11T00:55:06.283+0000] {dag.py:2941} INFO - Sync 1 DAGs
[2025-12-11T00:55:06.304+0000] {logging_mixin.py:154} INFO - [2025-12-11T00:55:06.304+0000] {dag.py:3722} INFO - Setting next_dagrun for example_bash_operator to 2025-12-10T00:00:00+00:00, run_after=2025-12-11T00:00:00+00:00
[2025-12-11T00:55:06.316+0000] {processor.py:179} INFO - Processing /home/airflow/.local/lib/python3.8/site-packages/airflow/example_dags/example_bash_operator.py took 0.073 seconds
