[2025-12-11T00:38:16.964+0000] {processor.py:157} INFO - Started process (PID=204) to work on /home/airflow/.local/lib/python3.8/site-packages/airflow/example_dags/example_skip_dag.py
[2025-12-11T00:38:16.964+0000] {processor.py:829} INFO - Processing file /home/airflow/.local/lib/python3.8/site-packages/airflow/example_dags/example_skip_dag.py for tasks to queue
[2025-12-11T00:38:16.965+0000] {logging_mixin.py:154} INFO - [2025-12-11T00:38:16.965+0000] {dagbag.py:536} INFO - Filling up the DagBag from /home/airflow/.local/lib/python3.8/site-packages/airflow/example_dags/example_skip_dag.py
[2025-12-11T00:38:16.971+0000] {processor.py:839} INFO - DAG(s) dict_keys(['example_skip_dag']) retrieved from /home/airflow/.local/lib/python3.8/site-packages/airflow/example_dags/example_skip_dag.py
[2025-12-11T00:38:16.979+0000] {logging_mixin.py:154} INFO - [2025-12-11T00:38:16.979+0000] {dag.py:2941} INFO - Sync 1 DAGs
[2025-12-11T00:38:16.994+0000] {logging_mixin.py:154} INFO - [2025-12-11T00:38:16.993+0000] {dag.py:3722} INFO - Setting next_dagrun for example_skip_dag to 2025-12-10T00:38:16.993841+00:00, run_after=2025-12-11T00:38:16.993841+00:00
[2025-12-11T00:38:17.006+0000] {processor.py:179} INFO - Processing /home/airflow/.local/lib/python3.8/site-packages/airflow/example_dags/example_skip_dag.py took 0.045 seconds
[2025-12-11T00:38:47.441+0000] {processor.py:157} INFO - Started process (PID=263) to work on /home/airflow/.local/lib/python3.8/site-packages/airflow/example_dags/example_skip_dag.py
[2025-12-11T00:38:47.442+0000] {processor.py:829} INFO - Processing file /home/airflow/.local/lib/python3.8/site-packages/airflow/example_dags/example_skip_dag.py for tasks to queue
[2025-12-11T00:38:47.443+0000] {logging_mixin.py:154} INFO - [2025-12-11T00:38:47.443+0000] {dagbag.py:536} INFO - Filling up the DagBag from /home/airflow/.local/lib/python3.8/site-packages/airflow/example_dags/example_skip_dag.py
[2025-12-11T00:38:47.447+0000] {processor.py:839} INFO - DAG(s) dict_keys(['example_skip_dag']) retrieved from /home/airflow/.local/lib/python3.8/site-packages/airflow/example_dags/example_skip_dag.py
[2025-12-11T00:38:47.461+0000] {logging_mixin.py:154} INFO - [2025-12-11T00:38:47.461+0000] {dag.py:2941} INFO - Sync 1 DAGs
[2025-12-11T00:38:47.475+0000] {logging_mixin.py:154} INFO - [2025-12-11T00:38:47.475+0000] {dag.py:3722} INFO - Setting next_dagrun for example_skip_dag to 2025-12-10T00:38:47.475091+00:00, run_after=2025-12-11T00:38:47.475091+00:00
[2025-12-11T00:38:47.503+0000] {processor.py:179} INFO - Processing /home/airflow/.local/lib/python3.8/site-packages/airflow/example_dags/example_skip_dag.py took 0.065 seconds
[2025-12-11T00:39:17.920+0000] {processor.py:157} INFO - Started process (PID=318) to work on /home/airflow/.local/lib/python3.8/site-packages/airflow/example_dags/example_skip_dag.py
[2025-12-11T00:39:17.920+0000] {processor.py:829} INFO - Processing file /home/airflow/.local/lib/python3.8/site-packages/airflow/example_dags/example_skip_dag.py for tasks to queue
[2025-12-11T00:39:17.921+0000] {logging_mixin.py:154} INFO - [2025-12-11T00:39:17.921+0000] {dagbag.py:536} INFO - Filling up the DagBag from /home/airflow/.local/lib/python3.8/site-packages/airflow/example_dags/example_skip_dag.py
[2025-12-11T00:39:17.933+0000] {processor.py:839} INFO - DAG(s) dict_keys(['example_skip_dag']) retrieved from /home/airflow/.local/lib/python3.8/site-packages/airflow/example_dags/example_skip_dag.py
[2025-12-11T00:39:17.947+0000] {logging_mixin.py:154} INFO - [2025-12-11T00:39:17.947+0000] {dag.py:2941} INFO - Sync 1 DAGs
[2025-12-11T00:39:17.960+0000] {logging_mixin.py:154} INFO - [2025-12-11T00:39:17.960+0000] {dag.py:3722} INFO - Setting next_dagrun for example_skip_dag to 2025-12-10T00:39:17.960029+00:00, run_after=2025-12-11T00:39:17.960029+00:00
[2025-12-11T00:39:17.992+0000] {processor.py:179} INFO - Processing /home/airflow/.local/lib/python3.8/site-packages/airflow/example_dags/example_skip_dag.py took 0.074 seconds
[2025-12-11T00:39:48.179+0000] {processor.py:157} INFO - Started process (PID=373) to work on /home/airflow/.local/lib/python3.8/site-packages/airflow/example_dags/example_skip_dag.py
[2025-12-11T00:39:48.180+0000] {processor.py:829} INFO - Processing file /home/airflow/.local/lib/python3.8/site-packages/airflow/example_dags/example_skip_dag.py for tasks to queue
[2025-12-11T00:39:48.181+0000] {logging_mixin.py:154} INFO - [2025-12-11T00:39:48.181+0000] {dagbag.py:536} INFO - Filling up the DagBag from /home/airflow/.local/lib/python3.8/site-packages/airflow/example_dags/example_skip_dag.py
[2025-12-11T00:39:48.185+0000] {processor.py:839} INFO - DAG(s) dict_keys(['example_skip_dag']) retrieved from /home/airflow/.local/lib/python3.8/site-packages/airflow/example_dags/example_skip_dag.py
[2025-12-11T00:39:48.202+0000] {logging_mixin.py:154} INFO - [2025-12-11T00:39:48.202+0000] {dag.py:2941} INFO - Sync 1 DAGs
[2025-12-11T00:39:48.216+0000] {logging_mixin.py:154} INFO - [2025-12-11T00:39:48.216+0000] {dag.py:3722} INFO - Setting next_dagrun for example_skip_dag to 2025-12-10T00:39:48.215959+00:00, run_after=2025-12-11T00:39:48.215959+00:00
[2025-12-11T00:39:48.246+0000] {processor.py:179} INFO - Processing /home/airflow/.local/lib/python3.8/site-packages/airflow/example_dags/example_skip_dag.py took 0.070 seconds
[2025-12-11T00:40:25.513+0000] {processor.py:157} INFO - Started process (PID=435) to work on /home/airflow/.local/lib/python3.8/site-packages/airflow/example_dags/example_skip_dag.py
[2025-12-11T00:40:25.514+0000] {processor.py:829} INFO - Processing file /home/airflow/.local/lib/python3.8/site-packages/airflow/example_dags/example_skip_dag.py for tasks to queue
[2025-12-11T00:40:25.515+0000] {logging_mixin.py:154} INFO - [2025-12-11T00:40:25.515+0000] {dagbag.py:536} INFO - Filling up the DagBag from /home/airflow/.local/lib/python3.8/site-packages/airflow/example_dags/example_skip_dag.py
[2025-12-11T00:40:25.519+0000] {processor.py:839} INFO - DAG(s) dict_keys(['example_skip_dag']) retrieved from /home/airflow/.local/lib/python3.8/site-packages/airflow/example_dags/example_skip_dag.py
[2025-12-11T00:40:25.533+0000] {logging_mixin.py:154} INFO - [2025-12-11T00:40:25.533+0000] {dag.py:2941} INFO - Sync 1 DAGs
[2025-12-11T00:40:25.546+0000] {logging_mixin.py:154} INFO - [2025-12-11T00:40:25.546+0000] {dag.py:3722} INFO - Setting next_dagrun for example_skip_dag to 2025-12-10T00:40:25.546038+00:00, run_after=2025-12-11T00:40:25.546038+00:00
[2025-12-11T00:40:25.559+0000] {processor.py:179} INFO - Processing /home/airflow/.local/lib/python3.8/site-packages/airflow/example_dags/example_skip_dag.py took 0.048 seconds
[2025-12-11T00:40:56.247+0000] {processor.py:157} INFO - Started process (PID=490) to work on /home/airflow/.local/lib/python3.8/site-packages/airflow/example_dags/example_skip_dag.py
[2025-12-11T00:40:56.248+0000] {processor.py:829} INFO - Processing file /home/airflow/.local/lib/python3.8/site-packages/airflow/example_dags/example_skip_dag.py for tasks to queue
[2025-12-11T00:40:56.249+0000] {logging_mixin.py:154} INFO - [2025-12-11T00:40:56.249+0000] {dagbag.py:536} INFO - Filling up the DagBag from /home/airflow/.local/lib/python3.8/site-packages/airflow/example_dags/example_skip_dag.py
[2025-12-11T00:40:56.255+0000] {processor.py:839} INFO - DAG(s) dict_keys(['example_skip_dag']) retrieved from /home/airflow/.local/lib/python3.8/site-packages/airflow/example_dags/example_skip_dag.py
[2025-12-11T00:40:56.269+0000] {logging_mixin.py:154} INFO - [2025-12-11T00:40:56.269+0000] {dag.py:2941} INFO - Sync 1 DAGs
[2025-12-11T00:40:56.282+0000] {logging_mixin.py:154} INFO - [2025-12-11T00:40:56.282+0000] {dag.py:3722} INFO - Setting next_dagrun for example_skip_dag to 2025-12-10T00:40:56.282272+00:00, run_after=2025-12-11T00:40:56.282272+00:00
[2025-12-11T00:40:56.294+0000] {processor.py:179} INFO - Processing /home/airflow/.local/lib/python3.8/site-packages/airflow/example_dags/example_skip_dag.py took 0.050 seconds
[2025-12-11T00:41:33.580+0000] {processor.py:157} INFO - Started process (PID=545) to work on /home/airflow/.local/lib/python3.8/site-packages/airflow/example_dags/example_skip_dag.py
[2025-12-11T00:41:33.581+0000] {processor.py:829} INFO - Processing file /home/airflow/.local/lib/python3.8/site-packages/airflow/example_dags/example_skip_dag.py for tasks to queue
[2025-12-11T00:41:33.582+0000] {logging_mixin.py:154} INFO - [2025-12-11T00:41:33.582+0000] {dagbag.py:536} INFO - Filling up the DagBag from /home/airflow/.local/lib/python3.8/site-packages/airflow/example_dags/example_skip_dag.py
[2025-12-11T00:41:33.586+0000] {processor.py:839} INFO - DAG(s) dict_keys(['example_skip_dag']) retrieved from /home/airflow/.local/lib/python3.8/site-packages/airflow/example_dags/example_skip_dag.py
[2025-12-11T00:41:33.603+0000] {logging_mixin.py:154} INFO - [2025-12-11T00:41:33.603+0000] {dag.py:2941} INFO - Sync 1 DAGs
[2025-12-11T00:41:33.616+0000] {logging_mixin.py:154} INFO - [2025-12-11T00:41:33.616+0000] {dag.py:3722} INFO - Setting next_dagrun for example_skip_dag to 2025-12-10T00:41:33.615999+00:00, run_after=2025-12-11T00:41:33.615999+00:00
[2025-12-11T00:41:33.626+0000] {processor.py:179} INFO - Processing /home/airflow/.local/lib/python3.8/site-packages/airflow/example_dags/example_skip_dag.py took 0.048 seconds
[2025-12-11T00:42:06.243+0000] {processor.py:157} INFO - Started process (PID=600) to work on /home/airflow/.local/lib/python3.8/site-packages/airflow/example_dags/example_skip_dag.py
[2025-12-11T00:42:06.244+0000] {processor.py:829} INFO - Processing file /home/airflow/.local/lib/python3.8/site-packages/airflow/example_dags/example_skip_dag.py for tasks to queue
[2025-12-11T00:42:06.245+0000] {logging_mixin.py:154} INFO - [2025-12-11T00:42:06.245+0000] {dagbag.py:536} INFO - Filling up the DagBag from /home/airflow/.local/lib/python3.8/site-packages/airflow/example_dags/example_skip_dag.py
[2025-12-11T00:42:06.250+0000] {processor.py:839} INFO - DAG(s) dict_keys(['example_skip_dag']) retrieved from /home/airflow/.local/lib/python3.8/site-packages/airflow/example_dags/example_skip_dag.py
[2025-12-11T00:42:06.262+0000] {logging_mixin.py:154} INFO - [2025-12-11T00:42:06.262+0000] {dag.py:2941} INFO - Sync 1 DAGs
[2025-12-11T00:42:06.276+0000] {logging_mixin.py:154} INFO - [2025-12-11T00:42:06.276+0000] {dag.py:3722} INFO - Setting next_dagrun for example_skip_dag to 2025-12-10T00:42:06.275965+00:00, run_after=2025-12-11T00:42:06.275965+00:00
[2025-12-11T00:42:06.298+0000] {processor.py:179} INFO - Processing /home/airflow/.local/lib/python3.8/site-packages/airflow/example_dags/example_skip_dag.py took 0.057 seconds
[2025-12-11T00:42:37.044+0000] {processor.py:157} INFO - Started process (PID=655) to work on /home/airflow/.local/lib/python3.8/site-packages/airflow/example_dags/example_skip_dag.py
[2025-12-11T00:42:37.045+0000] {processor.py:829} INFO - Processing file /home/airflow/.local/lib/python3.8/site-packages/airflow/example_dags/example_skip_dag.py for tasks to queue
[2025-12-11T00:42:37.046+0000] {logging_mixin.py:154} INFO - [2025-12-11T00:42:37.045+0000] {dagbag.py:536} INFO - Filling up the DagBag from /home/airflow/.local/lib/python3.8/site-packages/airflow/example_dags/example_skip_dag.py
[2025-12-11T00:42:37.050+0000] {processor.py:839} INFO - DAG(s) dict_keys(['example_skip_dag']) retrieved from /home/airflow/.local/lib/python3.8/site-packages/airflow/example_dags/example_skip_dag.py
[2025-12-11T00:42:37.062+0000] {logging_mixin.py:154} INFO - [2025-12-11T00:42:37.062+0000] {dag.py:2941} INFO - Sync 1 DAGs
[2025-12-11T00:42:37.075+0000] {logging_mixin.py:154} INFO - [2025-12-11T00:42:37.075+0000] {dag.py:3722} INFO - Setting next_dagrun for example_skip_dag to 2025-12-10T00:42:37.075196+00:00, run_after=2025-12-11T00:42:37.075196+00:00
[2025-12-11T00:42:37.085+0000] {processor.py:179} INFO - Processing /home/airflow/.local/lib/python3.8/site-packages/airflow/example_dags/example_skip_dag.py took 0.043 seconds
[2025-12-11T00:43:07.944+0000] {processor.py:157} INFO - Started process (PID=710) to work on /home/airflow/.local/lib/python3.8/site-packages/airflow/example_dags/example_skip_dag.py
[2025-12-11T00:43:07.945+0000] {processor.py:829} INFO - Processing file /home/airflow/.local/lib/python3.8/site-packages/airflow/example_dags/example_skip_dag.py for tasks to queue
[2025-12-11T00:43:07.946+0000] {logging_mixin.py:154} INFO - [2025-12-11T00:43:07.946+0000] {dagbag.py:536} INFO - Filling up the DagBag from /home/airflow/.local/lib/python3.8/site-packages/airflow/example_dags/example_skip_dag.py
[2025-12-11T00:43:07.952+0000] {processor.py:839} INFO - DAG(s) dict_keys(['example_skip_dag']) retrieved from /home/airflow/.local/lib/python3.8/site-packages/airflow/example_dags/example_skip_dag.py
[2025-12-11T00:43:07.965+0000] {logging_mixin.py:154} INFO - [2025-12-11T00:43:07.965+0000] {dag.py:2941} INFO - Sync 1 DAGs
[2025-12-11T00:43:07.978+0000] {logging_mixin.py:154} INFO - [2025-12-11T00:43:07.978+0000] {dag.py:3722} INFO - Setting next_dagrun for example_skip_dag to 2025-12-10T00:43:07.978582+00:00, run_after=2025-12-11T00:43:07.978582+00:00
[2025-12-11T00:43:07.989+0000] {processor.py:179} INFO - Processing /home/airflow/.local/lib/python3.8/site-packages/airflow/example_dags/example_skip_dag.py took 0.048 seconds
[2025-12-11T00:43:38.889+0000] {processor.py:157} INFO - Started process (PID=765) to work on /home/airflow/.local/lib/python3.8/site-packages/airflow/example_dags/example_skip_dag.py
[2025-12-11T00:43:38.890+0000] {processor.py:829} INFO - Processing file /home/airflow/.local/lib/python3.8/site-packages/airflow/example_dags/example_skip_dag.py for tasks to queue
[2025-12-11T00:43:38.891+0000] {logging_mixin.py:154} INFO - [2025-12-11T00:43:38.891+0000] {dagbag.py:536} INFO - Filling up the DagBag from /home/airflow/.local/lib/python3.8/site-packages/airflow/example_dags/example_skip_dag.py
[2025-12-11T00:43:38.895+0000] {processor.py:839} INFO - DAG(s) dict_keys(['example_skip_dag']) retrieved from /home/airflow/.local/lib/python3.8/site-packages/airflow/example_dags/example_skip_dag.py
[2025-12-11T00:43:38.910+0000] {logging_mixin.py:154} INFO - [2025-12-11T00:43:38.910+0000] {dag.py:2941} INFO - Sync 1 DAGs
[2025-12-11T00:43:38.924+0000] {logging_mixin.py:154} INFO - [2025-12-11T00:43:38.923+0000] {dag.py:3722} INFO - Setting next_dagrun for example_skip_dag to 2025-12-10T00:43:38.923807+00:00, run_after=2025-12-11T00:43:38.923807+00:00
[2025-12-11T00:43:38.935+0000] {processor.py:179} INFO - Processing /home/airflow/.local/lib/python3.8/site-packages/airflow/example_dags/example_skip_dag.py took 0.048 seconds
[2025-12-11T00:44:09.626+0000] {processor.py:157} INFO - Started process (PID=821) to work on /home/airflow/.local/lib/python3.8/site-packages/airflow/example_dags/example_skip_dag.py
[2025-12-11T00:44:09.626+0000] {processor.py:829} INFO - Processing file /home/airflow/.local/lib/python3.8/site-packages/airflow/example_dags/example_skip_dag.py for tasks to queue
[2025-12-11T00:44:09.629+0000] {logging_mixin.py:154} INFO - [2025-12-11T00:44:09.628+0000] {dagbag.py:536} INFO - Filling up the DagBag from /home/airflow/.local/lib/python3.8/site-packages/airflow/example_dags/example_skip_dag.py
[2025-12-11T00:44:09.635+0000] {processor.py:839} INFO - DAG(s) dict_keys(['example_skip_dag']) retrieved from /home/airflow/.local/lib/python3.8/site-packages/airflow/example_dags/example_skip_dag.py
[2025-12-11T00:44:09.649+0000] {logging_mixin.py:154} INFO - [2025-12-11T00:44:09.649+0000] {dag.py:2941} INFO - Sync 1 DAGs
[2025-12-11T00:44:09.662+0000] {logging_mixin.py:154} INFO - [2025-12-11T00:44:09.662+0000] {dag.py:3722} INFO - Setting next_dagrun for example_skip_dag to 2025-12-10T00:44:09.662095+00:00, run_after=2025-12-11T00:44:09.662095+00:00
[2025-12-11T00:44:09.673+0000] {processor.py:179} INFO - Processing /home/airflow/.local/lib/python3.8/site-packages/airflow/example_dags/example_skip_dag.py took 0.050 seconds
[2025-12-11T00:44:40.103+0000] {processor.py:157} INFO - Started process (PID=876) to work on /home/airflow/.local/lib/python3.8/site-packages/airflow/example_dags/example_skip_dag.py
[2025-12-11T00:44:40.104+0000] {processor.py:829} INFO - Processing file /home/airflow/.local/lib/python3.8/site-packages/airflow/example_dags/example_skip_dag.py for tasks to queue
[2025-12-11T00:44:40.105+0000] {logging_mixin.py:154} INFO - [2025-12-11T00:44:40.105+0000] {dagbag.py:536} INFO - Filling up the DagBag from /home/airflow/.local/lib/python3.8/site-packages/airflow/example_dags/example_skip_dag.py
[2025-12-11T00:44:40.108+0000] {processor.py:839} INFO - DAG(s) dict_keys(['example_skip_dag']) retrieved from /home/airflow/.local/lib/python3.8/site-packages/airflow/example_dags/example_skip_dag.py
[2025-12-11T00:44:40.121+0000] {logging_mixin.py:154} INFO - [2025-12-11T00:44:40.121+0000] {dag.py:2941} INFO - Sync 1 DAGs
[2025-12-11T00:44:40.134+0000] {logging_mixin.py:154} INFO - [2025-12-11T00:44:40.134+0000] {dag.py:3722} INFO - Setting next_dagrun for example_skip_dag to 2025-12-10T00:44:40.134469+00:00, run_after=2025-12-11T00:44:40.134469+00:00
[2025-12-11T00:44:40.144+0000] {processor.py:179} INFO - Processing /home/airflow/.local/lib/python3.8/site-packages/airflow/example_dags/example_skip_dag.py took 0.043 seconds
[2025-12-11T00:45:10.525+0000] {processor.py:157} INFO - Started process (PID=931) to work on /home/airflow/.local/lib/python3.8/site-packages/airflow/example_dags/example_skip_dag.py
[2025-12-11T00:45:10.526+0000] {processor.py:829} INFO - Processing file /home/airflow/.local/lib/python3.8/site-packages/airflow/example_dags/example_skip_dag.py for tasks to queue
[2025-12-11T00:45:10.527+0000] {logging_mixin.py:154} INFO - [2025-12-11T00:45:10.527+0000] {dagbag.py:536} INFO - Filling up the DagBag from /home/airflow/.local/lib/python3.8/site-packages/airflow/example_dags/example_skip_dag.py
[2025-12-11T00:45:10.531+0000] {processor.py:839} INFO - DAG(s) dict_keys(['example_skip_dag']) retrieved from /home/airflow/.local/lib/python3.8/site-packages/airflow/example_dags/example_skip_dag.py
[2025-12-11T00:45:10.546+0000] {logging_mixin.py:154} INFO - [2025-12-11T00:45:10.546+0000] {dag.py:2941} INFO - Sync 1 DAGs
[2025-12-11T00:45:10.559+0000] {logging_mixin.py:154} INFO - [2025-12-11T00:45:10.558+0000] {dag.py:3722} INFO - Setting next_dagrun for example_skip_dag to 2025-12-10T00:45:10.558732+00:00, run_after=2025-12-11T00:45:10.558732+00:00
[2025-12-11T00:45:10.569+0000] {processor.py:179} INFO - Processing /home/airflow/.local/lib/python3.8/site-packages/airflow/example_dags/example_skip_dag.py took 0.046 seconds
[2025-12-11T00:45:41.034+0000] {processor.py:157} INFO - Started process (PID=986) to work on /home/airflow/.local/lib/python3.8/site-packages/airflow/example_dags/example_skip_dag.py
[2025-12-11T00:45:41.034+0000] {processor.py:829} INFO - Processing file /home/airflow/.local/lib/python3.8/site-packages/airflow/example_dags/example_skip_dag.py for tasks to queue
[2025-12-11T00:45:41.036+0000] {logging_mixin.py:154} INFO - [2025-12-11T00:45:41.035+0000] {dagbag.py:536} INFO - Filling up the DagBag from /home/airflow/.local/lib/python3.8/site-packages/airflow/example_dags/example_skip_dag.py
[2025-12-11T00:45:41.040+0000] {processor.py:839} INFO - DAG(s) dict_keys(['example_skip_dag']) retrieved from /home/airflow/.local/lib/python3.8/site-packages/airflow/example_dags/example_skip_dag.py
[2025-12-11T00:45:41.057+0000] {logging_mixin.py:154} INFO - [2025-12-11T00:45:41.057+0000] {dag.py:2941} INFO - Sync 1 DAGs
[2025-12-11T00:45:41.074+0000] {logging_mixin.py:154} INFO - [2025-12-11T00:45:41.074+0000] {dag.py:3722} INFO - Setting next_dagrun for example_skip_dag to 2025-12-10T00:45:41.074358+00:00, run_after=2025-12-11T00:45:41.074358+00:00
[2025-12-11T00:45:41.087+0000] {processor.py:179} INFO - Processing /home/airflow/.local/lib/python3.8/site-packages/airflow/example_dags/example_skip_dag.py took 0.056 seconds
[2025-12-11T00:46:11.499+0000] {processor.py:157} INFO - Started process (PID=1041) to work on /home/airflow/.local/lib/python3.8/site-packages/airflow/example_dags/example_skip_dag.py
[2025-12-11T00:46:11.499+0000] {processor.py:829} INFO - Processing file /home/airflow/.local/lib/python3.8/site-packages/airflow/example_dags/example_skip_dag.py for tasks to queue
[2025-12-11T00:46:11.500+0000] {logging_mixin.py:154} INFO - [2025-12-11T00:46:11.500+0000] {dagbag.py:536} INFO - Filling up the DagBag from /home/airflow/.local/lib/python3.8/site-packages/airflow/example_dags/example_skip_dag.py
[2025-12-11T00:46:11.505+0000] {processor.py:839} INFO - DAG(s) dict_keys(['example_skip_dag']) retrieved from /home/airflow/.local/lib/python3.8/site-packages/airflow/example_dags/example_skip_dag.py
[2025-12-11T00:46:11.518+0000] {logging_mixin.py:154} INFO - [2025-12-11T00:46:11.518+0000] {dag.py:2941} INFO - Sync 1 DAGs
[2025-12-11T00:46:11.530+0000] {logging_mixin.py:154} INFO - [2025-12-11T00:46:11.530+0000] {dag.py:3722} INFO - Setting next_dagrun for example_skip_dag to 2025-12-10T00:46:11.530675+00:00, run_after=2025-12-11T00:46:11.530675+00:00
[2025-12-11T00:46:11.540+0000] {processor.py:179} INFO - Processing /home/airflow/.local/lib/python3.8/site-packages/airflow/example_dags/example_skip_dag.py took 0.043 seconds
[2025-12-11T00:46:42.102+0000] {processor.py:157} INFO - Started process (PID=1096) to work on /home/airflow/.local/lib/python3.8/site-packages/airflow/example_dags/example_skip_dag.py
[2025-12-11T00:46:42.103+0000] {processor.py:829} INFO - Processing file /home/airflow/.local/lib/python3.8/site-packages/airflow/example_dags/example_skip_dag.py for tasks to queue
[2025-12-11T00:46:42.104+0000] {logging_mixin.py:154} INFO - [2025-12-11T00:46:42.104+0000] {dagbag.py:536} INFO - Filling up the DagBag from /home/airflow/.local/lib/python3.8/site-packages/airflow/example_dags/example_skip_dag.py
[2025-12-11T00:46:42.109+0000] {processor.py:839} INFO - DAG(s) dict_keys(['example_skip_dag']) retrieved from /home/airflow/.local/lib/python3.8/site-packages/airflow/example_dags/example_skip_dag.py
[2025-12-11T00:46:42.127+0000] {logging_mixin.py:154} INFO - [2025-12-11T00:46:42.127+0000] {dag.py:2941} INFO - Sync 1 DAGs
[2025-12-11T00:46:42.140+0000] {logging_mixin.py:154} INFO - [2025-12-11T00:46:42.139+0000] {dag.py:3722} INFO - Setting next_dagrun for example_skip_dag to 2025-12-10T00:46:42.139762+00:00, run_after=2025-12-11T00:46:42.139762+00:00
[2025-12-11T00:46:42.150+0000] {processor.py:179} INFO - Processing /home/airflow/.local/lib/python3.8/site-packages/airflow/example_dags/example_skip_dag.py took 0.050 seconds
[2025-12-11T00:47:12.687+0000] {processor.py:157} INFO - Started process (PID=1151) to work on /home/airflow/.local/lib/python3.8/site-packages/airflow/example_dags/example_skip_dag.py
[2025-12-11T00:47:12.687+0000] {processor.py:829} INFO - Processing file /home/airflow/.local/lib/python3.8/site-packages/airflow/example_dags/example_skip_dag.py for tasks to queue
[2025-12-11T00:47:12.688+0000] {logging_mixin.py:154} INFO - [2025-12-11T00:47:12.688+0000] {dagbag.py:536} INFO - Filling up the DagBag from /home/airflow/.local/lib/python3.8/site-packages/airflow/example_dags/example_skip_dag.py
[2025-12-11T00:47:12.692+0000] {processor.py:839} INFO - DAG(s) dict_keys(['example_skip_dag']) retrieved from /home/airflow/.local/lib/python3.8/site-packages/airflow/example_dags/example_skip_dag.py
[2025-12-11T00:47:12.704+0000] {logging_mixin.py:154} INFO - [2025-12-11T00:47:12.704+0000] {dag.py:2941} INFO - Sync 1 DAGs
[2025-12-11T00:47:12.716+0000] {logging_mixin.py:154} INFO - [2025-12-11T00:47:12.716+0000] {dag.py:3722} INFO - Setting next_dagrun for example_skip_dag to 2025-12-10T00:47:12.716699+00:00, run_after=2025-12-11T00:47:12.716699+00:00
[2025-12-11T00:47:12.727+0000] {processor.py:179} INFO - Processing /home/airflow/.local/lib/python3.8/site-packages/airflow/example_dags/example_skip_dag.py took 0.042 seconds
[2025-12-11T00:47:43.326+0000] {processor.py:157} INFO - Started process (PID=1206) to work on /home/airflow/.local/lib/python3.8/site-packages/airflow/example_dags/example_skip_dag.py
[2025-12-11T00:47:43.326+0000] {processor.py:829} INFO - Processing file /home/airflow/.local/lib/python3.8/site-packages/airflow/example_dags/example_skip_dag.py for tasks to queue
[2025-12-11T00:47:43.327+0000] {logging_mixin.py:154} INFO - [2025-12-11T00:47:43.327+0000] {dagbag.py:536} INFO - Filling up the DagBag from /home/airflow/.local/lib/python3.8/site-packages/airflow/example_dags/example_skip_dag.py
[2025-12-11T00:47:43.331+0000] {processor.py:839} INFO - DAG(s) dict_keys(['example_skip_dag']) retrieved from /home/airflow/.local/lib/python3.8/site-packages/airflow/example_dags/example_skip_dag.py
[2025-12-11T00:47:43.343+0000] {logging_mixin.py:154} INFO - [2025-12-11T00:47:43.343+0000] {dag.py:2941} INFO - Sync 1 DAGs
[2025-12-11T00:47:43.357+0000] {logging_mixin.py:154} INFO - [2025-12-11T00:47:43.357+0000] {dag.py:3722} INFO - Setting next_dagrun for example_skip_dag to 2025-12-10T00:47:43.356967+00:00, run_after=2025-12-11T00:47:43.356967+00:00
[2025-12-11T00:47:43.368+0000] {processor.py:179} INFO - Processing /home/airflow/.local/lib/python3.8/site-packages/airflow/example_dags/example_skip_dag.py took 0.045 seconds
[2025-12-11T00:48:13.528+0000] {processor.py:157} INFO - Started process (PID=1261) to work on /home/airflow/.local/lib/python3.8/site-packages/airflow/example_dags/example_skip_dag.py
[2025-12-11T00:48:13.529+0000] {processor.py:829} INFO - Processing file /home/airflow/.local/lib/python3.8/site-packages/airflow/example_dags/example_skip_dag.py for tasks to queue
[2025-12-11T00:48:13.530+0000] {logging_mixin.py:154} INFO - [2025-12-11T00:48:13.530+0000] {dagbag.py:536} INFO - Filling up the DagBag from /home/airflow/.local/lib/python3.8/site-packages/airflow/example_dags/example_skip_dag.py
[2025-12-11T00:48:13.534+0000] {processor.py:839} INFO - DAG(s) dict_keys(['example_skip_dag']) retrieved from /home/airflow/.local/lib/python3.8/site-packages/airflow/example_dags/example_skip_dag.py
[2025-12-11T00:48:13.551+0000] {logging_mixin.py:154} INFO - [2025-12-11T00:48:13.551+0000] {dag.py:2941} INFO - Sync 1 DAGs
[2025-12-11T00:48:13.564+0000] {logging_mixin.py:154} INFO - [2025-12-11T00:48:13.564+0000] {dag.py:3722} INFO - Setting next_dagrun for example_skip_dag to 2025-12-10T00:48:13.564187+00:00, run_after=2025-12-11T00:48:13.564187+00:00
[2025-12-11T00:48:13.576+0000] {processor.py:179} INFO - Processing /home/airflow/.local/lib/python3.8/site-packages/airflow/example_dags/example_skip_dag.py took 0.051 seconds
[2025-12-11T00:48:44.430+0000] {processor.py:157} INFO - Started process (PID=1316) to work on /home/airflow/.local/lib/python3.8/site-packages/airflow/example_dags/example_skip_dag.py
[2025-12-11T00:48:44.431+0000] {processor.py:829} INFO - Processing file /home/airflow/.local/lib/python3.8/site-packages/airflow/example_dags/example_skip_dag.py for tasks to queue
[2025-12-11T00:48:44.432+0000] {logging_mixin.py:154} INFO - [2025-12-11T00:48:44.432+0000] {dagbag.py:536} INFO - Filling up the DagBag from /home/airflow/.local/lib/python3.8/site-packages/airflow/example_dags/example_skip_dag.py
[2025-12-11T00:48:44.436+0000] {processor.py:839} INFO - DAG(s) dict_keys(['example_skip_dag']) retrieved from /home/airflow/.local/lib/python3.8/site-packages/airflow/example_dags/example_skip_dag.py
[2025-12-11T00:48:44.449+0000] {logging_mixin.py:154} INFO - [2025-12-11T00:48:44.449+0000] {dag.py:2941} INFO - Sync 1 DAGs
[2025-12-11T00:48:44.462+0000] {logging_mixin.py:154} INFO - [2025-12-11T00:48:44.462+0000] {dag.py:3722} INFO - Setting next_dagrun for example_skip_dag to 2025-12-10T00:48:44.462434+00:00, run_after=2025-12-11T00:48:44.462434+00:00
[2025-12-11T00:48:44.474+0000] {processor.py:179} INFO - Processing /home/airflow/.local/lib/python3.8/site-packages/airflow/example_dags/example_skip_dag.py took 0.046 seconds
[2025-12-11T00:49:15.133+0000] {processor.py:157} INFO - Started process (PID=1371) to work on /home/airflow/.local/lib/python3.8/site-packages/airflow/example_dags/example_skip_dag.py
[2025-12-11T00:49:15.134+0000] {processor.py:829} INFO - Processing file /home/airflow/.local/lib/python3.8/site-packages/airflow/example_dags/example_skip_dag.py for tasks to queue
[2025-12-11T00:49:15.135+0000] {logging_mixin.py:154} INFO - [2025-12-11T00:49:15.135+0000] {dagbag.py:536} INFO - Filling up the DagBag from /home/airflow/.local/lib/python3.8/site-packages/airflow/example_dags/example_skip_dag.py
[2025-12-11T00:49:15.140+0000] {processor.py:839} INFO - DAG(s) dict_keys(['example_skip_dag']) retrieved from /home/airflow/.local/lib/python3.8/site-packages/airflow/example_dags/example_skip_dag.py
[2025-12-11T00:49:15.159+0000] {logging_mixin.py:154} INFO - [2025-12-11T00:49:15.158+0000] {dag.py:2941} INFO - Sync 1 DAGs
[2025-12-11T00:49:15.178+0000] {logging_mixin.py:154} INFO - [2025-12-11T00:49:15.177+0000] {dag.py:3722} INFO - Setting next_dagrun for example_skip_dag to 2025-12-10T00:49:15.177600+00:00, run_after=2025-12-11T00:49:15.177600+00:00
[2025-12-11T00:49:15.195+0000] {processor.py:179} INFO - Processing /home/airflow/.local/lib/python3.8/site-packages/airflow/example_dags/example_skip_dag.py took 0.064 seconds
[2025-12-11T00:49:45.318+0000] {processor.py:157} INFO - Started process (PID=1426) to work on /home/airflow/.local/lib/python3.8/site-packages/airflow/example_dags/example_skip_dag.py
[2025-12-11T00:49:45.318+0000] {processor.py:829} INFO - Processing file /home/airflow/.local/lib/python3.8/site-packages/airflow/example_dags/example_skip_dag.py for tasks to queue
[2025-12-11T00:49:45.319+0000] {logging_mixin.py:154} INFO - [2025-12-11T00:49:45.319+0000] {dagbag.py:536} INFO - Filling up the DagBag from /home/airflow/.local/lib/python3.8/site-packages/airflow/example_dags/example_skip_dag.py
[2025-12-11T00:49:45.323+0000] {processor.py:839} INFO - DAG(s) dict_keys(['example_skip_dag']) retrieved from /home/airflow/.local/lib/python3.8/site-packages/airflow/example_dags/example_skip_dag.py
[2025-12-11T00:49:45.338+0000] {logging_mixin.py:154} INFO - [2025-12-11T00:49:45.338+0000] {dag.py:2941} INFO - Sync 1 DAGs
[2025-12-11T00:49:45.351+0000] {logging_mixin.py:154} INFO - [2025-12-11T00:49:45.350+0000] {dag.py:3722} INFO - Setting next_dagrun for example_skip_dag to 2025-12-10T00:49:45.350843+00:00, run_after=2025-12-11T00:49:45.350843+00:00
[2025-12-11T00:49:45.362+0000] {processor.py:179} INFO - Processing /home/airflow/.local/lib/python3.8/site-packages/airflow/example_dags/example_skip_dag.py took 0.047 seconds
[2025-12-11T00:50:15.478+0000] {processor.py:157} INFO - Started process (PID=1481) to work on /home/airflow/.local/lib/python3.8/site-packages/airflow/example_dags/example_skip_dag.py
[2025-12-11T00:50:15.478+0000] {processor.py:829} INFO - Processing file /home/airflow/.local/lib/python3.8/site-packages/airflow/example_dags/example_skip_dag.py for tasks to queue
[2025-12-11T00:50:15.479+0000] {logging_mixin.py:154} INFO - [2025-12-11T00:50:15.479+0000] {dagbag.py:536} INFO - Filling up the DagBag from /home/airflow/.local/lib/python3.8/site-packages/airflow/example_dags/example_skip_dag.py
[2025-12-11T00:50:15.483+0000] {processor.py:839} INFO - DAG(s) dict_keys(['example_skip_dag']) retrieved from /home/airflow/.local/lib/python3.8/site-packages/airflow/example_dags/example_skip_dag.py
[2025-12-11T00:50:15.496+0000] {logging_mixin.py:154} INFO - [2025-12-11T00:50:15.495+0000] {dag.py:2941} INFO - Sync 1 DAGs
[2025-12-11T00:50:15.508+0000] {logging_mixin.py:154} INFO - [2025-12-11T00:50:15.508+0000] {dag.py:3722} INFO - Setting next_dagrun for example_skip_dag to 2025-12-10T00:50:15.508042+00:00, run_after=2025-12-11T00:50:15.508042+00:00
[2025-12-11T00:50:15.519+0000] {processor.py:179} INFO - Processing /home/airflow/.local/lib/python3.8/site-packages/airflow/example_dags/example_skip_dag.py took 0.044 seconds
[2025-12-11T00:50:45.851+0000] {processor.py:157} INFO - Started process (PID=1536) to work on /home/airflow/.local/lib/python3.8/site-packages/airflow/example_dags/example_skip_dag.py
[2025-12-11T00:50:45.852+0000] {processor.py:829} INFO - Processing file /home/airflow/.local/lib/python3.8/site-packages/airflow/example_dags/example_skip_dag.py for tasks to queue
[2025-12-11T00:50:45.853+0000] {logging_mixin.py:154} INFO - [2025-12-11T00:50:45.853+0000] {dagbag.py:536} INFO - Filling up the DagBag from /home/airflow/.local/lib/python3.8/site-packages/airflow/example_dags/example_skip_dag.py
[2025-12-11T00:50:45.857+0000] {processor.py:839} INFO - DAG(s) dict_keys(['example_skip_dag']) retrieved from /home/airflow/.local/lib/python3.8/site-packages/airflow/example_dags/example_skip_dag.py
[2025-12-11T00:50:45.870+0000] {logging_mixin.py:154} INFO - [2025-12-11T00:50:45.870+0000] {dag.py:2941} INFO - Sync 1 DAGs
[2025-12-11T00:50:45.885+0000] {logging_mixin.py:154} INFO - [2025-12-11T00:50:45.885+0000] {dag.py:3722} INFO - Setting next_dagrun for example_skip_dag to 2025-12-10T00:50:45.885357+00:00, run_after=2025-12-11T00:50:45.885357+00:00
[2025-12-11T00:50:45.896+0000] {processor.py:179} INFO - Processing /home/airflow/.local/lib/python3.8/site-packages/airflow/example_dags/example_skip_dag.py took 0.048 seconds
[2025-12-11T00:51:16.533+0000] {processor.py:157} INFO - Started process (PID=1591) to work on /home/airflow/.local/lib/python3.8/site-packages/airflow/example_dags/example_skip_dag.py
[2025-12-11T00:51:16.534+0000] {processor.py:829} INFO - Processing file /home/airflow/.local/lib/python3.8/site-packages/airflow/example_dags/example_skip_dag.py for tasks to queue
[2025-12-11T00:51:16.536+0000] {logging_mixin.py:154} INFO - [2025-12-11T00:51:16.535+0000] {dagbag.py:536} INFO - Filling up the DagBag from /home/airflow/.local/lib/python3.8/site-packages/airflow/example_dags/example_skip_dag.py
[2025-12-11T00:51:16.540+0000] {processor.py:839} INFO - DAG(s) dict_keys(['example_skip_dag']) retrieved from /home/airflow/.local/lib/python3.8/site-packages/airflow/example_dags/example_skip_dag.py
[2025-12-11T00:51:16.554+0000] {logging_mixin.py:154} INFO - [2025-12-11T00:51:16.554+0000] {dag.py:2941} INFO - Sync 1 DAGs
[2025-12-11T00:51:16.568+0000] {logging_mixin.py:154} INFO - [2025-12-11T00:51:16.567+0000] {dag.py:3722} INFO - Setting next_dagrun for example_skip_dag to 2025-12-10T00:51:16.567770+00:00, run_after=2025-12-11T00:51:16.567770+00:00
[2025-12-11T00:51:16.578+0000] {processor.py:179} INFO - Processing /home/airflow/.local/lib/python3.8/site-packages/airflow/example_dags/example_skip_dag.py took 0.047 seconds
[2025-12-11T00:51:46.647+0000] {processor.py:157} INFO - Started process (PID=1646) to work on /home/airflow/.local/lib/python3.8/site-packages/airflow/example_dags/example_skip_dag.py
[2025-12-11T00:51:46.648+0000] {processor.py:829} INFO - Processing file /home/airflow/.local/lib/python3.8/site-packages/airflow/example_dags/example_skip_dag.py for tasks to queue
[2025-12-11T00:51:46.649+0000] {logging_mixin.py:154} INFO - [2025-12-11T00:51:46.649+0000] {dagbag.py:536} INFO - Filling up the DagBag from /home/airflow/.local/lib/python3.8/site-packages/airflow/example_dags/example_skip_dag.py
[2025-12-11T00:51:46.654+0000] {processor.py:839} INFO - DAG(s) dict_keys(['example_skip_dag']) retrieved from /home/airflow/.local/lib/python3.8/site-packages/airflow/example_dags/example_skip_dag.py
[2025-12-11T00:51:46.669+0000] {logging_mixin.py:154} INFO - [2025-12-11T00:51:46.669+0000] {dag.py:2941} INFO - Sync 1 DAGs
[2025-12-11T00:51:46.684+0000] {logging_mixin.py:154} INFO - [2025-12-11T00:51:46.684+0000] {dag.py:3722} INFO - Setting next_dagrun for example_skip_dag to 2025-12-10T00:51:46.684021+00:00, run_after=2025-12-11T00:51:46.684021+00:00
[2025-12-11T00:51:46.698+0000] {processor.py:179} INFO - Processing /home/airflow/.local/lib/python3.8/site-packages/airflow/example_dags/example_skip_dag.py took 0.053 seconds
[2025-12-11T00:52:16.905+0000] {processor.py:157} INFO - Started process (PID=1701) to work on /home/airflow/.local/lib/python3.8/site-packages/airflow/example_dags/example_skip_dag.py
[2025-12-11T00:52:16.906+0000] {processor.py:829} INFO - Processing file /home/airflow/.local/lib/python3.8/site-packages/airflow/example_dags/example_skip_dag.py for tasks to queue
[2025-12-11T00:52:16.908+0000] {logging_mixin.py:154} INFO - [2025-12-11T00:52:16.908+0000] {dagbag.py:536} INFO - Filling up the DagBag from /home/airflow/.local/lib/python3.8/site-packages/airflow/example_dags/example_skip_dag.py
[2025-12-11T00:52:16.918+0000] {processor.py:839} INFO - DAG(s) dict_keys(['example_skip_dag']) retrieved from /home/airflow/.local/lib/python3.8/site-packages/airflow/example_dags/example_skip_dag.py
[2025-12-11T00:52:16.934+0000] {logging_mixin.py:154} INFO - [2025-12-11T00:52:16.934+0000] {dag.py:2941} INFO - Sync 1 DAGs
[2025-12-11T00:52:16.948+0000] {logging_mixin.py:154} INFO - [2025-12-11T00:52:16.948+0000] {dag.py:3722} INFO - Setting next_dagrun for example_skip_dag to 2025-12-10T00:52:16.948088+00:00, run_after=2025-12-11T00:52:16.948088+00:00
[2025-12-11T00:52:16.961+0000] {processor.py:179} INFO - Processing /home/airflow/.local/lib/python3.8/site-packages/airflow/example_dags/example_skip_dag.py took 0.058 seconds
[2025-12-11T00:52:46.994+0000] {processor.py:157} INFO - Started process (PID=1756) to work on /home/airflow/.local/lib/python3.8/site-packages/airflow/example_dags/example_skip_dag.py
[2025-12-11T00:52:46.995+0000] {processor.py:829} INFO - Processing file /home/airflow/.local/lib/python3.8/site-packages/airflow/example_dags/example_skip_dag.py for tasks to queue
[2025-12-11T00:52:46.996+0000] {logging_mixin.py:154} INFO - [2025-12-11T00:52:46.996+0000] {dagbag.py:536} INFO - Filling up the DagBag from /home/airflow/.local/lib/python3.8/site-packages/airflow/example_dags/example_skip_dag.py
[2025-12-11T00:52:47.000+0000] {processor.py:839} INFO - DAG(s) dict_keys(['example_skip_dag']) retrieved from /home/airflow/.local/lib/python3.8/site-packages/airflow/example_dags/example_skip_dag.py
[2025-12-11T00:52:47.013+0000] {logging_mixin.py:154} INFO - [2025-12-11T00:52:47.013+0000] {dag.py:2941} INFO - Sync 1 DAGs
[2025-12-11T00:52:47.028+0000] {logging_mixin.py:154} INFO - [2025-12-11T00:52:47.028+0000] {dag.py:3722} INFO - Setting next_dagrun for example_skip_dag to 2025-12-10T00:52:47.028395+00:00, run_after=2025-12-11T00:52:47.028395+00:00
[2025-12-11T00:52:47.040+0000] {processor.py:179} INFO - Processing /home/airflow/.local/lib/python3.8/site-packages/airflow/example_dags/example_skip_dag.py took 0.047 seconds
[2025-12-11T00:53:17.689+0000] {processor.py:157} INFO - Started process (PID=1811) to work on /home/airflow/.local/lib/python3.8/site-packages/airflow/example_dags/example_skip_dag.py
[2025-12-11T00:53:17.689+0000] {processor.py:829} INFO - Processing file /home/airflow/.local/lib/python3.8/site-packages/airflow/example_dags/example_skip_dag.py for tasks to queue
[2025-12-11T00:53:17.691+0000] {logging_mixin.py:154} INFO - [2025-12-11T00:53:17.691+0000] {dagbag.py:536} INFO - Filling up the DagBag from /home/airflow/.local/lib/python3.8/site-packages/airflow/example_dags/example_skip_dag.py
[2025-12-11T00:53:17.696+0000] {processor.py:839} INFO - DAG(s) dict_keys(['example_skip_dag']) retrieved from /home/airflow/.local/lib/python3.8/site-packages/airflow/example_dags/example_skip_dag.py
[2025-12-11T00:53:17.718+0000] {logging_mixin.py:154} INFO - [2025-12-11T00:53:17.718+0000] {dag.py:2941} INFO - Sync 1 DAGs
[2025-12-11T00:53:17.731+0000] {logging_mixin.py:154} INFO - [2025-12-11T00:53:17.731+0000] {dag.py:3722} INFO - Setting next_dagrun for example_skip_dag to 2025-12-10T00:53:17.731467+00:00, run_after=2025-12-11T00:53:17.731467+00:00
[2025-12-11T00:53:17.743+0000] {processor.py:179} INFO - Processing /home/airflow/.local/lib/python3.8/site-packages/airflow/example_dags/example_skip_dag.py took 0.057 seconds
[2025-12-11T00:53:48.332+0000] {processor.py:157} INFO - Started process (PID=1866) to work on /home/airflow/.local/lib/python3.8/site-packages/airflow/example_dags/example_skip_dag.py
[2025-12-11T00:53:48.333+0000] {processor.py:829} INFO - Processing file /home/airflow/.local/lib/python3.8/site-packages/airflow/example_dags/example_skip_dag.py for tasks to queue
[2025-12-11T00:53:48.334+0000] {logging_mixin.py:154} INFO - [2025-12-11T00:53:48.334+0000] {dagbag.py:536} INFO - Filling up the DagBag from /home/airflow/.local/lib/python3.8/site-packages/airflow/example_dags/example_skip_dag.py
[2025-12-11T00:53:48.338+0000] {processor.py:839} INFO - DAG(s) dict_keys(['example_skip_dag']) retrieved from /home/airflow/.local/lib/python3.8/site-packages/airflow/example_dags/example_skip_dag.py
[2025-12-11T00:53:48.350+0000] {logging_mixin.py:154} INFO - [2025-12-11T00:53:48.350+0000] {dag.py:2941} INFO - Sync 1 DAGs
[2025-12-11T00:53:48.363+0000] {logging_mixin.py:154} INFO - [2025-12-11T00:53:48.363+0000] {dag.py:3722} INFO - Setting next_dagrun for example_skip_dag to 2025-12-10T00:53:48.362923+00:00, run_after=2025-12-11T00:53:48.362923+00:00
[2025-12-11T00:53:48.373+0000] {processor.py:179} INFO - Processing /home/airflow/.local/lib/python3.8/site-packages/airflow/example_dags/example_skip_dag.py took 0.043 seconds
[2025-12-11T00:54:18.663+0000] {processor.py:157} INFO - Started process (PID=1922) to work on /home/airflow/.local/lib/python3.8/site-packages/airflow/example_dags/example_skip_dag.py
[2025-12-11T00:54:18.664+0000] {processor.py:829} INFO - Processing file /home/airflow/.local/lib/python3.8/site-packages/airflow/example_dags/example_skip_dag.py for tasks to queue
[2025-12-11T00:54:18.665+0000] {logging_mixin.py:154} INFO - [2025-12-11T00:54:18.665+0000] {dagbag.py:536} INFO - Filling up the DagBag from /home/airflow/.local/lib/python3.8/site-packages/airflow/example_dags/example_skip_dag.py
[2025-12-11T00:54:18.669+0000] {processor.py:839} INFO - DAG(s) dict_keys(['example_skip_dag']) retrieved from /home/airflow/.local/lib/python3.8/site-packages/airflow/example_dags/example_skip_dag.py
[2025-12-11T00:54:18.685+0000] {logging_mixin.py:154} INFO - [2025-12-11T00:54:18.685+0000] {dag.py:2941} INFO - Sync 1 DAGs
[2025-12-11T00:54:18.699+0000] {logging_mixin.py:154} INFO - [2025-12-11T00:54:18.698+0000] {dag.py:3722} INFO - Setting next_dagrun for example_skip_dag to 2025-12-10T00:54:18.698810+00:00, run_after=2025-12-11T00:54:18.698810+00:00
[2025-12-11T00:54:18.714+0000] {processor.py:179} INFO - Processing /home/airflow/.local/lib/python3.8/site-packages/airflow/example_dags/example_skip_dag.py took 0.053 seconds
[2025-12-11T00:54:49.064+0000] {processor.py:157} INFO - Started process (PID=1977) to work on /home/airflow/.local/lib/python3.8/site-packages/airflow/example_dags/example_skip_dag.py
[2025-12-11T00:54:49.064+0000] {processor.py:829} INFO - Processing file /home/airflow/.local/lib/python3.8/site-packages/airflow/example_dags/example_skip_dag.py for tasks to queue
[2025-12-11T00:54:49.066+0000] {logging_mixin.py:154} INFO - [2025-12-11T00:54:49.066+0000] {dagbag.py:536} INFO - Filling up the DagBag from /home/airflow/.local/lib/python3.8/site-packages/airflow/example_dags/example_skip_dag.py
[2025-12-11T00:54:49.070+0000] {processor.py:839} INFO - DAG(s) dict_keys(['example_skip_dag']) retrieved from /home/airflow/.local/lib/python3.8/site-packages/airflow/example_dags/example_skip_dag.py
[2025-12-11T00:54:49.087+0000] {logging_mixin.py:154} INFO - [2025-12-11T00:54:49.087+0000] {dag.py:2941} INFO - Sync 1 DAGs
[2025-12-11T00:54:49.100+0000] {logging_mixin.py:154} INFO - [2025-12-11T00:54:49.100+0000] {dag.py:3722} INFO - Setting next_dagrun for example_skip_dag to 2025-12-10T00:54:49.100618+00:00, run_after=2025-12-11T00:54:49.100618+00:00
[2025-12-11T00:54:49.112+0000] {processor.py:179} INFO - Processing /home/airflow/.local/lib/python3.8/site-packages/airflow/example_dags/example_skip_dag.py took 0.051 seconds
[2025-12-11T00:55:19.600+0000] {processor.py:157} INFO - Started process (PID=2032) to work on /home/airflow/.local/lib/python3.8/site-packages/airflow/example_dags/example_skip_dag.py
[2025-12-11T00:55:19.601+0000] {processor.py:829} INFO - Processing file /home/airflow/.local/lib/python3.8/site-packages/airflow/example_dags/example_skip_dag.py for tasks to queue
[2025-12-11T00:55:19.602+0000] {logging_mixin.py:154} INFO - [2025-12-11T00:55:19.602+0000] {dagbag.py:536} INFO - Filling up the DagBag from /home/airflow/.local/lib/python3.8/site-packages/airflow/example_dags/example_skip_dag.py
[2025-12-11T00:55:19.606+0000] {processor.py:839} INFO - DAG(s) dict_keys(['example_skip_dag']) retrieved from /home/airflow/.local/lib/python3.8/site-packages/airflow/example_dags/example_skip_dag.py
[2025-12-11T00:55:19.624+0000] {logging_mixin.py:154} INFO - [2025-12-11T00:55:19.624+0000] {dag.py:2941} INFO - Sync 1 DAGs
[2025-12-11T00:55:19.650+0000] {logging_mixin.py:154} INFO - [2025-12-11T00:55:19.650+0000] {dag.py:3722} INFO - Setting next_dagrun for example_skip_dag to 2025-12-10T00:55:19.650228+00:00, run_after=2025-12-11T00:55:19.650228+00:00
[2025-12-11T00:55:19.677+0000] {processor.py:179} INFO - Processing /home/airflow/.local/lib/python3.8/site-packages/airflow/example_dags/example_skip_dag.py took 0.079 seconds
