[2025-12-11T00:38:16.219+0000] {processor.py:157} INFO - Started process (PID=180) to work on /home/airflow/.local/lib/python3.8/site-packages/airflow/example_dags/example_dag_decorator.py
[2025-12-11T00:38:16.219+0000] {processor.py:829} INFO - Processing file /home/airflow/.local/lib/python3.8/site-packages/airflow/example_dags/example_dag_decorator.py for tasks to queue
[2025-12-11T00:38:16.221+0000] {logging_mixin.py:154} INFO - [2025-12-11T00:38:16.221+0000] {dagbag.py:536} INFO - Filling up the DagBag from /home/airflow/.local/lib/python3.8/site-packages/airflow/example_dags/example_dag_decorator.py
[2025-12-11T00:38:16.330+0000] {processor.py:839} INFO - DAG(s) dict_keys(['example_dag_decorator']) retrieved from /home/airflow/.local/lib/python3.8/site-packages/airflow/example_dags/example_dag_decorator.py
[2025-12-11T00:38:16.337+0000] {logging_mixin.py:154} INFO - [2025-12-11T00:38:16.336+0000] {dag.py:2941} INFO - Sync 1 DAGs
[2025-12-11T00:38:16.344+0000] {logging_mixin.py:154} INFO - [2025-12-11T00:38:16.344+0000] {dag.py:3722} INFO - Setting next_dagrun for example_dag_decorator to None, run_after=None
[2025-12-11T00:38:16.359+0000] {processor.py:179} INFO - Processing /home/airflow/.local/lib/python3.8/site-packages/airflow/example_dags/example_dag_decorator.py took 0.144 seconds
[2025-12-11T00:38:46.402+0000] {processor.py:157} INFO - Started process (PID=243) to work on /home/airflow/.local/lib/python3.8/site-packages/airflow/example_dags/example_dag_decorator.py
[2025-12-11T00:38:46.403+0000] {processor.py:829} INFO - Processing file /home/airflow/.local/lib/python3.8/site-packages/airflow/example_dags/example_dag_decorator.py for tasks to queue
[2025-12-11T00:38:46.404+0000] {logging_mixin.py:154} INFO - [2025-12-11T00:38:46.404+0000] {dagbag.py:536} INFO - Filling up the DagBag from /home/airflow/.local/lib/python3.8/site-packages/airflow/example_dags/example_dag_decorator.py
[2025-12-11T00:38:46.461+0000] {processor.py:839} INFO - DAG(s) dict_keys(['example_dag_decorator']) retrieved from /home/airflow/.local/lib/python3.8/site-packages/airflow/example_dags/example_dag_decorator.py
[2025-12-11T00:38:46.537+0000] {logging_mixin.py:154} INFO - [2025-12-11T00:38:46.537+0000] {dag.py:2941} INFO - Sync 1 DAGs
[2025-12-11T00:38:46.544+0000] {logging_mixin.py:154} INFO - [2025-12-11T00:38:46.543+0000] {dag.py:3722} INFO - Setting next_dagrun for example_dag_decorator to None, run_after=None
[2025-12-11T00:38:46.556+0000] {processor.py:179} INFO - Processing /home/airflow/.local/lib/python3.8/site-packages/airflow/example_dags/example_dag_decorator.py took 0.156 seconds
[2025-12-11T00:39:16.782+0000] {processor.py:157} INFO - Started process (PID=298) to work on /home/airflow/.local/lib/python3.8/site-packages/airflow/example_dags/example_dag_decorator.py
[2025-12-11T00:39:16.783+0000] {processor.py:829} INFO - Processing file /home/airflow/.local/lib/python3.8/site-packages/airflow/example_dags/example_dag_decorator.py for tasks to queue
[2025-12-11T00:39:16.784+0000] {logging_mixin.py:154} INFO - [2025-12-11T00:39:16.784+0000] {dagbag.py:536} INFO - Filling up the DagBag from /home/airflow/.local/lib/python3.8/site-packages/airflow/example_dags/example_dag_decorator.py
[2025-12-11T00:39:16.851+0000] {processor.py:839} INFO - DAG(s) dict_keys(['example_dag_decorator']) retrieved from /home/airflow/.local/lib/python3.8/site-packages/airflow/example_dags/example_dag_decorator.py
[2025-12-11T00:39:16.940+0000] {logging_mixin.py:154} INFO - [2025-12-11T00:39:16.940+0000] {dag.py:2941} INFO - Sync 1 DAGs
[2025-12-11T00:39:16.946+0000] {logging_mixin.py:154} INFO - [2025-12-11T00:39:16.946+0000] {dag.py:3722} INFO - Setting next_dagrun for example_dag_decorator to None, run_after=None
[2025-12-11T00:39:16.979+0000] {processor.py:179} INFO - Processing /home/airflow/.local/lib/python3.8/site-packages/airflow/example_dags/example_dag_decorator.py took 0.200 seconds
[2025-12-11T00:39:47.097+0000] {processor.py:157} INFO - Started process (PID=353) to work on /home/airflow/.local/lib/python3.8/site-packages/airflow/example_dags/example_dag_decorator.py
[2025-12-11T00:39:47.097+0000] {processor.py:829} INFO - Processing file /home/airflow/.local/lib/python3.8/site-packages/airflow/example_dags/example_dag_decorator.py for tasks to queue
[2025-12-11T00:39:47.099+0000] {logging_mixin.py:154} INFO - [2025-12-11T00:39:47.099+0000] {dagbag.py:536} INFO - Filling up the DagBag from /home/airflow/.local/lib/python3.8/site-packages/airflow/example_dags/example_dag_decorator.py
[2025-12-11T00:39:47.155+0000] {processor.py:839} INFO - DAG(s) dict_keys(['example_dag_decorator']) retrieved from /home/airflow/.local/lib/python3.8/site-packages/airflow/example_dags/example_dag_decorator.py
[2025-12-11T00:39:47.228+0000] {logging_mixin.py:154} INFO - [2025-12-11T00:39:47.228+0000] {dag.py:2941} INFO - Sync 1 DAGs
[2025-12-11T00:39:47.234+0000] {logging_mixin.py:154} INFO - [2025-12-11T00:39:47.234+0000] {dag.py:3722} INFO - Setting next_dagrun for example_dag_decorator to None, run_after=None
[2025-12-11T00:39:47.245+0000] {processor.py:179} INFO - Processing /home/airflow/.local/lib/python3.8/site-packages/airflow/example_dags/example_dag_decorator.py took 0.150 seconds
[2025-12-11T00:40:24.730+0000] {processor.py:157} INFO - Started process (PID=415) to work on /home/airflow/.local/lib/python3.8/site-packages/airflow/example_dags/example_dag_decorator.py
[2025-12-11T00:40:24.731+0000] {processor.py:829} INFO - Processing file /home/airflow/.local/lib/python3.8/site-packages/airflow/example_dags/example_dag_decorator.py for tasks to queue
[2025-12-11T00:40:24.732+0000] {logging_mixin.py:154} INFO - [2025-12-11T00:40:24.732+0000] {dagbag.py:536} INFO - Filling up the DagBag from /home/airflow/.local/lib/python3.8/site-packages/airflow/example_dags/example_dag_decorator.py
[2025-12-11T00:40:24.817+0000] {processor.py:839} INFO - DAG(s) dict_keys(['example_dag_decorator']) retrieved from /home/airflow/.local/lib/python3.8/site-packages/airflow/example_dags/example_dag_decorator.py
[2025-12-11T00:40:24.908+0000] {logging_mixin.py:154} INFO - [2025-12-11T00:40:24.907+0000] {dag.py:2941} INFO - Sync 1 DAGs
[2025-12-11T00:40:24.916+0000] {logging_mixin.py:154} INFO - [2025-12-11T00:40:24.916+0000] {dag.py:3722} INFO - Setting next_dagrun for example_dag_decorator to None, run_after=None
[2025-12-11T00:40:24.934+0000] {processor.py:179} INFO - Processing /home/airflow/.local/lib/python3.8/site-packages/airflow/example_dags/example_dag_decorator.py took 0.206 seconds
[2025-12-11T00:40:55.547+0000] {processor.py:157} INFO - Started process (PID=470) to work on /home/airflow/.local/lib/python3.8/site-packages/airflow/example_dags/example_dag_decorator.py
[2025-12-11T00:40:55.548+0000] {processor.py:829} INFO - Processing file /home/airflow/.local/lib/python3.8/site-packages/airflow/example_dags/example_dag_decorator.py for tasks to queue
[2025-12-11T00:40:55.550+0000] {logging_mixin.py:154} INFO - [2025-12-11T00:40:55.549+0000] {dagbag.py:536} INFO - Filling up the DagBag from /home/airflow/.local/lib/python3.8/site-packages/airflow/example_dags/example_dag_decorator.py
[2025-12-11T00:40:55.593+0000] {processor.py:839} INFO - DAG(s) dict_keys(['example_dag_decorator']) retrieved from /home/airflow/.local/lib/python3.8/site-packages/airflow/example_dags/example_dag_decorator.py
[2025-12-11T00:40:55.606+0000] {logging_mixin.py:154} INFO - [2025-12-11T00:40:55.606+0000] {dag.py:2941} INFO - Sync 1 DAGs
[2025-12-11T00:40:55.614+0000] {logging_mixin.py:154} INFO - [2025-12-11T00:40:55.614+0000] {dag.py:3722} INFO - Setting next_dagrun for example_dag_decorator to None, run_after=None
[2025-12-11T00:40:55.629+0000] {processor.py:179} INFO - Processing /home/airflow/.local/lib/python3.8/site-packages/airflow/example_dags/example_dag_decorator.py took 0.085 seconds
[2025-12-11T00:41:28.018+0000] {processor.py:157} INFO - Started process (PID=525) to work on /home/airflow/.local/lib/python3.8/site-packages/airflow/example_dags/example_dag_decorator.py
[2025-12-11T00:41:28.081+0000] {processor.py:829} INFO - Processing file /home/airflow/.local/lib/python3.8/site-packages/airflow/example_dags/example_dag_decorator.py for tasks to queue
[2025-12-11T00:41:28.084+0000] {logging_mixin.py:154} INFO - [2025-12-11T00:41:28.084+0000] {dagbag.py:536} INFO - Filling up the DagBag from /home/airflow/.local/lib/python3.8/site-packages/airflow/example_dags/example_dag_decorator.py
[2025-12-11T00:41:29.540+0000] {processor.py:839} INFO - DAG(s) dict_keys(['example_dag_decorator']) retrieved from /home/airflow/.local/lib/python3.8/site-packages/airflow/example_dags/example_dag_decorator.py
[2025-12-11T00:41:30.792+0000] {logging_mixin.py:154} INFO - [2025-12-11T00:41:30.792+0000] {dag.py:2941} INFO - Sync 1 DAGs
[2025-12-11T00:41:30.799+0000] {logging_mixin.py:154} INFO - [2025-12-11T00:41:30.799+0000] {dag.py:3722} INFO - Setting next_dagrun for example_dag_decorator to None, run_after=None
[2025-12-11T00:41:31.695+0000] {processor.py:179} INFO - Processing /home/airflow/.local/lib/python3.8/site-packages/airflow/example_dags/example_dag_decorator.py took 3.680 seconds
[2025-12-11T00:42:02.410+0000] {processor.py:157} INFO - Started process (PID=583) to work on /home/airflow/.local/lib/python3.8/site-packages/airflow/example_dags/example_dag_decorator.py
[2025-12-11T00:42:02.417+0000] {processor.py:829} INFO - Processing file /home/airflow/.local/lib/python3.8/site-packages/airflow/example_dags/example_dag_decorator.py for tasks to queue
[2025-12-11T00:42:02.418+0000] {logging_mixin.py:154} INFO - [2025-12-11T00:42:02.418+0000] {dagbag.py:536} INFO - Filling up the DagBag from /home/airflow/.local/lib/python3.8/site-packages/airflow/example_dags/example_dag_decorator.py
[2025-12-11T00:42:02.626+0000] {processor.py:839} INFO - DAG(s) dict_keys(['example_dag_decorator']) retrieved from /home/airflow/.local/lib/python3.8/site-packages/airflow/example_dags/example_dag_decorator.py
[2025-12-11T00:42:02.754+0000] {logging_mixin.py:154} INFO - [2025-12-11T00:42:02.753+0000] {dag.py:2941} INFO - Sync 1 DAGs
[2025-12-11T00:42:02.760+0000] {logging_mixin.py:154} INFO - [2025-12-11T00:42:02.759+0000] {dag.py:3722} INFO - Setting next_dagrun for example_dag_decorator to None, run_after=None
[2025-12-11T00:42:02.780+0000] {processor.py:179} INFO - Processing /home/airflow/.local/lib/python3.8/site-packages/airflow/example_dags/example_dag_decorator.py took 0.374 seconds
[2025-12-11T00:42:33.410+0000] {processor.py:157} INFO - Started process (PID=638) to work on /home/airflow/.local/lib/python3.8/site-packages/airflow/example_dags/example_dag_decorator.py
[2025-12-11T00:42:33.411+0000] {processor.py:829} INFO - Processing file /home/airflow/.local/lib/python3.8/site-packages/airflow/example_dags/example_dag_decorator.py for tasks to queue
[2025-12-11T00:42:33.413+0000] {logging_mixin.py:154} INFO - [2025-12-11T00:42:33.413+0000] {dagbag.py:536} INFO - Filling up the DagBag from /home/airflow/.local/lib/python3.8/site-packages/airflow/example_dags/example_dag_decorator.py
[2025-12-11T00:42:33.472+0000] {processor.py:839} INFO - DAG(s) dict_keys(['example_dag_decorator']) retrieved from /home/airflow/.local/lib/python3.8/site-packages/airflow/example_dags/example_dag_decorator.py
[2025-12-11T00:42:33.558+0000] {logging_mixin.py:154} INFO - [2025-12-11T00:42:33.558+0000] {dag.py:2941} INFO - Sync 1 DAGs
[2025-12-11T00:42:33.564+0000] {logging_mixin.py:154} INFO - [2025-12-11T00:42:33.564+0000] {dag.py:3722} INFO - Setting next_dagrun for example_dag_decorator to None, run_after=None
[2025-12-11T00:42:33.575+0000] {processor.py:179} INFO - Processing /home/airflow/.local/lib/python3.8/site-packages/airflow/example_dags/example_dag_decorator.py took 0.168 seconds
[2025-12-11T00:43:04.259+0000] {processor.py:157} INFO - Started process (PID=693) to work on /home/airflow/.local/lib/python3.8/site-packages/airflow/example_dags/example_dag_decorator.py
[2025-12-11T00:43:04.260+0000] {processor.py:829} INFO - Processing file /home/airflow/.local/lib/python3.8/site-packages/airflow/example_dags/example_dag_decorator.py for tasks to queue
[2025-12-11T00:43:04.261+0000] {logging_mixin.py:154} INFO - [2025-12-11T00:43:04.261+0000] {dagbag.py:536} INFO - Filling up the DagBag from /home/airflow/.local/lib/python3.8/site-packages/airflow/example_dags/example_dag_decorator.py
[2025-12-11T00:43:04.298+0000] {processor.py:839} INFO - DAG(s) dict_keys(['example_dag_decorator']) retrieved from /home/airflow/.local/lib/python3.8/site-packages/airflow/example_dags/example_dag_decorator.py
[2025-12-11T00:43:04.361+0000] {logging_mixin.py:154} INFO - [2025-12-11T00:43:04.360+0000] {dag.py:2941} INFO - Sync 1 DAGs
[2025-12-11T00:43:04.367+0000] {logging_mixin.py:154} INFO - [2025-12-11T00:43:04.367+0000] {dag.py:3722} INFO - Setting next_dagrun for example_dag_decorator to None, run_after=None
[2025-12-11T00:43:04.379+0000] {processor.py:179} INFO - Processing /home/airflow/.local/lib/python3.8/site-packages/airflow/example_dags/example_dag_decorator.py took 0.123 seconds
[2025-12-11T00:43:34.428+0000] {processor.py:157} INFO - Started process (PID=749) to work on /home/airflow/.local/lib/python3.8/site-packages/airflow/example_dags/example_dag_decorator.py
[2025-12-11T00:43:34.429+0000] {processor.py:829} INFO - Processing file /home/airflow/.local/lib/python3.8/site-packages/airflow/example_dags/example_dag_decorator.py for tasks to queue
[2025-12-11T00:43:34.431+0000] {logging_mixin.py:154} INFO - [2025-12-11T00:43:34.430+0000] {dagbag.py:536} INFO - Filling up the DagBag from /home/airflow/.local/lib/python3.8/site-packages/airflow/example_dags/example_dag_decorator.py
[2025-12-11T00:43:34.487+0000] {processor.py:839} INFO - DAG(s) dict_keys(['example_dag_decorator']) retrieved from /home/airflow/.local/lib/python3.8/site-packages/airflow/example_dags/example_dag_decorator.py
[2025-12-11T00:43:34.582+0000] {logging_mixin.py:154} INFO - [2025-12-11T00:43:34.582+0000] {dag.py:2941} INFO - Sync 1 DAGs
[2025-12-11T00:43:34.588+0000] {logging_mixin.py:154} INFO - [2025-12-11T00:43:34.587+0000] {dag.py:3722} INFO - Setting next_dagrun for example_dag_decorator to None, run_after=None
[2025-12-11T00:43:34.601+0000] {processor.py:179} INFO - Processing /home/airflow/.local/lib/python3.8/site-packages/airflow/example_dags/example_dag_decorator.py took 0.176 seconds
[2025-12-11T00:44:05.022+0000] {processor.py:157} INFO - Started process (PID=804) to work on /home/airflow/.local/lib/python3.8/site-packages/airflow/example_dags/example_dag_decorator.py
[2025-12-11T00:44:05.022+0000] {processor.py:829} INFO - Processing file /home/airflow/.local/lib/python3.8/site-packages/airflow/example_dags/example_dag_decorator.py for tasks to queue
[2025-12-11T00:44:05.024+0000] {logging_mixin.py:154} INFO - [2025-12-11T00:44:05.024+0000] {dagbag.py:536} INFO - Filling up the DagBag from /home/airflow/.local/lib/python3.8/site-packages/airflow/example_dags/example_dag_decorator.py
[2025-12-11T00:44:05.091+0000] {processor.py:839} INFO - DAG(s) dict_keys(['example_dag_decorator']) retrieved from /home/airflow/.local/lib/python3.8/site-packages/airflow/example_dags/example_dag_decorator.py
[2025-12-11T00:44:05.194+0000] {logging_mixin.py:154} INFO - [2025-12-11T00:44:05.194+0000] {dag.py:2941} INFO - Sync 1 DAGs
[2025-12-11T00:44:05.200+0000] {logging_mixin.py:154} INFO - [2025-12-11T00:44:05.200+0000] {dag.py:3722} INFO - Setting next_dagrun for example_dag_decorator to None, run_after=None
[2025-12-11T00:44:05.219+0000] {processor.py:179} INFO - Processing /home/airflow/.local/lib/python3.8/site-packages/airflow/example_dags/example_dag_decorator.py took 0.201 seconds
[2025-12-11T00:44:35.540+0000] {processor.py:157} INFO - Started process (PID=859) to work on /home/airflow/.local/lib/python3.8/site-packages/airflow/example_dags/example_dag_decorator.py
[2025-12-11T00:44:35.543+0000] {processor.py:829} INFO - Processing file /home/airflow/.local/lib/python3.8/site-packages/airflow/example_dags/example_dag_decorator.py for tasks to queue
[2025-12-11T00:44:35.544+0000] {logging_mixin.py:154} INFO - [2025-12-11T00:44:35.544+0000] {dagbag.py:536} INFO - Filling up the DagBag from /home/airflow/.local/lib/python3.8/site-packages/airflow/example_dags/example_dag_decorator.py
[2025-12-11T00:44:35.591+0000] {processor.py:839} INFO - DAG(s) dict_keys(['example_dag_decorator']) retrieved from /home/airflow/.local/lib/python3.8/site-packages/airflow/example_dags/example_dag_decorator.py
[2025-12-11T00:44:35.648+0000] {logging_mixin.py:154} INFO - [2025-12-11T00:44:35.648+0000] {dag.py:2941} INFO - Sync 1 DAGs
[2025-12-11T00:44:35.654+0000] {logging_mixin.py:154} INFO - [2025-12-11T00:44:35.654+0000] {dag.py:3722} INFO - Setting next_dagrun for example_dag_decorator to None, run_after=None
[2025-12-11T00:44:35.668+0000] {processor.py:179} INFO - Processing /home/airflow/.local/lib/python3.8/site-packages/airflow/example_dags/example_dag_decorator.py took 0.131 seconds
[2025-12-11T00:45:06.060+0000] {processor.py:157} INFO - Started process (PID=914) to work on /home/airflow/.local/lib/python3.8/site-packages/airflow/example_dags/example_dag_decorator.py
[2025-12-11T00:45:06.060+0000] {processor.py:829} INFO - Processing file /home/airflow/.local/lib/python3.8/site-packages/airflow/example_dags/example_dag_decorator.py for tasks to queue
[2025-12-11T00:45:06.062+0000] {logging_mixin.py:154} INFO - [2025-12-11T00:45:06.062+0000] {dagbag.py:536} INFO - Filling up the DagBag from /home/airflow/.local/lib/python3.8/site-packages/airflow/example_dags/example_dag_decorator.py
[2025-12-11T00:45:06.144+0000] {processor.py:839} INFO - DAG(s) dict_keys(['example_dag_decorator']) retrieved from /home/airflow/.local/lib/python3.8/site-packages/airflow/example_dags/example_dag_decorator.py
[2025-12-11T00:45:06.246+0000] {logging_mixin.py:154} INFO - [2025-12-11T00:45:06.245+0000] {dag.py:2941} INFO - Sync 1 DAGs
[2025-12-11T00:45:06.251+0000] {logging_mixin.py:154} INFO - [2025-12-11T00:45:06.251+0000] {dag.py:3722} INFO - Setting next_dagrun for example_dag_decorator to None, run_after=None
[2025-12-11T00:45:06.261+0000] {processor.py:179} INFO - Processing /home/airflow/.local/lib/python3.8/site-packages/airflow/example_dags/example_dag_decorator.py took 0.206 seconds
[2025-12-11T00:45:36.531+0000] {processor.py:157} INFO - Started process (PID=969) to work on /home/airflow/.local/lib/python3.8/site-packages/airflow/example_dags/example_dag_decorator.py
[2025-12-11T00:45:36.532+0000] {processor.py:829} INFO - Processing file /home/airflow/.local/lib/python3.8/site-packages/airflow/example_dags/example_dag_decorator.py for tasks to queue
[2025-12-11T00:45:36.534+0000] {logging_mixin.py:154} INFO - [2025-12-11T00:45:36.533+0000] {dagbag.py:536} INFO - Filling up the DagBag from /home/airflow/.local/lib/python3.8/site-packages/airflow/example_dags/example_dag_decorator.py
[2025-12-11T00:45:36.589+0000] {processor.py:839} INFO - DAG(s) dict_keys(['example_dag_decorator']) retrieved from /home/airflow/.local/lib/python3.8/site-packages/airflow/example_dags/example_dag_decorator.py
[2025-12-11T00:45:36.662+0000] {logging_mixin.py:154} INFO - [2025-12-11T00:45:36.662+0000] {dag.py:2941} INFO - Sync 1 DAGs
[2025-12-11T00:45:36.672+0000] {logging_mixin.py:154} INFO - [2025-12-11T00:45:36.671+0000] {dag.py:3722} INFO - Setting next_dagrun for example_dag_decorator to None, run_after=None
[2025-12-11T00:45:36.682+0000] {processor.py:179} INFO - Processing /home/airflow/.local/lib/python3.8/site-packages/airflow/example_dags/example_dag_decorator.py took 0.154 seconds
[2025-12-11T00:46:06.934+0000] {processor.py:157} INFO - Started process (PID=1024) to work on /home/airflow/.local/lib/python3.8/site-packages/airflow/example_dags/example_dag_decorator.py
[2025-12-11T00:46:06.937+0000] {processor.py:829} INFO - Processing file /home/airflow/.local/lib/python3.8/site-packages/airflow/example_dags/example_dag_decorator.py for tasks to queue
[2025-12-11T00:46:06.940+0000] {logging_mixin.py:154} INFO - [2025-12-11T00:46:06.939+0000] {dagbag.py:536} INFO - Filling up the DagBag from /home/airflow/.local/lib/python3.8/site-packages/airflow/example_dags/example_dag_decorator.py
[2025-12-11T00:46:06.998+0000] {processor.py:839} INFO - DAG(s) dict_keys(['example_dag_decorator']) retrieved from /home/airflow/.local/lib/python3.8/site-packages/airflow/example_dags/example_dag_decorator.py
[2025-12-11T00:46:07.064+0000] {logging_mixin.py:154} INFO - [2025-12-11T00:46:07.064+0000] {dag.py:2941} INFO - Sync 1 DAGs
[2025-12-11T00:46:07.070+0000] {logging_mixin.py:154} INFO - [2025-12-11T00:46:07.070+0000] {dag.py:3722} INFO - Setting next_dagrun for example_dag_decorator to None, run_after=None
[2025-12-11T00:46:07.080+0000] {processor.py:179} INFO - Processing /home/airflow/.local/lib/python3.8/site-packages/airflow/example_dags/example_dag_decorator.py took 0.149 seconds
[2025-12-11T00:46:37.573+0000] {processor.py:157} INFO - Started process (PID=1079) to work on /home/airflow/.local/lib/python3.8/site-packages/airflow/example_dags/example_dag_decorator.py
[2025-12-11T00:46:37.574+0000] {processor.py:829} INFO - Processing file /home/airflow/.local/lib/python3.8/site-packages/airflow/example_dags/example_dag_decorator.py for tasks to queue
[2025-12-11T00:46:37.576+0000] {logging_mixin.py:154} INFO - [2025-12-11T00:46:37.575+0000] {dagbag.py:536} INFO - Filling up the DagBag from /home/airflow/.local/lib/python3.8/site-packages/airflow/example_dags/example_dag_decorator.py
[2025-12-11T00:46:37.647+0000] {processor.py:839} INFO - DAG(s) dict_keys(['example_dag_decorator']) retrieved from /home/airflow/.local/lib/python3.8/site-packages/airflow/example_dags/example_dag_decorator.py
[2025-12-11T00:46:37.721+0000] {logging_mixin.py:154} INFO - [2025-12-11T00:46:37.721+0000] {dag.py:2941} INFO - Sync 1 DAGs
[2025-12-11T00:46:37.726+0000] {logging_mixin.py:154} INFO - [2025-12-11T00:46:37.726+0000] {dag.py:3722} INFO - Setting next_dagrun for example_dag_decorator to None, run_after=None
[2025-12-11T00:46:37.736+0000] {processor.py:179} INFO - Processing /home/airflow/.local/lib/python3.8/site-packages/airflow/example_dags/example_dag_decorator.py took 0.168 seconds
[2025-12-11T00:47:08.116+0000] {processor.py:157} INFO - Started process (PID=1134) to work on /home/airflow/.local/lib/python3.8/site-packages/airflow/example_dags/example_dag_decorator.py
[2025-12-11T00:47:08.119+0000] {processor.py:829} INFO - Processing file /home/airflow/.local/lib/python3.8/site-packages/airflow/example_dags/example_dag_decorator.py for tasks to queue
[2025-12-11T00:47:08.120+0000] {logging_mixin.py:154} INFO - [2025-12-11T00:47:08.120+0000] {dagbag.py:536} INFO - Filling up the DagBag from /home/airflow/.local/lib/python3.8/site-packages/airflow/example_dags/example_dag_decorator.py
[2025-12-11T00:47:08.189+0000] {processor.py:839} INFO - DAG(s) dict_keys(['example_dag_decorator']) retrieved from /home/airflow/.local/lib/python3.8/site-packages/airflow/example_dags/example_dag_decorator.py
[2025-12-11T00:47:08.253+0000] {logging_mixin.py:154} INFO - [2025-12-11T00:47:08.253+0000] {dag.py:2941} INFO - Sync 1 DAGs
[2025-12-11T00:47:08.259+0000] {logging_mixin.py:154} INFO - [2025-12-11T00:47:08.259+0000] {dag.py:3722} INFO - Setting next_dagrun for example_dag_decorator to None, run_after=None
[2025-12-11T00:47:08.269+0000] {processor.py:179} INFO - Processing /home/airflow/.local/lib/python3.8/site-packages/airflow/example_dags/example_dag_decorator.py took 0.157 seconds
[2025-12-11T00:47:38.776+0000] {processor.py:157} INFO - Started process (PID=1189) to work on /home/airflow/.local/lib/python3.8/site-packages/airflow/example_dags/example_dag_decorator.py
[2025-12-11T00:47:38.778+0000] {processor.py:829} INFO - Processing file /home/airflow/.local/lib/python3.8/site-packages/airflow/example_dags/example_dag_decorator.py for tasks to queue
[2025-12-11T00:47:38.779+0000] {logging_mixin.py:154} INFO - [2025-12-11T00:47:38.779+0000] {dagbag.py:536} INFO - Filling up the DagBag from /home/airflow/.local/lib/python3.8/site-packages/airflow/example_dags/example_dag_decorator.py
[2025-12-11T00:47:38.819+0000] {processor.py:839} INFO - DAG(s) dict_keys(['example_dag_decorator']) retrieved from /home/airflow/.local/lib/python3.8/site-packages/airflow/example_dags/example_dag_decorator.py
[2025-12-11T00:47:38.880+0000] {logging_mixin.py:154} INFO - [2025-12-11T00:47:38.880+0000] {dag.py:2941} INFO - Sync 1 DAGs
[2025-12-11T00:47:38.886+0000] {logging_mixin.py:154} INFO - [2025-12-11T00:47:38.886+0000] {dag.py:3722} INFO - Setting next_dagrun for example_dag_decorator to None, run_after=None
[2025-12-11T00:47:38.897+0000] {processor.py:179} INFO - Processing /home/airflow/.local/lib/python3.8/site-packages/airflow/example_dags/example_dag_decorator.py took 0.124 seconds
[2025-12-11T00:48:09.610+0000] {processor.py:157} INFO - Started process (PID=1244) to work on /home/airflow/.local/lib/python3.8/site-packages/airflow/example_dags/example_dag_decorator.py
[2025-12-11T00:48:09.610+0000] {processor.py:829} INFO - Processing file /home/airflow/.local/lib/python3.8/site-packages/airflow/example_dags/example_dag_decorator.py for tasks to queue
[2025-12-11T00:48:09.612+0000] {logging_mixin.py:154} INFO - [2025-12-11T00:48:09.611+0000] {dagbag.py:536} INFO - Filling up the DagBag from /home/airflow/.local/lib/python3.8/site-packages/airflow/example_dags/example_dag_decorator.py
[2025-12-11T00:48:09.794+0000] {processor.py:839} INFO - DAG(s) dict_keys(['example_dag_decorator']) retrieved from /home/airflow/.local/lib/python3.8/site-packages/airflow/example_dags/example_dag_decorator.py
[2025-12-11T00:48:10.066+0000] {logging_mixin.py:154} INFO - [2025-12-11T00:48:10.066+0000] {dag.py:2941} INFO - Sync 1 DAGs
[2025-12-11T00:48:10.074+0000] {logging_mixin.py:154} INFO - [2025-12-11T00:48:10.074+0000] {dag.py:3722} INFO - Setting next_dagrun for example_dag_decorator to None, run_after=None
[2025-12-11T00:48:10.086+0000] {processor.py:179} INFO - Processing /home/airflow/.local/lib/python3.8/site-packages/airflow/example_dags/example_dag_decorator.py took 0.478 seconds
[2025-12-11T00:48:40.897+0000] {processor.py:157} INFO - Started process (PID=1300) to work on /home/airflow/.local/lib/python3.8/site-packages/airflow/example_dags/example_dag_decorator.py
[2025-12-11T00:48:40.900+0000] {processor.py:829} INFO - Processing file /home/airflow/.local/lib/python3.8/site-packages/airflow/example_dags/example_dag_decorator.py for tasks to queue
[2025-12-11T00:48:40.903+0000] {logging_mixin.py:154} INFO - [2025-12-11T00:48:40.903+0000] {dagbag.py:536} INFO - Filling up the DagBag from /home/airflow/.local/lib/python3.8/site-packages/airflow/example_dags/example_dag_decorator.py
[2025-12-11T00:48:40.948+0000] {processor.py:839} INFO - DAG(s) dict_keys(['example_dag_decorator']) retrieved from /home/airflow/.local/lib/python3.8/site-packages/airflow/example_dags/example_dag_decorator.py
[2025-12-11T00:48:41.017+0000] {logging_mixin.py:154} INFO - [2025-12-11T00:48:41.016+0000] {dag.py:2941} INFO - Sync 1 DAGs
[2025-12-11T00:48:41.023+0000] {logging_mixin.py:154} INFO - [2025-12-11T00:48:41.023+0000] {dag.py:3722} INFO - Setting next_dagrun for example_dag_decorator to None, run_after=None
[2025-12-11T00:48:41.035+0000] {processor.py:179} INFO - Processing /home/airflow/.local/lib/python3.8/site-packages/airflow/example_dags/example_dag_decorator.py took 0.141 seconds
[2025-12-11T00:49:11.498+0000] {processor.py:157} INFO - Started process (PID=1355) to work on /home/airflow/.local/lib/python3.8/site-packages/airflow/example_dags/example_dag_decorator.py
[2025-12-11T00:49:11.499+0000] {processor.py:829} INFO - Processing file /home/airflow/.local/lib/python3.8/site-packages/airflow/example_dags/example_dag_decorator.py for tasks to queue
[2025-12-11T00:49:11.501+0000] {logging_mixin.py:154} INFO - [2025-12-11T00:49:11.501+0000] {dagbag.py:536} INFO - Filling up the DagBag from /home/airflow/.local/lib/python3.8/site-packages/airflow/example_dags/example_dag_decorator.py
[2025-12-11T00:49:11.564+0000] {processor.py:839} INFO - DAG(s) dict_keys(['example_dag_decorator']) retrieved from /home/airflow/.local/lib/python3.8/site-packages/airflow/example_dags/example_dag_decorator.py
[2025-12-11T00:49:11.635+0000] {logging_mixin.py:154} INFO - [2025-12-11T00:49:11.635+0000] {dag.py:2941} INFO - Sync 1 DAGs
[2025-12-11T00:49:11.642+0000] {logging_mixin.py:154} INFO - [2025-12-11T00:49:11.642+0000] {dag.py:3722} INFO - Setting next_dagrun for example_dag_decorator to None, run_after=None
[2025-12-11T00:49:11.654+0000] {processor.py:179} INFO - Processing /home/airflow/.local/lib/python3.8/site-packages/airflow/example_dags/example_dag_decorator.py took 0.159 seconds
[2025-12-11T00:49:41.717+0000] {processor.py:157} INFO - Started process (PID=1410) to work on /home/airflow/.local/lib/python3.8/site-packages/airflow/example_dags/example_dag_decorator.py
[2025-12-11T00:49:41.741+0000] {processor.py:829} INFO - Processing file /home/airflow/.local/lib/python3.8/site-packages/airflow/example_dags/example_dag_decorator.py for tasks to queue
[2025-12-11T00:49:41.743+0000] {logging_mixin.py:154} INFO - [2025-12-11T00:49:41.742+0000] {dagbag.py:536} INFO - Filling up the DagBag from /home/airflow/.local/lib/python3.8/site-packages/airflow/example_dags/example_dag_decorator.py
[2025-12-11T00:49:41.913+0000] {processor.py:839} INFO - DAG(s) dict_keys(['example_dag_decorator']) retrieved from /home/airflow/.local/lib/python3.8/site-packages/airflow/example_dags/example_dag_decorator.py
[2025-12-11T00:49:42.012+0000] {logging_mixin.py:154} INFO - [2025-12-11T00:49:42.012+0000] {dag.py:2941} INFO - Sync 1 DAGs
[2025-12-11T00:49:42.018+0000] {logging_mixin.py:154} INFO - [2025-12-11T00:49:42.018+0000] {dag.py:3722} INFO - Setting next_dagrun for example_dag_decorator to None, run_after=None
[2025-12-11T00:49:42.037+0000] {processor.py:179} INFO - Processing /home/airflow/.local/lib/python3.8/site-packages/airflow/example_dags/example_dag_decorator.py took 0.322 seconds
[2025-12-11T00:50:12.962+0000] {processor.py:157} INFO - Started process (PID=1466) to work on /home/airflow/.local/lib/python3.8/site-packages/airflow/example_dags/example_dag_decorator.py
[2025-12-11T00:50:12.965+0000] {processor.py:829} INFO - Processing file /home/airflow/.local/lib/python3.8/site-packages/airflow/example_dags/example_dag_decorator.py for tasks to queue
[2025-12-11T00:50:12.968+0000] {logging_mixin.py:154} INFO - [2025-12-11T00:50:12.967+0000] {dagbag.py:536} INFO - Filling up the DagBag from /home/airflow/.local/lib/python3.8/site-packages/airflow/example_dags/example_dag_decorator.py
[2025-12-11T00:50:13.034+0000] {processor.py:839} INFO - DAG(s) dict_keys(['example_dag_decorator']) retrieved from /home/airflow/.local/lib/python3.8/site-packages/airflow/example_dags/example_dag_decorator.py
[2025-12-11T00:50:13.137+0000] {logging_mixin.py:154} INFO - [2025-12-11T00:50:13.136+0000] {dag.py:2941} INFO - Sync 1 DAGs
[2025-12-11T00:50:13.145+0000] {logging_mixin.py:154} INFO - [2025-12-11T00:50:13.144+0000] {dag.py:3722} INFO - Setting next_dagrun for example_dag_decorator to None, run_after=None
[2025-12-11T00:50:13.156+0000] {processor.py:179} INFO - Processing /home/airflow/.local/lib/python3.8/site-packages/airflow/example_dags/example_dag_decorator.py took 0.198 seconds
[2025-12-11T00:50:43.269+0000] {processor.py:157} INFO - Started process (PID=1521) to work on /home/airflow/.local/lib/python3.8/site-packages/airflow/example_dags/example_dag_decorator.py
[2025-12-11T00:50:43.270+0000] {processor.py:829} INFO - Processing file /home/airflow/.local/lib/python3.8/site-packages/airflow/example_dags/example_dag_decorator.py for tasks to queue
[2025-12-11T00:50:43.273+0000] {logging_mixin.py:154} INFO - [2025-12-11T00:50:43.273+0000] {dagbag.py:536} INFO - Filling up the DagBag from /home/airflow/.local/lib/python3.8/site-packages/airflow/example_dags/example_dag_decorator.py
[2025-12-11T00:50:43.347+0000] {processor.py:839} INFO - DAG(s) dict_keys(['example_dag_decorator']) retrieved from /home/airflow/.local/lib/python3.8/site-packages/airflow/example_dags/example_dag_decorator.py
[2025-12-11T00:50:43.362+0000] {logging_mixin.py:154} INFO - [2025-12-11T00:50:43.362+0000] {dag.py:2941} INFO - Sync 1 DAGs
[2025-12-11T00:50:43.369+0000] {logging_mixin.py:154} INFO - [2025-12-11T00:50:43.369+0000] {dag.py:3722} INFO - Setting next_dagrun for example_dag_decorator to None, run_after=None
[2025-12-11T00:50:43.380+0000] {processor.py:179} INFO - Processing /home/airflow/.local/lib/python3.8/site-packages/airflow/example_dags/example_dag_decorator.py took 0.113 seconds
[2025-12-11T00:51:14.029+0000] {processor.py:157} INFO - Started process (PID=1576) to work on /home/airflow/.local/lib/python3.8/site-packages/airflow/example_dags/example_dag_decorator.py
[2025-12-11T00:51:14.030+0000] {processor.py:829} INFO - Processing file /home/airflow/.local/lib/python3.8/site-packages/airflow/example_dags/example_dag_decorator.py for tasks to queue
[2025-12-11T00:51:14.032+0000] {logging_mixin.py:154} INFO - [2025-12-11T00:51:14.032+0000] {dagbag.py:536} INFO - Filling up the DagBag from /home/airflow/.local/lib/python3.8/site-packages/airflow/example_dags/example_dag_decorator.py
[2025-12-11T00:51:14.110+0000] {processor.py:839} INFO - DAG(s) dict_keys(['example_dag_decorator']) retrieved from /home/airflow/.local/lib/python3.8/site-packages/airflow/example_dags/example_dag_decorator.py
[2025-12-11T00:51:14.184+0000] {logging_mixin.py:154} INFO - [2025-12-11T00:51:14.184+0000] {dag.py:2941} INFO - Sync 1 DAGs
[2025-12-11T00:51:14.190+0000] {logging_mixin.py:154} INFO - [2025-12-11T00:51:14.190+0000] {dag.py:3722} INFO - Setting next_dagrun for example_dag_decorator to None, run_after=None
[2025-12-11T00:51:14.204+0000] {processor.py:179} INFO - Processing /home/airflow/.local/lib/python3.8/site-packages/airflow/example_dags/example_dag_decorator.py took 0.179 seconds
[2025-12-11T00:51:45.047+0000] {processor.py:157} INFO - Started process (PID=1631) to work on /home/airflow/.local/lib/python3.8/site-packages/airflow/example_dags/example_dag_decorator.py
[2025-12-11T00:51:45.050+0000] {processor.py:829} INFO - Processing file /home/airflow/.local/lib/python3.8/site-packages/airflow/example_dags/example_dag_decorator.py for tasks to queue
[2025-12-11T00:51:45.052+0000] {logging_mixin.py:154} INFO - [2025-12-11T00:51:45.052+0000] {dagbag.py:536} INFO - Filling up the DagBag from /home/airflow/.local/lib/python3.8/site-packages/airflow/example_dags/example_dag_decorator.py
[2025-12-11T00:51:45.128+0000] {processor.py:839} INFO - DAG(s) dict_keys(['example_dag_decorator']) retrieved from /home/airflow/.local/lib/python3.8/site-packages/airflow/example_dags/example_dag_decorator.py
[2025-12-11T00:51:45.145+0000] {logging_mixin.py:154} INFO - [2025-12-11T00:51:45.145+0000] {dag.py:2941} INFO - Sync 1 DAGs
[2025-12-11T00:51:45.152+0000] {logging_mixin.py:154} INFO - [2025-12-11T00:51:45.152+0000] {dag.py:3722} INFO - Setting next_dagrun for example_dag_decorator to None, run_after=None
[2025-12-11T00:51:45.164+0000] {processor.py:179} INFO - Processing /home/airflow/.local/lib/python3.8/site-packages/airflow/example_dags/example_dag_decorator.py took 0.119 seconds
[2025-12-11T00:52:15.221+0000] {processor.py:157} INFO - Started process (PID=1686) to work on /home/airflow/.local/lib/python3.8/site-packages/airflow/example_dags/example_dag_decorator.py
[2025-12-11T00:52:15.222+0000] {processor.py:829} INFO - Processing file /home/airflow/.local/lib/python3.8/site-packages/airflow/example_dags/example_dag_decorator.py for tasks to queue
[2025-12-11T00:52:15.224+0000] {logging_mixin.py:154} INFO - [2025-12-11T00:52:15.224+0000] {dagbag.py:536} INFO - Filling up the DagBag from /home/airflow/.local/lib/python3.8/site-packages/airflow/example_dags/example_dag_decorator.py
[2025-12-11T00:52:15.305+0000] {processor.py:839} INFO - DAG(s) dict_keys(['example_dag_decorator']) retrieved from /home/airflow/.local/lib/python3.8/site-packages/airflow/example_dags/example_dag_decorator.py
[2025-12-11T00:52:15.320+0000] {logging_mixin.py:154} INFO - [2025-12-11T00:52:15.320+0000] {dag.py:2941} INFO - Sync 1 DAGs
[2025-12-11T00:52:15.330+0000] {logging_mixin.py:154} INFO - [2025-12-11T00:52:15.330+0000] {dag.py:3722} INFO - Setting next_dagrun for example_dag_decorator to None, run_after=None
[2025-12-11T00:52:15.341+0000] {processor.py:179} INFO - Processing /home/airflow/.local/lib/python3.8/site-packages/airflow/example_dags/example_dag_decorator.py took 0.122 seconds
[2025-12-11T00:52:45.474+0000] {processor.py:157} INFO - Started process (PID=1741) to work on /home/airflow/.local/lib/python3.8/site-packages/airflow/example_dags/example_dag_decorator.py
[2025-12-11T00:52:45.475+0000] {processor.py:829} INFO - Processing file /home/airflow/.local/lib/python3.8/site-packages/airflow/example_dags/example_dag_decorator.py for tasks to queue
[2025-12-11T00:52:45.476+0000] {logging_mixin.py:154} INFO - [2025-12-11T00:52:45.476+0000] {dagbag.py:536} INFO - Filling up the DagBag from /home/airflow/.local/lib/python3.8/site-packages/airflow/example_dags/example_dag_decorator.py
[2025-12-11T00:52:45.529+0000] {processor.py:839} INFO - DAG(s) dict_keys(['example_dag_decorator']) retrieved from /home/airflow/.local/lib/python3.8/site-packages/airflow/example_dags/example_dag_decorator.py
[2025-12-11T00:52:45.543+0000] {logging_mixin.py:154} INFO - [2025-12-11T00:52:45.543+0000] {dag.py:2941} INFO - Sync 1 DAGs
[2025-12-11T00:52:45.551+0000] {logging_mixin.py:154} INFO - [2025-12-11T00:52:45.551+0000] {dag.py:3722} INFO - Setting next_dagrun for example_dag_decorator to None, run_after=None
[2025-12-11T00:52:45.563+0000] {processor.py:179} INFO - Processing /home/airflow/.local/lib/python3.8/site-packages/airflow/example_dags/example_dag_decorator.py took 0.091 seconds
[2025-12-11T00:53:16.156+0000] {processor.py:157} INFO - Started process (PID=1796) to work on /home/airflow/.local/lib/python3.8/site-packages/airflow/example_dags/example_dag_decorator.py
[2025-12-11T00:53:16.156+0000] {processor.py:829} INFO - Processing file /home/airflow/.local/lib/python3.8/site-packages/airflow/example_dags/example_dag_decorator.py for tasks to queue
[2025-12-11T00:53:16.158+0000] {logging_mixin.py:154} INFO - [2025-12-11T00:53:16.158+0000] {dagbag.py:536} INFO - Filling up the DagBag from /home/airflow/.local/lib/python3.8/site-packages/airflow/example_dags/example_dag_decorator.py
[2025-12-11T00:53:16.207+0000] {processor.py:839} INFO - DAG(s) dict_keys(['example_dag_decorator']) retrieved from /home/airflow/.local/lib/python3.8/site-packages/airflow/example_dags/example_dag_decorator.py
[2025-12-11T00:53:16.288+0000] {logging_mixin.py:154} INFO - [2025-12-11T00:53:16.288+0000] {dag.py:2941} INFO - Sync 1 DAGs
[2025-12-11T00:53:16.294+0000] {logging_mixin.py:154} INFO - [2025-12-11T00:53:16.294+0000] {dag.py:3722} INFO - Setting next_dagrun for example_dag_decorator to None, run_after=None
[2025-12-11T00:53:16.319+0000] {processor.py:179} INFO - Processing /home/airflow/.local/lib/python3.8/site-packages/airflow/example_dags/example_dag_decorator.py took 0.166 seconds
[2025-12-11T00:53:46.668+0000] {processor.py:157} INFO - Started process (PID=1851) to work on /home/airflow/.local/lib/python3.8/site-packages/airflow/example_dags/example_dag_decorator.py
[2025-12-11T00:53:46.668+0000] {processor.py:829} INFO - Processing file /home/airflow/.local/lib/python3.8/site-packages/airflow/example_dags/example_dag_decorator.py for tasks to queue
[2025-12-11T00:53:46.670+0000] {logging_mixin.py:154} INFO - [2025-12-11T00:53:46.670+0000] {dagbag.py:536} INFO - Filling up the DagBag from /home/airflow/.local/lib/python3.8/site-packages/airflow/example_dags/example_dag_decorator.py
[2025-12-11T00:53:46.820+0000] {processor.py:839} INFO - DAG(s) dict_keys(['example_dag_decorator']) retrieved from /home/airflow/.local/lib/python3.8/site-packages/airflow/example_dags/example_dag_decorator.py
[2025-12-11T00:53:46.955+0000] {logging_mixin.py:154} INFO - [2025-12-11T00:53:46.955+0000] {dag.py:2941} INFO - Sync 1 DAGs
[2025-12-11T00:53:46.963+0000] {logging_mixin.py:154} INFO - [2025-12-11T00:53:46.962+0000] {dag.py:3722} INFO - Setting next_dagrun for example_dag_decorator to None, run_after=None
[2025-12-11T00:53:46.987+0000] {processor.py:179} INFO - Processing /home/airflow/.local/lib/python3.8/site-packages/airflow/example_dags/example_dag_decorator.py took 0.322 seconds
[2025-12-11T00:54:17.073+0000] {processor.py:157} INFO - Started process (PID=1907) to work on /home/airflow/.local/lib/python3.8/site-packages/airflow/example_dags/example_dag_decorator.py
[2025-12-11T00:54:17.085+0000] {processor.py:829} INFO - Processing file /home/airflow/.local/lib/python3.8/site-packages/airflow/example_dags/example_dag_decorator.py for tasks to queue
[2025-12-11T00:54:17.087+0000] {logging_mixin.py:154} INFO - [2025-12-11T00:54:17.087+0000] {dagbag.py:536} INFO - Filling up the DagBag from /home/airflow/.local/lib/python3.8/site-packages/airflow/example_dags/example_dag_decorator.py
[2025-12-11T00:54:17.244+0000] {processor.py:839} INFO - DAG(s) dict_keys(['example_dag_decorator']) retrieved from /home/airflow/.local/lib/python3.8/site-packages/airflow/example_dags/example_dag_decorator.py
[2025-12-11T00:54:17.262+0000] {logging_mixin.py:154} INFO - [2025-12-11T00:54:17.262+0000] {dag.py:2941} INFO - Sync 1 DAGs
[2025-12-11T00:54:17.270+0000] {logging_mixin.py:154} INFO - [2025-12-11T00:54:17.270+0000] {dag.py:3722} INFO - Setting next_dagrun for example_dag_decorator to None, run_after=None
[2025-12-11T00:54:17.286+0000] {processor.py:179} INFO - Processing /home/airflow/.local/lib/python3.8/site-packages/airflow/example_dags/example_dag_decorator.py took 0.216 seconds
[2025-12-11T00:54:47.533+0000] {processor.py:157} INFO - Started process (PID=1962) to work on /home/airflow/.local/lib/python3.8/site-packages/airflow/example_dags/example_dag_decorator.py
[2025-12-11T00:54:47.536+0000] {processor.py:829} INFO - Processing file /home/airflow/.local/lib/python3.8/site-packages/airflow/example_dags/example_dag_decorator.py for tasks to queue
[2025-12-11T00:54:47.539+0000] {logging_mixin.py:154} INFO - [2025-12-11T00:54:47.539+0000] {dagbag.py:536} INFO - Filling up the DagBag from /home/airflow/.local/lib/python3.8/site-packages/airflow/example_dags/example_dag_decorator.py
[2025-12-11T00:54:47.604+0000] {processor.py:839} INFO - DAG(s) dict_keys(['example_dag_decorator']) retrieved from /home/airflow/.local/lib/python3.8/site-packages/airflow/example_dags/example_dag_decorator.py
[2025-12-11T00:54:47.617+0000] {logging_mixin.py:154} INFO - [2025-12-11T00:54:47.617+0000] {dag.py:2941} INFO - Sync 1 DAGs
[2025-12-11T00:54:47.626+0000] {logging_mixin.py:154} INFO - [2025-12-11T00:54:47.626+0000] {dag.py:3722} INFO - Setting next_dagrun for example_dag_decorator to None, run_after=None
[2025-12-11T00:54:47.638+0000] {processor.py:179} INFO - Processing /home/airflow/.local/lib/python3.8/site-packages/airflow/example_dags/example_dag_decorator.py took 0.109 seconds
[2025-12-11T00:55:17.752+0000] {processor.py:157} INFO - Started process (PID=2017) to work on /home/airflow/.local/lib/python3.8/site-packages/airflow/example_dags/example_dag_decorator.py
[2025-12-11T00:55:17.754+0000] {processor.py:829} INFO - Processing file /home/airflow/.local/lib/python3.8/site-packages/airflow/example_dags/example_dag_decorator.py for tasks to queue
[2025-12-11T00:55:17.757+0000] {logging_mixin.py:154} INFO - [2025-12-11T00:55:17.756+0000] {dagbag.py:536} INFO - Filling up the DagBag from /home/airflow/.local/lib/python3.8/site-packages/airflow/example_dags/example_dag_decorator.py
[2025-12-11T00:55:17.844+0000] {processor.py:839} INFO - DAG(s) dict_keys(['example_dag_decorator']) retrieved from /home/airflow/.local/lib/python3.8/site-packages/airflow/example_dags/example_dag_decorator.py
[2025-12-11T00:55:17.861+0000] {logging_mixin.py:154} INFO - [2025-12-11T00:55:17.861+0000] {dag.py:2941} INFO - Sync 1 DAGs
[2025-12-11T00:55:17.869+0000] {logging_mixin.py:154} INFO - [2025-12-11T00:55:17.869+0000] {dag.py:3722} INFO - Setting next_dagrun for example_dag_decorator to None, run_after=None
[2025-12-11T00:55:17.885+0000] {processor.py:179} INFO - Processing /home/airflow/.local/lib/python3.8/site-packages/airflow/example_dags/example_dag_decorator.py took 0.136 seconds
