[2025-12-11T00:38:17.122+0000] {processor.py:157} INFO - Started process (PID=208) to work on /home/airflow/.local/lib/python3.8/site-packages/airflow/example_dags/example_task_group_decorator.py
[2025-12-11T00:38:17.123+0000] {processor.py:829} INFO - Processing file /home/airflow/.local/lib/python3.8/site-packages/airflow/example_dags/example_task_group_decorator.py for tasks to queue
[2025-12-11T00:38:17.124+0000] {logging_mixin.py:154} INFO - [2025-12-11T00:38:17.124+0000] {dagbag.py:536} INFO - Filling up the DagBag from /home/airflow/.local/lib/python3.8/site-packages/airflow/example_dags/example_task_group_decorator.py
[2025-12-11T00:38:17.137+0000] {processor.py:839} INFO - DAG(s) dict_keys(['example_task_group_decorator']) retrieved from /home/airflow/.local/lib/python3.8/site-packages/airflow/example_dags/example_task_group_decorator.py
[2025-12-11T00:38:17.148+0000] {logging_mixin.py:154} INFO - [2025-12-11T00:38:17.148+0000] {dag.py:2941} INFO - Sync 1 DAGs
[2025-12-11T00:38:17.166+0000] {logging_mixin.py:154} INFO - [2025-12-11T00:38:17.166+0000] {dag.py:3722} INFO - Setting next_dagrun for example_task_group_decorator to 2025-12-10T00:38:17.166502+00:00, run_after=2025-12-11T00:38:17.166502+00:00
[2025-12-11T00:38:17.179+0000] {processor.py:179} INFO - Processing /home/airflow/.local/lib/python3.8/site-packages/airflow/example_dags/example_task_group_decorator.py took 0.060 seconds
[2025-12-11T00:38:47.690+0000] {processor.py:157} INFO - Started process (PID=268) to work on /home/airflow/.local/lib/python3.8/site-packages/airflow/example_dags/example_task_group_decorator.py
[2025-12-11T00:38:47.690+0000] {processor.py:829} INFO - Processing file /home/airflow/.local/lib/python3.8/site-packages/airflow/example_dags/example_task_group_decorator.py for tasks to queue
[2025-12-11T00:38:47.692+0000] {logging_mixin.py:154} INFO - [2025-12-11T00:38:47.692+0000] {dagbag.py:536} INFO - Filling up the DagBag from /home/airflow/.local/lib/python3.8/site-packages/airflow/example_dags/example_task_group_decorator.py
[2025-12-11T00:38:47.700+0000] {processor.py:839} INFO - DAG(s) dict_keys(['example_task_group_decorator']) retrieved from /home/airflow/.local/lib/python3.8/site-packages/airflow/example_dags/example_task_group_decorator.py
[2025-12-11T00:38:47.718+0000] {logging_mixin.py:154} INFO - [2025-12-11T00:38:47.718+0000] {dag.py:2941} INFO - Sync 1 DAGs
[2025-12-11T00:38:47.731+0000] {logging_mixin.py:154} INFO - [2025-12-11T00:38:47.731+0000] {dag.py:3722} INFO - Setting next_dagrun for example_task_group_decorator to 2025-12-10T00:38:47.730864+00:00, run_after=2025-12-11T00:38:47.730864+00:00
[2025-12-11T00:38:47.754+0000] {processor.py:179} INFO - Processing /home/airflow/.local/lib/python3.8/site-packages/airflow/example_dags/example_task_group_decorator.py took 0.067 seconds
[2025-12-11T00:39:18.089+0000] {processor.py:157} INFO - Started process (PID=322) to work on /home/airflow/.local/lib/python3.8/site-packages/airflow/example_dags/example_task_group_decorator.py
[2025-12-11T00:39:18.089+0000] {processor.py:829} INFO - Processing file /home/airflow/.local/lib/python3.8/site-packages/airflow/example_dags/example_task_group_decorator.py for tasks to queue
[2025-12-11T00:39:18.090+0000] {logging_mixin.py:154} INFO - [2025-12-11T00:39:18.090+0000] {dagbag.py:536} INFO - Filling up the DagBag from /home/airflow/.local/lib/python3.8/site-packages/airflow/example_dags/example_task_group_decorator.py
[2025-12-11T00:39:18.106+0000] {processor.py:839} INFO - DAG(s) dict_keys(['example_task_group_decorator']) retrieved from /home/airflow/.local/lib/python3.8/site-packages/airflow/example_dags/example_task_group_decorator.py
[2025-12-11T00:39:18.119+0000] {logging_mixin.py:154} INFO - [2025-12-11T00:39:18.119+0000] {dag.py:2941} INFO - Sync 1 DAGs
[2025-12-11T00:39:18.133+0000] {logging_mixin.py:154} INFO - [2025-12-11T00:39:18.132+0000] {dag.py:3722} INFO - Setting next_dagrun for example_task_group_decorator to 2025-12-10T00:39:18.132840+00:00, run_after=2025-12-11T00:39:18.132840+00:00
[2025-12-11T00:39:18.143+0000] {processor.py:179} INFO - Processing /home/airflow/.local/lib/python3.8/site-packages/airflow/example_dags/example_task_group_decorator.py took 0.057 seconds
[2025-12-11T00:39:48.354+0000] {processor.py:157} INFO - Started process (PID=377) to work on /home/airflow/.local/lib/python3.8/site-packages/airflow/example_dags/example_task_group_decorator.py
[2025-12-11T00:39:48.355+0000] {processor.py:829} INFO - Processing file /home/airflow/.local/lib/python3.8/site-packages/airflow/example_dags/example_task_group_decorator.py for tasks to queue
[2025-12-11T00:39:48.357+0000] {logging_mixin.py:154} INFO - [2025-12-11T00:39:48.356+0000] {dagbag.py:536} INFO - Filling up the DagBag from /home/airflow/.local/lib/python3.8/site-packages/airflow/example_dags/example_task_group_decorator.py
[2025-12-11T00:39:48.364+0000] {processor.py:839} INFO - DAG(s) dict_keys(['example_task_group_decorator']) retrieved from /home/airflow/.local/lib/python3.8/site-packages/airflow/example_dags/example_task_group_decorator.py
[2025-12-11T00:39:48.380+0000] {logging_mixin.py:154} INFO - [2025-12-11T00:39:48.379+0000] {dag.py:2941} INFO - Sync 1 DAGs
[2025-12-11T00:39:48.393+0000] {logging_mixin.py:154} INFO - [2025-12-11T00:39:48.393+0000] {dag.py:3722} INFO - Setting next_dagrun for example_task_group_decorator to 2025-12-10T00:39:48.392950+00:00, run_after=2025-12-11T00:39:48.392950+00:00
[2025-12-11T00:39:48.404+0000] {processor.py:179} INFO - Processing /home/airflow/.local/lib/python3.8/site-packages/airflow/example_dags/example_task_group_decorator.py took 0.052 seconds
[2025-12-11T00:40:25.648+0000] {processor.py:157} INFO - Started process (PID=439) to work on /home/airflow/.local/lib/python3.8/site-packages/airflow/example_dags/example_task_group_decorator.py
[2025-12-11T00:40:25.650+0000] {processor.py:829} INFO - Processing file /home/airflow/.local/lib/python3.8/site-packages/airflow/example_dags/example_task_group_decorator.py for tasks to queue
[2025-12-11T00:40:25.651+0000] {logging_mixin.py:154} INFO - [2025-12-11T00:40:25.651+0000] {dagbag.py:536} INFO - Filling up the DagBag from /home/airflow/.local/lib/python3.8/site-packages/airflow/example_dags/example_task_group_decorator.py
[2025-12-11T00:40:25.659+0000] {processor.py:839} INFO - DAG(s) dict_keys(['example_task_group_decorator']) retrieved from /home/airflow/.local/lib/python3.8/site-packages/airflow/example_dags/example_task_group_decorator.py
[2025-12-11T00:40:25.674+0000] {logging_mixin.py:154} INFO - [2025-12-11T00:40:25.674+0000] {dag.py:2941} INFO - Sync 1 DAGs
[2025-12-11T00:40:25.687+0000] {logging_mixin.py:154} INFO - [2025-12-11T00:40:25.687+0000] {dag.py:3722} INFO - Setting next_dagrun for example_task_group_decorator to 2025-12-10T00:40:25.687024+00:00, run_after=2025-12-11T00:40:25.687024+00:00
[2025-12-11T00:40:25.698+0000] {processor.py:179} INFO - Processing /home/airflow/.local/lib/python3.8/site-packages/airflow/example_dags/example_task_group_decorator.py took 0.052 seconds
[2025-12-11T00:40:56.382+0000] {processor.py:157} INFO - Started process (PID=494) to work on /home/airflow/.local/lib/python3.8/site-packages/airflow/example_dags/example_task_group_decorator.py
[2025-12-11T00:40:56.383+0000] {processor.py:829} INFO - Processing file /home/airflow/.local/lib/python3.8/site-packages/airflow/example_dags/example_task_group_decorator.py for tasks to queue
[2025-12-11T00:40:56.384+0000] {logging_mixin.py:154} INFO - [2025-12-11T00:40:56.384+0000] {dagbag.py:536} INFO - Filling up the DagBag from /home/airflow/.local/lib/python3.8/site-packages/airflow/example_dags/example_task_group_decorator.py
[2025-12-11T00:40:56.392+0000] {processor.py:839} INFO - DAG(s) dict_keys(['example_task_group_decorator']) retrieved from /home/airflow/.local/lib/python3.8/site-packages/airflow/example_dags/example_task_group_decorator.py
[2025-12-11T00:40:56.407+0000] {logging_mixin.py:154} INFO - [2025-12-11T00:40:56.407+0000] {dag.py:2941} INFO - Sync 1 DAGs
[2025-12-11T00:40:56.420+0000] {logging_mixin.py:154} INFO - [2025-12-11T00:40:56.420+0000] {dag.py:3722} INFO - Setting next_dagrun for example_task_group_decorator to 2025-12-10T00:40:56.420586+00:00, run_after=2025-12-11T00:40:56.420586+00:00
[2025-12-11T00:40:56.431+0000] {processor.py:179} INFO - Processing /home/airflow/.local/lib/python3.8/site-packages/airflow/example_dags/example_task_group_decorator.py took 0.051 seconds
[2025-12-11T00:41:33.707+0000] {processor.py:157} INFO - Started process (PID=549) to work on /home/airflow/.local/lib/python3.8/site-packages/airflow/example_dags/example_task_group_decorator.py
[2025-12-11T00:41:33.707+0000] {processor.py:829} INFO - Processing file /home/airflow/.local/lib/python3.8/site-packages/airflow/example_dags/example_task_group_decorator.py for tasks to queue
[2025-12-11T00:41:33.709+0000] {logging_mixin.py:154} INFO - [2025-12-11T00:41:33.709+0000] {dagbag.py:536} INFO - Filling up the DagBag from /home/airflow/.local/lib/python3.8/site-packages/airflow/example_dags/example_task_group_decorator.py
[2025-12-11T00:41:33.719+0000] {processor.py:839} INFO - DAG(s) dict_keys(['example_task_group_decorator']) retrieved from /home/airflow/.local/lib/python3.8/site-packages/airflow/example_dags/example_task_group_decorator.py
[2025-12-11T00:41:33.734+0000] {logging_mixin.py:154} INFO - [2025-12-11T00:41:33.734+0000] {dag.py:2941} INFO - Sync 1 DAGs
[2025-12-11T00:41:33.748+0000] {logging_mixin.py:154} INFO - [2025-12-11T00:41:33.747+0000] {dag.py:3722} INFO - Setting next_dagrun for example_task_group_decorator to 2025-12-10T00:41:33.747748+00:00, run_after=2025-12-11T00:41:33.747748+00:00
[2025-12-11T00:41:33.759+0000] {processor.py:179} INFO - Processing /home/airflow/.local/lib/python3.8/site-packages/airflow/example_dags/example_task_group_decorator.py took 0.055 seconds
[2025-12-11T00:42:06.384+0000] {processor.py:157} INFO - Started process (PID=604) to work on /home/airflow/.local/lib/python3.8/site-packages/airflow/example_dags/example_task_group_decorator.py
[2025-12-11T00:42:06.386+0000] {processor.py:829} INFO - Processing file /home/airflow/.local/lib/python3.8/site-packages/airflow/example_dags/example_task_group_decorator.py for tasks to queue
[2025-12-11T00:42:06.388+0000] {logging_mixin.py:154} INFO - [2025-12-11T00:42:06.388+0000] {dagbag.py:536} INFO - Filling up the DagBag from /home/airflow/.local/lib/python3.8/site-packages/airflow/example_dags/example_task_group_decorator.py
[2025-12-11T00:42:06.397+0000] {processor.py:839} INFO - DAG(s) dict_keys(['example_task_group_decorator']) retrieved from /home/airflow/.local/lib/python3.8/site-packages/airflow/example_dags/example_task_group_decorator.py
[2025-12-11T00:42:06.412+0000] {logging_mixin.py:154} INFO - [2025-12-11T00:42:06.412+0000] {dag.py:2941} INFO - Sync 1 DAGs
[2025-12-11T00:42:06.425+0000] {logging_mixin.py:154} INFO - [2025-12-11T00:42:06.425+0000] {dag.py:3722} INFO - Setting next_dagrun for example_task_group_decorator to 2025-12-10T00:42:06.424885+00:00, run_after=2025-12-11T00:42:06.424885+00:00
[2025-12-11T00:42:06.438+0000] {processor.py:179} INFO - Processing /home/airflow/.local/lib/python3.8/site-packages/airflow/example_dags/example_task_group_decorator.py took 0.056 seconds
[2025-12-11T00:42:37.165+0000] {processor.py:157} INFO - Started process (PID=659) to work on /home/airflow/.local/lib/python3.8/site-packages/airflow/example_dags/example_task_group_decorator.py
[2025-12-11T00:42:37.165+0000] {processor.py:829} INFO - Processing file /home/airflow/.local/lib/python3.8/site-packages/airflow/example_dags/example_task_group_decorator.py for tasks to queue
[2025-12-11T00:42:37.166+0000] {logging_mixin.py:154} INFO - [2025-12-11T00:42:37.166+0000] {dagbag.py:536} INFO - Filling up the DagBag from /home/airflow/.local/lib/python3.8/site-packages/airflow/example_dags/example_task_group_decorator.py
[2025-12-11T00:42:37.174+0000] {processor.py:839} INFO - DAG(s) dict_keys(['example_task_group_decorator']) retrieved from /home/airflow/.local/lib/python3.8/site-packages/airflow/example_dags/example_task_group_decorator.py
[2025-12-11T00:42:37.195+0000] {logging_mixin.py:154} INFO - [2025-12-11T00:42:37.194+0000] {dag.py:2941} INFO - Sync 1 DAGs
[2025-12-11T00:42:37.211+0000] {logging_mixin.py:154} INFO - [2025-12-11T00:42:37.211+0000] {dag.py:3722} INFO - Setting next_dagrun for example_task_group_decorator to 2025-12-10T00:42:37.211507+00:00, run_after=2025-12-11T00:42:37.211507+00:00
[2025-12-11T00:42:37.223+0000] {processor.py:179} INFO - Processing /home/airflow/.local/lib/python3.8/site-packages/airflow/example_dags/example_task_group_decorator.py took 0.060 seconds
[2025-12-11T00:43:08.076+0000] {processor.py:157} INFO - Started process (PID=714) to work on /home/airflow/.local/lib/python3.8/site-packages/airflow/example_dags/example_task_group_decorator.py
[2025-12-11T00:43:08.077+0000] {processor.py:829} INFO - Processing file /home/airflow/.local/lib/python3.8/site-packages/airflow/example_dags/example_task_group_decorator.py for tasks to queue
[2025-12-11T00:43:08.078+0000] {logging_mixin.py:154} INFO - [2025-12-11T00:43:08.078+0000] {dagbag.py:536} INFO - Filling up the DagBag from /home/airflow/.local/lib/python3.8/site-packages/airflow/example_dags/example_task_group_decorator.py
[2025-12-11T00:43:08.088+0000] {processor.py:839} INFO - DAG(s) dict_keys(['example_task_group_decorator']) retrieved from /home/airflow/.local/lib/python3.8/site-packages/airflow/example_dags/example_task_group_decorator.py
[2025-12-11T00:43:08.111+0000] {logging_mixin.py:154} INFO - [2025-12-11T00:43:08.110+0000] {dag.py:2941} INFO - Sync 1 DAGs
[2025-12-11T00:43:08.123+0000] {logging_mixin.py:154} INFO - [2025-12-11T00:43:08.123+0000] {dag.py:3722} INFO - Setting next_dagrun for example_task_group_decorator to 2025-12-10T00:43:08.123171+00:00, run_after=2025-12-11T00:43:08.123171+00:00
[2025-12-11T00:43:08.134+0000] {processor.py:179} INFO - Processing /home/airflow/.local/lib/python3.8/site-packages/airflow/example_dags/example_task_group_decorator.py took 0.060 seconds
[2025-12-11T00:43:39.018+0000] {processor.py:157} INFO - Started process (PID=769) to work on /home/airflow/.local/lib/python3.8/site-packages/airflow/example_dags/example_task_group_decorator.py
[2025-12-11T00:43:39.019+0000] {processor.py:829} INFO - Processing file /home/airflow/.local/lib/python3.8/site-packages/airflow/example_dags/example_task_group_decorator.py for tasks to queue
[2025-12-11T00:43:39.020+0000] {logging_mixin.py:154} INFO - [2025-12-11T00:43:39.020+0000] {dagbag.py:536} INFO - Filling up the DagBag from /home/airflow/.local/lib/python3.8/site-packages/airflow/example_dags/example_task_group_decorator.py
[2025-12-11T00:43:39.029+0000] {processor.py:839} INFO - DAG(s) dict_keys(['example_task_group_decorator']) retrieved from /home/airflow/.local/lib/python3.8/site-packages/airflow/example_dags/example_task_group_decorator.py
[2025-12-11T00:43:39.043+0000] {logging_mixin.py:154} INFO - [2025-12-11T00:43:39.043+0000] {dag.py:2941} INFO - Sync 1 DAGs
[2025-12-11T00:43:39.055+0000] {logging_mixin.py:154} INFO - [2025-12-11T00:43:39.054+0000] {dag.py:3722} INFO - Setting next_dagrun for example_task_group_decorator to 2025-12-10T00:43:39.054763+00:00, run_after=2025-12-11T00:43:39.054763+00:00
[2025-12-11T00:43:39.066+0000] {processor.py:179} INFO - Processing /home/airflow/.local/lib/python3.8/site-packages/airflow/example_dags/example_task_group_decorator.py took 0.051 seconds
[2025-12-11T00:44:09.756+0000] {processor.py:157} INFO - Started process (PID=825) to work on /home/airflow/.local/lib/python3.8/site-packages/airflow/example_dags/example_task_group_decorator.py
[2025-12-11T00:44:09.757+0000] {processor.py:829} INFO - Processing file /home/airflow/.local/lib/python3.8/site-packages/airflow/example_dags/example_task_group_decorator.py for tasks to queue
[2025-12-11T00:44:09.758+0000] {logging_mixin.py:154} INFO - [2025-12-11T00:44:09.758+0000] {dagbag.py:536} INFO - Filling up the DagBag from /home/airflow/.local/lib/python3.8/site-packages/airflow/example_dags/example_task_group_decorator.py
[2025-12-11T00:44:09.766+0000] {processor.py:839} INFO - DAG(s) dict_keys(['example_task_group_decorator']) retrieved from /home/airflow/.local/lib/python3.8/site-packages/airflow/example_dags/example_task_group_decorator.py
[2025-12-11T00:44:09.780+0000] {logging_mixin.py:154} INFO - [2025-12-11T00:44:09.780+0000] {dag.py:2941} INFO - Sync 1 DAGs
[2025-12-11T00:44:09.795+0000] {logging_mixin.py:154} INFO - [2025-12-11T00:44:09.795+0000] {dag.py:3722} INFO - Setting next_dagrun for example_task_group_decorator to 2025-12-10T00:44:09.795592+00:00, run_after=2025-12-11T00:44:09.795592+00:00
[2025-12-11T00:44:09.807+0000] {processor.py:179} INFO - Processing /home/airflow/.local/lib/python3.8/site-packages/airflow/example_dags/example_task_group_decorator.py took 0.053 seconds
[2025-12-11T00:44:40.224+0000] {processor.py:157} INFO - Started process (PID=880) to work on /home/airflow/.local/lib/python3.8/site-packages/airflow/example_dags/example_task_group_decorator.py
[2025-12-11T00:44:40.225+0000] {processor.py:829} INFO - Processing file /home/airflow/.local/lib/python3.8/site-packages/airflow/example_dags/example_task_group_decorator.py for tasks to queue
[2025-12-11T00:44:40.226+0000] {logging_mixin.py:154} INFO - [2025-12-11T00:44:40.226+0000] {dagbag.py:536} INFO - Filling up the DagBag from /home/airflow/.local/lib/python3.8/site-packages/airflow/example_dags/example_task_group_decorator.py
[2025-12-11T00:44:40.233+0000] {processor.py:839} INFO - DAG(s) dict_keys(['example_task_group_decorator']) retrieved from /home/airflow/.local/lib/python3.8/site-packages/airflow/example_dags/example_task_group_decorator.py
[2025-12-11T00:44:40.252+0000] {logging_mixin.py:154} INFO - [2025-12-11T00:44:40.252+0000] {dag.py:2941} INFO - Sync 1 DAGs
[2025-12-11T00:44:40.265+0000] {logging_mixin.py:154} INFO - [2025-12-11T00:44:40.265+0000] {dag.py:3722} INFO - Setting next_dagrun for example_task_group_decorator to 2025-12-10T00:44:40.265538+00:00, run_after=2025-12-11T00:44:40.265538+00:00
[2025-12-11T00:44:40.276+0000] {processor.py:179} INFO - Processing /home/airflow/.local/lib/python3.8/site-packages/airflow/example_dags/example_task_group_decorator.py took 0.053 seconds
[2025-12-11T00:45:10.654+0000] {processor.py:157} INFO - Started process (PID=935) to work on /home/airflow/.local/lib/python3.8/site-packages/airflow/example_dags/example_task_group_decorator.py
[2025-12-11T00:45:10.654+0000] {processor.py:829} INFO - Processing file /home/airflow/.local/lib/python3.8/site-packages/airflow/example_dags/example_task_group_decorator.py for tasks to queue
[2025-12-11T00:45:10.656+0000] {logging_mixin.py:154} INFO - [2025-12-11T00:45:10.656+0000] {dagbag.py:536} INFO - Filling up the DagBag from /home/airflow/.local/lib/python3.8/site-packages/airflow/example_dags/example_task_group_decorator.py
[2025-12-11T00:45:10.667+0000] {processor.py:839} INFO - DAG(s) dict_keys(['example_task_group_decorator']) retrieved from /home/airflow/.local/lib/python3.8/site-packages/airflow/example_dags/example_task_group_decorator.py
[2025-12-11T00:45:10.683+0000] {logging_mixin.py:154} INFO - [2025-12-11T00:45:10.683+0000] {dag.py:2941} INFO - Sync 1 DAGs
[2025-12-11T00:45:10.696+0000] {logging_mixin.py:154} INFO - [2025-12-11T00:45:10.696+0000] {dag.py:3722} INFO - Setting next_dagrun for example_task_group_decorator to 2025-12-10T00:45:10.696245+00:00, run_after=2025-12-11T00:45:10.696245+00:00
[2025-12-11T00:45:10.707+0000] {processor.py:179} INFO - Processing /home/airflow/.local/lib/python3.8/site-packages/airflow/example_dags/example_task_group_decorator.py took 0.056 seconds
[2025-12-11T00:45:41.172+0000] {processor.py:157} INFO - Started process (PID=990) to work on /home/airflow/.local/lib/python3.8/site-packages/airflow/example_dags/example_task_group_decorator.py
[2025-12-11T00:45:41.173+0000] {processor.py:829} INFO - Processing file /home/airflow/.local/lib/python3.8/site-packages/airflow/example_dags/example_task_group_decorator.py for tasks to queue
[2025-12-11T00:45:41.174+0000] {logging_mixin.py:154} INFO - [2025-12-11T00:45:41.174+0000] {dagbag.py:536} INFO - Filling up the DagBag from /home/airflow/.local/lib/python3.8/site-packages/airflow/example_dags/example_task_group_decorator.py
[2025-12-11T00:45:41.182+0000] {processor.py:839} INFO - DAG(s) dict_keys(['example_task_group_decorator']) retrieved from /home/airflow/.local/lib/python3.8/site-packages/airflow/example_dags/example_task_group_decorator.py
[2025-12-11T00:45:41.200+0000] {logging_mixin.py:154} INFO - [2025-12-11T00:45:41.200+0000] {dag.py:2941} INFO - Sync 1 DAGs
[2025-12-11T00:45:41.213+0000] {logging_mixin.py:154} INFO - [2025-12-11T00:45:41.213+0000] {dag.py:3722} INFO - Setting next_dagrun for example_task_group_decorator to 2025-12-10T00:45:41.213377+00:00, run_after=2025-12-11T00:45:41.213377+00:00
[2025-12-11T00:45:41.226+0000] {processor.py:179} INFO - Processing /home/airflow/.local/lib/python3.8/site-packages/airflow/example_dags/example_task_group_decorator.py took 0.056 seconds
[2025-12-11T00:46:11.625+0000] {processor.py:157} INFO - Started process (PID=1045) to work on /home/airflow/.local/lib/python3.8/site-packages/airflow/example_dags/example_task_group_decorator.py
[2025-12-11T00:46:11.626+0000] {processor.py:829} INFO - Processing file /home/airflow/.local/lib/python3.8/site-packages/airflow/example_dags/example_task_group_decorator.py for tasks to queue
[2025-12-11T00:46:11.628+0000] {logging_mixin.py:154} INFO - [2025-12-11T00:46:11.628+0000] {dagbag.py:536} INFO - Filling up the DagBag from /home/airflow/.local/lib/python3.8/site-packages/airflow/example_dags/example_task_group_decorator.py
[2025-12-11T00:46:11.637+0000] {processor.py:839} INFO - DAG(s) dict_keys(['example_task_group_decorator']) retrieved from /home/airflow/.local/lib/python3.8/site-packages/airflow/example_dags/example_task_group_decorator.py
[2025-12-11T00:46:11.650+0000] {logging_mixin.py:154} INFO - [2025-12-11T00:46:11.650+0000] {dag.py:2941} INFO - Sync 1 DAGs
[2025-12-11T00:46:11.663+0000] {logging_mixin.py:154} INFO - [2025-12-11T00:46:11.662+0000] {dag.py:3722} INFO - Setting next_dagrun for example_task_group_decorator to 2025-12-10T00:46:11.662809+00:00, run_after=2025-12-11T00:46:11.662809+00:00
[2025-12-11T00:46:11.673+0000] {processor.py:179} INFO - Processing /home/airflow/.local/lib/python3.8/site-packages/airflow/example_dags/example_task_group_decorator.py took 0.050 seconds
[2025-12-11T00:46:42.242+0000] {processor.py:157} INFO - Started process (PID=1100) to work on /home/airflow/.local/lib/python3.8/site-packages/airflow/example_dags/example_task_group_decorator.py
[2025-12-11T00:46:42.243+0000] {processor.py:829} INFO - Processing file /home/airflow/.local/lib/python3.8/site-packages/airflow/example_dags/example_task_group_decorator.py for tasks to queue
[2025-12-11T00:46:42.244+0000] {logging_mixin.py:154} INFO - [2025-12-11T00:46:42.244+0000] {dagbag.py:536} INFO - Filling up the DagBag from /home/airflow/.local/lib/python3.8/site-packages/airflow/example_dags/example_task_group_decorator.py
[2025-12-11T00:46:42.253+0000] {processor.py:839} INFO - DAG(s) dict_keys(['example_task_group_decorator']) retrieved from /home/airflow/.local/lib/python3.8/site-packages/airflow/example_dags/example_task_group_decorator.py
[2025-12-11T00:46:42.267+0000] {logging_mixin.py:154} INFO - [2025-12-11T00:46:42.267+0000] {dag.py:2941} INFO - Sync 1 DAGs
[2025-12-11T00:46:42.278+0000] {logging_mixin.py:154} INFO - [2025-12-11T00:46:42.278+0000] {dag.py:3722} INFO - Setting next_dagrun for example_task_group_decorator to 2025-12-10T00:46:42.278450+00:00, run_after=2025-12-11T00:46:42.278450+00:00
[2025-12-11T00:46:42.289+0000] {processor.py:179} INFO - Processing /home/airflow/.local/lib/python3.8/site-packages/airflow/example_dags/example_task_group_decorator.py took 0.049 seconds
[2025-12-11T00:47:12.808+0000] {processor.py:157} INFO - Started process (PID=1155) to work on /home/airflow/.local/lib/python3.8/site-packages/airflow/example_dags/example_task_group_decorator.py
[2025-12-11T00:47:12.808+0000] {processor.py:829} INFO - Processing file /home/airflow/.local/lib/python3.8/site-packages/airflow/example_dags/example_task_group_decorator.py for tasks to queue
[2025-12-11T00:47:12.810+0000] {logging_mixin.py:154} INFO - [2025-12-11T00:47:12.810+0000] {dagbag.py:536} INFO - Filling up the DagBag from /home/airflow/.local/lib/python3.8/site-packages/airflow/example_dags/example_task_group_decorator.py
[2025-12-11T00:47:12.817+0000] {processor.py:839} INFO - DAG(s) dict_keys(['example_task_group_decorator']) retrieved from /home/airflow/.local/lib/python3.8/site-packages/airflow/example_dags/example_task_group_decorator.py
[2025-12-11T00:47:12.838+0000] {logging_mixin.py:154} INFO - [2025-12-11T00:47:12.838+0000] {dag.py:2941} INFO - Sync 1 DAGs
[2025-12-11T00:47:12.859+0000] {logging_mixin.py:154} INFO - [2025-12-11T00:47:12.859+0000] {dag.py:3722} INFO - Setting next_dagrun for example_task_group_decorator to 2025-12-10T00:47:12.858948+00:00, run_after=2025-12-11T00:47:12.858948+00:00
[2025-12-11T00:47:12.870+0000] {processor.py:179} INFO - Processing /home/airflow/.local/lib/python3.8/site-packages/airflow/example_dags/example_task_group_decorator.py took 0.064 seconds
[2025-12-11T00:47:43.459+0000] {processor.py:157} INFO - Started process (PID=1210) to work on /home/airflow/.local/lib/python3.8/site-packages/airflow/example_dags/example_task_group_decorator.py
[2025-12-11T00:47:43.460+0000] {processor.py:829} INFO - Processing file /home/airflow/.local/lib/python3.8/site-packages/airflow/example_dags/example_task_group_decorator.py for tasks to queue
[2025-12-11T00:47:43.461+0000] {logging_mixin.py:154} INFO - [2025-12-11T00:47:43.461+0000] {dagbag.py:536} INFO - Filling up the DagBag from /home/airflow/.local/lib/python3.8/site-packages/airflow/example_dags/example_task_group_decorator.py
[2025-12-11T00:47:43.470+0000] {processor.py:839} INFO - DAG(s) dict_keys(['example_task_group_decorator']) retrieved from /home/airflow/.local/lib/python3.8/site-packages/airflow/example_dags/example_task_group_decorator.py
[2025-12-11T00:47:43.488+0000] {logging_mixin.py:154} INFO - [2025-12-11T00:47:43.488+0000] {dag.py:2941} INFO - Sync 1 DAGs
[2025-12-11T00:47:43.501+0000] {logging_mixin.py:154} INFO - [2025-12-11T00:47:43.501+0000] {dag.py:3722} INFO - Setting next_dagrun for example_task_group_decorator to 2025-12-10T00:47:43.501718+00:00, run_after=2025-12-11T00:47:43.501718+00:00
[2025-12-11T00:47:43.513+0000] {processor.py:179} INFO - Processing /home/airflow/.local/lib/python3.8/site-packages/airflow/example_dags/example_task_group_decorator.py took 0.057 seconds
[2025-12-11T00:48:13.659+0000] {processor.py:157} INFO - Started process (PID=1265) to work on /home/airflow/.local/lib/python3.8/site-packages/airflow/example_dags/example_task_group_decorator.py
[2025-12-11T00:48:13.660+0000] {processor.py:829} INFO - Processing file /home/airflow/.local/lib/python3.8/site-packages/airflow/example_dags/example_task_group_decorator.py for tasks to queue
[2025-12-11T00:48:13.661+0000] {logging_mixin.py:154} INFO - [2025-12-11T00:48:13.661+0000] {dagbag.py:536} INFO - Filling up the DagBag from /home/airflow/.local/lib/python3.8/site-packages/airflow/example_dags/example_task_group_decorator.py
[2025-12-11T00:48:13.669+0000] {processor.py:839} INFO - DAG(s) dict_keys(['example_task_group_decorator']) retrieved from /home/airflow/.local/lib/python3.8/site-packages/airflow/example_dags/example_task_group_decorator.py
[2025-12-11T00:48:13.685+0000] {logging_mixin.py:154} INFO - [2025-12-11T00:48:13.685+0000] {dag.py:2941} INFO - Sync 1 DAGs
[2025-12-11T00:48:13.697+0000] {logging_mixin.py:154} INFO - [2025-12-11T00:48:13.697+0000] {dag.py:3722} INFO - Setting next_dagrun for example_task_group_decorator to 2025-12-10T00:48:13.697032+00:00, run_after=2025-12-11T00:48:13.697032+00:00
[2025-12-11T00:48:13.710+0000] {processor.py:179} INFO - Processing /home/airflow/.local/lib/python3.8/site-packages/airflow/example_dags/example_task_group_decorator.py took 0.053 seconds
[2025-12-11T00:48:44.561+0000] {processor.py:157} INFO - Started process (PID=1320) to work on /home/airflow/.local/lib/python3.8/site-packages/airflow/example_dags/example_task_group_decorator.py
[2025-12-11T00:48:44.561+0000] {processor.py:829} INFO - Processing file /home/airflow/.local/lib/python3.8/site-packages/airflow/example_dags/example_task_group_decorator.py for tasks to queue
[2025-12-11T00:48:44.564+0000] {logging_mixin.py:154} INFO - [2025-12-11T00:48:44.563+0000] {dagbag.py:536} INFO - Filling up the DagBag from /home/airflow/.local/lib/python3.8/site-packages/airflow/example_dags/example_task_group_decorator.py
[2025-12-11T00:48:44.572+0000] {processor.py:839} INFO - DAG(s) dict_keys(['example_task_group_decorator']) retrieved from /home/airflow/.local/lib/python3.8/site-packages/airflow/example_dags/example_task_group_decorator.py
[2025-12-11T00:48:44.586+0000] {logging_mixin.py:154} INFO - [2025-12-11T00:48:44.586+0000] {dag.py:2941} INFO - Sync 1 DAGs
[2025-12-11T00:48:44.599+0000] {logging_mixin.py:154} INFO - [2025-12-11T00:48:44.599+0000] {dag.py:3722} INFO - Setting next_dagrun for example_task_group_decorator to 2025-12-10T00:48:44.599529+00:00, run_after=2025-12-11T00:48:44.599529+00:00
[2025-12-11T00:48:44.614+0000] {processor.py:179} INFO - Processing /home/airflow/.local/lib/python3.8/site-packages/airflow/example_dags/example_task_group_decorator.py took 0.056 seconds
[2025-12-11T00:49:15.331+0000] {processor.py:157} INFO - Started process (PID=1375) to work on /home/airflow/.local/lib/python3.8/site-packages/airflow/example_dags/example_task_group_decorator.py
[2025-12-11T00:49:15.332+0000] {processor.py:829} INFO - Processing file /home/airflow/.local/lib/python3.8/site-packages/airflow/example_dags/example_task_group_decorator.py for tasks to queue
[2025-12-11T00:49:15.334+0000] {logging_mixin.py:154} INFO - [2025-12-11T00:49:15.334+0000] {dagbag.py:536} INFO - Filling up the DagBag from /home/airflow/.local/lib/python3.8/site-packages/airflow/example_dags/example_task_group_decorator.py
[2025-12-11T00:49:15.349+0000] {processor.py:839} INFO - DAG(s) dict_keys(['example_task_group_decorator']) retrieved from /home/airflow/.local/lib/python3.8/site-packages/airflow/example_dags/example_task_group_decorator.py
[2025-12-11T00:49:15.371+0000] {logging_mixin.py:154} INFO - [2025-12-11T00:49:15.371+0000] {dag.py:2941} INFO - Sync 1 DAGs
[2025-12-11T00:49:15.385+0000] {logging_mixin.py:154} INFO - [2025-12-11T00:49:15.385+0000] {dag.py:3722} INFO - Setting next_dagrun for example_task_group_decorator to 2025-12-10T00:49:15.385053+00:00, run_after=2025-12-11T00:49:15.385053+00:00
[2025-12-11T00:49:15.397+0000] {processor.py:179} INFO - Processing /home/airflow/.local/lib/python3.8/site-packages/airflow/example_dags/example_task_group_decorator.py took 0.070 seconds
[2025-12-11T00:49:45.444+0000] {processor.py:157} INFO - Started process (PID=1430) to work on /home/airflow/.local/lib/python3.8/site-packages/airflow/example_dags/example_task_group_decorator.py
[2025-12-11T00:49:45.444+0000] {processor.py:829} INFO - Processing file /home/airflow/.local/lib/python3.8/site-packages/airflow/example_dags/example_task_group_decorator.py for tasks to queue
[2025-12-11T00:49:45.446+0000] {logging_mixin.py:154} INFO - [2025-12-11T00:49:45.445+0000] {dagbag.py:536} INFO - Filling up the DagBag from /home/airflow/.local/lib/python3.8/site-packages/airflow/example_dags/example_task_group_decorator.py
[2025-12-11T00:49:45.455+0000] {processor.py:839} INFO - DAG(s) dict_keys(['example_task_group_decorator']) retrieved from /home/airflow/.local/lib/python3.8/site-packages/airflow/example_dags/example_task_group_decorator.py
[2025-12-11T00:49:45.472+0000] {logging_mixin.py:154} INFO - [2025-12-11T00:49:45.471+0000] {dag.py:2941} INFO - Sync 1 DAGs
[2025-12-11T00:49:45.484+0000] {logging_mixin.py:154} INFO - [2025-12-11T00:49:45.484+0000] {dag.py:3722} INFO - Setting next_dagrun for example_task_group_decorator to 2025-12-10T00:49:45.484514+00:00, run_after=2025-12-11T00:49:45.484514+00:00
[2025-12-11T00:49:45.495+0000] {processor.py:179} INFO - Processing /home/airflow/.local/lib/python3.8/site-packages/airflow/example_dags/example_task_group_decorator.py took 0.054 seconds
[2025-12-11T00:50:15.719+0000] {processor.py:157} INFO - Started process (PID=1485) to work on /home/airflow/.local/lib/python3.8/site-packages/airflow/example_dags/example_task_group_decorator.py
[2025-12-11T00:50:15.720+0000] {processor.py:829} INFO - Processing file /home/airflow/.local/lib/python3.8/site-packages/airflow/example_dags/example_task_group_decorator.py for tasks to queue
[2025-12-11T00:50:15.721+0000] {logging_mixin.py:154} INFO - [2025-12-11T00:50:15.721+0000] {dagbag.py:536} INFO - Filling up the DagBag from /home/airflow/.local/lib/python3.8/site-packages/airflow/example_dags/example_task_group_decorator.py
[2025-12-11T00:50:15.730+0000] {processor.py:839} INFO - DAG(s) dict_keys(['example_task_group_decorator']) retrieved from /home/airflow/.local/lib/python3.8/site-packages/airflow/example_dags/example_task_group_decorator.py
[2025-12-11T00:50:15.744+0000] {logging_mixin.py:154} INFO - [2025-12-11T00:50:15.743+0000] {dag.py:2941} INFO - Sync 1 DAGs
[2025-12-11T00:50:15.757+0000] {logging_mixin.py:154} INFO - [2025-12-11T00:50:15.757+0000] {dag.py:3722} INFO - Setting next_dagrun for example_task_group_decorator to 2025-12-10T00:50:15.757055+00:00, run_after=2025-12-11T00:50:15.757055+00:00
[2025-12-11T00:50:15.768+0000] {processor.py:179} INFO - Processing /home/airflow/.local/lib/python3.8/site-packages/airflow/example_dags/example_task_group_decorator.py took 0.051 seconds
[2025-12-11T00:50:45.988+0000] {processor.py:157} INFO - Started process (PID=1540) to work on /home/airflow/.local/lib/python3.8/site-packages/airflow/example_dags/example_task_group_decorator.py
[2025-12-11T00:50:45.989+0000] {processor.py:829} INFO - Processing file /home/airflow/.local/lib/python3.8/site-packages/airflow/example_dags/example_task_group_decorator.py for tasks to queue
[2025-12-11T00:50:45.990+0000] {logging_mixin.py:154} INFO - [2025-12-11T00:50:45.990+0000] {dagbag.py:536} INFO - Filling up the DagBag from /home/airflow/.local/lib/python3.8/site-packages/airflow/example_dags/example_task_group_decorator.py
[2025-12-11T00:50:45.998+0000] {processor.py:839} INFO - DAG(s) dict_keys(['example_task_group_decorator']) retrieved from /home/airflow/.local/lib/python3.8/site-packages/airflow/example_dags/example_task_group_decorator.py
[2025-12-11T00:50:46.014+0000] {logging_mixin.py:154} INFO - [2025-12-11T00:50:46.014+0000] {dag.py:2941} INFO - Sync 1 DAGs
[2025-12-11T00:50:46.027+0000] {logging_mixin.py:154} INFO - [2025-12-11T00:50:46.027+0000] {dag.py:3722} INFO - Setting next_dagrun for example_task_group_decorator to 2025-12-10T00:50:46.027582+00:00, run_after=2025-12-11T00:50:46.027582+00:00
[2025-12-11T00:50:46.038+0000] {processor.py:179} INFO - Processing /home/airflow/.local/lib/python3.8/site-packages/airflow/example_dags/example_task_group_decorator.py took 0.052 seconds
[2025-12-11T00:51:16.668+0000] {processor.py:157} INFO - Started process (PID=1595) to work on /home/airflow/.local/lib/python3.8/site-packages/airflow/example_dags/example_task_group_decorator.py
[2025-12-11T00:51:16.668+0000] {processor.py:829} INFO - Processing file /home/airflow/.local/lib/python3.8/site-packages/airflow/example_dags/example_task_group_decorator.py for tasks to queue
[2025-12-11T00:51:16.670+0000] {logging_mixin.py:154} INFO - [2025-12-11T00:51:16.670+0000] {dagbag.py:536} INFO - Filling up the DagBag from /home/airflow/.local/lib/python3.8/site-packages/airflow/example_dags/example_task_group_decorator.py
[2025-12-11T00:51:16.678+0000] {processor.py:839} INFO - DAG(s) dict_keys(['example_task_group_decorator']) retrieved from /home/airflow/.local/lib/python3.8/site-packages/airflow/example_dags/example_task_group_decorator.py
[2025-12-11T00:51:16.693+0000] {logging_mixin.py:154} INFO - [2025-12-11T00:51:16.693+0000] {dag.py:2941} INFO - Sync 1 DAGs
[2025-12-11T00:51:16.706+0000] {logging_mixin.py:154} INFO - [2025-12-11T00:51:16.706+0000] {dag.py:3722} INFO - Setting next_dagrun for example_task_group_decorator to 2025-12-10T00:51:16.706306+00:00, run_after=2025-12-11T00:51:16.706306+00:00
[2025-12-11T00:51:16.716+0000] {processor.py:179} INFO - Processing /home/airflow/.local/lib/python3.8/site-packages/airflow/example_dags/example_task_group_decorator.py took 0.051 seconds
[2025-12-11T00:51:46.792+0000] {processor.py:157} INFO - Started process (PID=1650) to work on /home/airflow/.local/lib/python3.8/site-packages/airflow/example_dags/example_task_group_decorator.py
[2025-12-11T00:51:46.793+0000] {processor.py:829} INFO - Processing file /home/airflow/.local/lib/python3.8/site-packages/airflow/example_dags/example_task_group_decorator.py for tasks to queue
[2025-12-11T00:51:46.794+0000] {logging_mixin.py:154} INFO - [2025-12-11T00:51:46.794+0000] {dagbag.py:536} INFO - Filling up the DagBag from /home/airflow/.local/lib/python3.8/site-packages/airflow/example_dags/example_task_group_decorator.py
[2025-12-11T00:51:46.803+0000] {processor.py:839} INFO - DAG(s) dict_keys(['example_task_group_decorator']) retrieved from /home/airflow/.local/lib/python3.8/site-packages/airflow/example_dags/example_task_group_decorator.py
[2025-12-11T00:51:46.822+0000] {logging_mixin.py:154} INFO - [2025-12-11T00:51:46.821+0000] {dag.py:2941} INFO - Sync 1 DAGs
[2025-12-11T00:51:46.836+0000] {logging_mixin.py:154} INFO - [2025-12-11T00:51:46.836+0000] {dag.py:3722} INFO - Setting next_dagrun for example_task_group_decorator to 2025-12-10T00:51:46.836042+00:00, run_after=2025-12-11T00:51:46.836042+00:00
[2025-12-11T00:51:46.848+0000] {processor.py:179} INFO - Processing /home/airflow/.local/lib/python3.8/site-packages/airflow/example_dags/example_task_group_decorator.py took 0.058 seconds
[2025-12-11T00:52:17.095+0000] {processor.py:157} INFO - Started process (PID=1706) to work on /home/airflow/.local/lib/python3.8/site-packages/airflow/example_dags/example_task_group_decorator.py
[2025-12-11T00:52:17.102+0000] {processor.py:829} INFO - Processing file /home/airflow/.local/lib/python3.8/site-packages/airflow/example_dags/example_task_group_decorator.py for tasks to queue
[2025-12-11T00:52:17.104+0000] {logging_mixin.py:154} INFO - [2025-12-11T00:52:17.104+0000] {dagbag.py:536} INFO - Filling up the DagBag from /home/airflow/.local/lib/python3.8/site-packages/airflow/example_dags/example_task_group_decorator.py
[2025-12-11T00:52:17.112+0000] {processor.py:839} INFO - DAG(s) dict_keys(['example_task_group_decorator']) retrieved from /home/airflow/.local/lib/python3.8/site-packages/airflow/example_dags/example_task_group_decorator.py
[2025-12-11T00:52:17.130+0000] {logging_mixin.py:154} INFO - [2025-12-11T00:52:17.130+0000] {dag.py:2941} INFO - Sync 1 DAGs
[2025-12-11T00:52:17.144+0000] {logging_mixin.py:154} INFO - [2025-12-11T00:52:17.143+0000] {dag.py:3722} INFO - Setting next_dagrun for example_task_group_decorator to 2025-12-10T00:52:17.143769+00:00, run_after=2025-12-11T00:52:17.143769+00:00
[2025-12-11T00:52:17.161+0000] {processor.py:179} INFO - Processing /home/airflow/.local/lib/python3.8/site-packages/airflow/example_dags/example_task_group_decorator.py took 0.068 seconds
[2025-12-11T00:52:47.189+0000] {processor.py:157} INFO - Started process (PID=1761) to work on /home/airflow/.local/lib/python3.8/site-packages/airflow/example_dags/example_task_group_decorator.py
[2025-12-11T00:52:47.190+0000] {processor.py:829} INFO - Processing file /home/airflow/.local/lib/python3.8/site-packages/airflow/example_dags/example_task_group_decorator.py for tasks to queue
[2025-12-11T00:52:47.191+0000] {logging_mixin.py:154} INFO - [2025-12-11T00:52:47.191+0000] {dagbag.py:536} INFO - Filling up the DagBag from /home/airflow/.local/lib/python3.8/site-packages/airflow/example_dags/example_task_group_decorator.py
[2025-12-11T00:52:47.200+0000] {processor.py:839} INFO - DAG(s) dict_keys(['example_task_group_decorator']) retrieved from /home/airflow/.local/lib/python3.8/site-packages/airflow/example_dags/example_task_group_decorator.py
[2025-12-11T00:52:47.216+0000] {logging_mixin.py:154} INFO - [2025-12-11T00:52:47.216+0000] {dag.py:2941} INFO - Sync 1 DAGs
[2025-12-11T00:52:47.230+0000] {logging_mixin.py:154} INFO - [2025-12-11T00:52:47.230+0000] {dag.py:3722} INFO - Setting next_dagrun for example_task_group_decorator to 2025-12-10T00:52:47.230380+00:00, run_after=2025-12-11T00:52:47.230380+00:00
[2025-12-11T00:52:47.243+0000] {processor.py:179} INFO - Processing /home/airflow/.local/lib/python3.8/site-packages/airflow/example_dags/example_task_group_decorator.py took 0.056 seconds
[2025-12-11T00:53:17.828+0000] {processor.py:157} INFO - Started process (PID=1815) to work on /home/airflow/.local/lib/python3.8/site-packages/airflow/example_dags/example_task_group_decorator.py
[2025-12-11T00:53:17.829+0000] {processor.py:829} INFO - Processing file /home/airflow/.local/lib/python3.8/site-packages/airflow/example_dags/example_task_group_decorator.py for tasks to queue
[2025-12-11T00:53:17.830+0000] {logging_mixin.py:154} INFO - [2025-12-11T00:53:17.830+0000] {dagbag.py:536} INFO - Filling up the DagBag from /home/airflow/.local/lib/python3.8/site-packages/airflow/example_dags/example_task_group_decorator.py
[2025-12-11T00:53:17.838+0000] {processor.py:839} INFO - DAG(s) dict_keys(['example_task_group_decorator']) retrieved from /home/airflow/.local/lib/python3.8/site-packages/airflow/example_dags/example_task_group_decorator.py
[2025-12-11T00:53:17.854+0000] {logging_mixin.py:154} INFO - [2025-12-11T00:53:17.854+0000] {dag.py:2941} INFO - Sync 1 DAGs
[2025-12-11T00:53:17.866+0000] {logging_mixin.py:154} INFO - [2025-12-11T00:53:17.866+0000] {dag.py:3722} INFO - Setting next_dagrun for example_task_group_decorator to 2025-12-10T00:53:17.866599+00:00, run_after=2025-12-11T00:53:17.866599+00:00
[2025-12-11T00:53:17.878+0000] {processor.py:179} INFO - Processing /home/airflow/.local/lib/python3.8/site-packages/airflow/example_dags/example_task_group_decorator.py took 0.052 seconds
[2025-12-11T00:53:48.464+0000] {processor.py:157} INFO - Started process (PID=1870) to work on /home/airflow/.local/lib/python3.8/site-packages/airflow/example_dags/example_task_group_decorator.py
[2025-12-11T00:53:48.464+0000] {processor.py:829} INFO - Processing file /home/airflow/.local/lib/python3.8/site-packages/airflow/example_dags/example_task_group_decorator.py for tasks to queue
[2025-12-11T00:53:48.466+0000] {logging_mixin.py:154} INFO - [2025-12-11T00:53:48.466+0000] {dagbag.py:536} INFO - Filling up the DagBag from /home/airflow/.local/lib/python3.8/site-packages/airflow/example_dags/example_task_group_decorator.py
[2025-12-11T00:53:48.475+0000] {processor.py:839} INFO - DAG(s) dict_keys(['example_task_group_decorator']) retrieved from /home/airflow/.local/lib/python3.8/site-packages/airflow/example_dags/example_task_group_decorator.py
[2025-12-11T00:53:48.494+0000] {logging_mixin.py:154} INFO - [2025-12-11T00:53:48.494+0000] {dag.py:2941} INFO - Sync 1 DAGs
[2025-12-11T00:53:48.507+0000] {logging_mixin.py:154} INFO - [2025-12-11T00:53:48.507+0000] {dag.py:3722} INFO - Setting next_dagrun for example_task_group_decorator to 2025-12-10T00:53:48.507549+00:00, run_after=2025-12-11T00:53:48.507549+00:00
[2025-12-11T00:53:48.519+0000] {processor.py:179} INFO - Processing /home/airflow/.local/lib/python3.8/site-packages/airflow/example_dags/example_task_group_decorator.py took 0.057 seconds
[2025-12-11T00:54:18.797+0000] {processor.py:157} INFO - Started process (PID=1926) to work on /home/airflow/.local/lib/python3.8/site-packages/airflow/example_dags/example_task_group_decorator.py
[2025-12-11T00:54:18.798+0000] {processor.py:829} INFO - Processing file /home/airflow/.local/lib/python3.8/site-packages/airflow/example_dags/example_task_group_decorator.py for tasks to queue
[2025-12-11T00:54:18.799+0000] {logging_mixin.py:154} INFO - [2025-12-11T00:54:18.799+0000] {dagbag.py:536} INFO - Filling up the DagBag from /home/airflow/.local/lib/python3.8/site-packages/airflow/example_dags/example_task_group_decorator.py
[2025-12-11T00:54:18.809+0000] {processor.py:839} INFO - DAG(s) dict_keys(['example_task_group_decorator']) retrieved from /home/airflow/.local/lib/python3.8/site-packages/airflow/example_dags/example_task_group_decorator.py
[2025-12-11T00:54:18.827+0000] {logging_mixin.py:154} INFO - [2025-12-11T00:54:18.826+0000] {dag.py:2941} INFO - Sync 1 DAGs
[2025-12-11T00:54:18.841+0000] {logging_mixin.py:154} INFO - [2025-12-11T00:54:18.841+0000] {dag.py:3722} INFO - Setting next_dagrun for example_task_group_decorator to 2025-12-10T00:54:18.841642+00:00, run_after=2025-12-11T00:54:18.841642+00:00
[2025-12-11T00:54:18.856+0000] {processor.py:179} INFO - Processing /home/airflow/.local/lib/python3.8/site-packages/airflow/example_dags/example_task_group_decorator.py took 0.060 seconds
[2025-12-11T00:54:49.224+0000] {processor.py:157} INFO - Started process (PID=1981) to work on /home/airflow/.local/lib/python3.8/site-packages/airflow/example_dags/example_task_group_decorator.py
[2025-12-11T00:54:49.225+0000] {processor.py:829} INFO - Processing file /home/airflow/.local/lib/python3.8/site-packages/airflow/example_dags/example_task_group_decorator.py for tasks to queue
[2025-12-11T00:54:49.229+0000] {logging_mixin.py:154} INFO - [2025-12-11T00:54:49.229+0000] {dagbag.py:536} INFO - Filling up the DagBag from /home/airflow/.local/lib/python3.8/site-packages/airflow/example_dags/example_task_group_decorator.py
[2025-12-11T00:54:49.256+0000] {processor.py:839} INFO - DAG(s) dict_keys(['example_task_group_decorator']) retrieved from /home/airflow/.local/lib/python3.8/site-packages/airflow/example_dags/example_task_group_decorator.py
[2025-12-11T00:54:49.291+0000] {logging_mixin.py:154} INFO - [2025-12-11T00:54:49.290+0000] {dag.py:2941} INFO - Sync 1 DAGs
[2025-12-11T00:54:49.319+0000] {logging_mixin.py:154} INFO - [2025-12-11T00:54:49.318+0000] {dag.py:3722} INFO - Setting next_dagrun for example_task_group_decorator to 2025-12-10T00:54:49.318773+00:00, run_after=2025-12-11T00:54:49.318773+00:00
[2025-12-11T00:54:49.335+0000] {processor.py:179} INFO - Processing /home/airflow/.local/lib/python3.8/site-packages/airflow/example_dags/example_task_group_decorator.py took 0.115 seconds
[2025-12-11T00:55:19.777+0000] {processor.py:157} INFO - Started process (PID=2036) to work on /home/airflow/.local/lib/python3.8/site-packages/airflow/example_dags/example_task_group_decorator.py
[2025-12-11T00:55:19.777+0000] {processor.py:829} INFO - Processing file /home/airflow/.local/lib/python3.8/site-packages/airflow/example_dags/example_task_group_decorator.py for tasks to queue
[2025-12-11T00:55:19.778+0000] {logging_mixin.py:154} INFO - [2025-12-11T00:55:19.778+0000] {dagbag.py:536} INFO - Filling up the DagBag from /home/airflow/.local/lib/python3.8/site-packages/airflow/example_dags/example_task_group_decorator.py
[2025-12-11T00:55:19.787+0000] {processor.py:839} INFO - DAG(s) dict_keys(['example_task_group_decorator']) retrieved from /home/airflow/.local/lib/python3.8/site-packages/airflow/example_dags/example_task_group_decorator.py
[2025-12-11T00:55:19.808+0000] {logging_mixin.py:154} INFO - [2025-12-11T00:55:19.808+0000] {dag.py:2941} INFO - Sync 1 DAGs
[2025-12-11T00:55:19.823+0000] {logging_mixin.py:154} INFO - [2025-12-11T00:55:19.822+0000] {dag.py:3722} INFO - Setting next_dagrun for example_task_group_decorator to 2025-12-10T00:55:19.822706+00:00, run_after=2025-12-11T00:55:19.822706+00:00
[2025-12-11T00:55:19.834+0000] {processor.py:179} INFO - Processing /home/airflow/.local/lib/python3.8/site-packages/airflow/example_dags/example_task_group_decorator.py took 0.060 seconds
