[2025-12-11T00:38:15.855+0000] {processor.py:157} INFO - Started process (PID=174) to work on /home/airflow/.local/lib/python3.8/site-packages/airflow/example_dags/example_branch_day_of_week_operator.py
[2025-12-11T00:38:15.856+0000] {processor.py:829} INFO - Processing file /home/airflow/.local/lib/python3.8/site-packages/airflow/example_dags/example_branch_day_of_week_operator.py for tasks to queue
[2025-12-11T00:38:15.857+0000] {logging_mixin.py:154} INFO - [2025-12-11T00:38:15.857+0000] {dagbag.py:536} INFO - Filling up the DagBag from /home/airflow/.local/lib/python3.8/site-packages/airflow/example_dags/example_branch_day_of_week_operator.py
[2025-12-11T00:38:15.868+0000] {processor.py:839} INFO - DAG(s) dict_keys(['example_weekday_branch_operator']) retrieved from /home/airflow/.local/lib/python3.8/site-packages/airflow/example_dags/example_branch_day_of_week_operator.py
[2025-12-11T00:38:15.879+0000] {logging_mixin.py:154} INFO - [2025-12-11T00:38:15.879+0000] {dag.py:2941} INFO - Sync 1 DAGs
[2025-12-11T00:38:15.902+0000] {logging_mixin.py:154} INFO - [2025-12-11T00:38:15.902+0000] {dag.py:3722} INFO - Setting next_dagrun for example_weekday_branch_operator to 2025-12-10T00:00:00+00:00, run_after=2025-12-11T00:00:00+00:00
[2025-12-11T00:38:15.919+0000] {processor.py:179} INFO - Processing /home/airflow/.local/lib/python3.8/site-packages/airflow/example_dags/example_branch_day_of_week_operator.py took 0.067 seconds
[2025-12-11T00:38:46.070+0000] {processor.py:157} INFO - Started process (PID=237) to work on /home/airflow/.local/lib/python3.8/site-packages/airflow/example_dags/example_branch_day_of_week_operator.py
[2025-12-11T00:38:46.071+0000] {processor.py:829} INFO - Processing file /home/airflow/.local/lib/python3.8/site-packages/airflow/example_dags/example_branch_day_of_week_operator.py for tasks to queue
[2025-12-11T00:38:46.072+0000] {logging_mixin.py:154} INFO - [2025-12-11T00:38:46.072+0000] {dagbag.py:536} INFO - Filling up the DagBag from /home/airflow/.local/lib/python3.8/site-packages/airflow/example_dags/example_branch_day_of_week_operator.py
[2025-12-11T00:38:46.077+0000] {processor.py:839} INFO - DAG(s) dict_keys(['example_weekday_branch_operator']) retrieved from /home/airflow/.local/lib/python3.8/site-packages/airflow/example_dags/example_branch_day_of_week_operator.py
[2025-12-11T00:38:46.092+0000] {logging_mixin.py:154} INFO - [2025-12-11T00:38:46.092+0000] {dag.py:2941} INFO - Sync 1 DAGs
[2025-12-11T00:38:46.110+0000] {logging_mixin.py:154} INFO - [2025-12-11T00:38:46.110+0000] {dag.py:3722} INFO - Setting next_dagrun for example_weekday_branch_operator to 2025-12-10T00:00:00+00:00, run_after=2025-12-11T00:00:00+00:00
[2025-12-11T00:38:46.130+0000] {processor.py:179} INFO - Processing /home/airflow/.local/lib/python3.8/site-packages/airflow/example_dags/example_branch_day_of_week_operator.py took 0.063 seconds
[2025-12-11T00:39:16.458+0000] {processor.py:157} INFO - Started process (PID=292) to work on /home/airflow/.local/lib/python3.8/site-packages/airflow/example_dags/example_branch_day_of_week_operator.py
[2025-12-11T00:39:16.459+0000] {processor.py:829} INFO - Processing file /home/airflow/.local/lib/python3.8/site-packages/airflow/example_dags/example_branch_day_of_week_operator.py for tasks to queue
[2025-12-11T00:39:16.460+0000] {logging_mixin.py:154} INFO - [2025-12-11T00:39:16.460+0000] {dagbag.py:536} INFO - Filling up the DagBag from /home/airflow/.local/lib/python3.8/site-packages/airflow/example_dags/example_branch_day_of_week_operator.py
[2025-12-11T00:39:16.476+0000] {processor.py:839} INFO - DAG(s) dict_keys(['example_weekday_branch_operator']) retrieved from /home/airflow/.local/lib/python3.8/site-packages/airflow/example_dags/example_branch_day_of_week_operator.py
[2025-12-11T00:39:16.492+0000] {logging_mixin.py:154} INFO - [2025-12-11T00:39:16.492+0000] {dag.py:2941} INFO - Sync 1 DAGs
[2025-12-11T00:39:16.505+0000] {logging_mixin.py:154} INFO - [2025-12-11T00:39:16.505+0000] {dag.py:3722} INFO - Setting next_dagrun for example_weekday_branch_operator to 2025-12-10T00:00:00+00:00, run_after=2025-12-11T00:00:00+00:00
[2025-12-11T00:39:16.525+0000] {processor.py:179} INFO - Processing /home/airflow/.local/lib/python3.8/site-packages/airflow/example_dags/example_branch_day_of_week_operator.py took 0.068 seconds
[2025-12-11T00:39:46.792+0000] {processor.py:157} INFO - Started process (PID=347) to work on /home/airflow/.local/lib/python3.8/site-packages/airflow/example_dags/example_branch_day_of_week_operator.py
[2025-12-11T00:39:46.793+0000] {processor.py:829} INFO - Processing file /home/airflow/.local/lib/python3.8/site-packages/airflow/example_dags/example_branch_day_of_week_operator.py for tasks to queue
[2025-12-11T00:39:46.794+0000] {logging_mixin.py:154} INFO - [2025-12-11T00:39:46.794+0000] {dagbag.py:536} INFO - Filling up the DagBag from /home/airflow/.local/lib/python3.8/site-packages/airflow/example_dags/example_branch_day_of_week_operator.py
[2025-12-11T00:39:46.799+0000] {processor.py:839} INFO - DAG(s) dict_keys(['example_weekday_branch_operator']) retrieved from /home/airflow/.local/lib/python3.8/site-packages/airflow/example_dags/example_branch_day_of_week_operator.py
[2025-12-11T00:39:46.815+0000] {logging_mixin.py:154} INFO - [2025-12-11T00:39:46.815+0000] {dag.py:2941} INFO - Sync 1 DAGs
[2025-12-11T00:39:46.832+0000] {logging_mixin.py:154} INFO - [2025-12-11T00:39:46.832+0000] {dag.py:3722} INFO - Setting next_dagrun for example_weekday_branch_operator to 2025-12-10T00:00:00+00:00, run_after=2025-12-11T00:00:00+00:00
[2025-12-11T00:39:46.852+0000] {processor.py:179} INFO - Processing /home/airflow/.local/lib/python3.8/site-packages/airflow/example_dags/example_branch_day_of_week_operator.py took 0.062 seconds
[2025-12-11T00:40:23.181+0000] {processor.py:157} INFO - Started process (PID=408) to work on /home/airflow/.local/lib/python3.8/site-packages/airflow/example_dags/example_branch_day_of_week_operator.py
[2025-12-11T00:40:23.249+0000] {processor.py:829} INFO - Processing file /home/airflow/.local/lib/python3.8/site-packages/airflow/example_dags/example_branch_day_of_week_operator.py for tasks to queue
[2025-12-11T00:40:23.252+0000] {logging_mixin.py:154} INFO - [2025-12-11T00:40:23.252+0000] {dagbag.py:536} INFO - Filling up the DagBag from /home/airflow/.local/lib/python3.8/site-packages/airflow/example_dags/example_branch_day_of_week_operator.py
[2025-12-11T00:40:23.361+0000] {processor.py:839} INFO - DAG(s) dict_keys(['example_weekday_branch_operator']) retrieved from /home/airflow/.local/lib/python3.8/site-packages/airflow/example_dags/example_branch_day_of_week_operator.py
[2025-12-11T00:40:23.388+0000] {logging_mixin.py:154} INFO - [2025-12-11T00:40:23.388+0000] {dag.py:2941} INFO - Sync 1 DAGs
[2025-12-11T00:40:23.401+0000] {logging_mixin.py:154} INFO - [2025-12-11T00:40:23.401+0000] {dag.py:3722} INFO - Setting next_dagrun for example_weekday_branch_operator to 2025-12-10T00:00:00+00:00, run_after=2025-12-11T00:00:00+00:00
[2025-12-11T00:40:24.566+0000] {processor.py:179} INFO - Processing /home/airflow/.local/lib/python3.8/site-packages/airflow/example_dags/example_branch_day_of_week_operator.py took 1.388 seconds
[2025-12-11T00:40:55.291+0000] {processor.py:157} INFO - Started process (PID=464) to work on /home/airflow/.local/lib/python3.8/site-packages/airflow/example_dags/example_branch_day_of_week_operator.py
[2025-12-11T00:40:55.292+0000] {processor.py:829} INFO - Processing file /home/airflow/.local/lib/python3.8/site-packages/airflow/example_dags/example_branch_day_of_week_operator.py for tasks to queue
[2025-12-11T00:40:55.294+0000] {logging_mixin.py:154} INFO - [2025-12-11T00:40:55.293+0000] {dagbag.py:536} INFO - Filling up the DagBag from /home/airflow/.local/lib/python3.8/site-packages/airflow/example_dags/example_branch_day_of_week_operator.py
[2025-12-11T00:40:55.299+0000] {processor.py:839} INFO - DAG(s) dict_keys(['example_weekday_branch_operator']) retrieved from /home/airflow/.local/lib/python3.8/site-packages/airflow/example_dags/example_branch_day_of_week_operator.py
[2025-12-11T00:40:55.310+0000] {logging_mixin.py:154} INFO - [2025-12-11T00:40:55.310+0000] {dag.py:2941} INFO - Sync 1 DAGs
[2025-12-11T00:40:55.324+0000] {logging_mixin.py:154} INFO - [2025-12-11T00:40:55.324+0000] {dag.py:3722} INFO - Setting next_dagrun for example_weekday_branch_operator to 2025-12-10T00:00:00+00:00, run_after=2025-12-11T00:00:00+00:00
[2025-12-11T00:40:55.357+0000] {processor.py:179} INFO - Processing /home/airflow/.local/lib/python3.8/site-packages/airflow/example_dags/example_branch_day_of_week_operator.py took 0.068 seconds
[2025-12-11T00:41:25.892+0000] {processor.py:157} INFO - Started process (PID=519) to work on /home/airflow/.local/lib/python3.8/site-packages/airflow/example_dags/example_branch_day_of_week_operator.py
[2025-12-11T00:41:25.964+0000] {processor.py:829} INFO - Processing file /home/airflow/.local/lib/python3.8/site-packages/airflow/example_dags/example_branch_day_of_week_operator.py for tasks to queue
[2025-12-11T00:41:25.967+0000] {logging_mixin.py:154} INFO - [2025-12-11T00:41:25.967+0000] {dagbag.py:536} INFO - Filling up the DagBag from /home/airflow/.local/lib/python3.8/site-packages/airflow/example_dags/example_branch_day_of_week_operator.py
[2025-12-11T00:41:26.077+0000] {processor.py:839} INFO - DAG(s) dict_keys(['example_weekday_branch_operator']) retrieved from /home/airflow/.local/lib/python3.8/site-packages/airflow/example_dags/example_branch_day_of_week_operator.py
[2025-12-11T00:41:26.103+0000] {logging_mixin.py:154} INFO - [2025-12-11T00:41:26.103+0000] {dag.py:2941} INFO - Sync 1 DAGs
[2025-12-11T00:41:26.123+0000] {logging_mixin.py:154} INFO - [2025-12-11T00:41:26.122+0000] {dag.py:3722} INFO - Setting next_dagrun for example_weekday_branch_operator to 2025-12-10T00:00:00+00:00, run_after=2025-12-11T00:00:00+00:00
[2025-12-11T00:41:26.495+0000] {processor.py:179} INFO - Processing /home/airflow/.local/lib/python3.8/site-packages/airflow/example_dags/example_branch_day_of_week_operator.py took 0.607 seconds
[2025-12-11T00:41:56.522+0000] {processor.py:157} INFO - Started process (PID=574) to work on /home/airflow/.local/lib/python3.8/site-packages/airflow/example_dags/example_branch_day_of_week_operator.py
[2025-12-11T00:41:56.522+0000] {processor.py:829} INFO - Processing file /home/airflow/.local/lib/python3.8/site-packages/airflow/example_dags/example_branch_day_of_week_operator.py for tasks to queue
[2025-12-11T00:41:56.523+0000] {logging_mixin.py:154} INFO - [2025-12-11T00:41:56.523+0000] {dagbag.py:536} INFO - Filling up the DagBag from /home/airflow/.local/lib/python3.8/site-packages/airflow/example_dags/example_branch_day_of_week_operator.py
[2025-12-11T00:41:56.625+0000] {processor.py:839} INFO - DAG(s) dict_keys(['example_weekday_branch_operator']) retrieved from /home/airflow/.local/lib/python3.8/site-packages/airflow/example_dags/example_branch_day_of_week_operator.py
[2025-12-11T00:41:56.645+0000] {logging_mixin.py:154} INFO - [2025-12-11T00:41:56.645+0000] {dag.py:2941} INFO - Sync 1 DAGs
[2025-12-11T00:41:56.660+0000] {logging_mixin.py:154} INFO - [2025-12-11T00:41:56.660+0000] {dag.py:3722} INFO - Setting next_dagrun for example_weekday_branch_operator to 2025-12-10T00:00:00+00:00, run_after=2025-12-11T00:00:00+00:00
[2025-12-11T00:41:56.764+0000] {processor.py:179} INFO - Processing /home/airflow/.local/lib/python3.8/site-packages/airflow/example_dags/example_branch_day_of_week_operator.py took 0.244 seconds
[2025-12-11T00:42:27.038+0000] {processor.py:157} INFO - Started process (PID=629) to work on /home/airflow/.local/lib/python3.8/site-packages/airflow/example_dags/example_branch_day_of_week_operator.py
[2025-12-11T00:42:27.038+0000] {processor.py:829} INFO - Processing file /home/airflow/.local/lib/python3.8/site-packages/airflow/example_dags/example_branch_day_of_week_operator.py for tasks to queue
[2025-12-11T00:42:27.039+0000] {logging_mixin.py:154} INFO - [2025-12-11T00:42:27.039+0000] {dagbag.py:536} INFO - Filling up the DagBag from /home/airflow/.local/lib/python3.8/site-packages/airflow/example_dags/example_branch_day_of_week_operator.py
[2025-12-11T00:42:27.044+0000] {processor.py:839} INFO - DAG(s) dict_keys(['example_weekday_branch_operator']) retrieved from /home/airflow/.local/lib/python3.8/site-packages/airflow/example_dags/example_branch_day_of_week_operator.py
[2025-12-11T00:42:27.059+0000] {logging_mixin.py:154} INFO - [2025-12-11T00:42:27.059+0000] {dag.py:2941} INFO - Sync 1 DAGs
[2025-12-11T00:42:27.074+0000] {logging_mixin.py:154} INFO - [2025-12-11T00:42:27.073+0000] {dag.py:3722} INFO - Setting next_dagrun for example_weekday_branch_operator to 2025-12-10T00:00:00+00:00, run_after=2025-12-11T00:00:00+00:00
[2025-12-11T00:42:27.086+0000] {processor.py:179} INFO - Processing /home/airflow/.local/lib/python3.8/site-packages/airflow/example_dags/example_branch_day_of_week_operator.py took 0.050 seconds
[2025-12-11T00:42:57.849+0000] {processor.py:157} INFO - Started process (PID=684) to work on /home/airflow/.local/lib/python3.8/site-packages/airflow/example_dags/example_branch_day_of_week_operator.py
[2025-12-11T00:42:57.850+0000] {processor.py:829} INFO - Processing file /home/airflow/.local/lib/python3.8/site-packages/airflow/example_dags/example_branch_day_of_week_operator.py for tasks to queue
[2025-12-11T00:42:57.851+0000] {logging_mixin.py:154} INFO - [2025-12-11T00:42:57.851+0000] {dagbag.py:536} INFO - Filling up the DagBag from /home/airflow/.local/lib/python3.8/site-packages/airflow/example_dags/example_branch_day_of_week_operator.py
[2025-12-11T00:42:57.856+0000] {processor.py:839} INFO - DAG(s) dict_keys(['example_weekday_branch_operator']) retrieved from /home/airflow/.local/lib/python3.8/site-packages/airflow/example_dags/example_branch_day_of_week_operator.py
[2025-12-11T00:42:57.869+0000] {logging_mixin.py:154} INFO - [2025-12-11T00:42:57.869+0000] {dag.py:2941} INFO - Sync 1 DAGs
[2025-12-11T00:42:57.882+0000] {logging_mixin.py:154} INFO - [2025-12-11T00:42:57.882+0000] {dag.py:3722} INFO - Setting next_dagrun for example_weekday_branch_operator to 2025-12-10T00:00:00+00:00, run_after=2025-12-11T00:00:00+00:00
[2025-12-11T00:42:57.895+0000] {processor.py:179} INFO - Processing /home/airflow/.local/lib/python3.8/site-packages/airflow/example_dags/example_branch_day_of_week_operator.py took 0.049 seconds
[2025-12-11T00:43:28.037+0000] {processor.py:157} INFO - Started process (PID=739) to work on /home/airflow/.local/lib/python3.8/site-packages/airflow/example_dags/example_branch_day_of_week_operator.py
[2025-12-11T00:43:28.038+0000] {processor.py:829} INFO - Processing file /home/airflow/.local/lib/python3.8/site-packages/airflow/example_dags/example_branch_day_of_week_operator.py for tasks to queue
[2025-12-11T00:43:28.040+0000] {logging_mixin.py:154} INFO - [2025-12-11T00:43:28.040+0000] {dagbag.py:536} INFO - Filling up the DagBag from /home/airflow/.local/lib/python3.8/site-packages/airflow/example_dags/example_branch_day_of_week_operator.py
[2025-12-11T00:43:28.045+0000] {processor.py:839} INFO - DAG(s) dict_keys(['example_weekday_branch_operator']) retrieved from /home/airflow/.local/lib/python3.8/site-packages/airflow/example_dags/example_branch_day_of_week_operator.py
[2025-12-11T00:43:28.059+0000] {logging_mixin.py:154} INFO - [2025-12-11T00:43:28.059+0000] {dag.py:2941} INFO - Sync 1 DAGs
[2025-12-11T00:43:28.073+0000] {logging_mixin.py:154} INFO - [2025-12-11T00:43:28.073+0000] {dag.py:3722} INFO - Setting next_dagrun for example_weekday_branch_operator to 2025-12-10T00:00:00+00:00, run_after=2025-12-11T00:00:00+00:00
[2025-12-11T00:43:28.084+0000] {processor.py:179} INFO - Processing /home/airflow/.local/lib/python3.8/site-packages/airflow/example_dags/example_branch_day_of_week_operator.py took 0.051 seconds
[2025-12-11T00:43:58.678+0000] {processor.py:157} INFO - Started process (PID=795) to work on /home/airflow/.local/lib/python3.8/site-packages/airflow/example_dags/example_branch_day_of_week_operator.py
[2025-12-11T00:43:58.679+0000] {processor.py:829} INFO - Processing file /home/airflow/.local/lib/python3.8/site-packages/airflow/example_dags/example_branch_day_of_week_operator.py for tasks to queue
[2025-12-11T00:43:58.680+0000] {logging_mixin.py:154} INFO - [2025-12-11T00:43:58.680+0000] {dagbag.py:536} INFO - Filling up the DagBag from /home/airflow/.local/lib/python3.8/site-packages/airflow/example_dags/example_branch_day_of_week_operator.py
[2025-12-11T00:43:58.684+0000] {processor.py:839} INFO - DAG(s) dict_keys(['example_weekday_branch_operator']) retrieved from /home/airflow/.local/lib/python3.8/site-packages/airflow/example_dags/example_branch_day_of_week_operator.py
[2025-12-11T00:43:58.696+0000] {logging_mixin.py:154} INFO - [2025-12-11T00:43:58.696+0000] {dag.py:2941} INFO - Sync 1 DAGs
[2025-12-11T00:43:58.712+0000] {logging_mixin.py:154} INFO - [2025-12-11T00:43:58.712+0000] {dag.py:3722} INFO - Setting next_dagrun for example_weekday_branch_operator to 2025-12-10T00:00:00+00:00, run_after=2025-12-11T00:00:00+00:00
[2025-12-11T00:43:58.736+0000] {processor.py:179} INFO - Processing /home/airflow/.local/lib/python3.8/site-packages/airflow/example_dags/example_branch_day_of_week_operator.py took 0.059 seconds
[2025-12-11T00:44:29.219+0000] {processor.py:157} INFO - Started process (PID=850) to work on /home/airflow/.local/lib/python3.8/site-packages/airflow/example_dags/example_branch_day_of_week_operator.py
[2025-12-11T00:44:29.219+0000] {processor.py:829} INFO - Processing file /home/airflow/.local/lib/python3.8/site-packages/airflow/example_dags/example_branch_day_of_week_operator.py for tasks to queue
[2025-12-11T00:44:29.221+0000] {logging_mixin.py:154} INFO - [2025-12-11T00:44:29.221+0000] {dagbag.py:536} INFO - Filling up the DagBag from /home/airflow/.local/lib/python3.8/site-packages/airflow/example_dags/example_branch_day_of_week_operator.py
[2025-12-11T00:44:29.227+0000] {processor.py:839} INFO - DAG(s) dict_keys(['example_weekday_branch_operator']) retrieved from /home/airflow/.local/lib/python3.8/site-packages/airflow/example_dags/example_branch_day_of_week_operator.py
[2025-12-11T00:44:29.241+0000] {logging_mixin.py:154} INFO - [2025-12-11T00:44:29.241+0000] {dag.py:2941} INFO - Sync 1 DAGs
[2025-12-11T00:44:29.255+0000] {logging_mixin.py:154} INFO - [2025-12-11T00:44:29.255+0000] {dag.py:3722} INFO - Setting next_dagrun for example_weekday_branch_operator to 2025-12-10T00:00:00+00:00, run_after=2025-12-11T00:00:00+00:00
[2025-12-11T00:44:29.267+0000] {processor.py:179} INFO - Processing /home/airflow/.local/lib/python3.8/site-packages/airflow/example_dags/example_branch_day_of_week_operator.py took 0.051 seconds
[2025-12-11T00:44:59.746+0000] {processor.py:157} INFO - Started process (PID=905) to work on /home/airflow/.local/lib/python3.8/site-packages/airflow/example_dags/example_branch_day_of_week_operator.py
[2025-12-11T00:44:59.747+0000] {processor.py:829} INFO - Processing file /home/airflow/.local/lib/python3.8/site-packages/airflow/example_dags/example_branch_day_of_week_operator.py for tasks to queue
[2025-12-11T00:44:59.748+0000] {logging_mixin.py:154} INFO - [2025-12-11T00:44:59.748+0000] {dagbag.py:536} INFO - Filling up the DagBag from /home/airflow/.local/lib/python3.8/site-packages/airflow/example_dags/example_branch_day_of_week_operator.py
[2025-12-11T00:44:59.753+0000] {processor.py:839} INFO - DAG(s) dict_keys(['example_weekday_branch_operator']) retrieved from /home/airflow/.local/lib/python3.8/site-packages/airflow/example_dags/example_branch_day_of_week_operator.py
[2025-12-11T00:44:59.765+0000] {logging_mixin.py:154} INFO - [2025-12-11T00:44:59.765+0000] {dag.py:2941} INFO - Sync 1 DAGs
[2025-12-11T00:44:59.778+0000] {logging_mixin.py:154} INFO - [2025-12-11T00:44:59.778+0000] {dag.py:3722} INFO - Setting next_dagrun for example_weekday_branch_operator to 2025-12-10T00:00:00+00:00, run_after=2025-12-11T00:00:00+00:00
[2025-12-11T00:44:59.789+0000] {processor.py:179} INFO - Processing /home/airflow/.local/lib/python3.8/site-packages/airflow/example_dags/example_branch_day_of_week_operator.py took 0.045 seconds
[2025-12-11T00:45:30.227+0000] {processor.py:157} INFO - Started process (PID=960) to work on /home/airflow/.local/lib/python3.8/site-packages/airflow/example_dags/example_branch_day_of_week_operator.py
[2025-12-11T00:45:30.227+0000] {processor.py:829} INFO - Processing file /home/airflow/.local/lib/python3.8/site-packages/airflow/example_dags/example_branch_day_of_week_operator.py for tasks to queue
[2025-12-11T00:45:30.228+0000] {logging_mixin.py:154} INFO - [2025-12-11T00:45:30.228+0000] {dagbag.py:536} INFO - Filling up the DagBag from /home/airflow/.local/lib/python3.8/site-packages/airflow/example_dags/example_branch_day_of_week_operator.py
[2025-12-11T00:45:30.232+0000] {processor.py:839} INFO - DAG(s) dict_keys(['example_weekday_branch_operator']) retrieved from /home/airflow/.local/lib/python3.8/site-packages/airflow/example_dags/example_branch_day_of_week_operator.py
[2025-12-11T00:45:30.245+0000] {logging_mixin.py:154} INFO - [2025-12-11T00:45:30.245+0000] {dag.py:2941} INFO - Sync 1 DAGs
[2025-12-11T00:45:30.259+0000] {logging_mixin.py:154} INFO - [2025-12-11T00:45:30.259+0000] {dag.py:3722} INFO - Setting next_dagrun for example_weekday_branch_operator to 2025-12-10T00:00:00+00:00, run_after=2025-12-11T00:00:00+00:00
[2025-12-11T00:45:30.270+0000] {processor.py:179} INFO - Processing /home/airflow/.local/lib/python3.8/site-packages/airflow/example_dags/example_branch_day_of_week_operator.py took 0.045 seconds
[2025-12-11T00:46:00.630+0000] {processor.py:157} INFO - Started process (PID=1015) to work on /home/airflow/.local/lib/python3.8/site-packages/airflow/example_dags/example_branch_day_of_week_operator.py
[2025-12-11T00:46:00.631+0000] {processor.py:829} INFO - Processing file /home/airflow/.local/lib/python3.8/site-packages/airflow/example_dags/example_branch_day_of_week_operator.py for tasks to queue
[2025-12-11T00:46:00.632+0000] {logging_mixin.py:154} INFO - [2025-12-11T00:46:00.632+0000] {dagbag.py:536} INFO - Filling up the DagBag from /home/airflow/.local/lib/python3.8/site-packages/airflow/example_dags/example_branch_day_of_week_operator.py
[2025-12-11T00:46:00.637+0000] {processor.py:839} INFO - DAG(s) dict_keys(['example_weekday_branch_operator']) retrieved from /home/airflow/.local/lib/python3.8/site-packages/airflow/example_dags/example_branch_day_of_week_operator.py
[2025-12-11T00:46:00.649+0000] {logging_mixin.py:154} INFO - [2025-12-11T00:46:00.649+0000] {dag.py:2941} INFO - Sync 1 DAGs
[2025-12-11T00:46:00.663+0000] {logging_mixin.py:154} INFO - [2025-12-11T00:46:00.663+0000] {dag.py:3722} INFO - Setting next_dagrun for example_weekday_branch_operator to 2025-12-10T00:00:00+00:00, run_after=2025-12-11T00:00:00+00:00
[2025-12-11T00:46:00.674+0000] {processor.py:179} INFO - Processing /home/airflow/.local/lib/python3.8/site-packages/airflow/example_dags/example_branch_day_of_week_operator.py took 0.046 seconds
[2025-12-11T00:46:31.204+0000] {processor.py:157} INFO - Started process (PID=1070) to work on /home/airflow/.local/lib/python3.8/site-packages/airflow/example_dags/example_branch_day_of_week_operator.py
[2025-12-11T00:46:31.205+0000] {processor.py:829} INFO - Processing file /home/airflow/.local/lib/python3.8/site-packages/airflow/example_dags/example_branch_day_of_week_operator.py for tasks to queue
[2025-12-11T00:46:31.206+0000] {logging_mixin.py:154} INFO - [2025-12-11T00:46:31.206+0000] {dagbag.py:536} INFO - Filling up the DagBag from /home/airflow/.local/lib/python3.8/site-packages/airflow/example_dags/example_branch_day_of_week_operator.py
[2025-12-11T00:46:31.210+0000] {processor.py:839} INFO - DAG(s) dict_keys(['example_weekday_branch_operator']) retrieved from /home/airflow/.local/lib/python3.8/site-packages/airflow/example_dags/example_branch_day_of_week_operator.py
[2025-12-11T00:46:31.226+0000] {logging_mixin.py:154} INFO - [2025-12-11T00:46:31.225+0000] {dag.py:2941} INFO - Sync 1 DAGs
[2025-12-11T00:46:31.241+0000] {logging_mixin.py:154} INFO - [2025-12-11T00:46:31.241+0000] {dag.py:3722} INFO - Setting next_dagrun for example_weekday_branch_operator to 2025-12-10T00:00:00+00:00, run_after=2025-12-11T00:00:00+00:00
[2025-12-11T00:46:31.255+0000] {processor.py:179} INFO - Processing /home/airflow/.local/lib/python3.8/site-packages/airflow/example_dags/example_branch_day_of_week_operator.py took 0.054 seconds
[2025-12-11T00:47:01.727+0000] {processor.py:157} INFO - Started process (PID=1125) to work on /home/airflow/.local/lib/python3.8/site-packages/airflow/example_dags/example_branch_day_of_week_operator.py
[2025-12-11T00:47:01.728+0000] {processor.py:829} INFO - Processing file /home/airflow/.local/lib/python3.8/site-packages/airflow/example_dags/example_branch_day_of_week_operator.py for tasks to queue
[2025-12-11T00:47:01.730+0000] {logging_mixin.py:154} INFO - [2025-12-11T00:47:01.730+0000] {dagbag.py:536} INFO - Filling up the DagBag from /home/airflow/.local/lib/python3.8/site-packages/airflow/example_dags/example_branch_day_of_week_operator.py
[2025-12-11T00:47:01.738+0000] {processor.py:839} INFO - DAG(s) dict_keys(['example_weekday_branch_operator']) retrieved from /home/airflow/.local/lib/python3.8/site-packages/airflow/example_dags/example_branch_day_of_week_operator.py
[2025-12-11T00:47:01.759+0000] {logging_mixin.py:154} INFO - [2025-12-11T00:47:01.759+0000] {dag.py:2941} INFO - Sync 1 DAGs
[2025-12-11T00:47:01.773+0000] {logging_mixin.py:154} INFO - [2025-12-11T00:47:01.773+0000] {dag.py:3722} INFO - Setting next_dagrun for example_weekday_branch_operator to 2025-12-10T00:00:00+00:00, run_after=2025-12-11T00:00:00+00:00
[2025-12-11T00:47:01.784+0000] {processor.py:179} INFO - Processing /home/airflow/.local/lib/python3.8/site-packages/airflow/example_dags/example_branch_day_of_week_operator.py took 0.059 seconds
[2025-12-11T00:47:32.452+0000] {processor.py:157} INFO - Started process (PID=1180) to work on /home/airflow/.local/lib/python3.8/site-packages/airflow/example_dags/example_branch_day_of_week_operator.py
[2025-12-11T00:47:32.452+0000] {processor.py:829} INFO - Processing file /home/airflow/.local/lib/python3.8/site-packages/airflow/example_dags/example_branch_day_of_week_operator.py for tasks to queue
[2025-12-11T00:47:32.453+0000] {logging_mixin.py:154} INFO - [2025-12-11T00:47:32.453+0000] {dagbag.py:536} INFO - Filling up the DagBag from /home/airflow/.local/lib/python3.8/site-packages/airflow/example_dags/example_branch_day_of_week_operator.py
[2025-12-11T00:47:32.458+0000] {processor.py:839} INFO - DAG(s) dict_keys(['example_weekday_branch_operator']) retrieved from /home/airflow/.local/lib/python3.8/site-packages/airflow/example_dags/example_branch_day_of_week_operator.py
[2025-12-11T00:47:32.474+0000] {logging_mixin.py:154} INFO - [2025-12-11T00:47:32.474+0000] {dag.py:2941} INFO - Sync 1 DAGs
[2025-12-11T00:47:32.487+0000] {logging_mixin.py:154} INFO - [2025-12-11T00:47:32.487+0000] {dag.py:3722} INFO - Setting next_dagrun for example_weekday_branch_operator to 2025-12-10T00:00:00+00:00, run_after=2025-12-11T00:00:00+00:00
[2025-12-11T00:47:32.501+0000] {processor.py:179} INFO - Processing /home/airflow/.local/lib/python3.8/site-packages/airflow/example_dags/example_branch_day_of_week_operator.py took 0.051 seconds
[2025-12-11T00:48:03.378+0000] {processor.py:157} INFO - Started process (PID=1235) to work on /home/airflow/.local/lib/python3.8/site-packages/airflow/example_dags/example_branch_day_of_week_operator.py
[2025-12-11T00:48:03.379+0000] {processor.py:829} INFO - Processing file /home/airflow/.local/lib/python3.8/site-packages/airflow/example_dags/example_branch_day_of_week_operator.py for tasks to queue
[2025-12-11T00:48:03.380+0000] {logging_mixin.py:154} INFO - [2025-12-11T00:48:03.380+0000] {dagbag.py:536} INFO - Filling up the DagBag from /home/airflow/.local/lib/python3.8/site-packages/airflow/example_dags/example_branch_day_of_week_operator.py
[2025-12-11T00:48:03.386+0000] {processor.py:839} INFO - DAG(s) dict_keys(['example_weekday_branch_operator']) retrieved from /home/airflow/.local/lib/python3.8/site-packages/airflow/example_dags/example_branch_day_of_week_operator.py
[2025-12-11T00:48:03.400+0000] {logging_mixin.py:154} INFO - [2025-12-11T00:48:03.400+0000] {dag.py:2941} INFO - Sync 1 DAGs
[2025-12-11T00:48:03.415+0000] {logging_mixin.py:154} INFO - [2025-12-11T00:48:03.415+0000] {dag.py:3722} INFO - Setting next_dagrun for example_weekday_branch_operator to 2025-12-10T00:00:00+00:00, run_after=2025-12-11T00:00:00+00:00
[2025-12-11T00:48:03.445+0000] {processor.py:179} INFO - Processing /home/airflow/.local/lib/python3.8/site-packages/airflow/example_dags/example_branch_day_of_week_operator.py took 0.071 seconds
[2025-12-11T00:48:33.534+0000] {processor.py:157} INFO - Started process (PID=1290) to work on /home/airflow/.local/lib/python3.8/site-packages/airflow/example_dags/example_branch_day_of_week_operator.py
[2025-12-11T00:48:33.535+0000] {processor.py:829} INFO - Processing file /home/airflow/.local/lib/python3.8/site-packages/airflow/example_dags/example_branch_day_of_week_operator.py for tasks to queue
[2025-12-11T00:48:33.537+0000] {logging_mixin.py:154} INFO - [2025-12-11T00:48:33.536+0000] {dagbag.py:536} INFO - Filling up the DagBag from /home/airflow/.local/lib/python3.8/site-packages/airflow/example_dags/example_branch_day_of_week_operator.py
[2025-12-11T00:48:33.542+0000] {processor.py:839} INFO - DAG(s) dict_keys(['example_weekday_branch_operator']) retrieved from /home/airflow/.local/lib/python3.8/site-packages/airflow/example_dags/example_branch_day_of_week_operator.py
[2025-12-11T00:48:33.555+0000] {logging_mixin.py:154} INFO - [2025-12-11T00:48:33.555+0000] {dag.py:2941} INFO - Sync 1 DAGs
[2025-12-11T00:48:33.569+0000] {logging_mixin.py:154} INFO - [2025-12-11T00:48:33.569+0000] {dag.py:3722} INFO - Setting next_dagrun for example_weekday_branch_operator to 2025-12-10T00:00:00+00:00, run_after=2025-12-11T00:00:00+00:00
[2025-12-11T00:48:33.583+0000] {processor.py:179} INFO - Processing /home/airflow/.local/lib/python3.8/site-packages/airflow/example_dags/example_branch_day_of_week_operator.py took 0.054 seconds
[2025-12-11T00:49:04.119+0000] {processor.py:157} INFO - Started process (PID=1345) to work on /home/airflow/.local/lib/python3.8/site-packages/airflow/example_dags/example_branch_day_of_week_operator.py
[2025-12-11T00:49:04.119+0000] {processor.py:829} INFO - Processing file /home/airflow/.local/lib/python3.8/site-packages/airflow/example_dags/example_branch_day_of_week_operator.py for tasks to queue
[2025-12-11T00:49:04.121+0000] {logging_mixin.py:154} INFO - [2025-12-11T00:49:04.121+0000] {dagbag.py:536} INFO - Filling up the DagBag from /home/airflow/.local/lib/python3.8/site-packages/airflow/example_dags/example_branch_day_of_week_operator.py
[2025-12-11T00:49:04.128+0000] {processor.py:839} INFO - DAG(s) dict_keys(['example_weekday_branch_operator']) retrieved from /home/airflow/.local/lib/python3.8/site-packages/airflow/example_dags/example_branch_day_of_week_operator.py
[2025-12-11T00:49:04.140+0000] {logging_mixin.py:154} INFO - [2025-12-11T00:49:04.140+0000] {dag.py:2941} INFO - Sync 1 DAGs
[2025-12-11T00:49:04.154+0000] {logging_mixin.py:154} INFO - [2025-12-11T00:49:04.154+0000] {dag.py:3722} INFO - Setting next_dagrun for example_weekday_branch_operator to 2025-12-10T00:00:00+00:00, run_after=2025-12-11T00:00:00+00:00
[2025-12-11T00:49:04.166+0000] {processor.py:179} INFO - Processing /home/airflow/.local/lib/python3.8/site-packages/airflow/example_dags/example_branch_day_of_week_operator.py took 0.049 seconds
[2025-12-11T00:49:34.404+0000] {processor.py:157} INFO - Started process (PID=1400) to work on /home/airflow/.local/lib/python3.8/site-packages/airflow/example_dags/example_branch_day_of_week_operator.py
[2025-12-11T00:49:34.404+0000] {processor.py:829} INFO - Processing file /home/airflow/.local/lib/python3.8/site-packages/airflow/example_dags/example_branch_day_of_week_operator.py for tasks to queue
[2025-12-11T00:49:34.406+0000] {logging_mixin.py:154} INFO - [2025-12-11T00:49:34.406+0000] {dagbag.py:536} INFO - Filling up the DagBag from /home/airflow/.local/lib/python3.8/site-packages/airflow/example_dags/example_branch_day_of_week_operator.py
[2025-12-11T00:49:34.410+0000] {processor.py:839} INFO - DAG(s) dict_keys(['example_weekday_branch_operator']) retrieved from /home/airflow/.local/lib/python3.8/site-packages/airflow/example_dags/example_branch_day_of_week_operator.py
[2025-12-11T00:49:34.427+0000] {logging_mixin.py:154} INFO - [2025-12-11T00:49:34.427+0000] {dag.py:2941} INFO - Sync 1 DAGs
[2025-12-11T00:49:34.444+0000] {logging_mixin.py:154} INFO - [2025-12-11T00:49:34.443+0000] {dag.py:3722} INFO - Setting next_dagrun for example_weekday_branch_operator to 2025-12-10T00:00:00+00:00, run_after=2025-12-11T00:00:00+00:00
[2025-12-11T00:49:34.454+0000] {processor.py:179} INFO - Processing /home/airflow/.local/lib/python3.8/site-packages/airflow/example_dags/example_branch_day_of_week_operator.py took 0.053 seconds
[2025-12-11T00:50:04.522+0000] {processor.py:157} INFO - Started process (PID=1455) to work on /home/airflow/.local/lib/python3.8/site-packages/airflow/example_dags/example_branch_day_of_week_operator.py
[2025-12-11T00:50:04.522+0000] {processor.py:829} INFO - Processing file /home/airflow/.local/lib/python3.8/site-packages/airflow/example_dags/example_branch_day_of_week_operator.py for tasks to queue
[2025-12-11T00:50:04.523+0000] {logging_mixin.py:154} INFO - [2025-12-11T00:50:04.523+0000] {dagbag.py:536} INFO - Filling up the DagBag from /home/airflow/.local/lib/python3.8/site-packages/airflow/example_dags/example_branch_day_of_week_operator.py
[2025-12-11T00:50:04.528+0000] {processor.py:839} INFO - DAG(s) dict_keys(['example_weekday_branch_operator']) retrieved from /home/airflow/.local/lib/python3.8/site-packages/airflow/example_dags/example_branch_day_of_week_operator.py
[2025-12-11T00:50:04.549+0000] {logging_mixin.py:154} INFO - [2025-12-11T00:50:04.548+0000] {dag.py:2941} INFO - Sync 1 DAGs
[2025-12-11T00:50:04.566+0000] {logging_mixin.py:154} INFO - [2025-12-11T00:50:04.566+0000] {dag.py:3722} INFO - Setting next_dagrun for example_weekday_branch_operator to 2025-12-10T00:00:00+00:00, run_after=2025-12-11T00:00:00+00:00
[2025-12-11T00:50:04.578+0000] {processor.py:179} INFO - Processing /home/airflow/.local/lib/python3.8/site-packages/airflow/example_dags/example_branch_day_of_week_operator.py took 0.059 seconds
[2025-12-11T00:50:34.832+0000] {processor.py:157} INFO - Started process (PID=1510) to work on /home/airflow/.local/lib/python3.8/site-packages/airflow/example_dags/example_branch_day_of_week_operator.py
[2025-12-11T00:50:34.832+0000] {processor.py:829} INFO - Processing file /home/airflow/.local/lib/python3.8/site-packages/airflow/example_dags/example_branch_day_of_week_operator.py for tasks to queue
[2025-12-11T00:50:34.834+0000] {logging_mixin.py:154} INFO - [2025-12-11T00:50:34.833+0000] {dagbag.py:536} INFO - Filling up the DagBag from /home/airflow/.local/lib/python3.8/site-packages/airflow/example_dags/example_branch_day_of_week_operator.py
[2025-12-11T00:50:34.839+0000] {processor.py:839} INFO - DAG(s) dict_keys(['example_weekday_branch_operator']) retrieved from /home/airflow/.local/lib/python3.8/site-packages/airflow/example_dags/example_branch_day_of_week_operator.py
[2025-12-11T00:50:34.853+0000] {logging_mixin.py:154} INFO - [2025-12-11T00:50:34.853+0000] {dag.py:2941} INFO - Sync 1 DAGs
[2025-12-11T00:50:34.867+0000] {logging_mixin.py:154} INFO - [2025-12-11T00:50:34.867+0000] {dag.py:3722} INFO - Setting next_dagrun for example_weekday_branch_operator to 2025-12-10T00:00:00+00:00, run_after=2025-12-11T00:00:00+00:00
[2025-12-11T00:50:34.880+0000] {processor.py:179} INFO - Processing /home/airflow/.local/lib/python3.8/site-packages/airflow/example_dags/example_branch_day_of_week_operator.py took 0.050 seconds
[2025-12-11T00:51:05.546+0000] {processor.py:157} INFO - Started process (PID=1565) to work on /home/airflow/.local/lib/python3.8/site-packages/airflow/example_dags/example_branch_day_of_week_operator.py
[2025-12-11T00:51:05.547+0000] {processor.py:829} INFO - Processing file /home/airflow/.local/lib/python3.8/site-packages/airflow/example_dags/example_branch_day_of_week_operator.py for tasks to queue
[2025-12-11T00:51:05.548+0000] {logging_mixin.py:154} INFO - [2025-12-11T00:51:05.548+0000] {dagbag.py:536} INFO - Filling up the DagBag from /home/airflow/.local/lib/python3.8/site-packages/airflow/example_dags/example_branch_day_of_week_operator.py
[2025-12-11T00:51:05.553+0000] {processor.py:839} INFO - DAG(s) dict_keys(['example_weekday_branch_operator']) retrieved from /home/airflow/.local/lib/python3.8/site-packages/airflow/example_dags/example_branch_day_of_week_operator.py
[2025-12-11T00:51:05.566+0000] {logging_mixin.py:154} INFO - [2025-12-11T00:51:05.566+0000] {dag.py:2941} INFO - Sync 1 DAGs
[2025-12-11T00:51:05.581+0000] {logging_mixin.py:154} INFO - [2025-12-11T00:51:05.581+0000] {dag.py:3722} INFO - Setting next_dagrun for example_weekday_branch_operator to 2025-12-10T00:00:00+00:00, run_after=2025-12-11T00:00:00+00:00
[2025-12-11T00:51:05.603+0000] {processor.py:179} INFO - Processing /home/airflow/.local/lib/python3.8/site-packages/airflow/example_dags/example_branch_day_of_week_operator.py took 0.058 seconds
[2025-12-11T00:51:35.681+0000] {processor.py:157} INFO - Started process (PID=1620) to work on /home/airflow/.local/lib/python3.8/site-packages/airflow/example_dags/example_branch_day_of_week_operator.py
[2025-12-11T00:51:35.682+0000] {processor.py:829} INFO - Processing file /home/airflow/.local/lib/python3.8/site-packages/airflow/example_dags/example_branch_day_of_week_operator.py for tasks to queue
[2025-12-11T00:51:35.683+0000] {logging_mixin.py:154} INFO - [2025-12-11T00:51:35.683+0000] {dagbag.py:536} INFO - Filling up the DagBag from /home/airflow/.local/lib/python3.8/site-packages/airflow/example_dags/example_branch_day_of_week_operator.py
[2025-12-11T00:51:35.688+0000] {processor.py:839} INFO - DAG(s) dict_keys(['example_weekday_branch_operator']) retrieved from /home/airflow/.local/lib/python3.8/site-packages/airflow/example_dags/example_branch_day_of_week_operator.py
[2025-12-11T00:51:35.703+0000] {logging_mixin.py:154} INFO - [2025-12-11T00:51:35.703+0000] {dag.py:2941} INFO - Sync 1 DAGs
[2025-12-11T00:51:35.717+0000] {logging_mixin.py:154} INFO - [2025-12-11T00:51:35.717+0000] {dag.py:3722} INFO - Setting next_dagrun for example_weekday_branch_operator to 2025-12-10T00:00:00+00:00, run_after=2025-12-11T00:00:00+00:00
[2025-12-11T00:51:35.729+0000] {processor.py:179} INFO - Processing /home/airflow/.local/lib/python3.8/site-packages/airflow/example_dags/example_branch_day_of_week_operator.py took 0.051 seconds
[2025-12-11T00:52:05.879+0000] {processor.py:157} INFO - Started process (PID=1675) to work on /home/airflow/.local/lib/python3.8/site-packages/airflow/example_dags/example_branch_day_of_week_operator.py
[2025-12-11T00:52:05.879+0000] {processor.py:829} INFO - Processing file /home/airflow/.local/lib/python3.8/site-packages/airflow/example_dags/example_branch_day_of_week_operator.py for tasks to queue
[2025-12-11T00:52:05.880+0000] {logging_mixin.py:154} INFO - [2025-12-11T00:52:05.880+0000] {dagbag.py:536} INFO - Filling up the DagBag from /home/airflow/.local/lib/python3.8/site-packages/airflow/example_dags/example_branch_day_of_week_operator.py
[2025-12-11T00:52:05.886+0000] {processor.py:839} INFO - DAG(s) dict_keys(['example_weekday_branch_operator']) retrieved from /home/airflow/.local/lib/python3.8/site-packages/airflow/example_dags/example_branch_day_of_week_operator.py
[2025-12-11T00:52:05.903+0000] {logging_mixin.py:154} INFO - [2025-12-11T00:52:05.903+0000] {dag.py:2941} INFO - Sync 1 DAGs
[2025-12-11T00:52:05.919+0000] {logging_mixin.py:154} INFO - [2025-12-11T00:52:05.919+0000] {dag.py:3722} INFO - Setting next_dagrun for example_weekday_branch_operator to 2025-12-10T00:00:00+00:00, run_after=2025-12-11T00:00:00+00:00
[2025-12-11T00:52:05.930+0000] {processor.py:179} INFO - Processing /home/airflow/.local/lib/python3.8/site-packages/airflow/example_dags/example_branch_day_of_week_operator.py took 0.053 seconds
[2025-12-11T00:52:36.153+0000] {processor.py:157} INFO - Started process (PID=1730) to work on /home/airflow/.local/lib/python3.8/site-packages/airflow/example_dags/example_branch_day_of_week_operator.py
[2025-12-11T00:52:36.153+0000] {processor.py:829} INFO - Processing file /home/airflow/.local/lib/python3.8/site-packages/airflow/example_dags/example_branch_day_of_week_operator.py for tasks to queue
[2025-12-11T00:52:36.154+0000] {logging_mixin.py:154} INFO - [2025-12-11T00:52:36.154+0000] {dagbag.py:536} INFO - Filling up the DagBag from /home/airflow/.local/lib/python3.8/site-packages/airflow/example_dags/example_branch_day_of_week_operator.py
[2025-12-11T00:52:36.160+0000] {processor.py:839} INFO - DAG(s) dict_keys(['example_weekday_branch_operator']) retrieved from /home/airflow/.local/lib/python3.8/site-packages/airflow/example_dags/example_branch_day_of_week_operator.py
[2025-12-11T00:52:36.174+0000] {logging_mixin.py:154} INFO - [2025-12-11T00:52:36.174+0000] {dag.py:2941} INFO - Sync 1 DAGs
[2025-12-11T00:52:36.190+0000] {logging_mixin.py:154} INFO - [2025-12-11T00:52:36.190+0000] {dag.py:3722} INFO - Setting next_dagrun for example_weekday_branch_operator to 2025-12-10T00:00:00+00:00, run_after=2025-12-11T00:00:00+00:00
[2025-12-11T00:52:36.202+0000] {processor.py:179} INFO - Processing /home/airflow/.local/lib/python3.8/site-packages/airflow/example_dags/example_branch_day_of_week_operator.py took 0.052 seconds
[2025-12-11T00:53:06.803+0000] {processor.py:157} INFO - Started process (PID=1785) to work on /home/airflow/.local/lib/python3.8/site-packages/airflow/example_dags/example_branch_day_of_week_operator.py
[2025-12-11T00:53:06.804+0000] {processor.py:829} INFO - Processing file /home/airflow/.local/lib/python3.8/site-packages/airflow/example_dags/example_branch_day_of_week_operator.py for tasks to queue
[2025-12-11T00:53:06.806+0000] {logging_mixin.py:154} INFO - [2025-12-11T00:53:06.806+0000] {dagbag.py:536} INFO - Filling up the DagBag from /home/airflow/.local/lib/python3.8/site-packages/airflow/example_dags/example_branch_day_of_week_operator.py
[2025-12-11T00:53:06.812+0000] {processor.py:839} INFO - DAG(s) dict_keys(['example_weekday_branch_operator']) retrieved from /home/airflow/.local/lib/python3.8/site-packages/airflow/example_dags/example_branch_day_of_week_operator.py
[2025-12-11T00:53:06.827+0000] {logging_mixin.py:154} INFO - [2025-12-11T00:53:06.827+0000] {dag.py:2941} INFO - Sync 1 DAGs
[2025-12-11T00:53:06.845+0000] {logging_mixin.py:154} INFO - [2025-12-11T00:53:06.845+0000] {dag.py:3722} INFO - Setting next_dagrun for example_weekday_branch_operator to 2025-12-10T00:00:00+00:00, run_after=2025-12-11T00:00:00+00:00
[2025-12-11T00:53:06.865+0000] {processor.py:179} INFO - Processing /home/airflow/.local/lib/python3.8/site-packages/airflow/example_dags/example_branch_day_of_week_operator.py took 0.065 seconds
[2025-12-11T00:53:37.243+0000] {processor.py:157} INFO - Started process (PID=1840) to work on /home/airflow/.local/lib/python3.8/site-packages/airflow/example_dags/example_branch_day_of_week_operator.py
[2025-12-11T00:53:37.243+0000] {processor.py:829} INFO - Processing file /home/airflow/.local/lib/python3.8/site-packages/airflow/example_dags/example_branch_day_of_week_operator.py for tasks to queue
[2025-12-11T00:53:37.244+0000] {logging_mixin.py:154} INFO - [2025-12-11T00:53:37.244+0000] {dagbag.py:536} INFO - Filling up the DagBag from /home/airflow/.local/lib/python3.8/site-packages/airflow/example_dags/example_branch_day_of_week_operator.py
[2025-12-11T00:53:37.249+0000] {processor.py:839} INFO - DAG(s) dict_keys(['example_weekday_branch_operator']) retrieved from /home/airflow/.local/lib/python3.8/site-packages/airflow/example_dags/example_branch_day_of_week_operator.py
[2025-12-11T00:53:37.262+0000] {logging_mixin.py:154} INFO - [2025-12-11T00:53:37.262+0000] {dag.py:2941} INFO - Sync 1 DAGs
[2025-12-11T00:53:37.276+0000] {logging_mixin.py:154} INFO - [2025-12-11T00:53:37.276+0000] {dag.py:3722} INFO - Setting next_dagrun for example_weekday_branch_operator to 2025-12-10T00:00:00+00:00, run_after=2025-12-11T00:00:00+00:00
[2025-12-11T00:53:37.288+0000] {processor.py:179} INFO - Processing /home/airflow/.local/lib/python3.8/site-packages/airflow/example_dags/example_branch_day_of_week_operator.py took 0.047 seconds
[2025-12-11T00:54:07.643+0000] {processor.py:157} INFO - Started process (PID=1896) to work on /home/airflow/.local/lib/python3.8/site-packages/airflow/example_dags/example_branch_day_of_week_operator.py
[2025-12-11T00:54:07.644+0000] {processor.py:829} INFO - Processing file /home/airflow/.local/lib/python3.8/site-packages/airflow/example_dags/example_branch_day_of_week_operator.py for tasks to queue
[2025-12-11T00:54:07.645+0000] {logging_mixin.py:154} INFO - [2025-12-11T00:54:07.645+0000] {dagbag.py:536} INFO - Filling up the DagBag from /home/airflow/.local/lib/python3.8/site-packages/airflow/example_dags/example_branch_day_of_week_operator.py
[2025-12-11T00:54:07.657+0000] {processor.py:839} INFO - DAG(s) dict_keys(['example_weekday_branch_operator']) retrieved from /home/airflow/.local/lib/python3.8/site-packages/airflow/example_dags/example_branch_day_of_week_operator.py
[2025-12-11T00:54:07.697+0000] {logging_mixin.py:154} INFO - [2025-12-11T00:54:07.697+0000] {dag.py:2941} INFO - Sync 1 DAGs
[2025-12-11T00:54:07.728+0000] {logging_mixin.py:154} INFO - [2025-12-11T00:54:07.727+0000] {dag.py:3722} INFO - Setting next_dagrun for example_weekday_branch_operator to 2025-12-10T00:00:00+00:00, run_after=2025-12-11T00:00:00+00:00
[2025-12-11T00:54:07.748+0000] {processor.py:179} INFO - Processing /home/airflow/.local/lib/python3.8/site-packages/airflow/example_dags/example_branch_day_of_week_operator.py took 0.114 seconds
[2025-12-11T00:54:38.054+0000] {processor.py:157} INFO - Started process (PID=1951) to work on /home/airflow/.local/lib/python3.8/site-packages/airflow/example_dags/example_branch_day_of_week_operator.py
[2025-12-11T00:54:38.055+0000] {processor.py:829} INFO - Processing file /home/airflow/.local/lib/python3.8/site-packages/airflow/example_dags/example_branch_day_of_week_operator.py for tasks to queue
[2025-12-11T00:54:38.056+0000] {logging_mixin.py:154} INFO - [2025-12-11T00:54:38.056+0000] {dagbag.py:536} INFO - Filling up the DagBag from /home/airflow/.local/lib/python3.8/site-packages/airflow/example_dags/example_branch_day_of_week_operator.py
[2025-12-11T00:54:38.061+0000] {processor.py:839} INFO - DAG(s) dict_keys(['example_weekday_branch_operator']) retrieved from /home/airflow/.local/lib/python3.8/site-packages/airflow/example_dags/example_branch_day_of_week_operator.py
[2025-12-11T00:54:38.075+0000] {logging_mixin.py:154} INFO - [2025-12-11T00:54:38.075+0000] {dag.py:2941} INFO - Sync 1 DAGs
[2025-12-11T00:54:38.089+0000] {logging_mixin.py:154} INFO - [2025-12-11T00:54:38.089+0000] {dag.py:3722} INFO - Setting next_dagrun for example_weekday_branch_operator to 2025-12-10T00:00:00+00:00, run_after=2025-12-11T00:00:00+00:00
[2025-12-11T00:54:38.100+0000] {processor.py:179} INFO - Processing /home/airflow/.local/lib/python3.8/site-packages/airflow/example_dags/example_branch_day_of_week_operator.py took 0.048 seconds
[2025-12-11T00:55:08.340+0000] {processor.py:157} INFO - Started process (PID=2006) to work on /home/airflow/.local/lib/python3.8/site-packages/airflow/example_dags/example_branch_day_of_week_operator.py
[2025-12-11T00:55:08.342+0000] {processor.py:829} INFO - Processing file /home/airflow/.local/lib/python3.8/site-packages/airflow/example_dags/example_branch_day_of_week_operator.py for tasks to queue
[2025-12-11T00:55:08.343+0000] {logging_mixin.py:154} INFO - [2025-12-11T00:55:08.343+0000] {dagbag.py:536} INFO - Filling up the DagBag from /home/airflow/.local/lib/python3.8/site-packages/airflow/example_dags/example_branch_day_of_week_operator.py
[2025-12-11T00:55:08.348+0000] {processor.py:839} INFO - DAG(s) dict_keys(['example_weekday_branch_operator']) retrieved from /home/airflow/.local/lib/python3.8/site-packages/airflow/example_dags/example_branch_day_of_week_operator.py
[2025-12-11T00:55:08.362+0000] {logging_mixin.py:154} INFO - [2025-12-11T00:55:08.362+0000] {dag.py:2941} INFO - Sync 1 DAGs
[2025-12-11T00:55:08.377+0000] {logging_mixin.py:154} INFO - [2025-12-11T00:55:08.377+0000] {dag.py:3722} INFO - Setting next_dagrun for example_weekday_branch_operator to 2025-12-10T00:00:00+00:00, run_after=2025-12-11T00:00:00+00:00
[2025-12-11T00:55:08.388+0000] {processor.py:179} INFO - Processing /home/airflow/.local/lib/python3.8/site-packages/airflow/example_dags/example_branch_day_of_week_operator.py took 0.050 seconds
