[2025-12-11T00:38:17.197+0000] {processor.py:157} INFO - Started process (PID=211) to work on /home/airflow/.local/lib/python3.8/site-packages/airflow/example_dags/example_trigger_target_dag.py
[2025-12-11T00:38:17.198+0000] {processor.py:829} INFO - Processing file /home/airflow/.local/lib/python3.8/site-packages/airflow/example_dags/example_trigger_target_dag.py for tasks to queue
[2025-12-11T00:38:17.199+0000] {logging_mixin.py:154} INFO - [2025-12-11T00:38:17.199+0000] {dagbag.py:536} INFO - Filling up the DagBag from /home/airflow/.local/lib/python3.8/site-packages/airflow/example_dags/example_trigger_target_dag.py
[2025-12-11T00:38:17.202+0000] {processor.py:839} INFO - DAG(s) dict_keys(['example_trigger_target_dag']) retrieved from /home/airflow/.local/lib/python3.8/site-packages/airflow/example_dags/example_trigger_target_dag.py
[2025-12-11T00:38:17.212+0000] {logging_mixin.py:154} INFO - [2025-12-11T00:38:17.211+0000] {dag.py:2941} INFO - Sync 1 DAGs
[2025-12-11T00:38:17.221+0000] {logging_mixin.py:154} INFO - [2025-12-11T00:38:17.221+0000] {dag.py:3722} INFO - Setting next_dagrun for example_trigger_target_dag to None, run_after=None
[2025-12-11T00:38:17.234+0000] {processor.py:179} INFO - Processing /home/airflow/.local/lib/python3.8/site-packages/airflow/example_dags/example_trigger_target_dag.py took 0.039 seconds
[2025-12-11T00:38:47.773+0000] {processor.py:157} INFO - Started process (PID=270) to work on /home/airflow/.local/lib/python3.8/site-packages/airflow/example_dags/example_trigger_target_dag.py
[2025-12-11T00:38:47.774+0000] {processor.py:829} INFO - Processing file /home/airflow/.local/lib/python3.8/site-packages/airflow/example_dags/example_trigger_target_dag.py for tasks to queue
[2025-12-11T00:38:47.776+0000] {logging_mixin.py:154} INFO - [2025-12-11T00:38:47.776+0000] {dagbag.py:536} INFO - Filling up the DagBag from /home/airflow/.local/lib/python3.8/site-packages/airflow/example_dags/example_trigger_target_dag.py
[2025-12-11T00:38:47.780+0000] {processor.py:839} INFO - DAG(s) dict_keys(['example_trigger_target_dag']) retrieved from /home/airflow/.local/lib/python3.8/site-packages/airflow/example_dags/example_trigger_target_dag.py
[2025-12-11T00:38:47.792+0000] {logging_mixin.py:154} INFO - [2025-12-11T00:38:47.792+0000] {dag.py:2941} INFO - Sync 1 DAGs
[2025-12-11T00:38:47.800+0000] {logging_mixin.py:154} INFO - [2025-12-11T00:38:47.799+0000] {dag.py:3722} INFO - Setting next_dagrun for example_trigger_target_dag to None, run_after=None
[2025-12-11T00:38:47.823+0000] {processor.py:179} INFO - Processing /home/airflow/.local/lib/python3.8/site-packages/airflow/example_dags/example_trigger_target_dag.py took 0.053 seconds
[2025-12-11T00:39:18.197+0000] {processor.py:157} INFO - Started process (PID=325) to work on /home/airflow/.local/lib/python3.8/site-packages/airflow/example_dags/example_trigger_target_dag.py
[2025-12-11T00:39:18.198+0000] {processor.py:829} INFO - Processing file /home/airflow/.local/lib/python3.8/site-packages/airflow/example_dags/example_trigger_target_dag.py for tasks to queue
[2025-12-11T00:39:18.199+0000] {logging_mixin.py:154} INFO - [2025-12-11T00:39:18.199+0000] {dagbag.py:536} INFO - Filling up the DagBag from /home/airflow/.local/lib/python3.8/site-packages/airflow/example_dags/example_trigger_target_dag.py
[2025-12-11T00:39:18.203+0000] {processor.py:839} INFO - DAG(s) dict_keys(['example_trigger_target_dag']) retrieved from /home/airflow/.local/lib/python3.8/site-packages/airflow/example_dags/example_trigger_target_dag.py
[2025-12-11T00:39:18.214+0000] {logging_mixin.py:154} INFO - [2025-12-11T00:39:18.214+0000] {dag.py:2941} INFO - Sync 1 DAGs
[2025-12-11T00:39:18.221+0000] {logging_mixin.py:154} INFO - [2025-12-11T00:39:18.221+0000] {dag.py:3722} INFO - Setting next_dagrun for example_trigger_target_dag to None, run_after=None
[2025-12-11T00:39:18.245+0000] {processor.py:179} INFO - Processing /home/airflow/.local/lib/python3.8/site-packages/airflow/example_dags/example_trigger_target_dag.py took 0.050 seconds
[2025-12-11T00:39:48.485+0000] {processor.py:157} INFO - Started process (PID=380) to work on /home/airflow/.local/lib/python3.8/site-packages/airflow/example_dags/example_trigger_target_dag.py
[2025-12-11T00:39:48.486+0000] {processor.py:829} INFO - Processing file /home/airflow/.local/lib/python3.8/site-packages/airflow/example_dags/example_trigger_target_dag.py for tasks to queue
[2025-12-11T00:39:48.487+0000] {logging_mixin.py:154} INFO - [2025-12-11T00:39:48.487+0000] {dagbag.py:536} INFO - Filling up the DagBag from /home/airflow/.local/lib/python3.8/site-packages/airflow/example_dags/example_trigger_target_dag.py
[2025-12-11T00:39:48.497+0000] {processor.py:839} INFO - DAG(s) dict_keys(['example_trigger_target_dag']) retrieved from /home/airflow/.local/lib/python3.8/site-packages/airflow/example_dags/example_trigger_target_dag.py
[2025-12-11T00:39:48.514+0000] {logging_mixin.py:154} INFO - [2025-12-11T00:39:48.514+0000] {dag.py:2941} INFO - Sync 1 DAGs
[2025-12-11T00:39:48.522+0000] {logging_mixin.py:154} INFO - [2025-12-11T00:39:48.522+0000] {dag.py:3722} INFO - Setting next_dagrun for example_trigger_target_dag to None, run_after=None
[2025-12-11T00:39:48.533+0000] {processor.py:179} INFO - Processing /home/airflow/.local/lib/python3.8/site-packages/airflow/example_dags/example_trigger_target_dag.py took 0.050 seconds
[2025-12-11T00:40:25.719+0000] {processor.py:157} INFO - Started process (PID=442) to work on /home/airflow/.local/lib/python3.8/site-packages/airflow/example_dags/example_trigger_target_dag.py
[2025-12-11T00:40:25.719+0000] {processor.py:829} INFO - Processing file /home/airflow/.local/lib/python3.8/site-packages/airflow/example_dags/example_trigger_target_dag.py for tasks to queue
[2025-12-11T00:40:25.721+0000] {logging_mixin.py:154} INFO - [2025-12-11T00:40:25.720+0000] {dagbag.py:536} INFO - Filling up the DagBag from /home/airflow/.local/lib/python3.8/site-packages/airflow/example_dags/example_trigger_target_dag.py
[2025-12-11T00:40:25.724+0000] {processor.py:839} INFO - DAG(s) dict_keys(['example_trigger_target_dag']) retrieved from /home/airflow/.local/lib/python3.8/site-packages/airflow/example_dags/example_trigger_target_dag.py
[2025-12-11T00:40:25.737+0000] {logging_mixin.py:154} INFO - [2025-12-11T00:40:25.737+0000] {dag.py:2941} INFO - Sync 1 DAGs
[2025-12-11T00:40:25.744+0000] {logging_mixin.py:154} INFO - [2025-12-11T00:40:25.744+0000] {dag.py:3722} INFO - Setting next_dagrun for example_trigger_target_dag to None, run_after=None
[2025-12-11T00:40:25.758+0000] {processor.py:179} INFO - Processing /home/airflow/.local/lib/python3.8/site-packages/airflow/example_dags/example_trigger_target_dag.py took 0.041 seconds
[2025-12-11T00:40:56.471+0000] {processor.py:157} INFO - Started process (PID=497) to work on /home/airflow/.local/lib/python3.8/site-packages/airflow/example_dags/example_trigger_target_dag.py
[2025-12-11T00:40:56.471+0000] {processor.py:829} INFO - Processing file /home/airflow/.local/lib/python3.8/site-packages/airflow/example_dags/example_trigger_target_dag.py for tasks to queue
[2025-12-11T00:40:56.473+0000] {logging_mixin.py:154} INFO - [2025-12-11T00:40:56.473+0000] {dagbag.py:536} INFO - Filling up the DagBag from /home/airflow/.local/lib/python3.8/site-packages/airflow/example_dags/example_trigger_target_dag.py
[2025-12-11T00:40:56.476+0000] {processor.py:839} INFO - DAG(s) dict_keys(['example_trigger_target_dag']) retrieved from /home/airflow/.local/lib/python3.8/site-packages/airflow/example_dags/example_trigger_target_dag.py
[2025-12-11T00:40:56.491+0000] {logging_mixin.py:154} INFO - [2025-12-11T00:40:56.490+0000] {dag.py:2941} INFO - Sync 1 DAGs
[2025-12-11T00:40:56.498+0000] {logging_mixin.py:154} INFO - [2025-12-11T00:40:56.498+0000] {dag.py:3722} INFO - Setting next_dagrun for example_trigger_target_dag to None, run_after=None
[2025-12-11T00:40:56.508+0000] {processor.py:179} INFO - Processing /home/airflow/.local/lib/python3.8/site-packages/airflow/example_dags/example_trigger_target_dag.py took 0.039 seconds
[2025-12-11T00:41:33.773+0000] {processor.py:157} INFO - Started process (PID=552) to work on /home/airflow/.local/lib/python3.8/site-packages/airflow/example_dags/example_trigger_target_dag.py
[2025-12-11T00:41:33.774+0000] {processor.py:829} INFO - Processing file /home/airflow/.local/lib/python3.8/site-packages/airflow/example_dags/example_trigger_target_dag.py for tasks to queue
[2025-12-11T00:41:33.776+0000] {logging_mixin.py:154} INFO - [2025-12-11T00:41:33.776+0000] {dagbag.py:536} INFO - Filling up the DagBag from /home/airflow/.local/lib/python3.8/site-packages/airflow/example_dags/example_trigger_target_dag.py
[2025-12-11T00:41:33.780+0000] {processor.py:839} INFO - DAG(s) dict_keys(['example_trigger_target_dag']) retrieved from /home/airflow/.local/lib/python3.8/site-packages/airflow/example_dags/example_trigger_target_dag.py
[2025-12-11T00:41:33.794+0000] {logging_mixin.py:154} INFO - [2025-12-11T00:41:33.794+0000] {dag.py:2941} INFO - Sync 1 DAGs
[2025-12-11T00:41:33.801+0000] {logging_mixin.py:154} INFO - [2025-12-11T00:41:33.801+0000] {dag.py:3722} INFO - Setting next_dagrun for example_trigger_target_dag to None, run_after=None
[2025-12-11T00:41:33.889+0000] {processor.py:179} INFO - Processing /home/airflow/.local/lib/python3.8/site-packages/airflow/example_dags/example_trigger_target_dag.py took 0.118 seconds
[2025-12-11T00:42:06.455+0000] {processor.py:157} INFO - Started process (PID=607) to work on /home/airflow/.local/lib/python3.8/site-packages/airflow/example_dags/example_trigger_target_dag.py
[2025-12-11T00:42:06.455+0000] {processor.py:829} INFO - Processing file /home/airflow/.local/lib/python3.8/site-packages/airflow/example_dags/example_trigger_target_dag.py for tasks to queue
[2025-12-11T00:42:06.457+0000] {logging_mixin.py:154} INFO - [2025-12-11T00:42:06.457+0000] {dagbag.py:536} INFO - Filling up the DagBag from /home/airflow/.local/lib/python3.8/site-packages/airflow/example_dags/example_trigger_target_dag.py
[2025-12-11T00:42:06.460+0000] {processor.py:839} INFO - DAG(s) dict_keys(['example_trigger_target_dag']) retrieved from /home/airflow/.local/lib/python3.8/site-packages/airflow/example_dags/example_trigger_target_dag.py
[2025-12-11T00:42:06.473+0000] {logging_mixin.py:154} INFO - [2025-12-11T00:42:06.473+0000] {dag.py:2941} INFO - Sync 1 DAGs
[2025-12-11T00:42:06.480+0000] {logging_mixin.py:154} INFO - [2025-12-11T00:42:06.480+0000] {dag.py:3722} INFO - Setting next_dagrun for example_trigger_target_dag to None, run_after=None
[2025-12-11T00:42:06.511+0000] {processor.py:179} INFO - Processing /home/airflow/.local/lib/python3.8/site-packages/airflow/example_dags/example_trigger_target_dag.py took 0.059 seconds
[2025-12-11T00:42:37.288+0000] {processor.py:157} INFO - Started process (PID=662) to work on /home/airflow/.local/lib/python3.8/site-packages/airflow/example_dags/example_trigger_target_dag.py
[2025-12-11T00:42:37.289+0000] {processor.py:829} INFO - Processing file /home/airflow/.local/lib/python3.8/site-packages/airflow/example_dags/example_trigger_target_dag.py for tasks to queue
[2025-12-11T00:42:37.290+0000] {logging_mixin.py:154} INFO - [2025-12-11T00:42:37.290+0000] {dagbag.py:536} INFO - Filling up the DagBag from /home/airflow/.local/lib/python3.8/site-packages/airflow/example_dags/example_trigger_target_dag.py
[2025-12-11T00:42:37.293+0000] {processor.py:839} INFO - DAG(s) dict_keys(['example_trigger_target_dag']) retrieved from /home/airflow/.local/lib/python3.8/site-packages/airflow/example_dags/example_trigger_target_dag.py
[2025-12-11T00:42:37.304+0000] {logging_mixin.py:154} INFO - [2025-12-11T00:42:37.304+0000] {dag.py:2941} INFO - Sync 1 DAGs
[2025-12-11T00:42:37.310+0000] {logging_mixin.py:154} INFO - [2025-12-11T00:42:37.310+0000] {dag.py:3722} INFO - Setting next_dagrun for example_trigger_target_dag to None, run_after=None
[2025-12-11T00:42:37.321+0000] {processor.py:179} INFO - Processing /home/airflow/.local/lib/python3.8/site-packages/airflow/example_dags/example_trigger_target_dag.py took 0.034 seconds
[2025-12-11T00:43:08.200+0000] {processor.py:157} INFO - Started process (PID=717) to work on /home/airflow/.local/lib/python3.8/site-packages/airflow/example_dags/example_trigger_target_dag.py
[2025-12-11T00:43:08.201+0000] {processor.py:829} INFO - Processing file /home/airflow/.local/lib/python3.8/site-packages/airflow/example_dags/example_trigger_target_dag.py for tasks to queue
[2025-12-11T00:43:08.203+0000] {logging_mixin.py:154} INFO - [2025-12-11T00:43:08.203+0000] {dagbag.py:536} INFO - Filling up the DagBag from /home/airflow/.local/lib/python3.8/site-packages/airflow/example_dags/example_trigger_target_dag.py
[2025-12-11T00:43:08.208+0000] {processor.py:839} INFO - DAG(s) dict_keys(['example_trigger_target_dag']) retrieved from /home/airflow/.local/lib/python3.8/site-packages/airflow/example_dags/example_trigger_target_dag.py
[2025-12-11T00:43:08.222+0000] {logging_mixin.py:154} INFO - [2025-12-11T00:43:08.222+0000] {dag.py:2941} INFO - Sync 1 DAGs
[2025-12-11T00:43:08.229+0000] {logging_mixin.py:154} INFO - [2025-12-11T00:43:08.229+0000] {dag.py:3722} INFO - Setting next_dagrun for example_trigger_target_dag to None, run_after=None
[2025-12-11T00:43:08.240+0000] {processor.py:179} INFO - Processing /home/airflow/.local/lib/python3.8/site-packages/airflow/example_dags/example_trigger_target_dag.py took 0.043 seconds
[2025-12-11T00:43:39.131+0000] {processor.py:157} INFO - Started process (PID=772) to work on /home/airflow/.local/lib/python3.8/site-packages/airflow/example_dags/example_trigger_target_dag.py
[2025-12-11T00:43:39.132+0000] {processor.py:829} INFO - Processing file /home/airflow/.local/lib/python3.8/site-packages/airflow/example_dags/example_trigger_target_dag.py for tasks to queue
[2025-12-11T00:43:39.134+0000] {logging_mixin.py:154} INFO - [2025-12-11T00:43:39.134+0000] {dagbag.py:536} INFO - Filling up the DagBag from /home/airflow/.local/lib/python3.8/site-packages/airflow/example_dags/example_trigger_target_dag.py
[2025-12-11T00:43:39.138+0000] {processor.py:839} INFO - DAG(s) dict_keys(['example_trigger_target_dag']) retrieved from /home/airflow/.local/lib/python3.8/site-packages/airflow/example_dags/example_trigger_target_dag.py
[2025-12-11T00:43:39.161+0000] {logging_mixin.py:154} INFO - [2025-12-11T00:43:39.160+0000] {dag.py:2941} INFO - Sync 1 DAGs
[2025-12-11T00:43:39.172+0000] {logging_mixin.py:154} INFO - [2025-12-11T00:43:39.172+0000] {dag.py:3722} INFO - Setting next_dagrun for example_trigger_target_dag to None, run_after=None
[2025-12-11T00:43:39.184+0000] {processor.py:179} INFO - Processing /home/airflow/.local/lib/python3.8/site-packages/airflow/example_dags/example_trigger_target_dag.py took 0.055 seconds
[2025-12-11T00:44:09.848+0000] {processor.py:157} INFO - Started process (PID=828) to work on /home/airflow/.local/lib/python3.8/site-packages/airflow/example_dags/example_trigger_target_dag.py
[2025-12-11T00:44:09.848+0000] {processor.py:829} INFO - Processing file /home/airflow/.local/lib/python3.8/site-packages/airflow/example_dags/example_trigger_target_dag.py for tasks to queue
[2025-12-11T00:44:09.851+0000] {logging_mixin.py:154} INFO - [2025-12-11T00:44:09.850+0000] {dagbag.py:536} INFO - Filling up the DagBag from /home/airflow/.local/lib/python3.8/site-packages/airflow/example_dags/example_trigger_target_dag.py
[2025-12-11T00:44:09.855+0000] {processor.py:839} INFO - DAG(s) dict_keys(['example_trigger_target_dag']) retrieved from /home/airflow/.local/lib/python3.8/site-packages/airflow/example_dags/example_trigger_target_dag.py
[2025-12-11T00:44:09.867+0000] {logging_mixin.py:154} INFO - [2025-12-11T00:44:09.867+0000] {dag.py:2941} INFO - Sync 1 DAGs
[2025-12-11T00:44:09.874+0000] {logging_mixin.py:154} INFO - [2025-12-11T00:44:09.874+0000] {dag.py:3722} INFO - Setting next_dagrun for example_trigger_target_dag to None, run_after=None
[2025-12-11T00:44:09.886+0000] {processor.py:179} INFO - Processing /home/airflow/.local/lib/python3.8/site-packages/airflow/example_dags/example_trigger_target_dag.py took 0.041 seconds
[2025-12-11T00:44:40.289+0000] {processor.py:157} INFO - Started process (PID=883) to work on /home/airflow/.local/lib/python3.8/site-packages/airflow/example_dags/example_trigger_target_dag.py
[2025-12-11T00:44:40.290+0000] {processor.py:829} INFO - Processing file /home/airflow/.local/lib/python3.8/site-packages/airflow/example_dags/example_trigger_target_dag.py for tasks to queue
[2025-12-11T00:44:40.292+0000] {logging_mixin.py:154} INFO - [2025-12-11T00:44:40.292+0000] {dagbag.py:536} INFO - Filling up the DagBag from /home/airflow/.local/lib/python3.8/site-packages/airflow/example_dags/example_trigger_target_dag.py
[2025-12-11T00:44:40.297+0000] {processor.py:839} INFO - DAG(s) dict_keys(['example_trigger_target_dag']) retrieved from /home/airflow/.local/lib/python3.8/site-packages/airflow/example_dags/example_trigger_target_dag.py
[2025-12-11T00:44:40.312+0000] {logging_mixin.py:154} INFO - [2025-12-11T00:44:40.312+0000] {dag.py:2941} INFO - Sync 1 DAGs
[2025-12-11T00:44:40.319+0000] {logging_mixin.py:154} INFO - [2025-12-11T00:44:40.319+0000] {dag.py:3722} INFO - Setting next_dagrun for example_trigger_target_dag to None, run_after=None
[2025-12-11T00:44:40.329+0000] {processor.py:179} INFO - Processing /home/airflow/.local/lib/python3.8/site-packages/airflow/example_dags/example_trigger_target_dag.py took 0.043 seconds
[2025-12-11T00:45:10.776+0000] {processor.py:157} INFO - Started process (PID=938) to work on /home/airflow/.local/lib/python3.8/site-packages/airflow/example_dags/example_trigger_target_dag.py
[2025-12-11T00:45:10.777+0000] {processor.py:829} INFO - Processing file /home/airflow/.local/lib/python3.8/site-packages/airflow/example_dags/example_trigger_target_dag.py for tasks to queue
[2025-12-11T00:45:10.779+0000] {logging_mixin.py:154} INFO - [2025-12-11T00:45:10.779+0000] {dagbag.py:536} INFO - Filling up the DagBag from /home/airflow/.local/lib/python3.8/site-packages/airflow/example_dags/example_trigger_target_dag.py
[2025-12-11T00:45:10.784+0000] {processor.py:839} INFO - DAG(s) dict_keys(['example_trigger_target_dag']) retrieved from /home/airflow/.local/lib/python3.8/site-packages/airflow/example_dags/example_trigger_target_dag.py
[2025-12-11T00:45:10.796+0000] {logging_mixin.py:154} INFO - [2025-12-11T00:45:10.796+0000] {dag.py:2941} INFO - Sync 1 DAGs
[2025-12-11T00:45:10.803+0000] {logging_mixin.py:154} INFO - [2025-12-11T00:45:10.803+0000] {dag.py:3722} INFO - Setting next_dagrun for example_trigger_target_dag to None, run_after=None
[2025-12-11T00:45:10.816+0000] {processor.py:179} INFO - Processing /home/airflow/.local/lib/python3.8/site-packages/airflow/example_dags/example_trigger_target_dag.py took 0.042 seconds
[2025-12-11T00:45:41.242+0000] {processor.py:157} INFO - Started process (PID=993) to work on /home/airflow/.local/lib/python3.8/site-packages/airflow/example_dags/example_trigger_target_dag.py
[2025-12-11T00:45:41.243+0000] {processor.py:829} INFO - Processing file /home/airflow/.local/lib/python3.8/site-packages/airflow/example_dags/example_trigger_target_dag.py for tasks to queue
[2025-12-11T00:45:41.245+0000] {logging_mixin.py:154} INFO - [2025-12-11T00:45:41.245+0000] {dagbag.py:536} INFO - Filling up the DagBag from /home/airflow/.local/lib/python3.8/site-packages/airflow/example_dags/example_trigger_target_dag.py
[2025-12-11T00:45:41.250+0000] {processor.py:839} INFO - DAG(s) dict_keys(['example_trigger_target_dag']) retrieved from /home/airflow/.local/lib/python3.8/site-packages/airflow/example_dags/example_trigger_target_dag.py
[2025-12-11T00:45:41.262+0000] {logging_mixin.py:154} INFO - [2025-12-11T00:45:41.262+0000] {dag.py:2941} INFO - Sync 1 DAGs
[2025-12-11T00:45:41.269+0000] {logging_mixin.py:154} INFO - [2025-12-11T00:45:41.269+0000] {dag.py:3722} INFO - Setting next_dagrun for example_trigger_target_dag to None, run_after=None
[2025-12-11T00:45:41.282+0000] {processor.py:179} INFO - Processing /home/airflow/.local/lib/python3.8/site-packages/airflow/example_dags/example_trigger_target_dag.py took 0.043 seconds
[2025-12-11T00:46:11.742+0000] {processor.py:157} INFO - Started process (PID=1048) to work on /home/airflow/.local/lib/python3.8/site-packages/airflow/example_dags/example_trigger_target_dag.py
[2025-12-11T00:46:11.743+0000] {processor.py:829} INFO - Processing file /home/airflow/.local/lib/python3.8/site-packages/airflow/example_dags/example_trigger_target_dag.py for tasks to queue
[2025-12-11T00:46:11.746+0000] {logging_mixin.py:154} INFO - [2025-12-11T00:46:11.746+0000] {dagbag.py:536} INFO - Filling up the DagBag from /home/airflow/.local/lib/python3.8/site-packages/airflow/example_dags/example_trigger_target_dag.py
[2025-12-11T00:46:11.751+0000] {processor.py:839} INFO - DAG(s) dict_keys(['example_trigger_target_dag']) retrieved from /home/airflow/.local/lib/python3.8/site-packages/airflow/example_dags/example_trigger_target_dag.py
[2025-12-11T00:46:11.773+0000] {logging_mixin.py:154} INFO - [2025-12-11T00:46:11.773+0000] {dag.py:2941} INFO - Sync 1 DAGs
[2025-12-11T00:46:11.780+0000] {logging_mixin.py:154} INFO - [2025-12-11T00:46:11.780+0000] {dag.py:3722} INFO - Setting next_dagrun for example_trigger_target_dag to None, run_after=None
[2025-12-11T00:46:11.792+0000] {processor.py:179} INFO - Processing /home/airflow/.local/lib/python3.8/site-packages/airflow/example_dags/example_trigger_target_dag.py took 0.052 seconds
[2025-12-11T00:46:42.351+0000] {processor.py:157} INFO - Started process (PID=1103) to work on /home/airflow/.local/lib/python3.8/site-packages/airflow/example_dags/example_trigger_target_dag.py
[2025-12-11T00:46:42.352+0000] {processor.py:829} INFO - Processing file /home/airflow/.local/lib/python3.8/site-packages/airflow/example_dags/example_trigger_target_dag.py for tasks to queue
[2025-12-11T00:46:42.354+0000] {logging_mixin.py:154} INFO - [2025-12-11T00:46:42.354+0000] {dagbag.py:536} INFO - Filling up the DagBag from /home/airflow/.local/lib/python3.8/site-packages/airflow/example_dags/example_trigger_target_dag.py
[2025-12-11T00:46:42.358+0000] {processor.py:839} INFO - DAG(s) dict_keys(['example_trigger_target_dag']) retrieved from /home/airflow/.local/lib/python3.8/site-packages/airflow/example_dags/example_trigger_target_dag.py
[2025-12-11T00:46:42.375+0000] {logging_mixin.py:154} INFO - [2025-12-11T00:46:42.375+0000] {dag.py:2941} INFO - Sync 1 DAGs
[2025-12-11T00:46:42.386+0000] {logging_mixin.py:154} INFO - [2025-12-11T00:46:42.385+0000] {dag.py:3722} INFO - Setting next_dagrun for example_trigger_target_dag to None, run_after=None
[2025-12-11T00:46:42.397+0000] {processor.py:179} INFO - Processing /home/airflow/.local/lib/python3.8/site-packages/airflow/example_dags/example_trigger_target_dag.py took 0.048 seconds
[2025-12-11T00:47:12.934+0000] {processor.py:157} INFO - Started process (PID=1158) to work on /home/airflow/.local/lib/python3.8/site-packages/airflow/example_dags/example_trigger_target_dag.py
[2025-12-11T00:47:12.934+0000] {processor.py:829} INFO - Processing file /home/airflow/.local/lib/python3.8/site-packages/airflow/example_dags/example_trigger_target_dag.py for tasks to queue
[2025-12-11T00:47:12.936+0000] {logging_mixin.py:154} INFO - [2025-12-11T00:47:12.936+0000] {dagbag.py:536} INFO - Filling up the DagBag from /home/airflow/.local/lib/python3.8/site-packages/airflow/example_dags/example_trigger_target_dag.py
[2025-12-11T00:47:12.940+0000] {processor.py:839} INFO - DAG(s) dict_keys(['example_trigger_target_dag']) retrieved from /home/airflow/.local/lib/python3.8/site-packages/airflow/example_dags/example_trigger_target_dag.py
[2025-12-11T00:47:12.962+0000] {logging_mixin.py:154} INFO - [2025-12-11T00:47:12.962+0000] {dag.py:2941} INFO - Sync 1 DAGs
[2025-12-11T00:47:12.972+0000] {logging_mixin.py:154} INFO - [2025-12-11T00:47:12.972+0000] {dag.py:3722} INFO - Setting next_dagrun for example_trigger_target_dag to None, run_after=None
[2025-12-11T00:47:12.984+0000] {processor.py:179} INFO - Processing /home/airflow/.local/lib/python3.8/site-packages/airflow/example_dags/example_trigger_target_dag.py took 0.053 seconds
[2025-12-11T00:47:43.585+0000] {processor.py:157} INFO - Started process (PID=1213) to work on /home/airflow/.local/lib/python3.8/site-packages/airflow/example_dags/example_trigger_target_dag.py
[2025-12-11T00:47:43.586+0000] {processor.py:829} INFO - Processing file /home/airflow/.local/lib/python3.8/site-packages/airflow/example_dags/example_trigger_target_dag.py for tasks to queue
[2025-12-11T00:47:43.588+0000] {logging_mixin.py:154} INFO - [2025-12-11T00:47:43.588+0000] {dagbag.py:536} INFO - Filling up the DagBag from /home/airflow/.local/lib/python3.8/site-packages/airflow/example_dags/example_trigger_target_dag.py
[2025-12-11T00:47:43.592+0000] {processor.py:839} INFO - DAG(s) dict_keys(['example_trigger_target_dag']) retrieved from /home/airflow/.local/lib/python3.8/site-packages/airflow/example_dags/example_trigger_target_dag.py
[2025-12-11T00:47:43.616+0000] {logging_mixin.py:154} INFO - [2025-12-11T00:47:43.616+0000] {dag.py:2941} INFO - Sync 1 DAGs
[2025-12-11T00:47:43.625+0000] {logging_mixin.py:154} INFO - [2025-12-11T00:47:43.625+0000] {dag.py:3722} INFO - Setting next_dagrun for example_trigger_target_dag to None, run_after=None
[2025-12-11T00:47:43.636+0000] {processor.py:179} INFO - Processing /home/airflow/.local/lib/python3.8/site-packages/airflow/example_dags/example_trigger_target_dag.py took 0.055 seconds
[2025-12-11T00:48:13.722+0000] {processor.py:157} INFO - Started process (PID=1268) to work on /home/airflow/.local/lib/python3.8/site-packages/airflow/example_dags/example_trigger_target_dag.py
[2025-12-11T00:48:13.723+0000] {processor.py:829} INFO - Processing file /home/airflow/.local/lib/python3.8/site-packages/airflow/example_dags/example_trigger_target_dag.py for tasks to queue
[2025-12-11T00:48:13.724+0000] {logging_mixin.py:154} INFO - [2025-12-11T00:48:13.724+0000] {dagbag.py:536} INFO - Filling up the DagBag from /home/airflow/.local/lib/python3.8/site-packages/airflow/example_dags/example_trigger_target_dag.py
[2025-12-11T00:48:13.728+0000] {processor.py:839} INFO - DAG(s) dict_keys(['example_trigger_target_dag']) retrieved from /home/airflow/.local/lib/python3.8/site-packages/airflow/example_dags/example_trigger_target_dag.py
[2025-12-11T00:48:13.739+0000] {logging_mixin.py:154} INFO - [2025-12-11T00:48:13.739+0000] {dag.py:2941} INFO - Sync 1 DAGs
[2025-12-11T00:48:13.746+0000] {logging_mixin.py:154} INFO - [2025-12-11T00:48:13.746+0000] {dag.py:3722} INFO - Setting next_dagrun for example_trigger_target_dag to None, run_after=None
[2025-12-11T00:48:13.757+0000] {processor.py:179} INFO - Processing /home/airflow/.local/lib/python3.8/site-packages/airflow/example_dags/example_trigger_target_dag.py took 0.036 seconds
[2025-12-11T00:48:44.676+0000] {processor.py:157} INFO - Started process (PID=1323) to work on /home/airflow/.local/lib/python3.8/site-packages/airflow/example_dags/example_trigger_target_dag.py
[2025-12-11T00:48:44.676+0000] {processor.py:829} INFO - Processing file /home/airflow/.local/lib/python3.8/site-packages/airflow/example_dags/example_trigger_target_dag.py for tasks to queue
[2025-12-11T00:48:44.678+0000] {logging_mixin.py:154} INFO - [2025-12-11T00:48:44.678+0000] {dagbag.py:536} INFO - Filling up the DagBag from /home/airflow/.local/lib/python3.8/site-packages/airflow/example_dags/example_trigger_target_dag.py
[2025-12-11T00:48:44.681+0000] {processor.py:839} INFO - DAG(s) dict_keys(['example_trigger_target_dag']) retrieved from /home/airflow/.local/lib/python3.8/site-packages/airflow/example_dags/example_trigger_target_dag.py
[2025-12-11T00:48:44.695+0000] {logging_mixin.py:154} INFO - [2025-12-11T00:48:44.695+0000] {dag.py:2941} INFO - Sync 1 DAGs
[2025-12-11T00:48:44.703+0000] {logging_mixin.py:154} INFO - [2025-12-11T00:48:44.703+0000] {dag.py:3722} INFO - Setting next_dagrun for example_trigger_target_dag to None, run_after=None
[2025-12-11T00:48:44.714+0000] {processor.py:179} INFO - Processing /home/airflow/.local/lib/python3.8/site-packages/airflow/example_dags/example_trigger_target_dag.py took 0.041 seconds
[2025-12-11T00:49:15.465+0000] {processor.py:157} INFO - Started process (PID=1378) to work on /home/airflow/.local/lib/python3.8/site-packages/airflow/example_dags/example_trigger_target_dag.py
[2025-12-11T00:49:15.470+0000] {processor.py:829} INFO - Processing file /home/airflow/.local/lib/python3.8/site-packages/airflow/example_dags/example_trigger_target_dag.py for tasks to queue
[2025-12-11T00:49:15.473+0000] {logging_mixin.py:154} INFO - [2025-12-11T00:49:15.472+0000] {dagbag.py:536} INFO - Filling up the DagBag from /home/airflow/.local/lib/python3.8/site-packages/airflow/example_dags/example_trigger_target_dag.py
[2025-12-11T00:49:15.485+0000] {processor.py:839} INFO - DAG(s) dict_keys(['example_trigger_target_dag']) retrieved from /home/airflow/.local/lib/python3.8/site-packages/airflow/example_dags/example_trigger_target_dag.py
[2025-12-11T00:49:15.502+0000] {logging_mixin.py:154} INFO - [2025-12-11T00:49:15.502+0000] {dag.py:2941} INFO - Sync 1 DAGs
[2025-12-11T00:49:15.512+0000] {logging_mixin.py:154} INFO - [2025-12-11T00:49:15.512+0000] {dag.py:3722} INFO - Setting next_dagrun for example_trigger_target_dag to None, run_after=None
[2025-12-11T00:49:15.528+0000] {processor.py:179} INFO - Processing /home/airflow/.local/lib/python3.8/site-packages/airflow/example_dags/example_trigger_target_dag.py took 0.066 seconds
[2025-12-11T00:49:45.546+0000] {processor.py:157} INFO - Started process (PID=1433) to work on /home/airflow/.local/lib/python3.8/site-packages/airflow/example_dags/example_trigger_target_dag.py
[2025-12-11T00:49:45.547+0000] {processor.py:829} INFO - Processing file /home/airflow/.local/lib/python3.8/site-packages/airflow/example_dags/example_trigger_target_dag.py for tasks to queue
[2025-12-11T00:49:45.548+0000] {logging_mixin.py:154} INFO - [2025-12-11T00:49:45.548+0000] {dagbag.py:536} INFO - Filling up the DagBag from /home/airflow/.local/lib/python3.8/site-packages/airflow/example_dags/example_trigger_target_dag.py
[2025-12-11T00:49:45.553+0000] {processor.py:839} INFO - DAG(s) dict_keys(['example_trigger_target_dag']) retrieved from /home/airflow/.local/lib/python3.8/site-packages/airflow/example_dags/example_trigger_target_dag.py
[2025-12-11T00:49:45.568+0000] {logging_mixin.py:154} INFO - [2025-12-11T00:49:45.568+0000] {dag.py:2941} INFO - Sync 1 DAGs
[2025-12-11T00:49:45.576+0000] {logging_mixin.py:154} INFO - [2025-12-11T00:49:45.576+0000] {dag.py:3722} INFO - Setting next_dagrun for example_trigger_target_dag to None, run_after=None
[2025-12-11T00:49:45.590+0000] {processor.py:179} INFO - Processing /home/airflow/.local/lib/python3.8/site-packages/airflow/example_dags/example_trigger_target_dag.py took 0.046 seconds
[2025-12-11T00:50:15.857+0000] {processor.py:157} INFO - Started process (PID=1488) to work on /home/airflow/.local/lib/python3.8/site-packages/airflow/example_dags/example_trigger_target_dag.py
[2025-12-11T00:50:15.857+0000] {processor.py:829} INFO - Processing file /home/airflow/.local/lib/python3.8/site-packages/airflow/example_dags/example_trigger_target_dag.py for tasks to queue
[2025-12-11T00:50:15.859+0000] {logging_mixin.py:154} INFO - [2025-12-11T00:50:15.859+0000] {dagbag.py:536} INFO - Filling up the DagBag from /home/airflow/.local/lib/python3.8/site-packages/airflow/example_dags/example_trigger_target_dag.py
[2025-12-11T00:50:15.862+0000] {processor.py:839} INFO - DAG(s) dict_keys(['example_trigger_target_dag']) retrieved from /home/airflow/.local/lib/python3.8/site-packages/airflow/example_dags/example_trigger_target_dag.py
[2025-12-11T00:50:15.877+0000] {logging_mixin.py:154} INFO - [2025-12-11T00:50:15.877+0000] {dag.py:2941} INFO - Sync 1 DAGs
[2025-12-11T00:50:15.885+0000] {logging_mixin.py:154} INFO - [2025-12-11T00:50:15.885+0000] {dag.py:3722} INFO - Setting next_dagrun for example_trigger_target_dag to None, run_after=None
[2025-12-11T00:50:15.897+0000] {processor.py:179} INFO - Processing /home/airflow/.local/lib/python3.8/site-packages/airflow/example_dags/example_trigger_target_dag.py took 0.044 seconds
[2025-12-11T00:50:46.096+0000] {processor.py:157} INFO - Started process (PID=1543) to work on /home/airflow/.local/lib/python3.8/site-packages/airflow/example_dags/example_trigger_target_dag.py
[2025-12-11T00:50:46.097+0000] {processor.py:829} INFO - Processing file /home/airflow/.local/lib/python3.8/site-packages/airflow/example_dags/example_trigger_target_dag.py for tasks to queue
[2025-12-11T00:50:46.098+0000] {logging_mixin.py:154} INFO - [2025-12-11T00:50:46.098+0000] {dagbag.py:536} INFO - Filling up the DagBag from /home/airflow/.local/lib/python3.8/site-packages/airflow/example_dags/example_trigger_target_dag.py
[2025-12-11T00:50:46.102+0000] {processor.py:839} INFO - DAG(s) dict_keys(['example_trigger_target_dag']) retrieved from /home/airflow/.local/lib/python3.8/site-packages/airflow/example_dags/example_trigger_target_dag.py
[2025-12-11T00:50:46.117+0000] {logging_mixin.py:154} INFO - [2025-12-11T00:50:46.117+0000] {dag.py:2941} INFO - Sync 1 DAGs
[2025-12-11T00:50:46.125+0000] {logging_mixin.py:154} INFO - [2025-12-11T00:50:46.125+0000] {dag.py:3722} INFO - Setting next_dagrun for example_trigger_target_dag to None, run_after=None
[2025-12-11T00:50:46.136+0000] {processor.py:179} INFO - Processing /home/airflow/.local/lib/python3.8/site-packages/airflow/example_dags/example_trigger_target_dag.py took 0.042 seconds
[2025-12-11T00:51:16.784+0000] {processor.py:157} INFO - Started process (PID=1598) to work on /home/airflow/.local/lib/python3.8/site-packages/airflow/example_dags/example_trigger_target_dag.py
[2025-12-11T00:51:16.784+0000] {processor.py:829} INFO - Processing file /home/airflow/.local/lib/python3.8/site-packages/airflow/example_dags/example_trigger_target_dag.py for tasks to queue
[2025-12-11T00:51:16.787+0000] {logging_mixin.py:154} INFO - [2025-12-11T00:51:16.786+0000] {dagbag.py:536} INFO - Filling up the DagBag from /home/airflow/.local/lib/python3.8/site-packages/airflow/example_dags/example_trigger_target_dag.py
[2025-12-11T00:51:16.791+0000] {processor.py:839} INFO - DAG(s) dict_keys(['example_trigger_target_dag']) retrieved from /home/airflow/.local/lib/python3.8/site-packages/airflow/example_dags/example_trigger_target_dag.py
[2025-12-11T00:51:16.804+0000] {logging_mixin.py:154} INFO - [2025-12-11T00:51:16.804+0000] {dag.py:2941} INFO - Sync 1 DAGs
[2025-12-11T00:51:16.812+0000] {logging_mixin.py:154} INFO - [2025-12-11T00:51:16.811+0000] {dag.py:3722} INFO - Setting next_dagrun for example_trigger_target_dag to None, run_after=None
[2025-12-11T00:51:16.823+0000] {processor.py:179} INFO - Processing /home/airflow/.local/lib/python3.8/site-packages/airflow/example_dags/example_trigger_target_dag.py took 0.041 seconds
[2025-12-11T00:51:46.867+0000] {processor.py:157} INFO - Started process (PID=1653) to work on /home/airflow/.local/lib/python3.8/site-packages/airflow/example_dags/example_trigger_target_dag.py
[2025-12-11T00:51:46.868+0000] {processor.py:829} INFO - Processing file /home/airflow/.local/lib/python3.8/site-packages/airflow/example_dags/example_trigger_target_dag.py for tasks to queue
[2025-12-11T00:51:46.870+0000] {logging_mixin.py:154} INFO - [2025-12-11T00:51:46.870+0000] {dagbag.py:536} INFO - Filling up the DagBag from /home/airflow/.local/lib/python3.8/site-packages/airflow/example_dags/example_trigger_target_dag.py
[2025-12-11T00:51:46.874+0000] {processor.py:839} INFO - DAG(s) dict_keys(['example_trigger_target_dag']) retrieved from /home/airflow/.local/lib/python3.8/site-packages/airflow/example_dags/example_trigger_target_dag.py
[2025-12-11T00:51:46.885+0000] {logging_mixin.py:154} INFO - [2025-12-11T00:51:46.885+0000] {dag.py:2941} INFO - Sync 1 DAGs
[2025-12-11T00:51:46.893+0000] {logging_mixin.py:154} INFO - [2025-12-11T00:51:46.892+0000] {dag.py:3722} INFO - Setting next_dagrun for example_trigger_target_dag to None, run_after=None
[2025-12-11T00:51:46.905+0000] {processor.py:179} INFO - Processing /home/airflow/.local/lib/python3.8/site-packages/airflow/example_dags/example_trigger_target_dag.py took 0.042 seconds
[2025-12-11T00:52:17.174+0000] {processor.py:157} INFO - Started process (PID=1708) to work on /home/airflow/.local/lib/python3.8/site-packages/airflow/example_dags/example_trigger_target_dag.py
[2025-12-11T00:52:17.175+0000] {processor.py:829} INFO - Processing file /home/airflow/.local/lib/python3.8/site-packages/airflow/example_dags/example_trigger_target_dag.py for tasks to queue
[2025-12-11T00:52:17.177+0000] {logging_mixin.py:154} INFO - [2025-12-11T00:52:17.176+0000] {dagbag.py:536} INFO - Filling up the DagBag from /home/airflow/.local/lib/python3.8/site-packages/airflow/example_dags/example_trigger_target_dag.py
[2025-12-11T00:52:17.180+0000] {processor.py:839} INFO - DAG(s) dict_keys(['example_trigger_target_dag']) retrieved from /home/airflow/.local/lib/python3.8/site-packages/airflow/example_dags/example_trigger_target_dag.py
[2025-12-11T00:52:17.198+0000] {logging_mixin.py:154} INFO - [2025-12-11T00:52:17.198+0000] {dag.py:2941} INFO - Sync 1 DAGs
[2025-12-11T00:52:17.207+0000] {logging_mixin.py:154} INFO - [2025-12-11T00:52:17.207+0000] {dag.py:3722} INFO - Setting next_dagrun for example_trigger_target_dag to None, run_after=None
[2025-12-11T00:52:17.259+0000] {processor.py:179} INFO - Processing /home/airflow/.local/lib/python3.8/site-packages/airflow/example_dags/example_trigger_target_dag.py took 0.087 seconds
[2025-12-11T00:52:47.313+0000] {processor.py:157} INFO - Started process (PID=1763) to work on /home/airflow/.local/lib/python3.8/site-packages/airflow/example_dags/example_trigger_target_dag.py
[2025-12-11T00:52:47.313+0000] {processor.py:829} INFO - Processing file /home/airflow/.local/lib/python3.8/site-packages/airflow/example_dags/example_trigger_target_dag.py for tasks to queue
[2025-12-11T00:52:47.315+0000] {logging_mixin.py:154} INFO - [2025-12-11T00:52:47.314+0000] {dagbag.py:536} INFO - Filling up the DagBag from /home/airflow/.local/lib/python3.8/site-packages/airflow/example_dags/example_trigger_target_dag.py
[2025-12-11T00:52:47.318+0000] {processor.py:839} INFO - DAG(s) dict_keys(['example_trigger_target_dag']) retrieved from /home/airflow/.local/lib/python3.8/site-packages/airflow/example_dags/example_trigger_target_dag.py
[2025-12-11T00:52:47.333+0000] {logging_mixin.py:154} INFO - [2025-12-11T00:52:47.333+0000] {dag.py:2941} INFO - Sync 1 DAGs
[2025-12-11T00:52:47.341+0000] {logging_mixin.py:154} INFO - [2025-12-11T00:52:47.341+0000] {dag.py:3722} INFO - Setting next_dagrun for example_trigger_target_dag to None, run_after=None
[2025-12-11T00:52:47.354+0000] {processor.py:179} INFO - Processing /home/airflow/.local/lib/python3.8/site-packages/airflow/example_dags/example_trigger_target_dag.py took 0.045 seconds
[2025-12-11T00:53:17.945+0000] {processor.py:157} INFO - Started process (PID=1818) to work on /home/airflow/.local/lib/python3.8/site-packages/airflow/example_dags/example_trigger_target_dag.py
[2025-12-11T00:53:17.946+0000] {processor.py:829} INFO - Processing file /home/airflow/.local/lib/python3.8/site-packages/airflow/example_dags/example_trigger_target_dag.py for tasks to queue
[2025-12-11T00:53:17.947+0000] {logging_mixin.py:154} INFO - [2025-12-11T00:53:17.947+0000] {dagbag.py:536} INFO - Filling up the DagBag from /home/airflow/.local/lib/python3.8/site-packages/airflow/example_dags/example_trigger_target_dag.py
[2025-12-11T00:53:17.950+0000] {processor.py:839} INFO - DAG(s) dict_keys(['example_trigger_target_dag']) retrieved from /home/airflow/.local/lib/python3.8/site-packages/airflow/example_dags/example_trigger_target_dag.py
[2025-12-11T00:53:17.962+0000] {logging_mixin.py:154} INFO - [2025-12-11T00:53:17.961+0000] {dag.py:2941} INFO - Sync 1 DAGs
[2025-12-11T00:53:17.969+0000] {logging_mixin.py:154} INFO - [2025-12-11T00:53:17.969+0000] {dag.py:3722} INFO - Setting next_dagrun for example_trigger_target_dag to None, run_after=None
[2025-12-11T00:53:17.982+0000] {processor.py:179} INFO - Processing /home/airflow/.local/lib/python3.8/site-packages/airflow/example_dags/example_trigger_target_dag.py took 0.039 seconds
[2025-12-11T00:53:48.578+0000] {processor.py:157} INFO - Started process (PID=1873) to work on /home/airflow/.local/lib/python3.8/site-packages/airflow/example_dags/example_trigger_target_dag.py
[2025-12-11T00:53:48.579+0000] {processor.py:829} INFO - Processing file /home/airflow/.local/lib/python3.8/site-packages/airflow/example_dags/example_trigger_target_dag.py for tasks to queue
[2025-12-11T00:53:48.581+0000] {logging_mixin.py:154} INFO - [2025-12-11T00:53:48.580+0000] {dagbag.py:536} INFO - Filling up the DagBag from /home/airflow/.local/lib/python3.8/site-packages/airflow/example_dags/example_trigger_target_dag.py
[2025-12-11T00:53:48.584+0000] {processor.py:839} INFO - DAG(s) dict_keys(['example_trigger_target_dag']) retrieved from /home/airflow/.local/lib/python3.8/site-packages/airflow/example_dags/example_trigger_target_dag.py
[2025-12-11T00:53:48.601+0000] {logging_mixin.py:154} INFO - [2025-12-11T00:53:48.600+0000] {dag.py:2941} INFO - Sync 1 DAGs
[2025-12-11T00:53:48.609+0000] {logging_mixin.py:154} INFO - [2025-12-11T00:53:48.609+0000] {dag.py:3722} INFO - Setting next_dagrun for example_trigger_target_dag to None, run_after=None
[2025-12-11T00:53:48.622+0000] {processor.py:179} INFO - Processing /home/airflow/.local/lib/python3.8/site-packages/airflow/example_dags/example_trigger_target_dag.py took 0.047 seconds
[2025-12-11T00:54:18.922+0000] {processor.py:157} INFO - Started process (PID=1929) to work on /home/airflow/.local/lib/python3.8/site-packages/airflow/example_dags/example_trigger_target_dag.py
[2025-12-11T00:54:18.922+0000] {processor.py:829} INFO - Processing file /home/airflow/.local/lib/python3.8/site-packages/airflow/example_dags/example_trigger_target_dag.py for tasks to queue
[2025-12-11T00:54:18.924+0000] {logging_mixin.py:154} INFO - [2025-12-11T00:54:18.924+0000] {dagbag.py:536} INFO - Filling up the DagBag from /home/airflow/.local/lib/python3.8/site-packages/airflow/example_dags/example_trigger_target_dag.py
[2025-12-11T00:54:18.927+0000] {processor.py:839} INFO - DAG(s) dict_keys(['example_trigger_target_dag']) retrieved from /home/airflow/.local/lib/python3.8/site-packages/airflow/example_dags/example_trigger_target_dag.py
[2025-12-11T00:54:18.943+0000] {logging_mixin.py:154} INFO - [2025-12-11T00:54:18.943+0000] {dag.py:2941} INFO - Sync 1 DAGs
[2025-12-11T00:54:18.950+0000] {logging_mixin.py:154} INFO - [2025-12-11T00:54:18.950+0000] {dag.py:3722} INFO - Setting next_dagrun for example_trigger_target_dag to None, run_after=None
[2025-12-11T00:54:18.961+0000] {processor.py:179} INFO - Processing /home/airflow/.local/lib/python3.8/site-packages/airflow/example_dags/example_trigger_target_dag.py took 0.041 seconds
[2025-12-11T00:54:49.353+0000] {processor.py:157} INFO - Started process (PID=1984) to work on /home/airflow/.local/lib/python3.8/site-packages/airflow/example_dags/example_trigger_target_dag.py
[2025-12-11T00:54:49.353+0000] {processor.py:829} INFO - Processing file /home/airflow/.local/lib/python3.8/site-packages/airflow/example_dags/example_trigger_target_dag.py for tasks to queue
[2025-12-11T00:54:49.356+0000] {logging_mixin.py:154} INFO - [2025-12-11T00:54:49.355+0000] {dagbag.py:536} INFO - Filling up the DagBag from /home/airflow/.local/lib/python3.8/site-packages/airflow/example_dags/example_trigger_target_dag.py
[2025-12-11T00:54:49.360+0000] {processor.py:839} INFO - DAG(s) dict_keys(['example_trigger_target_dag']) retrieved from /home/airflow/.local/lib/python3.8/site-packages/airflow/example_dags/example_trigger_target_dag.py
[2025-12-11T00:54:49.377+0000] {logging_mixin.py:154} INFO - [2025-12-11T00:54:49.377+0000] {dag.py:2941} INFO - Sync 1 DAGs
[2025-12-11T00:54:49.385+0000] {logging_mixin.py:154} INFO - [2025-12-11T00:54:49.385+0000] {dag.py:3722} INFO - Setting next_dagrun for example_trigger_target_dag to None, run_after=None
[2025-12-11T00:54:49.397+0000] {processor.py:179} INFO - Processing /home/airflow/.local/lib/python3.8/site-packages/airflow/example_dags/example_trigger_target_dag.py took 0.047 seconds
[2025-12-11T00:55:19.880+0000] {processor.py:157} INFO - Started process (PID=2039) to work on /home/airflow/.local/lib/python3.8/site-packages/airflow/example_dags/example_trigger_target_dag.py
[2025-12-11T00:55:19.881+0000] {processor.py:829} INFO - Processing file /home/airflow/.local/lib/python3.8/site-packages/airflow/example_dags/example_trigger_target_dag.py for tasks to queue
[2025-12-11T00:55:19.882+0000] {logging_mixin.py:154} INFO - [2025-12-11T00:55:19.882+0000] {dagbag.py:536} INFO - Filling up the DagBag from /home/airflow/.local/lib/python3.8/site-packages/airflow/example_dags/example_trigger_target_dag.py
[2025-12-11T00:55:19.886+0000] {processor.py:839} INFO - DAG(s) dict_keys(['example_trigger_target_dag']) retrieved from /home/airflow/.local/lib/python3.8/site-packages/airflow/example_dags/example_trigger_target_dag.py
[2025-12-11T00:55:19.902+0000] {logging_mixin.py:154} INFO - [2025-12-11T00:55:19.902+0000] {dag.py:2941} INFO - Sync 1 DAGs
[2025-12-11T00:55:19.911+0000] {logging_mixin.py:154} INFO - [2025-12-11T00:55:19.910+0000] {dag.py:3722} INFO - Setting next_dagrun for example_trigger_target_dag to None, run_after=None
[2025-12-11T00:55:19.924+0000] {processor.py:179} INFO - Processing /home/airflow/.local/lib/python3.8/site-packages/airflow/example_dags/example_trigger_target_dag.py took 0.046 seconds
