[2025-12-11T00:38:16.974+0000] {processor.py:157} INFO - Started process (PID=205) to work on /home/airflow/.local/lib/python3.8/site-packages/airflow/example_dags/example_sla_dag.py
[2025-12-11T00:38:16.975+0000] {processor.py:829} INFO - Processing file /home/airflow/.local/lib/python3.8/site-packages/airflow/example_dags/example_sla_dag.py for tasks to queue
[2025-12-11T00:38:16.977+0000] {logging_mixin.py:154} INFO - [2025-12-11T00:38:16.977+0000] {dagbag.py:536} INFO - Filling up the DagBag from /home/airflow/.local/lib/python3.8/site-packages/airflow/example_dags/example_sla_dag.py
[2025-12-11T00:38:16.987+0000] {processor.py:839} INFO - DAG(s) dict_keys(['example_sla_dag']) retrieved from /home/airflow/.local/lib/python3.8/site-packages/airflow/example_dags/example_sla_dag.py
[2025-12-11T00:38:16.997+0000] {logging_mixin.py:154} INFO - [2025-12-11T00:38:16.997+0000] {dag.py:2941} INFO - Sync 1 DAGs
[2025-12-11T00:38:17.013+0000] {logging_mixin.py:154} INFO - [2025-12-11T00:38:17.013+0000] {dag.py:3722} INFO - Setting next_dagrun for example_sla_dag to 2025-12-11T00:36:00+00:00, run_after=2025-12-11T00:38:00+00:00
[2025-12-11T00:38:17.027+0000] {processor.py:179} INFO - Processing /home/airflow/.local/lib/python3.8/site-packages/airflow/example_dags/example_sla_dag.py took 0.055 seconds
[2025-12-11T00:38:47.444+0000] {processor.py:157} INFO - Started process (PID=264) to work on /home/airflow/.local/lib/python3.8/site-packages/airflow/example_dags/example_sla_dag.py
[2025-12-11T00:38:47.444+0000] {processor.py:829} INFO - Processing file /home/airflow/.local/lib/python3.8/site-packages/airflow/example_dags/example_sla_dag.py for tasks to queue
[2025-12-11T00:38:47.446+0000] {logging_mixin.py:154} INFO - [2025-12-11T00:38:47.446+0000] {dagbag.py:536} INFO - Filling up the DagBag from /home/airflow/.local/lib/python3.8/site-packages/airflow/example_dags/example_sla_dag.py
[2025-12-11T00:38:47.453+0000] {processor.py:839} INFO - DAG(s) dict_keys(['example_sla_dag']) retrieved from /home/airflow/.local/lib/python3.8/site-packages/airflow/example_dags/example_sla_dag.py
[2025-12-11T00:38:47.469+0000] {logging_mixin.py:154} INFO - [2025-12-11T00:38:47.469+0000] {dag.py:2941} INFO - Sync 1 DAGs
[2025-12-11T00:38:47.487+0000] {logging_mixin.py:154} INFO - [2025-12-11T00:38:47.486+0000] {dag.py:3722} INFO - Setting next_dagrun for example_sla_dag to 2025-12-11T00:36:00+00:00, run_after=2025-12-11T00:38:00+00:00
[2025-12-11T00:38:47.504+0000] {processor.py:179} INFO - Processing /home/airflow/.local/lib/python3.8/site-packages/airflow/example_dags/example_sla_dag.py took 0.063 seconds
[2025-12-11T00:39:18.009+0000] {processor.py:157} INFO - Started process (PID=319) to work on /home/airflow/.local/lib/python3.8/site-packages/airflow/example_dags/example_sla_dag.py
[2025-12-11T00:39:18.010+0000] {processor.py:829} INFO - Processing file /home/airflow/.local/lib/python3.8/site-packages/airflow/example_dags/example_sla_dag.py for tasks to queue
[2025-12-11T00:39:18.011+0000] {logging_mixin.py:154} INFO - [2025-12-11T00:39:18.011+0000] {dagbag.py:536} INFO - Filling up the DagBag from /home/airflow/.local/lib/python3.8/site-packages/airflow/example_dags/example_sla_dag.py
[2025-12-11T00:39:18.016+0000] {processor.py:839} INFO - DAG(s) dict_keys(['example_sla_dag']) retrieved from /home/airflow/.local/lib/python3.8/site-packages/airflow/example_dags/example_sla_dag.py
[2025-12-11T00:39:18.029+0000] {logging_mixin.py:154} INFO - [2025-12-11T00:39:18.029+0000] {dag.py:2941} INFO - Sync 1 DAGs
[2025-12-11T00:39:18.043+0000] {logging_mixin.py:154} INFO - [2025-12-11T00:39:18.043+0000] {dag.py:3722} INFO - Setting next_dagrun for example_sla_dag to 2025-12-11T00:36:00+00:00, run_after=2025-12-11T00:38:00+00:00
[2025-12-11T00:39:18.067+0000] {processor.py:179} INFO - Processing /home/airflow/.local/lib/python3.8/site-packages/airflow/example_dags/example_sla_dag.py took 0.061 seconds
[2025-12-11T00:39:48.268+0000] {processor.py:157} INFO - Started process (PID=374) to work on /home/airflow/.local/lib/python3.8/site-packages/airflow/example_dags/example_sla_dag.py
[2025-12-11T00:39:48.269+0000] {processor.py:829} INFO - Processing file /home/airflow/.local/lib/python3.8/site-packages/airflow/example_dags/example_sla_dag.py for tasks to queue
[2025-12-11T00:39:48.270+0000] {logging_mixin.py:154} INFO - [2025-12-11T00:39:48.270+0000] {dagbag.py:536} INFO - Filling up the DagBag from /home/airflow/.local/lib/python3.8/site-packages/airflow/example_dags/example_sla_dag.py
[2025-12-11T00:39:48.277+0000] {processor.py:839} INFO - DAG(s) dict_keys(['example_sla_dag']) retrieved from /home/airflow/.local/lib/python3.8/site-packages/airflow/example_dags/example_sla_dag.py
[2025-12-11T00:39:48.293+0000] {logging_mixin.py:154} INFO - [2025-12-11T00:39:48.293+0000] {dag.py:2941} INFO - Sync 1 DAGs
[2025-12-11T00:39:48.309+0000] {logging_mixin.py:154} INFO - [2025-12-11T00:39:48.308+0000] {dag.py:3722} INFO - Setting next_dagrun for example_sla_dag to 2025-12-11T00:36:00+00:00, run_after=2025-12-11T00:38:00+00:00
[2025-12-11T00:39:48.328+0000] {processor.py:179} INFO - Processing /home/airflow/.local/lib/python3.8/site-packages/airflow/example_dags/example_sla_dag.py took 0.063 seconds
[2025-12-11T00:40:25.551+0000] {processor.py:157} INFO - Started process (PID=436) to work on /home/airflow/.local/lib/python3.8/site-packages/airflow/example_dags/example_sla_dag.py
[2025-12-11T00:40:25.552+0000] {processor.py:829} INFO - Processing file /home/airflow/.local/lib/python3.8/site-packages/airflow/example_dags/example_sla_dag.py for tasks to queue
[2025-12-11T00:40:25.553+0000] {logging_mixin.py:154} INFO - [2025-12-11T00:40:25.553+0000] {dagbag.py:536} INFO - Filling up the DagBag from /home/airflow/.local/lib/python3.8/site-packages/airflow/example_dags/example_sla_dag.py
[2025-12-11T00:40:25.558+0000] {processor.py:839} INFO - DAG(s) dict_keys(['example_sla_dag']) retrieved from /home/airflow/.local/lib/python3.8/site-packages/airflow/example_dags/example_sla_dag.py
[2025-12-11T00:40:25.569+0000] {logging_mixin.py:154} INFO - [2025-12-11T00:40:25.569+0000] {dag.py:2941} INFO - Sync 1 DAGs
[2025-12-11T00:40:25.584+0000] {logging_mixin.py:154} INFO - [2025-12-11T00:40:25.584+0000] {dag.py:3722} INFO - Setting next_dagrun for example_sla_dag to 2025-12-11T00:38:00+00:00, run_after=2025-12-11T00:40:00+00:00
[2025-12-11T00:40:25.595+0000] {processor.py:179} INFO - Processing /home/airflow/.local/lib/python3.8/site-packages/airflow/example_dags/example_sla_dag.py took 0.046 seconds
[2025-12-11T00:40:56.295+0000] {processor.py:157} INFO - Started process (PID=491) to work on /home/airflow/.local/lib/python3.8/site-packages/airflow/example_dags/example_sla_dag.py
[2025-12-11T00:40:56.295+0000] {processor.py:829} INFO - Processing file /home/airflow/.local/lib/python3.8/site-packages/airflow/example_dags/example_sla_dag.py for tasks to queue
[2025-12-11T00:40:56.296+0000] {logging_mixin.py:154} INFO - [2025-12-11T00:40:56.296+0000] {dagbag.py:536} INFO - Filling up the DagBag from /home/airflow/.local/lib/python3.8/site-packages/airflow/example_dags/example_sla_dag.py
[2025-12-11T00:40:56.301+0000] {processor.py:839} INFO - DAG(s) dict_keys(['example_sla_dag']) retrieved from /home/airflow/.local/lib/python3.8/site-packages/airflow/example_dags/example_sla_dag.py
[2025-12-11T00:40:56.312+0000] {logging_mixin.py:154} INFO - [2025-12-11T00:40:56.312+0000] {dag.py:2941} INFO - Sync 1 DAGs
[2025-12-11T00:40:56.330+0000] {logging_mixin.py:154} INFO - [2025-12-11T00:40:56.329+0000] {dag.py:3722} INFO - Setting next_dagrun for example_sla_dag to 2025-12-11T00:38:00+00:00, run_after=2025-12-11T00:40:00+00:00
[2025-12-11T00:40:56.342+0000] {processor.py:179} INFO - Processing /home/airflow/.local/lib/python3.8/site-packages/airflow/example_dags/example_sla_dag.py took 0.049 seconds
[2025-12-11T00:41:33.584+0000] {processor.py:157} INFO - Started process (PID=546) to work on /home/airflow/.local/lib/python3.8/site-packages/airflow/example_dags/example_sla_dag.py
[2025-12-11T00:41:33.584+0000] {processor.py:829} INFO - Processing file /home/airflow/.local/lib/python3.8/site-packages/airflow/example_dags/example_sla_dag.py for tasks to queue
[2025-12-11T00:41:33.585+0000] {logging_mixin.py:154} INFO - [2025-12-11T00:41:33.585+0000] {dagbag.py:536} INFO - Filling up the DagBag from /home/airflow/.local/lib/python3.8/site-packages/airflow/example_dags/example_sla_dag.py
[2025-12-11T00:41:33.590+0000] {processor.py:839} INFO - DAG(s) dict_keys(['example_sla_dag']) retrieved from /home/airflow/.local/lib/python3.8/site-packages/airflow/example_dags/example_sla_dag.py
[2025-12-11T00:41:33.604+0000] {logging_mixin.py:154} INFO - [2025-12-11T00:41:33.604+0000] {dag.py:2941} INFO - Sync 1 DAGs
[2025-12-11T00:41:33.621+0000] {logging_mixin.py:154} INFO - [2025-12-11T00:41:33.621+0000] {dag.py:3722} INFO - Setting next_dagrun for example_sla_dag to 2025-12-11T00:38:00+00:00, run_after=2025-12-11T00:40:00+00:00
[2025-12-11T00:41:33.632+0000] {processor.py:179} INFO - Processing /home/airflow/.local/lib/python3.8/site-packages/airflow/example_dags/example_sla_dag.py took 0.050 seconds
[2025-12-11T00:42:06.256+0000] {processor.py:157} INFO - Started process (PID=601) to work on /home/airflow/.local/lib/python3.8/site-packages/airflow/example_dags/example_sla_dag.py
[2025-12-11T00:42:06.258+0000] {processor.py:829} INFO - Processing file /home/airflow/.local/lib/python3.8/site-packages/airflow/example_dags/example_sla_dag.py for tasks to queue
[2025-12-11T00:42:06.259+0000] {logging_mixin.py:154} INFO - [2025-12-11T00:42:06.259+0000] {dagbag.py:536} INFO - Filling up the DagBag from /home/airflow/.local/lib/python3.8/site-packages/airflow/example_dags/example_sla_dag.py
[2025-12-11T00:42:06.264+0000] {processor.py:839} INFO - DAG(s) dict_keys(['example_sla_dag']) retrieved from /home/airflow/.local/lib/python3.8/site-packages/airflow/example_dags/example_sla_dag.py
[2025-12-11T00:42:06.275+0000] {logging_mixin.py:154} INFO - [2025-12-11T00:42:06.275+0000] {dag.py:2941} INFO - Sync 1 DAGs
[2025-12-11T00:42:06.291+0000] {logging_mixin.py:154} INFO - [2025-12-11T00:42:06.290+0000] {dag.py:3722} INFO - Setting next_dagrun for example_sla_dag to 2025-12-11T00:40:00+00:00, run_after=2025-12-11T00:42:00+00:00
[2025-12-11T00:42:06.304+0000] {processor.py:179} INFO - Processing /home/airflow/.local/lib/python3.8/site-packages/airflow/example_dags/example_sla_dag.py took 0.050 seconds
[2025-12-11T00:42:37.062+0000] {processor.py:157} INFO - Started process (PID=656) to work on /home/airflow/.local/lib/python3.8/site-packages/airflow/example_dags/example_sla_dag.py
[2025-12-11T00:42:37.062+0000] {processor.py:829} INFO - Processing file /home/airflow/.local/lib/python3.8/site-packages/airflow/example_dags/example_sla_dag.py for tasks to queue
[2025-12-11T00:42:37.063+0000] {logging_mixin.py:154} INFO - [2025-12-11T00:42:37.063+0000] {dagbag.py:536} INFO - Filling up the DagBag from /home/airflow/.local/lib/python3.8/site-packages/airflow/example_dags/example_sla_dag.py
[2025-12-11T00:42:37.068+0000] {processor.py:839} INFO - DAG(s) dict_keys(['example_sla_dag']) retrieved from /home/airflow/.local/lib/python3.8/site-packages/airflow/example_dags/example_sla_dag.py
[2025-12-11T00:42:37.080+0000] {logging_mixin.py:154} INFO - [2025-12-11T00:42:37.079+0000] {dag.py:2941} INFO - Sync 1 DAGs
[2025-12-11T00:42:37.094+0000] {logging_mixin.py:154} INFO - [2025-12-11T00:42:37.093+0000] {dag.py:3722} INFO - Setting next_dagrun for example_sla_dag to 2025-12-11T00:40:00+00:00, run_after=2025-12-11T00:42:00+00:00
[2025-12-11T00:42:37.104+0000] {processor.py:179} INFO - Processing /home/airflow/.local/lib/python3.8/site-packages/airflow/example_dags/example_sla_dag.py took 0.044 seconds
[2025-12-11T00:43:07.958+0000] {processor.py:157} INFO - Started process (PID=711) to work on /home/airflow/.local/lib/python3.8/site-packages/airflow/example_dags/example_sla_dag.py
[2025-12-11T00:43:07.959+0000] {processor.py:829} INFO - Processing file /home/airflow/.local/lib/python3.8/site-packages/airflow/example_dags/example_sla_dag.py for tasks to queue
[2025-12-11T00:43:07.961+0000] {logging_mixin.py:154} INFO - [2025-12-11T00:43:07.961+0000] {dagbag.py:536} INFO - Filling up the DagBag from /home/airflow/.local/lib/python3.8/site-packages/airflow/example_dags/example_sla_dag.py
[2025-12-11T00:43:07.966+0000] {processor.py:839} INFO - DAG(s) dict_keys(['example_sla_dag']) retrieved from /home/airflow/.local/lib/python3.8/site-packages/airflow/example_dags/example_sla_dag.py
[2025-12-11T00:43:07.978+0000] {logging_mixin.py:154} INFO - [2025-12-11T00:43:07.978+0000] {dag.py:2941} INFO - Sync 1 DAGs
[2025-12-11T00:43:07.993+0000] {logging_mixin.py:154} INFO - [2025-12-11T00:43:07.993+0000] {dag.py:3722} INFO - Setting next_dagrun for example_sla_dag to 2025-12-11T00:40:00+00:00, run_after=2025-12-11T00:42:00+00:00
[2025-12-11T00:43:08.005+0000] {processor.py:179} INFO - Processing /home/airflow/.local/lib/python3.8/site-packages/airflow/example_dags/example_sla_dag.py took 0.050 seconds
[2025-12-11T00:43:38.909+0000] {processor.py:157} INFO - Started process (PID=766) to work on /home/airflow/.local/lib/python3.8/site-packages/airflow/example_dags/example_sla_dag.py
[2025-12-11T00:43:38.909+0000] {processor.py:829} INFO - Processing file /home/airflow/.local/lib/python3.8/site-packages/airflow/example_dags/example_sla_dag.py for tasks to queue
[2025-12-11T00:43:38.910+0000] {logging_mixin.py:154} INFO - [2025-12-11T00:43:38.910+0000] {dagbag.py:536} INFO - Filling up the DagBag from /home/airflow/.local/lib/python3.8/site-packages/airflow/example_dags/example_sla_dag.py
[2025-12-11T00:43:38.915+0000] {processor.py:839} INFO - DAG(s) dict_keys(['example_sla_dag']) retrieved from /home/airflow/.local/lib/python3.8/site-packages/airflow/example_dags/example_sla_dag.py
[2025-12-11T00:43:38.927+0000] {logging_mixin.py:154} INFO - [2025-12-11T00:43:38.927+0000] {dag.py:2941} INFO - Sync 1 DAGs
[2025-12-11T00:43:38.942+0000] {logging_mixin.py:154} INFO - [2025-12-11T00:43:38.942+0000] {dag.py:3722} INFO - Setting next_dagrun for example_sla_dag to 2025-12-11T00:40:00+00:00, run_after=2025-12-11T00:42:00+00:00
[2025-12-11T00:43:38.952+0000] {processor.py:179} INFO - Processing /home/airflow/.local/lib/python3.8/site-packages/airflow/example_dags/example_sla_dag.py took 0.045 seconds
[2025-12-11T00:44:09.675+0000] {processor.py:157} INFO - Started process (PID=822) to work on /home/airflow/.local/lib/python3.8/site-packages/airflow/example_dags/example_sla_dag.py
[2025-12-11T00:44:09.675+0000] {processor.py:829} INFO - Processing file /home/airflow/.local/lib/python3.8/site-packages/airflow/example_dags/example_sla_dag.py for tasks to queue
[2025-12-11T00:44:09.676+0000] {logging_mixin.py:154} INFO - [2025-12-11T00:44:09.676+0000] {dagbag.py:536} INFO - Filling up the DagBag from /home/airflow/.local/lib/python3.8/site-packages/airflow/example_dags/example_sla_dag.py
[2025-12-11T00:44:09.681+0000] {processor.py:839} INFO - DAG(s) dict_keys(['example_sla_dag']) retrieved from /home/airflow/.local/lib/python3.8/site-packages/airflow/example_dags/example_sla_dag.py
[2025-12-11T00:44:09.696+0000] {logging_mixin.py:154} INFO - [2025-12-11T00:44:09.696+0000] {dag.py:2941} INFO - Sync 1 DAGs
[2025-12-11T00:44:09.710+0000] {logging_mixin.py:154} INFO - [2025-12-11T00:44:09.710+0000] {dag.py:3722} INFO - Setting next_dagrun for example_sla_dag to 2025-12-11T00:42:00+00:00, run_after=2025-12-11T00:44:00+00:00
[2025-12-11T00:44:09.721+0000] {processor.py:179} INFO - Processing /home/airflow/.local/lib/python3.8/site-packages/airflow/example_dags/example_sla_dag.py took 0.049 seconds
[2025-12-11T00:44:40.123+0000] {processor.py:157} INFO - Started process (PID=877) to work on /home/airflow/.local/lib/python3.8/site-packages/airflow/example_dags/example_sla_dag.py
[2025-12-11T00:44:40.123+0000] {processor.py:829} INFO - Processing file /home/airflow/.local/lib/python3.8/site-packages/airflow/example_dags/example_sla_dag.py for tasks to queue
[2025-12-11T00:44:40.125+0000] {logging_mixin.py:154} INFO - [2025-12-11T00:44:40.125+0000] {dagbag.py:536} INFO - Filling up the DagBag from /home/airflow/.local/lib/python3.8/site-packages/airflow/example_dags/example_sla_dag.py
[2025-12-11T00:44:40.130+0000] {processor.py:839} INFO - DAG(s) dict_keys(['example_sla_dag']) retrieved from /home/airflow/.local/lib/python3.8/site-packages/airflow/example_dags/example_sla_dag.py
[2025-12-11T00:44:40.142+0000] {logging_mixin.py:154} INFO - [2025-12-11T00:44:40.142+0000] {dag.py:2941} INFO - Sync 1 DAGs
[2025-12-11T00:44:40.156+0000] {logging_mixin.py:154} INFO - [2025-12-11T00:44:40.156+0000] {dag.py:3722} INFO - Setting next_dagrun for example_sla_dag to 2025-12-11T00:42:00+00:00, run_after=2025-12-11T00:44:00+00:00
[2025-12-11T00:44:40.166+0000] {processor.py:179} INFO - Processing /home/airflow/.local/lib/python3.8/site-packages/airflow/example_dags/example_sla_dag.py took 0.046 seconds
[2025-12-11T00:45:10.557+0000] {processor.py:157} INFO - Started process (PID=932) to work on /home/airflow/.local/lib/python3.8/site-packages/airflow/example_dags/example_sla_dag.py
[2025-12-11T00:45:10.558+0000] {processor.py:829} INFO - Processing file /home/airflow/.local/lib/python3.8/site-packages/airflow/example_dags/example_sla_dag.py for tasks to queue
[2025-12-11T00:45:10.560+0000] {logging_mixin.py:154} INFO - [2025-12-11T00:45:10.559+0000] {dagbag.py:536} INFO - Filling up the DagBag from /home/airflow/.local/lib/python3.8/site-packages/airflow/example_dags/example_sla_dag.py
[2025-12-11T00:45:10.564+0000] {processor.py:839} INFO - DAG(s) dict_keys(['example_sla_dag']) retrieved from /home/airflow/.local/lib/python3.8/site-packages/airflow/example_dags/example_sla_dag.py
[2025-12-11T00:45:10.577+0000] {logging_mixin.py:154} INFO - [2025-12-11T00:45:10.577+0000] {dag.py:2941} INFO - Sync 1 DAGs
[2025-12-11T00:45:10.591+0000] {logging_mixin.py:154} INFO - [2025-12-11T00:45:10.591+0000] {dag.py:3722} INFO - Setting next_dagrun for example_sla_dag to 2025-12-11T00:42:00+00:00, run_after=2025-12-11T00:44:00+00:00
[2025-12-11T00:45:10.602+0000] {processor.py:179} INFO - Processing /home/airflow/.local/lib/python3.8/site-packages/airflow/example_dags/example_sla_dag.py took 0.048 seconds
[2025-12-11T00:45:41.060+0000] {processor.py:157} INFO - Started process (PID=987) to work on /home/airflow/.local/lib/python3.8/site-packages/airflow/example_dags/example_sla_dag.py
[2025-12-11T00:45:41.062+0000] {processor.py:829} INFO - Processing file /home/airflow/.local/lib/python3.8/site-packages/airflow/example_dags/example_sla_dag.py for tasks to queue
[2025-12-11T00:45:41.064+0000] {logging_mixin.py:154} INFO - [2025-12-11T00:45:41.064+0000] {dagbag.py:536} INFO - Filling up the DagBag from /home/airflow/.local/lib/python3.8/site-packages/airflow/example_dags/example_sla_dag.py
[2025-12-11T00:45:41.069+0000] {processor.py:839} INFO - DAG(s) dict_keys(['example_sla_dag']) retrieved from /home/airflow/.local/lib/python3.8/site-packages/airflow/example_dags/example_sla_dag.py
[2025-12-11T00:45:41.081+0000] {logging_mixin.py:154} INFO - [2025-12-11T00:45:41.081+0000] {dag.py:2941} INFO - Sync 1 DAGs
[2025-12-11T00:45:41.095+0000] {logging_mixin.py:154} INFO - [2025-12-11T00:45:41.095+0000] {dag.py:3722} INFO - Setting next_dagrun for example_sla_dag to 2025-12-11T00:42:00+00:00, run_after=2025-12-11T00:44:00+00:00
[2025-12-11T00:45:41.108+0000] {processor.py:179} INFO - Processing /home/airflow/.local/lib/python3.8/site-packages/airflow/example_dags/example_sla_dag.py took 0.051 seconds
[2025-12-11T00:46:11.522+0000] {processor.py:157} INFO - Started process (PID=1042) to work on /home/airflow/.local/lib/python3.8/site-packages/airflow/example_dags/example_sla_dag.py
[2025-12-11T00:46:11.523+0000] {processor.py:829} INFO - Processing file /home/airflow/.local/lib/python3.8/site-packages/airflow/example_dags/example_sla_dag.py for tasks to queue
[2025-12-11T00:46:11.524+0000] {logging_mixin.py:154} INFO - [2025-12-11T00:46:11.524+0000] {dagbag.py:536} INFO - Filling up the DagBag from /home/airflow/.local/lib/python3.8/site-packages/airflow/example_dags/example_sla_dag.py
[2025-12-11T00:46:11.529+0000] {processor.py:839} INFO - DAG(s) dict_keys(['example_sla_dag']) retrieved from /home/airflow/.local/lib/python3.8/site-packages/airflow/example_dags/example_sla_dag.py
[2025-12-11T00:46:11.540+0000] {logging_mixin.py:154} INFO - [2025-12-11T00:46:11.539+0000] {dag.py:2941} INFO - Sync 1 DAGs
[2025-12-11T00:46:11.554+0000] {logging_mixin.py:154} INFO - [2025-12-11T00:46:11.554+0000] {dag.py:3722} INFO - Setting next_dagrun for example_sla_dag to 2025-12-11T00:44:00+00:00, run_after=2025-12-11T00:46:00+00:00
[2025-12-11T00:46:11.563+0000] {processor.py:179} INFO - Processing /home/airflow/.local/lib/python3.8/site-packages/airflow/example_dags/example_sla_dag.py took 0.044 seconds
[2025-12-11T00:46:42.121+0000] {processor.py:157} INFO - Started process (PID=1097) to work on /home/airflow/.local/lib/python3.8/site-packages/airflow/example_dags/example_sla_dag.py
[2025-12-11T00:46:42.121+0000] {processor.py:829} INFO - Processing file /home/airflow/.local/lib/python3.8/site-packages/airflow/example_dags/example_sla_dag.py for tasks to queue
[2025-12-11T00:46:42.123+0000] {logging_mixin.py:154} INFO - [2025-12-11T00:46:42.123+0000] {dagbag.py:536} INFO - Filling up the DagBag from /home/airflow/.local/lib/python3.8/site-packages/airflow/example_dags/example_sla_dag.py
[2025-12-11T00:46:42.129+0000] {processor.py:839} INFO - DAG(s) dict_keys(['example_sla_dag']) retrieved from /home/airflow/.local/lib/python3.8/site-packages/airflow/example_dags/example_sla_dag.py
[2025-12-11T00:46:42.144+0000] {logging_mixin.py:154} INFO - [2025-12-11T00:46:42.143+0000] {dag.py:2941} INFO - Sync 1 DAGs
[2025-12-11T00:46:42.158+0000] {logging_mixin.py:154} INFO - [2025-12-11T00:46:42.157+0000] {dag.py:3722} INFO - Setting next_dagrun for example_sla_dag to 2025-12-11T00:44:00+00:00, run_after=2025-12-11T00:46:00+00:00
[2025-12-11T00:46:42.170+0000] {processor.py:179} INFO - Processing /home/airflow/.local/lib/python3.8/site-packages/airflow/example_dags/example_sla_dag.py took 0.052 seconds
[2025-12-11T00:47:12.693+0000] {processor.py:157} INFO - Started process (PID=1152) to work on /home/airflow/.local/lib/python3.8/site-packages/airflow/example_dags/example_sla_dag.py
[2025-12-11T00:47:12.694+0000] {processor.py:829} INFO - Processing file /home/airflow/.local/lib/python3.8/site-packages/airflow/example_dags/example_sla_dag.py for tasks to queue
[2025-12-11T00:47:12.695+0000] {logging_mixin.py:154} INFO - [2025-12-11T00:47:12.694+0000] {dagbag.py:536} INFO - Filling up the DagBag from /home/airflow/.local/lib/python3.8/site-packages/airflow/example_dags/example_sla_dag.py
[2025-12-11T00:47:12.699+0000] {processor.py:839} INFO - DAG(s) dict_keys(['example_sla_dag']) retrieved from /home/airflow/.local/lib/python3.8/site-packages/airflow/example_dags/example_sla_dag.py
[2025-12-11T00:47:12.712+0000] {logging_mixin.py:154} INFO - [2025-12-11T00:47:12.712+0000] {dag.py:2941} INFO - Sync 1 DAGs
[2025-12-11T00:47:12.726+0000] {logging_mixin.py:154} INFO - [2025-12-11T00:47:12.726+0000] {dag.py:3722} INFO - Setting next_dagrun for example_sla_dag to 2025-12-11T00:44:00+00:00, run_after=2025-12-11T00:46:00+00:00
[2025-12-11T00:47:12.736+0000] {processor.py:179} INFO - Processing /home/airflow/.local/lib/python3.8/site-packages/airflow/example_dags/example_sla_dag.py took 0.045 seconds
[2025-12-11T00:47:43.349+0000] {processor.py:157} INFO - Started process (PID=1207) to work on /home/airflow/.local/lib/python3.8/site-packages/airflow/example_dags/example_sla_dag.py
[2025-12-11T00:47:43.350+0000] {processor.py:829} INFO - Processing file /home/airflow/.local/lib/python3.8/site-packages/airflow/example_dags/example_sla_dag.py for tasks to queue
[2025-12-11T00:47:43.351+0000] {logging_mixin.py:154} INFO - [2025-12-11T00:47:43.351+0000] {dagbag.py:536} INFO - Filling up the DagBag from /home/airflow/.local/lib/python3.8/site-packages/airflow/example_dags/example_sla_dag.py
[2025-12-11T00:47:43.356+0000] {processor.py:839} INFO - DAG(s) dict_keys(['example_sla_dag']) retrieved from /home/airflow/.local/lib/python3.8/site-packages/airflow/example_dags/example_sla_dag.py
[2025-12-11T00:47:43.367+0000] {logging_mixin.py:154} INFO - [2025-12-11T00:47:43.366+0000] {dag.py:2941} INFO - Sync 1 DAGs
[2025-12-11T00:47:43.381+0000] {logging_mixin.py:154} INFO - [2025-12-11T00:47:43.381+0000] {dag.py:3722} INFO - Setting next_dagrun for example_sla_dag to 2025-12-11T00:44:00+00:00, run_after=2025-12-11T00:46:00+00:00
[2025-12-11T00:47:43.395+0000] {processor.py:179} INFO - Processing /home/airflow/.local/lib/python3.8/site-packages/airflow/example_dags/example_sla_dag.py took 0.048 seconds
[2025-12-11T00:48:13.548+0000] {processor.py:157} INFO - Started process (PID=1262) to work on /home/airflow/.local/lib/python3.8/site-packages/airflow/example_dags/example_sla_dag.py
[2025-12-11T00:48:13.548+0000] {processor.py:829} INFO - Processing file /home/airflow/.local/lib/python3.8/site-packages/airflow/example_dags/example_sla_dag.py for tasks to queue
[2025-12-11T00:48:13.550+0000] {logging_mixin.py:154} INFO - [2025-12-11T00:48:13.550+0000] {dagbag.py:536} INFO - Filling up the DagBag from /home/airflow/.local/lib/python3.8/site-packages/airflow/example_dags/example_sla_dag.py
[2025-12-11T00:48:13.555+0000] {processor.py:839} INFO - DAG(s) dict_keys(['example_sla_dag']) retrieved from /home/airflow/.local/lib/python3.8/site-packages/airflow/example_dags/example_sla_dag.py
[2025-12-11T00:48:13.567+0000] {logging_mixin.py:154} INFO - [2025-12-11T00:48:13.567+0000] {dag.py:2941} INFO - Sync 1 DAGs
[2025-12-11T00:48:13.581+0000] {logging_mixin.py:154} INFO - [2025-12-11T00:48:13.581+0000] {dag.py:3722} INFO - Setting next_dagrun for example_sla_dag to 2025-12-11T00:46:00+00:00, run_after=2025-12-11T00:48:00+00:00
[2025-12-11T00:48:13.592+0000] {processor.py:179} INFO - Processing /home/airflow/.local/lib/python3.8/site-packages/airflow/example_dags/example_sla_dag.py took 0.048 seconds
[2025-12-11T00:48:44.487+0000] {processor.py:157} INFO - Started process (PID=1317) to work on /home/airflow/.local/lib/python3.8/site-packages/airflow/example_dags/example_sla_dag.py
[2025-12-11T00:48:44.488+0000] {processor.py:829} INFO - Processing file /home/airflow/.local/lib/python3.8/site-packages/airflow/example_dags/example_sla_dag.py for tasks to queue
[2025-12-11T00:48:44.490+0000] {logging_mixin.py:154} INFO - [2025-12-11T00:48:44.489+0000] {dagbag.py:536} INFO - Filling up the DagBag from /home/airflow/.local/lib/python3.8/site-packages/airflow/example_dags/example_sla_dag.py
[2025-12-11T00:48:44.494+0000] {processor.py:839} INFO - DAG(s) dict_keys(['example_sla_dag']) retrieved from /home/airflow/.local/lib/python3.8/site-packages/airflow/example_dags/example_sla_dag.py
[2025-12-11T00:48:44.508+0000] {logging_mixin.py:154} INFO - [2025-12-11T00:48:44.508+0000] {dag.py:2941} INFO - Sync 1 DAGs
[2025-12-11T00:48:44.522+0000] {logging_mixin.py:154} INFO - [2025-12-11T00:48:44.522+0000] {dag.py:3722} INFO - Setting next_dagrun for example_sla_dag to 2025-12-11T00:46:00+00:00, run_after=2025-12-11T00:48:00+00:00
[2025-12-11T00:48:44.533+0000] {processor.py:179} INFO - Processing /home/airflow/.local/lib/python3.8/site-packages/airflow/example_dags/example_sla_dag.py took 0.048 seconds
[2025-12-11T00:49:15.179+0000] {processor.py:157} INFO - Started process (PID=1372) to work on /home/airflow/.local/lib/python3.8/site-packages/airflow/example_dags/example_sla_dag.py
[2025-12-11T00:49:15.180+0000] {processor.py:829} INFO - Processing file /home/airflow/.local/lib/python3.8/site-packages/airflow/example_dags/example_sla_dag.py for tasks to queue
[2025-12-11T00:49:15.182+0000] {logging_mixin.py:154} INFO - [2025-12-11T00:49:15.182+0000] {dagbag.py:536} INFO - Filling up the DagBag from /home/airflow/.local/lib/python3.8/site-packages/airflow/example_dags/example_sla_dag.py
[2025-12-11T00:49:15.188+0000] {processor.py:839} INFO - DAG(s) dict_keys(['example_sla_dag']) retrieved from /home/airflow/.local/lib/python3.8/site-packages/airflow/example_dags/example_sla_dag.py
[2025-12-11T00:49:15.203+0000] {logging_mixin.py:154} INFO - [2025-12-11T00:49:15.203+0000] {dag.py:2941} INFO - Sync 1 DAGs
[2025-12-11T00:49:15.222+0000] {logging_mixin.py:154} INFO - [2025-12-11T00:49:15.222+0000] {dag.py:3722} INFO - Setting next_dagrun for example_sla_dag to 2025-12-11T00:46:00+00:00, run_after=2025-12-11T00:48:00+00:00
[2025-12-11T00:49:15.236+0000] {processor.py:179} INFO - Processing /home/airflow/.local/lib/python3.8/site-packages/airflow/example_dags/example_sla_dag.py took 0.061 seconds
[2025-12-11T00:49:45.368+0000] {processor.py:157} INFO - Started process (PID=1427) to work on /home/airflow/.local/lib/python3.8/site-packages/airflow/example_dags/example_sla_dag.py
[2025-12-11T00:49:45.368+0000] {processor.py:829} INFO - Processing file /home/airflow/.local/lib/python3.8/site-packages/airflow/example_dags/example_sla_dag.py for tasks to queue
[2025-12-11T00:49:45.369+0000] {logging_mixin.py:154} INFO - [2025-12-11T00:49:45.369+0000] {dagbag.py:536} INFO - Filling up the DagBag from /home/airflow/.local/lib/python3.8/site-packages/airflow/example_dags/example_sla_dag.py
[2025-12-11T00:49:45.374+0000] {processor.py:839} INFO - DAG(s) dict_keys(['example_sla_dag']) retrieved from /home/airflow/.local/lib/python3.8/site-packages/airflow/example_dags/example_sla_dag.py
[2025-12-11T00:49:45.385+0000] {logging_mixin.py:154} INFO - [2025-12-11T00:49:45.385+0000] {dag.py:2941} INFO - Sync 1 DAGs
[2025-12-11T00:49:45.400+0000] {logging_mixin.py:154} INFO - [2025-12-11T00:49:45.400+0000] {dag.py:3722} INFO - Setting next_dagrun for example_sla_dag to 2025-12-11T00:46:00+00:00, run_after=2025-12-11T00:48:00+00:00
[2025-12-11T00:49:45.411+0000] {processor.py:179} INFO - Processing /home/airflow/.local/lib/python3.8/site-packages/airflow/example_dags/example_sla_dag.py took 0.045 seconds
[2025-12-11T00:50:15.531+0000] {processor.py:157} INFO - Started process (PID=1482) to work on /home/airflow/.local/lib/python3.8/site-packages/airflow/example_dags/example_sla_dag.py
[2025-12-11T00:50:15.532+0000] {processor.py:829} INFO - Processing file /home/airflow/.local/lib/python3.8/site-packages/airflow/example_dags/example_sla_dag.py for tasks to queue
[2025-12-11T00:50:15.533+0000] {logging_mixin.py:154} INFO - [2025-12-11T00:50:15.533+0000] {dagbag.py:536} INFO - Filling up the DagBag from /home/airflow/.local/lib/python3.8/site-packages/airflow/example_dags/example_sla_dag.py
[2025-12-11T00:50:15.538+0000] {processor.py:839} INFO - DAG(s) dict_keys(['example_sla_dag']) retrieved from /home/airflow/.local/lib/python3.8/site-packages/airflow/example_dags/example_sla_dag.py
[2025-12-11T00:50:15.550+0000] {logging_mixin.py:154} INFO - [2025-12-11T00:50:15.550+0000] {dag.py:2941} INFO - Sync 1 DAGs
[2025-12-11T00:50:15.564+0000] {logging_mixin.py:154} INFO - [2025-12-11T00:50:15.564+0000] {dag.py:3722} INFO - Setting next_dagrun for example_sla_dag to 2025-12-11T00:48:00+00:00, run_after=2025-12-11T00:50:00+00:00
[2025-12-11T00:50:15.575+0000] {processor.py:179} INFO - Processing /home/airflow/.local/lib/python3.8/site-packages/airflow/example_dags/example_sla_dag.py took 0.045 seconds
[2025-12-11T00:50:45.909+0000] {processor.py:157} INFO - Started process (PID=1537) to work on /home/airflow/.local/lib/python3.8/site-packages/airflow/example_dags/example_sla_dag.py
[2025-12-11T00:50:45.910+0000] {processor.py:829} INFO - Processing file /home/airflow/.local/lib/python3.8/site-packages/airflow/example_dags/example_sla_dag.py for tasks to queue
[2025-12-11T00:50:45.911+0000] {logging_mixin.py:154} INFO - [2025-12-11T00:50:45.911+0000] {dagbag.py:536} INFO - Filling up the DagBag from /home/airflow/.local/lib/python3.8/site-packages/airflow/example_dags/example_sla_dag.py
[2025-12-11T00:50:45.916+0000] {processor.py:839} INFO - DAG(s) dict_keys(['example_sla_dag']) retrieved from /home/airflow/.local/lib/python3.8/site-packages/airflow/example_dags/example_sla_dag.py
[2025-12-11T00:50:45.931+0000] {logging_mixin.py:154} INFO - [2025-12-11T00:50:45.931+0000] {dag.py:2941} INFO - Sync 1 DAGs
[2025-12-11T00:50:45.947+0000] {logging_mixin.py:154} INFO - [2025-12-11T00:50:45.947+0000] {dag.py:3722} INFO - Setting next_dagrun for example_sla_dag to 2025-12-11T00:48:00+00:00, run_after=2025-12-11T00:50:00+00:00
[2025-12-11T00:50:45.959+0000] {processor.py:179} INFO - Processing /home/airflow/.local/lib/python3.8/site-packages/airflow/example_dags/example_sla_dag.py took 0.052 seconds
[2025-12-11T00:51:16.555+0000] {processor.py:157} INFO - Started process (PID=1592) to work on /home/airflow/.local/lib/python3.8/site-packages/airflow/example_dags/example_sla_dag.py
[2025-12-11T00:51:16.555+0000] {processor.py:829} INFO - Processing file /home/airflow/.local/lib/python3.8/site-packages/airflow/example_dags/example_sla_dag.py for tasks to queue
[2025-12-11T00:51:16.557+0000] {logging_mixin.py:154} INFO - [2025-12-11T00:51:16.556+0000] {dagbag.py:536} INFO - Filling up the DagBag from /home/airflow/.local/lib/python3.8/site-packages/airflow/example_dags/example_sla_dag.py
[2025-12-11T00:51:16.561+0000] {processor.py:839} INFO - DAG(s) dict_keys(['example_sla_dag']) retrieved from /home/airflow/.local/lib/python3.8/site-packages/airflow/example_dags/example_sla_dag.py
[2025-12-11T00:51:16.576+0000] {logging_mixin.py:154} INFO - [2025-12-11T00:51:16.576+0000] {dag.py:2941} INFO - Sync 1 DAGs
[2025-12-11T00:51:16.591+0000] {logging_mixin.py:154} INFO - [2025-12-11T00:51:16.590+0000] {dag.py:3722} INFO - Setting next_dagrun for example_sla_dag to 2025-12-11T00:48:00+00:00, run_after=2025-12-11T00:50:00+00:00
[2025-12-11T00:51:16.603+0000] {processor.py:179} INFO - Processing /home/airflow/.local/lib/python3.8/site-packages/airflow/example_dags/example_sla_dag.py took 0.050 seconds
[2025-12-11T00:51:46.669+0000] {processor.py:157} INFO - Started process (PID=1647) to work on /home/airflow/.local/lib/python3.8/site-packages/airflow/example_dags/example_sla_dag.py
[2025-12-11T00:51:46.670+0000] {processor.py:829} INFO - Processing file /home/airflow/.local/lib/python3.8/site-packages/airflow/example_dags/example_sla_dag.py for tasks to queue
[2025-12-11T00:51:46.671+0000] {logging_mixin.py:154} INFO - [2025-12-11T00:51:46.671+0000] {dagbag.py:536} INFO - Filling up the DagBag from /home/airflow/.local/lib/python3.8/site-packages/airflow/example_dags/example_sla_dag.py
[2025-12-11T00:51:46.676+0000] {processor.py:839} INFO - DAG(s) dict_keys(['example_sla_dag']) retrieved from /home/airflow/.local/lib/python3.8/site-packages/airflow/example_dags/example_sla_dag.py
[2025-12-11T00:51:46.691+0000] {logging_mixin.py:154} INFO - [2025-12-11T00:51:46.691+0000] {dag.py:2941} INFO - Sync 1 DAGs
[2025-12-11T00:51:46.710+0000] {logging_mixin.py:154} INFO - [2025-12-11T00:51:46.710+0000] {dag.py:3722} INFO - Setting next_dagrun for example_sla_dag to 2025-12-11T00:48:00+00:00, run_after=2025-12-11T00:50:00+00:00
[2025-12-11T00:51:46.725+0000] {processor.py:179} INFO - Processing /home/airflow/.local/lib/python3.8/site-packages/airflow/example_dags/example_sla_dag.py took 0.058 seconds
[2025-12-11T00:52:16.929+0000] {processor.py:157} INFO - Started process (PID=1702) to work on /home/airflow/.local/lib/python3.8/site-packages/airflow/example_dags/example_sla_dag.py
[2025-12-11T00:52:16.955+0000] {processor.py:829} INFO - Processing file /home/airflow/.local/lib/python3.8/site-packages/airflow/example_dags/example_sla_dag.py for tasks to queue
[2025-12-11T00:52:16.956+0000] {logging_mixin.py:154} INFO - [2025-12-11T00:52:16.956+0000] {dagbag.py:536} INFO - Filling up the DagBag from /home/airflow/.local/lib/python3.8/site-packages/airflow/example_dags/example_sla_dag.py
[2025-12-11T00:52:16.961+0000] {processor.py:839} INFO - DAG(s) dict_keys(['example_sla_dag']) retrieved from /home/airflow/.local/lib/python3.8/site-packages/airflow/example_dags/example_sla_dag.py
[2025-12-11T00:52:16.978+0000] {logging_mixin.py:154} INFO - [2025-12-11T00:52:16.978+0000] {dag.py:2941} INFO - Sync 1 DAGs
[2025-12-11T00:52:16.995+0000] {logging_mixin.py:154} INFO - [2025-12-11T00:52:16.995+0000] {dag.py:3722} INFO - Setting next_dagrun for example_sla_dag to 2025-12-11T00:50:00+00:00, run_after=2025-12-11T00:52:00+00:00
[2025-12-11T00:52:17.008+0000] {processor.py:179} INFO - Processing /home/airflow/.local/lib/python3.8/site-packages/airflow/example_dags/example_sla_dag.py took 0.082 seconds
[2025-12-11T00:52:47.039+0000] {processor.py:157} INFO - Started process (PID=1757) to work on /home/airflow/.local/lib/python3.8/site-packages/airflow/example_dags/example_sla_dag.py
[2025-12-11T00:52:47.039+0000] {processor.py:829} INFO - Processing file /home/airflow/.local/lib/python3.8/site-packages/airflow/example_dags/example_sla_dag.py for tasks to queue
[2025-12-11T00:52:47.040+0000] {logging_mixin.py:154} INFO - [2025-12-11T00:52:47.040+0000] {dagbag.py:536} INFO - Filling up the DagBag from /home/airflow/.local/lib/python3.8/site-packages/airflow/example_dags/example_sla_dag.py
[2025-12-11T00:52:47.045+0000] {processor.py:839} INFO - DAG(s) dict_keys(['example_sla_dag']) retrieved from /home/airflow/.local/lib/python3.8/site-packages/airflow/example_dags/example_sla_dag.py
[2025-12-11T00:52:47.063+0000] {logging_mixin.py:154} INFO - [2025-12-11T00:52:47.063+0000] {dag.py:2941} INFO - Sync 1 DAGs
[2025-12-11T00:52:47.079+0000] {logging_mixin.py:154} INFO - [2025-12-11T00:52:47.079+0000] {dag.py:3722} INFO - Setting next_dagrun for example_sla_dag to 2025-12-11T00:50:00+00:00, run_after=2025-12-11T00:52:00+00:00
[2025-12-11T00:52:47.091+0000] {processor.py:179} INFO - Processing /home/airflow/.local/lib/python3.8/site-packages/airflow/example_dags/example_sla_dag.py took 0.054 seconds
[2025-12-11T00:53:17.710+0000] {processor.py:157} INFO - Started process (PID=1812) to work on /home/airflow/.local/lib/python3.8/site-packages/airflow/example_dags/example_sla_dag.py
[2025-12-11T00:53:17.711+0000] {processor.py:829} INFO - Processing file /home/airflow/.local/lib/python3.8/site-packages/airflow/example_dags/example_sla_dag.py for tasks to queue
[2025-12-11T00:53:17.712+0000] {logging_mixin.py:154} INFO - [2025-12-11T00:53:17.712+0000] {dagbag.py:536} INFO - Filling up the DagBag from /home/airflow/.local/lib/python3.8/site-packages/airflow/example_dags/example_sla_dag.py
[2025-12-11T00:53:17.717+0000] {processor.py:839} INFO - DAG(s) dict_keys(['example_sla_dag']) retrieved from /home/airflow/.local/lib/python3.8/site-packages/airflow/example_dags/example_sla_dag.py
[2025-12-11T00:53:17.731+0000] {logging_mixin.py:154} INFO - [2025-12-11T00:53:17.731+0000] {dag.py:2941} INFO - Sync 1 DAGs
[2025-12-11T00:53:17.746+0000] {logging_mixin.py:154} INFO - [2025-12-11T00:53:17.746+0000] {dag.py:3722} INFO - Setting next_dagrun for example_sla_dag to 2025-12-11T00:50:00+00:00, run_after=2025-12-11T00:52:00+00:00
[2025-12-11T00:53:17.756+0000] {processor.py:179} INFO - Processing /home/airflow/.local/lib/python3.8/site-packages/airflow/example_dags/example_sla_dag.py took 0.049 seconds
[2025-12-11T00:53:48.386+0000] {processor.py:157} INFO - Started process (PID=1867) to work on /home/airflow/.local/lib/python3.8/site-packages/airflow/example_dags/example_sla_dag.py
[2025-12-11T00:53:48.387+0000] {processor.py:829} INFO - Processing file /home/airflow/.local/lib/python3.8/site-packages/airflow/example_dags/example_sla_dag.py for tasks to queue
[2025-12-11T00:53:48.388+0000] {logging_mixin.py:154} INFO - [2025-12-11T00:53:48.388+0000] {dagbag.py:536} INFO - Filling up the DagBag from /home/airflow/.local/lib/python3.8/site-packages/airflow/example_dags/example_sla_dag.py
[2025-12-11T00:53:48.394+0000] {processor.py:839} INFO - DAG(s) dict_keys(['example_sla_dag']) retrieved from /home/airflow/.local/lib/python3.8/site-packages/airflow/example_dags/example_sla_dag.py
[2025-12-11T00:53:48.407+0000] {logging_mixin.py:154} INFO - [2025-12-11T00:53:48.407+0000] {dag.py:2941} INFO - Sync 1 DAGs
[2025-12-11T00:53:48.422+0000] {logging_mixin.py:154} INFO - [2025-12-11T00:53:48.422+0000] {dag.py:3722} INFO - Setting next_dagrun for example_sla_dag to 2025-12-11T00:50:00+00:00, run_after=2025-12-11T00:52:00+00:00
[2025-12-11T00:53:48.434+0000] {processor.py:179} INFO - Processing /home/airflow/.local/lib/python3.8/site-packages/airflow/example_dags/example_sla_dag.py took 0.050 seconds
[2025-12-11T00:54:18.684+0000] {processor.py:157} INFO - Started process (PID=1923) to work on /home/airflow/.local/lib/python3.8/site-packages/airflow/example_dags/example_sla_dag.py
[2025-12-11T00:54:18.684+0000] {processor.py:829} INFO - Processing file /home/airflow/.local/lib/python3.8/site-packages/airflow/example_dags/example_sla_dag.py for tasks to queue
[2025-12-11T00:54:18.685+0000] {logging_mixin.py:154} INFO - [2025-12-11T00:54:18.685+0000] {dagbag.py:536} INFO - Filling up the DagBag from /home/airflow/.local/lib/python3.8/site-packages/airflow/example_dags/example_sla_dag.py
[2025-12-11T00:54:18.690+0000] {processor.py:839} INFO - DAG(s) dict_keys(['example_sla_dag']) retrieved from /home/airflow/.local/lib/python3.8/site-packages/airflow/example_dags/example_sla_dag.py
[2025-12-11T00:54:18.705+0000] {logging_mixin.py:154} INFO - [2025-12-11T00:54:18.705+0000] {dag.py:2941} INFO - Sync 1 DAGs
[2025-12-11T00:54:18.720+0000] {logging_mixin.py:154} INFO - [2025-12-11T00:54:18.720+0000] {dag.py:3722} INFO - Setting next_dagrun for example_sla_dag to 2025-12-11T00:52:00+00:00, run_after=2025-12-11T00:54:00+00:00
[2025-12-11T00:54:18.731+0000] {processor.py:179} INFO - Processing /home/airflow/.local/lib/python3.8/site-packages/airflow/example_dags/example_sla_dag.py took 0.050 seconds
[2025-12-11T00:54:49.084+0000] {processor.py:157} INFO - Started process (PID=1978) to work on /home/airflow/.local/lib/python3.8/site-packages/airflow/example_dags/example_sla_dag.py
[2025-12-11T00:54:49.085+0000] {processor.py:829} INFO - Processing file /home/airflow/.local/lib/python3.8/site-packages/airflow/example_dags/example_sla_dag.py for tasks to queue
[2025-12-11T00:54:49.087+0000] {logging_mixin.py:154} INFO - [2025-12-11T00:54:49.086+0000] {dagbag.py:536} INFO - Filling up the DagBag from /home/airflow/.local/lib/python3.8/site-packages/airflow/example_dags/example_sla_dag.py
[2025-12-11T00:54:49.092+0000] {processor.py:839} INFO - DAG(s) dict_keys(['example_sla_dag']) retrieved from /home/airflow/.local/lib/python3.8/site-packages/airflow/example_dags/example_sla_dag.py
[2025-12-11T00:54:49.105+0000] {logging_mixin.py:154} INFO - [2025-12-11T00:54:49.105+0000] {dag.py:2941} INFO - Sync 1 DAGs
[2025-12-11T00:54:49.121+0000] {logging_mixin.py:154} INFO - [2025-12-11T00:54:49.121+0000] {dag.py:3722} INFO - Setting next_dagrun for example_sla_dag to 2025-12-11T00:52:00+00:00, run_after=2025-12-11T00:54:00+00:00
[2025-12-11T00:54:49.133+0000] {processor.py:179} INFO - Processing /home/airflow/.local/lib/python3.8/site-packages/airflow/example_dags/example_sla_dag.py took 0.052 seconds
[2025-12-11T00:55:19.692+0000] {processor.py:157} INFO - Started process (PID=2033) to work on /home/airflow/.local/lib/python3.8/site-packages/airflow/example_dags/example_sla_dag.py
[2025-12-11T00:55:19.692+0000] {processor.py:829} INFO - Processing file /home/airflow/.local/lib/python3.8/site-packages/airflow/example_dags/example_sla_dag.py for tasks to queue
[2025-12-11T00:55:19.694+0000] {logging_mixin.py:154} INFO - [2025-12-11T00:55:19.693+0000] {dagbag.py:536} INFO - Filling up the DagBag from /home/airflow/.local/lib/python3.8/site-packages/airflow/example_dags/example_sla_dag.py
[2025-12-11T00:55:19.701+0000] {processor.py:839} INFO - DAG(s) dict_keys(['example_sla_dag']) retrieved from /home/airflow/.local/lib/python3.8/site-packages/airflow/example_dags/example_sla_dag.py
[2025-12-11T00:55:19.715+0000] {logging_mixin.py:154} INFO - [2025-12-11T00:55:19.715+0000] {dag.py:2941} INFO - Sync 1 DAGs
[2025-12-11T00:55:19.731+0000] {logging_mixin.py:154} INFO - [2025-12-11T00:55:19.731+0000] {dag.py:3722} INFO - Setting next_dagrun for example_sla_dag to 2025-12-11T00:52:00+00:00, run_after=2025-12-11T00:54:00+00:00
[2025-12-11T00:55:19.745+0000] {processor.py:179} INFO - Processing /home/airflow/.local/lib/python3.8/site-packages/airflow/example_dags/example_sla_dag.py took 0.056 seconds
