[2025-12-11T00:38:16.577+0000] {processor.py:157} INFO - Started process (PID=189) to work on /home/airflow/.local/lib/python3.8/site-packages/airflow/example_dags/example_nested_branch_dag.py
[2025-12-11T00:38:16.577+0000] {processor.py:829} INFO - Processing file /home/airflow/.local/lib/python3.8/site-packages/airflow/example_dags/example_nested_branch_dag.py for tasks to queue
[2025-12-11T00:38:16.579+0000] {logging_mixin.py:154} INFO - [2025-12-11T00:38:16.578+0000] {dagbag.py:536} INFO - Filling up the DagBag from /home/airflow/.local/lib/python3.8/site-packages/airflow/example_dags/example_nested_branch_dag.py
[2025-12-11T00:38:16.587+0000] {processor.py:839} INFO - DAG(s) dict_keys(['example_nested_branch_dag']) retrieved from /home/airflow/.local/lib/python3.8/site-packages/airflow/example_dags/example_nested_branch_dag.py
[2025-12-11T00:38:16.595+0000] {logging_mixin.py:154} INFO - [2025-12-11T00:38:16.595+0000] {dag.py:2941} INFO - Sync 1 DAGs
[2025-12-11T00:38:16.612+0000] {logging_mixin.py:154} INFO - [2025-12-11T00:38:16.611+0000] {dag.py:3722} INFO - Setting next_dagrun for example_nested_branch_dag to 2025-12-10T00:00:00+00:00, run_after=2025-12-11T00:00:00+00:00
[2025-12-11T00:38:16.623+0000] {processor.py:179} INFO - Processing /home/airflow/.local/lib/python3.8/site-packages/airflow/example_dags/example_nested_branch_dag.py took 0.048 seconds
[2025-12-11T00:38:46.817+0000] {processor.py:157} INFO - Started process (PID=252) to work on /home/airflow/.local/lib/python3.8/site-packages/airflow/example_dags/example_nested_branch_dag.py
[2025-12-11T00:38:46.818+0000] {processor.py:829} INFO - Processing file /home/airflow/.local/lib/python3.8/site-packages/airflow/example_dags/example_nested_branch_dag.py for tasks to queue
[2025-12-11T00:38:46.819+0000] {logging_mixin.py:154} INFO - [2025-12-11T00:38:46.819+0000] {dagbag.py:536} INFO - Filling up the DagBag from /home/airflow/.local/lib/python3.8/site-packages/airflow/example_dags/example_nested_branch_dag.py
[2025-12-11T00:38:46.828+0000] {processor.py:839} INFO - DAG(s) dict_keys(['example_nested_branch_dag']) retrieved from /home/airflow/.local/lib/python3.8/site-packages/airflow/example_dags/example_nested_branch_dag.py
[2025-12-11T00:38:46.845+0000] {logging_mixin.py:154} INFO - [2025-12-11T00:38:46.845+0000] {dag.py:2941} INFO - Sync 1 DAGs
[2025-12-11T00:38:46.859+0000] {logging_mixin.py:154} INFO - [2025-12-11T00:38:46.859+0000] {dag.py:3722} INFO - Setting next_dagrun for example_nested_branch_dag to 2025-12-10T00:00:00+00:00, run_after=2025-12-11T00:00:00+00:00
[2025-12-11T00:38:46.876+0000] {processor.py:179} INFO - Processing /home/airflow/.local/lib/python3.8/site-packages/airflow/example_dags/example_nested_branch_dag.py took 0.062 seconds
[2025-12-11T00:39:17.346+0000] {processor.py:157} INFO - Started process (PID=307) to work on /home/airflow/.local/lib/python3.8/site-packages/airflow/example_dags/example_nested_branch_dag.py
[2025-12-11T00:39:17.347+0000] {processor.py:829} INFO - Processing file /home/airflow/.local/lib/python3.8/site-packages/airflow/example_dags/example_nested_branch_dag.py for tasks to queue
[2025-12-11T00:39:17.349+0000] {logging_mixin.py:154} INFO - [2025-12-11T00:39:17.349+0000] {dagbag.py:536} INFO - Filling up the DagBag from /home/airflow/.local/lib/python3.8/site-packages/airflow/example_dags/example_nested_branch_dag.py
[2025-12-11T00:39:17.355+0000] {processor.py:839} INFO - DAG(s) dict_keys(['example_nested_branch_dag']) retrieved from /home/airflow/.local/lib/python3.8/site-packages/airflow/example_dags/example_nested_branch_dag.py
[2025-12-11T00:39:17.370+0000] {logging_mixin.py:154} INFO - [2025-12-11T00:39:17.370+0000] {dag.py:2941} INFO - Sync 1 DAGs
[2025-12-11T00:39:17.384+0000] {logging_mixin.py:154} INFO - [2025-12-11T00:39:17.384+0000] {dag.py:3722} INFO - Setting next_dagrun for example_nested_branch_dag to 2025-12-10T00:00:00+00:00, run_after=2025-12-11T00:00:00+00:00
[2025-12-11T00:39:17.396+0000] {processor.py:179} INFO - Processing /home/airflow/.local/lib/python3.8/site-packages/airflow/example_dags/example_nested_branch_dag.py took 0.052 seconds
[2025-12-11T00:39:47.590+0000] {processor.py:157} INFO - Started process (PID=362) to work on /home/airflow/.local/lib/python3.8/site-packages/airflow/example_dags/example_nested_branch_dag.py
[2025-12-11T00:39:47.598+0000] {processor.py:829} INFO - Processing file /home/airflow/.local/lib/python3.8/site-packages/airflow/example_dags/example_nested_branch_dag.py for tasks to queue
[2025-12-11T00:39:47.599+0000] {logging_mixin.py:154} INFO - [2025-12-11T00:39:47.599+0000] {dagbag.py:536} INFO - Filling up the DagBag from /home/airflow/.local/lib/python3.8/site-packages/airflow/example_dags/example_nested_branch_dag.py
[2025-12-11T00:39:47.605+0000] {processor.py:839} INFO - DAG(s) dict_keys(['example_nested_branch_dag']) retrieved from /home/airflow/.local/lib/python3.8/site-packages/airflow/example_dags/example_nested_branch_dag.py
[2025-12-11T00:39:47.617+0000] {logging_mixin.py:154} INFO - [2025-12-11T00:39:47.617+0000] {dag.py:2941} INFO - Sync 1 DAGs
[2025-12-11T00:39:47.631+0000] {logging_mixin.py:154} INFO - [2025-12-11T00:39:47.631+0000] {dag.py:3722} INFO - Setting next_dagrun for example_nested_branch_dag to 2025-12-10T00:00:00+00:00, run_after=2025-12-11T00:00:00+00:00
[2025-12-11T00:39:47.655+0000] {processor.py:179} INFO - Processing /home/airflow/.local/lib/python3.8/site-packages/airflow/example_dags/example_nested_branch_dag.py took 0.068 seconds
[2025-12-11T00:40:25.157+0000] {processor.py:157} INFO - Started process (PID=424) to work on /home/airflow/.local/lib/python3.8/site-packages/airflow/example_dags/example_nested_branch_dag.py
[2025-12-11T00:40:25.158+0000] {processor.py:829} INFO - Processing file /home/airflow/.local/lib/python3.8/site-packages/airflow/example_dags/example_nested_branch_dag.py for tasks to queue
[2025-12-11T00:40:25.159+0000] {logging_mixin.py:154} INFO - [2025-12-11T00:40:25.159+0000] {dagbag.py:536} INFO - Filling up the DagBag from /home/airflow/.local/lib/python3.8/site-packages/airflow/example_dags/example_nested_branch_dag.py
[2025-12-11T00:40:25.165+0000] {processor.py:839} INFO - DAG(s) dict_keys(['example_nested_branch_dag']) retrieved from /home/airflow/.local/lib/python3.8/site-packages/airflow/example_dags/example_nested_branch_dag.py
[2025-12-11T00:40:25.181+0000] {logging_mixin.py:154} INFO - [2025-12-11T00:40:25.181+0000] {dag.py:2941} INFO - Sync 1 DAGs
[2025-12-11T00:40:25.195+0000] {logging_mixin.py:154} INFO - [2025-12-11T00:40:25.195+0000] {dag.py:3722} INFO - Setting next_dagrun for example_nested_branch_dag to 2025-12-10T00:00:00+00:00, run_after=2025-12-11T00:00:00+00:00
[2025-12-11T00:40:25.206+0000] {processor.py:179} INFO - Processing /home/airflow/.local/lib/python3.8/site-packages/airflow/example_dags/example_nested_branch_dag.py took 0.050 seconds
[2025-12-11T00:40:55.899+0000] {processor.py:157} INFO - Started process (PID=479) to work on /home/airflow/.local/lib/python3.8/site-packages/airflow/example_dags/example_nested_branch_dag.py
[2025-12-11T00:40:55.900+0000] {processor.py:829} INFO - Processing file /home/airflow/.local/lib/python3.8/site-packages/airflow/example_dags/example_nested_branch_dag.py for tasks to queue
[2025-12-11T00:40:55.901+0000] {logging_mixin.py:154} INFO - [2025-12-11T00:40:55.901+0000] {dagbag.py:536} INFO - Filling up the DagBag from /home/airflow/.local/lib/python3.8/site-packages/airflow/example_dags/example_nested_branch_dag.py
[2025-12-11T00:40:55.907+0000] {processor.py:839} INFO - DAG(s) dict_keys(['example_nested_branch_dag']) retrieved from /home/airflow/.local/lib/python3.8/site-packages/airflow/example_dags/example_nested_branch_dag.py
[2025-12-11T00:40:55.924+0000] {logging_mixin.py:154} INFO - [2025-12-11T00:40:55.923+0000] {dag.py:2941} INFO - Sync 1 DAGs
[2025-12-11T00:40:55.938+0000] {logging_mixin.py:154} INFO - [2025-12-11T00:40:55.938+0000] {dag.py:3722} INFO - Setting next_dagrun for example_nested_branch_dag to 2025-12-10T00:00:00+00:00, run_after=2025-12-11T00:00:00+00:00
[2025-12-11T00:40:55.949+0000] {processor.py:179} INFO - Processing /home/airflow/.local/lib/python3.8/site-packages/airflow/example_dags/example_nested_branch_dag.py took 0.052 seconds
[2025-12-11T00:41:33.051+0000] {processor.py:157} INFO - Started process (PID=534) to work on /home/airflow/.local/lib/python3.8/site-packages/airflow/example_dags/example_nested_branch_dag.py
[2025-12-11T00:41:33.052+0000] {processor.py:829} INFO - Processing file /home/airflow/.local/lib/python3.8/site-packages/airflow/example_dags/example_nested_branch_dag.py for tasks to queue
[2025-12-11T00:41:33.053+0000] {logging_mixin.py:154} INFO - [2025-12-11T00:41:33.053+0000] {dagbag.py:536} INFO - Filling up the DagBag from /home/airflow/.local/lib/python3.8/site-packages/airflow/example_dags/example_nested_branch_dag.py
[2025-12-11T00:41:33.072+0000] {processor.py:839} INFO - DAG(s) dict_keys(['example_nested_branch_dag']) retrieved from /home/airflow/.local/lib/python3.8/site-packages/airflow/example_dags/example_nested_branch_dag.py
[2025-12-11T00:41:33.091+0000] {logging_mixin.py:154} INFO - [2025-12-11T00:41:33.090+0000] {dag.py:2941} INFO - Sync 1 DAGs
[2025-12-11T00:41:33.104+0000] {logging_mixin.py:154} INFO - [2025-12-11T00:41:33.104+0000] {dag.py:3722} INFO - Setting next_dagrun for example_nested_branch_dag to 2025-12-10T00:00:00+00:00, run_after=2025-12-11T00:00:00+00:00
[2025-12-11T00:41:33.162+0000] {processor.py:179} INFO - Processing /home/airflow/.local/lib/python3.8/site-packages/airflow/example_dags/example_nested_branch_dag.py took 0.113 seconds
[2025-12-11T00:42:05.817+0000] {processor.py:157} INFO - Started process (PID=589) to work on /home/airflow/.local/lib/python3.8/site-packages/airflow/example_dags/example_nested_branch_dag.py
[2025-12-11T00:42:05.817+0000] {processor.py:829} INFO - Processing file /home/airflow/.local/lib/python3.8/site-packages/airflow/example_dags/example_nested_branch_dag.py for tasks to queue
[2025-12-11T00:42:05.818+0000] {logging_mixin.py:154} INFO - [2025-12-11T00:42:05.818+0000] {dagbag.py:536} INFO - Filling up the DagBag from /home/airflow/.local/lib/python3.8/site-packages/airflow/example_dags/example_nested_branch_dag.py
[2025-12-11T00:42:05.825+0000] {processor.py:839} INFO - DAG(s) dict_keys(['example_nested_branch_dag']) retrieved from /home/airflow/.local/lib/python3.8/site-packages/airflow/example_dags/example_nested_branch_dag.py
[2025-12-11T00:42:05.837+0000] {logging_mixin.py:154} INFO - [2025-12-11T00:42:05.837+0000] {dag.py:2941} INFO - Sync 1 DAGs
[2025-12-11T00:42:05.852+0000] {logging_mixin.py:154} INFO - [2025-12-11T00:42:05.852+0000] {dag.py:3722} INFO - Setting next_dagrun for example_nested_branch_dag to 2025-12-10T00:00:00+00:00, run_after=2025-12-11T00:00:00+00:00
[2025-12-11T00:42:05.867+0000] {processor.py:179} INFO - Processing /home/airflow/.local/lib/python3.8/site-packages/airflow/example_dags/example_nested_branch_dag.py took 0.052 seconds
[2025-12-11T00:42:36.644+0000] {processor.py:157} INFO - Started process (PID=644) to work on /home/airflow/.local/lib/python3.8/site-packages/airflow/example_dags/example_nested_branch_dag.py
[2025-12-11T00:42:36.645+0000] {processor.py:829} INFO - Processing file /home/airflow/.local/lib/python3.8/site-packages/airflow/example_dags/example_nested_branch_dag.py for tasks to queue
[2025-12-11T00:42:36.646+0000] {logging_mixin.py:154} INFO - [2025-12-11T00:42:36.646+0000] {dagbag.py:536} INFO - Filling up the DagBag from /home/airflow/.local/lib/python3.8/site-packages/airflow/example_dags/example_nested_branch_dag.py
[2025-12-11T00:42:36.655+0000] {processor.py:839} INFO - DAG(s) dict_keys(['example_nested_branch_dag']) retrieved from /home/airflow/.local/lib/python3.8/site-packages/airflow/example_dags/example_nested_branch_dag.py
[2025-12-11T00:42:36.678+0000] {logging_mixin.py:154} INFO - [2025-12-11T00:42:36.678+0000] {dag.py:2941} INFO - Sync 1 DAGs
[2025-12-11T00:42:36.697+0000] {logging_mixin.py:154} INFO - [2025-12-11T00:42:36.697+0000] {dag.py:3722} INFO - Setting next_dagrun for example_nested_branch_dag to 2025-12-10T00:00:00+00:00, run_after=2025-12-11T00:00:00+00:00
[2025-12-11T00:42:36.717+0000] {processor.py:179} INFO - Processing /home/airflow/.local/lib/python3.8/site-packages/airflow/example_dags/example_nested_branch_dag.py took 0.075 seconds
[2025-12-11T00:43:07.461+0000] {processor.py:157} INFO - Started process (PID=699) to work on /home/airflow/.local/lib/python3.8/site-packages/airflow/example_dags/example_nested_branch_dag.py
[2025-12-11T00:43:07.462+0000] {processor.py:829} INFO - Processing file /home/airflow/.local/lib/python3.8/site-packages/airflow/example_dags/example_nested_branch_dag.py for tasks to queue
[2025-12-11T00:43:07.463+0000] {logging_mixin.py:154} INFO - [2025-12-11T00:43:07.463+0000] {dagbag.py:536} INFO - Filling up the DagBag from /home/airflow/.local/lib/python3.8/site-packages/airflow/example_dags/example_nested_branch_dag.py
[2025-12-11T00:43:07.469+0000] {processor.py:839} INFO - DAG(s) dict_keys(['example_nested_branch_dag']) retrieved from /home/airflow/.local/lib/python3.8/site-packages/airflow/example_dags/example_nested_branch_dag.py
[2025-12-11T00:43:07.489+0000] {logging_mixin.py:154} INFO - [2025-12-11T00:43:07.489+0000] {dag.py:2941} INFO - Sync 1 DAGs
[2025-12-11T00:43:07.518+0000] {logging_mixin.py:154} INFO - [2025-12-11T00:43:07.518+0000] {dag.py:3722} INFO - Setting next_dagrun for example_nested_branch_dag to 2025-12-10T00:00:00+00:00, run_after=2025-12-11T00:00:00+00:00
[2025-12-11T00:43:07.540+0000] {processor.py:179} INFO - Processing /home/airflow/.local/lib/python3.8/site-packages/airflow/example_dags/example_nested_branch_dag.py took 0.080 seconds
[2025-12-11T00:43:37.559+0000] {processor.py:157} INFO - Started process (PID=754) to work on /home/airflow/.local/lib/python3.8/site-packages/airflow/example_dags/example_nested_branch_dag.py
[2025-12-11T00:43:37.559+0000] {processor.py:829} INFO - Processing file /home/airflow/.local/lib/python3.8/site-packages/airflow/example_dags/example_nested_branch_dag.py for tasks to queue
[2025-12-11T00:43:37.561+0000] {logging_mixin.py:154} INFO - [2025-12-11T00:43:37.561+0000] {dagbag.py:536} INFO - Filling up the DagBag from /home/airflow/.local/lib/python3.8/site-packages/airflow/example_dags/example_nested_branch_dag.py
[2025-12-11T00:43:37.567+0000] {processor.py:839} INFO - DAG(s) dict_keys(['example_nested_branch_dag']) retrieved from /home/airflow/.local/lib/python3.8/site-packages/airflow/example_dags/example_nested_branch_dag.py
[2025-12-11T00:43:37.584+0000] {logging_mixin.py:154} INFO - [2025-12-11T00:43:37.584+0000] {dag.py:2941} INFO - Sync 1 DAGs
[2025-12-11T00:43:37.599+0000] {logging_mixin.py:154} INFO - [2025-12-11T00:43:37.599+0000] {dag.py:3722} INFO - Setting next_dagrun for example_nested_branch_dag to 2025-12-10T00:00:00+00:00, run_after=2025-12-11T00:00:00+00:00
[2025-12-11T00:43:37.610+0000] {processor.py:179} INFO - Processing /home/airflow/.local/lib/python3.8/site-packages/airflow/example_dags/example_nested_branch_dag.py took 0.054 seconds
[2025-12-11T00:44:08.259+0000] {processor.py:157} INFO - Started process (PID=810) to work on /home/airflow/.local/lib/python3.8/site-packages/airflow/example_dags/example_nested_branch_dag.py
[2025-12-11T00:44:08.259+0000] {processor.py:829} INFO - Processing file /home/airflow/.local/lib/python3.8/site-packages/airflow/example_dags/example_nested_branch_dag.py for tasks to queue
[2025-12-11T00:44:08.260+0000] {logging_mixin.py:154} INFO - [2025-12-11T00:44:08.260+0000] {dagbag.py:536} INFO - Filling up the DagBag from /home/airflow/.local/lib/python3.8/site-packages/airflow/example_dags/example_nested_branch_dag.py
[2025-12-11T00:44:08.268+0000] {processor.py:839} INFO - DAG(s) dict_keys(['example_nested_branch_dag']) retrieved from /home/airflow/.local/lib/python3.8/site-packages/airflow/example_dags/example_nested_branch_dag.py
[2025-12-11T00:44:08.291+0000] {logging_mixin.py:154} INFO - [2025-12-11T00:44:08.291+0000] {dag.py:2941} INFO - Sync 1 DAGs
[2025-12-11T00:44:08.307+0000] {logging_mixin.py:154} INFO - [2025-12-11T00:44:08.307+0000] {dag.py:3722} INFO - Setting next_dagrun for example_nested_branch_dag to 2025-12-10T00:00:00+00:00, run_after=2025-12-11T00:00:00+00:00
[2025-12-11T00:44:08.319+0000] {processor.py:179} INFO - Processing /home/airflow/.local/lib/python3.8/site-packages/airflow/example_dags/example_nested_branch_dag.py took 0.063 seconds
[2025-12-11T00:44:38.774+0000] {processor.py:157} INFO - Started process (PID=865) to work on /home/airflow/.local/lib/python3.8/site-packages/airflow/example_dags/example_nested_branch_dag.py
[2025-12-11T00:44:38.775+0000] {processor.py:829} INFO - Processing file /home/airflow/.local/lib/python3.8/site-packages/airflow/example_dags/example_nested_branch_dag.py for tasks to queue
[2025-12-11T00:44:38.776+0000] {logging_mixin.py:154} INFO - [2025-12-11T00:44:38.775+0000] {dagbag.py:536} INFO - Filling up the DagBag from /home/airflow/.local/lib/python3.8/site-packages/airflow/example_dags/example_nested_branch_dag.py
[2025-12-11T00:44:38.781+0000] {processor.py:839} INFO - DAG(s) dict_keys(['example_nested_branch_dag']) retrieved from /home/airflow/.local/lib/python3.8/site-packages/airflow/example_dags/example_nested_branch_dag.py
[2025-12-11T00:44:38.797+0000] {logging_mixin.py:154} INFO - [2025-12-11T00:44:38.797+0000] {dag.py:2941} INFO - Sync 1 DAGs
[2025-12-11T00:44:38.810+0000] {logging_mixin.py:154} INFO - [2025-12-11T00:44:38.810+0000] {dag.py:3722} INFO - Setting next_dagrun for example_nested_branch_dag to 2025-12-10T00:00:00+00:00, run_after=2025-12-11T00:00:00+00:00
[2025-12-11T00:44:38.820+0000] {processor.py:179} INFO - Processing /home/airflow/.local/lib/python3.8/site-packages/airflow/example_dags/example_nested_branch_dag.py took 0.047 seconds
[2025-12-11T00:45:09.223+0000] {processor.py:157} INFO - Started process (PID=920) to work on /home/airflow/.local/lib/python3.8/site-packages/airflow/example_dags/example_nested_branch_dag.py
[2025-12-11T00:45:09.223+0000] {processor.py:829} INFO - Processing file /home/airflow/.local/lib/python3.8/site-packages/airflow/example_dags/example_nested_branch_dag.py for tasks to queue
[2025-12-11T00:45:09.224+0000] {logging_mixin.py:154} INFO - [2025-12-11T00:45:09.224+0000] {dagbag.py:536} INFO - Filling up the DagBag from /home/airflow/.local/lib/python3.8/site-packages/airflow/example_dags/example_nested_branch_dag.py
[2025-12-11T00:45:09.230+0000] {processor.py:839} INFO - DAG(s) dict_keys(['example_nested_branch_dag']) retrieved from /home/airflow/.local/lib/python3.8/site-packages/airflow/example_dags/example_nested_branch_dag.py
[2025-12-11T00:45:09.254+0000] {logging_mixin.py:154} INFO - [2025-12-11T00:45:09.254+0000] {dag.py:2941} INFO - Sync 1 DAGs
[2025-12-11T00:45:09.269+0000] {logging_mixin.py:154} INFO - [2025-12-11T00:45:09.269+0000] {dag.py:3722} INFO - Setting next_dagrun for example_nested_branch_dag to 2025-12-10T00:00:00+00:00, run_after=2025-12-11T00:00:00+00:00
[2025-12-11T00:45:09.280+0000] {processor.py:179} INFO - Processing /home/airflow/.local/lib/python3.8/site-packages/airflow/example_dags/example_nested_branch_dag.py took 0.060 seconds
[2025-12-11T00:45:39.696+0000] {processor.py:157} INFO - Started process (PID=975) to work on /home/airflow/.local/lib/python3.8/site-packages/airflow/example_dags/example_nested_branch_dag.py
[2025-12-11T00:45:39.697+0000] {processor.py:829} INFO - Processing file /home/airflow/.local/lib/python3.8/site-packages/airflow/example_dags/example_nested_branch_dag.py for tasks to queue
[2025-12-11T00:45:39.698+0000] {logging_mixin.py:154} INFO - [2025-12-11T00:45:39.698+0000] {dagbag.py:536} INFO - Filling up the DagBag from /home/airflow/.local/lib/python3.8/site-packages/airflow/example_dags/example_nested_branch_dag.py
[2025-12-11T00:45:39.705+0000] {processor.py:839} INFO - DAG(s) dict_keys(['example_nested_branch_dag']) retrieved from /home/airflow/.local/lib/python3.8/site-packages/airflow/example_dags/example_nested_branch_dag.py
[2025-12-11T00:45:39.719+0000] {logging_mixin.py:154} INFO - [2025-12-11T00:45:39.719+0000] {dag.py:2941} INFO - Sync 1 DAGs
[2025-12-11T00:45:39.732+0000] {logging_mixin.py:154} INFO - [2025-12-11T00:45:39.731+0000] {dag.py:3722} INFO - Setting next_dagrun for example_nested_branch_dag to 2025-12-10T00:00:00+00:00, run_after=2025-12-11T00:00:00+00:00
[2025-12-11T00:45:39.742+0000] {processor.py:179} INFO - Processing /home/airflow/.local/lib/python3.8/site-packages/airflow/example_dags/example_nested_branch_dag.py took 0.048 seconds
[2025-12-11T00:46:10.170+0000] {processor.py:157} INFO - Started process (PID=1030) to work on /home/airflow/.local/lib/python3.8/site-packages/airflow/example_dags/example_nested_branch_dag.py
[2025-12-11T00:46:10.171+0000] {processor.py:829} INFO - Processing file /home/airflow/.local/lib/python3.8/site-packages/airflow/example_dags/example_nested_branch_dag.py for tasks to queue
[2025-12-11T00:46:10.172+0000] {logging_mixin.py:154} INFO - [2025-12-11T00:46:10.172+0000] {dagbag.py:536} INFO - Filling up the DagBag from /home/airflow/.local/lib/python3.8/site-packages/airflow/example_dags/example_nested_branch_dag.py
[2025-12-11T00:46:10.178+0000] {processor.py:839} INFO - DAG(s) dict_keys(['example_nested_branch_dag']) retrieved from /home/airflow/.local/lib/python3.8/site-packages/airflow/example_dags/example_nested_branch_dag.py
[2025-12-11T00:46:10.195+0000] {logging_mixin.py:154} INFO - [2025-12-11T00:46:10.195+0000] {dag.py:2941} INFO - Sync 1 DAGs
[2025-12-11T00:46:10.209+0000] {logging_mixin.py:154} INFO - [2025-12-11T00:46:10.209+0000] {dag.py:3722} INFO - Setting next_dagrun for example_nested_branch_dag to 2025-12-10T00:00:00+00:00, run_after=2025-12-11T00:00:00+00:00
[2025-12-11T00:46:10.221+0000] {processor.py:179} INFO - Processing /home/airflow/.local/lib/python3.8/site-packages/airflow/example_dags/example_nested_branch_dag.py took 0.053 seconds
[2025-12-11T00:46:40.775+0000] {processor.py:157} INFO - Started process (PID=1085) to work on /home/airflow/.local/lib/python3.8/site-packages/airflow/example_dags/example_nested_branch_dag.py
[2025-12-11T00:46:40.776+0000] {processor.py:829} INFO - Processing file /home/airflow/.local/lib/python3.8/site-packages/airflow/example_dags/example_nested_branch_dag.py for tasks to queue
[2025-12-11T00:46:40.777+0000] {logging_mixin.py:154} INFO - [2025-12-11T00:46:40.777+0000] {dagbag.py:536} INFO - Filling up the DagBag from /home/airflow/.local/lib/python3.8/site-packages/airflow/example_dags/example_nested_branch_dag.py
[2025-12-11T00:46:40.788+0000] {processor.py:839} INFO - DAG(s) dict_keys(['example_nested_branch_dag']) retrieved from /home/airflow/.local/lib/python3.8/site-packages/airflow/example_dags/example_nested_branch_dag.py
[2025-12-11T00:46:40.803+0000] {logging_mixin.py:154} INFO - [2025-12-11T00:46:40.803+0000] {dag.py:2941} INFO - Sync 1 DAGs
[2025-12-11T00:46:40.818+0000] {logging_mixin.py:154} INFO - [2025-12-11T00:46:40.818+0000] {dag.py:3722} INFO - Setting next_dagrun for example_nested_branch_dag to 2025-12-10T00:00:00+00:00, run_after=2025-12-11T00:00:00+00:00
[2025-12-11T00:46:40.831+0000] {processor.py:179} INFO - Processing /home/airflow/.local/lib/python3.8/site-packages/airflow/example_dags/example_nested_branch_dag.py took 0.059 seconds
[2025-12-11T00:47:11.347+0000] {processor.py:157} INFO - Started process (PID=1140) to work on /home/airflow/.local/lib/python3.8/site-packages/airflow/example_dags/example_nested_branch_dag.py
[2025-12-11T00:47:11.348+0000] {processor.py:829} INFO - Processing file /home/airflow/.local/lib/python3.8/site-packages/airflow/example_dags/example_nested_branch_dag.py for tasks to queue
[2025-12-11T00:47:11.349+0000] {logging_mixin.py:154} INFO - [2025-12-11T00:47:11.349+0000] {dagbag.py:536} INFO - Filling up the DagBag from /home/airflow/.local/lib/python3.8/site-packages/airflow/example_dags/example_nested_branch_dag.py
[2025-12-11T00:47:11.355+0000] {processor.py:839} INFO - DAG(s) dict_keys(['example_nested_branch_dag']) retrieved from /home/airflow/.local/lib/python3.8/site-packages/airflow/example_dags/example_nested_branch_dag.py
[2025-12-11T00:47:11.369+0000] {logging_mixin.py:154} INFO - [2025-12-11T00:47:11.369+0000] {dag.py:2941} INFO - Sync 1 DAGs
[2025-12-11T00:47:11.382+0000] {logging_mixin.py:154} INFO - [2025-12-11T00:47:11.382+0000] {dag.py:3722} INFO - Setting next_dagrun for example_nested_branch_dag to 2025-12-10T00:00:00+00:00, run_after=2025-12-11T00:00:00+00:00
[2025-12-11T00:47:11.392+0000] {processor.py:179} INFO - Processing /home/airflow/.local/lib/python3.8/site-packages/airflow/example_dags/example_nested_branch_dag.py took 0.046 seconds
[2025-12-11T00:47:41.997+0000] {processor.py:157} INFO - Started process (PID=1195) to work on /home/airflow/.local/lib/python3.8/site-packages/airflow/example_dags/example_nested_branch_dag.py
[2025-12-11T00:47:41.997+0000] {processor.py:829} INFO - Processing file /home/airflow/.local/lib/python3.8/site-packages/airflow/example_dags/example_nested_branch_dag.py for tasks to queue
[2025-12-11T00:47:41.999+0000] {logging_mixin.py:154} INFO - [2025-12-11T00:47:41.998+0000] {dagbag.py:536} INFO - Filling up the DagBag from /home/airflow/.local/lib/python3.8/site-packages/airflow/example_dags/example_nested_branch_dag.py
[2025-12-11T00:47:42.004+0000] {processor.py:839} INFO - DAG(s) dict_keys(['example_nested_branch_dag']) retrieved from /home/airflow/.local/lib/python3.8/site-packages/airflow/example_dags/example_nested_branch_dag.py
[2025-12-11T00:47:42.019+0000] {logging_mixin.py:154} INFO - [2025-12-11T00:47:42.019+0000] {dag.py:2941} INFO - Sync 1 DAGs
[2025-12-11T00:47:42.032+0000] {logging_mixin.py:154} INFO - [2025-12-11T00:47:42.032+0000] {dag.py:3722} INFO - Setting next_dagrun for example_nested_branch_dag to 2025-12-10T00:00:00+00:00, run_after=2025-12-11T00:00:00+00:00
[2025-12-11T00:47:42.050+0000] {processor.py:179} INFO - Processing /home/airflow/.local/lib/python3.8/site-packages/airflow/example_dags/example_nested_branch_dag.py took 0.055 seconds
[2025-12-11T00:48:12.196+0000] {processor.py:157} INFO - Started process (PID=1250) to work on /home/airflow/.local/lib/python3.8/site-packages/airflow/example_dags/example_nested_branch_dag.py
[2025-12-11T00:48:12.197+0000] {processor.py:829} INFO - Processing file /home/airflow/.local/lib/python3.8/site-packages/airflow/example_dags/example_nested_branch_dag.py for tasks to queue
[2025-12-11T00:48:12.198+0000] {logging_mixin.py:154} INFO - [2025-12-11T00:48:12.198+0000] {dagbag.py:536} INFO - Filling up the DagBag from /home/airflow/.local/lib/python3.8/site-packages/airflow/example_dags/example_nested_branch_dag.py
[2025-12-11T00:48:12.204+0000] {processor.py:839} INFO - DAG(s) dict_keys(['example_nested_branch_dag']) retrieved from /home/airflow/.local/lib/python3.8/site-packages/airflow/example_dags/example_nested_branch_dag.py
[2025-12-11T00:48:12.219+0000] {logging_mixin.py:154} INFO - [2025-12-11T00:48:12.219+0000] {dag.py:2941} INFO - Sync 1 DAGs
[2025-12-11T00:48:12.233+0000] {logging_mixin.py:154} INFO - [2025-12-11T00:48:12.233+0000] {dag.py:3722} INFO - Setting next_dagrun for example_nested_branch_dag to 2025-12-10T00:00:00+00:00, run_after=2025-12-11T00:00:00+00:00
[2025-12-11T00:48:12.244+0000] {processor.py:179} INFO - Processing /home/airflow/.local/lib/python3.8/site-packages/airflow/example_dags/example_nested_branch_dag.py took 0.050 seconds
[2025-12-11T00:48:43.060+0000] {processor.py:157} INFO - Started process (PID=1305) to work on /home/airflow/.local/lib/python3.8/site-packages/airflow/example_dags/example_nested_branch_dag.py
[2025-12-11T00:48:43.060+0000] {processor.py:829} INFO - Processing file /home/airflow/.local/lib/python3.8/site-packages/airflow/example_dags/example_nested_branch_dag.py for tasks to queue
[2025-12-11T00:48:43.061+0000] {logging_mixin.py:154} INFO - [2025-12-11T00:48:43.061+0000] {dagbag.py:536} INFO - Filling up the DagBag from /home/airflow/.local/lib/python3.8/site-packages/airflow/example_dags/example_nested_branch_dag.py
[2025-12-11T00:48:43.067+0000] {processor.py:839} INFO - DAG(s) dict_keys(['example_nested_branch_dag']) retrieved from /home/airflow/.local/lib/python3.8/site-packages/airflow/example_dags/example_nested_branch_dag.py
[2025-12-11T00:48:43.088+0000] {logging_mixin.py:154} INFO - [2025-12-11T00:48:43.088+0000] {dag.py:2941} INFO - Sync 1 DAGs
[2025-12-11T00:48:43.108+0000] {logging_mixin.py:154} INFO - [2025-12-11T00:48:43.108+0000] {dag.py:3722} INFO - Setting next_dagrun for example_nested_branch_dag to 2025-12-10T00:00:00+00:00, run_after=2025-12-11T00:00:00+00:00
[2025-12-11T00:48:43.124+0000] {processor.py:179} INFO - Processing /home/airflow/.local/lib/python3.8/site-packages/airflow/example_dags/example_nested_branch_dag.py took 0.067 seconds
[2025-12-11T00:49:13.658+0000] {processor.py:157} INFO - Started process (PID=1360) to work on /home/airflow/.local/lib/python3.8/site-packages/airflow/example_dags/example_nested_branch_dag.py
[2025-12-11T00:49:13.659+0000] {processor.py:829} INFO - Processing file /home/airflow/.local/lib/python3.8/site-packages/airflow/example_dags/example_nested_branch_dag.py for tasks to queue
[2025-12-11T00:49:13.660+0000] {logging_mixin.py:154} INFO - [2025-12-11T00:49:13.660+0000] {dagbag.py:536} INFO - Filling up the DagBag from /home/airflow/.local/lib/python3.8/site-packages/airflow/example_dags/example_nested_branch_dag.py
[2025-12-11T00:49:13.666+0000] {processor.py:839} INFO - DAG(s) dict_keys(['example_nested_branch_dag']) retrieved from /home/airflow/.local/lib/python3.8/site-packages/airflow/example_dags/example_nested_branch_dag.py
[2025-12-11T00:49:13.687+0000] {logging_mixin.py:154} INFO - [2025-12-11T00:49:13.687+0000] {dag.py:2941} INFO - Sync 1 DAGs
[2025-12-11T00:49:13.704+0000] {logging_mixin.py:154} INFO - [2025-12-11T00:49:13.704+0000] {dag.py:3722} INFO - Setting next_dagrun for example_nested_branch_dag to 2025-12-10T00:00:00+00:00, run_after=2025-12-11T00:00:00+00:00
[2025-12-11T00:49:13.715+0000] {processor.py:179} INFO - Processing /home/airflow/.local/lib/python3.8/site-packages/airflow/example_dags/example_nested_branch_dag.py took 0.058 seconds
[2025-12-11T00:49:43.952+0000] {processor.py:157} INFO - Started process (PID=1415) to work on /home/airflow/.local/lib/python3.8/site-packages/airflow/example_dags/example_nested_branch_dag.py
[2025-12-11T00:49:43.953+0000] {processor.py:829} INFO - Processing file /home/airflow/.local/lib/python3.8/site-packages/airflow/example_dags/example_nested_branch_dag.py for tasks to queue
[2025-12-11T00:49:43.954+0000] {logging_mixin.py:154} INFO - [2025-12-11T00:49:43.954+0000] {dagbag.py:536} INFO - Filling up the DagBag from /home/airflow/.local/lib/python3.8/site-packages/airflow/example_dags/example_nested_branch_dag.py
[2025-12-11T00:49:43.962+0000] {processor.py:839} INFO - DAG(s) dict_keys(['example_nested_branch_dag']) retrieved from /home/airflow/.local/lib/python3.8/site-packages/airflow/example_dags/example_nested_branch_dag.py
[2025-12-11T00:49:43.984+0000] {logging_mixin.py:154} INFO - [2025-12-11T00:49:43.984+0000] {dag.py:2941} INFO - Sync 1 DAGs
[2025-12-11T00:49:43.998+0000] {logging_mixin.py:154} INFO - [2025-12-11T00:49:43.998+0000] {dag.py:3722} INFO - Setting next_dagrun for example_nested_branch_dag to 2025-12-10T00:00:00+00:00, run_after=2025-12-11T00:00:00+00:00
[2025-12-11T00:49:44.010+0000] {processor.py:179} INFO - Processing /home/airflow/.local/lib/python3.8/site-packages/airflow/example_dags/example_nested_branch_dag.py took 0.061 seconds
[2025-12-11T00:50:14.120+0000] {processor.py:157} INFO - Started process (PID=1470) to work on /home/airflow/.local/lib/python3.8/site-packages/airflow/example_dags/example_nested_branch_dag.py
[2025-12-11T00:50:14.120+0000] {processor.py:829} INFO - Processing file /home/airflow/.local/lib/python3.8/site-packages/airflow/example_dags/example_nested_branch_dag.py for tasks to queue
[2025-12-11T00:50:14.122+0000] {logging_mixin.py:154} INFO - [2025-12-11T00:50:14.122+0000] {dagbag.py:536} INFO - Filling up the DagBag from /home/airflow/.local/lib/python3.8/site-packages/airflow/example_dags/example_nested_branch_dag.py
[2025-12-11T00:50:14.128+0000] {processor.py:839} INFO - DAG(s) dict_keys(['example_nested_branch_dag']) retrieved from /home/airflow/.local/lib/python3.8/site-packages/airflow/example_dags/example_nested_branch_dag.py
[2025-12-11T00:50:14.143+0000] {logging_mixin.py:154} INFO - [2025-12-11T00:50:14.143+0000] {dag.py:2941} INFO - Sync 1 DAGs
[2025-12-11T00:50:14.159+0000] {logging_mixin.py:154} INFO - [2025-12-11T00:50:14.158+0000] {dag.py:3722} INFO - Setting next_dagrun for example_nested_branch_dag to 2025-12-10T00:00:00+00:00, run_after=2025-12-11T00:00:00+00:00
[2025-12-11T00:50:14.169+0000] {processor.py:179} INFO - Processing /home/airflow/.local/lib/python3.8/site-packages/airflow/example_dags/example_nested_branch_dag.py took 0.051 seconds
[2025-12-11T00:50:44.430+0000] {processor.py:157} INFO - Started process (PID=1525) to work on /home/airflow/.local/lib/python3.8/site-packages/airflow/example_dags/example_nested_branch_dag.py
[2025-12-11T00:50:44.430+0000] {processor.py:829} INFO - Processing file /home/airflow/.local/lib/python3.8/site-packages/airflow/example_dags/example_nested_branch_dag.py for tasks to queue
[2025-12-11T00:50:44.432+0000] {logging_mixin.py:154} INFO - [2025-12-11T00:50:44.431+0000] {dagbag.py:536} INFO - Filling up the DagBag from /home/airflow/.local/lib/python3.8/site-packages/airflow/example_dags/example_nested_branch_dag.py
[2025-12-11T00:50:44.438+0000] {processor.py:839} INFO - DAG(s) dict_keys(['example_nested_branch_dag']) retrieved from /home/airflow/.local/lib/python3.8/site-packages/airflow/example_dags/example_nested_branch_dag.py
[2025-12-11T00:50:44.452+0000] {logging_mixin.py:154} INFO - [2025-12-11T00:50:44.452+0000] {dag.py:2941} INFO - Sync 1 DAGs
[2025-12-11T00:50:44.467+0000] {logging_mixin.py:154} INFO - [2025-12-11T00:50:44.467+0000] {dag.py:3722} INFO - Setting next_dagrun for example_nested_branch_dag to 2025-12-10T00:00:00+00:00, run_after=2025-12-11T00:00:00+00:00
[2025-12-11T00:50:44.479+0000] {processor.py:179} INFO - Processing /home/airflow/.local/lib/python3.8/site-packages/airflow/example_dags/example_nested_branch_dag.py took 0.051 seconds
[2025-12-11T00:51:15.179+0000] {processor.py:157} INFO - Started process (PID=1580) to work on /home/airflow/.local/lib/python3.8/site-packages/airflow/example_dags/example_nested_branch_dag.py
[2025-12-11T00:51:15.181+0000] {processor.py:829} INFO - Processing file /home/airflow/.local/lib/python3.8/site-packages/airflow/example_dags/example_nested_branch_dag.py for tasks to queue
[2025-12-11T00:51:15.183+0000] {logging_mixin.py:154} INFO - [2025-12-11T00:51:15.182+0000] {dagbag.py:536} INFO - Filling up the DagBag from /home/airflow/.local/lib/python3.8/site-packages/airflow/example_dags/example_nested_branch_dag.py
[2025-12-11T00:51:15.190+0000] {processor.py:839} INFO - DAG(s) dict_keys(['example_nested_branch_dag']) retrieved from /home/airflow/.local/lib/python3.8/site-packages/airflow/example_dags/example_nested_branch_dag.py
[2025-12-11T00:51:15.205+0000] {logging_mixin.py:154} INFO - [2025-12-11T00:51:15.205+0000] {dag.py:2941} INFO - Sync 1 DAGs
[2025-12-11T00:51:15.220+0000] {logging_mixin.py:154} INFO - [2025-12-11T00:51:15.219+0000] {dag.py:3722} INFO - Setting next_dagrun for example_nested_branch_dag to 2025-12-10T00:00:00+00:00, run_after=2025-12-11T00:00:00+00:00
[2025-12-11T00:51:15.235+0000] {processor.py:179} INFO - Processing /home/airflow/.local/lib/python3.8/site-packages/airflow/example_dags/example_nested_branch_dag.py took 0.059 seconds
[2025-12-11T00:51:45.282+0000] {processor.py:157} INFO - Started process (PID=1635) to work on /home/airflow/.local/lib/python3.8/site-packages/airflow/example_dags/example_nested_branch_dag.py
[2025-12-11T00:51:45.283+0000] {processor.py:829} INFO - Processing file /home/airflow/.local/lib/python3.8/site-packages/airflow/example_dags/example_nested_branch_dag.py for tasks to queue
[2025-12-11T00:51:45.285+0000] {logging_mixin.py:154} INFO - [2025-12-11T00:51:45.284+0000] {dagbag.py:536} INFO - Filling up the DagBag from /home/airflow/.local/lib/python3.8/site-packages/airflow/example_dags/example_nested_branch_dag.py
[2025-12-11T00:51:45.292+0000] {processor.py:839} INFO - DAG(s) dict_keys(['example_nested_branch_dag']) retrieved from /home/airflow/.local/lib/python3.8/site-packages/airflow/example_dags/example_nested_branch_dag.py
[2025-12-11T00:51:45.305+0000] {logging_mixin.py:154} INFO - [2025-12-11T00:51:45.305+0000] {dag.py:2941} INFO - Sync 1 DAGs
[2025-12-11T00:51:45.319+0000] {logging_mixin.py:154} INFO - [2025-12-11T00:51:45.319+0000] {dag.py:3722} INFO - Setting next_dagrun for example_nested_branch_dag to 2025-12-10T00:00:00+00:00, run_after=2025-12-11T00:00:00+00:00
[2025-12-11T00:51:45.332+0000] {processor.py:179} INFO - Processing /home/airflow/.local/lib/python3.8/site-packages/airflow/example_dags/example_nested_branch_dag.py took 0.052 seconds
[2025-12-11T00:52:15.433+0000] {processor.py:157} INFO - Started process (PID=1690) to work on /home/airflow/.local/lib/python3.8/site-packages/airflow/example_dags/example_nested_branch_dag.py
[2025-12-11T00:52:15.433+0000] {processor.py:829} INFO - Processing file /home/airflow/.local/lib/python3.8/site-packages/airflow/example_dags/example_nested_branch_dag.py for tasks to queue
[2025-12-11T00:52:15.435+0000] {logging_mixin.py:154} INFO - [2025-12-11T00:52:15.434+0000] {dagbag.py:536} INFO - Filling up the DagBag from /home/airflow/.local/lib/python3.8/site-packages/airflow/example_dags/example_nested_branch_dag.py
[2025-12-11T00:52:15.441+0000] {processor.py:839} INFO - DAG(s) dict_keys(['example_nested_branch_dag']) retrieved from /home/airflow/.local/lib/python3.8/site-packages/airflow/example_dags/example_nested_branch_dag.py
[2025-12-11T00:52:15.461+0000] {logging_mixin.py:154} INFO - [2025-12-11T00:52:15.460+0000] {dag.py:2941} INFO - Sync 1 DAGs
[2025-12-11T00:52:15.480+0000] {logging_mixin.py:154} INFO - [2025-12-11T00:52:15.480+0000] {dag.py:3722} INFO - Setting next_dagrun for example_nested_branch_dag to 2025-12-10T00:00:00+00:00, run_after=2025-12-11T00:00:00+00:00
[2025-12-11T00:52:15.492+0000] {processor.py:179} INFO - Processing /home/airflow/.local/lib/python3.8/site-packages/airflow/example_dags/example_nested_branch_dag.py took 0.061 seconds
[2025-12-11T00:52:45.611+0000] {processor.py:157} INFO - Started process (PID=1745) to work on /home/airflow/.local/lib/python3.8/site-packages/airflow/example_dags/example_nested_branch_dag.py
[2025-12-11T00:52:45.611+0000] {processor.py:829} INFO - Processing file /home/airflow/.local/lib/python3.8/site-packages/airflow/example_dags/example_nested_branch_dag.py for tasks to queue
[2025-12-11T00:52:45.612+0000] {logging_mixin.py:154} INFO - [2025-12-11T00:52:45.612+0000] {dagbag.py:536} INFO - Filling up the DagBag from /home/airflow/.local/lib/python3.8/site-packages/airflow/example_dags/example_nested_branch_dag.py
[2025-12-11T00:52:45.619+0000] {processor.py:839} INFO - DAG(s) dict_keys(['example_nested_branch_dag']) retrieved from /home/airflow/.local/lib/python3.8/site-packages/airflow/example_dags/example_nested_branch_dag.py
[2025-12-11T00:52:45.637+0000] {logging_mixin.py:154} INFO - [2025-12-11T00:52:45.637+0000] {dag.py:2941} INFO - Sync 1 DAGs
[2025-12-11T00:52:45.654+0000] {logging_mixin.py:154} INFO - [2025-12-11T00:52:45.654+0000] {dag.py:3722} INFO - Setting next_dagrun for example_nested_branch_dag to 2025-12-10T00:00:00+00:00, run_after=2025-12-11T00:00:00+00:00
[2025-12-11T00:52:45.668+0000] {processor.py:179} INFO - Processing /home/airflow/.local/lib/python3.8/site-packages/airflow/example_dags/example_nested_branch_dag.py took 0.061 seconds
[2025-12-11T00:53:16.333+0000] {processor.py:157} INFO - Started process (PID=1800) to work on /home/airflow/.local/lib/python3.8/site-packages/airflow/example_dags/example_nested_branch_dag.py
[2025-12-11T00:53:16.334+0000] {processor.py:829} INFO - Processing file /home/airflow/.local/lib/python3.8/site-packages/airflow/example_dags/example_nested_branch_dag.py for tasks to queue
[2025-12-11T00:53:16.336+0000] {logging_mixin.py:154} INFO - [2025-12-11T00:53:16.336+0000] {dagbag.py:536} INFO - Filling up the DagBag from /home/airflow/.local/lib/python3.8/site-packages/airflow/example_dags/example_nested_branch_dag.py
[2025-12-11T00:53:16.343+0000] {processor.py:839} INFO - DAG(s) dict_keys(['example_nested_branch_dag']) retrieved from /home/airflow/.local/lib/python3.8/site-packages/airflow/example_dags/example_nested_branch_dag.py
[2025-12-11T00:53:16.361+0000] {logging_mixin.py:154} INFO - [2025-12-11T00:53:16.361+0000] {dag.py:2941} INFO - Sync 1 DAGs
[2025-12-11T00:53:16.386+0000] {logging_mixin.py:154} INFO - [2025-12-11T00:53:16.386+0000] {dag.py:3722} INFO - Setting next_dagrun for example_nested_branch_dag to 2025-12-10T00:00:00+00:00, run_after=2025-12-11T00:00:00+00:00
[2025-12-11T00:53:16.402+0000] {processor.py:179} INFO - Processing /home/airflow/.local/lib/python3.8/site-packages/airflow/example_dags/example_nested_branch_dag.py took 0.071 seconds
[2025-12-11T00:53:46.916+0000] {processor.py:157} INFO - Started process (PID=1855) to work on /home/airflow/.local/lib/python3.8/site-packages/airflow/example_dags/example_nested_branch_dag.py
[2025-12-11T00:53:46.916+0000] {processor.py:829} INFO - Processing file /home/airflow/.local/lib/python3.8/site-packages/airflow/example_dags/example_nested_branch_dag.py for tasks to queue
[2025-12-11T00:53:46.918+0000] {logging_mixin.py:154} INFO - [2025-12-11T00:53:46.917+0000] {dagbag.py:536} INFO - Filling up the DagBag from /home/airflow/.local/lib/python3.8/site-packages/airflow/example_dags/example_nested_branch_dag.py
[2025-12-11T00:53:46.933+0000] {processor.py:839} INFO - DAG(s) dict_keys(['example_nested_branch_dag']) retrieved from /home/airflow/.local/lib/python3.8/site-packages/airflow/example_dags/example_nested_branch_dag.py
[2025-12-11T00:53:46.948+0000] {logging_mixin.py:154} INFO - [2025-12-11T00:53:46.948+0000] {dag.py:2941} INFO - Sync 1 DAGs
[2025-12-11T00:53:46.964+0000] {logging_mixin.py:154} INFO - [2025-12-11T00:53:46.964+0000] {dag.py:3722} INFO - Setting next_dagrun for example_nested_branch_dag to 2025-12-10T00:00:00+00:00, run_after=2025-12-11T00:00:00+00:00
[2025-12-11T00:53:46.990+0000] {processor.py:179} INFO - Processing /home/airflow/.local/lib/python3.8/site-packages/airflow/example_dags/example_nested_branch_dag.py took 0.077 seconds
[2025-12-11T00:54:17.305+0000] {processor.py:157} INFO - Started process (PID=1911) to work on /home/airflow/.local/lib/python3.8/site-packages/airflow/example_dags/example_nested_branch_dag.py
[2025-12-11T00:54:17.306+0000] {processor.py:829} INFO - Processing file /home/airflow/.local/lib/python3.8/site-packages/airflow/example_dags/example_nested_branch_dag.py for tasks to queue
[2025-12-11T00:54:17.307+0000] {logging_mixin.py:154} INFO - [2025-12-11T00:54:17.307+0000] {dagbag.py:536} INFO - Filling up the DagBag from /home/airflow/.local/lib/python3.8/site-packages/airflow/example_dags/example_nested_branch_dag.py
[2025-12-11T00:54:17.314+0000] {processor.py:839} INFO - DAG(s) dict_keys(['example_nested_branch_dag']) retrieved from /home/airflow/.local/lib/python3.8/site-packages/airflow/example_dags/example_nested_branch_dag.py
[2025-12-11T00:54:17.331+0000] {logging_mixin.py:154} INFO - [2025-12-11T00:54:17.330+0000] {dag.py:2941} INFO - Sync 1 DAGs
[2025-12-11T00:54:17.345+0000] {logging_mixin.py:154} INFO - [2025-12-11T00:54:17.345+0000] {dag.py:3722} INFO - Setting next_dagrun for example_nested_branch_dag to 2025-12-10T00:00:00+00:00, run_after=2025-12-11T00:00:00+00:00
[2025-12-11T00:54:17.356+0000] {processor.py:179} INFO - Processing /home/airflow/.local/lib/python3.8/site-packages/airflow/example_dags/example_nested_branch_dag.py took 0.054 seconds
[2025-12-11T00:54:47.682+0000] {processor.py:157} INFO - Started process (PID=1966) to work on /home/airflow/.local/lib/python3.8/site-packages/airflow/example_dags/example_nested_branch_dag.py
[2025-12-11T00:54:47.682+0000] {processor.py:829} INFO - Processing file /home/airflow/.local/lib/python3.8/site-packages/airflow/example_dags/example_nested_branch_dag.py for tasks to queue
[2025-12-11T00:54:47.683+0000] {logging_mixin.py:154} INFO - [2025-12-11T00:54:47.683+0000] {dagbag.py:536} INFO - Filling up the DagBag from /home/airflow/.local/lib/python3.8/site-packages/airflow/example_dags/example_nested_branch_dag.py
[2025-12-11T00:54:47.691+0000] {processor.py:839} INFO - DAG(s) dict_keys(['example_nested_branch_dag']) retrieved from /home/airflow/.local/lib/python3.8/site-packages/airflow/example_dags/example_nested_branch_dag.py
[2025-12-11T00:54:47.704+0000] {logging_mixin.py:154} INFO - [2025-12-11T00:54:47.704+0000] {dag.py:2941} INFO - Sync 1 DAGs
[2025-12-11T00:54:47.718+0000] {logging_mixin.py:154} INFO - [2025-12-11T00:54:47.718+0000] {dag.py:3722} INFO - Setting next_dagrun for example_nested_branch_dag to 2025-12-10T00:00:00+00:00, run_after=2025-12-11T00:00:00+00:00
[2025-12-11T00:54:47.729+0000] {processor.py:179} INFO - Processing /home/airflow/.local/lib/python3.8/site-packages/airflow/example_dags/example_nested_branch_dag.py took 0.050 seconds
[2025-12-11T00:55:17.974+0000] {processor.py:157} INFO - Started process (PID=2021) to work on /home/airflow/.local/lib/python3.8/site-packages/airflow/example_dags/example_nested_branch_dag.py
[2025-12-11T00:55:17.989+0000] {processor.py:829} INFO - Processing file /home/airflow/.local/lib/python3.8/site-packages/airflow/example_dags/example_nested_branch_dag.py for tasks to queue
[2025-12-11T00:55:17.991+0000] {logging_mixin.py:154} INFO - [2025-12-11T00:55:17.990+0000] {dagbag.py:536} INFO - Filling up the DagBag from /home/airflow/.local/lib/python3.8/site-packages/airflow/example_dags/example_nested_branch_dag.py
[2025-12-11T00:55:17.997+0000] {processor.py:839} INFO - DAG(s) dict_keys(['example_nested_branch_dag']) retrieved from /home/airflow/.local/lib/python3.8/site-packages/airflow/example_dags/example_nested_branch_dag.py
[2025-12-11T00:55:18.010+0000] {logging_mixin.py:154} INFO - [2025-12-11T00:55:18.010+0000] {dag.py:2941} INFO - Sync 1 DAGs
[2025-12-11T00:55:18.025+0000] {logging_mixin.py:154} INFO - [2025-12-11T00:55:18.025+0000] {dag.py:3722} INFO - Setting next_dagrun for example_nested_branch_dag to 2025-12-10T00:00:00+00:00, run_after=2025-12-11T00:00:00+00:00
[2025-12-11T00:55:18.037+0000] {processor.py:179} INFO - Processing /home/airflow/.local/lib/python3.8/site-packages/airflow/example_dags/example_nested_branch_dag.py took 0.065 seconds
