[2025-12-11T00:38:16.915+0000] {processor.py:157} INFO - Started process (PID=203) to work on /home/airflow/.local/lib/python3.8/site-packages/airflow/example_dags/example_short_circuit_operator.py
[2025-12-11T00:38:16.916+0000] {processor.py:829} INFO - Processing file /home/airflow/.local/lib/python3.8/site-packages/airflow/example_dags/example_short_circuit_operator.py for tasks to queue
[2025-12-11T00:38:16.917+0000] {logging_mixin.py:154} INFO - [2025-12-11T00:38:16.917+0000] {dagbag.py:536} INFO - Filling up the DagBag from /home/airflow/.local/lib/python3.8/site-packages/airflow/example_dags/example_short_circuit_operator.py
[2025-12-11T00:38:16.923+0000] {processor.py:839} INFO - DAG(s) dict_keys(['example_short_circuit_operator']) retrieved from /home/airflow/.local/lib/python3.8/site-packages/airflow/example_dags/example_short_circuit_operator.py
[2025-12-11T00:38:16.930+0000] {logging_mixin.py:154} INFO - [2025-12-11T00:38:16.930+0000] {dag.py:2941} INFO - Sync 1 DAGs
[2025-12-11T00:38:16.944+0000] {logging_mixin.py:154} INFO - [2025-12-11T00:38:16.944+0000] {dag.py:3722} INFO - Setting next_dagrun for example_short_circuit_operator to 2025-12-10T00:38:16.943876+00:00, run_after=2025-12-11T00:38:16.943876+00:00
[2025-12-11T00:38:16.957+0000] {processor.py:179} INFO - Processing /home/airflow/.local/lib/python3.8/site-packages/airflow/example_dags/example_short_circuit_operator.py took 0.044 seconds
[2025-12-11T00:38:47.370+0000] {processor.py:157} INFO - Started process (PID=262) to work on /home/airflow/.local/lib/python3.8/site-packages/airflow/example_dags/example_short_circuit_operator.py
[2025-12-11T00:38:47.371+0000] {processor.py:829} INFO - Processing file /home/airflow/.local/lib/python3.8/site-packages/airflow/example_dags/example_short_circuit_operator.py for tasks to queue
[2025-12-11T00:38:47.372+0000] {logging_mixin.py:154} INFO - [2025-12-11T00:38:47.372+0000] {dagbag.py:536} INFO - Filling up the DagBag from /home/airflow/.local/lib/python3.8/site-packages/airflow/example_dags/example_short_circuit_operator.py
[2025-12-11T00:38:47.376+0000] {processor.py:839} INFO - DAG(s) dict_keys(['example_short_circuit_operator']) retrieved from /home/airflow/.local/lib/python3.8/site-packages/airflow/example_dags/example_short_circuit_operator.py
[2025-12-11T00:38:47.391+0000] {logging_mixin.py:154} INFO - [2025-12-11T00:38:47.391+0000] {dag.py:2941} INFO - Sync 1 DAGs
[2025-12-11T00:38:47.405+0000] {logging_mixin.py:154} INFO - [2025-12-11T00:38:47.405+0000] {dag.py:3722} INFO - Setting next_dagrun for example_short_circuit_operator to 2025-12-10T00:38:47.405223+00:00, run_after=2025-12-11T00:38:47.405223+00:00
[2025-12-11T00:38:47.425+0000] {processor.py:179} INFO - Processing /home/airflow/.local/lib/python3.8/site-packages/airflow/example_dags/example_short_circuit_operator.py took 0.057 seconds
[2025-12-11T00:39:17.819+0000] {processor.py:157} INFO - Started process (PID=317) to work on /home/airflow/.local/lib/python3.8/site-packages/airflow/example_dags/example_short_circuit_operator.py
[2025-12-11T00:39:17.820+0000] {processor.py:829} INFO - Processing file /home/airflow/.local/lib/python3.8/site-packages/airflow/example_dags/example_short_circuit_operator.py for tasks to queue
[2025-12-11T00:39:17.821+0000] {logging_mixin.py:154} INFO - [2025-12-11T00:39:17.821+0000] {dagbag.py:536} INFO - Filling up the DagBag from /home/airflow/.local/lib/python3.8/site-packages/airflow/example_dags/example_short_circuit_operator.py
[2025-12-11T00:39:17.838+0000] {processor.py:839} INFO - DAG(s) dict_keys(['example_short_circuit_operator']) retrieved from /home/airflow/.local/lib/python3.8/site-packages/airflow/example_dags/example_short_circuit_operator.py
[2025-12-11T00:39:17.866+0000] {logging_mixin.py:154} INFO - [2025-12-11T00:39:17.866+0000] {dag.py:2941} INFO - Sync 1 DAGs
[2025-12-11T00:39:17.883+0000] {logging_mixin.py:154} INFO - [2025-12-11T00:39:17.883+0000] {dag.py:3722} INFO - Setting next_dagrun for example_short_circuit_operator to 2025-12-10T00:39:17.883205+00:00, run_after=2025-12-11T00:39:17.883205+00:00
[2025-12-11T00:39:17.907+0000] {processor.py:179} INFO - Processing /home/airflow/.local/lib/python3.8/site-packages/airflow/example_dags/example_short_circuit_operator.py took 0.090 seconds
[2025-12-11T00:39:48.101+0000] {processor.py:157} INFO - Started process (PID=372) to work on /home/airflow/.local/lib/python3.8/site-packages/airflow/example_dags/example_short_circuit_operator.py
[2025-12-11T00:39:48.102+0000] {processor.py:829} INFO - Processing file /home/airflow/.local/lib/python3.8/site-packages/airflow/example_dags/example_short_circuit_operator.py for tasks to queue
[2025-12-11T00:39:48.104+0000] {logging_mixin.py:154} INFO - [2025-12-11T00:39:48.104+0000] {dagbag.py:536} INFO - Filling up the DagBag from /home/airflow/.local/lib/python3.8/site-packages/airflow/example_dags/example_short_circuit_operator.py
[2025-12-11T00:39:48.108+0000] {processor.py:839} INFO - DAG(s) dict_keys(['example_short_circuit_operator']) retrieved from /home/airflow/.local/lib/python3.8/site-packages/airflow/example_dags/example_short_circuit_operator.py
[2025-12-11T00:39:48.133+0000] {logging_mixin.py:154} INFO - [2025-12-11T00:39:48.133+0000] {dag.py:2941} INFO - Sync 1 DAGs
[2025-12-11T00:39:48.147+0000] {logging_mixin.py:154} INFO - [2025-12-11T00:39:48.147+0000] {dag.py:3722} INFO - Setting next_dagrun for example_short_circuit_operator to 2025-12-10T00:39:48.147632+00:00, run_after=2025-12-11T00:39:48.147632+00:00
[2025-12-11T00:39:48.164+0000] {processor.py:179} INFO - Processing /home/airflow/.local/lib/python3.8/site-packages/airflow/example_dags/example_short_circuit_operator.py took 0.067 seconds
[2025-12-11T00:40:25.493+0000] {processor.py:157} INFO - Started process (PID=434) to work on /home/airflow/.local/lib/python3.8/site-packages/airflow/example_dags/example_short_circuit_operator.py
[2025-12-11T00:40:25.493+0000] {processor.py:829} INFO - Processing file /home/airflow/.local/lib/python3.8/site-packages/airflow/example_dags/example_short_circuit_operator.py for tasks to queue
[2025-12-11T00:40:25.494+0000] {logging_mixin.py:154} INFO - [2025-12-11T00:40:25.494+0000] {dagbag.py:536} INFO - Filling up the DagBag from /home/airflow/.local/lib/python3.8/site-packages/airflow/example_dags/example_short_circuit_operator.py
[2025-12-11T00:40:25.499+0000] {processor.py:839} INFO - DAG(s) dict_keys(['example_short_circuit_operator']) retrieved from /home/airflow/.local/lib/python3.8/site-packages/airflow/example_dags/example_short_circuit_operator.py
[2025-12-11T00:40:25.513+0000] {logging_mixin.py:154} INFO - [2025-12-11T00:40:25.513+0000] {dag.py:2941} INFO - Sync 1 DAGs
[2025-12-11T00:40:25.526+0000] {logging_mixin.py:154} INFO - [2025-12-11T00:40:25.525+0000] {dag.py:3722} INFO - Setting next_dagrun for example_short_circuit_operator to 2025-12-10T00:40:25.525773+00:00, run_after=2025-12-11T00:40:25.525773+00:00
[2025-12-11T00:40:25.537+0000] {processor.py:179} INFO - Processing /home/airflow/.local/lib/python3.8/site-packages/airflow/example_dags/example_short_circuit_operator.py took 0.046 seconds
[2025-12-11T00:40:56.234+0000] {processor.py:157} INFO - Started process (PID=489) to work on /home/airflow/.local/lib/python3.8/site-packages/airflow/example_dags/example_short_circuit_operator.py
[2025-12-11T00:40:56.234+0000] {processor.py:829} INFO - Processing file /home/airflow/.local/lib/python3.8/site-packages/airflow/example_dags/example_short_circuit_operator.py for tasks to queue
[2025-12-11T00:40:56.235+0000] {logging_mixin.py:154} INFO - [2025-12-11T00:40:56.235+0000] {dagbag.py:536} INFO - Filling up the DagBag from /home/airflow/.local/lib/python3.8/site-packages/airflow/example_dags/example_short_circuit_operator.py
[2025-12-11T00:40:56.240+0000] {processor.py:839} INFO - DAG(s) dict_keys(['example_short_circuit_operator']) retrieved from /home/airflow/.local/lib/python3.8/site-packages/airflow/example_dags/example_short_circuit_operator.py
[2025-12-11T00:40:56.257+0000] {logging_mixin.py:154} INFO - [2025-12-11T00:40:56.257+0000] {dag.py:2941} INFO - Sync 1 DAGs
[2025-12-11T00:40:56.272+0000] {logging_mixin.py:154} INFO - [2025-12-11T00:40:56.271+0000] {dag.py:3722} INFO - Setting next_dagrun for example_short_circuit_operator to 2025-12-10T00:40:56.271719+00:00, run_after=2025-12-11T00:40:56.271719+00:00
[2025-12-11T00:40:56.282+0000] {processor.py:179} INFO - Processing /home/airflow/.local/lib/python3.8/site-packages/airflow/example_dags/example_short_circuit_operator.py took 0.050 seconds
[2025-12-11T00:41:33.518+0000] {processor.py:157} INFO - Started process (PID=544) to work on /home/airflow/.local/lib/python3.8/site-packages/airflow/example_dags/example_short_circuit_operator.py
[2025-12-11T00:41:33.519+0000] {processor.py:829} INFO - Processing file /home/airflow/.local/lib/python3.8/site-packages/airflow/example_dags/example_short_circuit_operator.py for tasks to queue
[2025-12-11T00:41:33.521+0000] {logging_mixin.py:154} INFO - [2025-12-11T00:41:33.521+0000] {dagbag.py:536} INFO - Filling up the DagBag from /home/airflow/.local/lib/python3.8/site-packages/airflow/example_dags/example_short_circuit_operator.py
[2025-12-11T00:41:33.526+0000] {processor.py:839} INFO - DAG(s) dict_keys(['example_short_circuit_operator']) retrieved from /home/airflow/.local/lib/python3.8/site-packages/airflow/example_dags/example_short_circuit_operator.py
[2025-12-11T00:41:33.542+0000] {logging_mixin.py:154} INFO - [2025-12-11T00:41:33.541+0000] {dag.py:2941} INFO - Sync 1 DAGs
[2025-12-11T00:41:33.554+0000] {logging_mixin.py:154} INFO - [2025-12-11T00:41:33.553+0000] {dag.py:3722} INFO - Setting next_dagrun for example_short_circuit_operator to 2025-12-10T00:41:33.553808+00:00, run_after=2025-12-11T00:41:33.553808+00:00
[2025-12-11T00:41:33.568+0000] {processor.py:179} INFO - Processing /home/airflow/.local/lib/python3.8/site-packages/airflow/example_dags/example_short_circuit_operator.py took 0.053 seconds
[2025-12-11T00:42:06.188+0000] {processor.py:157} INFO - Started process (PID=599) to work on /home/airflow/.local/lib/python3.8/site-packages/airflow/example_dags/example_short_circuit_operator.py
[2025-12-11T00:42:06.189+0000] {processor.py:829} INFO - Processing file /home/airflow/.local/lib/python3.8/site-packages/airflow/example_dags/example_short_circuit_operator.py for tasks to queue
[2025-12-11T00:42:06.190+0000] {logging_mixin.py:154} INFO - [2025-12-11T00:42:06.190+0000] {dagbag.py:536} INFO - Filling up the DagBag from /home/airflow/.local/lib/python3.8/site-packages/airflow/example_dags/example_short_circuit_operator.py
[2025-12-11T00:42:06.194+0000] {processor.py:839} INFO - DAG(s) dict_keys(['example_short_circuit_operator']) retrieved from /home/airflow/.local/lib/python3.8/site-packages/airflow/example_dags/example_short_circuit_operator.py
[2025-12-11T00:42:06.210+0000] {logging_mixin.py:154} INFO - [2025-12-11T00:42:06.210+0000] {dag.py:2941} INFO - Sync 1 DAGs
[2025-12-11T00:42:06.222+0000] {logging_mixin.py:154} INFO - [2025-12-11T00:42:06.222+0000] {dag.py:3722} INFO - Setting next_dagrun for example_short_circuit_operator to 2025-12-10T00:42:06.222415+00:00, run_after=2025-12-11T00:42:06.222415+00:00
[2025-12-11T00:42:06.241+0000] {processor.py:179} INFO - Processing /home/airflow/.local/lib/python3.8/site-packages/airflow/example_dags/example_short_circuit_operator.py took 0.055 seconds
[2025-12-11T00:42:37.001+0000] {processor.py:157} INFO - Started process (PID=654) to work on /home/airflow/.local/lib/python3.8/site-packages/airflow/example_dags/example_short_circuit_operator.py
[2025-12-11T00:42:37.001+0000] {processor.py:829} INFO - Processing file /home/airflow/.local/lib/python3.8/site-packages/airflow/example_dags/example_short_circuit_operator.py for tasks to queue
[2025-12-11T00:42:37.003+0000] {logging_mixin.py:154} INFO - [2025-12-11T00:42:37.003+0000] {dagbag.py:536} INFO - Filling up the DagBag from /home/airflow/.local/lib/python3.8/site-packages/airflow/example_dags/example_short_circuit_operator.py
[2025-12-11T00:42:37.008+0000] {processor.py:839} INFO - DAG(s) dict_keys(['example_short_circuit_operator']) retrieved from /home/airflow/.local/lib/python3.8/site-packages/airflow/example_dags/example_short_circuit_operator.py
[2025-12-11T00:42:37.024+0000] {logging_mixin.py:154} INFO - [2025-12-11T00:42:37.024+0000] {dag.py:2941} INFO - Sync 1 DAGs
[2025-12-11T00:42:37.037+0000] {logging_mixin.py:154} INFO - [2025-12-11T00:42:37.037+0000] {dag.py:3722} INFO - Setting next_dagrun for example_short_circuit_operator to 2025-12-10T00:42:37.036861+00:00, run_after=2025-12-11T00:42:37.036861+00:00
[2025-12-11T00:42:37.049+0000] {processor.py:179} INFO - Processing /home/airflow/.local/lib/python3.8/site-packages/airflow/example_dags/example_short_circuit_operator.py took 0.052 seconds
[2025-12-11T00:43:07.895+0000] {processor.py:157} INFO - Started process (PID=709) to work on /home/airflow/.local/lib/python3.8/site-packages/airflow/example_dags/example_short_circuit_operator.py
[2025-12-11T00:43:07.896+0000] {processor.py:829} INFO - Processing file /home/airflow/.local/lib/python3.8/site-packages/airflow/example_dags/example_short_circuit_operator.py for tasks to queue
[2025-12-11T00:43:07.897+0000] {logging_mixin.py:154} INFO - [2025-12-11T00:43:07.897+0000] {dagbag.py:536} INFO - Filling up the DagBag from /home/airflow/.local/lib/python3.8/site-packages/airflow/example_dags/example_short_circuit_operator.py
[2025-12-11T00:43:07.901+0000] {processor.py:839} INFO - DAG(s) dict_keys(['example_short_circuit_operator']) retrieved from /home/airflow/.local/lib/python3.8/site-packages/airflow/example_dags/example_short_circuit_operator.py
[2025-12-11T00:43:07.919+0000] {logging_mixin.py:154} INFO - [2025-12-11T00:43:07.919+0000] {dag.py:2941} INFO - Sync 1 DAGs
[2025-12-11T00:43:07.931+0000] {logging_mixin.py:154} INFO - [2025-12-11T00:43:07.931+0000] {dag.py:3722} INFO - Setting next_dagrun for example_short_circuit_operator to 2025-12-10T00:43:07.931436+00:00, run_after=2025-12-11T00:43:07.931436+00:00
[2025-12-11T00:43:07.942+0000] {processor.py:179} INFO - Processing /home/airflow/.local/lib/python3.8/site-packages/airflow/example_dags/example_short_circuit_operator.py took 0.049 seconds
[2025-12-11T00:43:38.849+0000] {processor.py:157} INFO - Started process (PID=764) to work on /home/airflow/.local/lib/python3.8/site-packages/airflow/example_dags/example_short_circuit_operator.py
[2025-12-11T00:43:38.850+0000] {processor.py:829} INFO - Processing file /home/airflow/.local/lib/python3.8/site-packages/airflow/example_dags/example_short_circuit_operator.py for tasks to queue
[2025-12-11T00:43:38.851+0000] {logging_mixin.py:154} INFO - [2025-12-11T00:43:38.851+0000] {dagbag.py:536} INFO - Filling up the DagBag from /home/airflow/.local/lib/python3.8/site-packages/airflow/example_dags/example_short_circuit_operator.py
[2025-12-11T00:43:38.856+0000] {processor.py:839} INFO - DAG(s) dict_keys(['example_short_circuit_operator']) retrieved from /home/airflow/.local/lib/python3.8/site-packages/airflow/example_dags/example_short_circuit_operator.py
[2025-12-11T00:43:38.870+0000] {logging_mixin.py:154} INFO - [2025-12-11T00:43:38.870+0000] {dag.py:2941} INFO - Sync 1 DAGs
[2025-12-11T00:43:38.882+0000] {logging_mixin.py:154} INFO - [2025-12-11T00:43:38.882+0000] {dag.py:3722} INFO - Setting next_dagrun for example_short_circuit_operator to 2025-12-10T00:43:38.882138+00:00, run_after=2025-12-11T00:43:38.882138+00:00
[2025-12-11T00:43:38.893+0000] {processor.py:179} INFO - Processing /home/airflow/.local/lib/python3.8/site-packages/airflow/example_dags/example_short_circuit_operator.py took 0.046 seconds
[2025-12-11T00:44:09.540+0000] {processor.py:157} INFO - Started process (PID=820) to work on /home/airflow/.local/lib/python3.8/site-packages/airflow/example_dags/example_short_circuit_operator.py
[2025-12-11T00:44:09.597+0000] {processor.py:829} INFO - Processing file /home/airflow/.local/lib/python3.8/site-packages/airflow/example_dags/example_short_circuit_operator.py for tasks to queue
[2025-12-11T00:44:09.599+0000] {logging_mixin.py:154} INFO - [2025-12-11T00:44:09.599+0000] {dagbag.py:536} INFO - Filling up the DagBag from /home/airflow/.local/lib/python3.8/site-packages/airflow/example_dags/example_short_circuit_operator.py
[2025-12-11T00:44:09.609+0000] {processor.py:839} INFO - DAG(s) dict_keys(['example_short_circuit_operator']) retrieved from /home/airflow/.local/lib/python3.8/site-packages/airflow/example_dags/example_short_circuit_operator.py
[2025-12-11T00:44:09.632+0000] {logging_mixin.py:154} INFO - [2025-12-11T00:44:09.631+0000] {dag.py:2941} INFO - Sync 1 DAGs
[2025-12-11T00:44:09.651+0000] {logging_mixin.py:154} INFO - [2025-12-11T00:44:09.650+0000] {dag.py:3722} INFO - Setting next_dagrun for example_short_circuit_operator to 2025-12-10T00:44:09.650778+00:00, run_after=2025-12-11T00:44:09.650778+00:00
[2025-12-11T00:44:09.661+0000] {processor.py:179} INFO - Processing /home/airflow/.local/lib/python3.8/site-packages/airflow/example_dags/example_short_circuit_operator.py took 0.123 seconds
[2025-12-11T00:44:40.058+0000] {processor.py:157} INFO - Started process (PID=875) to work on /home/airflow/.local/lib/python3.8/site-packages/airflow/example_dags/example_short_circuit_operator.py
[2025-12-11T00:44:40.058+0000] {processor.py:829} INFO - Processing file /home/airflow/.local/lib/python3.8/site-packages/airflow/example_dags/example_short_circuit_operator.py for tasks to queue
[2025-12-11T00:44:40.059+0000] {logging_mixin.py:154} INFO - [2025-12-11T00:44:40.059+0000] {dagbag.py:536} INFO - Filling up the DagBag from /home/airflow/.local/lib/python3.8/site-packages/airflow/example_dags/example_short_circuit_operator.py
[2025-12-11T00:44:40.064+0000] {processor.py:839} INFO - DAG(s) dict_keys(['example_short_circuit_operator']) retrieved from /home/airflow/.local/lib/python3.8/site-packages/airflow/example_dags/example_short_circuit_operator.py
[2025-12-11T00:44:40.082+0000] {logging_mixin.py:154} INFO - [2025-12-11T00:44:40.082+0000] {dag.py:2941} INFO - Sync 1 DAGs
[2025-12-11T00:44:40.096+0000] {logging_mixin.py:154} INFO - [2025-12-11T00:44:40.095+0000] {dag.py:3722} INFO - Setting next_dagrun for example_short_circuit_operator to 2025-12-10T00:44:40.095664+00:00, run_after=2025-12-11T00:44:40.095664+00:00
[2025-12-11T00:44:40.108+0000] {processor.py:179} INFO - Processing /home/airflow/.local/lib/python3.8/site-packages/airflow/example_dags/example_short_circuit_operator.py took 0.053 seconds
[2025-12-11T00:45:10.493+0000] {processor.py:157} INFO - Started process (PID=930) to work on /home/airflow/.local/lib/python3.8/site-packages/airflow/example_dags/example_short_circuit_operator.py
[2025-12-11T00:45:10.493+0000] {processor.py:829} INFO - Processing file /home/airflow/.local/lib/python3.8/site-packages/airflow/example_dags/example_short_circuit_operator.py for tasks to queue
[2025-12-11T00:45:10.495+0000] {logging_mixin.py:154} INFO - [2025-12-11T00:45:10.495+0000] {dagbag.py:536} INFO - Filling up the DagBag from /home/airflow/.local/lib/python3.8/site-packages/airflow/example_dags/example_short_circuit_operator.py
[2025-12-11T00:45:10.501+0000] {processor.py:839} INFO - DAG(s) dict_keys(['example_short_circuit_operator']) retrieved from /home/airflow/.local/lib/python3.8/site-packages/airflow/example_dags/example_short_circuit_operator.py
[2025-12-11T00:45:10.519+0000] {logging_mixin.py:154} INFO - [2025-12-11T00:45:10.519+0000] {dag.py:2941} INFO - Sync 1 DAGs
[2025-12-11T00:45:10.532+0000] {logging_mixin.py:154} INFO - [2025-12-11T00:45:10.532+0000] {dag.py:3722} INFO - Setting next_dagrun for example_short_circuit_operator to 2025-12-10T00:45:10.531915+00:00, run_after=2025-12-11T00:45:10.531915+00:00
[2025-12-11T00:45:10.543+0000] {processor.py:179} INFO - Processing /home/airflow/.local/lib/python3.8/site-packages/airflow/example_dags/example_short_circuit_operator.py took 0.053 seconds
[2025-12-11T00:45:40.994+0000] {processor.py:157} INFO - Started process (PID=985) to work on /home/airflow/.local/lib/python3.8/site-packages/airflow/example_dags/example_short_circuit_operator.py
[2025-12-11T00:45:40.995+0000] {processor.py:829} INFO - Processing file /home/airflow/.local/lib/python3.8/site-packages/airflow/example_dags/example_short_circuit_operator.py for tasks to queue
[2025-12-11T00:45:40.996+0000] {logging_mixin.py:154} INFO - [2025-12-11T00:45:40.996+0000] {dagbag.py:536} INFO - Filling up the DagBag from /home/airflow/.local/lib/python3.8/site-packages/airflow/example_dags/example_short_circuit_operator.py
[2025-12-11T00:45:41.001+0000] {processor.py:839} INFO - DAG(s) dict_keys(['example_short_circuit_operator']) retrieved from /home/airflow/.local/lib/python3.8/site-packages/airflow/example_dags/example_short_circuit_operator.py
[2025-12-11T00:45:41.017+0000] {logging_mixin.py:154} INFO - [2025-12-11T00:45:41.017+0000] {dag.py:2941} INFO - Sync 1 DAGs
[2025-12-11T00:45:41.031+0000] {logging_mixin.py:154} INFO - [2025-12-11T00:45:41.030+0000] {dag.py:3722} INFO - Setting next_dagrun for example_short_circuit_operator to 2025-12-10T00:45:41.030755+00:00, run_after=2025-12-11T00:45:41.030755+00:00
[2025-12-11T00:45:41.043+0000] {processor.py:179} INFO - Processing /home/airflow/.local/lib/python3.8/site-packages/airflow/example_dags/example_short_circuit_operator.py took 0.053 seconds
[2025-12-11T00:46:11.462+0000] {processor.py:157} INFO - Started process (PID=1040) to work on /home/airflow/.local/lib/python3.8/site-packages/airflow/example_dags/example_short_circuit_operator.py
[2025-12-11T00:46:11.463+0000] {processor.py:829} INFO - Processing file /home/airflow/.local/lib/python3.8/site-packages/airflow/example_dags/example_short_circuit_operator.py for tasks to queue
[2025-12-11T00:46:11.464+0000] {logging_mixin.py:154} INFO - [2025-12-11T00:46:11.464+0000] {dagbag.py:536} INFO - Filling up the DagBag from /home/airflow/.local/lib/python3.8/site-packages/airflow/example_dags/example_short_circuit_operator.py
[2025-12-11T00:46:11.468+0000] {processor.py:839} INFO - DAG(s) dict_keys(['example_short_circuit_operator']) retrieved from /home/airflow/.local/lib/python3.8/site-packages/airflow/example_dags/example_short_circuit_operator.py
[2025-12-11T00:46:11.485+0000] {logging_mixin.py:154} INFO - [2025-12-11T00:46:11.485+0000] {dag.py:2941} INFO - Sync 1 DAGs
[2025-12-11T00:46:11.497+0000] {logging_mixin.py:154} INFO - [2025-12-11T00:46:11.497+0000] {dag.py:3722} INFO - Setting next_dagrun for example_short_circuit_operator to 2025-12-10T00:46:11.497294+00:00, run_after=2025-12-11T00:46:11.497294+00:00
[2025-12-11T00:46:11.508+0000] {processor.py:179} INFO - Processing /home/airflow/.local/lib/python3.8/site-packages/airflow/example_dags/example_short_circuit_operator.py took 0.048 seconds
[2025-12-11T00:46:42.059+0000] {processor.py:157} INFO - Started process (PID=1095) to work on /home/airflow/.local/lib/python3.8/site-packages/airflow/example_dags/example_short_circuit_operator.py
[2025-12-11T00:46:42.059+0000] {processor.py:829} INFO - Processing file /home/airflow/.local/lib/python3.8/site-packages/airflow/example_dags/example_short_circuit_operator.py for tasks to queue
[2025-12-11T00:46:42.061+0000] {logging_mixin.py:154} INFO - [2025-12-11T00:46:42.061+0000] {dagbag.py:536} INFO - Filling up the DagBag from /home/airflow/.local/lib/python3.8/site-packages/airflow/example_dags/example_short_circuit_operator.py
[2025-12-11T00:46:42.065+0000] {processor.py:839} INFO - DAG(s) dict_keys(['example_short_circuit_operator']) retrieved from /home/airflow/.local/lib/python3.8/site-packages/airflow/example_dags/example_short_circuit_operator.py
[2025-12-11T00:46:42.081+0000] {logging_mixin.py:154} INFO - [2025-12-11T00:46:42.081+0000] {dag.py:2941} INFO - Sync 1 DAGs
[2025-12-11T00:46:42.093+0000] {logging_mixin.py:154} INFO - [2025-12-11T00:46:42.093+0000] {dag.py:3722} INFO - Setting next_dagrun for example_short_circuit_operator to 2025-12-10T00:46:42.093454+00:00, run_after=2025-12-11T00:46:42.093454+00:00
[2025-12-11T00:46:42.104+0000] {processor.py:179} INFO - Processing /home/airflow/.local/lib/python3.8/site-packages/airflow/example_dags/example_short_circuit_operator.py took 0.048 seconds
[2025-12-11T00:47:12.637+0000] {processor.py:157} INFO - Started process (PID=1150) to work on /home/airflow/.local/lib/python3.8/site-packages/airflow/example_dags/example_short_circuit_operator.py
[2025-12-11T00:47:12.638+0000] {processor.py:829} INFO - Processing file /home/airflow/.local/lib/python3.8/site-packages/airflow/example_dags/example_short_circuit_operator.py for tasks to queue
[2025-12-11T00:47:12.639+0000] {logging_mixin.py:154} INFO - [2025-12-11T00:47:12.639+0000] {dagbag.py:536} INFO - Filling up the DagBag from /home/airflow/.local/lib/python3.8/site-packages/airflow/example_dags/example_short_circuit_operator.py
[2025-12-11T00:47:12.644+0000] {processor.py:839} INFO - DAG(s) dict_keys(['example_short_circuit_operator']) retrieved from /home/airflow/.local/lib/python3.8/site-packages/airflow/example_dags/example_short_circuit_operator.py
[2025-12-11T00:47:12.657+0000] {logging_mixin.py:154} INFO - [2025-12-11T00:47:12.657+0000] {dag.py:2941} INFO - Sync 1 DAGs
[2025-12-11T00:47:12.670+0000] {logging_mixin.py:154} INFO - [2025-12-11T00:47:12.670+0000] {dag.py:3722} INFO - Setting next_dagrun for example_short_circuit_operator to 2025-12-10T00:47:12.670074+00:00, run_after=2025-12-11T00:47:12.670074+00:00
[2025-12-11T00:47:12.680+0000] {processor.py:179} INFO - Processing /home/airflow/.local/lib/python3.8/site-packages/airflow/example_dags/example_short_circuit_operator.py took 0.045 seconds
[2025-12-11T00:47:43.289+0000] {processor.py:157} INFO - Started process (PID=1205) to work on /home/airflow/.local/lib/python3.8/site-packages/airflow/example_dags/example_short_circuit_operator.py
[2025-12-11T00:47:43.289+0000] {processor.py:829} INFO - Processing file /home/airflow/.local/lib/python3.8/site-packages/airflow/example_dags/example_short_circuit_operator.py for tasks to queue
[2025-12-11T00:47:43.291+0000] {logging_mixin.py:154} INFO - [2025-12-11T00:47:43.290+0000] {dagbag.py:536} INFO - Filling up the DagBag from /home/airflow/.local/lib/python3.8/site-packages/airflow/example_dags/example_short_circuit_operator.py
[2025-12-11T00:47:43.297+0000] {processor.py:839} INFO - DAG(s) dict_keys(['example_short_circuit_operator']) retrieved from /home/airflow/.local/lib/python3.8/site-packages/airflow/example_dags/example_short_circuit_operator.py
[2025-12-11T00:47:43.311+0000] {logging_mixin.py:154} INFO - [2025-12-11T00:47:43.310+0000] {dag.py:2941} INFO - Sync 1 DAGs
[2025-12-11T00:47:43.325+0000] {logging_mixin.py:154} INFO - [2025-12-11T00:47:43.324+0000] {dag.py:3722} INFO - Setting next_dagrun for example_short_circuit_operator to 2025-12-10T00:47:43.324704+00:00, run_after=2025-12-11T00:47:43.324704+00:00
[2025-12-11T00:47:43.335+0000] {processor.py:179} INFO - Processing /home/airflow/.local/lib/python3.8/site-packages/airflow/example_dags/example_short_circuit_operator.py took 0.049 seconds
[2025-12-11T00:48:13.481+0000] {processor.py:157} INFO - Started process (PID=1260) to work on /home/airflow/.local/lib/python3.8/site-packages/airflow/example_dags/example_short_circuit_operator.py
[2025-12-11T00:48:13.482+0000] {processor.py:829} INFO - Processing file /home/airflow/.local/lib/python3.8/site-packages/airflow/example_dags/example_short_circuit_operator.py for tasks to queue
[2025-12-11T00:48:13.483+0000] {logging_mixin.py:154} INFO - [2025-12-11T00:48:13.483+0000] {dagbag.py:536} INFO - Filling up the DagBag from /home/airflow/.local/lib/python3.8/site-packages/airflow/example_dags/example_short_circuit_operator.py
[2025-12-11T00:48:13.487+0000] {processor.py:839} INFO - DAG(s) dict_keys(['example_short_circuit_operator']) retrieved from /home/airflow/.local/lib/python3.8/site-packages/airflow/example_dags/example_short_circuit_operator.py
[2025-12-11T00:48:13.502+0000] {logging_mixin.py:154} INFO - [2025-12-11T00:48:13.502+0000] {dag.py:2941} INFO - Sync 1 DAGs
[2025-12-11T00:48:13.519+0000] {logging_mixin.py:154} INFO - [2025-12-11T00:48:13.519+0000] {dag.py:3722} INFO - Setting next_dagrun for example_short_circuit_operator to 2025-12-10T00:48:13.519210+00:00, run_after=2025-12-11T00:48:13.519210+00:00
[2025-12-11T00:48:13.530+0000] {processor.py:179} INFO - Processing /home/airflow/.local/lib/python3.8/site-packages/airflow/example_dags/example_short_circuit_operator.py took 0.051 seconds
[2025-12-11T00:48:44.426+0000] {processor.py:157} INFO - Started process (PID=1315) to work on /home/airflow/.local/lib/python3.8/site-packages/airflow/example_dags/example_short_circuit_operator.py
[2025-12-11T00:48:44.427+0000] {processor.py:829} INFO - Processing file /home/airflow/.local/lib/python3.8/site-packages/airflow/example_dags/example_short_circuit_operator.py for tasks to queue
[2025-12-11T00:48:44.428+0000] {logging_mixin.py:154} INFO - [2025-12-11T00:48:44.428+0000] {dagbag.py:536} INFO - Filling up the DagBag from /home/airflow/.local/lib/python3.8/site-packages/airflow/example_dags/example_short_circuit_operator.py
[2025-12-11T00:48:44.433+0000] {processor.py:839} INFO - DAG(s) dict_keys(['example_short_circuit_operator']) retrieved from /home/airflow/.local/lib/python3.8/site-packages/airflow/example_dags/example_short_circuit_operator.py
[2025-12-11T00:48:44.450+0000] {logging_mixin.py:154} INFO - [2025-12-11T00:48:44.450+0000] {dag.py:2941} INFO - Sync 1 DAGs
[2025-12-11T00:48:44.465+0000] {logging_mixin.py:154} INFO - [2025-12-11T00:48:44.465+0000] {dag.py:3722} INFO - Setting next_dagrun for example_short_circuit_operator to 2025-12-10T00:48:44.465286+00:00, run_after=2025-12-11T00:48:44.465286+00:00
[2025-12-11T00:48:44.478+0000] {processor.py:179} INFO - Processing /home/airflow/.local/lib/python3.8/site-packages/airflow/example_dags/example_short_circuit_operator.py took 0.055 seconds
[2025-12-11T00:49:15.096+0000] {processor.py:157} INFO - Started process (PID=1370) to work on /home/airflow/.local/lib/python3.8/site-packages/airflow/example_dags/example_short_circuit_operator.py
[2025-12-11T00:49:15.097+0000] {processor.py:829} INFO - Processing file /home/airflow/.local/lib/python3.8/site-packages/airflow/example_dags/example_short_circuit_operator.py for tasks to queue
[2025-12-11T00:49:15.098+0000] {logging_mixin.py:154} INFO - [2025-12-11T00:49:15.098+0000] {dagbag.py:536} INFO - Filling up the DagBag from /home/airflow/.local/lib/python3.8/site-packages/airflow/example_dags/example_short_circuit_operator.py
[2025-12-11T00:49:15.104+0000] {processor.py:839} INFO - DAG(s) dict_keys(['example_short_circuit_operator']) retrieved from /home/airflow/.local/lib/python3.8/site-packages/airflow/example_dags/example_short_circuit_operator.py
[2025-12-11T00:49:15.126+0000] {logging_mixin.py:154} INFO - [2025-12-11T00:49:15.126+0000] {dag.py:2941} INFO - Sync 1 DAGs
[2025-12-11T00:49:15.143+0000] {logging_mixin.py:154} INFO - [2025-12-11T00:49:15.142+0000] {dag.py:3722} INFO - Setting next_dagrun for example_short_circuit_operator to 2025-12-10T00:49:15.142453+00:00, run_after=2025-12-11T00:49:15.142453+00:00
[2025-12-11T00:49:15.159+0000] {processor.py:179} INFO - Processing /home/airflow/.local/lib/python3.8/site-packages/airflow/example_dags/example_short_circuit_operator.py took 0.066 seconds
[2025-12-11T00:49:45.307+0000] {processor.py:157} INFO - Started process (PID=1425) to work on /home/airflow/.local/lib/python3.8/site-packages/airflow/example_dags/example_short_circuit_operator.py
[2025-12-11T00:49:45.307+0000] {processor.py:829} INFO - Processing file /home/airflow/.local/lib/python3.8/site-packages/airflow/example_dags/example_short_circuit_operator.py for tasks to queue
[2025-12-11T00:49:45.308+0000] {logging_mixin.py:154} INFO - [2025-12-11T00:49:45.308+0000] {dagbag.py:536} INFO - Filling up the DagBag from /home/airflow/.local/lib/python3.8/site-packages/airflow/example_dags/example_short_circuit_operator.py
[2025-12-11T00:49:45.313+0000] {processor.py:839} INFO - DAG(s) dict_keys(['example_short_circuit_operator']) retrieved from /home/airflow/.local/lib/python3.8/site-packages/airflow/example_dags/example_short_circuit_operator.py
[2025-12-11T00:49:45.329+0000] {logging_mixin.py:154} INFO - [2025-12-11T00:49:45.329+0000] {dag.py:2941} INFO - Sync 1 DAGs
[2025-12-11T00:49:45.342+0000] {logging_mixin.py:154} INFO - [2025-12-11T00:49:45.342+0000] {dag.py:3722} INFO - Setting next_dagrun for example_short_circuit_operator to 2025-12-10T00:49:45.342392+00:00, run_after=2025-12-11T00:49:45.342392+00:00
[2025-12-11T00:49:45.354+0000] {processor.py:179} INFO - Processing /home/airflow/.local/lib/python3.8/site-packages/airflow/example_dags/example_short_circuit_operator.py took 0.049 seconds
[2025-12-11T00:50:15.475+0000] {processor.py:157} INFO - Started process (PID=1480) to work on /home/airflow/.local/lib/python3.8/site-packages/airflow/example_dags/example_short_circuit_operator.py
[2025-12-11T00:50:15.475+0000] {processor.py:829} INFO - Processing file /home/airflow/.local/lib/python3.8/site-packages/airflow/example_dags/example_short_circuit_operator.py for tasks to queue
[2025-12-11T00:50:15.477+0000] {logging_mixin.py:154} INFO - [2025-12-11T00:50:15.476+0000] {dagbag.py:536} INFO - Filling up the DagBag from /home/airflow/.local/lib/python3.8/site-packages/airflow/example_dags/example_short_circuit_operator.py
[2025-12-11T00:50:15.481+0000] {processor.py:839} INFO - DAG(s) dict_keys(['example_short_circuit_operator']) retrieved from /home/airflow/.local/lib/python3.8/site-packages/airflow/example_dags/example_short_circuit_operator.py
[2025-12-11T00:50:15.495+0000] {logging_mixin.py:154} INFO - [2025-12-11T00:50:15.495+0000] {dag.py:2941} INFO - Sync 1 DAGs
[2025-12-11T00:50:15.508+0000] {logging_mixin.py:154} INFO - [2025-12-11T00:50:15.508+0000] {dag.py:3722} INFO - Setting next_dagrun for example_short_circuit_operator to 2025-12-10T00:50:15.508039+00:00, run_after=2025-12-11T00:50:15.508039+00:00
[2025-12-11T00:50:15.520+0000] {processor.py:179} INFO - Processing /home/airflow/.local/lib/python3.8/site-packages/airflow/example_dags/example_short_circuit_operator.py took 0.048 seconds
[2025-12-11T00:50:45.794+0000] {processor.py:157} INFO - Started process (PID=1535) to work on /home/airflow/.local/lib/python3.8/site-packages/airflow/example_dags/example_short_circuit_operator.py
[2025-12-11T00:50:45.795+0000] {processor.py:829} INFO - Processing file /home/airflow/.local/lib/python3.8/site-packages/airflow/example_dags/example_short_circuit_operator.py for tasks to queue
[2025-12-11T00:50:45.796+0000] {logging_mixin.py:154} INFO - [2025-12-11T00:50:45.796+0000] {dagbag.py:536} INFO - Filling up the DagBag from /home/airflow/.local/lib/python3.8/site-packages/airflow/example_dags/example_short_circuit_operator.py
[2025-12-11T00:50:45.801+0000] {processor.py:839} INFO - DAG(s) dict_keys(['example_short_circuit_operator']) retrieved from /home/airflow/.local/lib/python3.8/site-packages/airflow/example_dags/example_short_circuit_operator.py
[2025-12-11T00:50:45.816+0000] {logging_mixin.py:154} INFO - [2025-12-11T00:50:45.816+0000] {dag.py:2941} INFO - Sync 1 DAGs
[2025-12-11T00:50:45.828+0000] {logging_mixin.py:154} INFO - [2025-12-11T00:50:45.828+0000] {dag.py:3722} INFO - Setting next_dagrun for example_short_circuit_operator to 2025-12-10T00:50:45.828519+00:00, run_after=2025-12-11T00:50:45.828519+00:00
[2025-12-11T00:50:45.842+0000] {processor.py:179} INFO - Processing /home/airflow/.local/lib/python3.8/site-packages/airflow/example_dags/example_short_circuit_operator.py took 0.050 seconds
[2025-12-11T00:51:16.486+0000] {processor.py:157} INFO - Started process (PID=1590) to work on /home/airflow/.local/lib/python3.8/site-packages/airflow/example_dags/example_short_circuit_operator.py
[2025-12-11T00:51:16.487+0000] {processor.py:829} INFO - Processing file /home/airflow/.local/lib/python3.8/site-packages/airflow/example_dags/example_short_circuit_operator.py for tasks to queue
[2025-12-11T00:51:16.489+0000] {logging_mixin.py:154} INFO - [2025-12-11T00:51:16.489+0000] {dagbag.py:536} INFO - Filling up the DagBag from /home/airflow/.local/lib/python3.8/site-packages/airflow/example_dags/example_short_circuit_operator.py
[2025-12-11T00:51:16.495+0000] {processor.py:839} INFO - DAG(s) dict_keys(['example_short_circuit_operator']) retrieved from /home/airflow/.local/lib/python3.8/site-packages/airflow/example_dags/example_short_circuit_operator.py
[2025-12-11T00:51:16.514+0000] {logging_mixin.py:154} INFO - [2025-12-11T00:51:16.513+0000] {dag.py:2941} INFO - Sync 1 DAGs
[2025-12-11T00:51:16.528+0000] {logging_mixin.py:154} INFO - [2025-12-11T00:51:16.528+0000] {dag.py:3722} INFO - Setting next_dagrun for example_short_circuit_operator to 2025-12-10T00:51:16.528017+00:00, run_after=2025-12-11T00:51:16.528017+00:00
[2025-12-11T00:51:16.541+0000] {processor.py:179} INFO - Processing /home/airflow/.local/lib/python3.8/site-packages/airflow/example_dags/example_short_circuit_operator.py took 0.059 seconds
[2025-12-11T00:51:46.610+0000] {processor.py:157} INFO - Started process (PID=1645) to work on /home/airflow/.local/lib/python3.8/site-packages/airflow/example_dags/example_short_circuit_operator.py
[2025-12-11T00:51:46.611+0000] {processor.py:829} INFO - Processing file /home/airflow/.local/lib/python3.8/site-packages/airflow/example_dags/example_short_circuit_operator.py for tasks to queue
[2025-12-11T00:51:46.612+0000] {logging_mixin.py:154} INFO - [2025-12-11T00:51:46.612+0000] {dagbag.py:536} INFO - Filling up the DagBag from /home/airflow/.local/lib/python3.8/site-packages/airflow/example_dags/example_short_circuit_operator.py
[2025-12-11T00:51:46.616+0000] {processor.py:839} INFO - DAG(s) dict_keys(['example_short_circuit_operator']) retrieved from /home/airflow/.local/lib/python3.8/site-packages/airflow/example_dags/example_short_circuit_operator.py
[2025-12-11T00:51:46.630+0000] {logging_mixin.py:154} INFO - [2025-12-11T00:51:46.630+0000] {dag.py:2941} INFO - Sync 1 DAGs
[2025-12-11T00:51:46.643+0000] {logging_mixin.py:154} INFO - [2025-12-11T00:51:46.643+0000] {dag.py:3722} INFO - Setting next_dagrun for example_short_circuit_operator to 2025-12-10T00:51:46.643462+00:00, run_after=2025-12-11T00:51:46.643462+00:00
[2025-12-11T00:51:46.656+0000] {processor.py:179} INFO - Processing /home/airflow/.local/lib/python3.8/site-packages/airflow/example_dags/example_short_circuit_operator.py took 0.048 seconds
[2025-12-11T00:52:16.849+0000] {processor.py:157} INFO - Started process (PID=1700) to work on /home/airflow/.local/lib/python3.8/site-packages/airflow/example_dags/example_short_circuit_operator.py
[2025-12-11T00:52:16.864+0000] {processor.py:829} INFO - Processing file /home/airflow/.local/lib/python3.8/site-packages/airflow/example_dags/example_short_circuit_operator.py for tasks to queue
[2025-12-11T00:52:16.866+0000] {logging_mixin.py:154} INFO - [2025-12-11T00:52:16.865+0000] {dagbag.py:536} INFO - Filling up the DagBag from /home/airflow/.local/lib/python3.8/site-packages/airflow/example_dags/example_short_circuit_operator.py
[2025-12-11T00:52:16.871+0000] {processor.py:839} INFO - DAG(s) dict_keys(['example_short_circuit_operator']) retrieved from /home/airflow/.local/lib/python3.8/site-packages/airflow/example_dags/example_short_circuit_operator.py
[2025-12-11T00:52:16.886+0000] {logging_mixin.py:154} INFO - [2025-12-11T00:52:16.886+0000] {dag.py:2941} INFO - Sync 1 DAGs
[2025-12-11T00:52:16.899+0000] {logging_mixin.py:154} INFO - [2025-12-11T00:52:16.899+0000] {dag.py:3722} INFO - Setting next_dagrun for example_short_circuit_operator to 2025-12-10T00:52:16.899350+00:00, run_after=2025-12-11T00:52:16.899350+00:00
[2025-12-11T00:52:16.912+0000] {processor.py:179} INFO - Processing /home/airflow/.local/lib/python3.8/site-packages/airflow/example_dags/example_short_circuit_operator.py took 0.065 seconds
[2025-12-11T00:52:46.973+0000] {processor.py:157} INFO - Started process (PID=1755) to work on /home/airflow/.local/lib/python3.8/site-packages/airflow/example_dags/example_short_circuit_operator.py
[2025-12-11T00:52:46.973+0000] {processor.py:829} INFO - Processing file /home/airflow/.local/lib/python3.8/site-packages/airflow/example_dags/example_short_circuit_operator.py for tasks to queue
[2025-12-11T00:52:46.974+0000] {logging_mixin.py:154} INFO - [2025-12-11T00:52:46.974+0000] {dagbag.py:536} INFO - Filling up the DagBag from /home/airflow/.local/lib/python3.8/site-packages/airflow/example_dags/example_short_circuit_operator.py
[2025-12-11T00:52:46.979+0000] {processor.py:839} INFO - DAG(s) dict_keys(['example_short_circuit_operator']) retrieved from /home/airflow/.local/lib/python3.8/site-packages/airflow/example_dags/example_short_circuit_operator.py
[2025-12-11T00:52:46.997+0000] {logging_mixin.py:154} INFO - [2025-12-11T00:52:46.997+0000] {dag.py:2941} INFO - Sync 1 DAGs
[2025-12-11T00:52:47.012+0000] {logging_mixin.py:154} INFO - [2025-12-11T00:52:47.011+0000] {dag.py:3722} INFO - Setting next_dagrun for example_short_circuit_operator to 2025-12-10T00:52:47.011688+00:00, run_after=2025-12-11T00:52:47.011688+00:00
[2025-12-11T00:52:47.024+0000] {processor.py:179} INFO - Processing /home/airflow/.local/lib/python3.8/site-packages/airflow/example_dags/example_short_circuit_operator.py took 0.054 seconds
[2025-12-11T00:53:17.638+0000] {processor.py:157} INFO - Started process (PID=1810) to work on /home/airflow/.local/lib/python3.8/site-packages/airflow/example_dags/example_short_circuit_operator.py
[2025-12-11T00:53:17.639+0000] {processor.py:829} INFO - Processing file /home/airflow/.local/lib/python3.8/site-packages/airflow/example_dags/example_short_circuit_operator.py for tasks to queue
[2025-12-11T00:53:17.640+0000] {logging_mixin.py:154} INFO - [2025-12-11T00:53:17.640+0000] {dagbag.py:536} INFO - Filling up the DagBag from /home/airflow/.local/lib/python3.8/site-packages/airflow/example_dags/example_short_circuit_operator.py
[2025-12-11T00:53:17.646+0000] {processor.py:839} INFO - DAG(s) dict_keys(['example_short_circuit_operator']) retrieved from /home/airflow/.local/lib/python3.8/site-packages/airflow/example_dags/example_short_circuit_operator.py
[2025-12-11T00:53:17.663+0000] {logging_mixin.py:154} INFO - [2025-12-11T00:53:17.663+0000] {dag.py:2941} INFO - Sync 1 DAGs
[2025-12-11T00:53:17.675+0000] {logging_mixin.py:154} INFO - [2025-12-11T00:53:17.675+0000] {dag.py:3722} INFO - Setting next_dagrun for example_short_circuit_operator to 2025-12-10T00:53:17.675706+00:00, run_after=2025-12-11T00:53:17.675706+00:00
[2025-12-11T00:53:17.692+0000] {processor.py:179} INFO - Processing /home/airflow/.local/lib/python3.8/site-packages/airflow/example_dags/example_short_circuit_operator.py took 0.056 seconds
[2025-12-11T00:53:48.274+0000] {processor.py:157} INFO - Started process (PID=1865) to work on /home/airflow/.local/lib/python3.8/site-packages/airflow/example_dags/example_short_circuit_operator.py
[2025-12-11T00:53:48.274+0000] {processor.py:829} INFO - Processing file /home/airflow/.local/lib/python3.8/site-packages/airflow/example_dags/example_short_circuit_operator.py for tasks to queue
[2025-12-11T00:53:48.275+0000] {logging_mixin.py:154} INFO - [2025-12-11T00:53:48.275+0000] {dagbag.py:536} INFO - Filling up the DagBag from /home/airflow/.local/lib/python3.8/site-packages/airflow/example_dags/example_short_circuit_operator.py
[2025-12-11T00:53:48.280+0000] {processor.py:839} INFO - DAG(s) dict_keys(['example_short_circuit_operator']) retrieved from /home/airflow/.local/lib/python3.8/site-packages/airflow/example_dags/example_short_circuit_operator.py
[2025-12-11T00:53:48.295+0000] {logging_mixin.py:154} INFO - [2025-12-11T00:53:48.295+0000] {dag.py:2941} INFO - Sync 1 DAGs
[2025-12-11T00:53:48.309+0000] {logging_mixin.py:154} INFO - [2025-12-11T00:53:48.308+0000] {dag.py:3722} INFO - Setting next_dagrun for example_short_circuit_operator to 2025-12-10T00:53:48.308766+00:00, run_after=2025-12-11T00:53:48.308766+00:00
[2025-12-11T00:53:48.320+0000] {processor.py:179} INFO - Processing /home/airflow/.local/lib/python3.8/site-packages/airflow/example_dags/example_short_circuit_operator.py took 0.049 seconds
[2025-12-11T00:54:18.621+0000] {processor.py:157} INFO - Started process (PID=1921) to work on /home/airflow/.local/lib/python3.8/site-packages/airflow/example_dags/example_short_circuit_operator.py
[2025-12-11T00:54:18.621+0000] {processor.py:829} INFO - Processing file /home/airflow/.local/lib/python3.8/site-packages/airflow/example_dags/example_short_circuit_operator.py for tasks to queue
[2025-12-11T00:54:18.622+0000] {logging_mixin.py:154} INFO - [2025-12-11T00:54:18.622+0000] {dagbag.py:536} INFO - Filling up the DagBag from /home/airflow/.local/lib/python3.8/site-packages/airflow/example_dags/example_short_circuit_operator.py
[2025-12-11T00:54:18.627+0000] {processor.py:839} INFO - DAG(s) dict_keys(['example_short_circuit_operator']) retrieved from /home/airflow/.local/lib/python3.8/site-packages/airflow/example_dags/example_short_circuit_operator.py
[2025-12-11T00:54:18.643+0000] {logging_mixin.py:154} INFO - [2025-12-11T00:54:18.643+0000] {dag.py:2941} INFO - Sync 1 DAGs
[2025-12-11T00:54:18.657+0000] {logging_mixin.py:154} INFO - [2025-12-11T00:54:18.657+0000] {dag.py:3722} INFO - Setting next_dagrun for example_short_circuit_operator to 2025-12-10T00:54:18.657419+00:00, run_after=2025-12-11T00:54:18.657419+00:00
[2025-12-11T00:54:18.670+0000] {processor.py:179} INFO - Processing /home/airflow/.local/lib/python3.8/site-packages/airflow/example_dags/example_short_circuit_operator.py took 0.051 seconds
[2025-12-11T00:54:49.023+0000] {processor.py:157} INFO - Started process (PID=1976) to work on /home/airflow/.local/lib/python3.8/site-packages/airflow/example_dags/example_short_circuit_operator.py
[2025-12-11T00:54:49.024+0000] {processor.py:829} INFO - Processing file /home/airflow/.local/lib/python3.8/site-packages/airflow/example_dags/example_short_circuit_operator.py for tasks to queue
[2025-12-11T00:54:49.025+0000] {logging_mixin.py:154} INFO - [2025-12-11T00:54:49.025+0000] {dagbag.py:536} INFO - Filling up the DagBag from /home/airflow/.local/lib/python3.8/site-packages/airflow/example_dags/example_short_circuit_operator.py
[2025-12-11T00:54:49.029+0000] {processor.py:839} INFO - DAG(s) dict_keys(['example_short_circuit_operator']) retrieved from /home/airflow/.local/lib/python3.8/site-packages/airflow/example_dags/example_short_circuit_operator.py
[2025-12-11T00:54:49.044+0000] {logging_mixin.py:154} INFO - [2025-12-11T00:54:49.044+0000] {dag.py:2941} INFO - Sync 1 DAGs
[2025-12-11T00:54:49.057+0000] {logging_mixin.py:154} INFO - [2025-12-11T00:54:49.057+0000] {dag.py:3722} INFO - Setting next_dagrun for example_short_circuit_operator to 2025-12-10T00:54:49.057117+00:00, run_after=2025-12-11T00:54:49.057117+00:00
[2025-12-11T00:54:49.069+0000] {processor.py:179} INFO - Processing /home/airflow/.local/lib/python3.8/site-packages/airflow/example_dags/example_short_circuit_operator.py took 0.048 seconds
[2025-12-11T00:55:19.540+0000] {processor.py:157} INFO - Started process (PID=2031) to work on /home/airflow/.local/lib/python3.8/site-packages/airflow/example_dags/example_short_circuit_operator.py
[2025-12-11T00:55:19.541+0000] {processor.py:829} INFO - Processing file /home/airflow/.local/lib/python3.8/site-packages/airflow/example_dags/example_short_circuit_operator.py for tasks to queue
[2025-12-11T00:55:19.542+0000] {logging_mixin.py:154} INFO - [2025-12-11T00:55:19.542+0000] {dagbag.py:536} INFO - Filling up the DagBag from /home/airflow/.local/lib/python3.8/site-packages/airflow/example_dags/example_short_circuit_operator.py
[2025-12-11T00:55:19.547+0000] {processor.py:839} INFO - DAG(s) dict_keys(['example_short_circuit_operator']) retrieved from /home/airflow/.local/lib/python3.8/site-packages/airflow/example_dags/example_short_circuit_operator.py
[2025-12-11T00:55:19.564+0000] {logging_mixin.py:154} INFO - [2025-12-11T00:55:19.564+0000] {dag.py:2941} INFO - Sync 1 DAGs
[2025-12-11T00:55:19.577+0000] {logging_mixin.py:154} INFO - [2025-12-11T00:55:19.577+0000] {dag.py:3722} INFO - Setting next_dagrun for example_short_circuit_operator to 2025-12-10T00:55:19.576988+00:00, run_after=2025-12-11T00:55:19.576988+00:00
[2025-12-11T00:55:19.590+0000] {processor.py:179} INFO - Processing /home/airflow/.local/lib/python3.8/site-packages/airflow/example_dags/example_short_circuit_operator.py took 0.052 seconds
