[2025-12-11T00:38:17.381+0000] {processor.py:157} INFO - Started process (PID=216) to work on /home/airflow/.local/lib/python3.8/site-packages/airflow/example_dags/tutorial_taskflow_api.py
[2025-12-11T00:38:17.382+0000] {processor.py:829} INFO - Processing file /home/airflow/.local/lib/python3.8/site-packages/airflow/example_dags/tutorial_taskflow_api.py for tasks to queue
[2025-12-11T00:38:17.383+0000] {logging_mixin.py:154} INFO - [2025-12-11T00:38:17.383+0000] {dagbag.py:536} INFO - Filling up the DagBag from /home/airflow/.local/lib/python3.8/site-packages/airflow/example_dags/tutorial_taskflow_api.py
[2025-12-11T00:38:17.388+0000] {processor.py:839} INFO - DAG(s) dict_keys(['tutorial_taskflow_api']) retrieved from /home/airflow/.local/lib/python3.8/site-packages/airflow/example_dags/tutorial_taskflow_api.py
[2025-12-11T00:38:17.401+0000] {logging_mixin.py:154} INFO - [2025-12-11T00:38:17.400+0000] {dag.py:2941} INFO - Sync 1 DAGs
[2025-12-11T00:38:17.412+0000] {logging_mixin.py:154} INFO - [2025-12-11T00:38:17.412+0000] {dag.py:3722} INFO - Setting next_dagrun for tutorial_taskflow_api to None, run_after=None
[2025-12-11T00:38:17.435+0000] {processor.py:179} INFO - Processing /home/airflow/.local/lib/python3.8/site-packages/airflow/example_dags/tutorial_taskflow_api.py took 0.057 seconds
[2025-12-11T00:38:48.034+0000] {processor.py:157} INFO - Started process (PID=275) to work on /home/airflow/.local/lib/python3.8/site-packages/airflow/example_dags/tutorial_taskflow_api.py
[2025-12-11T00:38:48.034+0000] {processor.py:829} INFO - Processing file /home/airflow/.local/lib/python3.8/site-packages/airflow/example_dags/tutorial_taskflow_api.py for tasks to queue
[2025-12-11T00:38:48.035+0000] {logging_mixin.py:154} INFO - [2025-12-11T00:38:48.035+0000] {dagbag.py:536} INFO - Filling up the DagBag from /home/airflow/.local/lib/python3.8/site-packages/airflow/example_dags/tutorial_taskflow_api.py
[2025-12-11T00:38:48.039+0000] {processor.py:839} INFO - DAG(s) dict_keys(['tutorial_taskflow_api']) retrieved from /home/airflow/.local/lib/python3.8/site-packages/airflow/example_dags/tutorial_taskflow_api.py
[2025-12-11T00:38:48.054+0000] {logging_mixin.py:154} INFO - [2025-12-11T00:38:48.054+0000] {dag.py:2941} INFO - Sync 1 DAGs
[2025-12-11T00:38:48.064+0000] {logging_mixin.py:154} INFO - [2025-12-11T00:38:48.064+0000] {dag.py:3722} INFO - Setting next_dagrun for tutorial_taskflow_api to None, run_after=None
[2025-12-11T00:38:48.088+0000] {processor.py:179} INFO - Processing /home/airflow/.local/lib/python3.8/site-packages/airflow/example_dags/tutorial_taskflow_api.py took 0.057 seconds
[2025-12-11T00:39:18.335+0000] {processor.py:157} INFO - Started process (PID=330) to work on /home/airflow/.local/lib/python3.8/site-packages/airflow/example_dags/tutorial_taskflow_api.py
[2025-12-11T00:39:18.336+0000] {processor.py:829} INFO - Processing file /home/airflow/.local/lib/python3.8/site-packages/airflow/example_dags/tutorial_taskflow_api.py for tasks to queue
[2025-12-11T00:39:18.337+0000] {logging_mixin.py:154} INFO - [2025-12-11T00:39:18.336+0000] {dagbag.py:536} INFO - Filling up the DagBag from /home/airflow/.local/lib/python3.8/site-packages/airflow/example_dags/tutorial_taskflow_api.py
[2025-12-11T00:39:18.340+0000] {processor.py:839} INFO - DAG(s) dict_keys(['tutorial_taskflow_api']) retrieved from /home/airflow/.local/lib/python3.8/site-packages/airflow/example_dags/tutorial_taskflow_api.py
[2025-12-11T00:39:18.357+0000] {logging_mixin.py:154} INFO - [2025-12-11T00:39:18.357+0000] {dag.py:2941} INFO - Sync 1 DAGs
[2025-12-11T00:39:18.365+0000] {logging_mixin.py:154} INFO - [2025-12-11T00:39:18.365+0000] {dag.py:3722} INFO - Setting next_dagrun for tutorial_taskflow_api to None, run_after=None
[2025-12-11T00:39:18.378+0000] {processor.py:179} INFO - Processing /home/airflow/.local/lib/python3.8/site-packages/airflow/example_dags/tutorial_taskflow_api.py took 0.044 seconds
[2025-12-11T00:39:48.665+0000] {processor.py:157} INFO - Started process (PID=385) to work on /home/airflow/.local/lib/python3.8/site-packages/airflow/example_dags/tutorial_taskflow_api.py
[2025-12-11T00:39:48.666+0000] {processor.py:829} INFO - Processing file /home/airflow/.local/lib/python3.8/site-packages/airflow/example_dags/tutorial_taskflow_api.py for tasks to queue
[2025-12-11T00:39:48.669+0000] {logging_mixin.py:154} INFO - [2025-12-11T00:39:48.669+0000] {dagbag.py:536} INFO - Filling up the DagBag from /home/airflow/.local/lib/python3.8/site-packages/airflow/example_dags/tutorial_taskflow_api.py
[2025-12-11T00:39:48.673+0000] {processor.py:839} INFO - DAG(s) dict_keys(['tutorial_taskflow_api']) retrieved from /home/airflow/.local/lib/python3.8/site-packages/airflow/example_dags/tutorial_taskflow_api.py
[2025-12-11T00:39:48.689+0000] {logging_mixin.py:154} INFO - [2025-12-11T00:39:48.689+0000] {dag.py:2941} INFO - Sync 1 DAGs
[2025-12-11T00:39:48.698+0000] {logging_mixin.py:154} INFO - [2025-12-11T00:39:48.698+0000] {dag.py:3722} INFO - Setting next_dagrun for tutorial_taskflow_api to None, run_after=None
[2025-12-11T00:39:48.718+0000] {processor.py:179} INFO - Processing /home/airflow/.local/lib/python3.8/site-packages/airflow/example_dags/tutorial_taskflow_api.py took 0.057 seconds
[2025-12-11T00:40:25.951+0000] {processor.py:157} INFO - Started process (PID=447) to work on /home/airflow/.local/lib/python3.8/site-packages/airflow/example_dags/tutorial_taskflow_api.py
[2025-12-11T00:40:25.953+0000] {processor.py:829} INFO - Processing file /home/airflow/.local/lib/python3.8/site-packages/airflow/example_dags/tutorial_taskflow_api.py for tasks to queue
[2025-12-11T00:40:25.954+0000] {logging_mixin.py:154} INFO - [2025-12-11T00:40:25.954+0000] {dagbag.py:536} INFO - Filling up the DagBag from /home/airflow/.local/lib/python3.8/site-packages/airflow/example_dags/tutorial_taskflow_api.py
[2025-12-11T00:40:25.958+0000] {processor.py:839} INFO - DAG(s) dict_keys(['tutorial_taskflow_api']) retrieved from /home/airflow/.local/lib/python3.8/site-packages/airflow/example_dags/tutorial_taskflow_api.py
[2025-12-11T00:40:25.969+0000] {logging_mixin.py:154} INFO - [2025-12-11T00:40:25.969+0000] {dag.py:2941} INFO - Sync 1 DAGs
[2025-12-11T00:40:25.977+0000] {logging_mixin.py:154} INFO - [2025-12-11T00:40:25.977+0000] {dag.py:3722} INFO - Setting next_dagrun for tutorial_taskflow_api to None, run_after=None
[2025-12-11T00:40:25.989+0000] {processor.py:179} INFO - Processing /home/airflow/.local/lib/python3.8/site-packages/airflow/example_dags/tutorial_taskflow_api.py took 0.039 seconds
[2025-12-11T00:40:56.623+0000] {processor.py:157} INFO - Started process (PID=502) to work on /home/airflow/.local/lib/python3.8/site-packages/airflow/example_dags/tutorial_taskflow_api.py
[2025-12-11T00:40:56.623+0000] {processor.py:829} INFO - Processing file /home/airflow/.local/lib/python3.8/site-packages/airflow/example_dags/tutorial_taskflow_api.py for tasks to queue
[2025-12-11T00:40:56.624+0000] {logging_mixin.py:154} INFO - [2025-12-11T00:40:56.624+0000] {dagbag.py:536} INFO - Filling up the DagBag from /home/airflow/.local/lib/python3.8/site-packages/airflow/example_dags/tutorial_taskflow_api.py
[2025-12-11T00:40:56.627+0000] {processor.py:839} INFO - DAG(s) dict_keys(['tutorial_taskflow_api']) retrieved from /home/airflow/.local/lib/python3.8/site-packages/airflow/example_dags/tutorial_taskflow_api.py
[2025-12-11T00:40:56.643+0000] {logging_mixin.py:154} INFO - [2025-12-11T00:40:56.643+0000] {dag.py:2941} INFO - Sync 1 DAGs
[2025-12-11T00:40:56.650+0000] {logging_mixin.py:154} INFO - [2025-12-11T00:40:56.650+0000] {dag.py:3722} INFO - Setting next_dagrun for tutorial_taskflow_api to None, run_after=None
[2025-12-11T00:40:56.662+0000] {processor.py:179} INFO - Processing /home/airflow/.local/lib/python3.8/site-packages/airflow/example_dags/tutorial_taskflow_api.py took 0.042 seconds
[2025-12-11T00:41:34.052+0000] {processor.py:157} INFO - Started process (PID=557) to work on /home/airflow/.local/lib/python3.8/site-packages/airflow/example_dags/tutorial_taskflow_api.py
[2025-12-11T00:41:34.053+0000] {processor.py:829} INFO - Processing file /home/airflow/.local/lib/python3.8/site-packages/airflow/example_dags/tutorial_taskflow_api.py for tasks to queue
[2025-12-11T00:41:34.054+0000] {logging_mixin.py:154} INFO - [2025-12-11T00:41:34.054+0000] {dagbag.py:536} INFO - Filling up the DagBag from /home/airflow/.local/lib/python3.8/site-packages/airflow/example_dags/tutorial_taskflow_api.py
[2025-12-11T00:41:34.058+0000] {processor.py:839} INFO - DAG(s) dict_keys(['tutorial_taskflow_api']) retrieved from /home/airflow/.local/lib/python3.8/site-packages/airflow/example_dags/tutorial_taskflow_api.py
[2025-12-11T00:41:34.073+0000] {logging_mixin.py:154} INFO - [2025-12-11T00:41:34.073+0000] {dag.py:2941} INFO - Sync 1 DAGs
[2025-12-11T00:41:34.080+0000] {logging_mixin.py:154} INFO - [2025-12-11T00:41:34.080+0000] {dag.py:3722} INFO - Setting next_dagrun for tutorial_taskflow_api to None, run_after=None
[2025-12-11T00:41:34.091+0000] {processor.py:179} INFO - Processing /home/airflow/.local/lib/python3.8/site-packages/airflow/example_dags/tutorial_taskflow_api.py took 0.042 seconds
[2025-12-11T00:42:06.726+0000] {processor.py:157} INFO - Started process (PID=612) to work on /home/airflow/.local/lib/python3.8/site-packages/airflow/example_dags/tutorial_taskflow_api.py
[2025-12-11T00:42:06.727+0000] {processor.py:829} INFO - Processing file /home/airflow/.local/lib/python3.8/site-packages/airflow/example_dags/tutorial_taskflow_api.py for tasks to queue
[2025-12-11T00:42:06.729+0000] {logging_mixin.py:154} INFO - [2025-12-11T00:42:06.728+0000] {dagbag.py:536} INFO - Filling up the DagBag from /home/airflow/.local/lib/python3.8/site-packages/airflow/example_dags/tutorial_taskflow_api.py
[2025-12-11T00:42:06.732+0000] {processor.py:839} INFO - DAG(s) dict_keys(['tutorial_taskflow_api']) retrieved from /home/airflow/.local/lib/python3.8/site-packages/airflow/example_dags/tutorial_taskflow_api.py
[2025-12-11T00:42:06.743+0000] {logging_mixin.py:154} INFO - [2025-12-11T00:42:06.743+0000] {dag.py:2941} INFO - Sync 1 DAGs
[2025-12-11T00:42:06.751+0000] {logging_mixin.py:154} INFO - [2025-12-11T00:42:06.751+0000] {dag.py:3722} INFO - Setting next_dagrun for tutorial_taskflow_api to None, run_after=None
[2025-12-11T00:42:06.765+0000] {processor.py:179} INFO - Processing /home/airflow/.local/lib/python3.8/site-packages/airflow/example_dags/tutorial_taskflow_api.py took 0.040 seconds
[2025-12-11T00:42:37.469+0000] {processor.py:157} INFO - Started process (PID=667) to work on /home/airflow/.local/lib/python3.8/site-packages/airflow/example_dags/tutorial_taskflow_api.py
[2025-12-11T00:42:37.471+0000] {processor.py:829} INFO - Processing file /home/airflow/.local/lib/python3.8/site-packages/airflow/example_dags/tutorial_taskflow_api.py for tasks to queue
[2025-12-11T00:42:37.472+0000] {logging_mixin.py:154} INFO - [2025-12-11T00:42:37.472+0000] {dagbag.py:536} INFO - Filling up the DagBag from /home/airflow/.local/lib/python3.8/site-packages/airflow/example_dags/tutorial_taskflow_api.py
[2025-12-11T00:42:37.476+0000] {processor.py:839} INFO - DAG(s) dict_keys(['tutorial_taskflow_api']) retrieved from /home/airflow/.local/lib/python3.8/site-packages/airflow/example_dags/tutorial_taskflow_api.py
[2025-12-11T00:42:37.496+0000] {logging_mixin.py:154} INFO - [2025-12-11T00:42:37.496+0000] {dag.py:2941} INFO - Sync 1 DAGs
[2025-12-11T00:42:37.507+0000] {logging_mixin.py:154} INFO - [2025-12-11T00:42:37.507+0000] {dag.py:3722} INFO - Setting next_dagrun for tutorial_taskflow_api to None, run_after=None
[2025-12-11T00:42:37.520+0000] {processor.py:179} INFO - Processing /home/airflow/.local/lib/python3.8/site-packages/airflow/example_dags/tutorial_taskflow_api.py took 0.054 seconds
[2025-12-11T00:43:08.338+0000] {processor.py:157} INFO - Started process (PID=722) to work on /home/airflow/.local/lib/python3.8/site-packages/airflow/example_dags/tutorial_taskflow_api.py
[2025-12-11T00:43:08.339+0000] {processor.py:829} INFO - Processing file /home/airflow/.local/lib/python3.8/site-packages/airflow/example_dags/tutorial_taskflow_api.py for tasks to queue
[2025-12-11T00:43:08.340+0000] {logging_mixin.py:154} INFO - [2025-12-11T00:43:08.340+0000] {dagbag.py:536} INFO - Filling up the DagBag from /home/airflow/.local/lib/python3.8/site-packages/airflow/example_dags/tutorial_taskflow_api.py
[2025-12-11T00:43:08.343+0000] {processor.py:839} INFO - DAG(s) dict_keys(['tutorial_taskflow_api']) retrieved from /home/airflow/.local/lib/python3.8/site-packages/airflow/example_dags/tutorial_taskflow_api.py
[2025-12-11T00:43:08.357+0000] {logging_mixin.py:154} INFO - [2025-12-11T00:43:08.357+0000] {dag.py:2941} INFO - Sync 1 DAGs
[2025-12-11T00:43:08.365+0000] {logging_mixin.py:154} INFO - [2025-12-11T00:43:08.365+0000] {dag.py:3722} INFO - Setting next_dagrun for tutorial_taskflow_api to None, run_after=None
[2025-12-11T00:43:08.376+0000] {processor.py:179} INFO - Processing /home/airflow/.local/lib/python3.8/site-packages/airflow/example_dags/tutorial_taskflow_api.py took 0.041 seconds
[2025-12-11T00:43:39.327+0000] {processor.py:157} INFO - Started process (PID=777) to work on /home/airflow/.local/lib/python3.8/site-packages/airflow/example_dags/tutorial_taskflow_api.py
[2025-12-11T00:43:39.327+0000] {processor.py:829} INFO - Processing file /home/airflow/.local/lib/python3.8/site-packages/airflow/example_dags/tutorial_taskflow_api.py for tasks to queue
[2025-12-11T00:43:39.328+0000] {logging_mixin.py:154} INFO - [2025-12-11T00:43:39.328+0000] {dagbag.py:536} INFO - Filling up the DagBag from /home/airflow/.local/lib/python3.8/site-packages/airflow/example_dags/tutorial_taskflow_api.py
[2025-12-11T00:43:39.332+0000] {processor.py:839} INFO - DAG(s) dict_keys(['tutorial_taskflow_api']) retrieved from /home/airflow/.local/lib/python3.8/site-packages/airflow/example_dags/tutorial_taskflow_api.py
[2025-12-11T00:43:39.347+0000] {logging_mixin.py:154} INFO - [2025-12-11T00:43:39.347+0000] {dag.py:2941} INFO - Sync 1 DAGs
[2025-12-11T00:43:39.354+0000] {logging_mixin.py:154} INFO - [2025-12-11T00:43:39.354+0000] {dag.py:3722} INFO - Setting next_dagrun for tutorial_taskflow_api to None, run_after=None
[2025-12-11T00:43:39.365+0000] {processor.py:179} INFO - Processing /home/airflow/.local/lib/python3.8/site-packages/airflow/example_dags/tutorial_taskflow_api.py took 0.040 seconds
[2025-12-11T00:44:09.986+0000] {processor.py:157} INFO - Started process (PID=833) to work on /home/airflow/.local/lib/python3.8/site-packages/airflow/example_dags/tutorial_taskflow_api.py
[2025-12-11T00:44:09.986+0000] {processor.py:829} INFO - Processing file /home/airflow/.local/lib/python3.8/site-packages/airflow/example_dags/tutorial_taskflow_api.py for tasks to queue
[2025-12-11T00:44:09.988+0000] {logging_mixin.py:154} INFO - [2025-12-11T00:44:09.987+0000] {dagbag.py:536} INFO - Filling up the DagBag from /home/airflow/.local/lib/python3.8/site-packages/airflow/example_dags/tutorial_taskflow_api.py
[2025-12-11T00:44:09.991+0000] {processor.py:839} INFO - DAG(s) dict_keys(['tutorial_taskflow_api']) retrieved from /home/airflow/.local/lib/python3.8/site-packages/airflow/example_dags/tutorial_taskflow_api.py
[2025-12-11T00:44:10.007+0000] {logging_mixin.py:154} INFO - [2025-12-11T00:44:10.007+0000] {dag.py:2941} INFO - Sync 1 DAGs
[2025-12-11T00:44:10.014+0000] {logging_mixin.py:154} INFO - [2025-12-11T00:44:10.014+0000] {dag.py:3722} INFO - Setting next_dagrun for tutorial_taskflow_api to None, run_after=None
[2025-12-11T00:44:10.025+0000] {processor.py:179} INFO - Processing /home/airflow/.local/lib/python3.8/site-packages/airflow/example_dags/tutorial_taskflow_api.py took 0.041 seconds
[2025-12-11T00:44:40.478+0000] {processor.py:157} INFO - Started process (PID=888) to work on /home/airflow/.local/lib/python3.8/site-packages/airflow/example_dags/tutorial_taskflow_api.py
[2025-12-11T00:44:40.479+0000] {processor.py:829} INFO - Processing file /home/airflow/.local/lib/python3.8/site-packages/airflow/example_dags/tutorial_taskflow_api.py for tasks to queue
[2025-12-11T00:44:40.480+0000] {logging_mixin.py:154} INFO - [2025-12-11T00:44:40.480+0000] {dagbag.py:536} INFO - Filling up the DagBag from /home/airflow/.local/lib/python3.8/site-packages/airflow/example_dags/tutorial_taskflow_api.py
[2025-12-11T00:44:40.483+0000] {processor.py:839} INFO - DAG(s) dict_keys(['tutorial_taskflow_api']) retrieved from /home/airflow/.local/lib/python3.8/site-packages/airflow/example_dags/tutorial_taskflow_api.py
[2025-12-11T00:44:40.496+0000] {logging_mixin.py:154} INFO - [2025-12-11T00:44:40.496+0000] {dag.py:2941} INFO - Sync 1 DAGs
[2025-12-11T00:44:40.503+0000] {logging_mixin.py:154} INFO - [2025-12-11T00:44:40.503+0000] {dag.py:3722} INFO - Setting next_dagrun for tutorial_taskflow_api to None, run_after=None
[2025-12-11T00:44:40.517+0000] {processor.py:179} INFO - Processing /home/airflow/.local/lib/python3.8/site-packages/airflow/example_dags/tutorial_taskflow_api.py took 0.042 seconds
[2025-12-11T00:45:10.904+0000] {processor.py:157} INFO - Started process (PID=943) to work on /home/airflow/.local/lib/python3.8/site-packages/airflow/example_dags/tutorial_taskflow_api.py
[2025-12-11T00:45:10.904+0000] {processor.py:829} INFO - Processing file /home/airflow/.local/lib/python3.8/site-packages/airflow/example_dags/tutorial_taskflow_api.py for tasks to queue
[2025-12-11T00:45:10.906+0000] {logging_mixin.py:154} INFO - [2025-12-11T00:45:10.905+0000] {dagbag.py:536} INFO - Filling up the DagBag from /home/airflow/.local/lib/python3.8/site-packages/airflow/example_dags/tutorial_taskflow_api.py
[2025-12-11T00:45:10.909+0000] {processor.py:839} INFO - DAG(s) dict_keys(['tutorial_taskflow_api']) retrieved from /home/airflow/.local/lib/python3.8/site-packages/airflow/example_dags/tutorial_taskflow_api.py
[2025-12-11T00:45:10.922+0000] {logging_mixin.py:154} INFO - [2025-12-11T00:45:10.922+0000] {dag.py:2941} INFO - Sync 1 DAGs
[2025-12-11T00:45:10.931+0000] {logging_mixin.py:154} INFO - [2025-12-11T00:45:10.931+0000] {dag.py:3722} INFO - Setting next_dagrun for tutorial_taskflow_api to None, run_after=None
[2025-12-11T00:45:10.947+0000] {processor.py:179} INFO - Processing /home/airflow/.local/lib/python3.8/site-packages/airflow/example_dags/tutorial_taskflow_api.py took 0.046 seconds
[2025-12-11T00:45:41.400+0000] {processor.py:157} INFO - Started process (PID=998) to work on /home/airflow/.local/lib/python3.8/site-packages/airflow/example_dags/tutorial_taskflow_api.py
[2025-12-11T00:45:41.400+0000] {processor.py:829} INFO - Processing file /home/airflow/.local/lib/python3.8/site-packages/airflow/example_dags/tutorial_taskflow_api.py for tasks to queue
[2025-12-11T00:45:41.401+0000] {logging_mixin.py:154} INFO - [2025-12-11T00:45:41.401+0000] {dagbag.py:536} INFO - Filling up the DagBag from /home/airflow/.local/lib/python3.8/site-packages/airflow/example_dags/tutorial_taskflow_api.py
[2025-12-11T00:45:41.405+0000] {processor.py:839} INFO - DAG(s) dict_keys(['tutorial_taskflow_api']) retrieved from /home/airflow/.local/lib/python3.8/site-packages/airflow/example_dags/tutorial_taskflow_api.py
[2025-12-11T00:45:41.419+0000] {logging_mixin.py:154} INFO - [2025-12-11T00:45:41.419+0000] {dag.py:2941} INFO - Sync 1 DAGs
[2025-12-11T00:45:41.426+0000] {logging_mixin.py:154} INFO - [2025-12-11T00:45:41.426+0000] {dag.py:3722} INFO - Setting next_dagrun for tutorial_taskflow_api to None, run_after=None
[2025-12-11T00:45:41.436+0000] {processor.py:179} INFO - Processing /home/airflow/.local/lib/python3.8/site-packages/airflow/example_dags/tutorial_taskflow_api.py took 0.039 seconds
[2025-12-11T00:46:11.869+0000] {processor.py:157} INFO - Started process (PID=1053) to work on /home/airflow/.local/lib/python3.8/site-packages/airflow/example_dags/tutorial_taskflow_api.py
[2025-12-11T00:46:11.870+0000] {processor.py:829} INFO - Processing file /home/airflow/.local/lib/python3.8/site-packages/airflow/example_dags/tutorial_taskflow_api.py for tasks to queue
[2025-12-11T00:46:11.871+0000] {logging_mixin.py:154} INFO - [2025-12-11T00:46:11.871+0000] {dagbag.py:536} INFO - Filling up the DagBag from /home/airflow/.local/lib/python3.8/site-packages/airflow/example_dags/tutorial_taskflow_api.py
[2025-12-11T00:46:11.874+0000] {processor.py:839} INFO - DAG(s) dict_keys(['tutorial_taskflow_api']) retrieved from /home/airflow/.local/lib/python3.8/site-packages/airflow/example_dags/tutorial_taskflow_api.py
[2025-12-11T00:46:11.889+0000] {logging_mixin.py:154} INFO - [2025-12-11T00:46:11.889+0000] {dag.py:2941} INFO - Sync 1 DAGs
[2025-12-11T00:46:11.896+0000] {logging_mixin.py:154} INFO - [2025-12-11T00:46:11.895+0000] {dag.py:3722} INFO - Setting next_dagrun for tutorial_taskflow_api to None, run_after=None
[2025-12-11T00:46:11.906+0000] {processor.py:179} INFO - Processing /home/airflow/.local/lib/python3.8/site-packages/airflow/example_dags/tutorial_taskflow_api.py took 0.038 seconds
[2025-12-11T00:46:42.469+0000] {processor.py:157} INFO - Started process (PID=1108) to work on /home/airflow/.local/lib/python3.8/site-packages/airflow/example_dags/tutorial_taskflow_api.py
[2025-12-11T00:46:42.470+0000] {processor.py:829} INFO - Processing file /home/airflow/.local/lib/python3.8/site-packages/airflow/example_dags/tutorial_taskflow_api.py for tasks to queue
[2025-12-11T00:46:42.471+0000] {logging_mixin.py:154} INFO - [2025-12-11T00:46:42.470+0000] {dagbag.py:536} INFO - Filling up the DagBag from /home/airflow/.local/lib/python3.8/site-packages/airflow/example_dags/tutorial_taskflow_api.py
[2025-12-11T00:46:42.474+0000] {processor.py:839} INFO - DAG(s) dict_keys(['tutorial_taskflow_api']) retrieved from /home/airflow/.local/lib/python3.8/site-packages/airflow/example_dags/tutorial_taskflow_api.py
[2025-12-11T00:46:42.488+0000] {logging_mixin.py:154} INFO - [2025-12-11T00:46:42.488+0000] {dag.py:2941} INFO - Sync 1 DAGs
[2025-12-11T00:46:42.494+0000] {logging_mixin.py:154} INFO - [2025-12-11T00:46:42.494+0000] {dag.py:3722} INFO - Setting next_dagrun for tutorial_taskflow_api to None, run_after=None
[2025-12-11T00:46:42.507+0000] {processor.py:179} INFO - Processing /home/airflow/.local/lib/python3.8/site-packages/airflow/example_dags/tutorial_taskflow_api.py took 0.040 seconds
[2025-12-11T00:47:13.129+0000] {processor.py:157} INFO - Started process (PID=1163) to work on /home/airflow/.local/lib/python3.8/site-packages/airflow/example_dags/tutorial_taskflow_api.py
[2025-12-11T00:47:13.130+0000] {processor.py:829} INFO - Processing file /home/airflow/.local/lib/python3.8/site-packages/airflow/example_dags/tutorial_taskflow_api.py for tasks to queue
[2025-12-11T00:47:13.131+0000] {logging_mixin.py:154} INFO - [2025-12-11T00:47:13.131+0000] {dagbag.py:536} INFO - Filling up the DagBag from /home/airflow/.local/lib/python3.8/site-packages/airflow/example_dags/tutorial_taskflow_api.py
[2025-12-11T00:47:13.134+0000] {processor.py:839} INFO - DAG(s) dict_keys(['tutorial_taskflow_api']) retrieved from /home/airflow/.local/lib/python3.8/site-packages/airflow/example_dags/tutorial_taskflow_api.py
[2025-12-11T00:47:13.147+0000] {logging_mixin.py:154} INFO - [2025-12-11T00:47:13.147+0000] {dag.py:2941} INFO - Sync 1 DAGs
[2025-12-11T00:47:13.155+0000] {logging_mixin.py:154} INFO - [2025-12-11T00:47:13.154+0000] {dag.py:3722} INFO - Setting next_dagrun for tutorial_taskflow_api to None, run_after=None
[2025-12-11T00:47:13.165+0000] {processor.py:179} INFO - Processing /home/airflow/.local/lib/python3.8/site-packages/airflow/example_dags/tutorial_taskflow_api.py took 0.039 seconds
[2025-12-11T00:47:43.766+0000] {processor.py:157} INFO - Started process (PID=1218) to work on /home/airflow/.local/lib/python3.8/site-packages/airflow/example_dags/tutorial_taskflow_api.py
[2025-12-11T00:47:43.767+0000] {processor.py:829} INFO - Processing file /home/airflow/.local/lib/python3.8/site-packages/airflow/example_dags/tutorial_taskflow_api.py for tasks to queue
[2025-12-11T00:47:43.768+0000] {logging_mixin.py:154} INFO - [2025-12-11T00:47:43.768+0000] {dagbag.py:536} INFO - Filling up the DagBag from /home/airflow/.local/lib/python3.8/site-packages/airflow/example_dags/tutorial_taskflow_api.py
[2025-12-11T00:47:43.771+0000] {processor.py:839} INFO - DAG(s) dict_keys(['tutorial_taskflow_api']) retrieved from /home/airflow/.local/lib/python3.8/site-packages/airflow/example_dags/tutorial_taskflow_api.py
[2025-12-11T00:47:43.786+0000] {logging_mixin.py:154} INFO - [2025-12-11T00:47:43.785+0000] {dag.py:2941} INFO - Sync 1 DAGs
[2025-12-11T00:47:43.797+0000] {logging_mixin.py:154} INFO - [2025-12-11T00:47:43.796+0000] {dag.py:3722} INFO - Setting next_dagrun for tutorial_taskflow_api to None, run_after=None
[2025-12-11T00:47:43.808+0000] {processor.py:179} INFO - Processing /home/airflow/.local/lib/python3.8/site-packages/airflow/example_dags/tutorial_taskflow_api.py took 0.044 seconds
[2025-12-11T00:48:13.899+0000] {processor.py:157} INFO - Started process (PID=1273) to work on /home/airflow/.local/lib/python3.8/site-packages/airflow/example_dags/tutorial_taskflow_api.py
[2025-12-11T00:48:13.900+0000] {processor.py:829} INFO - Processing file /home/airflow/.local/lib/python3.8/site-packages/airflow/example_dags/tutorial_taskflow_api.py for tasks to queue
[2025-12-11T00:48:13.902+0000] {logging_mixin.py:154} INFO - [2025-12-11T00:48:13.901+0000] {dagbag.py:536} INFO - Filling up the DagBag from /home/airflow/.local/lib/python3.8/site-packages/airflow/example_dags/tutorial_taskflow_api.py
[2025-12-11T00:48:13.907+0000] {processor.py:839} INFO - DAG(s) dict_keys(['tutorial_taskflow_api']) retrieved from /home/airflow/.local/lib/python3.8/site-packages/airflow/example_dags/tutorial_taskflow_api.py
[2025-12-11T00:48:13.923+0000] {logging_mixin.py:154} INFO - [2025-12-11T00:48:13.923+0000] {dag.py:2941} INFO - Sync 1 DAGs
[2025-12-11T00:48:13.930+0000] {logging_mixin.py:154} INFO - [2025-12-11T00:48:13.930+0000] {dag.py:3722} INFO - Setting next_dagrun for tutorial_taskflow_api to None, run_after=None
[2025-12-11T00:48:13.943+0000] {processor.py:179} INFO - Processing /home/airflow/.local/lib/python3.8/site-packages/airflow/example_dags/tutorial_taskflow_api.py took 0.047 seconds
[2025-12-11T00:48:44.804+0000] {processor.py:157} INFO - Started process (PID=1328) to work on /home/airflow/.local/lib/python3.8/site-packages/airflow/example_dags/tutorial_taskflow_api.py
[2025-12-11T00:48:44.804+0000] {processor.py:829} INFO - Processing file /home/airflow/.local/lib/python3.8/site-packages/airflow/example_dags/tutorial_taskflow_api.py for tasks to queue
[2025-12-11T00:48:44.806+0000] {logging_mixin.py:154} INFO - [2025-12-11T00:48:44.805+0000] {dagbag.py:536} INFO - Filling up the DagBag from /home/airflow/.local/lib/python3.8/site-packages/airflow/example_dags/tutorial_taskflow_api.py
[2025-12-11T00:48:44.809+0000] {processor.py:839} INFO - DAG(s) dict_keys(['tutorial_taskflow_api']) retrieved from /home/airflow/.local/lib/python3.8/site-packages/airflow/example_dags/tutorial_taskflow_api.py
[2025-12-11T00:48:44.821+0000] {logging_mixin.py:154} INFO - [2025-12-11T00:48:44.821+0000] {dag.py:2941} INFO - Sync 1 DAGs
[2025-12-11T00:48:44.829+0000] {logging_mixin.py:154} INFO - [2025-12-11T00:48:44.829+0000] {dag.py:3722} INFO - Setting next_dagrun for tutorial_taskflow_api to None, run_after=None
[2025-12-11T00:48:44.842+0000] {processor.py:179} INFO - Processing /home/airflow/.local/lib/python3.8/site-packages/airflow/example_dags/tutorial_taskflow_api.py took 0.040 seconds
[2025-12-11T00:49:15.654+0000] {processor.py:157} INFO - Started process (PID=1383) to work on /home/airflow/.local/lib/python3.8/site-packages/airflow/example_dags/tutorial_taskflow_api.py
[2025-12-11T00:49:15.654+0000] {processor.py:829} INFO - Processing file /home/airflow/.local/lib/python3.8/site-packages/airflow/example_dags/tutorial_taskflow_api.py for tasks to queue
[2025-12-11T00:49:15.655+0000] {logging_mixin.py:154} INFO - [2025-12-11T00:49:15.655+0000] {dagbag.py:536} INFO - Filling up the DagBag from /home/airflow/.local/lib/python3.8/site-packages/airflow/example_dags/tutorial_taskflow_api.py
[2025-12-11T00:49:15.659+0000] {processor.py:839} INFO - DAG(s) dict_keys(['tutorial_taskflow_api']) retrieved from /home/airflow/.local/lib/python3.8/site-packages/airflow/example_dags/tutorial_taskflow_api.py
[2025-12-11T00:49:15.677+0000] {logging_mixin.py:154} INFO - [2025-12-11T00:49:15.677+0000] {dag.py:2941} INFO - Sync 1 DAGs
[2025-12-11T00:49:15.686+0000] {logging_mixin.py:154} INFO - [2025-12-11T00:49:15.686+0000] {dag.py:3722} INFO - Setting next_dagrun for tutorial_taskflow_api to None, run_after=None
[2025-12-11T00:49:15.703+0000] {processor.py:179} INFO - Processing /home/airflow/.local/lib/python3.8/site-packages/airflow/example_dags/tutorial_taskflow_api.py took 0.051 seconds
[2025-12-11T00:49:45.758+0000] {processor.py:157} INFO - Started process (PID=1438) to work on /home/airflow/.local/lib/python3.8/site-packages/airflow/example_dags/tutorial_taskflow_api.py
[2025-12-11T00:49:45.758+0000] {processor.py:829} INFO - Processing file /home/airflow/.local/lib/python3.8/site-packages/airflow/example_dags/tutorial_taskflow_api.py for tasks to queue
[2025-12-11T00:49:45.759+0000] {logging_mixin.py:154} INFO - [2025-12-11T00:49:45.759+0000] {dagbag.py:536} INFO - Filling up the DagBag from /home/airflow/.local/lib/python3.8/site-packages/airflow/example_dags/tutorial_taskflow_api.py
[2025-12-11T00:49:45.763+0000] {processor.py:839} INFO - DAG(s) dict_keys(['tutorial_taskflow_api']) retrieved from /home/airflow/.local/lib/python3.8/site-packages/airflow/example_dags/tutorial_taskflow_api.py
[2025-12-11T00:49:45.776+0000] {logging_mixin.py:154} INFO - [2025-12-11T00:49:45.776+0000] {dag.py:2941} INFO - Sync 1 DAGs
[2025-12-11T00:49:45.783+0000] {logging_mixin.py:154} INFO - [2025-12-11T00:49:45.783+0000] {dag.py:3722} INFO - Setting next_dagrun for tutorial_taskflow_api to None, run_after=None
[2025-12-11T00:49:45.796+0000] {processor.py:179} INFO - Processing /home/airflow/.local/lib/python3.8/site-packages/airflow/example_dags/tutorial_taskflow_api.py took 0.040 seconds
[2025-12-11T00:50:16.111+0000] {processor.py:157} INFO - Started process (PID=1493) to work on /home/airflow/.local/lib/python3.8/site-packages/airflow/example_dags/tutorial_taskflow_api.py
[2025-12-11T00:50:16.111+0000] {processor.py:829} INFO - Processing file /home/airflow/.local/lib/python3.8/site-packages/airflow/example_dags/tutorial_taskflow_api.py for tasks to queue
[2025-12-11T00:50:16.113+0000] {logging_mixin.py:154} INFO - [2025-12-11T00:50:16.113+0000] {dagbag.py:536} INFO - Filling up the DagBag from /home/airflow/.local/lib/python3.8/site-packages/airflow/example_dags/tutorial_taskflow_api.py
[2025-12-11T00:50:16.119+0000] {processor.py:839} INFO - DAG(s) dict_keys(['tutorial_taskflow_api']) retrieved from /home/airflow/.local/lib/python3.8/site-packages/airflow/example_dags/tutorial_taskflow_api.py
[2025-12-11T00:50:16.134+0000] {logging_mixin.py:154} INFO - [2025-12-11T00:50:16.134+0000] {dag.py:2941} INFO - Sync 1 DAGs
[2025-12-11T00:50:16.141+0000] {logging_mixin.py:154} INFO - [2025-12-11T00:50:16.141+0000] {dag.py:3722} INFO - Setting next_dagrun for tutorial_taskflow_api to None, run_after=None
[2025-12-11T00:50:16.152+0000] {processor.py:179} INFO - Processing /home/airflow/.local/lib/python3.8/site-packages/airflow/example_dags/tutorial_taskflow_api.py took 0.044 seconds
[2025-12-11T00:50:46.234+0000] {processor.py:157} INFO - Started process (PID=1548) to work on /home/airflow/.local/lib/python3.8/site-packages/airflow/example_dags/tutorial_taskflow_api.py
[2025-12-11T00:50:46.235+0000] {processor.py:829} INFO - Processing file /home/airflow/.local/lib/python3.8/site-packages/airflow/example_dags/tutorial_taskflow_api.py for tasks to queue
[2025-12-11T00:50:46.236+0000] {logging_mixin.py:154} INFO - [2025-12-11T00:50:46.236+0000] {dagbag.py:536} INFO - Filling up the DagBag from /home/airflow/.local/lib/python3.8/site-packages/airflow/example_dags/tutorial_taskflow_api.py
[2025-12-11T00:50:46.240+0000] {processor.py:839} INFO - DAG(s) dict_keys(['tutorial_taskflow_api']) retrieved from /home/airflow/.local/lib/python3.8/site-packages/airflow/example_dags/tutorial_taskflow_api.py
[2025-12-11T00:50:46.253+0000] {logging_mixin.py:154} INFO - [2025-12-11T00:50:46.253+0000] {dag.py:2941} INFO - Sync 1 DAGs
[2025-12-11T00:50:46.261+0000] {logging_mixin.py:154} INFO - [2025-12-11T00:50:46.261+0000] {dag.py:3722} INFO - Setting next_dagrun for tutorial_taskflow_api to None, run_after=None
[2025-12-11T00:50:46.273+0000] {processor.py:179} INFO - Processing /home/airflow/.local/lib/python3.8/site-packages/airflow/example_dags/tutorial_taskflow_api.py took 0.041 seconds
[2025-12-11T00:51:16.947+0000] {processor.py:157} INFO - Started process (PID=1603) to work on /home/airflow/.local/lib/python3.8/site-packages/airflow/example_dags/tutorial_taskflow_api.py
[2025-12-11T00:51:16.948+0000] {processor.py:829} INFO - Processing file /home/airflow/.local/lib/python3.8/site-packages/airflow/example_dags/tutorial_taskflow_api.py for tasks to queue
[2025-12-11T00:51:16.949+0000] {logging_mixin.py:154} INFO - [2025-12-11T00:51:16.949+0000] {dagbag.py:536} INFO - Filling up the DagBag from /home/airflow/.local/lib/python3.8/site-packages/airflow/example_dags/tutorial_taskflow_api.py
[2025-12-11T00:51:16.953+0000] {processor.py:839} INFO - DAG(s) dict_keys(['tutorial_taskflow_api']) retrieved from /home/airflow/.local/lib/python3.8/site-packages/airflow/example_dags/tutorial_taskflow_api.py
[2025-12-11T00:51:16.967+0000] {logging_mixin.py:154} INFO - [2025-12-11T00:51:16.967+0000] {dag.py:2941} INFO - Sync 1 DAGs
[2025-12-11T00:51:16.974+0000] {logging_mixin.py:154} INFO - [2025-12-11T00:51:16.974+0000] {dag.py:3722} INFO - Setting next_dagrun for tutorial_taskflow_api to None, run_after=None
[2025-12-11T00:51:16.986+0000] {processor.py:179} INFO - Processing /home/airflow/.local/lib/python3.8/site-packages/airflow/example_dags/tutorial_taskflow_api.py took 0.042 seconds
[2025-12-11T00:51:47.034+0000] {processor.py:157} INFO - Started process (PID=1658) to work on /home/airflow/.local/lib/python3.8/site-packages/airflow/example_dags/tutorial_taskflow_api.py
[2025-12-11T00:51:47.034+0000] {processor.py:829} INFO - Processing file /home/airflow/.local/lib/python3.8/site-packages/airflow/example_dags/tutorial_taskflow_api.py for tasks to queue
[2025-12-11T00:51:47.036+0000] {logging_mixin.py:154} INFO - [2025-12-11T00:51:47.035+0000] {dagbag.py:536} INFO - Filling up the DagBag from /home/airflow/.local/lib/python3.8/site-packages/airflow/example_dags/tutorial_taskflow_api.py
[2025-12-11T00:51:47.039+0000] {processor.py:839} INFO - DAG(s) dict_keys(['tutorial_taskflow_api']) retrieved from /home/airflow/.local/lib/python3.8/site-packages/airflow/example_dags/tutorial_taskflow_api.py
[2025-12-11T00:51:47.054+0000] {logging_mixin.py:154} INFO - [2025-12-11T00:51:47.054+0000] {dag.py:2941} INFO - Sync 1 DAGs
[2025-12-11T00:51:47.064+0000] {logging_mixin.py:154} INFO - [2025-12-11T00:51:47.063+0000] {dag.py:3722} INFO - Setting next_dagrun for tutorial_taskflow_api to None, run_after=None
[2025-12-11T00:51:47.076+0000] {processor.py:179} INFO - Processing /home/airflow/.local/lib/python3.8/site-packages/airflow/example_dags/tutorial_taskflow_api.py took 0.045 seconds
[2025-12-11T00:52:17.417+0000] {processor.py:157} INFO - Started process (PID=1713) to work on /home/airflow/.local/lib/python3.8/site-packages/airflow/example_dags/tutorial_taskflow_api.py
[2025-12-11T00:52:17.418+0000] {processor.py:829} INFO - Processing file /home/airflow/.local/lib/python3.8/site-packages/airflow/example_dags/tutorial_taskflow_api.py for tasks to queue
[2025-12-11T00:52:17.419+0000] {logging_mixin.py:154} INFO - [2025-12-11T00:52:17.419+0000] {dagbag.py:536} INFO - Filling up the DagBag from /home/airflow/.local/lib/python3.8/site-packages/airflow/example_dags/tutorial_taskflow_api.py
[2025-12-11T00:52:17.423+0000] {processor.py:839} INFO - DAG(s) dict_keys(['tutorial_taskflow_api']) retrieved from /home/airflow/.local/lib/python3.8/site-packages/airflow/example_dags/tutorial_taskflow_api.py
[2025-12-11T00:52:17.437+0000] {logging_mixin.py:154} INFO - [2025-12-11T00:52:17.436+0000] {dag.py:2941} INFO - Sync 1 DAGs
[2025-12-11T00:52:17.447+0000] {logging_mixin.py:154} INFO - [2025-12-11T00:52:17.447+0000] {dag.py:3722} INFO - Setting next_dagrun for tutorial_taskflow_api to None, run_after=None
[2025-12-11T00:52:17.460+0000] {processor.py:179} INFO - Processing /home/airflow/.local/lib/python3.8/site-packages/airflow/example_dags/tutorial_taskflow_api.py took 0.045 seconds
[2025-12-11T00:52:47.485+0000] {processor.py:157} INFO - Started process (PID=1768) to work on /home/airflow/.local/lib/python3.8/site-packages/airflow/example_dags/tutorial_taskflow_api.py
[2025-12-11T00:52:47.486+0000] {processor.py:829} INFO - Processing file /home/airflow/.local/lib/python3.8/site-packages/airflow/example_dags/tutorial_taskflow_api.py for tasks to queue
[2025-12-11T00:52:47.488+0000] {logging_mixin.py:154} INFO - [2025-12-11T00:52:47.488+0000] {dagbag.py:536} INFO - Filling up the DagBag from /home/airflow/.local/lib/python3.8/site-packages/airflow/example_dags/tutorial_taskflow_api.py
[2025-12-11T00:52:47.492+0000] {processor.py:839} INFO - DAG(s) dict_keys(['tutorial_taskflow_api']) retrieved from /home/airflow/.local/lib/python3.8/site-packages/airflow/example_dags/tutorial_taskflow_api.py
[2025-12-11T00:52:47.506+0000] {logging_mixin.py:154} INFO - [2025-12-11T00:52:47.506+0000] {dag.py:2941} INFO - Sync 1 DAGs
[2025-12-11T00:52:47.513+0000] {logging_mixin.py:154} INFO - [2025-12-11T00:52:47.513+0000] {dag.py:3722} INFO - Setting next_dagrun for tutorial_taskflow_api to None, run_after=None
[2025-12-11T00:52:47.528+0000] {processor.py:179} INFO - Processing /home/airflow/.local/lib/python3.8/site-packages/airflow/example_dags/tutorial_taskflow_api.py took 0.046 seconds
[2025-12-11T00:53:18.109+0000] {processor.py:157} INFO - Started process (PID=1823) to work on /home/airflow/.local/lib/python3.8/site-packages/airflow/example_dags/tutorial_taskflow_api.py
[2025-12-11T00:53:18.109+0000] {processor.py:829} INFO - Processing file /home/airflow/.local/lib/python3.8/site-packages/airflow/example_dags/tutorial_taskflow_api.py for tasks to queue
[2025-12-11T00:53:18.111+0000] {logging_mixin.py:154} INFO - [2025-12-11T00:53:18.111+0000] {dagbag.py:536} INFO - Filling up the DagBag from /home/airflow/.local/lib/python3.8/site-packages/airflow/example_dags/tutorial_taskflow_api.py
[2025-12-11T00:53:18.115+0000] {processor.py:839} INFO - DAG(s) dict_keys(['tutorial_taskflow_api']) retrieved from /home/airflow/.local/lib/python3.8/site-packages/airflow/example_dags/tutorial_taskflow_api.py
[2025-12-11T00:53:18.130+0000] {logging_mixin.py:154} INFO - [2025-12-11T00:53:18.130+0000] {dag.py:2941} INFO - Sync 1 DAGs
[2025-12-11T00:53:18.138+0000] {logging_mixin.py:154} INFO - [2025-12-11T00:53:18.138+0000] {dag.py:3722} INFO - Setting next_dagrun for tutorial_taskflow_api to None, run_after=None
[2025-12-11T00:53:18.150+0000] {processor.py:179} INFO - Processing /home/airflow/.local/lib/python3.8/site-packages/airflow/example_dags/tutorial_taskflow_api.py took 0.045 seconds
[2025-12-11T00:53:48.712+0000] {processor.py:157} INFO - Started process (PID=1878) to work on /home/airflow/.local/lib/python3.8/site-packages/airflow/example_dags/tutorial_taskflow_api.py
[2025-12-11T00:53:48.713+0000] {processor.py:829} INFO - Processing file /home/airflow/.local/lib/python3.8/site-packages/airflow/example_dags/tutorial_taskflow_api.py for tasks to queue
[2025-12-11T00:53:48.714+0000] {logging_mixin.py:154} INFO - [2025-12-11T00:53:48.714+0000] {dagbag.py:536} INFO - Filling up the DagBag from /home/airflow/.local/lib/python3.8/site-packages/airflow/example_dags/tutorial_taskflow_api.py
[2025-12-11T00:53:48.718+0000] {processor.py:839} INFO - DAG(s) dict_keys(['tutorial_taskflow_api']) retrieved from /home/airflow/.local/lib/python3.8/site-packages/airflow/example_dags/tutorial_taskflow_api.py
[2025-12-11T00:53:48.729+0000] {logging_mixin.py:154} INFO - [2025-12-11T00:53:48.729+0000] {dag.py:2941} INFO - Sync 1 DAGs
[2025-12-11T00:53:48.737+0000] {logging_mixin.py:154} INFO - [2025-12-11T00:53:48.737+0000] {dag.py:3722} INFO - Setting next_dagrun for tutorial_taskflow_api to None, run_after=None
[2025-12-11T00:53:48.748+0000] {processor.py:179} INFO - Processing /home/airflow/.local/lib/python3.8/site-packages/airflow/example_dags/tutorial_taskflow_api.py took 0.038 seconds
[2025-12-11T00:54:19.108+0000] {processor.py:157} INFO - Started process (PID=1934) to work on /home/airflow/.local/lib/python3.8/site-packages/airflow/example_dags/tutorial_taskflow_api.py
[2025-12-11T00:54:19.109+0000] {processor.py:829} INFO - Processing file /home/airflow/.local/lib/python3.8/site-packages/airflow/example_dags/tutorial_taskflow_api.py for tasks to queue
[2025-12-11T00:54:19.110+0000] {logging_mixin.py:154} INFO - [2025-12-11T00:54:19.110+0000] {dagbag.py:536} INFO - Filling up the DagBag from /home/airflow/.local/lib/python3.8/site-packages/airflow/example_dags/tutorial_taskflow_api.py
[2025-12-11T00:54:19.113+0000] {processor.py:839} INFO - DAG(s) dict_keys(['tutorial_taskflow_api']) retrieved from /home/airflow/.local/lib/python3.8/site-packages/airflow/example_dags/tutorial_taskflow_api.py
[2025-12-11T00:54:19.125+0000] {logging_mixin.py:154} INFO - [2025-12-11T00:54:19.125+0000] {dag.py:2941} INFO - Sync 1 DAGs
[2025-12-11T00:54:19.132+0000] {logging_mixin.py:154} INFO - [2025-12-11T00:54:19.132+0000] {dag.py:3722} INFO - Setting next_dagrun for tutorial_taskflow_api to None, run_after=None
[2025-12-11T00:54:19.145+0000] {processor.py:179} INFO - Processing /home/airflow/.local/lib/python3.8/site-packages/airflow/example_dags/tutorial_taskflow_api.py took 0.038 seconds
[2025-12-11T00:54:49.542+0000] {processor.py:157} INFO - Started process (PID=1989) to work on /home/airflow/.local/lib/python3.8/site-packages/airflow/example_dags/tutorial_taskflow_api.py
[2025-12-11T00:54:49.543+0000] {processor.py:829} INFO - Processing file /home/airflow/.local/lib/python3.8/site-packages/airflow/example_dags/tutorial_taskflow_api.py for tasks to queue
[2025-12-11T00:54:49.544+0000] {logging_mixin.py:154} INFO - [2025-12-11T00:54:49.544+0000] {dagbag.py:536} INFO - Filling up the DagBag from /home/airflow/.local/lib/python3.8/site-packages/airflow/example_dags/tutorial_taskflow_api.py
[2025-12-11T00:54:49.548+0000] {processor.py:839} INFO - DAG(s) dict_keys(['tutorial_taskflow_api']) retrieved from /home/airflow/.local/lib/python3.8/site-packages/airflow/example_dags/tutorial_taskflow_api.py
[2025-12-11T00:54:49.562+0000] {logging_mixin.py:154} INFO - [2025-12-11T00:54:49.562+0000] {dag.py:2941} INFO - Sync 1 DAGs
[2025-12-11T00:54:49.570+0000] {logging_mixin.py:154} INFO - [2025-12-11T00:54:49.570+0000] {dag.py:3722} INFO - Setting next_dagrun for tutorial_taskflow_api to None, run_after=None
[2025-12-11T00:54:49.586+0000] {processor.py:179} INFO - Processing /home/airflow/.local/lib/python3.8/site-packages/airflow/example_dags/tutorial_taskflow_api.py took 0.045 seconds
[2025-12-11T00:55:20.048+0000] {processor.py:157} INFO - Started process (PID=2044) to work on /home/airflow/.local/lib/python3.8/site-packages/airflow/example_dags/tutorial_taskflow_api.py
[2025-12-11T00:55:20.049+0000] {processor.py:829} INFO - Processing file /home/airflow/.local/lib/python3.8/site-packages/airflow/example_dags/tutorial_taskflow_api.py for tasks to queue
[2025-12-11T00:55:20.051+0000] {logging_mixin.py:154} INFO - [2025-12-11T00:55:20.051+0000] {dagbag.py:536} INFO - Filling up the DagBag from /home/airflow/.local/lib/python3.8/site-packages/airflow/example_dags/tutorial_taskflow_api.py
[2025-12-11T00:55:20.057+0000] {processor.py:839} INFO - DAG(s) dict_keys(['tutorial_taskflow_api']) retrieved from /home/airflow/.local/lib/python3.8/site-packages/airflow/example_dags/tutorial_taskflow_api.py
[2025-12-11T00:55:20.072+0000] {logging_mixin.py:154} INFO - [2025-12-11T00:55:20.072+0000] {dag.py:2941} INFO - Sync 1 DAGs
[2025-12-11T00:55:20.080+0000] {logging_mixin.py:154} INFO - [2025-12-11T00:55:20.080+0000] {dag.py:3722} INFO - Setting next_dagrun for tutorial_taskflow_api to None, run_after=None
[2025-12-11T00:55:20.094+0000] {processor.py:179} INFO - Processing /home/airflow/.local/lib/python3.8/site-packages/airflow/example_dags/tutorial_taskflow_api.py took 0.049 seconds
