[2025-12-11T00:38:17.316+0000] {processor.py:157} INFO - Started process (PID=215) to work on /home/airflow/.local/lib/python3.8/site-packages/airflow/example_dags/tutorial_dag.py
[2025-12-11T00:38:17.317+0000] {processor.py:829} INFO - Processing file /home/airflow/.local/lib/python3.8/site-packages/airflow/example_dags/tutorial_dag.py for tasks to queue
[2025-12-11T00:38:17.318+0000] {logging_mixin.py:154} INFO - [2025-12-11T00:38:17.318+0000] {dagbag.py:536} INFO - Filling up the DagBag from /home/airflow/.local/lib/python3.8/site-packages/airflow/example_dags/tutorial_dag.py
[2025-12-11T00:38:17.321+0000] {processor.py:839} INFO - DAG(s) dict_keys(['tutorial_dag']) retrieved from /home/airflow/.local/lib/python3.8/site-packages/airflow/example_dags/tutorial_dag.py
[2025-12-11T00:38:17.329+0000] {logging_mixin.py:154} INFO - [2025-12-11T00:38:17.329+0000] {dag.py:2941} INFO - Sync 1 DAGs
[2025-12-11T00:38:17.338+0000] {logging_mixin.py:154} INFO - [2025-12-11T00:38:17.337+0000] {dag.py:3722} INFO - Setting next_dagrun for tutorial_dag to None, run_after=None
[2025-12-11T00:38:17.364+0000] {processor.py:179} INFO - Processing /home/airflow/.local/lib/python3.8/site-packages/airflow/example_dags/tutorial_dag.py took 0.050 seconds
[2025-12-11T00:38:47.982+0000] {processor.py:157} INFO - Started process (PID=274) to work on /home/airflow/.local/lib/python3.8/site-packages/airflow/example_dags/tutorial_dag.py
[2025-12-11T00:38:47.982+0000] {processor.py:829} INFO - Processing file /home/airflow/.local/lib/python3.8/site-packages/airflow/example_dags/tutorial_dag.py for tasks to queue
[2025-12-11T00:38:47.983+0000] {logging_mixin.py:154} INFO - [2025-12-11T00:38:47.983+0000] {dagbag.py:536} INFO - Filling up the DagBag from /home/airflow/.local/lib/python3.8/site-packages/airflow/example_dags/tutorial_dag.py
[2025-12-11T00:38:47.986+0000] {processor.py:839} INFO - DAG(s) dict_keys(['tutorial_dag']) retrieved from /home/airflow/.local/lib/python3.8/site-packages/airflow/example_dags/tutorial_dag.py
[2025-12-11T00:38:48.000+0000] {logging_mixin.py:154} INFO - [2025-12-11T00:38:48.000+0000] {dag.py:2941} INFO - Sync 1 DAGs
[2025-12-11T00:38:48.007+0000] {logging_mixin.py:154} INFO - [2025-12-11T00:38:48.007+0000] {dag.py:3722} INFO - Setting next_dagrun for tutorial_dag to None, run_after=None
[2025-12-11T00:38:48.020+0000] {processor.py:179} INFO - Processing /home/airflow/.local/lib/python3.8/site-packages/airflow/example_dags/tutorial_dag.py took 0.041 seconds
[2025-12-11T00:39:18.313+0000] {processor.py:157} INFO - Started process (PID=329) to work on /home/airflow/.local/lib/python3.8/site-packages/airflow/example_dags/tutorial_dag.py
[2025-12-11T00:39:18.313+0000] {processor.py:829} INFO - Processing file /home/airflow/.local/lib/python3.8/site-packages/airflow/example_dags/tutorial_dag.py for tasks to queue
[2025-12-11T00:39:18.314+0000] {logging_mixin.py:154} INFO - [2025-12-11T00:39:18.314+0000] {dagbag.py:536} INFO - Filling up the DagBag from /home/airflow/.local/lib/python3.8/site-packages/airflow/example_dags/tutorial_dag.py
[2025-12-11T00:39:18.317+0000] {processor.py:839} INFO - DAG(s) dict_keys(['tutorial_dag']) retrieved from /home/airflow/.local/lib/python3.8/site-packages/airflow/example_dags/tutorial_dag.py
[2025-12-11T00:39:18.333+0000] {logging_mixin.py:154} INFO - [2025-12-11T00:39:18.333+0000] {dag.py:2941} INFO - Sync 1 DAGs
[2025-12-11T00:39:18.341+0000] {logging_mixin.py:154} INFO - [2025-12-11T00:39:18.340+0000] {dag.py:3722} INFO - Setting next_dagrun for tutorial_dag to None, run_after=None
[2025-12-11T00:39:18.362+0000] {processor.py:179} INFO - Processing /home/airflow/.local/lib/python3.8/site-packages/airflow/example_dags/tutorial_dag.py took 0.052 seconds
[2025-12-11T00:39:48.623+0000] {processor.py:157} INFO - Started process (PID=384) to work on /home/airflow/.local/lib/python3.8/site-packages/airflow/example_dags/tutorial_dag.py
[2025-12-11T00:39:48.623+0000] {processor.py:829} INFO - Processing file /home/airflow/.local/lib/python3.8/site-packages/airflow/example_dags/tutorial_dag.py for tasks to queue
[2025-12-11T00:39:48.625+0000] {logging_mixin.py:154} INFO - [2025-12-11T00:39:48.624+0000] {dagbag.py:536} INFO - Filling up the DagBag from /home/airflow/.local/lib/python3.8/site-packages/airflow/example_dags/tutorial_dag.py
[2025-12-11T00:39:48.628+0000] {processor.py:839} INFO - DAG(s) dict_keys(['tutorial_dag']) retrieved from /home/airflow/.local/lib/python3.8/site-packages/airflow/example_dags/tutorial_dag.py
[2025-12-11T00:39:48.641+0000] {logging_mixin.py:154} INFO - [2025-12-11T00:39:48.641+0000] {dag.py:2941} INFO - Sync 1 DAGs
[2025-12-11T00:39:48.651+0000] {logging_mixin.py:154} INFO - [2025-12-11T00:39:48.651+0000] {dag.py:3722} INFO - Setting next_dagrun for tutorial_dag to None, run_after=None
[2025-12-11T00:39:48.663+0000] {processor.py:179} INFO - Processing /home/airflow/.local/lib/python3.8/site-packages/airflow/example_dags/tutorial_dag.py took 0.042 seconds
[2025-12-11T00:40:25.903+0000] {processor.py:157} INFO - Started process (PID=446) to work on /home/airflow/.local/lib/python3.8/site-packages/airflow/example_dags/tutorial_dag.py
[2025-12-11T00:40:25.904+0000] {processor.py:829} INFO - Processing file /home/airflow/.local/lib/python3.8/site-packages/airflow/example_dags/tutorial_dag.py for tasks to queue
[2025-12-11T00:40:25.905+0000] {logging_mixin.py:154} INFO - [2025-12-11T00:40:25.905+0000] {dagbag.py:536} INFO - Filling up the DagBag from /home/airflow/.local/lib/python3.8/site-packages/airflow/example_dags/tutorial_dag.py
[2025-12-11T00:40:25.908+0000] {processor.py:839} INFO - DAG(s) dict_keys(['tutorial_dag']) retrieved from /home/airflow/.local/lib/python3.8/site-packages/airflow/example_dags/tutorial_dag.py
[2025-12-11T00:40:25.920+0000] {logging_mixin.py:154} INFO - [2025-12-11T00:40:25.920+0000] {dag.py:2941} INFO - Sync 1 DAGs
[2025-12-11T00:40:25.928+0000] {logging_mixin.py:154} INFO - [2025-12-11T00:40:25.928+0000] {dag.py:3722} INFO - Setting next_dagrun for tutorial_dag to None, run_after=None
[2025-12-11T00:40:25.939+0000] {processor.py:179} INFO - Processing /home/airflow/.local/lib/python3.8/site-packages/airflow/example_dags/tutorial_dag.py took 0.038 seconds
[2025-12-11T00:40:56.577+0000] {processor.py:157} INFO - Started process (PID=501) to work on /home/airflow/.local/lib/python3.8/site-packages/airflow/example_dags/tutorial_dag.py
[2025-12-11T00:40:56.578+0000] {processor.py:829} INFO - Processing file /home/airflow/.local/lib/python3.8/site-packages/airflow/example_dags/tutorial_dag.py for tasks to queue
[2025-12-11T00:40:56.579+0000] {logging_mixin.py:154} INFO - [2025-12-11T00:40:56.579+0000] {dagbag.py:536} INFO - Filling up the DagBag from /home/airflow/.local/lib/python3.8/site-packages/airflow/example_dags/tutorial_dag.py
[2025-12-11T00:40:56.583+0000] {processor.py:839} INFO - DAG(s) dict_keys(['tutorial_dag']) retrieved from /home/airflow/.local/lib/python3.8/site-packages/airflow/example_dags/tutorial_dag.py
[2025-12-11T00:40:56.597+0000] {logging_mixin.py:154} INFO - [2025-12-11T00:40:56.596+0000] {dag.py:2941} INFO - Sync 1 DAGs
[2025-12-11T00:40:56.603+0000] {logging_mixin.py:154} INFO - [2025-12-11T00:40:56.603+0000] {dag.py:3722} INFO - Setting next_dagrun for tutorial_dag to None, run_after=None
[2025-12-11T00:40:56.614+0000] {processor.py:179} INFO - Processing /home/airflow/.local/lib/python3.8/site-packages/airflow/example_dags/tutorial_dag.py took 0.041 seconds
[2025-12-11T00:41:34.042+0000] {processor.py:157} INFO - Started process (PID=556) to work on /home/airflow/.local/lib/python3.8/site-packages/airflow/example_dags/tutorial_dag.py
[2025-12-11T00:41:34.043+0000] {processor.py:829} INFO - Processing file /home/airflow/.local/lib/python3.8/site-packages/airflow/example_dags/tutorial_dag.py for tasks to queue
[2025-12-11T00:41:34.045+0000] {logging_mixin.py:154} INFO - [2025-12-11T00:41:34.045+0000] {dagbag.py:536} INFO - Filling up the DagBag from /home/airflow/.local/lib/python3.8/site-packages/airflow/example_dags/tutorial_dag.py
[2025-12-11T00:41:34.049+0000] {processor.py:839} INFO - DAG(s) dict_keys(['tutorial_dag']) retrieved from /home/airflow/.local/lib/python3.8/site-packages/airflow/example_dags/tutorial_dag.py
[2025-12-11T00:41:34.061+0000] {logging_mixin.py:154} INFO - [2025-12-11T00:41:34.061+0000] {dag.py:2941} INFO - Sync 1 DAGs
[2025-12-11T00:41:34.068+0000] {logging_mixin.py:154} INFO - [2025-12-11T00:41:34.068+0000] {dag.py:3722} INFO - Setting next_dagrun for tutorial_dag to None, run_after=None
[2025-12-11T00:41:34.082+0000] {processor.py:179} INFO - Processing /home/airflow/.local/lib/python3.8/site-packages/airflow/example_dags/tutorial_dag.py took 0.043 seconds
[2025-12-11T00:42:06.672+0000] {processor.py:157} INFO - Started process (PID=611) to work on /home/airflow/.local/lib/python3.8/site-packages/airflow/example_dags/tutorial_dag.py
[2025-12-11T00:42:06.672+0000] {processor.py:829} INFO - Processing file /home/airflow/.local/lib/python3.8/site-packages/airflow/example_dags/tutorial_dag.py for tasks to queue
[2025-12-11T00:42:06.673+0000] {logging_mixin.py:154} INFO - [2025-12-11T00:42:06.673+0000] {dagbag.py:536} INFO - Filling up the DagBag from /home/airflow/.local/lib/python3.8/site-packages/airflow/example_dags/tutorial_dag.py
[2025-12-11T00:42:06.676+0000] {processor.py:839} INFO - DAG(s) dict_keys(['tutorial_dag']) retrieved from /home/airflow/.local/lib/python3.8/site-packages/airflow/example_dags/tutorial_dag.py
[2025-12-11T00:42:06.692+0000] {logging_mixin.py:154} INFO - [2025-12-11T00:42:06.692+0000] {dag.py:2941} INFO - Sync 1 DAGs
[2025-12-11T00:42:06.700+0000] {logging_mixin.py:154} INFO - [2025-12-11T00:42:06.699+0000] {dag.py:3722} INFO - Setting next_dagrun for tutorial_dag to None, run_after=None
[2025-12-11T00:42:06.713+0000] {processor.py:179} INFO - Processing /home/airflow/.local/lib/python3.8/site-packages/airflow/example_dags/tutorial_dag.py took 0.043 seconds
[2025-12-11T00:42:37.467+0000] {processor.py:157} INFO - Started process (PID=666) to work on /home/airflow/.local/lib/python3.8/site-packages/airflow/example_dags/tutorial_dag.py
[2025-12-11T00:42:37.467+0000] {processor.py:829} INFO - Processing file /home/airflow/.local/lib/python3.8/site-packages/airflow/example_dags/tutorial_dag.py for tasks to queue
[2025-12-11T00:42:37.470+0000] {logging_mixin.py:154} INFO - [2025-12-11T00:42:37.469+0000] {dagbag.py:536} INFO - Filling up the DagBag from /home/airflow/.local/lib/python3.8/site-packages/airflow/example_dags/tutorial_dag.py
[2025-12-11T00:42:37.474+0000] {processor.py:839} INFO - DAG(s) dict_keys(['tutorial_dag']) retrieved from /home/airflow/.local/lib/python3.8/site-packages/airflow/example_dags/tutorial_dag.py
[2025-12-11T00:42:37.495+0000] {logging_mixin.py:154} INFO - [2025-12-11T00:42:37.495+0000] {dag.py:2941} INFO - Sync 1 DAGs
[2025-12-11T00:42:37.507+0000] {logging_mixin.py:154} INFO - [2025-12-11T00:42:37.506+0000] {dag.py:3722} INFO - Setting next_dagrun for tutorial_dag to None, run_after=None
[2025-12-11T00:42:37.518+0000] {processor.py:179} INFO - Processing /home/airflow/.local/lib/python3.8/site-packages/airflow/example_dags/tutorial_dag.py took 0.055 seconds
[2025-12-11T00:43:08.312+0000] {processor.py:157} INFO - Started process (PID=721) to work on /home/airflow/.local/lib/python3.8/site-packages/airflow/example_dags/tutorial_dag.py
[2025-12-11T00:43:08.313+0000] {processor.py:829} INFO - Processing file /home/airflow/.local/lib/python3.8/site-packages/airflow/example_dags/tutorial_dag.py for tasks to queue
[2025-12-11T00:43:08.314+0000] {logging_mixin.py:154} INFO - [2025-12-11T00:43:08.314+0000] {dagbag.py:536} INFO - Filling up the DagBag from /home/airflow/.local/lib/python3.8/site-packages/airflow/example_dags/tutorial_dag.py
[2025-12-11T00:43:08.317+0000] {processor.py:839} INFO - DAG(s) dict_keys(['tutorial_dag']) retrieved from /home/airflow/.local/lib/python3.8/site-packages/airflow/example_dags/tutorial_dag.py
[2025-12-11T00:43:08.332+0000] {logging_mixin.py:154} INFO - [2025-12-11T00:43:08.332+0000] {dag.py:2941} INFO - Sync 1 DAGs
[2025-12-11T00:43:08.340+0000] {logging_mixin.py:154} INFO - [2025-12-11T00:43:08.340+0000] {dag.py:3722} INFO - Setting next_dagrun for tutorial_dag to None, run_after=None
[2025-12-11T00:43:08.352+0000] {processor.py:179} INFO - Processing /home/airflow/.local/lib/python3.8/site-packages/airflow/example_dags/tutorial_dag.py took 0.043 seconds
[2025-12-11T00:43:39.324+0000] {processor.py:157} INFO - Started process (PID=776) to work on /home/airflow/.local/lib/python3.8/site-packages/airflow/example_dags/tutorial_dag.py
[2025-12-11T00:43:39.324+0000] {processor.py:829} INFO - Processing file /home/airflow/.local/lib/python3.8/site-packages/airflow/example_dags/tutorial_dag.py for tasks to queue
[2025-12-11T00:43:39.326+0000] {logging_mixin.py:154} INFO - [2025-12-11T00:43:39.325+0000] {dagbag.py:536} INFO - Filling up the DagBag from /home/airflow/.local/lib/python3.8/site-packages/airflow/example_dags/tutorial_dag.py
[2025-12-11T00:43:39.329+0000] {processor.py:839} INFO - DAG(s) dict_keys(['tutorial_dag']) retrieved from /home/airflow/.local/lib/python3.8/site-packages/airflow/example_dags/tutorial_dag.py
[2025-12-11T00:43:39.345+0000] {logging_mixin.py:154} INFO - [2025-12-11T00:43:39.345+0000] {dag.py:2941} INFO - Sync 1 DAGs
[2025-12-11T00:43:39.353+0000] {logging_mixin.py:154} INFO - [2025-12-11T00:43:39.353+0000] {dag.py:3722} INFO - Setting next_dagrun for tutorial_dag to None, run_after=None
[2025-12-11T00:43:39.365+0000] {processor.py:179} INFO - Processing /home/airflow/.local/lib/python3.8/site-packages/airflow/example_dags/tutorial_dag.py took 0.043 seconds
[2025-12-11T00:44:09.957+0000] {processor.py:157} INFO - Started process (PID=832) to work on /home/airflow/.local/lib/python3.8/site-packages/airflow/example_dags/tutorial_dag.py
[2025-12-11T00:44:09.957+0000] {processor.py:829} INFO - Processing file /home/airflow/.local/lib/python3.8/site-packages/airflow/example_dags/tutorial_dag.py for tasks to queue
[2025-12-11T00:44:09.959+0000] {logging_mixin.py:154} INFO - [2025-12-11T00:44:09.958+0000] {dagbag.py:536} INFO - Filling up the DagBag from /home/airflow/.local/lib/python3.8/site-packages/airflow/example_dags/tutorial_dag.py
[2025-12-11T00:44:09.962+0000] {processor.py:839} INFO - DAG(s) dict_keys(['tutorial_dag']) retrieved from /home/airflow/.local/lib/python3.8/site-packages/airflow/example_dags/tutorial_dag.py
[2025-12-11T00:44:09.975+0000] {logging_mixin.py:154} INFO - [2025-12-11T00:44:09.975+0000] {dag.py:2941} INFO - Sync 1 DAGs
[2025-12-11T00:44:09.982+0000] {logging_mixin.py:154} INFO - [2025-12-11T00:44:09.982+0000] {dag.py:3722} INFO - Setting next_dagrun for tutorial_dag to None, run_after=None
[2025-12-11T00:44:09.993+0000] {processor.py:179} INFO - Processing /home/airflow/.local/lib/python3.8/site-packages/airflow/example_dags/tutorial_dag.py took 0.038 seconds
[2025-12-11T00:44:40.473+0000] {processor.py:157} INFO - Started process (PID=887) to work on /home/airflow/.local/lib/python3.8/site-packages/airflow/example_dags/tutorial_dag.py
[2025-12-11T00:44:40.474+0000] {processor.py:829} INFO - Processing file /home/airflow/.local/lib/python3.8/site-packages/airflow/example_dags/tutorial_dag.py for tasks to queue
[2025-12-11T00:44:40.475+0000] {logging_mixin.py:154} INFO - [2025-12-11T00:44:40.475+0000] {dagbag.py:536} INFO - Filling up the DagBag from /home/airflow/.local/lib/python3.8/site-packages/airflow/example_dags/tutorial_dag.py
[2025-12-11T00:44:40.478+0000] {processor.py:839} INFO - DAG(s) dict_keys(['tutorial_dag']) retrieved from /home/airflow/.local/lib/python3.8/site-packages/airflow/example_dags/tutorial_dag.py
[2025-12-11T00:44:40.492+0000] {logging_mixin.py:154} INFO - [2025-12-11T00:44:40.492+0000] {dag.py:2941} INFO - Sync 1 DAGs
[2025-12-11T00:44:40.501+0000] {logging_mixin.py:154} INFO - [2025-12-11T00:44:40.501+0000] {dag.py:3722} INFO - Setting next_dagrun for tutorial_dag to None, run_after=None
[2025-12-11T00:44:40.513+0000] {processor.py:179} INFO - Processing /home/airflow/.local/lib/python3.8/site-packages/airflow/example_dags/tutorial_dag.py took 0.043 seconds
[2025-12-11T00:45:10.883+0000] {processor.py:157} INFO - Started process (PID=942) to work on /home/airflow/.local/lib/python3.8/site-packages/airflow/example_dags/tutorial_dag.py
[2025-12-11T00:45:10.883+0000] {processor.py:829} INFO - Processing file /home/airflow/.local/lib/python3.8/site-packages/airflow/example_dags/tutorial_dag.py for tasks to queue
[2025-12-11T00:45:10.885+0000] {logging_mixin.py:154} INFO - [2025-12-11T00:45:10.884+0000] {dagbag.py:536} INFO - Filling up the DagBag from /home/airflow/.local/lib/python3.8/site-packages/airflow/example_dags/tutorial_dag.py
[2025-12-11T00:45:10.887+0000] {processor.py:839} INFO - DAG(s) dict_keys(['tutorial_dag']) retrieved from /home/airflow/.local/lib/python3.8/site-packages/airflow/example_dags/tutorial_dag.py
[2025-12-11T00:45:10.903+0000] {logging_mixin.py:154} INFO - [2025-12-11T00:45:10.902+0000] {dag.py:2941} INFO - Sync 1 DAGs
[2025-12-11T00:45:10.910+0000] {logging_mixin.py:154} INFO - [2025-12-11T00:45:10.910+0000] {dag.py:3722} INFO - Setting next_dagrun for tutorial_dag to None, run_after=None
[2025-12-11T00:45:10.920+0000] {processor.py:179} INFO - Processing /home/airflow/.local/lib/python3.8/site-packages/airflow/example_dags/tutorial_dag.py took 0.039 seconds
[2025-12-11T00:45:41.358+0000] {processor.py:157} INFO - Started process (PID=997) to work on /home/airflow/.local/lib/python3.8/site-packages/airflow/example_dags/tutorial_dag.py
[2025-12-11T00:45:41.359+0000] {processor.py:829} INFO - Processing file /home/airflow/.local/lib/python3.8/site-packages/airflow/example_dags/tutorial_dag.py for tasks to queue
[2025-12-11T00:45:41.361+0000] {logging_mixin.py:154} INFO - [2025-12-11T00:45:41.360+0000] {dagbag.py:536} INFO - Filling up the DagBag from /home/airflow/.local/lib/python3.8/site-packages/airflow/example_dags/tutorial_dag.py
[2025-12-11T00:45:41.365+0000] {processor.py:839} INFO - DAG(s) dict_keys(['tutorial_dag']) retrieved from /home/airflow/.local/lib/python3.8/site-packages/airflow/example_dags/tutorial_dag.py
[2025-12-11T00:45:41.379+0000] {logging_mixin.py:154} INFO - [2025-12-11T00:45:41.378+0000] {dag.py:2941} INFO - Sync 1 DAGs
[2025-12-11T00:45:41.386+0000] {logging_mixin.py:154} INFO - [2025-12-11T00:45:41.386+0000] {dag.py:3722} INFO - Setting next_dagrun for tutorial_dag to None, run_after=None
[2025-12-11T00:45:41.396+0000] {processor.py:179} INFO - Processing /home/airflow/.local/lib/python3.8/site-packages/airflow/example_dags/tutorial_dag.py took 0.042 seconds
[2025-12-11T00:46:11.862+0000] {processor.py:157} INFO - Started process (PID=1052) to work on /home/airflow/.local/lib/python3.8/site-packages/airflow/example_dags/tutorial_dag.py
[2025-12-11T00:46:11.863+0000] {processor.py:829} INFO - Processing file /home/airflow/.local/lib/python3.8/site-packages/airflow/example_dags/tutorial_dag.py for tasks to queue
[2025-12-11T00:46:11.865+0000] {logging_mixin.py:154} INFO - [2025-12-11T00:46:11.865+0000] {dagbag.py:536} INFO - Filling up the DagBag from /home/airflow/.local/lib/python3.8/site-packages/airflow/example_dags/tutorial_dag.py
[2025-12-11T00:46:11.868+0000] {processor.py:839} INFO - DAG(s) dict_keys(['tutorial_dag']) retrieved from /home/airflow/.local/lib/python3.8/site-packages/airflow/example_dags/tutorial_dag.py
[2025-12-11T00:46:11.883+0000] {logging_mixin.py:154} INFO - [2025-12-11T00:46:11.883+0000] {dag.py:2941} INFO - Sync 1 DAGs
[2025-12-11T00:46:11.890+0000] {logging_mixin.py:154} INFO - [2025-12-11T00:46:11.890+0000] {dag.py:3722} INFO - Setting next_dagrun for tutorial_dag to None, run_after=None
[2025-12-11T00:46:11.901+0000] {processor.py:179} INFO - Processing /home/airflow/.local/lib/python3.8/site-packages/airflow/example_dags/tutorial_dag.py took 0.042 seconds
[2025-12-11T00:46:42.462+0000] {processor.py:157} INFO - Started process (PID=1107) to work on /home/airflow/.local/lib/python3.8/site-packages/airflow/example_dags/tutorial_dag.py
[2025-12-11T00:46:42.463+0000] {processor.py:829} INFO - Processing file /home/airflow/.local/lib/python3.8/site-packages/airflow/example_dags/tutorial_dag.py for tasks to queue
[2025-12-11T00:46:42.464+0000] {logging_mixin.py:154} INFO - [2025-12-11T00:46:42.464+0000] {dagbag.py:536} INFO - Filling up the DagBag from /home/airflow/.local/lib/python3.8/site-packages/airflow/example_dags/tutorial_dag.py
[2025-12-11T00:46:42.467+0000] {processor.py:839} INFO - DAG(s) dict_keys(['tutorial_dag']) retrieved from /home/airflow/.local/lib/python3.8/site-packages/airflow/example_dags/tutorial_dag.py
[2025-12-11T00:46:42.479+0000] {logging_mixin.py:154} INFO - [2025-12-11T00:46:42.479+0000] {dag.py:2941} INFO - Sync 1 DAGs
[2025-12-11T00:46:42.486+0000] {logging_mixin.py:154} INFO - [2025-12-11T00:46:42.486+0000] {dag.py:3722} INFO - Setting next_dagrun for tutorial_dag to None, run_after=None
[2025-12-11T00:46:42.497+0000] {processor.py:179} INFO - Processing /home/airflow/.local/lib/python3.8/site-packages/airflow/example_dags/tutorial_dag.py took 0.037 seconds
[2025-12-11T00:47:13.125+0000] {processor.py:157} INFO - Started process (PID=1162) to work on /home/airflow/.local/lib/python3.8/site-packages/airflow/example_dags/tutorial_dag.py
[2025-12-11T00:47:13.125+0000] {processor.py:829} INFO - Processing file /home/airflow/.local/lib/python3.8/site-packages/airflow/example_dags/tutorial_dag.py for tasks to queue
[2025-12-11T00:47:13.126+0000] {logging_mixin.py:154} INFO - [2025-12-11T00:47:13.126+0000] {dagbag.py:536} INFO - Filling up the DagBag from /home/airflow/.local/lib/python3.8/site-packages/airflow/example_dags/tutorial_dag.py
[2025-12-11T00:47:13.129+0000] {processor.py:839} INFO - DAG(s) dict_keys(['tutorial_dag']) retrieved from /home/airflow/.local/lib/python3.8/site-packages/airflow/example_dags/tutorial_dag.py
[2025-12-11T00:47:13.142+0000] {logging_mixin.py:154} INFO - [2025-12-11T00:47:13.142+0000] {dag.py:2941} INFO - Sync 1 DAGs
[2025-12-11T00:47:13.149+0000] {logging_mixin.py:154} INFO - [2025-12-11T00:47:13.149+0000] {dag.py:3722} INFO - Setting next_dagrun for tutorial_dag to None, run_after=None
[2025-12-11T00:47:13.160+0000] {processor.py:179} INFO - Processing /home/airflow/.local/lib/python3.8/site-packages/airflow/example_dags/tutorial_dag.py took 0.038 seconds
[2025-12-11T00:47:43.764+0000] {processor.py:157} INFO - Started process (PID=1217) to work on /home/airflow/.local/lib/python3.8/site-packages/airflow/example_dags/tutorial_dag.py
[2025-12-11T00:47:43.765+0000] {processor.py:829} INFO - Processing file /home/airflow/.local/lib/python3.8/site-packages/airflow/example_dags/tutorial_dag.py for tasks to queue
[2025-12-11T00:47:43.767+0000] {logging_mixin.py:154} INFO - [2025-12-11T00:47:43.767+0000] {dagbag.py:536} INFO - Filling up the DagBag from /home/airflow/.local/lib/python3.8/site-packages/airflow/example_dags/tutorial_dag.py
[2025-12-11T00:47:43.771+0000] {processor.py:839} INFO - DAG(s) dict_keys(['tutorial_dag']) retrieved from /home/airflow/.local/lib/python3.8/site-packages/airflow/example_dags/tutorial_dag.py
[2025-12-11T00:47:43.788+0000] {logging_mixin.py:154} INFO - [2025-12-11T00:47:43.788+0000] {dag.py:2941} INFO - Sync 1 DAGs
[2025-12-11T00:47:43.798+0000] {logging_mixin.py:154} INFO - [2025-12-11T00:47:43.798+0000] {dag.py:3722} INFO - Setting next_dagrun for tutorial_dag to None, run_after=None
[2025-12-11T00:47:43.809+0000] {processor.py:179} INFO - Processing /home/airflow/.local/lib/python3.8/site-packages/airflow/example_dags/tutorial_dag.py took 0.048 seconds
[2025-12-11T00:48:13.895+0000] {processor.py:157} INFO - Started process (PID=1272) to work on /home/airflow/.local/lib/python3.8/site-packages/airflow/example_dags/tutorial_dag.py
[2025-12-11T00:48:13.896+0000] {processor.py:829} INFO - Processing file /home/airflow/.local/lib/python3.8/site-packages/airflow/example_dags/tutorial_dag.py for tasks to queue
[2025-12-11T00:48:13.897+0000] {logging_mixin.py:154} INFO - [2025-12-11T00:48:13.896+0000] {dagbag.py:536} INFO - Filling up the DagBag from /home/airflow/.local/lib/python3.8/site-packages/airflow/example_dags/tutorial_dag.py
[2025-12-11T00:48:13.900+0000] {processor.py:839} INFO - DAG(s) dict_keys(['tutorial_dag']) retrieved from /home/airflow/.local/lib/python3.8/site-packages/airflow/example_dags/tutorial_dag.py
[2025-12-11T00:48:13.913+0000] {logging_mixin.py:154} INFO - [2025-12-11T00:48:13.913+0000] {dag.py:2941} INFO - Sync 1 DAGs
[2025-12-11T00:48:13.921+0000] {logging_mixin.py:154} INFO - [2025-12-11T00:48:13.921+0000] {dag.py:3722} INFO - Setting next_dagrun for tutorial_dag to None, run_after=None
[2025-12-11T00:48:13.932+0000] {processor.py:179} INFO - Processing /home/airflow/.local/lib/python3.8/site-packages/airflow/example_dags/tutorial_dag.py took 0.039 seconds
[2025-12-11T00:48:44.781+0000] {processor.py:157} INFO - Started process (PID=1327) to work on /home/airflow/.local/lib/python3.8/site-packages/airflow/example_dags/tutorial_dag.py
[2025-12-11T00:48:44.782+0000] {processor.py:829} INFO - Processing file /home/airflow/.local/lib/python3.8/site-packages/airflow/example_dags/tutorial_dag.py for tasks to queue
[2025-12-11T00:48:44.783+0000] {logging_mixin.py:154} INFO - [2025-12-11T00:48:44.783+0000] {dagbag.py:536} INFO - Filling up the DagBag from /home/airflow/.local/lib/python3.8/site-packages/airflow/example_dags/tutorial_dag.py
[2025-12-11T00:48:44.786+0000] {processor.py:839} INFO - DAG(s) dict_keys(['tutorial_dag']) retrieved from /home/airflow/.local/lib/python3.8/site-packages/airflow/example_dags/tutorial_dag.py
[2025-12-11T00:48:44.799+0000] {logging_mixin.py:154} INFO - [2025-12-11T00:48:44.799+0000] {dag.py:2941} INFO - Sync 1 DAGs
[2025-12-11T00:48:44.807+0000] {logging_mixin.py:154} INFO - [2025-12-11T00:48:44.807+0000] {dag.py:3722} INFO - Setting next_dagrun for tutorial_dag to None, run_after=None
[2025-12-11T00:48:44.820+0000] {processor.py:179} INFO - Processing /home/airflow/.local/lib/python3.8/site-packages/airflow/example_dags/tutorial_dag.py took 0.042 seconds
[2025-12-11T00:49:15.626+0000] {processor.py:157} INFO - Started process (PID=1382) to work on /home/airflow/.local/lib/python3.8/site-packages/airflow/example_dags/tutorial_dag.py
[2025-12-11T00:49:15.627+0000] {processor.py:829} INFO - Processing file /home/airflow/.local/lib/python3.8/site-packages/airflow/example_dags/tutorial_dag.py for tasks to queue
[2025-12-11T00:49:15.629+0000] {logging_mixin.py:154} INFO - [2025-12-11T00:49:15.628+0000] {dagbag.py:536} INFO - Filling up the DagBag from /home/airflow/.local/lib/python3.8/site-packages/airflow/example_dags/tutorial_dag.py
[2025-12-11T00:49:15.633+0000] {processor.py:839} INFO - DAG(s) dict_keys(['tutorial_dag']) retrieved from /home/airflow/.local/lib/python3.8/site-packages/airflow/example_dags/tutorial_dag.py
[2025-12-11T00:49:15.652+0000] {logging_mixin.py:154} INFO - [2025-12-11T00:49:15.651+0000] {dag.py:2941} INFO - Sync 1 DAGs
[2025-12-11T00:49:15.664+0000] {logging_mixin.py:154} INFO - [2025-12-11T00:49:15.664+0000] {dag.py:3722} INFO - Setting next_dagrun for tutorial_dag to None, run_after=None
[2025-12-11T00:49:15.681+0000] {processor.py:179} INFO - Processing /home/airflow/.local/lib/python3.8/site-packages/airflow/example_dags/tutorial_dag.py took 0.059 seconds
[2025-12-11T00:49:45.753+0000] {processor.py:157} INFO - Started process (PID=1437) to work on /home/airflow/.local/lib/python3.8/site-packages/airflow/example_dags/tutorial_dag.py
[2025-12-11T00:49:45.754+0000] {processor.py:829} INFO - Processing file /home/airflow/.local/lib/python3.8/site-packages/airflow/example_dags/tutorial_dag.py for tasks to queue
[2025-12-11T00:49:45.756+0000] {logging_mixin.py:154} INFO - [2025-12-11T00:49:45.755+0000] {dagbag.py:536} INFO - Filling up the DagBag from /home/airflow/.local/lib/python3.8/site-packages/airflow/example_dags/tutorial_dag.py
[2025-12-11T00:49:45.759+0000] {processor.py:839} INFO - DAG(s) dict_keys(['tutorial_dag']) retrieved from /home/airflow/.local/lib/python3.8/site-packages/airflow/example_dags/tutorial_dag.py
[2025-12-11T00:49:45.772+0000] {logging_mixin.py:154} INFO - [2025-12-11T00:49:45.772+0000] {dag.py:2941} INFO - Sync 1 DAGs
[2025-12-11T00:49:45.779+0000] {logging_mixin.py:154} INFO - [2025-12-11T00:49:45.779+0000] {dag.py:3722} INFO - Setting next_dagrun for tutorial_dag to None, run_after=None
[2025-12-11T00:49:45.791+0000] {processor.py:179} INFO - Processing /home/airflow/.local/lib/python3.8/site-packages/airflow/example_dags/tutorial_dag.py took 0.039 seconds
[2025-12-11T00:50:16.048+0000] {processor.py:157} INFO - Started process (PID=1492) to work on /home/airflow/.local/lib/python3.8/site-packages/airflow/example_dags/tutorial_dag.py
[2025-12-11T00:50:16.048+0000] {processor.py:829} INFO - Processing file /home/airflow/.local/lib/python3.8/site-packages/airflow/example_dags/tutorial_dag.py for tasks to queue
[2025-12-11T00:50:16.050+0000] {logging_mixin.py:154} INFO - [2025-12-11T00:50:16.049+0000] {dagbag.py:536} INFO - Filling up the DagBag from /home/airflow/.local/lib/python3.8/site-packages/airflow/example_dags/tutorial_dag.py
[2025-12-11T00:50:16.053+0000] {processor.py:839} INFO - DAG(s) dict_keys(['tutorial_dag']) retrieved from /home/airflow/.local/lib/python3.8/site-packages/airflow/example_dags/tutorial_dag.py
[2025-12-11T00:50:16.069+0000] {logging_mixin.py:154} INFO - [2025-12-11T00:50:16.069+0000] {dag.py:2941} INFO - Sync 1 DAGs
[2025-12-11T00:50:16.081+0000] {logging_mixin.py:154} INFO - [2025-12-11T00:50:16.080+0000] {dag.py:3722} INFO - Setting next_dagrun for tutorial_dag to None, run_after=None
[2025-12-11T00:50:16.093+0000] {processor.py:179} INFO - Processing /home/airflow/.local/lib/python3.8/site-packages/airflow/example_dags/tutorial_dag.py took 0.048 seconds
[2025-12-11T00:50:46.214+0000] {processor.py:157} INFO - Started process (PID=1547) to work on /home/airflow/.local/lib/python3.8/site-packages/airflow/example_dags/tutorial_dag.py
[2025-12-11T00:50:46.215+0000] {processor.py:829} INFO - Processing file /home/airflow/.local/lib/python3.8/site-packages/airflow/example_dags/tutorial_dag.py for tasks to queue
[2025-12-11T00:50:46.216+0000] {logging_mixin.py:154} INFO - [2025-12-11T00:50:46.216+0000] {dagbag.py:536} INFO - Filling up the DagBag from /home/airflow/.local/lib/python3.8/site-packages/airflow/example_dags/tutorial_dag.py
[2025-12-11T00:50:46.220+0000] {processor.py:839} INFO - DAG(s) dict_keys(['tutorial_dag']) retrieved from /home/airflow/.local/lib/python3.8/site-packages/airflow/example_dags/tutorial_dag.py
[2025-12-11T00:50:46.232+0000] {logging_mixin.py:154} INFO - [2025-12-11T00:50:46.232+0000] {dag.py:2941} INFO - Sync 1 DAGs
[2025-12-11T00:50:46.241+0000] {logging_mixin.py:154} INFO - [2025-12-11T00:50:46.241+0000] {dag.py:3722} INFO - Setting next_dagrun for tutorial_dag to None, run_after=None
[2025-12-11T00:50:46.252+0000] {processor.py:179} INFO - Processing /home/airflow/.local/lib/python3.8/site-packages/airflow/example_dags/tutorial_dag.py took 0.042 seconds
[2025-12-11T00:51:16.893+0000] {processor.py:157} INFO - Started process (PID=1602) to work on /home/airflow/.local/lib/python3.8/site-packages/airflow/example_dags/tutorial_dag.py
[2025-12-11T00:51:16.894+0000] {processor.py:829} INFO - Processing file /home/airflow/.local/lib/python3.8/site-packages/airflow/example_dags/tutorial_dag.py for tasks to queue
[2025-12-11T00:51:16.895+0000] {logging_mixin.py:154} INFO - [2025-12-11T00:51:16.895+0000] {dagbag.py:536} INFO - Filling up the DagBag from /home/airflow/.local/lib/python3.8/site-packages/airflow/example_dags/tutorial_dag.py
[2025-12-11T00:51:16.898+0000] {processor.py:839} INFO - DAG(s) dict_keys(['tutorial_dag']) retrieved from /home/airflow/.local/lib/python3.8/site-packages/airflow/example_dags/tutorial_dag.py
[2025-12-11T00:51:16.911+0000] {logging_mixin.py:154} INFO - [2025-12-11T00:51:16.911+0000] {dag.py:2941} INFO - Sync 1 DAGs
[2025-12-11T00:51:16.921+0000] {logging_mixin.py:154} INFO - [2025-12-11T00:51:16.921+0000] {dag.py:3722} INFO - Setting next_dagrun for tutorial_dag to None, run_after=None
[2025-12-11T00:51:16.932+0000] {processor.py:179} INFO - Processing /home/airflow/.local/lib/python3.8/site-packages/airflow/example_dags/tutorial_dag.py took 0.041 seconds
[2025-12-11T00:51:46.980+0000] {processor.py:157} INFO - Started process (PID=1657) to work on /home/airflow/.local/lib/python3.8/site-packages/airflow/example_dags/tutorial_dag.py
[2025-12-11T00:51:46.981+0000] {processor.py:829} INFO - Processing file /home/airflow/.local/lib/python3.8/site-packages/airflow/example_dags/tutorial_dag.py for tasks to queue
[2025-12-11T00:51:46.982+0000] {logging_mixin.py:154} INFO - [2025-12-11T00:51:46.982+0000] {dagbag.py:536} INFO - Filling up the DagBag from /home/airflow/.local/lib/python3.8/site-packages/airflow/example_dags/tutorial_dag.py
[2025-12-11T00:51:46.985+0000] {processor.py:839} INFO - DAG(s) dict_keys(['tutorial_dag']) retrieved from /home/airflow/.local/lib/python3.8/site-packages/airflow/example_dags/tutorial_dag.py
[2025-12-11T00:51:47.000+0000] {logging_mixin.py:154} INFO - [2025-12-11T00:51:46.999+0000] {dag.py:2941} INFO - Sync 1 DAGs
[2025-12-11T00:51:47.007+0000] {logging_mixin.py:154} INFO - [2025-12-11T00:51:47.007+0000] {dag.py:3722} INFO - Setting next_dagrun for tutorial_dag to None, run_after=None
[2025-12-11T00:51:47.020+0000] {processor.py:179} INFO - Processing /home/airflow/.local/lib/python3.8/site-packages/airflow/example_dags/tutorial_dag.py took 0.042 seconds
[2025-12-11T00:52:17.361+0000] {processor.py:157} INFO - Started process (PID=1712) to work on /home/airflow/.local/lib/python3.8/site-packages/airflow/example_dags/tutorial_dag.py
[2025-12-11T00:52:17.362+0000] {processor.py:829} INFO - Processing file /home/airflow/.local/lib/python3.8/site-packages/airflow/example_dags/tutorial_dag.py for tasks to queue
[2025-12-11T00:52:17.364+0000] {logging_mixin.py:154} INFO - [2025-12-11T00:52:17.363+0000] {dagbag.py:536} INFO - Filling up the DagBag from /home/airflow/.local/lib/python3.8/site-packages/airflow/example_dags/tutorial_dag.py
[2025-12-11T00:52:17.367+0000] {processor.py:839} INFO - DAG(s) dict_keys(['tutorial_dag']) retrieved from /home/airflow/.local/lib/python3.8/site-packages/airflow/example_dags/tutorial_dag.py
[2025-12-11T00:52:17.384+0000] {logging_mixin.py:154} INFO - [2025-12-11T00:52:17.384+0000] {dag.py:2941} INFO - Sync 1 DAGs
[2025-12-11T00:52:17.392+0000] {logging_mixin.py:154} INFO - [2025-12-11T00:52:17.392+0000] {dag.py:3722} INFO - Setting next_dagrun for tutorial_dag to None, run_after=None
[2025-12-11T00:52:17.403+0000] {processor.py:179} INFO - Processing /home/airflow/.local/lib/python3.8/site-packages/airflow/example_dags/tutorial_dag.py took 0.044 seconds
[2025-12-11T00:52:47.433+0000] {processor.py:157} INFO - Started process (PID=1767) to work on /home/airflow/.local/lib/python3.8/site-packages/airflow/example_dags/tutorial_dag.py
[2025-12-11T00:52:47.434+0000] {processor.py:829} INFO - Processing file /home/airflow/.local/lib/python3.8/site-packages/airflow/example_dags/tutorial_dag.py for tasks to queue
[2025-12-11T00:52:47.435+0000] {logging_mixin.py:154} INFO - [2025-12-11T00:52:47.435+0000] {dagbag.py:536} INFO - Filling up the DagBag from /home/airflow/.local/lib/python3.8/site-packages/airflow/example_dags/tutorial_dag.py
[2025-12-11T00:52:47.438+0000] {processor.py:839} INFO - DAG(s) dict_keys(['tutorial_dag']) retrieved from /home/airflow/.local/lib/python3.8/site-packages/airflow/example_dags/tutorial_dag.py
[2025-12-11T00:52:47.450+0000] {logging_mixin.py:154} INFO - [2025-12-11T00:52:47.450+0000] {dag.py:2941} INFO - Sync 1 DAGs
[2025-12-11T00:52:47.458+0000] {logging_mixin.py:154} INFO - [2025-12-11T00:52:47.458+0000] {dag.py:3722} INFO - Setting next_dagrun for tutorial_dag to None, run_after=None
[2025-12-11T00:52:47.470+0000] {processor.py:179} INFO - Processing /home/airflow/.local/lib/python3.8/site-packages/airflow/example_dags/tutorial_dag.py took 0.038 seconds
[2025-12-11T00:53:18.084+0000] {processor.py:157} INFO - Started process (PID=1822) to work on /home/airflow/.local/lib/python3.8/site-packages/airflow/example_dags/tutorial_dag.py
[2025-12-11T00:53:18.085+0000] {processor.py:829} INFO - Processing file /home/airflow/.local/lib/python3.8/site-packages/airflow/example_dags/tutorial_dag.py for tasks to queue
[2025-12-11T00:53:18.086+0000] {logging_mixin.py:154} INFO - [2025-12-11T00:53:18.086+0000] {dagbag.py:536} INFO - Filling up the DagBag from /home/airflow/.local/lib/python3.8/site-packages/airflow/example_dags/tutorial_dag.py
[2025-12-11T00:53:18.090+0000] {processor.py:839} INFO - DAG(s) dict_keys(['tutorial_dag']) retrieved from /home/airflow/.local/lib/python3.8/site-packages/airflow/example_dags/tutorial_dag.py
[2025-12-11T00:53:18.103+0000] {logging_mixin.py:154} INFO - [2025-12-11T00:53:18.103+0000] {dag.py:2941} INFO - Sync 1 DAGs
[2025-12-11T00:53:18.111+0000] {logging_mixin.py:154} INFO - [2025-12-11T00:53:18.111+0000] {dag.py:3722} INFO - Setting next_dagrun for tutorial_dag to None, run_after=None
[2025-12-11T00:53:18.124+0000] {processor.py:179} INFO - Processing /home/airflow/.local/lib/python3.8/site-packages/airflow/example_dags/tutorial_dag.py took 0.043 seconds
[2025-12-11T00:53:48.701+0000] {processor.py:157} INFO - Started process (PID=1877) to work on /home/airflow/.local/lib/python3.8/site-packages/airflow/example_dags/tutorial_dag.py
[2025-12-11T00:53:48.702+0000] {processor.py:829} INFO - Processing file /home/airflow/.local/lib/python3.8/site-packages/airflow/example_dags/tutorial_dag.py for tasks to queue
[2025-12-11T00:53:48.703+0000] {logging_mixin.py:154} INFO - [2025-12-11T00:53:48.703+0000] {dagbag.py:536} INFO - Filling up the DagBag from /home/airflow/.local/lib/python3.8/site-packages/airflow/example_dags/tutorial_dag.py
[2025-12-11T00:53:48.706+0000] {processor.py:839} INFO - DAG(s) dict_keys(['tutorial_dag']) retrieved from /home/airflow/.local/lib/python3.8/site-packages/airflow/example_dags/tutorial_dag.py
[2025-12-11T00:53:48.723+0000] {logging_mixin.py:154} INFO - [2025-12-11T00:53:48.723+0000] {dag.py:2941} INFO - Sync 1 DAGs
[2025-12-11T00:53:48.731+0000] {logging_mixin.py:154} INFO - [2025-12-11T00:53:48.731+0000] {dag.py:3722} INFO - Setting next_dagrun for tutorial_dag to None, run_after=None
[2025-12-11T00:53:48.745+0000] {processor.py:179} INFO - Processing /home/airflow/.local/lib/python3.8/site-packages/airflow/example_dags/tutorial_dag.py took 0.046 seconds
[2025-12-11T00:54:19.106+0000] {processor.py:157} INFO - Started process (PID=1933) to work on /home/airflow/.local/lib/python3.8/site-packages/airflow/example_dags/tutorial_dag.py
[2025-12-11T00:54:19.107+0000] {processor.py:829} INFO - Processing file /home/airflow/.local/lib/python3.8/site-packages/airflow/example_dags/tutorial_dag.py for tasks to queue
[2025-12-11T00:54:19.109+0000] {logging_mixin.py:154} INFO - [2025-12-11T00:54:19.109+0000] {dagbag.py:536} INFO - Filling up the DagBag from /home/airflow/.local/lib/python3.8/site-packages/airflow/example_dags/tutorial_dag.py
[2025-12-11T00:54:19.112+0000] {processor.py:839} INFO - DAG(s) dict_keys(['tutorial_dag']) retrieved from /home/airflow/.local/lib/python3.8/site-packages/airflow/example_dags/tutorial_dag.py
[2025-12-11T00:54:19.125+0000] {logging_mixin.py:154} INFO - [2025-12-11T00:54:19.124+0000] {dag.py:2941} INFO - Sync 1 DAGs
[2025-12-11T00:54:19.132+0000] {logging_mixin.py:154} INFO - [2025-12-11T00:54:19.132+0000] {dag.py:3722} INFO - Setting next_dagrun for tutorial_dag to None, run_after=None
[2025-12-11T00:54:19.144+0000] {processor.py:179} INFO - Processing /home/airflow/.local/lib/python3.8/site-packages/airflow/example_dags/tutorial_dag.py took 0.040 seconds
[2025-12-11T00:54:49.539+0000] {processor.py:157} INFO - Started process (PID=1988) to work on /home/airflow/.local/lib/python3.8/site-packages/airflow/example_dags/tutorial_dag.py
[2025-12-11T00:54:49.539+0000] {processor.py:829} INFO - Processing file /home/airflow/.local/lib/python3.8/site-packages/airflow/example_dags/tutorial_dag.py for tasks to queue
[2025-12-11T00:54:49.541+0000] {logging_mixin.py:154} INFO - [2025-12-11T00:54:49.541+0000] {dagbag.py:536} INFO - Filling up the DagBag from /home/airflow/.local/lib/python3.8/site-packages/airflow/example_dags/tutorial_dag.py
[2025-12-11T00:54:49.544+0000] {processor.py:839} INFO - DAG(s) dict_keys(['tutorial_dag']) retrieved from /home/airflow/.local/lib/python3.8/site-packages/airflow/example_dags/tutorial_dag.py
[2025-12-11T00:54:49.558+0000] {logging_mixin.py:154} INFO - [2025-12-11T00:54:49.558+0000] {dag.py:2941} INFO - Sync 1 DAGs
[2025-12-11T00:54:49.566+0000] {logging_mixin.py:154} INFO - [2025-12-11T00:54:49.566+0000] {dag.py:3722} INFO - Setting next_dagrun for tutorial_dag to None, run_after=None
[2025-12-11T00:54:49.577+0000] {processor.py:179} INFO - Processing /home/airflow/.local/lib/python3.8/site-packages/airflow/example_dags/tutorial_dag.py took 0.041 seconds
[2025-12-11T00:55:20.014+0000] {processor.py:157} INFO - Started process (PID=2043) to work on /home/airflow/.local/lib/python3.8/site-packages/airflow/example_dags/tutorial_dag.py
[2025-12-11T00:55:20.015+0000] {processor.py:829} INFO - Processing file /home/airflow/.local/lib/python3.8/site-packages/airflow/example_dags/tutorial_dag.py for tasks to queue
[2025-12-11T00:55:20.017+0000] {logging_mixin.py:154} INFO - [2025-12-11T00:55:20.016+0000] {dagbag.py:536} INFO - Filling up the DagBag from /home/airflow/.local/lib/python3.8/site-packages/airflow/example_dags/tutorial_dag.py
[2025-12-11T00:55:20.020+0000] {processor.py:839} INFO - DAG(s) dict_keys(['tutorial_dag']) retrieved from /home/airflow/.local/lib/python3.8/site-packages/airflow/example_dags/tutorial_dag.py
[2025-12-11T00:55:20.038+0000] {logging_mixin.py:154} INFO - [2025-12-11T00:55:20.038+0000] {dag.py:2941} INFO - Sync 1 DAGs
[2025-12-11T00:55:20.046+0000] {logging_mixin.py:154} INFO - [2025-12-11T00:55:20.046+0000] {dag.py:3722} INFO - Setting next_dagrun for tutorial_dag to None, run_after=None
[2025-12-11T00:55:20.058+0000] {processor.py:179} INFO - Processing /home/airflow/.local/lib/python3.8/site-packages/airflow/example_dags/tutorial_dag.py took 0.049 seconds
