[2025-11-29T20:04:42.601+0000] {taskinstance.py:1159} INFO - Dependencies all met for dep_context=non-requeueable deps ti=<TaskInstance: flight_etl.python_etl_pipeline manual__2025-11-29T20:04:41.625773+00:00 [queued]>
[2025-11-29T20:04:42.609+0000] {taskinstance.py:1159} INFO - Dependencies all met for dep_context=requeueable deps ti=<TaskInstance: flight_etl.python_etl_pipeline manual__2025-11-29T20:04:41.625773+00:00 [queued]>
[2025-11-29T20:04:42.610+0000] {taskinstance.py:1361} INFO - Starting attempt 1 of 1
[2025-11-29T20:04:42.620+0000] {taskinstance.py:1382} INFO - Executing <Task(BashOperator): python_etl_pipeline> on 2025-11-29 20:04:41.625773+00:00
[2025-11-29T20:04:42.625+0000] {standard_task_runner.py:57} INFO - Started process 261 to run task
[2025-11-29T20:04:42.628+0000] {standard_task_runner.py:84} INFO - Running: ['***', 'tasks', 'run', 'flight_etl', 'python_etl_pipeline', 'manual__2025-11-29T20:04:41.625773+00:00', '--job-id', '183', '--raw', '--subdir', 'DAGS_FOLDER/etl-dag.py', '--cfg-path', '/tmp/tmpjp9_o_gq']
[2025-11-29T20:04:42.629+0000] {standard_task_runner.py:85} INFO - Job 183: Subtask python_etl_pipeline
[2025-11-29T20:04:42.662+0000] {task_command.py:416} INFO - Running <TaskInstance: flight_etl.python_etl_pipeline manual__2025-11-29T20:04:41.625773+00:00 [running]> on host 4e489eec0547
[2025-11-29T20:04:42.972+0000] {taskinstance.py:1662} INFO - Exporting env vars: AIRFLOW_CTX_DAG_OWNER='***' AIRFLOW_CTX_DAG_ID='flight_etl' AIRFLOW_CTX_TASK_ID='python_etl_pipeline' AIRFLOW_CTX_EXECUTION_DATE='2025-11-29T20:04:41.625773+00:00' AIRFLOW_CTX_TRY_NUMBER='1' AIRFLOW_CTX_DAG_RUN_ID='manual__2025-11-29T20:04:41.625773+00:00'
[2025-11-29T20:04:42.973+0000] {subprocess.py:63} INFO - Tmp dir root location: /tmp
[2025-11-29T20:04:42.973+0000] {subprocess.py:75} INFO - Running command: ['/bin/bash', '-c', '\n            echo "Starting ETL pipeline execution..." &&             cd /opt/***/etl_scripts &&             echo "Current directory is: $(pwd)" &&             echo "Installing requirements..." &&             /usr/local/bin/pip install -r requirements.txt &&             echo "Starting main.py script..." &&             python main.py\n        ']
[2025-11-29T20:04:42.986+0000] {subprocess.py:86} INFO - Output:
[2025-11-29T20:04:42.988+0000] {subprocess.py:93} INFO - Starting ETL pipeline execution...
[2025-11-29T20:04:42.989+0000] {subprocess.py:93} INFO - Current directory is: /opt/***/etl_scripts
[2025-11-29T20:04:42.989+0000] {subprocess.py:93} INFO - Installing requirements...
[2025-11-29T20:04:43.611+0000] {subprocess.py:93} INFO - Requirement already satisfied: certifi==2025.8.3 in /usr/local/lib/python3.8/site-packages (from -r requirements.txt (line 1)) (2025.8.3)
[2025-11-29T20:04:43.612+0000] {subprocess.py:93} INFO - Requirement already satisfied: charset-normalizer==3.4.3 in /usr/local/lib/python3.8/site-packages (from -r requirements.txt (line 2)) (3.4.3)
[2025-11-29T20:04:43.612+0000] {subprocess.py:93} INFO - Requirement already satisfied: Faker==35.2.2 in /usr/local/lib/python3.8/site-packages (from -r requirements.txt (line 3)) (35.2.2)
[2025-11-29T20:04:43.613+0000] {subprocess.py:93} INFO - Requirement already satisfied: greenlet==2.0.2 in /usr/local/lib/python3.8/site-packages (from -r requirements.txt (line 4)) (2.0.2)
[2025-11-29T20:04:43.613+0000] {subprocess.py:93} INFO - Requirement already satisfied: idna==3.10 in /usr/local/lib/python3.8/site-packages (from -r requirements.txt (line 5)) (3.10)
[2025-11-29T20:04:43.614+0000] {subprocess.py:93} INFO - Requirement already satisfied: kagglehub==0.2.9 in /usr/local/lib/python3.8/site-packages (from -r requirements.txt (line 6)) (0.2.9)
[2025-11-29T20:04:43.614+0000] {subprocess.py:93} INFO - Requirement already satisfied: numpy==1.24.4 in /home/***/.local/lib/python3.8/site-packages (from -r requirements.txt (line 7)) (1.24.4)
[2025-11-29T20:04:43.614+0000] {subprocess.py:93} INFO - Requirement already satisfied: packaging==25.0 in /usr/local/lib/python3.8/site-packages (from -r requirements.txt (line 8)) (25.0)
[2025-11-29T20:04:43.615+0000] {subprocess.py:93} INFO - Requirement already satisfied: pandas==1.5.3 in /usr/local/lib/python3.8/site-packages (from -r requirements.txt (line 9)) (1.5.3)
[2025-11-29T20:04:43.616+0000] {subprocess.py:93} INFO - Requirement already satisfied: psycopg2-binary==2.9.10 in /usr/local/lib/python3.8/site-packages (from -r requirements.txt (line 10)) (2.9.10)
[2025-11-29T20:04:43.616+0000] {subprocess.py:93} INFO - Requirement already satisfied: python-dateutil==2.9.0.post0 in /usr/local/lib/python3.8/site-packages (from -r requirements.txt (line 11)) (2.9.0.post0)
[2025-11-29T20:04:43.616+0000] {subprocess.py:93} INFO - Requirement already satisfied: pytz==2025.2 in /usr/local/lib/python3.8/site-packages (from -r requirements.txt (line 12)) (2025.2)
[2025-11-29T20:04:43.617+0000] {subprocess.py:93} INFO - Requirement already satisfied: PyYAML==6.0.2 in /usr/local/lib/python3.8/site-packages (from -r requirements.txt (line 13)) (6.0.2)
[2025-11-29T20:04:43.617+0000] {subprocess.py:93} INFO - Requirement already satisfied: requests==2.32.4 in /usr/local/lib/python3.8/site-packages (from -r requirements.txt (line 14)) (2.32.4)
[2025-11-29T20:04:43.618+0000] {subprocess.py:93} INFO - Requirement already satisfied: six==1.17.0 in /usr/local/lib/python3.8/site-packages (from -r requirements.txt (line 15)) (1.17.0)
[2025-11-29T20:04:43.618+0000] {subprocess.py:93} INFO - Requirement already satisfied: SQLAlchemy==2.0.43 in /usr/local/lib/python3.8/site-packages (from -r requirements.txt (line 16)) (2.0.43)
[2025-11-29T20:04:43.619+0000] {subprocess.py:93} INFO - Requirement already satisfied: tqdm==4.67.1 in /usr/local/lib/python3.8/site-packages (from -r requirements.txt (line 17)) (4.67.1)
[2025-11-29T20:04:43.619+0000] {subprocess.py:93} INFO - Requirement already satisfied: typing_extensions==4.13.2 in /usr/local/lib/python3.8/site-packages (from -r requirements.txt (line 18)) (4.13.2)
[2025-11-29T20:04:43.619+0000] {subprocess.py:93} INFO - Requirement already satisfied: tzdata==2025.2 in /usr/local/lib/python3.8/site-packages (from -r requirements.txt (line 19)) (2025.2)
[2025-11-29T20:04:43.620+0000] {subprocess.py:93} INFO - Requirement already satisfied: urllib3==2.2.3 in /usr/local/lib/python3.8/site-packages (from -r requirements.txt (line 20)) (2.2.3)
[2025-11-29T20:04:47.569+0000] {subprocess.py:93} INFO - WARNING: Running pip as the 'root' user can result in broken permissions and conflicting behaviour with the system package manager. It is recommended to use a virtual environment instead: https://pip.pypa.io/warnings/venv
[2025-11-29T20:04:47.581+0000] {subprocess.py:93} INFO - 
[2025-11-29T20:04:47.582+0000] {subprocess.py:93} INFO - [notice] A new release of pip is available: 23.0.1 -> 25.0.1
[2025-11-29T20:04:47.582+0000] {subprocess.py:93} INFO - [notice] To update, run: pip3 install --upgrade pip
[2025-11-29T20:04:47.714+0000] {subprocess.py:93} INFO - Starting main.py script...
[2025-11-29T20:04:49.152+0000] {subprocess.py:93} INFO - All tables truncated successfully
[2025-11-29T20:04:49.153+0000] {subprocess.py:93} INFO - Warning: Looks like you're using an outdated `kagglehub` version, please consider updating (latest version: 0.3.13)
[2025-11-29T20:05:22.708+0000] {subprocess.py:93} INFO - /root/.cache/kagglehub/datasets/usdot/flight-delays/versions/1
[2025-11-29T20:05:22.723+0000] {subprocess.py:93} INFO - AIRPORT_THREAD_STARTED
[2025-11-29T20:05:22.723+0000] {subprocess.py:93} INFO - FLIGHT_THREAD_STARTED
[2025-11-29T20:05:22.723+0000] {subprocess.py:93} INFO - FLIGHT:FLIGHT_SUB_THREAD_HAS_STARTED
[2025-11-29T20:05:22.724+0000] {subprocess.py:93} INFO - FLIGHT:AIRELINE_SUB_THREAD_HAS_STARTED
[2025-11-29T20:05:22.724+0000] {subprocess.py:93} INFO - FLIGHT:AIRLINE_SUB_THREAD_HAS_FINISHED
[2025-11-29T20:05:22.724+0000] {subprocess.py:93} INFO - Chunk 1 written to 'bronze_dim_airport'
[2025-11-29T20:05:22.724+0000] {subprocess.py:93} INFO - Completed writing bronze_dim_airport
[2025-11-29T20:05:22.724+0000] {subprocess.py:93} INFO - FLIGHT:FLIGHT_SUB_THREAD_HAS_FINISHED
[2025-11-29T20:05:22.724+0000] {subprocess.py:93} INFO -       month  day  ...  iata_code                  carrier_name
[2025-11-29T20:05:22.724+0000] {subprocess.py:93} INFO - 0         1    1  ...         AS          Alaska Airlines Inc.
[2025-11-29T20:05:22.724+0000] {subprocess.py:93} INFO - 1         1    1  ...         AA        American Airlines Inc.
[2025-11-29T20:05:22.725+0000] {subprocess.py:93} INFO - 2         1    1  ...         US               US Airways Inc.
[2025-11-29T20:05:22.725+0000] {subprocess.py:93} INFO - 3         1    1  ...         AA        American Airlines Inc.
[2025-11-29T20:05:22.725+0000] {subprocess.py:93} INFO - 4         1    1  ...         AS          Alaska Airlines Inc.
[2025-11-29T20:05:22.725+0000] {subprocess.py:93} INFO - ...     ...  ...  ...        ...                           ...
[2025-11-29T20:05:22.725+0000] {subprocess.py:93} INFO - 9995      1    1  ...         HA        Hawaiian Airlines Inc.
[2025-11-29T20:05:22.725+0000] {subprocess.py:93} INFO - 9996      1    1  ...         MQ  American Eagle Airlines Inc.
[2025-11-29T20:05:22.725+0000] {subprocess.py:93} INFO - 9997      1    1  ...         MQ  American Eagle Airlines Inc.
[2025-11-29T20:05:22.725+0000] {subprocess.py:93} INFO - 9998      1    1  ...         MQ  American Eagle Airlines Inc.
[2025-11-29T20:05:22.725+0000] {subprocess.py:93} INFO - 9999      1    1  ...         MQ  American Eagle Airlines Inc.
[2025-11-29T20:05:22.725+0000] {subprocess.py:93} INFO - 
[2025-11-29T20:05:22.726+0000] {subprocess.py:93} INFO - [10000 rows x 32 columns]
[2025-11-29T20:05:22.726+0000] {subprocess.py:93} INFO - Chunk 1 written to 'bronze_dim_flight'
[2025-11-29T20:05:22.726+0000] {subprocess.py:93} INFO - Completed writing bronze_dim_flight
[2025-11-29T20:05:22.726+0000] {subprocess.py:93} INFO - FLIGHT_THREAD_FINISHED
[2025-11-29T20:05:22.726+0000] {subprocess.py:93} INFO - PASSENGER_THREAD_STARTED
[2025-11-29T20:05:22.726+0000] {subprocess.py:93} INFO - PAYMENT_THREAD_STARTED
[2025-11-29T20:05:22.726+0000] {subprocess.py:93} INFO - TICKET_THREAD_STARTED
[2025-11-29T20:05:22.726+0000] {subprocess.py:93} INFO - BOOKING_THREAD_STARTED
[2025-11-29T20:05:22.726+0000] {subprocess.py:93} INFO - AIRPORT_THREAD_FINISHED
[2025-11-29T20:05:22.726+0000] {subprocess.py:93} INFO - PASSENGER: Progress: 0/1000
[2025-11-29T20:05:22.727+0000] {subprocess.py:93} INFO - PASSENGER: Progress: 100/1000
[2025-11-29T20:05:22.727+0000] {subprocess.py:93} INFO - PASSENGER: Progress: 200/1000
[2025-11-29T20:05:22.727+0000] {subprocess.py:93} INFO - PASSENGER: Progress: 300/1000
[2025-11-29T20:05:22.727+0000] {subprocess.py:93} INFO - PASSENGER: Progress: 400/1000
[2025-11-29T20:05:22.727+0000] {subprocess.py:93} INFO - PASSENGER: Progress: 500/1000
[2025-11-29T20:05:22.727+0000] {subprocess.py:93} INFO - PASSENGER: Progress: 600/1000
[2025-11-29T20:05:22.727+0000] {subprocess.py:93} INFO - PASSENGER: Progress: 700/1000
[2025-11-29T20:05:22.727+0000] {subprocess.py:93} INFO - PASSENGER: Progress: 800/1000
[2025-11-29T20:05:22.727+0000] {subprocess.py:93} INFO - PAYMENT: Progress: 0/1000
[2025-11-29T20:05:22.727+0000] {subprocess.py:93} INFO - PASSENGER: Progress: 900/1000
[2025-11-29T20:05:22.728+0000] {subprocess.py:93} INFO - PAYMENT: Progress: 100/1000
[2025-11-29T20:05:22.728+0000] {subprocess.py:93} INFO - PASSENGER_THREAD_FINISHED
[2025-11-29T20:05:22.728+0000] {subprocess.py:93} INFO - PAYMENT: Progress: 200/1000
[2025-11-29T20:05:22.728+0000] {subprocess.py:93} INFO - PAYMENT: Progress: 300/1000
[2025-11-29T20:05:22.728+0000] {subprocess.py:93} INFO - PAYMENT: Progress: 400/1000
[2025-11-29T20:05:22.728+0000] {subprocess.py:93} INFO - PAYMENT: Progress: 500/1000
[2025-11-29T20:05:22.728+0000] {subprocess.py:93} INFO - PAYMENT: Progress: 600/1000
[2025-11-29T20:05:22.728+0000] {subprocess.py:93} INFO - PAYMENT: Progress: 700/1000
[2025-11-29T20:05:22.728+0000] {subprocess.py:93} INFO - PAYMENT: Progress: 800/1000
[2025-11-29T20:05:22.728+0000] {subprocess.py:93} INFO - PAYMENT: Progress: 900/1000
[2025-11-29T20:05:22.729+0000] {subprocess.py:93} INFO - PAYMENT_THREAD_FINISHED
[2025-11-29T20:05:22.729+0000] {subprocess.py:93} INFO - TICKET_THREAD_FINISHED
[2025-11-29T20:05:22.729+0000] {subprocess.py:93} INFO - BOOKING_THREAD_FINISHED
[2025-11-29T20:05:22.729+0000] {subprocess.py:93} INFO - DATE_THREAD_STARTED
[2025-11-29T20:05:22.729+0000] {subprocess.py:93} INFO - DATE_THREAD_FINISHED
[2025-11-29T20:05:22.729+0000] {subprocess.py:93} INFO - WEATHER_THREAD_STARTED
[2025-11-29T20:05:22.729+0000] {subprocess.py:93} INFO - 1
[2025-11-29T20:05:22.729+0000] {subprocess.py:93} INFO - 2
[2025-11-29T20:05:22.729+0000] {subprocess.py:93} INFO - 3
[2025-11-29T20:05:22.729+0000] {subprocess.py:93} INFO - 4
[2025-11-29T20:05:22.729+0000] {subprocess.py:93} INFO - 5
[2025-11-29T20:05:22.729+0000] {subprocess.py:93} INFO - 6
[2025-11-29T20:05:22.729+0000] {subprocess.py:93} INFO - 7
[2025-11-29T20:05:22.729+0000] {subprocess.py:93} INFO - Error at 7
[2025-11-29T20:05:22.729+0000] {subprocess.py:93} INFO - 8
[2025-11-29T20:05:22.730+0000] {subprocess.py:93} INFO - 9
[2025-11-29T20:05:22.730+0000] {subprocess.py:93} INFO - 10
[2025-11-29T20:05:22.730+0000] {subprocess.py:93} INFO - 11
[2025-11-29T20:05:22.730+0000] {subprocess.py:93} INFO - 12
[2025-11-29T20:05:22.730+0000] {subprocess.py:93} INFO - 13
[2025-11-29T20:05:22.730+0000] {subprocess.py:93} INFO - 14
[2025-11-29T20:05:22.730+0000] {subprocess.py:93} INFO - 15
[2025-11-29T20:05:22.730+0000] {subprocess.py:93} INFO - 16
[2025-11-29T20:05:22.730+0000] {subprocess.py:93} INFO - 17
[2025-11-29T20:05:22.730+0000] {subprocess.py:93} INFO - 18
[2025-11-29T20:05:22.730+0000] {subprocess.py:93} INFO - 19
[2025-11-29T20:05:22.730+0000] {subprocess.py:93} INFO - 20
[2025-11-29T20:05:22.730+0000] {subprocess.py:93} INFO - 21
[2025-11-29T20:05:22.730+0000] {subprocess.py:93} INFO - 22
[2025-11-29T20:05:22.730+0000] {subprocess.py:93} INFO - 23
[2025-11-29T20:05:22.730+0000] {subprocess.py:93} INFO - 24
[2025-11-29T20:05:22.730+0000] {subprocess.py:93} INFO - 25
[2025-11-29T20:05:22.730+0000] {subprocess.py:93} INFO - 26
[2025-11-29T20:05:22.730+0000] {subprocess.py:93} INFO - 27
[2025-11-29T20:05:22.730+0000] {subprocess.py:93} INFO - 28
[2025-11-29T20:05:22.730+0000] {subprocess.py:93} INFO - 29
[2025-11-29T20:05:22.731+0000] {subprocess.py:93} INFO - 30
[2025-11-29T20:05:22.731+0000] {subprocess.py:93} INFO - 31
[2025-11-29T20:05:22.731+0000] {subprocess.py:93} INFO - 32
[2025-11-29T20:05:22.731+0000] {subprocess.py:93} INFO - 33
[2025-11-29T20:05:22.731+0000] {subprocess.py:93} INFO - 34
[2025-11-29T20:05:22.731+0000] {subprocess.py:93} INFO - 35
[2025-11-29T20:05:22.731+0000] {subprocess.py:93} INFO - 36
[2025-11-29T20:05:22.731+0000] {subprocess.py:93} INFO - 37
[2025-11-29T20:05:22.731+0000] {subprocess.py:93} INFO - 38
[2025-11-29T20:05:22.731+0000] {subprocess.py:93} INFO - 39
[2025-11-29T20:05:22.731+0000] {subprocess.py:93} INFO - 40
[2025-11-29T20:05:22.731+0000] {subprocess.py:93} INFO - 41
[2025-11-29T20:05:22.731+0000] {subprocess.py:93} INFO - 42
[2025-11-29T20:05:22.731+0000] {subprocess.py:93} INFO - 43
[2025-11-29T20:05:22.731+0000] {subprocess.py:93} INFO - 44
[2025-11-29T20:05:22.731+0000] {subprocess.py:93} INFO - 45
[2025-11-29T20:05:22.731+0000] {subprocess.py:93} INFO - 46
[2025-11-29T20:05:22.731+0000] {subprocess.py:93} INFO - 47
[2025-11-29T20:05:22.731+0000] {subprocess.py:93} INFO - 48
[2025-11-29T20:05:22.731+0000] {subprocess.py:93} INFO - Error at 48
[2025-11-29T20:05:22.732+0000] {subprocess.py:93} INFO - 49
[2025-11-29T20:05:22.732+0000] {subprocess.py:93} INFO - 50
[2025-11-29T20:05:22.732+0000] {subprocess.py:93} INFO - 51
[2025-11-29T20:05:22.732+0000] {subprocess.py:93} INFO - 52
[2025-11-29T20:05:22.732+0000] {subprocess.py:93} INFO - 53
[2025-11-29T20:05:22.732+0000] {subprocess.py:93} INFO - 54
[2025-11-29T20:05:22.732+0000] {subprocess.py:93} INFO - 55
[2025-11-29T20:05:22.732+0000] {subprocess.py:93} INFO - 56
[2025-11-29T20:05:22.732+0000] {subprocess.py:93} INFO - 57
[2025-11-29T20:05:22.732+0000] {subprocess.py:93} INFO - 58
[2025-11-29T20:05:22.732+0000] {subprocess.py:93} INFO - 59
[2025-11-29T20:05:22.732+0000] {subprocess.py:93} INFO - 60
[2025-11-29T20:05:22.732+0000] {subprocess.py:93} INFO - 61
[2025-11-29T20:05:22.732+0000] {subprocess.py:93} INFO - 62
[2025-11-29T20:05:22.732+0000] {subprocess.py:93} INFO - 63
[2025-11-29T20:05:22.732+0000] {subprocess.py:93} INFO - 64
[2025-11-29T20:05:22.732+0000] {subprocess.py:93} INFO - 65
[2025-11-29T20:05:22.733+0000] {subprocess.py:93} INFO - 66
[2025-11-29T20:05:22.733+0000] {subprocess.py:93} INFO - 67
[2025-11-29T20:05:22.733+0000] {subprocess.py:93} INFO - 68
[2025-11-29T20:05:22.733+0000] {subprocess.py:93} INFO - 69
[2025-11-29T20:05:22.733+0000] {subprocess.py:93} INFO - Error at 69
[2025-11-29T20:05:22.733+0000] {subprocess.py:93} INFO - 70
[2025-11-29T20:05:22.733+0000] {subprocess.py:93} INFO - 71
[2025-11-29T20:05:22.733+0000] {subprocess.py:93} INFO - 72
[2025-11-29T20:05:22.733+0000] {subprocess.py:93} INFO - 73
[2025-11-29T20:05:22.733+0000] {subprocess.py:93} INFO - 74
[2025-11-29T20:05:22.733+0000] {subprocess.py:93} INFO - 75
[2025-11-29T20:05:22.733+0000] {subprocess.py:93} INFO - 76
[2025-11-29T20:05:22.733+0000] {subprocess.py:93} INFO - 77
[2025-11-29T20:05:22.733+0000] {subprocess.py:93} INFO - 78
[2025-11-29T20:05:22.733+0000] {subprocess.py:93} INFO - 79
[2025-11-29T20:05:22.733+0000] {subprocess.py:93} INFO - WEATHER_THREAD_FINISHED
[2025-11-29T20:05:23.408+0000] {subprocess.py:97} INFO - Command exited with return code 0
[2025-11-29T20:05:23.449+0000] {taskinstance.py:1400} INFO - Marking task as SUCCESS. dag_id=flight_etl, task_id=python_etl_pipeline, execution_date=20251129T200441, start_date=20251129T200442, end_date=20251129T200523
[2025-11-29T20:05:23.494+0000] {local_task_job_runner.py:228} INFO - Task exited with return code 0
[2025-11-29T20:05:23.514+0000] {taskinstance.py:2778} INFO - 0 downstream tasks scheduled from follow-on schedule check
