[2025-12-08T13:34:55.466+0000] {processor.py:157} INFO - Started process (PID=80) to work on /home/airflow/.local/lib/python3.8/site-packages/airflow/example_dags/example_sensor_decorator.py
[2025-12-08T13:34:55.467+0000] {processor.py:829} INFO - Processing file /home/airflow/.local/lib/python3.8/site-packages/airflow/example_dags/example_sensor_decorator.py for tasks to queue
[2025-12-08T13:34:55.469+0000] {logging_mixin.py:154} INFO - [2025-12-08T13:34:55.468+0000] {dagbag.py:536} INFO - Filling up the DagBag from /home/airflow/.local/lib/python3.8/site-packages/airflow/example_dags/example_sensor_decorator.py
[2025-12-08T13:34:55.474+0000] {processor.py:839} INFO - DAG(s) dict_keys(['example_sensor_decorator']) retrieved from /home/airflow/.local/lib/python3.8/site-packages/airflow/example_dags/example_sensor_decorator.py
[2025-12-08T13:34:55.484+0000] {logging_mixin.py:154} INFO - [2025-12-08T13:34:55.484+0000] {dag.py:2941} INFO - Sync 1 DAGs
[2025-12-08T13:34:55.495+0000] {logging_mixin.py:154} INFO - [2025-12-08T13:34:55.495+0000] {dag.py:3722} INFO - Setting next_dagrun for example_sensor_decorator to None, run_after=None
[2025-12-08T13:34:55.507+0000] {processor.py:179} INFO - Processing /home/airflow/.local/lib/python3.8/site-packages/airflow/example_dags/example_sensor_decorator.py took 0.044 seconds
[2025-12-08T13:35:26.398+0000] {processor.py:157} INFO - Started process (PID=143) to work on /home/airflow/.local/lib/python3.8/site-packages/airflow/example_dags/example_sensor_decorator.py
[2025-12-08T13:35:26.399+0000] {processor.py:829} INFO - Processing file /home/airflow/.local/lib/python3.8/site-packages/airflow/example_dags/example_sensor_decorator.py for tasks to queue
[2025-12-08T13:35:26.400+0000] {logging_mixin.py:154} INFO - [2025-12-08T13:35:26.400+0000] {dagbag.py:536} INFO - Filling up the DagBag from /home/airflow/.local/lib/python3.8/site-packages/airflow/example_dags/example_sensor_decorator.py
[2025-12-08T13:35:26.404+0000] {processor.py:839} INFO - DAG(s) dict_keys(['example_sensor_decorator']) retrieved from /home/airflow/.local/lib/python3.8/site-packages/airflow/example_dags/example_sensor_decorator.py
[2025-12-08T13:35:26.419+0000] {logging_mixin.py:154} INFO - [2025-12-08T13:35:26.419+0000] {dag.py:2941} INFO - Sync 1 DAGs
[2025-12-08T13:35:26.426+0000] {logging_mixin.py:154} INFO - [2025-12-08T13:35:26.426+0000] {dag.py:3722} INFO - Setting next_dagrun for example_sensor_decorator to None, run_after=None
[2025-12-08T13:35:26.436+0000] {processor.py:179} INFO - Processing /home/airflow/.local/lib/python3.8/site-packages/airflow/example_dags/example_sensor_decorator.py took 0.041 seconds
[2025-12-08T13:35:56.824+0000] {processor.py:157} INFO - Started process (PID=205) to work on /home/airflow/.local/lib/python3.8/site-packages/airflow/example_dags/example_sensor_decorator.py
[2025-12-08T13:35:56.824+0000] {processor.py:829} INFO - Processing file /home/airflow/.local/lib/python3.8/site-packages/airflow/example_dags/example_sensor_decorator.py for tasks to queue
[2025-12-08T13:35:56.825+0000] {logging_mixin.py:154} INFO - [2025-12-08T13:35:56.825+0000] {dagbag.py:536} INFO - Filling up the DagBag from /home/airflow/.local/lib/python3.8/site-packages/airflow/example_dags/example_sensor_decorator.py
[2025-12-08T13:35:56.828+0000] {processor.py:839} INFO - DAG(s) dict_keys(['example_sensor_decorator']) retrieved from /home/airflow/.local/lib/python3.8/site-packages/airflow/example_dags/example_sensor_decorator.py
[2025-12-08T13:35:56.841+0000] {logging_mixin.py:154} INFO - [2025-12-08T13:35:56.841+0000] {dag.py:2941} INFO - Sync 1 DAGs
[2025-12-08T13:35:56.848+0000] {logging_mixin.py:154} INFO - [2025-12-08T13:35:56.847+0000] {dag.py:3722} INFO - Setting next_dagrun for example_sensor_decorator to None, run_after=None
[2025-12-08T13:35:56.864+0000] {processor.py:179} INFO - Processing /home/airflow/.local/lib/python3.8/site-packages/airflow/example_dags/example_sensor_decorator.py took 0.043 seconds
[2025-12-08T13:36:27.164+0000] {processor.py:157} INFO - Started process (PID=260) to work on /home/airflow/.local/lib/python3.8/site-packages/airflow/example_dags/example_sensor_decorator.py
[2025-12-08T13:36:27.165+0000] {processor.py:829} INFO - Processing file /home/airflow/.local/lib/python3.8/site-packages/airflow/example_dags/example_sensor_decorator.py for tasks to queue
[2025-12-08T13:36:27.168+0000] {logging_mixin.py:154} INFO - [2025-12-08T13:36:27.168+0000] {dagbag.py:536} INFO - Filling up the DagBag from /home/airflow/.local/lib/python3.8/site-packages/airflow/example_dags/example_sensor_decorator.py
[2025-12-08T13:36:27.172+0000] {processor.py:839} INFO - DAG(s) dict_keys(['example_sensor_decorator']) retrieved from /home/airflow/.local/lib/python3.8/site-packages/airflow/example_dags/example_sensor_decorator.py
[2025-12-08T13:36:27.197+0000] {logging_mixin.py:154} INFO - [2025-12-08T13:36:27.197+0000] {dag.py:2941} INFO - Sync 1 DAGs
[2025-12-08T13:36:27.206+0000] {logging_mixin.py:154} INFO - [2025-12-08T13:36:27.206+0000] {dag.py:3722} INFO - Setting next_dagrun for example_sensor_decorator to None, run_after=None
[2025-12-08T13:36:27.233+0000] {processor.py:179} INFO - Processing /home/airflow/.local/lib/python3.8/site-packages/airflow/example_dags/example_sensor_decorator.py took 0.074 seconds
[2025-12-08T13:36:57.320+0000] {processor.py:157} INFO - Started process (PID=315) to work on /home/airflow/.local/lib/python3.8/site-packages/airflow/example_dags/example_sensor_decorator.py
[2025-12-08T13:36:57.321+0000] {processor.py:829} INFO - Processing file /home/airflow/.local/lib/python3.8/site-packages/airflow/example_dags/example_sensor_decorator.py for tasks to queue
[2025-12-08T13:36:57.323+0000] {logging_mixin.py:154} INFO - [2025-12-08T13:36:57.322+0000] {dagbag.py:536} INFO - Filling up the DagBag from /home/airflow/.local/lib/python3.8/site-packages/airflow/example_dags/example_sensor_decorator.py
[2025-12-08T13:36:57.327+0000] {processor.py:839} INFO - DAG(s) dict_keys(['example_sensor_decorator']) retrieved from /home/airflow/.local/lib/python3.8/site-packages/airflow/example_dags/example_sensor_decorator.py
[2025-12-08T13:36:57.340+0000] {logging_mixin.py:154} INFO - [2025-12-08T13:36:57.340+0000] {dag.py:2941} INFO - Sync 1 DAGs
[2025-12-08T13:36:57.347+0000] {logging_mixin.py:154} INFO - [2025-12-08T13:36:57.347+0000] {dag.py:3722} INFO - Setting next_dagrun for example_sensor_decorator to None, run_after=None
[2025-12-08T13:36:57.358+0000] {processor.py:179} INFO - Processing /home/airflow/.local/lib/python3.8/site-packages/airflow/example_dags/example_sensor_decorator.py took 0.041 seconds
[2025-12-08T13:37:28.266+0000] {processor.py:157} INFO - Started process (PID=370) to work on /home/airflow/.local/lib/python3.8/site-packages/airflow/example_dags/example_sensor_decorator.py
[2025-12-08T13:37:28.267+0000] {processor.py:829} INFO - Processing file /home/airflow/.local/lib/python3.8/site-packages/airflow/example_dags/example_sensor_decorator.py for tasks to queue
[2025-12-08T13:37:28.270+0000] {logging_mixin.py:154} INFO - [2025-12-08T13:37:28.269+0000] {dagbag.py:536} INFO - Filling up the DagBag from /home/airflow/.local/lib/python3.8/site-packages/airflow/example_dags/example_sensor_decorator.py
[2025-12-08T13:37:28.276+0000] {processor.py:839} INFO - DAG(s) dict_keys(['example_sensor_decorator']) retrieved from /home/airflow/.local/lib/python3.8/site-packages/airflow/example_dags/example_sensor_decorator.py
[2025-12-08T13:37:28.293+0000] {logging_mixin.py:154} INFO - [2025-12-08T13:37:28.293+0000] {dag.py:2941} INFO - Sync 1 DAGs
[2025-12-08T13:37:28.302+0000] {logging_mixin.py:154} INFO - [2025-12-08T13:37:28.302+0000] {dag.py:3722} INFO - Setting next_dagrun for example_sensor_decorator to None, run_after=None
[2025-12-08T13:37:28.314+0000] {processor.py:179} INFO - Processing /home/airflow/.local/lib/python3.8/site-packages/airflow/example_dags/example_sensor_decorator.py took 0.051 seconds
[2025-12-08T13:37:58.342+0000] {processor.py:157} INFO - Started process (PID=425) to work on /home/airflow/.local/lib/python3.8/site-packages/airflow/example_dags/example_sensor_decorator.py
[2025-12-08T13:37:58.342+0000] {processor.py:829} INFO - Processing file /home/airflow/.local/lib/python3.8/site-packages/airflow/example_dags/example_sensor_decorator.py for tasks to queue
[2025-12-08T13:37:58.344+0000] {logging_mixin.py:154} INFO - [2025-12-08T13:37:58.343+0000] {dagbag.py:536} INFO - Filling up the DagBag from /home/airflow/.local/lib/python3.8/site-packages/airflow/example_dags/example_sensor_decorator.py
[2025-12-08T13:37:58.347+0000] {processor.py:839} INFO - DAG(s) dict_keys(['example_sensor_decorator']) retrieved from /home/airflow/.local/lib/python3.8/site-packages/airflow/example_dags/example_sensor_decorator.py
[2025-12-08T13:37:58.361+0000] {logging_mixin.py:154} INFO - [2025-12-08T13:37:58.361+0000] {dag.py:2941} INFO - Sync 1 DAGs
[2025-12-08T13:37:58.368+0000] {logging_mixin.py:154} INFO - [2025-12-08T13:37:58.368+0000] {dag.py:3722} INFO - Setting next_dagrun for example_sensor_decorator to None, run_after=None
[2025-12-08T13:37:58.380+0000] {processor.py:179} INFO - Processing /home/airflow/.local/lib/python3.8/site-packages/airflow/example_dags/example_sensor_decorator.py took 0.040 seconds
[2025-12-08T13:38:29.042+0000] {processor.py:157} INFO - Started process (PID=480) to work on /home/airflow/.local/lib/python3.8/site-packages/airflow/example_dags/example_sensor_decorator.py
[2025-12-08T13:38:29.042+0000] {processor.py:829} INFO - Processing file /home/airflow/.local/lib/python3.8/site-packages/airflow/example_dags/example_sensor_decorator.py for tasks to queue
[2025-12-08T13:38:29.043+0000] {logging_mixin.py:154} INFO - [2025-12-08T13:38:29.043+0000] {dagbag.py:536} INFO - Filling up the DagBag from /home/airflow/.local/lib/python3.8/site-packages/airflow/example_dags/example_sensor_decorator.py
[2025-12-08T13:38:29.047+0000] {processor.py:839} INFO - DAG(s) dict_keys(['example_sensor_decorator']) retrieved from /home/airflow/.local/lib/python3.8/site-packages/airflow/example_dags/example_sensor_decorator.py
[2025-12-08T13:38:29.064+0000] {logging_mixin.py:154} INFO - [2025-12-08T13:38:29.063+0000] {dag.py:2941} INFO - Sync 1 DAGs
[2025-12-08T13:38:29.072+0000] {logging_mixin.py:154} INFO - [2025-12-08T13:38:29.072+0000] {dag.py:3722} INFO - Setting next_dagrun for example_sensor_decorator to None, run_after=None
[2025-12-08T13:38:29.083+0000] {processor.py:179} INFO - Processing /home/airflow/.local/lib/python3.8/site-packages/airflow/example_dags/example_sensor_decorator.py took 0.043 seconds
