[2025-12-08T13:34:55.598+0000] {processor.py:157} INFO - Started process (PID=88) to work on /home/airflow/.local/lib/python3.8/site-packages/airflow/example_dags/example_short_circuit_decorator.py
[2025-12-08T13:34:55.598+0000] {processor.py:829} INFO - Processing file /home/airflow/.local/lib/python3.8/site-packages/airflow/example_dags/example_short_circuit_decorator.py for tasks to queue
[2025-12-08T13:34:55.600+0000] {logging_mixin.py:154} INFO - [2025-12-08T13:34:55.600+0000] {dagbag.py:536} INFO - Filling up the DagBag from /home/airflow/.local/lib/python3.8/site-packages/airflow/example_dags/example_short_circuit_decorator.py
[2025-12-08T13:34:55.608+0000] {processor.py:839} INFO - DAG(s) dict_keys(['example_short_circuit_decorator']) retrieved from /home/airflow/.local/lib/python3.8/site-packages/airflow/example_dags/example_short_circuit_decorator.py
[2025-12-08T13:34:55.619+0000] {logging_mixin.py:154} INFO - [2025-12-08T13:34:55.618+0000] {dag.py:2941} INFO - Sync 1 DAGs
[2025-12-08T13:34:55.635+0000] {logging_mixin.py:154} INFO - [2025-12-08T13:34:55.635+0000] {dag.py:3722} INFO - Setting next_dagrun for example_short_circuit_decorator to 2025-12-07T13:34:55.634884+00:00, run_after=2025-12-08T13:34:55.634884+00:00
[2025-12-08T13:34:55.650+0000] {processor.py:179} INFO - Processing /home/airflow/.local/lib/python3.8/site-packages/airflow/example_dags/example_short_circuit_decorator.py took 0.056 seconds
[2025-12-08T13:35:26.576+0000] {processor.py:157} INFO - Started process (PID=147) to work on /home/airflow/.local/lib/python3.8/site-packages/airflow/example_dags/example_short_circuit_decorator.py
[2025-12-08T13:35:26.576+0000] {processor.py:829} INFO - Processing file /home/airflow/.local/lib/python3.8/site-packages/airflow/example_dags/example_short_circuit_decorator.py for tasks to queue
[2025-12-08T13:35:26.578+0000] {logging_mixin.py:154} INFO - [2025-12-08T13:35:26.578+0000] {dagbag.py:536} INFO - Filling up the DagBag from /home/airflow/.local/lib/python3.8/site-packages/airflow/example_dags/example_short_circuit_decorator.py
[2025-12-08T13:35:26.583+0000] {processor.py:839} INFO - DAG(s) dict_keys(['example_short_circuit_decorator']) retrieved from /home/airflow/.local/lib/python3.8/site-packages/airflow/example_dags/example_short_circuit_decorator.py
[2025-12-08T13:35:26.597+0000] {logging_mixin.py:154} INFO - [2025-12-08T13:35:26.597+0000] {dag.py:2941} INFO - Sync 1 DAGs
[2025-12-08T13:35:26.610+0000] {logging_mixin.py:154} INFO - [2025-12-08T13:35:26.610+0000] {dag.py:3722} INFO - Setting next_dagrun for example_short_circuit_decorator to 2025-12-07T13:35:26.610220+00:00, run_after=2025-12-08T13:35:26.610220+00:00
[2025-12-08T13:35:26.634+0000] {processor.py:179} INFO - Processing /home/airflow/.local/lib/python3.8/site-packages/airflow/example_dags/example_short_circuit_decorator.py took 0.061 seconds
[2025-12-08T13:35:57.009+0000] {processor.py:157} INFO - Started process (PID=209) to work on /home/airflow/.local/lib/python3.8/site-packages/airflow/example_dags/example_short_circuit_decorator.py
[2025-12-08T13:35:57.009+0000] {processor.py:829} INFO - Processing file /home/airflow/.local/lib/python3.8/site-packages/airflow/example_dags/example_short_circuit_decorator.py for tasks to queue
[2025-12-08T13:35:57.010+0000] {logging_mixin.py:154} INFO - [2025-12-08T13:35:57.010+0000] {dagbag.py:536} INFO - Filling up the DagBag from /home/airflow/.local/lib/python3.8/site-packages/airflow/example_dags/example_short_circuit_decorator.py
[2025-12-08T13:35:57.017+0000] {processor.py:839} INFO - DAG(s) dict_keys(['example_short_circuit_decorator']) retrieved from /home/airflow/.local/lib/python3.8/site-packages/airflow/example_dags/example_short_circuit_decorator.py
[2025-12-08T13:35:57.043+0000] {logging_mixin.py:154} INFO - [2025-12-08T13:35:57.043+0000] {dag.py:2941} INFO - Sync 1 DAGs
[2025-12-08T13:35:57.062+0000] {logging_mixin.py:154} INFO - [2025-12-08T13:35:57.062+0000] {dag.py:3722} INFO - Setting next_dagrun for example_short_circuit_decorator to 2025-12-07T13:35:57.062480+00:00, run_after=2025-12-08T13:35:57.062480+00:00
[2025-12-08T13:35:57.088+0000] {processor.py:179} INFO - Processing /home/airflow/.local/lib/python3.8/site-packages/airflow/example_dags/example_short_circuit_decorator.py took 0.081 seconds
[2025-12-08T13:36:27.343+0000] {processor.py:157} INFO - Started process (PID=264) to work on /home/airflow/.local/lib/python3.8/site-packages/airflow/example_dags/example_short_circuit_decorator.py
[2025-12-08T13:36:27.343+0000] {processor.py:829} INFO - Processing file /home/airflow/.local/lib/python3.8/site-packages/airflow/example_dags/example_short_circuit_decorator.py for tasks to queue
[2025-12-08T13:36:27.345+0000] {logging_mixin.py:154} INFO - [2025-12-08T13:36:27.345+0000] {dagbag.py:536} INFO - Filling up the DagBag from /home/airflow/.local/lib/python3.8/site-packages/airflow/example_dags/example_short_circuit_decorator.py
[2025-12-08T13:36:27.354+0000] {processor.py:839} INFO - DAG(s) dict_keys(['example_short_circuit_decorator']) retrieved from /home/airflow/.local/lib/python3.8/site-packages/airflow/example_dags/example_short_circuit_decorator.py
[2025-12-08T13:36:27.372+0000] {logging_mixin.py:154} INFO - [2025-12-08T13:36:27.372+0000] {dag.py:2941} INFO - Sync 1 DAGs
[2025-12-08T13:36:27.385+0000] {logging_mixin.py:154} INFO - [2025-12-08T13:36:27.385+0000] {dag.py:3722} INFO - Setting next_dagrun for example_short_circuit_decorator to 2025-12-07T13:36:27.385013+00:00, run_after=2025-12-08T13:36:27.385013+00:00
[2025-12-08T13:36:27.397+0000] {processor.py:179} INFO - Processing /home/airflow/.local/lib/python3.8/site-packages/airflow/example_dags/example_short_circuit_decorator.py took 0.058 seconds
[2025-12-08T13:36:57.425+0000] {processor.py:157} INFO - Started process (PID=319) to work on /home/airflow/.local/lib/python3.8/site-packages/airflow/example_dags/example_short_circuit_decorator.py
[2025-12-08T13:36:57.425+0000] {processor.py:829} INFO - Processing file /home/airflow/.local/lib/python3.8/site-packages/airflow/example_dags/example_short_circuit_decorator.py for tasks to queue
[2025-12-08T13:36:57.426+0000] {logging_mixin.py:154} INFO - [2025-12-08T13:36:57.426+0000] {dagbag.py:536} INFO - Filling up the DagBag from /home/airflow/.local/lib/python3.8/site-packages/airflow/example_dags/example_short_circuit_decorator.py
[2025-12-08T13:36:57.432+0000] {processor.py:839} INFO - DAG(s) dict_keys(['example_short_circuit_decorator']) retrieved from /home/airflow/.local/lib/python3.8/site-packages/airflow/example_dags/example_short_circuit_decorator.py
[2025-12-08T13:36:57.445+0000] {logging_mixin.py:154} INFO - [2025-12-08T13:36:57.444+0000] {dag.py:2941} INFO - Sync 1 DAGs
[2025-12-08T13:36:57.456+0000] {logging_mixin.py:154} INFO - [2025-12-08T13:36:57.456+0000] {dag.py:3722} INFO - Setting next_dagrun for example_short_circuit_decorator to 2025-12-07T13:36:57.456543+00:00, run_after=2025-12-08T13:36:57.456543+00:00
[2025-12-08T13:36:57.468+0000] {processor.py:179} INFO - Processing /home/airflow/.local/lib/python3.8/site-packages/airflow/example_dags/example_short_circuit_decorator.py took 0.045 seconds
[2025-12-08T13:37:28.392+0000] {processor.py:157} INFO - Started process (PID=374) to work on /home/airflow/.local/lib/python3.8/site-packages/airflow/example_dags/example_short_circuit_decorator.py
[2025-12-08T13:37:28.393+0000] {processor.py:829} INFO - Processing file /home/airflow/.local/lib/python3.8/site-packages/airflow/example_dags/example_short_circuit_decorator.py for tasks to queue
[2025-12-08T13:37:28.395+0000] {logging_mixin.py:154} INFO - [2025-12-08T13:37:28.395+0000] {dagbag.py:536} INFO - Filling up the DagBag from /home/airflow/.local/lib/python3.8/site-packages/airflow/example_dags/example_short_circuit_decorator.py
[2025-12-08T13:37:28.401+0000] {processor.py:839} INFO - DAG(s) dict_keys(['example_short_circuit_decorator']) retrieved from /home/airflow/.local/lib/python3.8/site-packages/airflow/example_dags/example_short_circuit_decorator.py
[2025-12-08T13:37:28.424+0000] {logging_mixin.py:154} INFO - [2025-12-08T13:37:28.424+0000] {dag.py:2941} INFO - Sync 1 DAGs
[2025-12-08T13:37:28.438+0000] {logging_mixin.py:154} INFO - [2025-12-08T13:37:28.438+0000] {dag.py:3722} INFO - Setting next_dagrun for example_short_circuit_decorator to 2025-12-07T13:37:28.437914+00:00, run_after=2025-12-08T13:37:28.437914+00:00
[2025-12-08T13:37:28.448+0000] {processor.py:179} INFO - Processing /home/airflow/.local/lib/python3.8/site-packages/airflow/example_dags/example_short_circuit_decorator.py took 0.060 seconds
[2025-12-08T13:37:58.463+0000] {processor.py:157} INFO - Started process (PID=429) to work on /home/airflow/.local/lib/python3.8/site-packages/airflow/example_dags/example_short_circuit_decorator.py
[2025-12-08T13:37:58.464+0000] {processor.py:829} INFO - Processing file /home/airflow/.local/lib/python3.8/site-packages/airflow/example_dags/example_short_circuit_decorator.py for tasks to queue
[2025-12-08T13:37:58.465+0000] {logging_mixin.py:154} INFO - [2025-12-08T13:37:58.465+0000] {dagbag.py:536} INFO - Filling up the DagBag from /home/airflow/.local/lib/python3.8/site-packages/airflow/example_dags/example_short_circuit_decorator.py
[2025-12-08T13:37:58.471+0000] {processor.py:839} INFO - DAG(s) dict_keys(['example_short_circuit_decorator']) retrieved from /home/airflow/.local/lib/python3.8/site-packages/airflow/example_dags/example_short_circuit_decorator.py
[2025-12-08T13:37:58.486+0000] {logging_mixin.py:154} INFO - [2025-12-08T13:37:58.486+0000] {dag.py:2941} INFO - Sync 1 DAGs
[2025-12-08T13:37:58.498+0000] {logging_mixin.py:154} INFO - [2025-12-08T13:37:58.498+0000] {dag.py:3722} INFO - Setting next_dagrun for example_short_circuit_decorator to 2025-12-07T13:37:58.497939+00:00, run_after=2025-12-08T13:37:58.497939+00:00
[2025-12-08T13:37:58.508+0000] {processor.py:179} INFO - Processing /home/airflow/.local/lib/python3.8/site-packages/airflow/example_dags/example_short_circuit_decorator.py took 0.047 seconds
[2025-12-08T13:38:29.153+0000] {processor.py:157} INFO - Started process (PID=484) to work on /home/airflow/.local/lib/python3.8/site-packages/airflow/example_dags/example_short_circuit_decorator.py
[2025-12-08T13:38:29.153+0000] {processor.py:829} INFO - Processing file /home/airflow/.local/lib/python3.8/site-packages/airflow/example_dags/example_short_circuit_decorator.py for tasks to queue
[2025-12-08T13:38:29.155+0000] {logging_mixin.py:154} INFO - [2025-12-08T13:38:29.154+0000] {dagbag.py:536} INFO - Filling up the DagBag from /home/airflow/.local/lib/python3.8/site-packages/airflow/example_dags/example_short_circuit_decorator.py
[2025-12-08T13:38:29.160+0000] {processor.py:839} INFO - DAG(s) dict_keys(['example_short_circuit_decorator']) retrieved from /home/airflow/.local/lib/python3.8/site-packages/airflow/example_dags/example_short_circuit_decorator.py
[2025-12-08T13:38:29.175+0000] {logging_mixin.py:154} INFO - [2025-12-08T13:38:29.174+0000] {dag.py:2941} INFO - Sync 1 DAGs
[2025-12-08T13:38:29.191+0000] {logging_mixin.py:154} INFO - [2025-12-08T13:38:29.191+0000] {dag.py:3722} INFO - Setting next_dagrun for example_short_circuit_decorator to 2025-12-07T13:38:29.191551+00:00, run_after=2025-12-08T13:38:29.191551+00:00
[2025-12-08T13:38:29.203+0000] {processor.py:179} INFO - Processing /home/airflow/.local/lib/python3.8/site-packages/airflow/example_dags/example_short_circuit_decorator.py took 0.054 seconds
