[2025-12-08T13:34:56.015+0000] {processor.py:157} INFO - Started process (PID=99) to work on /home/airflow/.local/lib/python3.8/site-packages/airflow/example_dags/example_xcomargs.py
[2025-12-08T13:34:56.015+0000] {processor.py:829} INFO - Processing file /home/airflow/.local/lib/python3.8/site-packages/airflow/example_dags/example_xcomargs.py for tasks to queue
[2025-12-08T13:34:56.016+0000] {logging_mixin.py:154} INFO - [2025-12-08T13:34:56.016+0000] {dagbag.py:536} INFO - Filling up the DagBag from /home/airflow/.local/lib/python3.8/site-packages/airflow/example_dags/example_xcomargs.py
[2025-12-08T13:34:56.022+0000] {processor.py:839} INFO - DAG(s) dict_keys(['example_xcom_args_with_operators', 'example_xcom_args']) retrieved from /home/airflow/.local/lib/python3.8/site-packages/airflow/example_dags/example_xcomargs.py
[2025-12-08T13:34:56.031+0000] {logging_mixin.py:154} INFO - [2025-12-08T13:34:56.031+0000] {dag.py:2941} INFO - Sync 2 DAGs
[2025-12-08T13:34:56.052+0000] {logging_mixin.py:154} INFO - [2025-12-08T13:34:56.051+0000] {dag.py:3722} INFO - Setting next_dagrun for example_xcom_args to None, run_after=None
[2025-12-08T13:34:56.054+0000] {logging_mixin.py:154} INFO - [2025-12-08T13:34:56.054+0000] {dag.py:3722} INFO - Setting next_dagrun for example_xcom_args_with_operators to None, run_after=None
[2025-12-08T13:34:56.068+0000] {processor.py:179} INFO - Processing /home/airflow/.local/lib/python3.8/site-packages/airflow/example_dags/example_xcomargs.py took 0.055 seconds
[2025-12-08T13:35:27.033+0000] {processor.py:157} INFO - Started process (PID=165) to work on /home/airflow/.local/lib/python3.8/site-packages/airflow/example_dags/example_xcomargs.py
[2025-12-08T13:35:27.033+0000] {processor.py:829} INFO - Processing file /home/airflow/.local/lib/python3.8/site-packages/airflow/example_dags/example_xcomargs.py for tasks to queue
[2025-12-08T13:35:27.034+0000] {logging_mixin.py:154} INFO - [2025-12-08T13:35:27.034+0000] {dagbag.py:536} INFO - Filling up the DagBag from /home/airflow/.local/lib/python3.8/site-packages/airflow/example_dags/example_xcomargs.py
[2025-12-08T13:35:27.039+0000] {processor.py:839} INFO - DAG(s) dict_keys(['example_xcom_args_with_operators', 'example_xcom_args']) retrieved from /home/airflow/.local/lib/python3.8/site-packages/airflow/example_dags/example_xcomargs.py
[2025-12-08T13:35:27.054+0000] {logging_mixin.py:154} INFO - [2025-12-08T13:35:27.054+0000] {dag.py:2941} INFO - Sync 2 DAGs
[2025-12-08T13:35:27.061+0000] {logging_mixin.py:154} INFO - [2025-12-08T13:35:27.061+0000] {dag.py:3722} INFO - Setting next_dagrun for example_xcom_args to None, run_after=None
[2025-12-08T13:35:27.063+0000] {logging_mixin.py:154} INFO - [2025-12-08T13:35:27.063+0000] {dag.py:3722} INFO - Setting next_dagrun for example_xcom_args_with_operators to None, run_after=None
[2025-12-08T13:35:27.073+0000] {processor.py:179} INFO - Processing /home/airflow/.local/lib/python3.8/site-packages/airflow/example_dags/example_xcomargs.py took 0.042 seconds
[2025-12-08T13:35:57.558+0000] {processor.py:157} INFO - Started process (PID=220) to work on /home/airflow/.local/lib/python3.8/site-packages/airflow/example_dags/example_xcomargs.py
[2025-12-08T13:35:57.559+0000] {processor.py:829} INFO - Processing file /home/airflow/.local/lib/python3.8/site-packages/airflow/example_dags/example_xcomargs.py for tasks to queue
[2025-12-08T13:35:57.560+0000] {logging_mixin.py:154} INFO - [2025-12-08T13:35:57.560+0000] {dagbag.py:536} INFO - Filling up the DagBag from /home/airflow/.local/lib/python3.8/site-packages/airflow/example_dags/example_xcomargs.py
[2025-12-08T13:35:57.564+0000] {processor.py:839} INFO - DAG(s) dict_keys(['example_xcom_args', 'example_xcom_args_with_operators']) retrieved from /home/airflow/.local/lib/python3.8/site-packages/airflow/example_dags/example_xcomargs.py
[2025-12-08T13:35:57.582+0000] {logging_mixin.py:154} INFO - [2025-12-08T13:35:57.581+0000] {dag.py:2941} INFO - Sync 2 DAGs
[2025-12-08T13:35:57.590+0000] {logging_mixin.py:154} INFO - [2025-12-08T13:35:57.590+0000] {dag.py:3722} INFO - Setting next_dagrun for example_xcom_args to None, run_after=None
[2025-12-08T13:35:57.594+0000] {logging_mixin.py:154} INFO - [2025-12-08T13:35:57.593+0000] {dag.py:3722} INFO - Setting next_dagrun for example_xcom_args_with_operators to None, run_after=None
[2025-12-08T13:35:57.611+0000] {processor.py:179} INFO - Processing /home/airflow/.local/lib/python3.8/site-packages/airflow/example_dags/example_xcomargs.py took 0.055 seconds
[2025-12-08T13:36:27.908+0000] {processor.py:157} INFO - Started process (PID=275) to work on /home/airflow/.local/lib/python3.8/site-packages/airflow/example_dags/example_xcomargs.py
[2025-12-08T13:36:27.909+0000] {processor.py:829} INFO - Processing file /home/airflow/.local/lib/python3.8/site-packages/airflow/example_dags/example_xcomargs.py for tasks to queue
[2025-12-08T13:36:27.911+0000] {logging_mixin.py:154} INFO - [2025-12-08T13:36:27.911+0000] {dagbag.py:536} INFO - Filling up the DagBag from /home/airflow/.local/lib/python3.8/site-packages/airflow/example_dags/example_xcomargs.py
[2025-12-08T13:36:27.917+0000] {processor.py:839} INFO - DAG(s) dict_keys(['example_xcom_args', 'example_xcom_args_with_operators']) retrieved from /home/airflow/.local/lib/python3.8/site-packages/airflow/example_dags/example_xcomargs.py
[2025-12-08T13:36:27.939+0000] {logging_mixin.py:154} INFO - [2025-12-08T13:36:27.939+0000] {dag.py:2941} INFO - Sync 2 DAGs
[2025-12-08T13:36:27.950+0000] {logging_mixin.py:154} INFO - [2025-12-08T13:36:27.950+0000] {dag.py:3722} INFO - Setting next_dagrun for example_xcom_args to None, run_after=None
[2025-12-08T13:36:27.953+0000] {logging_mixin.py:154} INFO - [2025-12-08T13:36:27.953+0000] {dag.py:3722} INFO - Setting next_dagrun for example_xcom_args_with_operators to None, run_after=None
[2025-12-08T13:36:27.976+0000] {processor.py:179} INFO - Processing /home/airflow/.local/lib/python3.8/site-packages/airflow/example_dags/example_xcomargs.py took 0.071 seconds
[2025-12-08T13:36:59.078+0000] {processor.py:157} INFO - Started process (PID=330) to work on /home/airflow/.local/lib/python3.8/site-packages/airflow/example_dags/example_xcomargs.py
[2025-12-08T13:36:59.078+0000] {processor.py:829} INFO - Processing file /home/airflow/.local/lib/python3.8/site-packages/airflow/example_dags/example_xcomargs.py for tasks to queue
[2025-12-08T13:36:59.079+0000] {logging_mixin.py:154} INFO - [2025-12-08T13:36:59.079+0000] {dagbag.py:536} INFO - Filling up the DagBag from /home/airflow/.local/lib/python3.8/site-packages/airflow/example_dags/example_xcomargs.py
[2025-12-08T13:36:59.084+0000] {processor.py:839} INFO - DAG(s) dict_keys(['example_xcom_args_with_operators', 'example_xcom_args']) retrieved from /home/airflow/.local/lib/python3.8/site-packages/airflow/example_dags/example_xcomargs.py
[2025-12-08T13:36:59.098+0000] {logging_mixin.py:154} INFO - [2025-12-08T13:36:59.098+0000] {dag.py:2941} INFO - Sync 2 DAGs
[2025-12-08T13:36:59.105+0000] {logging_mixin.py:154} INFO - [2025-12-08T13:36:59.105+0000] {dag.py:3722} INFO - Setting next_dagrun for example_xcom_args to None, run_after=None
[2025-12-08T13:36:59.107+0000] {logging_mixin.py:154} INFO - [2025-12-08T13:36:59.107+0000] {dag.py:3722} INFO - Setting next_dagrun for example_xcom_args_with_operators to None, run_after=None
[2025-12-08T13:36:59.117+0000] {processor.py:179} INFO - Processing /home/airflow/.local/lib/python3.8/site-packages/airflow/example_dags/example_xcomargs.py took 0.042 seconds
[2025-12-08T13:37:29.833+0000] {processor.py:157} INFO - Started process (PID=385) to work on /home/airflow/.local/lib/python3.8/site-packages/airflow/example_dags/example_xcomargs.py
[2025-12-08T13:37:29.833+0000] {processor.py:829} INFO - Processing file /home/airflow/.local/lib/python3.8/site-packages/airflow/example_dags/example_xcomargs.py for tasks to queue
[2025-12-08T13:37:29.835+0000] {logging_mixin.py:154} INFO - [2025-12-08T13:37:29.834+0000] {dagbag.py:536} INFO - Filling up the DagBag from /home/airflow/.local/lib/python3.8/site-packages/airflow/example_dags/example_xcomargs.py
[2025-12-08T13:37:29.839+0000] {processor.py:839} INFO - DAG(s) dict_keys(['example_xcom_args_with_operators', 'example_xcom_args']) retrieved from /home/airflow/.local/lib/python3.8/site-packages/airflow/example_dags/example_xcomargs.py
[2025-12-08T13:37:29.856+0000] {logging_mixin.py:154} INFO - [2025-12-08T13:37:29.856+0000] {dag.py:2941} INFO - Sync 2 DAGs
[2025-12-08T13:37:29.863+0000] {logging_mixin.py:154} INFO - [2025-12-08T13:37:29.863+0000] {dag.py:3722} INFO - Setting next_dagrun for example_xcom_args to None, run_after=None
[2025-12-08T13:37:29.865+0000] {logging_mixin.py:154} INFO - [2025-12-08T13:37:29.865+0000] {dag.py:3722} INFO - Setting next_dagrun for example_xcom_args_with_operators to None, run_after=None
[2025-12-08T13:37:29.875+0000] {processor.py:179} INFO - Processing /home/airflow/.local/lib/python3.8/site-packages/airflow/example_dags/example_xcomargs.py took 0.044 seconds
[2025-12-08T13:38:00.866+0000] {processor.py:157} INFO - Started process (PID=440) to work on /home/airflow/.local/lib/python3.8/site-packages/airflow/example_dags/example_xcomargs.py
[2025-12-08T13:38:00.867+0000] {processor.py:829} INFO - Processing file /home/airflow/.local/lib/python3.8/site-packages/airflow/example_dags/example_xcomargs.py for tasks to queue
[2025-12-08T13:38:00.869+0000] {logging_mixin.py:154} INFO - [2025-12-08T13:38:00.868+0000] {dagbag.py:536} INFO - Filling up the DagBag from /home/airflow/.local/lib/python3.8/site-packages/airflow/example_dags/example_xcomargs.py
[2025-12-08T13:38:00.873+0000] {processor.py:839} INFO - DAG(s) dict_keys(['example_xcom_args_with_operators', 'example_xcom_args']) retrieved from /home/airflow/.local/lib/python3.8/site-packages/airflow/example_dags/example_xcomargs.py
[2025-12-08T13:38:00.886+0000] {logging_mixin.py:154} INFO - [2025-12-08T13:38:00.886+0000] {dag.py:2941} INFO - Sync 2 DAGs
[2025-12-08T13:38:00.894+0000] {logging_mixin.py:154} INFO - [2025-12-08T13:38:00.893+0000] {dag.py:3722} INFO - Setting next_dagrun for example_xcom_args to None, run_after=None
[2025-12-08T13:38:00.896+0000] {logging_mixin.py:154} INFO - [2025-12-08T13:38:00.895+0000] {dag.py:3722} INFO - Setting next_dagrun for example_xcom_args_with_operators to None, run_after=None
[2025-12-08T13:38:00.907+0000] {processor.py:179} INFO - Processing /home/airflow/.local/lib/python3.8/site-packages/airflow/example_dags/example_xcomargs.py took 0.043 seconds
[2025-12-08T13:38:31.558+0000] {processor.py:157} INFO - Started process (PID=495) to work on /home/airflow/.local/lib/python3.8/site-packages/airflow/example_dags/example_xcomargs.py
[2025-12-08T13:38:31.559+0000] {processor.py:829} INFO - Processing file /home/airflow/.local/lib/python3.8/site-packages/airflow/example_dags/example_xcomargs.py for tasks to queue
[2025-12-08T13:38:31.561+0000] {logging_mixin.py:154} INFO - [2025-12-08T13:38:31.561+0000] {dagbag.py:536} INFO - Filling up the DagBag from /home/airflow/.local/lib/python3.8/site-packages/airflow/example_dags/example_xcomargs.py
[2025-12-08T13:38:31.567+0000] {processor.py:839} INFO - DAG(s) dict_keys(['example_xcom_args', 'example_xcom_args_with_operators']) retrieved from /home/airflow/.local/lib/python3.8/site-packages/airflow/example_dags/example_xcomargs.py
[2025-12-08T13:38:31.593+0000] {logging_mixin.py:154} INFO - [2025-12-08T13:38:31.593+0000] {dag.py:2941} INFO - Sync 2 DAGs
[2025-12-08T13:38:31.601+0000] {logging_mixin.py:154} INFO - [2025-12-08T13:38:31.601+0000] {dag.py:3722} INFO - Setting next_dagrun for example_xcom_args to None, run_after=None
[2025-12-08T13:38:31.603+0000] {logging_mixin.py:154} INFO - [2025-12-08T13:38:31.603+0000] {dag.py:3722} INFO - Setting next_dagrun for example_xcom_args_with_operators to None, run_after=None
[2025-12-08T13:38:31.613+0000] {processor.py:179} INFO - Processing /home/airflow/.local/lib/python3.8/site-packages/airflow/example_dags/example_xcomargs.py took 0.059 seconds
