[2025-12-08T13:34:55.826+0000] {processor.py:157} INFO - Started process (PID=94) to work on /home/airflow/.local/lib/python3.8/site-packages/airflow/example_dags/example_task_group_decorator.py
[2025-12-08T13:34:55.827+0000] {processor.py:829} INFO - Processing file /home/airflow/.local/lib/python3.8/site-packages/airflow/example_dags/example_task_group_decorator.py for tasks to queue
[2025-12-08T13:34:55.828+0000] {logging_mixin.py:154} INFO - [2025-12-08T13:34:55.828+0000] {dagbag.py:536} INFO - Filling up the DagBag from /home/airflow/.local/lib/python3.8/site-packages/airflow/example_dags/example_task_group_decorator.py
[2025-12-08T13:34:55.838+0000] {processor.py:839} INFO - DAG(s) dict_keys(['example_task_group_decorator']) retrieved from /home/airflow/.local/lib/python3.8/site-packages/airflow/example_dags/example_task_group_decorator.py
[2025-12-08T13:34:55.847+0000] {logging_mixin.py:154} INFO - [2025-12-08T13:34:55.847+0000] {dag.py:2941} INFO - Sync 1 DAGs
[2025-12-08T13:34:55.865+0000] {logging_mixin.py:154} INFO - [2025-12-08T13:34:55.865+0000] {dag.py:3722} INFO - Setting next_dagrun for example_task_group_decorator to 2025-12-07T13:34:55.864836+00:00, run_after=2025-12-08T13:34:55.864836+00:00
[2025-12-08T13:34:55.882+0000] {processor.py:179} INFO - Processing /home/airflow/.local/lib/python3.8/site-packages/airflow/example_dags/example_task_group_decorator.py took 0.058 seconds
[2025-12-08T13:35:26.849+0000] {processor.py:157} INFO - Started process (PID=160) to work on /home/airflow/.local/lib/python3.8/site-packages/airflow/example_dags/example_task_group_decorator.py
[2025-12-08T13:35:26.850+0000] {processor.py:829} INFO - Processing file /home/airflow/.local/lib/python3.8/site-packages/airflow/example_dags/example_task_group_decorator.py for tasks to queue
[2025-12-08T13:35:26.851+0000] {logging_mixin.py:154} INFO - [2025-12-08T13:35:26.851+0000] {dagbag.py:536} INFO - Filling up the DagBag from /home/airflow/.local/lib/python3.8/site-packages/airflow/example_dags/example_task_group_decorator.py
[2025-12-08T13:35:26.858+0000] {processor.py:839} INFO - DAG(s) dict_keys(['example_task_group_decorator']) retrieved from /home/airflow/.local/lib/python3.8/site-packages/airflow/example_dags/example_task_group_decorator.py
[2025-12-08T13:35:26.871+0000] {logging_mixin.py:154} INFO - [2025-12-08T13:35:26.871+0000] {dag.py:2941} INFO - Sync 1 DAGs
[2025-12-08T13:35:26.883+0000] {logging_mixin.py:154} INFO - [2025-12-08T13:35:26.883+0000] {dag.py:3722} INFO - Setting next_dagrun for example_task_group_decorator to 2025-12-07T13:35:26.883515+00:00, run_after=2025-12-08T13:35:26.883515+00:00
[2025-12-08T13:35:26.894+0000] {processor.py:179} INFO - Processing /home/airflow/.local/lib/python3.8/site-packages/airflow/example_dags/example_task_group_decorator.py took 0.048 seconds
[2025-12-08T13:35:57.344+0000] {processor.py:157} INFO - Started process (PID=215) to work on /home/airflow/.local/lib/python3.8/site-packages/airflow/example_dags/example_task_group_decorator.py
[2025-12-08T13:35:57.344+0000] {processor.py:829} INFO - Processing file /home/airflow/.local/lib/python3.8/site-packages/airflow/example_dags/example_task_group_decorator.py for tasks to queue
[2025-12-08T13:35:57.346+0000] {logging_mixin.py:154} INFO - [2025-12-08T13:35:57.346+0000] {dagbag.py:536} INFO - Filling up the DagBag from /home/airflow/.local/lib/python3.8/site-packages/airflow/example_dags/example_task_group_decorator.py
[2025-12-08T13:35:57.353+0000] {processor.py:839} INFO - DAG(s) dict_keys(['example_task_group_decorator']) retrieved from /home/airflow/.local/lib/python3.8/site-packages/airflow/example_dags/example_task_group_decorator.py
[2025-12-08T13:35:57.369+0000] {logging_mixin.py:154} INFO - [2025-12-08T13:35:57.368+0000] {dag.py:2941} INFO - Sync 1 DAGs
[2025-12-08T13:35:57.381+0000] {logging_mixin.py:154} INFO - [2025-12-08T13:35:57.381+0000] {dag.py:3722} INFO - Setting next_dagrun for example_task_group_decorator to 2025-12-07T13:35:57.380965+00:00, run_after=2025-12-08T13:35:57.380965+00:00
[2025-12-08T13:35:57.398+0000] {processor.py:179} INFO - Processing /home/airflow/.local/lib/python3.8/site-packages/airflow/example_dags/example_task_group_decorator.py took 0.056 seconds
[2025-12-08T13:36:27.719+0000] {processor.py:157} INFO - Started process (PID=270) to work on /home/airflow/.local/lib/python3.8/site-packages/airflow/example_dags/example_task_group_decorator.py
[2025-12-08T13:36:27.720+0000] {processor.py:829} INFO - Processing file /home/airflow/.local/lib/python3.8/site-packages/airflow/example_dags/example_task_group_decorator.py for tasks to queue
[2025-12-08T13:36:27.721+0000] {logging_mixin.py:154} INFO - [2025-12-08T13:36:27.721+0000] {dagbag.py:536} INFO - Filling up the DagBag from /home/airflow/.local/lib/python3.8/site-packages/airflow/example_dags/example_task_group_decorator.py
[2025-12-08T13:36:27.729+0000] {processor.py:839} INFO - DAG(s) dict_keys(['example_task_group_decorator']) retrieved from /home/airflow/.local/lib/python3.8/site-packages/airflow/example_dags/example_task_group_decorator.py
[2025-12-08T13:36:27.744+0000] {logging_mixin.py:154} INFO - [2025-12-08T13:36:27.744+0000] {dag.py:2941} INFO - Sync 1 DAGs
[2025-12-08T13:36:27.759+0000] {logging_mixin.py:154} INFO - [2025-12-08T13:36:27.759+0000] {dag.py:3722} INFO - Setting next_dagrun for example_task_group_decorator to 2025-12-07T13:36:27.759094+00:00, run_after=2025-12-08T13:36:27.759094+00:00
[2025-12-08T13:36:27.774+0000] {processor.py:179} INFO - Processing /home/airflow/.local/lib/python3.8/site-packages/airflow/example_dags/example_task_group_decorator.py took 0.057 seconds
[2025-12-08T13:36:58.916+0000] {processor.py:157} INFO - Started process (PID=325) to work on /home/airflow/.local/lib/python3.8/site-packages/airflow/example_dags/example_task_group_decorator.py
[2025-12-08T13:36:58.917+0000] {processor.py:829} INFO - Processing file /home/airflow/.local/lib/python3.8/site-packages/airflow/example_dags/example_task_group_decorator.py for tasks to queue
[2025-12-08T13:36:58.918+0000] {logging_mixin.py:154} INFO - [2025-12-08T13:36:58.918+0000] {dagbag.py:536} INFO - Filling up the DagBag from /home/airflow/.local/lib/python3.8/site-packages/airflow/example_dags/example_task_group_decorator.py
[2025-12-08T13:36:58.929+0000] {processor.py:839} INFO - DAG(s) dict_keys(['example_task_group_decorator']) retrieved from /home/airflow/.local/lib/python3.8/site-packages/airflow/example_dags/example_task_group_decorator.py
[2025-12-08T13:36:58.943+0000] {logging_mixin.py:154} INFO - [2025-12-08T13:36:58.943+0000] {dag.py:2941} INFO - Sync 1 DAGs
[2025-12-08T13:36:58.955+0000] {logging_mixin.py:154} INFO - [2025-12-08T13:36:58.955+0000] {dag.py:3722} INFO - Setting next_dagrun for example_task_group_decorator to 2025-12-07T13:36:58.955406+00:00, run_after=2025-12-08T13:36:58.955406+00:00
[2025-12-08T13:36:58.966+0000] {processor.py:179} INFO - Processing /home/airflow/.local/lib/python3.8/site-packages/airflow/example_dags/example_task_group_decorator.py took 0.052 seconds
[2025-12-08T13:37:29.654+0000] {processor.py:157} INFO - Started process (PID=380) to work on /home/airflow/.local/lib/python3.8/site-packages/airflow/example_dags/example_task_group_decorator.py
[2025-12-08T13:37:29.654+0000] {processor.py:829} INFO - Processing file /home/airflow/.local/lib/python3.8/site-packages/airflow/example_dags/example_task_group_decorator.py for tasks to queue
[2025-12-08T13:37:29.656+0000] {logging_mixin.py:154} INFO - [2025-12-08T13:37:29.656+0000] {dagbag.py:536} INFO - Filling up the DagBag from /home/airflow/.local/lib/python3.8/site-packages/airflow/example_dags/example_task_group_decorator.py
[2025-12-08T13:37:29.664+0000] {processor.py:839} INFO - DAG(s) dict_keys(['example_task_group_decorator']) retrieved from /home/airflow/.local/lib/python3.8/site-packages/airflow/example_dags/example_task_group_decorator.py
[2025-12-08T13:37:29.683+0000] {logging_mixin.py:154} INFO - [2025-12-08T13:37:29.683+0000] {dag.py:2941} INFO - Sync 1 DAGs
[2025-12-08T13:37:29.698+0000] {logging_mixin.py:154} INFO - [2025-12-08T13:37:29.698+0000] {dag.py:3722} INFO - Setting next_dagrun for example_task_group_decorator to 2025-12-07T13:37:29.698172+00:00, run_after=2025-12-08T13:37:29.698172+00:00
[2025-12-08T13:37:29.708+0000] {processor.py:179} INFO - Processing /home/airflow/.local/lib/python3.8/site-packages/airflow/example_dags/example_task_group_decorator.py took 0.057 seconds
[2025-12-08T13:38:00.675+0000] {processor.py:157} INFO - Started process (PID=435) to work on /home/airflow/.local/lib/python3.8/site-packages/airflow/example_dags/example_task_group_decorator.py
[2025-12-08T13:38:00.675+0000] {processor.py:829} INFO - Processing file /home/airflow/.local/lib/python3.8/site-packages/airflow/example_dags/example_task_group_decorator.py for tasks to queue
[2025-12-08T13:38:00.677+0000] {logging_mixin.py:154} INFO - [2025-12-08T13:38:00.676+0000] {dagbag.py:536} INFO - Filling up the DagBag from /home/airflow/.local/lib/python3.8/site-packages/airflow/example_dags/example_task_group_decorator.py
[2025-12-08T13:38:00.684+0000] {processor.py:839} INFO - DAG(s) dict_keys(['example_task_group_decorator']) retrieved from /home/airflow/.local/lib/python3.8/site-packages/airflow/example_dags/example_task_group_decorator.py
[2025-12-08T13:38:00.697+0000] {logging_mixin.py:154} INFO - [2025-12-08T13:38:00.697+0000] {dag.py:2941} INFO - Sync 1 DAGs
[2025-12-08T13:38:00.711+0000] {logging_mixin.py:154} INFO - [2025-12-08T13:38:00.711+0000] {dag.py:3722} INFO - Setting next_dagrun for example_task_group_decorator to 2025-12-07T13:38:00.711086+00:00, run_after=2025-12-08T13:38:00.711086+00:00
[2025-12-08T13:38:00.725+0000] {processor.py:179} INFO - Processing /home/airflow/.local/lib/python3.8/site-packages/airflow/example_dags/example_task_group_decorator.py took 0.052 seconds
[2025-12-08T13:38:31.385+0000] {processor.py:157} INFO - Started process (PID=490) to work on /home/airflow/.local/lib/python3.8/site-packages/airflow/example_dags/example_task_group_decorator.py
[2025-12-08T13:38:31.385+0000] {processor.py:829} INFO - Processing file /home/airflow/.local/lib/python3.8/site-packages/airflow/example_dags/example_task_group_decorator.py for tasks to queue
[2025-12-08T13:38:31.386+0000] {logging_mixin.py:154} INFO - [2025-12-08T13:38:31.386+0000] {dagbag.py:536} INFO - Filling up the DagBag from /home/airflow/.local/lib/python3.8/site-packages/airflow/example_dags/example_task_group_decorator.py
[2025-12-08T13:38:31.394+0000] {processor.py:839} INFO - DAG(s) dict_keys(['example_task_group_decorator']) retrieved from /home/airflow/.local/lib/python3.8/site-packages/airflow/example_dags/example_task_group_decorator.py
[2025-12-08T13:38:31.410+0000] {logging_mixin.py:154} INFO - [2025-12-08T13:38:31.410+0000] {dag.py:2941} INFO - Sync 1 DAGs
[2025-12-08T13:38:31.422+0000] {logging_mixin.py:154} INFO - [2025-12-08T13:38:31.422+0000] {dag.py:3722} INFO - Setting next_dagrun for example_task_group_decorator to 2025-12-07T13:38:31.422541+00:00, run_after=2025-12-08T13:38:31.422541+00:00
[2025-12-08T13:38:31.435+0000] {processor.py:179} INFO - Processing /home/airflow/.local/lib/python3.8/site-packages/airflow/example_dags/example_task_group_decorator.py took 0.053 seconds
