[2025-12-08T13:34:55.583+0000] {processor.py:157} INFO - Started process (PID=87) to work on /home/airflow/.local/lib/python3.8/site-packages/airflow/example_dags/example_setup_teardown_taskflow.py
[2025-12-08T13:34:55.584+0000] {processor.py:829} INFO - Processing file /home/airflow/.local/lib/python3.8/site-packages/airflow/example_dags/example_setup_teardown_taskflow.py for tasks to queue
[2025-12-08T13:34:55.585+0000] {logging_mixin.py:154} INFO - [2025-12-08T13:34:55.585+0000] {dagbag.py:536} INFO - Filling up the DagBag from /home/airflow/.local/lib/python3.8/site-packages/airflow/example_dags/example_setup_teardown_taskflow.py
[2025-12-08T13:34:55.593+0000] {processor.py:839} INFO - DAG(s) dict_keys(['example_setup_teardown_taskflow']) retrieved from /home/airflow/.local/lib/python3.8/site-packages/airflow/example_dags/example_setup_teardown_taskflow.py
[2025-12-08T13:34:55.602+0000] {logging_mixin.py:154} INFO - [2025-12-08T13:34:55.602+0000] {dag.py:2941} INFO - Sync 1 DAGs
[2025-12-08T13:34:55.616+0000] {logging_mixin.py:154} INFO - [2025-12-08T13:34:55.616+0000] {dag.py:3722} INFO - Setting next_dagrun for example_setup_teardown_taskflow to 2025-12-07T13:34:55.616058+00:00, run_after=2025-12-08T13:34:55.616058+00:00
[2025-12-08T13:34:55.629+0000] {processor.py:179} INFO - Processing /home/airflow/.local/lib/python3.8/site-packages/airflow/example_dags/example_setup_teardown_taskflow.py took 0.048 seconds
[2025-12-08T13:35:26.521+0000] {processor.py:157} INFO - Started process (PID=146) to work on /home/airflow/.local/lib/python3.8/site-packages/airflow/example_dags/example_setup_teardown_taskflow.py
[2025-12-08T13:35:26.521+0000] {processor.py:829} INFO - Processing file /home/airflow/.local/lib/python3.8/site-packages/airflow/example_dags/example_setup_teardown_taskflow.py for tasks to queue
[2025-12-08T13:35:26.523+0000] {logging_mixin.py:154} INFO - [2025-12-08T13:35:26.523+0000] {dagbag.py:536} INFO - Filling up the DagBag from /home/airflow/.local/lib/python3.8/site-packages/airflow/example_dags/example_setup_teardown_taskflow.py
[2025-12-08T13:35:26.529+0000] {processor.py:839} INFO - DAG(s) dict_keys(['example_setup_teardown_taskflow']) retrieved from /home/airflow/.local/lib/python3.8/site-packages/airflow/example_dags/example_setup_teardown_taskflow.py
[2025-12-08T13:35:26.543+0000] {logging_mixin.py:154} INFO - [2025-12-08T13:35:26.543+0000] {dag.py:2941} INFO - Sync 1 DAGs
[2025-12-08T13:35:26.556+0000] {logging_mixin.py:154} INFO - [2025-12-08T13:35:26.556+0000] {dag.py:3722} INFO - Setting next_dagrun for example_setup_teardown_taskflow to 2025-12-07T13:35:26.556311+00:00, run_after=2025-12-08T13:35:26.556311+00:00
[2025-12-08T13:35:26.567+0000] {processor.py:179} INFO - Processing /home/airflow/.local/lib/python3.8/site-packages/airflow/example_dags/example_setup_teardown_taskflow.py took 0.048 seconds
[2025-12-08T13:35:56.949+0000] {processor.py:157} INFO - Started process (PID=208) to work on /home/airflow/.local/lib/python3.8/site-packages/airflow/example_dags/example_setup_teardown_taskflow.py
[2025-12-08T13:35:56.949+0000] {processor.py:829} INFO - Processing file /home/airflow/.local/lib/python3.8/site-packages/airflow/example_dags/example_setup_teardown_taskflow.py for tasks to queue
[2025-12-08T13:35:56.950+0000] {logging_mixin.py:154} INFO - [2025-12-08T13:35:56.950+0000] {dagbag.py:536} INFO - Filling up the DagBag from /home/airflow/.local/lib/python3.8/site-packages/airflow/example_dags/example_setup_teardown_taskflow.py
[2025-12-08T13:35:56.955+0000] {processor.py:839} INFO - DAG(s) dict_keys(['example_setup_teardown_taskflow']) retrieved from /home/airflow/.local/lib/python3.8/site-packages/airflow/example_dags/example_setup_teardown_taskflow.py
[2025-12-08T13:35:56.967+0000] {logging_mixin.py:154} INFO - [2025-12-08T13:35:56.967+0000] {dag.py:2941} INFO - Sync 1 DAGs
[2025-12-08T13:35:56.980+0000] {logging_mixin.py:154} INFO - [2025-12-08T13:35:56.980+0000] {dag.py:3722} INFO - Setting next_dagrun for example_setup_teardown_taskflow to 2025-12-07T13:35:56.979880+00:00, run_after=2025-12-08T13:35:56.979880+00:00
[2025-12-08T13:35:56.997+0000] {processor.py:179} INFO - Processing /home/airflow/.local/lib/python3.8/site-packages/airflow/example_dags/example_setup_teardown_taskflow.py took 0.050 seconds
[2025-12-08T13:36:27.334+0000] {processor.py:157} INFO - Started process (PID=263) to work on /home/airflow/.local/lib/python3.8/site-packages/airflow/example_dags/example_setup_teardown_taskflow.py
[2025-12-08T13:36:27.335+0000] {processor.py:829} INFO - Processing file /home/airflow/.local/lib/python3.8/site-packages/airflow/example_dags/example_setup_teardown_taskflow.py for tasks to queue
[2025-12-08T13:36:27.336+0000] {logging_mixin.py:154} INFO - [2025-12-08T13:36:27.336+0000] {dagbag.py:536} INFO - Filling up the DagBag from /home/airflow/.local/lib/python3.8/site-packages/airflow/example_dags/example_setup_teardown_taskflow.py
[2025-12-08T13:36:27.341+0000] {processor.py:839} INFO - DAG(s) dict_keys(['example_setup_teardown_taskflow']) retrieved from /home/airflow/.local/lib/python3.8/site-packages/airflow/example_dags/example_setup_teardown_taskflow.py
[2025-12-08T13:36:27.359+0000] {logging_mixin.py:154} INFO - [2025-12-08T13:36:27.359+0000] {dag.py:2941} INFO - Sync 1 DAGs
[2025-12-08T13:36:27.372+0000] {logging_mixin.py:154} INFO - [2025-12-08T13:36:27.371+0000] {dag.py:3722} INFO - Setting next_dagrun for example_setup_teardown_taskflow to 2025-12-07T13:36:27.371743+00:00, run_after=2025-12-08T13:36:27.371743+00:00
[2025-12-08T13:36:27.396+0000] {processor.py:179} INFO - Processing /home/airflow/.local/lib/python3.8/site-packages/airflow/example_dags/example_setup_teardown_taskflow.py took 0.064 seconds
[2025-12-08T13:36:57.409+0000] {processor.py:157} INFO - Started process (PID=318) to work on /home/airflow/.local/lib/python3.8/site-packages/airflow/example_dags/example_setup_teardown_taskflow.py
[2025-12-08T13:36:57.410+0000] {processor.py:829} INFO - Processing file /home/airflow/.local/lib/python3.8/site-packages/airflow/example_dags/example_setup_teardown_taskflow.py for tasks to queue
[2025-12-08T13:36:57.411+0000] {logging_mixin.py:154} INFO - [2025-12-08T13:36:57.411+0000] {dagbag.py:536} INFO - Filling up the DagBag from /home/airflow/.local/lib/python3.8/site-packages/airflow/example_dags/example_setup_teardown_taskflow.py
[2025-12-08T13:36:57.418+0000] {processor.py:839} INFO - DAG(s) dict_keys(['example_setup_teardown_taskflow']) retrieved from /home/airflow/.local/lib/python3.8/site-packages/airflow/example_dags/example_setup_teardown_taskflow.py
[2025-12-08T13:36:57.432+0000] {logging_mixin.py:154} INFO - [2025-12-08T13:36:57.432+0000] {dag.py:2941} INFO - Sync 1 DAGs
[2025-12-08T13:36:57.444+0000] {logging_mixin.py:154} INFO - [2025-12-08T13:36:57.444+0000] {dag.py:3722} INFO - Setting next_dagrun for example_setup_teardown_taskflow to 2025-12-07T13:36:57.444703+00:00, run_after=2025-12-08T13:36:57.444703+00:00
[2025-12-08T13:36:57.454+0000] {processor.py:179} INFO - Processing /home/airflow/.local/lib/python3.8/site-packages/airflow/example_dags/example_setup_teardown_taskflow.py took 0.047 seconds
[2025-12-08T13:37:28.386+0000] {processor.py:157} INFO - Started process (PID=373) to work on /home/airflow/.local/lib/python3.8/site-packages/airflow/example_dags/example_setup_teardown_taskflow.py
[2025-12-08T13:37:28.386+0000] {processor.py:829} INFO - Processing file /home/airflow/.local/lib/python3.8/site-packages/airflow/example_dags/example_setup_teardown_taskflow.py for tasks to queue
[2025-12-08T13:37:28.388+0000] {logging_mixin.py:154} INFO - [2025-12-08T13:37:28.388+0000] {dagbag.py:536} INFO - Filling up the DagBag from /home/airflow/.local/lib/python3.8/site-packages/airflow/example_dags/example_setup_teardown_taskflow.py
[2025-12-08T13:37:28.397+0000] {processor.py:839} INFO - DAG(s) dict_keys(['example_setup_teardown_taskflow']) retrieved from /home/airflow/.local/lib/python3.8/site-packages/airflow/example_dags/example_setup_teardown_taskflow.py
[2025-12-08T13:37:28.418+0000] {logging_mixin.py:154} INFO - [2025-12-08T13:37:28.417+0000] {dag.py:2941} INFO - Sync 1 DAGs
[2025-12-08T13:37:28.431+0000] {logging_mixin.py:154} INFO - [2025-12-08T13:37:28.431+0000] {dag.py:3722} INFO - Setting next_dagrun for example_setup_teardown_taskflow to 2025-12-07T13:37:28.431244+00:00, run_after=2025-12-08T13:37:28.431244+00:00
[2025-12-08T13:37:28.442+0000] {processor.py:179} INFO - Processing /home/airflow/.local/lib/python3.8/site-packages/airflow/example_dags/example_setup_teardown_taskflow.py took 0.059 seconds
[2025-12-08T13:37:58.459+0000] {processor.py:157} INFO - Started process (PID=428) to work on /home/airflow/.local/lib/python3.8/site-packages/airflow/example_dags/example_setup_teardown_taskflow.py
[2025-12-08T13:37:58.459+0000] {processor.py:829} INFO - Processing file /home/airflow/.local/lib/python3.8/site-packages/airflow/example_dags/example_setup_teardown_taskflow.py for tasks to queue
[2025-12-08T13:37:58.460+0000] {logging_mixin.py:154} INFO - [2025-12-08T13:37:58.460+0000] {dagbag.py:536} INFO - Filling up the DagBag from /home/airflow/.local/lib/python3.8/site-packages/airflow/example_dags/example_setup_teardown_taskflow.py
[2025-12-08T13:37:58.467+0000] {processor.py:839} INFO - DAG(s) dict_keys(['example_setup_teardown_taskflow']) retrieved from /home/airflow/.local/lib/python3.8/site-packages/airflow/example_dags/example_setup_teardown_taskflow.py
[2025-12-08T13:37:58.482+0000] {logging_mixin.py:154} INFO - [2025-12-08T13:37:58.482+0000] {dag.py:2941} INFO - Sync 1 DAGs
[2025-12-08T13:37:58.494+0000] {logging_mixin.py:154} INFO - [2025-12-08T13:37:58.494+0000] {dag.py:3722} INFO - Setting next_dagrun for example_setup_teardown_taskflow to 2025-12-07T13:37:58.494451+00:00, run_after=2025-12-08T13:37:58.494451+00:00
[2025-12-08T13:37:58.505+0000] {processor.py:179} INFO - Processing /home/airflow/.local/lib/python3.8/site-packages/airflow/example_dags/example_setup_teardown_taskflow.py took 0.048 seconds
[2025-12-08T13:38:29.122+0000] {processor.py:157} INFO - Started process (PID=483) to work on /home/airflow/.local/lib/python3.8/site-packages/airflow/example_dags/example_setup_teardown_taskflow.py
[2025-12-08T13:38:29.122+0000] {processor.py:829} INFO - Processing file /home/airflow/.local/lib/python3.8/site-packages/airflow/example_dags/example_setup_teardown_taskflow.py for tasks to queue
[2025-12-08T13:38:29.123+0000] {logging_mixin.py:154} INFO - [2025-12-08T13:38:29.123+0000] {dagbag.py:536} INFO - Filling up the DagBag from /home/airflow/.local/lib/python3.8/site-packages/airflow/example_dags/example_setup_teardown_taskflow.py
[2025-12-08T13:38:29.128+0000] {processor.py:839} INFO - DAG(s) dict_keys(['example_setup_teardown_taskflow']) retrieved from /home/airflow/.local/lib/python3.8/site-packages/airflow/example_dags/example_setup_teardown_taskflow.py
[2025-12-08T13:38:29.142+0000] {logging_mixin.py:154} INFO - [2025-12-08T13:38:29.142+0000] {dag.py:2941} INFO - Sync 1 DAGs
[2025-12-08T13:38:29.159+0000] {logging_mixin.py:154} INFO - [2025-12-08T13:38:29.159+0000] {dag.py:3722} INFO - Setting next_dagrun for example_setup_teardown_taskflow to 2025-12-07T13:38:29.158919+00:00, run_after=2025-12-08T13:38:29.158919+00:00
[2025-12-08T13:38:29.173+0000] {processor.py:179} INFO - Processing /home/airflow/.local/lib/python3.8/site-packages/airflow/example_dags/example_setup_teardown_taskflow.py took 0.053 seconds
