[2025-12-08T13:34:55.214+0000] {processor.py:157} INFO - Started process (PID=73) to work on /home/airflow/.local/lib/python3.8/site-packages/airflow/example_dags/example_latest_only_with_trigger.py
[2025-12-08T13:34:55.215+0000] {processor.py:829} INFO - Processing file /home/airflow/.local/lib/python3.8/site-packages/airflow/example_dags/example_latest_only_with_trigger.py for tasks to queue
[2025-12-08T13:34:55.216+0000] {logging_mixin.py:154} INFO - [2025-12-08T13:34:55.216+0000] {dagbag.py:536} INFO - Filling up the DagBag from /home/airflow/.local/lib/python3.8/site-packages/airflow/example_dags/example_latest_only_with_trigger.py
[2025-12-08T13:34:55.222+0000] {processor.py:839} INFO - DAG(s) dict_keys(['latest_only_with_trigger']) retrieved from /home/airflow/.local/lib/python3.8/site-packages/airflow/example_dags/example_latest_only_with_trigger.py
[2025-12-08T13:34:55.231+0000] {logging_mixin.py:154} INFO - [2025-12-08T13:34:55.230+0000] {dag.py:2941} INFO - Sync 1 DAGs
[2025-12-08T13:34:55.251+0000] {logging_mixin.py:154} INFO - [2025-12-08T13:34:55.251+0000] {dag.py:3722} INFO - Setting next_dagrun for latest_only_with_trigger to 2025-12-08T09:34:55.251053+00:00, run_after=2025-12-08T13:34:55.251053+00:00
[2025-12-08T13:34:55.267+0000] {processor.py:179} INFO - Processing /home/airflow/.local/lib/python3.8/site-packages/airflow/example_dags/example_latest_only_with_trigger.py took 0.054 seconds
[2025-12-08T13:35:26.073+0000] {processor.py:157} INFO - Started process (PID=136) to work on /home/airflow/.local/lib/python3.8/site-packages/airflow/example_dags/example_latest_only_with_trigger.py
[2025-12-08T13:35:26.074+0000] {processor.py:829} INFO - Processing file /home/airflow/.local/lib/python3.8/site-packages/airflow/example_dags/example_latest_only_with_trigger.py for tasks to queue
[2025-12-08T13:35:26.075+0000] {logging_mixin.py:154} INFO - [2025-12-08T13:35:26.075+0000] {dagbag.py:536} INFO - Filling up the DagBag from /home/airflow/.local/lib/python3.8/site-packages/airflow/example_dags/example_latest_only_with_trigger.py
[2025-12-08T13:35:26.078+0000] {processor.py:839} INFO - DAG(s) dict_keys(['latest_only_with_trigger']) retrieved from /home/airflow/.local/lib/python3.8/site-packages/airflow/example_dags/example_latest_only_with_trigger.py
[2025-12-08T13:35:26.090+0000] {logging_mixin.py:154} INFO - [2025-12-08T13:35:26.090+0000] {dag.py:2941} INFO - Sync 1 DAGs
[2025-12-08T13:35:26.104+0000] {logging_mixin.py:154} INFO - [2025-12-08T13:35:26.104+0000] {dag.py:3722} INFO - Setting next_dagrun for latest_only_with_trigger to 2025-12-08T09:35:26.104317+00:00, run_after=2025-12-08T13:35:26.104317+00:00
[2025-12-08T13:35:26.132+0000] {processor.py:179} INFO - Processing /home/airflow/.local/lib/python3.8/site-packages/airflow/example_dags/example_latest_only_with_trigger.py took 0.062 seconds
[2025-12-08T13:35:56.497+0000] {processor.py:157} INFO - Started process (PID=191) to work on /home/airflow/.local/lib/python3.8/site-packages/airflow/example_dags/example_latest_only_with_trigger.py
[2025-12-08T13:35:56.497+0000] {processor.py:829} INFO - Processing file /home/airflow/.local/lib/python3.8/site-packages/airflow/example_dags/example_latest_only_with_trigger.py for tasks to queue
[2025-12-08T13:35:56.498+0000] {logging_mixin.py:154} INFO - [2025-12-08T13:35:56.498+0000] {dagbag.py:536} INFO - Filling up the DagBag from /home/airflow/.local/lib/python3.8/site-packages/airflow/example_dags/example_latest_only_with_trigger.py
[2025-12-08T13:35:56.501+0000] {processor.py:839} INFO - DAG(s) dict_keys(['latest_only_with_trigger']) retrieved from /home/airflow/.local/lib/python3.8/site-packages/airflow/example_dags/example_latest_only_with_trigger.py
[2025-12-08T13:35:56.513+0000] {logging_mixin.py:154} INFO - [2025-12-08T13:35:56.513+0000] {dag.py:2941} INFO - Sync 1 DAGs
[2025-12-08T13:35:56.534+0000] {logging_mixin.py:154} INFO - [2025-12-08T13:35:56.534+0000] {dag.py:3722} INFO - Setting next_dagrun for latest_only_with_trigger to 2025-12-08T09:35:56.534305+00:00, run_after=2025-12-08T13:35:56.534305+00:00
[2025-12-08T13:35:56.551+0000] {processor.py:179} INFO - Processing /home/airflow/.local/lib/python3.8/site-packages/airflow/example_dags/example_latest_only_with_trigger.py took 0.056 seconds
[2025-12-08T13:36:26.724+0000] {processor.py:157} INFO - Started process (PID=246) to work on /home/airflow/.local/lib/python3.8/site-packages/airflow/example_dags/example_latest_only_with_trigger.py
[2025-12-08T13:36:26.734+0000] {processor.py:829} INFO - Processing file /home/airflow/.local/lib/python3.8/site-packages/airflow/example_dags/example_latest_only_with_trigger.py for tasks to queue
[2025-12-08T13:36:26.735+0000] {logging_mixin.py:154} INFO - [2025-12-08T13:36:26.735+0000] {dagbag.py:536} INFO - Filling up the DagBag from /home/airflow/.local/lib/python3.8/site-packages/airflow/example_dags/example_latest_only_with_trigger.py
[2025-12-08T13:36:26.738+0000] {processor.py:839} INFO - DAG(s) dict_keys(['latest_only_with_trigger']) retrieved from /home/airflow/.local/lib/python3.8/site-packages/airflow/example_dags/example_latest_only_with_trigger.py
[2025-12-08T13:36:26.752+0000] {logging_mixin.py:154} INFO - [2025-12-08T13:36:26.751+0000] {dag.py:2941} INFO - Sync 1 DAGs
[2025-12-08T13:36:26.769+0000] {logging_mixin.py:154} INFO - [2025-12-08T13:36:26.768+0000] {dag.py:3722} INFO - Setting next_dagrun for latest_only_with_trigger to 2025-12-08T09:36:26.768759+00:00, run_after=2025-12-08T13:36:26.768759+00:00
[2025-12-08T13:36:26.794+0000] {processor.py:179} INFO - Processing /home/airflow/.local/lib/python3.8/site-packages/airflow/example_dags/example_latest_only_with_trigger.py took 0.074 seconds
[2025-12-08T13:36:57.037+0000] {processor.py:157} INFO - Started process (PID=308) to work on /home/airflow/.local/lib/python3.8/site-packages/airflow/example_dags/example_latest_only_with_trigger.py
[2025-12-08T13:36:57.038+0000] {processor.py:829} INFO - Processing file /home/airflow/.local/lib/python3.8/site-packages/airflow/example_dags/example_latest_only_with_trigger.py for tasks to queue
[2025-12-08T13:36:57.039+0000] {logging_mixin.py:154} INFO - [2025-12-08T13:36:57.039+0000] {dagbag.py:536} INFO - Filling up the DagBag from /home/airflow/.local/lib/python3.8/site-packages/airflow/example_dags/example_latest_only_with_trigger.py
[2025-12-08T13:36:57.042+0000] {processor.py:839} INFO - DAG(s) dict_keys(['latest_only_with_trigger']) retrieved from /home/airflow/.local/lib/python3.8/site-packages/airflow/example_dags/example_latest_only_with_trigger.py
[2025-12-08T13:36:57.056+0000] {logging_mixin.py:154} INFO - [2025-12-08T13:36:57.056+0000] {dag.py:2941} INFO - Sync 1 DAGs
[2025-12-08T13:36:57.070+0000] {logging_mixin.py:154} INFO - [2025-12-08T13:36:57.070+0000] {dag.py:3722} INFO - Setting next_dagrun for latest_only_with_trigger to 2025-12-08T09:36:57.069934+00:00, run_after=2025-12-08T13:36:57.069934+00:00
[2025-12-08T13:36:57.082+0000] {processor.py:179} INFO - Processing /home/airflow/.local/lib/python3.8/site-packages/airflow/example_dags/example_latest_only_with_trigger.py took 0.047 seconds
[2025-12-08T13:37:27.989+0000] {processor.py:157} INFO - Started process (PID=363) to work on /home/airflow/.local/lib/python3.8/site-packages/airflow/example_dags/example_latest_only_with_trigger.py
[2025-12-08T13:37:27.990+0000] {processor.py:829} INFO - Processing file /home/airflow/.local/lib/python3.8/site-packages/airflow/example_dags/example_latest_only_with_trigger.py for tasks to queue
[2025-12-08T13:37:27.991+0000] {logging_mixin.py:154} INFO - [2025-12-08T13:37:27.991+0000] {dagbag.py:536} INFO - Filling up the DagBag from /home/airflow/.local/lib/python3.8/site-packages/airflow/example_dags/example_latest_only_with_trigger.py
[2025-12-08T13:37:27.994+0000] {processor.py:839} INFO - DAG(s) dict_keys(['latest_only_with_trigger']) retrieved from /home/airflow/.local/lib/python3.8/site-packages/airflow/example_dags/example_latest_only_with_trigger.py
[2025-12-08T13:37:28.009+0000] {logging_mixin.py:154} INFO - [2025-12-08T13:37:28.008+0000] {dag.py:2941} INFO - Sync 1 DAGs
[2025-12-08T13:37:28.022+0000] {logging_mixin.py:154} INFO - [2025-12-08T13:37:28.022+0000] {dag.py:3722} INFO - Setting next_dagrun for latest_only_with_trigger to 2025-12-08T09:37:28.022347+00:00, run_after=2025-12-08T13:37:28.022347+00:00
[2025-12-08T13:37:28.036+0000] {processor.py:179} INFO - Processing /home/airflow/.local/lib/python3.8/site-packages/airflow/example_dags/example_latest_only_with_trigger.py took 0.048 seconds
[2025-12-08T13:37:58.127+0000] {processor.py:157} INFO - Started process (PID=418) to work on /home/airflow/.local/lib/python3.8/site-packages/airflow/example_dags/example_latest_only_with_trigger.py
[2025-12-08T13:37:58.127+0000] {processor.py:829} INFO - Processing file /home/airflow/.local/lib/python3.8/site-packages/airflow/example_dags/example_latest_only_with_trigger.py for tasks to queue
[2025-12-08T13:37:58.129+0000] {logging_mixin.py:154} INFO - [2025-12-08T13:37:58.128+0000] {dagbag.py:536} INFO - Filling up the DagBag from /home/airflow/.local/lib/python3.8/site-packages/airflow/example_dags/example_latest_only_with_trigger.py
[2025-12-08T13:37:58.132+0000] {processor.py:839} INFO - DAG(s) dict_keys(['latest_only_with_trigger']) retrieved from /home/airflow/.local/lib/python3.8/site-packages/airflow/example_dags/example_latest_only_with_trigger.py
[2025-12-08T13:37:58.148+0000] {logging_mixin.py:154} INFO - [2025-12-08T13:37:58.147+0000] {dag.py:2941} INFO - Sync 1 DAGs
[2025-12-08T13:37:58.160+0000] {logging_mixin.py:154} INFO - [2025-12-08T13:37:58.160+0000] {dag.py:3722} INFO - Setting next_dagrun for latest_only_with_trigger to 2025-12-08T09:37:58.160285+00:00, run_after=2025-12-08T13:37:58.160285+00:00
[2025-12-08T13:37:58.171+0000] {processor.py:179} INFO - Processing /home/airflow/.local/lib/python3.8/site-packages/airflow/example_dags/example_latest_only_with_trigger.py took 0.048 seconds
[2025-12-08T13:38:28.796+0000] {processor.py:157} INFO - Started process (PID=473) to work on /home/airflow/.local/lib/python3.8/site-packages/airflow/example_dags/example_latest_only_with_trigger.py
[2025-12-08T13:38:28.797+0000] {processor.py:829} INFO - Processing file /home/airflow/.local/lib/python3.8/site-packages/airflow/example_dags/example_latest_only_with_trigger.py for tasks to queue
[2025-12-08T13:38:28.798+0000] {logging_mixin.py:154} INFO - [2025-12-08T13:38:28.798+0000] {dagbag.py:536} INFO - Filling up the DagBag from /home/airflow/.local/lib/python3.8/site-packages/airflow/example_dags/example_latest_only_with_trigger.py
[2025-12-08T13:38:28.802+0000] {processor.py:839} INFO - DAG(s) dict_keys(['latest_only_with_trigger']) retrieved from /home/airflow/.local/lib/python3.8/site-packages/airflow/example_dags/example_latest_only_with_trigger.py
[2025-12-08T13:38:28.814+0000] {logging_mixin.py:154} INFO - [2025-12-08T13:38:28.814+0000] {dag.py:2941} INFO - Sync 1 DAGs
[2025-12-08T13:38:28.827+0000] {logging_mixin.py:154} INFO - [2025-12-08T13:38:28.827+0000] {dag.py:3722} INFO - Setting next_dagrun for latest_only_with_trigger to 2025-12-08T09:38:28.827138+00:00, run_after=2025-12-08T13:38:28.827138+00:00
[2025-12-08T13:38:28.838+0000] {processor.py:179} INFO - Processing /home/airflow/.local/lib/python3.8/site-packages/airflow/example_dags/example_latest_only_with_trigger.py took 0.045 seconds
