[2025-12-08T13:34:54.874+0000] {processor.py:157} INFO - Started process (PID=66) to work on /home/airflow/.local/lib/python3.8/site-packages/airflow/example_dags/example_dag_decorator.py
[2025-12-08T13:34:54.875+0000] {processor.py:829} INFO - Processing file /home/airflow/.local/lib/python3.8/site-packages/airflow/example_dags/example_dag_decorator.py for tasks to queue
[2025-12-08T13:34:54.876+0000] {logging_mixin.py:154} INFO - [2025-12-08T13:34:54.876+0000] {dagbag.py:536} INFO - Filling up the DagBag from /home/airflow/.local/lib/python3.8/site-packages/airflow/example_dags/example_dag_decorator.py
[2025-12-08T13:34:54.972+0000] {processor.py:839} INFO - DAG(s) dict_keys(['example_dag_decorator']) retrieved from /home/airflow/.local/lib/python3.8/site-packages/airflow/example_dags/example_dag_decorator.py
[2025-12-08T13:34:54.981+0000] {logging_mixin.py:154} INFO - [2025-12-08T13:34:54.981+0000] {dag.py:2941} INFO - Sync 1 DAGs
[2025-12-08T13:34:54.989+0000] {logging_mixin.py:154} INFO - [2025-12-08T13:34:54.989+0000] {dag.py:3722} INFO - Setting next_dagrun for example_dag_decorator to None, run_after=None
[2025-12-08T13:34:55.003+0000] {processor.py:179} INFO - Processing /home/airflow/.local/lib/python3.8/site-packages/airflow/example_dags/example_dag_decorator.py took 0.130 seconds
[2025-12-08T13:35:25.778+0000] {processor.py:157} INFO - Started process (PID=129) to work on /home/airflow/.local/lib/python3.8/site-packages/airflow/example_dags/example_dag_decorator.py
[2025-12-08T13:35:25.778+0000] {processor.py:829} INFO - Processing file /home/airflow/.local/lib/python3.8/site-packages/airflow/example_dags/example_dag_decorator.py for tasks to queue
[2025-12-08T13:35:25.779+0000] {logging_mixin.py:154} INFO - [2025-12-08T13:35:25.779+0000] {dagbag.py:536} INFO - Filling up the DagBag from /home/airflow/.local/lib/python3.8/site-packages/airflow/example_dags/example_dag_decorator.py
[2025-12-08T13:35:25.833+0000] {processor.py:839} INFO - DAG(s) dict_keys(['example_dag_decorator']) retrieved from /home/airflow/.local/lib/python3.8/site-packages/airflow/example_dags/example_dag_decorator.py
[2025-12-08T13:35:25.903+0000] {logging_mixin.py:154} INFO - [2025-12-08T13:35:25.903+0000] {dag.py:2941} INFO - Sync 1 DAGs
[2025-12-08T13:35:25.910+0000] {logging_mixin.py:154} INFO - [2025-12-08T13:35:25.910+0000] {dag.py:3722} INFO - Setting next_dagrun for example_dag_decorator to None, run_after=None
[2025-12-08T13:35:25.922+0000] {processor.py:179} INFO - Processing /home/airflow/.local/lib/python3.8/site-packages/airflow/example_dags/example_dag_decorator.py took 0.147 seconds
[2025-12-08T13:35:56.229+0000] {processor.py:157} INFO - Started process (PID=184) to work on /home/airflow/.local/lib/python3.8/site-packages/airflow/example_dags/example_dag_decorator.py
[2025-12-08T13:35:56.230+0000] {processor.py:829} INFO - Processing file /home/airflow/.local/lib/python3.8/site-packages/airflow/example_dags/example_dag_decorator.py for tasks to queue
[2025-12-08T13:35:56.233+0000] {logging_mixin.py:154} INFO - [2025-12-08T13:35:56.233+0000] {dagbag.py:536} INFO - Filling up the DagBag from /home/airflow/.local/lib/python3.8/site-packages/airflow/example_dags/example_dag_decorator.py
[2025-12-08T13:35:56.288+0000] {processor.py:839} INFO - DAG(s) dict_keys(['example_dag_decorator']) retrieved from /home/airflow/.local/lib/python3.8/site-packages/airflow/example_dags/example_dag_decorator.py
[2025-12-08T13:35:56.356+0000] {logging_mixin.py:154} INFO - [2025-12-08T13:35:56.356+0000] {dag.py:2941} INFO - Sync 1 DAGs
[2025-12-08T13:35:56.362+0000] {logging_mixin.py:154} INFO - [2025-12-08T13:35:56.362+0000] {dag.py:3722} INFO - Setting next_dagrun for example_dag_decorator to None, run_after=None
[2025-12-08T13:35:56.372+0000] {processor.py:179} INFO - Processing /home/airflow/.local/lib/python3.8/site-packages/airflow/example_dags/example_dag_decorator.py took 0.147 seconds
[2025-12-08T13:36:26.445+0000] {processor.py:157} INFO - Started process (PID=240) to work on /home/airflow/.local/lib/python3.8/site-packages/airflow/example_dags/example_dag_decorator.py
[2025-12-08T13:36:26.446+0000] {processor.py:829} INFO - Processing file /home/airflow/.local/lib/python3.8/site-packages/airflow/example_dags/example_dag_decorator.py for tasks to queue
[2025-12-08T13:36:26.447+0000] {logging_mixin.py:154} INFO - [2025-12-08T13:36:26.447+0000] {dagbag.py:536} INFO - Filling up the DagBag from /home/airflow/.local/lib/python3.8/site-packages/airflow/example_dags/example_dag_decorator.py
[2025-12-08T13:36:26.489+0000] {processor.py:839} INFO - DAG(s) dict_keys(['example_dag_decorator']) retrieved from /home/airflow/.local/lib/python3.8/site-packages/airflow/example_dags/example_dag_decorator.py
[2025-12-08T13:36:26.548+0000] {logging_mixin.py:154} INFO - [2025-12-08T13:36:26.548+0000] {dag.py:2941} INFO - Sync 1 DAGs
[2025-12-08T13:36:26.555+0000] {logging_mixin.py:154} INFO - [2025-12-08T13:36:26.555+0000] {dag.py:3722} INFO - Setting next_dagrun for example_dag_decorator to None, run_after=None
[2025-12-08T13:36:26.572+0000] {processor.py:179} INFO - Processing /home/airflow/.local/lib/python3.8/site-packages/airflow/example_dags/example_dag_decorator.py took 0.129 seconds
[2025-12-08T13:36:56.746+0000] {processor.py:157} INFO - Started process (PID=295) to work on /home/airflow/.local/lib/python3.8/site-packages/airflow/example_dags/example_dag_decorator.py
[2025-12-08T13:36:56.747+0000] {processor.py:829} INFO - Processing file /home/airflow/.local/lib/python3.8/site-packages/airflow/example_dags/example_dag_decorator.py for tasks to queue
[2025-12-08T13:36:56.748+0000] {logging_mixin.py:154} INFO - [2025-12-08T13:36:56.747+0000] {dagbag.py:536} INFO - Filling up the DagBag from /home/airflow/.local/lib/python3.8/site-packages/airflow/example_dags/example_dag_decorator.py
[2025-12-08T13:36:56.809+0000] {processor.py:839} INFO - DAG(s) dict_keys(['example_dag_decorator']) retrieved from /home/airflow/.local/lib/python3.8/site-packages/airflow/example_dags/example_dag_decorator.py
[2025-12-08T13:36:56.885+0000] {logging_mixin.py:154} INFO - [2025-12-08T13:36:56.885+0000] {dag.py:2941} INFO - Sync 1 DAGs
[2025-12-08T13:36:56.891+0000] {logging_mixin.py:154} INFO - [2025-12-08T13:36:56.891+0000] {dag.py:3722} INFO - Setting next_dagrun for example_dag_decorator to None, run_after=None
[2025-12-08T13:36:56.908+0000] {processor.py:179} INFO - Processing /home/airflow/.local/lib/python3.8/site-packages/airflow/example_dags/example_dag_decorator.py took 0.164 seconds
[2025-12-08T13:37:27.716+0000] {processor.py:157} INFO - Started process (PID=356) to work on /home/airflow/.local/lib/python3.8/site-packages/airflow/example_dags/example_dag_decorator.py
[2025-12-08T13:37:27.718+0000] {processor.py:829} INFO - Processing file /home/airflow/.local/lib/python3.8/site-packages/airflow/example_dags/example_dag_decorator.py for tasks to queue
[2025-12-08T13:37:27.720+0000] {logging_mixin.py:154} INFO - [2025-12-08T13:37:27.719+0000] {dagbag.py:536} INFO - Filling up the DagBag from /home/airflow/.local/lib/python3.8/site-packages/airflow/example_dags/example_dag_decorator.py
[2025-12-08T13:37:27.774+0000] {processor.py:839} INFO - DAG(s) dict_keys(['example_dag_decorator']) retrieved from /home/airflow/.local/lib/python3.8/site-packages/airflow/example_dags/example_dag_decorator.py
[2025-12-08T13:37:27.845+0000] {logging_mixin.py:154} INFO - [2025-12-08T13:37:27.845+0000] {dag.py:2941} INFO - Sync 1 DAGs
[2025-12-08T13:37:27.850+0000] {logging_mixin.py:154} INFO - [2025-12-08T13:37:27.850+0000] {dag.py:3722} INFO - Setting next_dagrun for example_dag_decorator to None, run_after=None
[2025-12-08T13:37:27.861+0000] {processor.py:179} INFO - Processing /home/airflow/.local/lib/python3.8/site-packages/airflow/example_dags/example_dag_decorator.py took 0.148 seconds
[2025-12-08T13:37:57.909+0000] {processor.py:157} INFO - Started process (PID=412) to work on /home/airflow/.local/lib/python3.8/site-packages/airflow/example_dags/example_dag_decorator.py
[2025-12-08T13:37:57.910+0000] {processor.py:829} INFO - Processing file /home/airflow/.local/lib/python3.8/site-packages/airflow/example_dags/example_dag_decorator.py for tasks to queue
[2025-12-08T13:37:57.911+0000] {logging_mixin.py:154} INFO - [2025-12-08T13:37:57.911+0000] {dagbag.py:536} INFO - Filling up the DagBag from /home/airflow/.local/lib/python3.8/site-packages/airflow/example_dags/example_dag_decorator.py
[2025-12-08T13:37:57.951+0000] {processor.py:839} INFO - DAG(s) dict_keys(['example_dag_decorator']) retrieved from /home/airflow/.local/lib/python3.8/site-packages/airflow/example_dags/example_dag_decorator.py
[2025-12-08T13:37:58.013+0000] {logging_mixin.py:154} INFO - [2025-12-08T13:37:58.013+0000] {dag.py:2941} INFO - Sync 1 DAGs
[2025-12-08T13:37:58.019+0000] {logging_mixin.py:154} INFO - [2025-12-08T13:37:58.019+0000] {dag.py:3722} INFO - Setting next_dagrun for example_dag_decorator to None, run_after=None
[2025-12-08T13:37:58.030+0000] {processor.py:179} INFO - Processing /home/airflow/.local/lib/python3.8/site-packages/airflow/example_dags/example_dag_decorator.py took 0.124 seconds
[2025-12-08T13:38:28.523+0000] {processor.py:157} INFO - Started process (PID=466) to work on /home/airflow/.local/lib/python3.8/site-packages/airflow/example_dags/example_dag_decorator.py
[2025-12-08T13:38:28.527+0000] {processor.py:829} INFO - Processing file /home/airflow/.local/lib/python3.8/site-packages/airflow/example_dags/example_dag_decorator.py for tasks to queue
[2025-12-08T13:38:28.529+0000] {logging_mixin.py:154} INFO - [2025-12-08T13:38:28.528+0000] {dagbag.py:536} INFO - Filling up the DagBag from /home/airflow/.local/lib/python3.8/site-packages/airflow/example_dags/example_dag_decorator.py
[2025-12-08T13:38:28.567+0000] {processor.py:839} INFO - DAG(s) dict_keys(['example_dag_decorator']) retrieved from /home/airflow/.local/lib/python3.8/site-packages/airflow/example_dags/example_dag_decorator.py
[2025-12-08T13:38:28.630+0000] {logging_mixin.py:154} INFO - [2025-12-08T13:38:28.630+0000] {dag.py:2941} INFO - Sync 1 DAGs
[2025-12-08T13:38:28.636+0000] {logging_mixin.py:154} INFO - [2025-12-08T13:38:28.636+0000] {dag.py:3722} INFO - Setting next_dagrun for example_dag_decorator to None, run_after=None
[2025-12-08T13:38:28.649+0000] {processor.py:179} INFO - Processing /home/airflow/.local/lib/python3.8/site-packages/airflow/example_dags/example_dag_decorator.py took 0.129 seconds
