[2025-12-08T13:34:55.739+0000] {processor.py:157} INFO - Started process (PID=92) to work on /home/airflow/.local/lib/python3.8/site-packages/airflow/example_dags/example_subdag_operator.py
[2025-12-08T13:34:55.740+0000] {processor.py:829} INFO - Processing file /home/airflow/.local/lib/python3.8/site-packages/airflow/example_dags/example_subdag_operator.py for tasks to queue
[2025-12-08T13:34:55.742+0000] {logging_mixin.py:154} INFO - [2025-12-08T13:34:55.742+0000] {dagbag.py:536} INFO - Filling up the DagBag from /home/airflow/.local/lib/python3.8/site-packages/airflow/example_dags/example_subdag_operator.py
[2025-12-08T13:34:55.763+0000] {processor.py:839} INFO - DAG(s) dict_keys(['example_subdag_operator.section-1', 'example_subdag_operator.section-2', 'example_subdag_operator']) retrieved from /home/airflow/.local/lib/python3.8/site-packages/airflow/example_dags/example_subdag_operator.py
[2025-12-08T13:34:55.766+0000] {logging_mixin.py:154} INFO - [2025-12-08T13:34:55.766+0000] {dag.py:2941} INFO - Sync 3 DAGs
[2025-12-08T13:34:55.785+0000] {logging_mixin.py:154} INFO - [2025-12-08T13:34:55.785+0000] {dag.py:3722} INFO - Setting next_dagrun for example_subdag_operator to 2022-01-01T00:00:00+00:00, run_after=2022-01-01T00:00:00+00:00
[2025-12-08T13:34:55.788+0000] {logging_mixin.py:154} INFO - [2025-12-08T13:34:55.787+0000] {dag.py:3722} INFO - Setting next_dagrun for example_subdag_operator.section-1 to None, run_after=None
[2025-12-08T13:34:55.788+0000] {logging_mixin.py:154} INFO - [2025-12-08T13:34:55.788+0000] {dag.py:3722} INFO - Setting next_dagrun for example_subdag_operator.section-2 to None, run_after=None
[2025-12-08T13:34:55.793+0000] {logging_mixin.py:154} INFO - [2025-12-08T13:34:55.792+0000] {dag.py:2941} INFO - Sync 2 DAGs
[2025-12-08T13:34:55.796+0000] {logging_mixin.py:154} INFO - [2025-12-08T13:34:55.796+0000] {dag.py:3722} INFO - Setting next_dagrun for example_subdag_operator.section-1 to None, run_after=None
[2025-12-08T13:34:55.796+0000] {logging_mixin.py:154} INFO - [2025-12-08T13:34:55.796+0000] {dag.py:3722} INFO - Setting next_dagrun for example_subdag_operator.section-2 to None, run_after=None
[2025-12-08T13:34:55.806+0000] {processor.py:179} INFO - Processing /home/airflow/.local/lib/python3.8/site-packages/airflow/example_dags/example_subdag_operator.py took 0.070 seconds
[2025-12-08T13:35:26.781+0000] {processor.py:157} INFO - Started process (PID=158) to work on /home/airflow/.local/lib/python3.8/site-packages/airflow/example_dags/example_subdag_operator.py
[2025-12-08T13:35:26.782+0000] {processor.py:829} INFO - Processing file /home/airflow/.local/lib/python3.8/site-packages/airflow/example_dags/example_subdag_operator.py for tasks to queue
[2025-12-08T13:35:26.784+0000] {logging_mixin.py:154} INFO - [2025-12-08T13:35:26.783+0000] {dagbag.py:536} INFO - Filling up the DagBag from /home/airflow/.local/lib/python3.8/site-packages/airflow/example_dags/example_subdag_operator.py
[2025-12-08T13:35:26.803+0000] {processor.py:839} INFO - DAG(s) dict_keys(['example_subdag_operator.section-1', 'example_subdag_operator.section-2', 'example_subdag_operator']) retrieved from /home/airflow/.local/lib/python3.8/site-packages/airflow/example_dags/example_subdag_operator.py
[2025-12-08T13:35:26.811+0000] {logging_mixin.py:154} INFO - [2025-12-08T13:35:26.811+0000] {dag.py:2941} INFO - Sync 3 DAGs
[2025-12-08T13:35:26.823+0000] {logging_mixin.py:154} INFO - [2025-12-08T13:35:26.823+0000] {dag.py:3722} INFO - Setting next_dagrun for example_subdag_operator to 2022-01-01T00:00:00+00:00, run_after=2022-01-01T00:00:00+00:00
[2025-12-08T13:35:26.825+0000] {logging_mixin.py:154} INFO - [2025-12-08T13:35:26.825+0000] {dag.py:3722} INFO - Setting next_dagrun for example_subdag_operator.section-1 to None, run_after=None
[2025-12-08T13:35:26.826+0000] {logging_mixin.py:154} INFO - [2025-12-08T13:35:26.826+0000] {dag.py:3722} INFO - Setting next_dagrun for example_subdag_operator.section-2 to None, run_after=None
[2025-12-08T13:35:26.830+0000] {logging_mixin.py:154} INFO - [2025-12-08T13:35:26.830+0000] {dag.py:2941} INFO - Sync 2 DAGs
[2025-12-08T13:35:26.833+0000] {logging_mixin.py:154} INFO - [2025-12-08T13:35:26.833+0000] {dag.py:3722} INFO - Setting next_dagrun for example_subdag_operator.section-1 to None, run_after=None
[2025-12-08T13:35:26.833+0000] {logging_mixin.py:154} INFO - [2025-12-08T13:35:26.833+0000] {dag.py:3722} INFO - Setting next_dagrun for example_subdag_operator.section-2 to None, run_after=None
[2025-12-08T13:35:26.840+0000] {processor.py:179} INFO - Processing /home/airflow/.local/lib/python3.8/site-packages/airflow/example_dags/example_subdag_operator.py took 0.061 seconds
[2025-12-08T13:35:57.273+0000] {processor.py:157} INFO - Started process (PID=213) to work on /home/airflow/.local/lib/python3.8/site-packages/airflow/example_dags/example_subdag_operator.py
[2025-12-08T13:35:57.279+0000] {processor.py:829} INFO - Processing file /home/airflow/.local/lib/python3.8/site-packages/airflow/example_dags/example_subdag_operator.py for tasks to queue
[2025-12-08T13:35:57.280+0000] {logging_mixin.py:154} INFO - [2025-12-08T13:35:57.280+0000] {dagbag.py:536} INFO - Filling up the DagBag from /home/airflow/.local/lib/python3.8/site-packages/airflow/example_dags/example_subdag_operator.py
[2025-12-08T13:35:57.298+0000] {processor.py:839} INFO - DAG(s) dict_keys(['example_subdag_operator.section-1', 'example_subdag_operator.section-2', 'example_subdag_operator']) retrieved from /home/airflow/.local/lib/python3.8/site-packages/airflow/example_dags/example_subdag_operator.py
[2025-12-08T13:35:57.306+0000] {logging_mixin.py:154} INFO - [2025-12-08T13:35:57.306+0000] {dag.py:2941} INFO - Sync 3 DAGs
[2025-12-08T13:35:57.319+0000] {logging_mixin.py:154} INFO - [2025-12-08T13:35:57.319+0000] {dag.py:3722} INFO - Setting next_dagrun for example_subdag_operator to 2022-01-01T00:00:00+00:00, run_after=2022-01-01T00:00:00+00:00
[2025-12-08T13:35:57.322+0000] {logging_mixin.py:154} INFO - [2025-12-08T13:35:57.322+0000] {dag.py:3722} INFO - Setting next_dagrun for example_subdag_operator.section-1 to None, run_after=None
[2025-12-08T13:35:57.323+0000] {logging_mixin.py:154} INFO - [2025-12-08T13:35:57.323+0000] {dag.py:3722} INFO - Setting next_dagrun for example_subdag_operator.section-2 to None, run_after=None
[2025-12-08T13:35:57.327+0000] {logging_mixin.py:154} INFO - [2025-12-08T13:35:57.327+0000] {dag.py:2941} INFO - Sync 2 DAGs
[2025-12-08T13:35:57.331+0000] {logging_mixin.py:154} INFO - [2025-12-08T13:35:57.331+0000] {dag.py:3722} INFO - Setting next_dagrun for example_subdag_operator.section-1 to None, run_after=None
[2025-12-08T13:35:57.332+0000] {logging_mixin.py:154} INFO - [2025-12-08T13:35:57.331+0000] {dag.py:3722} INFO - Setting next_dagrun for example_subdag_operator.section-2 to None, run_after=None
[2025-12-08T13:35:57.339+0000] {processor.py:179} INFO - Processing /home/airflow/.local/lib/python3.8/site-packages/airflow/example_dags/example_subdag_operator.py took 0.068 seconds
[2025-12-08T13:36:27.576+0000] {processor.py:157} INFO - Started process (PID=268) to work on /home/airflow/.local/lib/python3.8/site-packages/airflow/example_dags/example_subdag_operator.py
[2025-12-08T13:36:27.583+0000] {processor.py:829} INFO - Processing file /home/airflow/.local/lib/python3.8/site-packages/airflow/example_dags/example_subdag_operator.py for tasks to queue
[2025-12-08T13:36:27.584+0000] {logging_mixin.py:154} INFO - [2025-12-08T13:36:27.584+0000] {dagbag.py:536} INFO - Filling up the DagBag from /home/airflow/.local/lib/python3.8/site-packages/airflow/example_dags/example_subdag_operator.py
[2025-12-08T13:36:27.601+0000] {processor.py:839} INFO - DAG(s) dict_keys(['example_subdag_operator.section-1', 'example_subdag_operator.section-2', 'example_subdag_operator']) retrieved from /home/airflow/.local/lib/python3.8/site-packages/airflow/example_dags/example_subdag_operator.py
[2025-12-08T13:36:27.611+0000] {logging_mixin.py:154} INFO - [2025-12-08T13:36:27.611+0000] {dag.py:2941} INFO - Sync 3 DAGs
[2025-12-08T13:36:27.624+0000] {logging_mixin.py:154} INFO - [2025-12-08T13:36:27.624+0000] {dag.py:3722} INFO - Setting next_dagrun for example_subdag_operator to 2022-01-01T00:00:00+00:00, run_after=2022-01-01T00:00:00+00:00
[2025-12-08T13:36:27.626+0000] {logging_mixin.py:154} INFO - [2025-12-08T13:36:27.626+0000] {dag.py:3722} INFO - Setting next_dagrun for example_subdag_operator.section-1 to None, run_after=None
[2025-12-08T13:36:27.626+0000] {logging_mixin.py:154} INFO - [2025-12-08T13:36:27.626+0000] {dag.py:3722} INFO - Setting next_dagrun for example_subdag_operator.section-2 to None, run_after=None
[2025-12-08T13:36:27.631+0000] {logging_mixin.py:154} INFO - [2025-12-08T13:36:27.631+0000] {dag.py:2941} INFO - Sync 2 DAGs
[2025-12-08T13:36:27.635+0000] {logging_mixin.py:154} INFO - [2025-12-08T13:36:27.634+0000] {dag.py:3722} INFO - Setting next_dagrun for example_subdag_operator.section-1 to None, run_after=None
[2025-12-08T13:36:27.635+0000] {logging_mixin.py:154} INFO - [2025-12-08T13:36:27.635+0000] {dag.py:3722} INFO - Setting next_dagrun for example_subdag_operator.section-2 to None, run_after=None
[2025-12-08T13:36:27.642+0000] {processor.py:179} INFO - Processing /home/airflow/.local/lib/python3.8/site-packages/airflow/example_dags/example_subdag_operator.py took 0.068 seconds
[2025-12-08T13:36:58.858+0000] {processor.py:157} INFO - Started process (PID=323) to work on /home/airflow/.local/lib/python3.8/site-packages/airflow/example_dags/example_subdag_operator.py
[2025-12-08T13:36:58.858+0000] {processor.py:829} INFO - Processing file /home/airflow/.local/lib/python3.8/site-packages/airflow/example_dags/example_subdag_operator.py for tasks to queue
[2025-12-08T13:36:58.860+0000] {logging_mixin.py:154} INFO - [2025-12-08T13:36:58.860+0000] {dagbag.py:536} INFO - Filling up the DagBag from /home/airflow/.local/lib/python3.8/site-packages/airflow/example_dags/example_subdag_operator.py
[2025-12-08T13:36:58.879+0000] {processor.py:839} INFO - DAG(s) dict_keys(['example_subdag_operator.section-1', 'example_subdag_operator.section-2', 'example_subdag_operator']) retrieved from /home/airflow/.local/lib/python3.8/site-packages/airflow/example_dags/example_subdag_operator.py
[2025-12-08T13:36:58.888+0000] {logging_mixin.py:154} INFO - [2025-12-08T13:36:58.888+0000] {dag.py:2941} INFO - Sync 3 DAGs
[2025-12-08T13:36:58.901+0000] {logging_mixin.py:154} INFO - [2025-12-08T13:36:58.901+0000] {dag.py:3722} INFO - Setting next_dagrun for example_subdag_operator to 2022-01-01T00:00:00+00:00, run_after=2022-01-01T00:00:00+00:00
[2025-12-08T13:36:58.903+0000] {logging_mixin.py:154} INFO - [2025-12-08T13:36:58.903+0000] {dag.py:3722} INFO - Setting next_dagrun for example_subdag_operator.section-1 to None, run_after=None
[2025-12-08T13:36:58.904+0000] {logging_mixin.py:154} INFO - [2025-12-08T13:36:58.904+0000] {dag.py:3722} INFO - Setting next_dagrun for example_subdag_operator.section-2 to None, run_after=None
[2025-12-08T13:36:58.908+0000] {logging_mixin.py:154} INFO - [2025-12-08T13:36:58.908+0000] {dag.py:2941} INFO - Sync 2 DAGs
[2025-12-08T13:36:58.911+0000] {logging_mixin.py:154} INFO - [2025-12-08T13:36:58.911+0000] {dag.py:3722} INFO - Setting next_dagrun for example_subdag_operator.section-1 to None, run_after=None
[2025-12-08T13:36:58.911+0000] {logging_mixin.py:154} INFO - [2025-12-08T13:36:58.911+0000] {dag.py:3722} INFO - Setting next_dagrun for example_subdag_operator.section-2 to None, run_after=None
[2025-12-08T13:36:58.919+0000] {processor.py:179} INFO - Processing /home/airflow/.local/lib/python3.8/site-packages/airflow/example_dags/example_subdag_operator.py took 0.064 seconds
[2025-12-08T13:37:29.593+0000] {processor.py:157} INFO - Started process (PID=378) to work on /home/airflow/.local/lib/python3.8/site-packages/airflow/example_dags/example_subdag_operator.py
[2025-12-08T13:37:29.593+0000] {processor.py:829} INFO - Processing file /home/airflow/.local/lib/python3.8/site-packages/airflow/example_dags/example_subdag_operator.py for tasks to queue
[2025-12-08T13:37:29.594+0000] {logging_mixin.py:154} INFO - [2025-12-08T13:37:29.594+0000] {dagbag.py:536} INFO - Filling up the DagBag from /home/airflow/.local/lib/python3.8/site-packages/airflow/example_dags/example_subdag_operator.py
[2025-12-08T13:37:29.609+0000] {processor.py:839} INFO - DAG(s) dict_keys(['example_subdag_operator.section-1', 'example_subdag_operator.section-2', 'example_subdag_operator']) retrieved from /home/airflow/.local/lib/python3.8/site-packages/airflow/example_dags/example_subdag_operator.py
[2025-12-08T13:37:29.617+0000] {logging_mixin.py:154} INFO - [2025-12-08T13:37:29.617+0000] {dag.py:2941} INFO - Sync 3 DAGs
[2025-12-08T13:37:29.629+0000] {logging_mixin.py:154} INFO - [2025-12-08T13:37:29.629+0000] {dag.py:3722} INFO - Setting next_dagrun for example_subdag_operator to 2022-01-01T00:00:00+00:00, run_after=2022-01-01T00:00:00+00:00
[2025-12-08T13:37:29.631+0000] {logging_mixin.py:154} INFO - [2025-12-08T13:37:29.631+0000] {dag.py:3722} INFO - Setting next_dagrun for example_subdag_operator.section-1 to None, run_after=None
[2025-12-08T13:37:29.632+0000] {logging_mixin.py:154} INFO - [2025-12-08T13:37:29.631+0000] {dag.py:3722} INFO - Setting next_dagrun for example_subdag_operator.section-2 to None, run_after=None
[2025-12-08T13:37:29.635+0000] {logging_mixin.py:154} INFO - [2025-12-08T13:37:29.635+0000] {dag.py:2941} INFO - Sync 2 DAGs
[2025-12-08T13:37:29.638+0000] {logging_mixin.py:154} INFO - [2025-12-08T13:37:29.638+0000] {dag.py:3722} INFO - Setting next_dagrun for example_subdag_operator.section-1 to None, run_after=None
[2025-12-08T13:37:29.638+0000] {logging_mixin.py:154} INFO - [2025-12-08T13:37:29.638+0000] {dag.py:3722} INFO - Setting next_dagrun for example_subdag_operator.section-2 to None, run_after=None
[2025-12-08T13:37:29.644+0000] {processor.py:179} INFO - Processing /home/airflow/.local/lib/python3.8/site-packages/airflow/example_dags/example_subdag_operator.py took 0.054 seconds
[2025-12-08T13:38:00.615+0000] {processor.py:157} INFO - Started process (PID=433) to work on /home/airflow/.local/lib/python3.8/site-packages/airflow/example_dags/example_subdag_operator.py
[2025-12-08T13:38:00.616+0000] {processor.py:829} INFO - Processing file /home/airflow/.local/lib/python3.8/site-packages/airflow/example_dags/example_subdag_operator.py for tasks to queue
[2025-12-08T13:38:00.618+0000] {logging_mixin.py:154} INFO - [2025-12-08T13:38:00.618+0000] {dagbag.py:536} INFO - Filling up the DagBag from /home/airflow/.local/lib/python3.8/site-packages/airflow/example_dags/example_subdag_operator.py
[2025-12-08T13:38:00.639+0000] {processor.py:839} INFO - DAG(s) dict_keys(['example_subdag_operator.section-1', 'example_subdag_operator.section-2', 'example_subdag_operator']) retrieved from /home/airflow/.local/lib/python3.8/site-packages/airflow/example_dags/example_subdag_operator.py
[2025-12-08T13:38:00.647+0000] {logging_mixin.py:154} INFO - [2025-12-08T13:38:00.647+0000] {dag.py:2941} INFO - Sync 3 DAGs
[2025-12-08T13:38:00.660+0000] {logging_mixin.py:154} INFO - [2025-12-08T13:38:00.660+0000] {dag.py:3722} INFO - Setting next_dagrun for example_subdag_operator to 2022-01-01T00:00:00+00:00, run_after=2022-01-01T00:00:00+00:00
[2025-12-08T13:38:00.662+0000] {logging_mixin.py:154} INFO - [2025-12-08T13:38:00.662+0000] {dag.py:3722} INFO - Setting next_dagrun for example_subdag_operator.section-1 to None, run_after=None
[2025-12-08T13:38:00.663+0000] {logging_mixin.py:154} INFO - [2025-12-08T13:38:00.662+0000] {dag.py:3722} INFO - Setting next_dagrun for example_subdag_operator.section-2 to None, run_after=None
[2025-12-08T13:38:00.666+0000] {logging_mixin.py:154} INFO - [2025-12-08T13:38:00.666+0000] {dag.py:2941} INFO - Sync 2 DAGs
[2025-12-08T13:38:00.670+0000] {logging_mixin.py:154} INFO - [2025-12-08T13:38:00.669+0000] {dag.py:3722} INFO - Setting next_dagrun for example_subdag_operator.section-1 to None, run_after=None
[2025-12-08T13:38:00.670+0000] {logging_mixin.py:154} INFO - [2025-12-08T13:38:00.670+0000] {dag.py:3722} INFO - Setting next_dagrun for example_subdag_operator.section-2 to None, run_after=None
[2025-12-08T13:38:00.676+0000] {processor.py:179} INFO - Processing /home/airflow/.local/lib/python3.8/site-packages/airflow/example_dags/example_subdag_operator.py took 0.064 seconds
[2025-12-08T13:38:31.321+0000] {processor.py:157} INFO - Started process (PID=488) to work on /home/airflow/.local/lib/python3.8/site-packages/airflow/example_dags/example_subdag_operator.py
[2025-12-08T13:38:31.321+0000] {processor.py:829} INFO - Processing file /home/airflow/.local/lib/python3.8/site-packages/airflow/example_dags/example_subdag_operator.py for tasks to queue
[2025-12-08T13:38:31.323+0000] {logging_mixin.py:154} INFO - [2025-12-08T13:38:31.323+0000] {dagbag.py:536} INFO - Filling up the DagBag from /home/airflow/.local/lib/python3.8/site-packages/airflow/example_dags/example_subdag_operator.py
[2025-12-08T13:38:31.344+0000] {processor.py:839} INFO - DAG(s) dict_keys(['example_subdag_operator.section-1', 'example_subdag_operator.section-2', 'example_subdag_operator']) retrieved from /home/airflow/.local/lib/python3.8/site-packages/airflow/example_dags/example_subdag_operator.py
[2025-12-08T13:38:31.353+0000] {logging_mixin.py:154} INFO - [2025-12-08T13:38:31.353+0000] {dag.py:2941} INFO - Sync 3 DAGs
[2025-12-08T13:38:31.364+0000] {logging_mixin.py:154} INFO - [2025-12-08T13:38:31.364+0000] {dag.py:3722} INFO - Setting next_dagrun for example_subdag_operator to 2022-01-01T00:00:00+00:00, run_after=2022-01-01T00:00:00+00:00
[2025-12-08T13:38:31.366+0000] {logging_mixin.py:154} INFO - [2025-12-08T13:38:31.366+0000] {dag.py:3722} INFO - Setting next_dagrun for example_subdag_operator.section-1 to None, run_after=None
[2025-12-08T13:38:31.367+0000] {logging_mixin.py:154} INFO - [2025-12-08T13:38:31.367+0000] {dag.py:3722} INFO - Setting next_dagrun for example_subdag_operator.section-2 to None, run_after=None
[2025-12-08T13:38:31.371+0000] {logging_mixin.py:154} INFO - [2025-12-08T13:38:31.371+0000] {dag.py:2941} INFO - Sync 2 DAGs
[2025-12-08T13:38:31.375+0000] {logging_mixin.py:154} INFO - [2025-12-08T13:38:31.375+0000] {dag.py:3722} INFO - Setting next_dagrun for example_subdag_operator.section-1 to None, run_after=None
[2025-12-08T13:38:31.375+0000] {logging_mixin.py:154} INFO - [2025-12-08T13:38:31.375+0000] {dag.py:3722} INFO - Setting next_dagrun for example_subdag_operator.section-2 to None, run_after=None
[2025-12-08T13:38:31.383+0000] {processor.py:179} INFO - Processing /home/airflow/.local/lib/python3.8/site-packages/airflow/example_dags/example_subdag_operator.py took 0.064 seconds
