[2025-12-08T13:34:55.080+0000] {processor.py:157} INFO - Started process (PID=69) to work on /home/airflow/.local/lib/python3.8/site-packages/airflow/example_dags/example_dynamic_task_mapping_with_no_taskflow_operators.py
[2025-12-08T13:34:55.081+0000] {processor.py:829} INFO - Processing file /home/airflow/.local/lib/python3.8/site-packages/airflow/example_dags/example_dynamic_task_mapping_with_no_taskflow_operators.py for tasks to queue
[2025-12-08T13:34:55.083+0000] {logging_mixin.py:154} INFO - [2025-12-08T13:34:55.083+0000] {dagbag.py:536} INFO - Filling up the DagBag from /home/airflow/.local/lib/python3.8/site-packages/airflow/example_dags/example_dynamic_task_mapping_with_no_taskflow_operators.py
[2025-12-08T13:34:55.092+0000] {processor.py:839} INFO - DAG(s) dict_keys(['example_dynamic_task_mapping_with_no_taskflow_operators']) retrieved from /home/airflow/.local/lib/python3.8/site-packages/airflow/example_dags/example_dynamic_task_mapping_with_no_taskflow_operators.py
[2025-12-08T13:34:55.103+0000] {logging_mixin.py:154} INFO - [2025-12-08T13:34:55.103+0000] {dag.py:2941} INFO - Sync 1 DAGs
[2025-12-08T13:34:55.117+0000] {logging_mixin.py:154} INFO - [2025-12-08T13:34:55.117+0000] {dag.py:3722} INFO - Setting next_dagrun for example_dynamic_task_mapping_with_no_taskflow_operators to 2025-12-07T13:34:55.117380+00:00, run_after=2025-12-08T13:34:55.117380+00:00
[2025-12-08T13:34:55.132+0000] {processor.py:179} INFO - Processing /home/airflow/.local/lib/python3.8/site-packages/airflow/example_dags/example_dynamic_task_mapping_with_no_taskflow_operators.py took 0.055 seconds
[2025-12-08T13:35:25.938+0000] {processor.py:157} INFO - Started process (PID=132) to work on /home/airflow/.local/lib/python3.8/site-packages/airflow/example_dags/example_dynamic_task_mapping_with_no_taskflow_operators.py
[2025-12-08T13:35:25.939+0000] {processor.py:829} INFO - Processing file /home/airflow/.local/lib/python3.8/site-packages/airflow/example_dags/example_dynamic_task_mapping_with_no_taskflow_operators.py for tasks to queue
[2025-12-08T13:35:25.940+0000] {logging_mixin.py:154} INFO - [2025-12-08T13:35:25.940+0000] {dagbag.py:536} INFO - Filling up the DagBag from /home/airflow/.local/lib/python3.8/site-packages/airflow/example_dags/example_dynamic_task_mapping_with_no_taskflow_operators.py
[2025-12-08T13:35:25.943+0000] {processor.py:839} INFO - DAG(s) dict_keys(['example_dynamic_task_mapping_with_no_taskflow_operators']) retrieved from /home/airflow/.local/lib/python3.8/site-packages/airflow/example_dags/example_dynamic_task_mapping_with_no_taskflow_operators.py
[2025-12-08T13:35:25.957+0000] {logging_mixin.py:154} INFO - [2025-12-08T13:35:25.957+0000] {dag.py:2941} INFO - Sync 1 DAGs
[2025-12-08T13:35:25.970+0000] {logging_mixin.py:154} INFO - [2025-12-08T13:35:25.970+0000] {dag.py:3722} INFO - Setting next_dagrun for example_dynamic_task_mapping_with_no_taskflow_operators to 2025-12-07T13:35:25.969994+00:00, run_after=2025-12-08T13:35:25.969994+00:00
[2025-12-08T13:35:25.980+0000] {processor.py:179} INFO - Processing /home/airflow/.local/lib/python3.8/site-packages/airflow/example_dags/example_dynamic_task_mapping_with_no_taskflow_operators.py took 0.044 seconds
[2025-12-08T13:35:56.367+0000] {processor.py:157} INFO - Started process (PID=187) to work on /home/airflow/.local/lib/python3.8/site-packages/airflow/example_dags/example_dynamic_task_mapping_with_no_taskflow_operators.py
[2025-12-08T13:35:56.368+0000] {processor.py:829} INFO - Processing file /home/airflow/.local/lib/python3.8/site-packages/airflow/example_dags/example_dynamic_task_mapping_with_no_taskflow_operators.py for tasks to queue
[2025-12-08T13:35:56.369+0000] {logging_mixin.py:154} INFO - [2025-12-08T13:35:56.369+0000] {dagbag.py:536} INFO - Filling up the DagBag from /home/airflow/.local/lib/python3.8/site-packages/airflow/example_dags/example_dynamic_task_mapping_with_no_taskflow_operators.py
[2025-12-08T13:35:56.375+0000] {processor.py:839} INFO - DAG(s) dict_keys(['example_dynamic_task_mapping_with_no_taskflow_operators']) retrieved from /home/airflow/.local/lib/python3.8/site-packages/airflow/example_dags/example_dynamic_task_mapping_with_no_taskflow_operators.py
[2025-12-08T13:35:56.387+0000] {logging_mixin.py:154} INFO - [2025-12-08T13:35:56.386+0000] {dag.py:2941} INFO - Sync 1 DAGs
[2025-12-08T13:35:56.399+0000] {logging_mixin.py:154} INFO - [2025-12-08T13:35:56.399+0000] {dag.py:3722} INFO - Setting next_dagrun for example_dynamic_task_mapping_with_no_taskflow_operators to 2025-12-07T13:35:56.399583+00:00, run_after=2025-12-08T13:35:56.399583+00:00
[2025-12-08T13:35:56.414+0000] {processor.py:179} INFO - Processing /home/airflow/.local/lib/python3.8/site-packages/airflow/example_dags/example_dynamic_task_mapping_with_no_taskflow_operators.py took 0.050 seconds
[2025-12-08T13:36:26.516+0000] {processor.py:157} INFO - Started process (PID=242) to work on /home/airflow/.local/lib/python3.8/site-packages/airflow/example_dags/example_dynamic_task_mapping_with_no_taskflow_operators.py
[2025-12-08T13:36:26.517+0000] {processor.py:829} INFO - Processing file /home/airflow/.local/lib/python3.8/site-packages/airflow/example_dags/example_dynamic_task_mapping_with_no_taskflow_operators.py for tasks to queue
[2025-12-08T13:36:26.518+0000] {logging_mixin.py:154} INFO - [2025-12-08T13:36:26.518+0000] {dagbag.py:536} INFO - Filling up the DagBag from /home/airflow/.local/lib/python3.8/site-packages/airflow/example_dags/example_dynamic_task_mapping_with_no_taskflow_operators.py
[2025-12-08T13:36:26.523+0000] {processor.py:839} INFO - DAG(s) dict_keys(['example_dynamic_task_mapping_with_no_taskflow_operators']) retrieved from /home/airflow/.local/lib/python3.8/site-packages/airflow/example_dags/example_dynamic_task_mapping_with_no_taskflow_operators.py
[2025-12-08T13:36:26.535+0000] {logging_mixin.py:154} INFO - [2025-12-08T13:36:26.535+0000] {dag.py:2941} INFO - Sync 1 DAGs
[2025-12-08T13:36:26.548+0000] {logging_mixin.py:154} INFO - [2025-12-08T13:36:26.548+0000] {dag.py:3722} INFO - Setting next_dagrun for example_dynamic_task_mapping_with_no_taskflow_operators to 2025-12-07T13:36:26.548685+00:00, run_after=2025-12-08T13:36:26.548685+00:00
[2025-12-08T13:36:26.569+0000] {processor.py:179} INFO - Processing /home/airflow/.local/lib/python3.8/site-packages/airflow/example_dags/example_dynamic_task_mapping_with_no_taskflow_operators.py took 0.057 seconds
[2025-12-08T13:36:56.805+0000] {processor.py:157} INFO - Started process (PID=297) to work on /home/airflow/.local/lib/python3.8/site-packages/airflow/example_dags/example_dynamic_task_mapping_with_no_taskflow_operators.py
[2025-12-08T13:36:56.806+0000] {processor.py:829} INFO - Processing file /home/airflow/.local/lib/python3.8/site-packages/airflow/example_dags/example_dynamic_task_mapping_with_no_taskflow_operators.py for tasks to queue
[2025-12-08T13:36:56.807+0000] {logging_mixin.py:154} INFO - [2025-12-08T13:36:56.807+0000] {dagbag.py:536} INFO - Filling up the DagBag from /home/airflow/.local/lib/python3.8/site-packages/airflow/example_dags/example_dynamic_task_mapping_with_no_taskflow_operators.py
[2025-12-08T13:36:56.811+0000] {processor.py:839} INFO - DAG(s) dict_keys(['example_dynamic_task_mapping_with_no_taskflow_operators']) retrieved from /home/airflow/.local/lib/python3.8/site-packages/airflow/example_dags/example_dynamic_task_mapping_with_no_taskflow_operators.py
[2025-12-08T13:36:56.825+0000] {logging_mixin.py:154} INFO - [2025-12-08T13:36:56.825+0000] {dag.py:2941} INFO - Sync 1 DAGs
[2025-12-08T13:36:56.839+0000] {logging_mixin.py:154} INFO - [2025-12-08T13:36:56.839+0000] {dag.py:3722} INFO - Setting next_dagrun for example_dynamic_task_mapping_with_no_taskflow_operators to 2025-12-07T13:36:56.839191+00:00, run_after=2025-12-08T13:36:56.839191+00:00
[2025-12-08T13:36:56.851+0000] {processor.py:179} INFO - Processing /home/airflow/.local/lib/python3.8/site-packages/airflow/example_dags/example_dynamic_task_mapping_with_no_taskflow_operators.py took 0.048 seconds
[2025-12-08T13:37:27.865+0000] {processor.py:157} INFO - Started process (PID=359) to work on /home/airflow/.local/lib/python3.8/site-packages/airflow/example_dags/example_dynamic_task_mapping_with_no_taskflow_operators.py
[2025-12-08T13:37:27.865+0000] {processor.py:829} INFO - Processing file /home/airflow/.local/lib/python3.8/site-packages/airflow/example_dags/example_dynamic_task_mapping_with_no_taskflow_operators.py for tasks to queue
[2025-12-08T13:37:27.866+0000] {logging_mixin.py:154} INFO - [2025-12-08T13:37:27.866+0000] {dagbag.py:536} INFO - Filling up the DagBag from /home/airflow/.local/lib/python3.8/site-packages/airflow/example_dags/example_dynamic_task_mapping_with_no_taskflow_operators.py
[2025-12-08T13:37:27.870+0000] {processor.py:839} INFO - DAG(s) dict_keys(['example_dynamic_task_mapping_with_no_taskflow_operators']) retrieved from /home/airflow/.local/lib/python3.8/site-packages/airflow/example_dags/example_dynamic_task_mapping_with_no_taskflow_operators.py
[2025-12-08T13:37:27.883+0000] {logging_mixin.py:154} INFO - [2025-12-08T13:37:27.883+0000] {dag.py:2941} INFO - Sync 1 DAGs
[2025-12-08T13:37:27.897+0000] {logging_mixin.py:154} INFO - [2025-12-08T13:37:27.897+0000] {dag.py:3722} INFO - Setting next_dagrun for example_dynamic_task_mapping_with_no_taskflow_operators to 2025-12-07T13:37:27.897259+00:00, run_after=2025-12-08T13:37:27.897259+00:00
[2025-12-08T13:37:27.909+0000] {processor.py:179} INFO - Processing /home/airflow/.local/lib/python3.8/site-packages/airflow/example_dags/example_dynamic_task_mapping_with_no_taskflow_operators.py took 0.046 seconds
[2025-12-08T13:37:58.006+0000] {processor.py:157} INFO - Started process (PID=414) to work on /home/airflow/.local/lib/python3.8/site-packages/airflow/example_dags/example_dynamic_task_mapping_with_no_taskflow_operators.py
[2025-12-08T13:37:58.007+0000] {processor.py:829} INFO - Processing file /home/airflow/.local/lib/python3.8/site-packages/airflow/example_dags/example_dynamic_task_mapping_with_no_taskflow_operators.py for tasks to queue
[2025-12-08T13:37:58.008+0000] {logging_mixin.py:154} INFO - [2025-12-08T13:37:58.008+0000] {dagbag.py:536} INFO - Filling up the DagBag from /home/airflow/.local/lib/python3.8/site-packages/airflow/example_dags/example_dynamic_task_mapping_with_no_taskflow_operators.py
[2025-12-08T13:37:58.011+0000] {processor.py:839} INFO - DAG(s) dict_keys(['example_dynamic_task_mapping_with_no_taskflow_operators']) retrieved from /home/airflow/.local/lib/python3.8/site-packages/airflow/example_dags/example_dynamic_task_mapping_with_no_taskflow_operators.py
[2025-12-08T13:37:58.025+0000] {logging_mixin.py:154} INFO - [2025-12-08T13:37:58.025+0000] {dag.py:2941} INFO - Sync 1 DAGs
[2025-12-08T13:37:58.040+0000] {logging_mixin.py:154} INFO - [2025-12-08T13:37:58.039+0000] {dag.py:3722} INFO - Setting next_dagrun for example_dynamic_task_mapping_with_no_taskflow_operators to 2025-12-07T13:37:58.039730+00:00, run_after=2025-12-08T13:37:58.039730+00:00
[2025-12-08T13:37:58.050+0000] {processor.py:179} INFO - Processing /home/airflow/.local/lib/python3.8/site-packages/airflow/example_dags/example_dynamic_task_mapping_with_no_taskflow_operators.py took 0.045 seconds
[2025-12-08T13:38:28.665+0000] {processor.py:157} INFO - Started process (PID=469) to work on /home/airflow/.local/lib/python3.8/site-packages/airflow/example_dags/example_dynamic_task_mapping_with_no_taskflow_operators.py
[2025-12-08T13:38:28.665+0000] {processor.py:829} INFO - Processing file /home/airflow/.local/lib/python3.8/site-packages/airflow/example_dags/example_dynamic_task_mapping_with_no_taskflow_operators.py for tasks to queue
[2025-12-08T13:38:28.666+0000] {logging_mixin.py:154} INFO - [2025-12-08T13:38:28.666+0000] {dagbag.py:536} INFO - Filling up the DagBag from /home/airflow/.local/lib/python3.8/site-packages/airflow/example_dags/example_dynamic_task_mapping_with_no_taskflow_operators.py
[2025-12-08T13:38:28.670+0000] {processor.py:839} INFO - DAG(s) dict_keys(['example_dynamic_task_mapping_with_no_taskflow_operators']) retrieved from /home/airflow/.local/lib/python3.8/site-packages/airflow/example_dags/example_dynamic_task_mapping_with_no_taskflow_operators.py
[2025-12-08T13:38:28.685+0000] {logging_mixin.py:154} INFO - [2025-12-08T13:38:28.684+0000] {dag.py:2941} INFO - Sync 1 DAGs
[2025-12-08T13:38:28.697+0000] {logging_mixin.py:154} INFO - [2025-12-08T13:38:28.697+0000] {dag.py:3722} INFO - Setting next_dagrun for example_dynamic_task_mapping_with_no_taskflow_operators to 2025-12-07T13:38:28.697427+00:00, run_after=2025-12-08T13:38:28.697427+00:00
[2025-12-08T13:38:28.709+0000] {processor.py:179} INFO - Processing /home/airflow/.local/lib/python3.8/site-packages/airflow/example_dags/example_dynamic_task_mapping_with_no_taskflow_operators.py took 0.047 seconds
