[2025-12-08T13:34:54.816+0000] {processor.py:157} INFO - Started process (PID=64) to work on /home/airflow/.local/lib/python3.8/site-packages/airflow/example_dags/example_branch_python_dop_operator_3.py
[2025-12-08T13:34:54.816+0000] {processor.py:829} INFO - Processing file /home/airflow/.local/lib/python3.8/site-packages/airflow/example_dags/example_branch_python_dop_operator_3.py for tasks to queue
[2025-12-08T13:34:54.818+0000] {logging_mixin.py:154} INFO - [2025-12-08T13:34:54.818+0000] {dagbag.py:536} INFO - Filling up the DagBag from /home/airflow/.local/lib/python3.8/site-packages/airflow/example_dags/example_branch_python_dop_operator_3.py
[2025-12-08T13:34:54.824+0000] {processor.py:839} INFO - DAG(s) dict_keys(['example_branch_dop_operator_v3']) retrieved from /home/airflow/.local/lib/python3.8/site-packages/airflow/example_dags/example_branch_python_dop_operator_3.py
[2025-12-08T13:34:54.831+0000] {logging_mixin.py:154} INFO - [2025-12-08T13:34:54.831+0000] {dag.py:2941} INFO - Sync 1 DAGs
[2025-12-08T13:34:54.848+0000] {logging_mixin.py:154} INFO - [2025-12-08T13:34:54.847+0000] {dag.py:3722} INFO - Setting next_dagrun for example_branch_dop_operator_v3 to 2025-12-08T13:33:00+00:00, run_after=2025-12-08T13:34:00+00:00
[2025-12-08T13:34:54.859+0000] {processor.py:179} INFO - Processing /home/airflow/.local/lib/python3.8/site-packages/airflow/example_dags/example_branch_python_dop_operator_3.py took 0.045 seconds
[2025-12-08T13:35:25.707+0000] {processor.py:157} INFO - Started process (PID=127) to work on /home/airflow/.local/lib/python3.8/site-packages/airflow/example_dags/example_branch_python_dop_operator_3.py
[2025-12-08T13:35:25.707+0000] {processor.py:829} INFO - Processing file /home/airflow/.local/lib/python3.8/site-packages/airflow/example_dags/example_branch_python_dop_operator_3.py for tasks to queue
[2025-12-08T13:35:25.708+0000] {logging_mixin.py:154} INFO - [2025-12-08T13:35:25.708+0000] {dagbag.py:536} INFO - Filling up the DagBag from /home/airflow/.local/lib/python3.8/site-packages/airflow/example_dags/example_branch_python_dop_operator_3.py
[2025-12-08T13:35:25.713+0000] {processor.py:839} INFO - DAG(s) dict_keys(['example_branch_dop_operator_v3']) retrieved from /home/airflow/.local/lib/python3.8/site-packages/airflow/example_dags/example_branch_python_dop_operator_3.py
[2025-12-08T13:35:25.726+0000] {logging_mixin.py:154} INFO - [2025-12-08T13:35:25.725+0000] {dag.py:2941} INFO - Sync 1 DAGs
[2025-12-08T13:35:25.742+0000] {logging_mixin.py:154} INFO - [2025-12-08T13:35:25.742+0000] {dag.py:3722} INFO - Setting next_dagrun for example_branch_dop_operator_v3 to 2025-12-08T13:34:00+00:00, run_after=2025-12-08T13:35:00+00:00
[2025-12-08T13:35:25.762+0000] {processor.py:179} INFO - Processing /home/airflow/.local/lib/python3.8/site-packages/airflow/example_dags/example_branch_python_dop_operator_3.py took 0.057 seconds
[2025-12-08T13:35:56.100+0000] {processor.py:157} INFO - Started process (PID=182) to work on /home/airflow/.local/lib/python3.8/site-packages/airflow/example_dags/example_branch_python_dop_operator_3.py
[2025-12-08T13:35:56.101+0000] {processor.py:829} INFO - Processing file /home/airflow/.local/lib/python3.8/site-packages/airflow/example_dags/example_branch_python_dop_operator_3.py for tasks to queue
[2025-12-08T13:35:56.102+0000] {logging_mixin.py:154} INFO - [2025-12-08T13:35:56.102+0000] {dagbag.py:536} INFO - Filling up the DagBag from /home/airflow/.local/lib/python3.8/site-packages/airflow/example_dags/example_branch_python_dop_operator_3.py
[2025-12-08T13:35:56.107+0000] {processor.py:839} INFO - DAG(s) dict_keys(['example_branch_dop_operator_v3']) retrieved from /home/airflow/.local/lib/python3.8/site-packages/airflow/example_dags/example_branch_python_dop_operator_3.py
[2025-12-08T13:35:56.123+0000] {logging_mixin.py:154} INFO - [2025-12-08T13:35:56.122+0000] {dag.py:2941} INFO - Sync 1 DAGs
[2025-12-08T13:35:56.138+0000] {logging_mixin.py:154} INFO - [2025-12-08T13:35:56.138+0000] {dag.py:3722} INFO - Setting next_dagrun for example_branch_dop_operator_v3 to 2025-12-08T13:34:00+00:00, run_after=2025-12-08T13:35:00+00:00
[2025-12-08T13:35:56.150+0000] {processor.py:179} INFO - Processing /home/airflow/.local/lib/python3.8/site-packages/airflow/example_dags/example_branch_python_dop_operator_3.py took 0.051 seconds
[2025-12-08T13:36:26.282+0000] {processor.py:157} INFO - Started process (PID=237) to work on /home/airflow/.local/lib/python3.8/site-packages/airflow/example_dags/example_branch_python_dop_operator_3.py
[2025-12-08T13:36:26.283+0000] {processor.py:829} INFO - Processing file /home/airflow/.local/lib/python3.8/site-packages/airflow/example_dags/example_branch_python_dop_operator_3.py for tasks to queue
[2025-12-08T13:36:26.284+0000] {logging_mixin.py:154} INFO - [2025-12-08T13:36:26.284+0000] {dagbag.py:536} INFO - Filling up the DagBag from /home/airflow/.local/lib/python3.8/site-packages/airflow/example_dags/example_branch_python_dop_operator_3.py
[2025-12-08T13:36:26.290+0000] {processor.py:839} INFO - DAG(s) dict_keys(['example_branch_dop_operator_v3']) retrieved from /home/airflow/.local/lib/python3.8/site-packages/airflow/example_dags/example_branch_python_dop_operator_3.py
[2025-12-08T13:36:26.307+0000] {logging_mixin.py:154} INFO - [2025-12-08T13:36:26.306+0000] {dag.py:2941} INFO - Sync 1 DAGs
[2025-12-08T13:36:26.326+0000] {logging_mixin.py:154} INFO - [2025-12-08T13:36:26.325+0000] {dag.py:3722} INFO - Setting next_dagrun for example_branch_dop_operator_v3 to 2025-12-08T13:35:00+00:00, run_after=2025-12-08T13:36:00+00:00
[2025-12-08T13:36:26.344+0000] {processor.py:179} INFO - Processing /home/airflow/.local/lib/python3.8/site-packages/airflow/example_dags/example_branch_python_dop_operator_3.py took 0.065 seconds
[2025-12-08T13:36:56.527+0000] {processor.py:157} INFO - Started process (PID=292) to work on /home/airflow/.local/lib/python3.8/site-packages/airflow/example_dags/example_branch_python_dop_operator_3.py
[2025-12-08T13:36:56.529+0000] {processor.py:829} INFO - Processing file /home/airflow/.local/lib/python3.8/site-packages/airflow/example_dags/example_branch_python_dop_operator_3.py for tasks to queue
[2025-12-08T13:36:56.530+0000] {logging_mixin.py:154} INFO - [2025-12-08T13:36:56.530+0000] {dagbag.py:536} INFO - Filling up the DagBag from /home/airflow/.local/lib/python3.8/site-packages/airflow/example_dags/example_branch_python_dop_operator_3.py
[2025-12-08T13:36:56.535+0000] {processor.py:839} INFO - DAG(s) dict_keys(['example_branch_dop_operator_v3']) retrieved from /home/airflow/.local/lib/python3.8/site-packages/airflow/example_dags/example_branch_python_dop_operator_3.py
[2025-12-08T13:36:56.546+0000] {logging_mixin.py:154} INFO - [2025-12-08T13:36:56.546+0000] {dag.py:2941} INFO - Sync 1 DAGs
[2025-12-08T13:36:56.561+0000] {logging_mixin.py:154} INFO - [2025-12-08T13:36:56.560+0000] {dag.py:3722} INFO - Setting next_dagrun for example_branch_dop_operator_v3 to 2025-12-08T13:35:00+00:00, run_after=2025-12-08T13:36:00+00:00
[2025-12-08T13:36:56.571+0000] {processor.py:179} INFO - Processing /home/airflow/.local/lib/python3.8/site-packages/airflow/example_dags/example_branch_python_dop_operator_3.py took 0.046 seconds
[2025-12-08T13:37:26.641+0000] {processor.py:157} INFO - Started process (PID=347) to work on /home/airflow/.local/lib/python3.8/site-packages/airflow/example_dags/example_branch_python_dop_operator_3.py
[2025-12-08T13:37:26.642+0000] {processor.py:829} INFO - Processing file /home/airflow/.local/lib/python3.8/site-packages/airflow/example_dags/example_branch_python_dop_operator_3.py for tasks to queue
[2025-12-08T13:37:26.643+0000] {logging_mixin.py:154} INFO - [2025-12-08T13:37:26.642+0000] {dagbag.py:536} INFO - Filling up the DagBag from /home/airflow/.local/lib/python3.8/site-packages/airflow/example_dags/example_branch_python_dop_operator_3.py
[2025-12-08T13:37:26.648+0000] {processor.py:839} INFO - DAG(s) dict_keys(['example_branch_dop_operator_v3']) retrieved from /home/airflow/.local/lib/python3.8/site-packages/airflow/example_dags/example_branch_python_dop_operator_3.py
[2025-12-08T13:37:26.662+0000] {logging_mixin.py:154} INFO - [2025-12-08T13:37:26.662+0000] {dag.py:2941} INFO - Sync 1 DAGs
[2025-12-08T13:37:26.679+0000] {logging_mixin.py:154} INFO - [2025-12-08T13:37:26.678+0000] {dag.py:3722} INFO - Setting next_dagrun for example_branch_dop_operator_v3 to 2025-12-08T13:36:00+00:00, run_after=2025-12-08T13:37:00+00:00
[2025-12-08T13:37:26.691+0000] {processor.py:179} INFO - Processing /home/airflow/.local/lib/python3.8/site-packages/airflow/example_dags/example_branch_python_dop_operator_3.py took 0.052 seconds
[2025-12-08T13:37:56.787+0000] {processor.py:157} INFO - Started process (PID=402) to work on /home/airflow/.local/lib/python3.8/site-packages/airflow/example_dags/example_branch_python_dop_operator_3.py
[2025-12-08T13:37:56.787+0000] {processor.py:829} INFO - Processing file /home/airflow/.local/lib/python3.8/site-packages/airflow/example_dags/example_branch_python_dop_operator_3.py for tasks to queue
[2025-12-08T13:37:56.788+0000] {logging_mixin.py:154} INFO - [2025-12-08T13:37:56.788+0000] {dagbag.py:536} INFO - Filling up the DagBag from /home/airflow/.local/lib/python3.8/site-packages/airflow/example_dags/example_branch_python_dop_operator_3.py
[2025-12-08T13:37:56.793+0000] {processor.py:839} INFO - DAG(s) dict_keys(['example_branch_dop_operator_v3']) retrieved from /home/airflow/.local/lib/python3.8/site-packages/airflow/example_dags/example_branch_python_dop_operator_3.py
[2025-12-08T13:37:56.805+0000] {logging_mixin.py:154} INFO - [2025-12-08T13:37:56.804+0000] {dag.py:2941} INFO - Sync 1 DAGs
[2025-12-08T13:37:56.819+0000] {logging_mixin.py:154} INFO - [2025-12-08T13:37:56.819+0000] {dag.py:3722} INFO - Setting next_dagrun for example_branch_dop_operator_v3 to 2025-12-08T13:36:00+00:00, run_after=2025-12-08T13:37:00+00:00
[2025-12-08T13:37:56.829+0000] {processor.py:179} INFO - Processing /home/airflow/.local/lib/python3.8/site-packages/airflow/example_dags/example_branch_python_dop_operator_3.py took 0.045 seconds
[2025-12-08T13:38:27.442+0000] {processor.py:157} INFO - Started process (PID=464) to work on /home/airflow/.local/lib/python3.8/site-packages/airflow/example_dags/example_branch_python_dop_operator_3.py
[2025-12-08T13:38:27.443+0000] {processor.py:829} INFO - Processing file /home/airflow/.local/lib/python3.8/site-packages/airflow/example_dags/example_branch_python_dop_operator_3.py for tasks to queue
[2025-12-08T13:38:27.445+0000] {logging_mixin.py:154} INFO - [2025-12-08T13:38:27.445+0000] {dagbag.py:536} INFO - Filling up the DagBag from /home/airflow/.local/lib/python3.8/site-packages/airflow/example_dags/example_branch_python_dop_operator_3.py
[2025-12-08T13:38:27.451+0000] {processor.py:839} INFO - DAG(s) dict_keys(['example_branch_dop_operator_v3']) retrieved from /home/airflow/.local/lib/python3.8/site-packages/airflow/example_dags/example_branch_python_dop_operator_3.py
[2025-12-08T13:38:27.468+0000] {logging_mixin.py:154} INFO - [2025-12-08T13:38:27.468+0000] {dag.py:2941} INFO - Sync 1 DAGs
[2025-12-08T13:38:27.484+0000] {logging_mixin.py:154} INFO - [2025-12-08T13:38:27.484+0000] {dag.py:3722} INFO - Setting next_dagrun for example_branch_dop_operator_v3 to 2025-12-08T13:37:00+00:00, run_after=2025-12-08T13:38:00+00:00
[2025-12-08T13:38:27.495+0000] {processor.py:179} INFO - Processing /home/airflow/.local/lib/python3.8/site-packages/airflow/example_dags/example_branch_python_dop_operator_3.py took 0.055 seconds
