[2025-12-08T13:34:55.274+0000] {processor.py:157} INFO - Started process (PID=74) to work on /home/airflow/.local/lib/python3.8/site-packages/airflow/example_dags/example_local_kubernetes_executor.py
[2025-12-08T13:34:55.275+0000] {processor.py:829} INFO - Processing file /home/airflow/.local/lib/python3.8/site-packages/airflow/example_dags/example_local_kubernetes_executor.py for tasks to queue
[2025-12-08T13:34:55.276+0000] {logging_mixin.py:154} INFO - [2025-12-08T13:34:55.276+0000] {dagbag.py:536} INFO - Filling up the DagBag from /home/airflow/.local/lib/python3.8/site-packages/airflow/example_dags/example_local_kubernetes_executor.py
[2025-12-08T13:34:55.285+0000] {processor.py:839} INFO - DAG(s) dict_keys(['example_local_kubernetes_executor']) retrieved from /home/airflow/.local/lib/python3.8/site-packages/airflow/example_dags/example_local_kubernetes_executor.py
[2025-12-08T13:34:55.295+0000] {logging_mixin.py:154} INFO - [2025-12-08T13:34:55.295+0000] {dag.py:2941} INFO - Sync 1 DAGs
[2025-12-08T13:34:55.303+0000] {logging_mixin.py:154} INFO - [2025-12-08T13:34:55.302+0000] {dag.py:3722} INFO - Setting next_dagrun for example_local_kubernetes_executor to None, run_after=None
[2025-12-08T13:34:55.319+0000] {processor.py:179} INFO - Processing /home/airflow/.local/lib/python3.8/site-packages/airflow/example_dags/example_local_kubernetes_executor.py took 0.048 seconds
[2025-12-08T13:35:26.093+0000] {processor.py:157} INFO - Started process (PID=137) to work on /home/airflow/.local/lib/python3.8/site-packages/airflow/example_dags/example_local_kubernetes_executor.py
[2025-12-08T13:35:26.094+0000] {processor.py:829} INFO - Processing file /home/airflow/.local/lib/python3.8/site-packages/airflow/example_dags/example_local_kubernetes_executor.py for tasks to queue
[2025-12-08T13:35:26.096+0000] {logging_mixin.py:154} INFO - [2025-12-08T13:35:26.096+0000] {dagbag.py:536} INFO - Filling up the DagBag from /home/airflow/.local/lib/python3.8/site-packages/airflow/example_dags/example_local_kubernetes_executor.py
[2025-12-08T13:35:26.103+0000] {processor.py:839} INFO - DAG(s) dict_keys(['example_local_kubernetes_executor']) retrieved from /home/airflow/.local/lib/python3.8/site-packages/airflow/example_dags/example_local_kubernetes_executor.py
[2025-12-08T13:35:26.124+0000] {logging_mixin.py:154} INFO - [2025-12-08T13:35:26.124+0000] {dag.py:2941} INFO - Sync 1 DAGs
[2025-12-08T13:35:26.132+0000] {logging_mixin.py:154} INFO - [2025-12-08T13:35:26.132+0000] {dag.py:3722} INFO - Setting next_dagrun for example_local_kubernetes_executor to None, run_after=None
[2025-12-08T13:35:26.144+0000] {processor.py:179} INFO - Processing /home/airflow/.local/lib/python3.8/site-packages/airflow/example_dags/example_local_kubernetes_executor.py took 0.053 seconds
[2025-12-08T13:35:56.563+0000] {processor.py:157} INFO - Started process (PID=192) to work on /home/airflow/.local/lib/python3.8/site-packages/airflow/example_dags/example_local_kubernetes_executor.py
[2025-12-08T13:35:56.564+0000] {processor.py:829} INFO - Processing file /home/airflow/.local/lib/python3.8/site-packages/airflow/example_dags/example_local_kubernetes_executor.py for tasks to queue
[2025-12-08T13:35:56.565+0000] {logging_mixin.py:154} INFO - [2025-12-08T13:35:56.565+0000] {dagbag.py:536} INFO - Filling up the DagBag from /home/airflow/.local/lib/python3.8/site-packages/airflow/example_dags/example_local_kubernetes_executor.py
[2025-12-08T13:35:56.569+0000] {processor.py:839} INFO - DAG(s) dict_keys(['example_local_kubernetes_executor']) retrieved from /home/airflow/.local/lib/python3.8/site-packages/airflow/example_dags/example_local_kubernetes_executor.py
[2025-12-08T13:35:56.596+0000] {logging_mixin.py:154} INFO - [2025-12-08T13:35:56.596+0000] {dag.py:2941} INFO - Sync 1 DAGs
[2025-12-08T13:35:56.605+0000] {logging_mixin.py:154} INFO - [2025-12-08T13:35:56.605+0000] {dag.py:3722} INFO - Setting next_dagrun for example_local_kubernetes_executor to None, run_after=None
[2025-12-08T13:35:56.626+0000] {processor.py:179} INFO - Processing /home/airflow/.local/lib/python3.8/site-packages/airflow/example_dags/example_local_kubernetes_executor.py took 0.064 seconds
[2025-12-08T13:36:26.816+0000] {processor.py:157} INFO - Started process (PID=253) to work on /home/airflow/.local/lib/python3.8/site-packages/airflow/example_dags/example_local_kubernetes_executor.py
[2025-12-08T13:36:26.831+0000] {processor.py:829} INFO - Processing file /home/airflow/.local/lib/python3.8/site-packages/airflow/example_dags/example_local_kubernetes_executor.py for tasks to queue
[2025-12-08T13:36:26.832+0000] {logging_mixin.py:154} INFO - [2025-12-08T13:36:26.832+0000] {dagbag.py:536} INFO - Filling up the DagBag from /home/airflow/.local/lib/python3.8/site-packages/airflow/example_dags/example_local_kubernetes_executor.py
[2025-12-08T13:36:26.837+0000] {processor.py:839} INFO - DAG(s) dict_keys(['example_local_kubernetes_executor']) retrieved from /home/airflow/.local/lib/python3.8/site-packages/airflow/example_dags/example_local_kubernetes_executor.py
[2025-12-08T13:36:26.859+0000] {logging_mixin.py:154} INFO - [2025-12-08T13:36:26.859+0000] {dag.py:2941} INFO - Sync 1 DAGs
[2025-12-08T13:36:26.866+0000] {logging_mixin.py:154} INFO - [2025-12-08T13:36:26.866+0000] {dag.py:3722} INFO - Setting next_dagrun for example_local_kubernetes_executor to None, run_after=None
[2025-12-08T13:36:26.883+0000] {processor.py:179} INFO - Processing /home/airflow/.local/lib/python3.8/site-packages/airflow/example_dags/example_local_kubernetes_executor.py took 0.070 seconds
[2025-12-08T13:36:57.040+0000] {processor.py:157} INFO - Started process (PID=309) to work on /home/airflow/.local/lib/python3.8/site-packages/airflow/example_dags/example_local_kubernetes_executor.py
[2025-12-08T13:36:57.041+0000] {processor.py:829} INFO - Processing file /home/airflow/.local/lib/python3.8/site-packages/airflow/example_dags/example_local_kubernetes_executor.py for tasks to queue
[2025-12-08T13:36:57.042+0000] {logging_mixin.py:154} INFO - [2025-12-08T13:36:57.042+0000] {dagbag.py:536} INFO - Filling up the DagBag from /home/airflow/.local/lib/python3.8/site-packages/airflow/example_dags/example_local_kubernetes_executor.py
[2025-12-08T13:36:57.047+0000] {processor.py:839} INFO - DAG(s) dict_keys(['example_local_kubernetes_executor']) retrieved from /home/airflow/.local/lib/python3.8/site-packages/airflow/example_dags/example_local_kubernetes_executor.py
[2025-12-08T13:36:57.070+0000] {logging_mixin.py:154} INFO - [2025-12-08T13:36:57.069+0000] {dag.py:2941} INFO - Sync 1 DAGs
[2025-12-08T13:36:57.077+0000] {logging_mixin.py:154} INFO - [2025-12-08T13:36:57.077+0000] {dag.py:3722} INFO - Setting next_dagrun for example_local_kubernetes_executor to None, run_after=None
[2025-12-08T13:36:57.087+0000] {processor.py:179} INFO - Processing /home/airflow/.local/lib/python3.8/site-packages/airflow/example_dags/example_local_kubernetes_executor.py took 0.048 seconds
[2025-12-08T13:37:28.003+0000] {processor.py:157} INFO - Started process (PID=364) to work on /home/airflow/.local/lib/python3.8/site-packages/airflow/example_dags/example_local_kubernetes_executor.py
[2025-12-08T13:37:28.004+0000] {processor.py:829} INFO - Processing file /home/airflow/.local/lib/python3.8/site-packages/airflow/example_dags/example_local_kubernetes_executor.py for tasks to queue
[2025-12-08T13:37:28.005+0000] {logging_mixin.py:154} INFO - [2025-12-08T13:37:28.005+0000] {dagbag.py:536} INFO - Filling up the DagBag from /home/airflow/.local/lib/python3.8/site-packages/airflow/example_dags/example_local_kubernetes_executor.py
[2025-12-08T13:37:28.009+0000] {processor.py:839} INFO - DAG(s) dict_keys(['example_local_kubernetes_executor']) retrieved from /home/airflow/.local/lib/python3.8/site-packages/airflow/example_dags/example_local_kubernetes_executor.py
[2025-12-08T13:37:28.030+0000] {logging_mixin.py:154} INFO - [2025-12-08T13:37:28.030+0000] {dag.py:2941} INFO - Sync 1 DAGs
[2025-12-08T13:37:28.038+0000] {logging_mixin.py:154} INFO - [2025-12-08T13:37:28.038+0000] {dag.py:3722} INFO - Setting next_dagrun for example_local_kubernetes_executor to None, run_after=None
[2025-12-08T13:37:28.050+0000] {processor.py:179} INFO - Processing /home/airflow/.local/lib/python3.8/site-packages/airflow/example_dags/example_local_kubernetes_executor.py took 0.049 seconds
[2025-12-08T13:37:58.153+0000] {processor.py:157} INFO - Started process (PID=419) to work on /home/airflow/.local/lib/python3.8/site-packages/airflow/example_dags/example_local_kubernetes_executor.py
[2025-12-08T13:37:58.153+0000] {processor.py:829} INFO - Processing file /home/airflow/.local/lib/python3.8/site-packages/airflow/example_dags/example_local_kubernetes_executor.py for tasks to queue
[2025-12-08T13:37:58.155+0000] {logging_mixin.py:154} INFO - [2025-12-08T13:37:58.154+0000] {dagbag.py:536} INFO - Filling up the DagBag from /home/airflow/.local/lib/python3.8/site-packages/airflow/example_dags/example_local_kubernetes_executor.py
[2025-12-08T13:37:58.159+0000] {processor.py:839} INFO - DAG(s) dict_keys(['example_local_kubernetes_executor']) retrieved from /home/airflow/.local/lib/python3.8/site-packages/airflow/example_dags/example_local_kubernetes_executor.py
[2025-12-08T13:37:58.179+0000] {logging_mixin.py:154} INFO - [2025-12-08T13:37:58.179+0000] {dag.py:2941} INFO - Sync 1 DAGs
[2025-12-08T13:37:58.186+0000] {logging_mixin.py:154} INFO - [2025-12-08T13:37:58.186+0000] {dag.py:3722} INFO - Setting next_dagrun for example_local_kubernetes_executor to None, run_after=None
[2025-12-08T13:37:58.197+0000] {processor.py:179} INFO - Processing /home/airflow/.local/lib/python3.8/site-packages/airflow/example_dags/example_local_kubernetes_executor.py took 0.046 seconds
[2025-12-08T13:38:28.835+0000] {processor.py:157} INFO - Started process (PID=474) to work on /home/airflow/.local/lib/python3.8/site-packages/airflow/example_dags/example_local_kubernetes_executor.py
[2025-12-08T13:38:28.835+0000] {processor.py:829} INFO - Processing file /home/airflow/.local/lib/python3.8/site-packages/airflow/example_dags/example_local_kubernetes_executor.py for tasks to queue
[2025-12-08T13:38:28.836+0000] {logging_mixin.py:154} INFO - [2025-12-08T13:38:28.836+0000] {dagbag.py:536} INFO - Filling up the DagBag from /home/airflow/.local/lib/python3.8/site-packages/airflow/example_dags/example_local_kubernetes_executor.py
[2025-12-08T13:38:28.840+0000] {processor.py:839} INFO - DAG(s) dict_keys(['example_local_kubernetes_executor']) retrieved from /home/airflow/.local/lib/python3.8/site-packages/airflow/example_dags/example_local_kubernetes_executor.py
[2025-12-08T13:38:28.860+0000] {logging_mixin.py:154} INFO - [2025-12-08T13:38:28.860+0000] {dag.py:2941} INFO - Sync 1 DAGs
[2025-12-08T13:38:28.867+0000] {logging_mixin.py:154} INFO - [2025-12-08T13:38:28.867+0000] {dag.py:3722} INFO - Setting next_dagrun for example_local_kubernetes_executor to None, run_after=None
[2025-12-08T13:38:28.880+0000] {processor.py:179} INFO - Processing /home/airflow/.local/lib/python3.8/site-packages/airflow/example_dags/example_local_kubernetes_executor.py took 0.047 seconds
