[2025-12-08T13:34:55.414+0000] {processor.py:157} INFO - Started process (PID=79) to work on /home/airflow/.local/lib/python3.8/site-packages/airflow/example_dags/example_python_operator.py
[2025-12-08T13:34:55.415+0000] {processor.py:829} INFO - Processing file /home/airflow/.local/lib/python3.8/site-packages/airflow/example_dags/example_python_operator.py for tasks to queue
[2025-12-08T13:34:55.416+0000] {logging_mixin.py:154} INFO - [2025-12-08T13:34:55.416+0000] {dagbag.py:536} INFO - Filling up the DagBag from /home/airflow/.local/lib/python3.8/site-packages/airflow/example_dags/example_python_operator.py
[2025-12-08T13:34:55.423+0000] {processor.py:839} INFO - DAG(s) dict_keys(['example_python_operator']) retrieved from /home/airflow/.local/lib/python3.8/site-packages/airflow/example_dags/example_python_operator.py
[2025-12-08T13:34:55.430+0000] {logging_mixin.py:154} INFO - [2025-12-08T13:34:55.430+0000] {dag.py:2941} INFO - Sync 1 DAGs
[2025-12-08T13:34:55.438+0000] {logging_mixin.py:154} INFO - [2025-12-08T13:34:55.438+0000] {dag.py:3722} INFO - Setting next_dagrun for example_python_operator to None, run_after=None
[2025-12-08T13:34:55.450+0000] {processor.py:179} INFO - Processing /home/airflow/.local/lib/python3.8/site-packages/airflow/example_dags/example_python_operator.py took 0.038 seconds
[2025-12-08T13:35:26.321+0000] {processor.py:157} INFO - Started process (PID=142) to work on /home/airflow/.local/lib/python3.8/site-packages/airflow/example_dags/example_python_operator.py
[2025-12-08T13:35:26.321+0000] {processor.py:829} INFO - Processing file /home/airflow/.local/lib/python3.8/site-packages/airflow/example_dags/example_python_operator.py for tasks to queue
[2025-12-08T13:35:26.322+0000] {logging_mixin.py:154} INFO - [2025-12-08T13:35:26.322+0000] {dagbag.py:536} INFO - Filling up the DagBag from /home/airflow/.local/lib/python3.8/site-packages/airflow/example_dags/example_python_operator.py
[2025-12-08T13:35:26.337+0000] {processor.py:839} INFO - DAG(s) dict_keys(['example_python_operator']) retrieved from /home/airflow/.local/lib/python3.8/site-packages/airflow/example_dags/example_python_operator.py
[2025-12-08T13:35:26.405+0000] {logging_mixin.py:154} INFO - [2025-12-08T13:35:26.405+0000] {dag.py:2941} INFO - Sync 1 DAGs
[2025-12-08T13:35:26.412+0000] {logging_mixin.py:154} INFO - [2025-12-08T13:35:26.412+0000] {dag.py:3722} INFO - Setting next_dagrun for example_python_operator to None, run_after=None
[2025-12-08T13:35:26.436+0000] {processor.py:179} INFO - Processing /home/airflow/.local/lib/python3.8/site-packages/airflow/example_dags/example_python_operator.py took 0.117 seconds
[2025-12-08T13:35:56.807+0000] {processor.py:157} INFO - Started process (PID=204) to work on /home/airflow/.local/lib/python3.8/site-packages/airflow/example_dags/example_python_operator.py
[2025-12-08T13:35:56.808+0000] {processor.py:829} INFO - Processing file /home/airflow/.local/lib/python3.8/site-packages/airflow/example_dags/example_python_operator.py for tasks to queue
[2025-12-08T13:35:56.809+0000] {logging_mixin.py:154} INFO - [2025-12-08T13:35:56.809+0000] {dagbag.py:536} INFO - Filling up the DagBag from /home/airflow/.local/lib/python3.8/site-packages/airflow/example_dags/example_python_operator.py
[2025-12-08T13:35:56.815+0000] {processor.py:839} INFO - DAG(s) dict_keys(['example_python_operator']) retrieved from /home/airflow/.local/lib/python3.8/site-packages/airflow/example_dags/example_python_operator.py
[2025-12-08T13:35:56.829+0000] {logging_mixin.py:154} INFO - [2025-12-08T13:35:56.828+0000] {dag.py:2941} INFO - Sync 1 DAGs
[2025-12-08T13:35:56.836+0000] {logging_mixin.py:154} INFO - [2025-12-08T13:35:56.836+0000] {dag.py:3722} INFO - Setting next_dagrun for example_python_operator to None, run_after=None
[2025-12-08T13:35:56.861+0000] {processor.py:179} INFO - Processing /home/airflow/.local/lib/python3.8/site-packages/airflow/example_dags/example_python_operator.py took 0.056 seconds
[2025-12-08T13:36:27.089+0000] {processor.py:157} INFO - Started process (PID=259) to work on /home/airflow/.local/lib/python3.8/site-packages/airflow/example_dags/example_python_operator.py
[2025-12-08T13:36:27.089+0000] {processor.py:829} INFO - Processing file /home/airflow/.local/lib/python3.8/site-packages/airflow/example_dags/example_python_operator.py for tasks to queue
[2025-12-08T13:36:27.090+0000] {logging_mixin.py:154} INFO - [2025-12-08T13:36:27.090+0000] {dagbag.py:536} INFO - Filling up the DagBag from /home/airflow/.local/lib/python3.8/site-packages/airflow/example_dags/example_python_operator.py
[2025-12-08T13:36:27.096+0000] {processor.py:839} INFO - DAG(s) dict_keys(['example_python_operator']) retrieved from /home/airflow/.local/lib/python3.8/site-packages/airflow/example_dags/example_python_operator.py
[2025-12-08T13:36:27.112+0000] {logging_mixin.py:154} INFO - [2025-12-08T13:36:27.111+0000] {dag.py:2941} INFO - Sync 1 DAGs
[2025-12-08T13:36:27.119+0000] {logging_mixin.py:154} INFO - [2025-12-08T13:36:27.119+0000] {dag.py:3722} INFO - Setting next_dagrun for example_python_operator to None, run_after=None
[2025-12-08T13:36:27.146+0000] {processor.py:179} INFO - Processing /home/airflow/.local/lib/python3.8/site-packages/airflow/example_dags/example_python_operator.py took 0.059 seconds
[2025-12-08T13:36:57.299+0000] {processor.py:157} INFO - Started process (PID=314) to work on /home/airflow/.local/lib/python3.8/site-packages/airflow/example_dags/example_python_operator.py
[2025-12-08T13:36:57.300+0000] {processor.py:829} INFO - Processing file /home/airflow/.local/lib/python3.8/site-packages/airflow/example_dags/example_python_operator.py for tasks to queue
[2025-12-08T13:36:57.301+0000] {logging_mixin.py:154} INFO - [2025-12-08T13:36:57.301+0000] {dagbag.py:536} INFO - Filling up the DagBag from /home/airflow/.local/lib/python3.8/site-packages/airflow/example_dags/example_python_operator.py
[2025-12-08T13:36:57.307+0000] {processor.py:839} INFO - DAG(s) dict_keys(['example_python_operator']) retrieved from /home/airflow/.local/lib/python3.8/site-packages/airflow/example_dags/example_python_operator.py
[2025-12-08T13:36:57.323+0000] {logging_mixin.py:154} INFO - [2025-12-08T13:36:57.322+0000] {dag.py:2941} INFO - Sync 1 DAGs
[2025-12-08T13:36:57.330+0000] {logging_mixin.py:154} INFO - [2025-12-08T13:36:57.330+0000] {dag.py:3722} INFO - Setting next_dagrun for example_python_operator to None, run_after=None
[2025-12-08T13:36:57.341+0000] {processor.py:179} INFO - Processing /home/airflow/.local/lib/python3.8/site-packages/airflow/example_dags/example_python_operator.py took 0.044 seconds
[2025-12-08T13:37:28.201+0000] {processor.py:157} INFO - Started process (PID=369) to work on /home/airflow/.local/lib/python3.8/site-packages/airflow/example_dags/example_python_operator.py
[2025-12-08T13:37:28.202+0000] {processor.py:829} INFO - Processing file /home/airflow/.local/lib/python3.8/site-packages/airflow/example_dags/example_python_operator.py for tasks to queue
[2025-12-08T13:37:28.203+0000] {logging_mixin.py:154} INFO - [2025-12-08T13:37:28.203+0000] {dagbag.py:536} INFO - Filling up the DagBag from /home/airflow/.local/lib/python3.8/site-packages/airflow/example_dags/example_python_operator.py
[2025-12-08T13:37:28.209+0000] {processor.py:839} INFO - DAG(s) dict_keys(['example_python_operator']) retrieved from /home/airflow/.local/lib/python3.8/site-packages/airflow/example_dags/example_python_operator.py
[2025-12-08T13:37:28.233+0000] {logging_mixin.py:154} INFO - [2025-12-08T13:37:28.232+0000] {dag.py:2941} INFO - Sync 1 DAGs
[2025-12-08T13:37:28.241+0000] {logging_mixin.py:154} INFO - [2025-12-08T13:37:28.241+0000] {dag.py:3722} INFO - Setting next_dagrun for example_python_operator to None, run_after=None
[2025-12-08T13:37:28.252+0000] {processor.py:179} INFO - Processing /home/airflow/.local/lib/python3.8/site-packages/airflow/example_dags/example_python_operator.py took 0.053 seconds
[2025-12-08T13:37:58.324+0000] {processor.py:157} INFO - Started process (PID=424) to work on /home/airflow/.local/lib/python3.8/site-packages/airflow/example_dags/example_python_operator.py
[2025-12-08T13:37:58.326+0000] {processor.py:829} INFO - Processing file /home/airflow/.local/lib/python3.8/site-packages/airflow/example_dags/example_python_operator.py for tasks to queue
[2025-12-08T13:37:58.327+0000] {logging_mixin.py:154} INFO - [2025-12-08T13:37:58.327+0000] {dagbag.py:536} INFO - Filling up the DagBag from /home/airflow/.local/lib/python3.8/site-packages/airflow/example_dags/example_python_operator.py
[2025-12-08T13:37:58.332+0000] {processor.py:839} INFO - DAG(s) dict_keys(['example_python_operator']) retrieved from /home/airflow/.local/lib/python3.8/site-packages/airflow/example_dags/example_python_operator.py
[2025-12-08T13:37:58.349+0000] {logging_mixin.py:154} INFO - [2025-12-08T13:37:58.349+0000] {dag.py:2941} INFO - Sync 1 DAGs
[2025-12-08T13:37:58.356+0000] {logging_mixin.py:154} INFO - [2025-12-08T13:37:58.356+0000] {dag.py:3722} INFO - Setting next_dagrun for example_python_operator to None, run_after=None
[2025-12-08T13:37:58.367+0000] {processor.py:179} INFO - Processing /home/airflow/.local/lib/python3.8/site-packages/airflow/example_dags/example_python_operator.py took 0.045 seconds
[2025-12-08T13:38:29.004+0000] {processor.py:157} INFO - Started process (PID=479) to work on /home/airflow/.local/lib/python3.8/site-packages/airflow/example_dags/example_python_operator.py
[2025-12-08T13:38:29.004+0000] {processor.py:829} INFO - Processing file /home/airflow/.local/lib/python3.8/site-packages/airflow/example_dags/example_python_operator.py for tasks to queue
[2025-12-08T13:38:29.005+0000] {logging_mixin.py:154} INFO - [2025-12-08T13:38:29.005+0000] {dagbag.py:536} INFO - Filling up the DagBag from /home/airflow/.local/lib/python3.8/site-packages/airflow/example_dags/example_python_operator.py
[2025-12-08T13:38:29.011+0000] {processor.py:839} INFO - DAG(s) dict_keys(['example_python_operator']) retrieved from /home/airflow/.local/lib/python3.8/site-packages/airflow/example_dags/example_python_operator.py
[2025-12-08T13:38:29.027+0000] {logging_mixin.py:154} INFO - [2025-12-08T13:38:29.027+0000] {dag.py:2941} INFO - Sync 1 DAGs
[2025-12-08T13:38:29.035+0000] {logging_mixin.py:154} INFO - [2025-12-08T13:38:29.035+0000] {dag.py:3722} INFO - Setting next_dagrun for example_python_operator to None, run_after=None
[2025-12-08T13:38:29.045+0000] {processor.py:179} INFO - Processing /home/airflow/.local/lib/python3.8/site-packages/airflow/example_dags/example_python_operator.py took 0.044 seconds
