[2025-12-08T13:34:54.674+0000] {processor.py:157} INFO - Started process (PID=60) to work on /home/airflow/.local/lib/python3.8/site-packages/airflow/example_dags/example_branch_day_of_week_operator.py
[2025-12-08T13:34:54.675+0000] {processor.py:829} INFO - Processing file /home/airflow/.local/lib/python3.8/site-packages/airflow/example_dags/example_branch_day_of_week_operator.py for tasks to queue
[2025-12-08T13:34:54.676+0000] {logging_mixin.py:154} INFO - [2025-12-08T13:34:54.676+0000] {dagbag.py:536} INFO - Filling up the DagBag from /home/airflow/.local/lib/python3.8/site-packages/airflow/example_dags/example_branch_day_of_week_operator.py
[2025-12-08T13:34:54.686+0000] {processor.py:839} INFO - DAG(s) dict_keys(['example_weekday_branch_operator']) retrieved from /home/airflow/.local/lib/python3.8/site-packages/airflow/example_dags/example_branch_day_of_week_operator.py
[2025-12-08T13:34:54.694+0000] {logging_mixin.py:154} INFO - [2025-12-08T13:34:54.694+0000] {dag.py:2941} INFO - Sync 1 DAGs
[2025-12-08T13:34:54.713+0000] {logging_mixin.py:154} INFO - [2025-12-08T13:34:54.712+0000] {dag.py:3722} INFO - Setting next_dagrun for example_weekday_branch_operator to 2025-12-07T00:00:00+00:00, run_after=2025-12-08T00:00:00+00:00
[2025-12-08T13:34:54.733+0000] {processor.py:179} INFO - Processing /home/airflow/.local/lib/python3.8/site-packages/airflow/example_dags/example_branch_day_of_week_operator.py took 0.062 seconds
[2025-12-08T13:35:25.557+0000] {processor.py:157} INFO - Started process (PID=123) to work on /home/airflow/.local/lib/python3.8/site-packages/airflow/example_dags/example_branch_day_of_week_operator.py
[2025-12-08T13:35:25.558+0000] {processor.py:829} INFO - Processing file /home/airflow/.local/lib/python3.8/site-packages/airflow/example_dags/example_branch_day_of_week_operator.py for tasks to queue
[2025-12-08T13:35:25.559+0000] {logging_mixin.py:154} INFO - [2025-12-08T13:35:25.559+0000] {dagbag.py:536} INFO - Filling up the DagBag from /home/airflow/.local/lib/python3.8/site-packages/airflow/example_dags/example_branch_day_of_week_operator.py
[2025-12-08T13:35:25.563+0000] {processor.py:839} INFO - DAG(s) dict_keys(['example_weekday_branch_operator']) retrieved from /home/airflow/.local/lib/python3.8/site-packages/airflow/example_dags/example_branch_day_of_week_operator.py
[2025-12-08T13:35:25.577+0000] {logging_mixin.py:154} INFO - [2025-12-08T13:35:25.577+0000] {dag.py:2941} INFO - Sync 1 DAGs
[2025-12-08T13:35:25.590+0000] {logging_mixin.py:154} INFO - [2025-12-08T13:35:25.590+0000] {dag.py:3722} INFO - Setting next_dagrun for example_weekday_branch_operator to 2025-12-07T00:00:00+00:00, run_after=2025-12-08T00:00:00+00:00
[2025-12-08T13:35:25.615+0000] {processor.py:179} INFO - Processing /home/airflow/.local/lib/python3.8/site-packages/airflow/example_dags/example_branch_day_of_week_operator.py took 0.060 seconds
[2025-12-08T13:35:55.950+0000] {processor.py:157} INFO - Started process (PID=178) to work on /home/airflow/.local/lib/python3.8/site-packages/airflow/example_dags/example_branch_day_of_week_operator.py
[2025-12-08T13:35:55.951+0000] {processor.py:829} INFO - Processing file /home/airflow/.local/lib/python3.8/site-packages/airflow/example_dags/example_branch_day_of_week_operator.py for tasks to queue
[2025-12-08T13:35:55.953+0000] {logging_mixin.py:154} INFO - [2025-12-08T13:35:55.952+0000] {dagbag.py:536} INFO - Filling up the DagBag from /home/airflow/.local/lib/python3.8/site-packages/airflow/example_dags/example_branch_day_of_week_operator.py
[2025-12-08T13:35:55.957+0000] {processor.py:839} INFO - DAG(s) dict_keys(['example_weekday_branch_operator']) retrieved from /home/airflow/.local/lib/python3.8/site-packages/airflow/example_dags/example_branch_day_of_week_operator.py
[2025-12-08T13:35:55.971+0000] {logging_mixin.py:154} INFO - [2025-12-08T13:35:55.971+0000] {dag.py:2941} INFO - Sync 1 DAGs
[2025-12-08T13:35:55.985+0000] {logging_mixin.py:154} INFO - [2025-12-08T13:35:55.985+0000] {dag.py:3722} INFO - Setting next_dagrun for example_weekday_branch_operator to 2025-12-07T00:00:00+00:00, run_after=2025-12-08T00:00:00+00:00
[2025-12-08T13:35:56.013+0000] {processor.py:179} INFO - Processing /home/airflow/.local/lib/python3.8/site-packages/airflow/example_dags/example_branch_day_of_week_operator.py took 0.066 seconds
[2025-12-08T13:36:26.071+0000] {processor.py:157} INFO - Started process (PID=233) to work on /home/airflow/.local/lib/python3.8/site-packages/airflow/example_dags/example_branch_day_of_week_operator.py
[2025-12-08T13:36:26.072+0000] {processor.py:829} INFO - Processing file /home/airflow/.local/lib/python3.8/site-packages/airflow/example_dags/example_branch_day_of_week_operator.py for tasks to queue
[2025-12-08T13:36:26.073+0000] {logging_mixin.py:154} INFO - [2025-12-08T13:36:26.073+0000] {dagbag.py:536} INFO - Filling up the DagBag from /home/airflow/.local/lib/python3.8/site-packages/airflow/example_dags/example_branch_day_of_week_operator.py
[2025-12-08T13:36:26.077+0000] {processor.py:839} INFO - DAG(s) dict_keys(['example_weekday_branch_operator']) retrieved from /home/airflow/.local/lib/python3.8/site-packages/airflow/example_dags/example_branch_day_of_week_operator.py
[2025-12-08T13:36:26.092+0000] {logging_mixin.py:154} INFO - [2025-12-08T13:36:26.092+0000] {dag.py:2941} INFO - Sync 1 DAGs
[2025-12-08T13:36:26.105+0000] {logging_mixin.py:154} INFO - [2025-12-08T13:36:26.105+0000] {dag.py:3722} INFO - Setting next_dagrun for example_weekday_branch_operator to 2025-12-07T00:00:00+00:00, run_after=2025-12-08T00:00:00+00:00
[2025-12-08T13:36:26.129+0000] {processor.py:179} INFO - Processing /home/airflow/.local/lib/python3.8/site-packages/airflow/example_dags/example_branch_day_of_week_operator.py took 0.059 seconds
[2025-12-08T13:36:56.412+0000] {processor.py:157} INFO - Started process (PID=288) to work on /home/airflow/.local/lib/python3.8/site-packages/airflow/example_dags/example_branch_day_of_week_operator.py
[2025-12-08T13:36:56.413+0000] {processor.py:829} INFO - Processing file /home/airflow/.local/lib/python3.8/site-packages/airflow/example_dags/example_branch_day_of_week_operator.py for tasks to queue
[2025-12-08T13:36:56.414+0000] {logging_mixin.py:154} INFO - [2025-12-08T13:36:56.414+0000] {dagbag.py:536} INFO - Filling up the DagBag from /home/airflow/.local/lib/python3.8/site-packages/airflow/example_dags/example_branch_day_of_week_operator.py
[2025-12-08T13:36:56.419+0000] {processor.py:839} INFO - DAG(s) dict_keys(['example_weekday_branch_operator']) retrieved from /home/airflow/.local/lib/python3.8/site-packages/airflow/example_dags/example_branch_day_of_week_operator.py
[2025-12-08T13:36:56.430+0000] {logging_mixin.py:154} INFO - [2025-12-08T13:36:56.430+0000] {dag.py:2941} INFO - Sync 1 DAGs
[2025-12-08T13:36:56.443+0000] {logging_mixin.py:154} INFO - [2025-12-08T13:36:56.443+0000] {dag.py:3722} INFO - Setting next_dagrun for example_weekday_branch_operator to 2025-12-07T00:00:00+00:00, run_after=2025-12-08T00:00:00+00:00
[2025-12-08T13:36:56.454+0000] {processor.py:179} INFO - Processing /home/airflow/.local/lib/python3.8/site-packages/airflow/example_dags/example_branch_day_of_week_operator.py took 0.043 seconds
[2025-12-08T13:37:26.518+0000] {processor.py:157} INFO - Started process (PID=343) to work on /home/airflow/.local/lib/python3.8/site-packages/airflow/example_dags/example_branch_day_of_week_operator.py
[2025-12-08T13:37:26.519+0000] {processor.py:829} INFO - Processing file /home/airflow/.local/lib/python3.8/site-packages/airflow/example_dags/example_branch_day_of_week_operator.py for tasks to queue
[2025-12-08T13:37:26.521+0000] {logging_mixin.py:154} INFO - [2025-12-08T13:37:26.520+0000] {dagbag.py:536} INFO - Filling up the DagBag from /home/airflow/.local/lib/python3.8/site-packages/airflow/example_dags/example_branch_day_of_week_operator.py
[2025-12-08T13:37:26.525+0000] {processor.py:839} INFO - DAG(s) dict_keys(['example_weekday_branch_operator']) retrieved from /home/airflow/.local/lib/python3.8/site-packages/airflow/example_dags/example_branch_day_of_week_operator.py
[2025-12-08T13:37:26.541+0000] {logging_mixin.py:154} INFO - [2025-12-08T13:37:26.540+0000] {dag.py:2941} INFO - Sync 1 DAGs
[2025-12-08T13:37:26.559+0000] {logging_mixin.py:154} INFO - [2025-12-08T13:37:26.559+0000] {dag.py:3722} INFO - Setting next_dagrun for example_weekday_branch_operator to 2025-12-07T00:00:00+00:00, run_after=2025-12-08T00:00:00+00:00
[2025-12-08T13:37:26.573+0000] {processor.py:179} INFO - Processing /home/airflow/.local/lib/python3.8/site-packages/airflow/example_dags/example_branch_day_of_week_operator.py took 0.058 seconds
[2025-12-08T13:37:56.617+0000] {processor.py:157} INFO - Started process (PID=398) to work on /home/airflow/.local/lib/python3.8/site-packages/airflow/example_dags/example_branch_day_of_week_operator.py
[2025-12-08T13:37:56.618+0000] {processor.py:829} INFO - Processing file /home/airflow/.local/lib/python3.8/site-packages/airflow/example_dags/example_branch_day_of_week_operator.py for tasks to queue
[2025-12-08T13:37:56.619+0000] {logging_mixin.py:154} INFO - [2025-12-08T13:37:56.619+0000] {dagbag.py:536} INFO - Filling up the DagBag from /home/airflow/.local/lib/python3.8/site-packages/airflow/example_dags/example_branch_day_of_week_operator.py
[2025-12-08T13:37:56.624+0000] {processor.py:839} INFO - DAG(s) dict_keys(['example_weekday_branch_operator']) retrieved from /home/airflow/.local/lib/python3.8/site-packages/airflow/example_dags/example_branch_day_of_week_operator.py
[2025-12-08T13:37:56.637+0000] {logging_mixin.py:154} INFO - [2025-12-08T13:37:56.637+0000] {dag.py:2941} INFO - Sync 1 DAGs
[2025-12-08T13:37:56.650+0000] {logging_mixin.py:154} INFO - [2025-12-08T13:37:56.650+0000] {dag.py:3722} INFO - Setting next_dagrun for example_weekday_branch_operator to 2025-12-07T00:00:00+00:00, run_after=2025-12-08T00:00:00+00:00
[2025-12-08T13:37:56.662+0000] {processor.py:179} INFO - Processing /home/airflow/.local/lib/python3.8/site-packages/airflow/example_dags/example_branch_day_of_week_operator.py took 0.047 seconds
[2025-12-08T13:38:27.248+0000] {processor.py:157} INFO - Started process (PID=460) to work on /home/airflow/.local/lib/python3.8/site-packages/airflow/example_dags/example_branch_day_of_week_operator.py
[2025-12-08T13:38:27.249+0000] {processor.py:829} INFO - Processing file /home/airflow/.local/lib/python3.8/site-packages/airflow/example_dags/example_branch_day_of_week_operator.py for tasks to queue
[2025-12-08T13:38:27.250+0000] {logging_mixin.py:154} INFO - [2025-12-08T13:38:27.250+0000] {dagbag.py:536} INFO - Filling up the DagBag from /home/airflow/.local/lib/python3.8/site-packages/airflow/example_dags/example_branch_day_of_week_operator.py
[2025-12-08T13:38:27.254+0000] {processor.py:839} INFO - DAG(s) dict_keys(['example_weekday_branch_operator']) retrieved from /home/airflow/.local/lib/python3.8/site-packages/airflow/example_dags/example_branch_day_of_week_operator.py
[2025-12-08T13:38:27.266+0000] {logging_mixin.py:154} INFO - [2025-12-08T13:38:27.266+0000] {dag.py:2941} INFO - Sync 1 DAGs
[2025-12-08T13:38:27.279+0000] {logging_mixin.py:154} INFO - [2025-12-08T13:38:27.279+0000] {dag.py:3722} INFO - Setting next_dagrun for example_weekday_branch_operator to 2025-12-07T00:00:00+00:00, run_after=2025-12-08T00:00:00+00:00
[2025-12-08T13:38:27.290+0000] {processor.py:179} INFO - Processing /home/airflow/.local/lib/python3.8/site-packages/airflow/example_dags/example_branch_day_of_week_operator.py took 0.044 seconds
