[2025-12-08T13:34:55.529+0000] {processor.py:157} INFO - Started process (PID=81) to work on /home/airflow/.local/lib/python3.8/site-packages/airflow/example_dags/example_sensors.py
[2025-12-08T13:34:55.529+0000] {processor.py:829} INFO - Processing file /home/airflow/.local/lib/python3.8/site-packages/airflow/example_dags/example_sensors.py for tasks to queue
[2025-12-08T13:34:55.531+0000] {logging_mixin.py:154} INFO - [2025-12-08T13:34:55.531+0000] {dagbag.py:536} INFO - Filling up the DagBag from /home/airflow/.local/lib/python3.8/site-packages/airflow/example_dags/example_sensors.py
[2025-12-08T13:34:55.539+0000] {processor.py:839} INFO - DAG(s) dict_keys(['example_sensors']) retrieved from /home/airflow/.local/lib/python3.8/site-packages/airflow/example_dags/example_sensors.py
[2025-12-08T13:34:55.548+0000] {logging_mixin.py:154} INFO - [2025-12-08T13:34:55.548+0000] {dag.py:2941} INFO - Sync 1 DAGs
[2025-12-08T13:34:55.556+0000] {logging_mixin.py:154} INFO - [2025-12-08T13:34:55.556+0000] {dag.py:3722} INFO - Setting next_dagrun for example_sensors to None, run_after=None
[2025-12-08T13:34:55.568+0000] {processor.py:179} INFO - Processing /home/airflow/.local/lib/python3.8/site-packages/airflow/example_dags/example_sensors.py took 0.041 seconds
[2025-12-08T13:35:26.448+0000] {processor.py:157} INFO - Started process (PID=144) to work on /home/airflow/.local/lib/python3.8/site-packages/airflow/example_dags/example_sensors.py
[2025-12-08T13:35:26.449+0000] {processor.py:829} INFO - Processing file /home/airflow/.local/lib/python3.8/site-packages/airflow/example_dags/example_sensors.py for tasks to queue
[2025-12-08T13:35:26.450+0000] {logging_mixin.py:154} INFO - [2025-12-08T13:35:26.450+0000] {dagbag.py:536} INFO - Filling up the DagBag from /home/airflow/.local/lib/python3.8/site-packages/airflow/example_dags/example_sensors.py
[2025-12-08T13:35:26.455+0000] {processor.py:839} INFO - DAG(s) dict_keys(['example_sensors']) retrieved from /home/airflow/.local/lib/python3.8/site-packages/airflow/example_dags/example_sensors.py
[2025-12-08T13:35:26.472+0000] {logging_mixin.py:154} INFO - [2025-12-08T13:35:26.472+0000] {dag.py:2941} INFO - Sync 1 DAGs
[2025-12-08T13:35:26.479+0000] {logging_mixin.py:154} INFO - [2025-12-08T13:35:26.479+0000] {dag.py:3722} INFO - Setting next_dagrun for example_sensors to None, run_after=None
[2025-12-08T13:35:26.504+0000] {processor.py:179} INFO - Processing /home/airflow/.local/lib/python3.8/site-packages/airflow/example_dags/example_sensors.py took 0.057 seconds
[2025-12-08T13:35:56.875+0000] {processor.py:157} INFO - Started process (PID=206) to work on /home/airflow/.local/lib/python3.8/site-packages/airflow/example_dags/example_sensors.py
[2025-12-08T13:35:56.876+0000] {processor.py:829} INFO - Processing file /home/airflow/.local/lib/python3.8/site-packages/airflow/example_dags/example_sensors.py for tasks to queue
[2025-12-08T13:35:56.877+0000] {logging_mixin.py:154} INFO - [2025-12-08T13:35:56.877+0000] {dagbag.py:536} INFO - Filling up the DagBag from /home/airflow/.local/lib/python3.8/site-packages/airflow/example_dags/example_sensors.py
[2025-12-08T13:35:56.882+0000] {processor.py:839} INFO - DAG(s) dict_keys(['example_sensors']) retrieved from /home/airflow/.local/lib/python3.8/site-packages/airflow/example_dags/example_sensors.py
[2025-12-08T13:35:56.900+0000] {logging_mixin.py:154} INFO - [2025-12-08T13:35:56.899+0000] {dag.py:2941} INFO - Sync 1 DAGs
[2025-12-08T13:35:56.906+0000] {logging_mixin.py:154} INFO - [2025-12-08T13:35:56.906+0000] {dag.py:3722} INFO - Setting next_dagrun for example_sensors to None, run_after=None
[2025-12-08T13:35:56.930+0000] {processor.py:179} INFO - Processing /home/airflow/.local/lib/python3.8/site-packages/airflow/example_dags/example_sensors.py took 0.057 seconds
[2025-12-08T13:36:27.252+0000] {processor.py:157} INFO - Started process (PID=261) to work on /home/airflow/.local/lib/python3.8/site-packages/airflow/example_dags/example_sensors.py
[2025-12-08T13:36:27.252+0000] {processor.py:829} INFO - Processing file /home/airflow/.local/lib/python3.8/site-packages/airflow/example_dags/example_sensors.py for tasks to queue
[2025-12-08T13:36:27.253+0000] {logging_mixin.py:154} INFO - [2025-12-08T13:36:27.253+0000] {dagbag.py:536} INFO - Filling up the DagBag from /home/airflow/.local/lib/python3.8/site-packages/airflow/example_dags/example_sensors.py
[2025-12-08T13:36:27.259+0000] {processor.py:839} INFO - DAG(s) dict_keys(['example_sensors']) retrieved from /home/airflow/.local/lib/python3.8/site-packages/airflow/example_dags/example_sensors.py
[2025-12-08T13:36:27.280+0000] {logging_mixin.py:154} INFO - [2025-12-08T13:36:27.279+0000] {dag.py:2941} INFO - Sync 1 DAGs
[2025-12-08T13:36:27.294+0000] {logging_mixin.py:154} INFO - [2025-12-08T13:36:27.293+0000] {dag.py:3722} INFO - Setting next_dagrun for example_sensors to None, run_after=None
[2025-12-08T13:36:27.318+0000] {processor.py:179} INFO - Processing /home/airflow/.local/lib/python3.8/site-packages/airflow/example_dags/example_sensors.py took 0.069 seconds
[2025-12-08T13:36:57.355+0000] {processor.py:157} INFO - Started process (PID=316) to work on /home/airflow/.local/lib/python3.8/site-packages/airflow/example_dags/example_sensors.py
[2025-12-08T13:36:57.355+0000] {processor.py:829} INFO - Processing file /home/airflow/.local/lib/python3.8/site-packages/airflow/example_dags/example_sensors.py for tasks to queue
[2025-12-08T13:36:57.356+0000] {logging_mixin.py:154} INFO - [2025-12-08T13:36:57.356+0000] {dagbag.py:536} INFO - Filling up the DagBag from /home/airflow/.local/lib/python3.8/site-packages/airflow/example_dags/example_sensors.py
[2025-12-08T13:36:57.363+0000] {processor.py:839} INFO - DAG(s) dict_keys(['example_sensors']) retrieved from /home/airflow/.local/lib/python3.8/site-packages/airflow/example_dags/example_sensors.py
[2025-12-08T13:36:57.378+0000] {logging_mixin.py:154} INFO - [2025-12-08T13:36:57.378+0000] {dag.py:2941} INFO - Sync 1 DAGs
[2025-12-08T13:36:57.386+0000] {logging_mixin.py:154} INFO - [2025-12-08T13:36:57.386+0000] {dag.py:3722} INFO - Setting next_dagrun for example_sensors to None, run_after=None
[2025-12-08T13:36:57.397+0000] {processor.py:179} INFO - Processing /home/airflow/.local/lib/python3.8/site-packages/airflow/example_dags/example_sensors.py took 0.044 seconds
[2025-12-08T13:37:28.270+0000] {processor.py:157} INFO - Started process (PID=371) to work on /home/airflow/.local/lib/python3.8/site-packages/airflow/example_dags/example_sensors.py
[2025-12-08T13:37:28.271+0000] {processor.py:829} INFO - Processing file /home/airflow/.local/lib/python3.8/site-packages/airflow/example_dags/example_sensors.py for tasks to queue
[2025-12-08T13:37:28.273+0000] {logging_mixin.py:154} INFO - [2025-12-08T13:37:28.273+0000] {dagbag.py:536} INFO - Filling up the DagBag from /home/airflow/.local/lib/python3.8/site-packages/airflow/example_dags/example_sensors.py
[2025-12-08T13:37:28.279+0000] {processor.py:839} INFO - DAG(s) dict_keys(['example_sensors']) retrieved from /home/airflow/.local/lib/python3.8/site-packages/airflow/example_dags/example_sensors.py
[2025-12-08T13:37:28.296+0000] {logging_mixin.py:154} INFO - [2025-12-08T13:37:28.296+0000] {dag.py:2941} INFO - Sync 1 DAGs
[2025-12-08T13:37:28.304+0000] {logging_mixin.py:154} INFO - [2025-12-08T13:37:28.304+0000] {dag.py:3722} INFO - Setting next_dagrun for example_sensors to None, run_after=None
[2025-12-08T13:37:28.315+0000] {processor.py:179} INFO - Processing /home/airflow/.local/lib/python3.8/site-packages/airflow/example_dags/example_sensors.py took 0.049 seconds
[2025-12-08T13:37:58.379+0000] {processor.py:157} INFO - Started process (PID=426) to work on /home/airflow/.local/lib/python3.8/site-packages/airflow/example_dags/example_sensors.py
[2025-12-08T13:37:58.379+0000] {processor.py:829} INFO - Processing file /home/airflow/.local/lib/python3.8/site-packages/airflow/example_dags/example_sensors.py for tasks to queue
[2025-12-08T13:37:58.381+0000] {logging_mixin.py:154} INFO - [2025-12-08T13:37:58.380+0000] {dagbag.py:536} INFO - Filling up the DagBag from /home/airflow/.local/lib/python3.8/site-packages/airflow/example_dags/example_sensors.py
[2025-12-08T13:37:58.386+0000] {processor.py:839} INFO - DAG(s) dict_keys(['example_sensors']) retrieved from /home/airflow/.local/lib/python3.8/site-packages/airflow/example_dags/example_sensors.py
[2025-12-08T13:37:58.404+0000] {logging_mixin.py:154} INFO - [2025-12-08T13:37:58.403+0000] {dag.py:2941} INFO - Sync 1 DAGs
[2025-12-08T13:37:58.412+0000] {logging_mixin.py:154} INFO - [2025-12-08T13:37:58.411+0000] {dag.py:3722} INFO - Setting next_dagrun for example_sensors to None, run_after=None
[2025-12-08T13:37:58.424+0000] {processor.py:179} INFO - Processing /home/airflow/.local/lib/python3.8/site-packages/airflow/example_dags/example_sensors.py took 0.047 seconds
[2025-12-08T13:38:29.060+0000] {processor.py:157} INFO - Started process (PID=481) to work on /home/airflow/.local/lib/python3.8/site-packages/airflow/example_dags/example_sensors.py
[2025-12-08T13:38:29.061+0000] {processor.py:829} INFO - Processing file /home/airflow/.local/lib/python3.8/site-packages/airflow/example_dags/example_sensors.py for tasks to queue
[2025-12-08T13:38:29.063+0000] {logging_mixin.py:154} INFO - [2025-12-08T13:38:29.062+0000] {dagbag.py:536} INFO - Filling up the DagBag from /home/airflow/.local/lib/python3.8/site-packages/airflow/example_dags/example_sensors.py
[2025-12-08T13:38:29.070+0000] {processor.py:839} INFO - DAG(s) dict_keys(['example_sensors']) retrieved from /home/airflow/.local/lib/python3.8/site-packages/airflow/example_dags/example_sensors.py
[2025-12-08T13:38:29.089+0000] {logging_mixin.py:154} INFO - [2025-12-08T13:38:29.089+0000] {dag.py:2941} INFO - Sync 1 DAGs
[2025-12-08T13:38:29.096+0000] {logging_mixin.py:154} INFO - [2025-12-08T13:38:29.096+0000] {dag.py:3722} INFO - Setting next_dagrun for example_sensors to None, run_after=None
[2025-12-08T13:38:29.108+0000] {processor.py:179} INFO - Processing /home/airflow/.local/lib/python3.8/site-packages/airflow/example_dags/example_sensors.py took 0.051 seconds
