[2025-12-08T13:34:55.648+0000] {processor.py:157} INFO - Started process (PID=89) to work on /home/airflow/.local/lib/python3.8/site-packages/airflow/example_dags/example_short_circuit_operator.py
[2025-12-08T13:34:55.648+0000] {processor.py:829} INFO - Processing file /home/airflow/.local/lib/python3.8/site-packages/airflow/example_dags/example_short_circuit_operator.py for tasks to queue
[2025-12-08T13:34:55.650+0000] {logging_mixin.py:154} INFO - [2025-12-08T13:34:55.649+0000] {dagbag.py:536} INFO - Filling up the DagBag from /home/airflow/.local/lib/python3.8/site-packages/airflow/example_dags/example_short_circuit_operator.py
[2025-12-08T13:34:55.658+0000] {processor.py:839} INFO - DAG(s) dict_keys(['example_short_circuit_operator']) retrieved from /home/airflow/.local/lib/python3.8/site-packages/airflow/example_dags/example_short_circuit_operator.py
[2025-12-08T13:34:55.668+0000] {logging_mixin.py:154} INFO - [2025-12-08T13:34:55.668+0000] {dag.py:2941} INFO - Sync 1 DAGs
[2025-12-08T13:34:55.688+0000] {logging_mixin.py:154} INFO - [2025-12-08T13:34:55.688+0000] {dag.py:3722} INFO - Setting next_dagrun for example_short_circuit_operator to 2025-12-07T13:34:55.688585+00:00, run_after=2025-12-08T13:34:55.688585+00:00
[2025-12-08T13:34:55.702+0000] {processor.py:179} INFO - Processing /home/airflow/.local/lib/python3.8/site-packages/airflow/example_dags/example_short_circuit_operator.py took 0.056 seconds
[2025-12-08T13:35:26.647+0000] {processor.py:157} INFO - Started process (PID=148) to work on /home/airflow/.local/lib/python3.8/site-packages/airflow/example_dags/example_short_circuit_operator.py
[2025-12-08T13:35:26.648+0000] {processor.py:829} INFO - Processing file /home/airflow/.local/lib/python3.8/site-packages/airflow/example_dags/example_short_circuit_operator.py for tasks to queue
[2025-12-08T13:35:26.649+0000] {logging_mixin.py:154} INFO - [2025-12-08T13:35:26.649+0000] {dagbag.py:536} INFO - Filling up the DagBag from /home/airflow/.local/lib/python3.8/site-packages/airflow/example_dags/example_short_circuit_operator.py
[2025-12-08T13:35:26.653+0000] {processor.py:839} INFO - DAG(s) dict_keys(['example_short_circuit_operator']) retrieved from /home/airflow/.local/lib/python3.8/site-packages/airflow/example_dags/example_short_circuit_operator.py
[2025-12-08T13:35:26.666+0000] {logging_mixin.py:154} INFO - [2025-12-08T13:35:26.666+0000] {dag.py:2941} INFO - Sync 1 DAGs
[2025-12-08T13:35:26.679+0000] {logging_mixin.py:154} INFO - [2025-12-08T13:35:26.679+0000] {dag.py:3722} INFO - Setting next_dagrun for example_short_circuit_operator to 2025-12-07T13:35:26.679117+00:00, run_after=2025-12-08T13:35:26.679117+00:00
[2025-12-08T13:35:26.701+0000] {processor.py:179} INFO - Processing /home/airflow/.local/lib/python3.8/site-packages/airflow/example_dags/example_short_circuit_operator.py took 0.057 seconds
[2025-12-08T13:35:57.105+0000] {processor.py:157} INFO - Started process (PID=210) to work on /home/airflow/.local/lib/python3.8/site-packages/airflow/example_dags/example_short_circuit_operator.py
[2025-12-08T13:35:57.106+0000] {processor.py:829} INFO - Processing file /home/airflow/.local/lib/python3.8/site-packages/airflow/example_dags/example_short_circuit_operator.py for tasks to queue
[2025-12-08T13:35:57.108+0000] {logging_mixin.py:154} INFO - [2025-12-08T13:35:57.108+0000] {dagbag.py:536} INFO - Filling up the DagBag from /home/airflow/.local/lib/python3.8/site-packages/airflow/example_dags/example_short_circuit_operator.py
[2025-12-08T13:35:57.116+0000] {processor.py:839} INFO - DAG(s) dict_keys(['example_short_circuit_operator']) retrieved from /home/airflow/.local/lib/python3.8/site-packages/airflow/example_dags/example_short_circuit_operator.py
[2025-12-08T13:35:57.130+0000] {logging_mixin.py:154} INFO - [2025-12-08T13:35:57.130+0000] {dag.py:2941} INFO - Sync 1 DAGs
[2025-12-08T13:35:57.145+0000] {logging_mixin.py:154} INFO - [2025-12-08T13:35:57.145+0000] {dag.py:3722} INFO - Setting next_dagrun for example_short_circuit_operator to 2025-12-07T13:35:57.145166+00:00, run_after=2025-12-08T13:35:57.145166+00:00
[2025-12-08T13:35:57.173+0000] {processor.py:179} INFO - Processing /home/airflow/.local/lib/python3.8/site-packages/airflow/example_dags/example_short_circuit_operator.py took 0.071 seconds
[2025-12-08T13:36:27.410+0000] {processor.py:157} INFO - Started process (PID=265) to work on /home/airflow/.local/lib/python3.8/site-packages/airflow/example_dags/example_short_circuit_operator.py
[2025-12-08T13:36:27.411+0000] {processor.py:829} INFO - Processing file /home/airflow/.local/lib/python3.8/site-packages/airflow/example_dags/example_short_circuit_operator.py for tasks to queue
[2025-12-08T13:36:27.412+0000] {logging_mixin.py:154} INFO - [2025-12-08T13:36:27.412+0000] {dagbag.py:536} INFO - Filling up the DagBag from /home/airflow/.local/lib/python3.8/site-packages/airflow/example_dags/example_short_circuit_operator.py
[2025-12-08T13:36:27.417+0000] {processor.py:839} INFO - DAG(s) dict_keys(['example_short_circuit_operator']) retrieved from /home/airflow/.local/lib/python3.8/site-packages/airflow/example_dags/example_short_circuit_operator.py
[2025-12-08T13:36:27.445+0000] {logging_mixin.py:154} INFO - [2025-12-08T13:36:27.445+0000] {dag.py:2941} INFO - Sync 1 DAGs
[2025-12-08T13:36:27.462+0000] {logging_mixin.py:154} INFO - [2025-12-08T13:36:27.462+0000] {dag.py:3722} INFO - Setting next_dagrun for example_short_circuit_operator to 2025-12-07T13:36:27.462316+00:00, run_after=2025-12-08T13:36:27.462316+00:00
[2025-12-08T13:36:27.483+0000] {processor.py:179} INFO - Processing /home/airflow/.local/lib/python3.8/site-packages/airflow/example_dags/example_short_circuit_operator.py took 0.076 seconds
[2025-12-08T13:36:58.479+0000] {processor.py:157} INFO - Started process (PID=320) to work on /home/airflow/.local/lib/python3.8/site-packages/airflow/example_dags/example_short_circuit_operator.py
[2025-12-08T13:36:58.481+0000] {processor.py:829} INFO - Processing file /home/airflow/.local/lib/python3.8/site-packages/airflow/example_dags/example_short_circuit_operator.py for tasks to queue
[2025-12-08T13:36:58.482+0000] {logging_mixin.py:154} INFO - [2025-12-08T13:36:58.482+0000] {dagbag.py:536} INFO - Filling up the DagBag from /home/airflow/.local/lib/python3.8/site-packages/airflow/example_dags/example_short_circuit_operator.py
[2025-12-08T13:36:58.489+0000] {processor.py:839} INFO - DAG(s) dict_keys(['example_short_circuit_operator']) retrieved from /home/airflow/.local/lib/python3.8/site-packages/airflow/example_dags/example_short_circuit_operator.py
[2025-12-08T13:36:58.507+0000] {logging_mixin.py:154} INFO - [2025-12-08T13:36:58.507+0000] {dag.py:2941} INFO - Sync 1 DAGs
[2025-12-08T13:36:58.521+0000] {logging_mixin.py:154} INFO - [2025-12-08T13:36:58.520+0000] {dag.py:3722} INFO - Setting next_dagrun for example_short_circuit_operator to 2025-12-07T13:36:58.520855+00:00, run_after=2025-12-08T13:36:58.520855+00:00
[2025-12-08T13:36:58.778+0000] {processor.py:179} INFO - Processing /home/airflow/.local/lib/python3.8/site-packages/airflow/example_dags/example_short_circuit_operator.py took 0.303 seconds
[2025-12-08T13:37:29.466+0000] {processor.py:157} INFO - Started process (PID=375) to work on /home/airflow/.local/lib/python3.8/site-packages/airflow/example_dags/example_short_circuit_operator.py
[2025-12-08T13:37:29.466+0000] {processor.py:829} INFO - Processing file /home/airflow/.local/lib/python3.8/site-packages/airflow/example_dags/example_short_circuit_operator.py for tasks to queue
[2025-12-08T13:37:29.468+0000] {logging_mixin.py:154} INFO - [2025-12-08T13:37:29.468+0000] {dagbag.py:536} INFO - Filling up the DagBag from /home/airflow/.local/lib/python3.8/site-packages/airflow/example_dags/example_short_circuit_operator.py
[2025-12-08T13:37:29.474+0000] {processor.py:839} INFO - DAG(s) dict_keys(['example_short_circuit_operator']) retrieved from /home/airflow/.local/lib/python3.8/site-packages/airflow/example_dags/example_short_circuit_operator.py
[2025-12-08T13:37:29.493+0000] {logging_mixin.py:154} INFO - [2025-12-08T13:37:29.492+0000] {dag.py:2941} INFO - Sync 1 DAGs
[2025-12-08T13:37:29.505+0000] {logging_mixin.py:154} INFO - [2025-12-08T13:37:29.505+0000] {dag.py:3722} INFO - Setting next_dagrun for example_short_circuit_operator to 2025-12-07T13:37:29.505696+00:00, run_after=2025-12-08T13:37:29.505696+00:00
[2025-12-08T13:37:29.516+0000] {processor.py:179} INFO - Processing /home/airflow/.local/lib/python3.8/site-packages/airflow/example_dags/example_short_circuit_operator.py took 0.054 seconds
[2025-12-08T13:38:00.480+0000] {processor.py:157} INFO - Started process (PID=430) to work on /home/airflow/.local/lib/python3.8/site-packages/airflow/example_dags/example_short_circuit_operator.py
[2025-12-08T13:38:00.482+0000] {processor.py:829} INFO - Processing file /home/airflow/.local/lib/python3.8/site-packages/airflow/example_dags/example_short_circuit_operator.py for tasks to queue
[2025-12-08T13:38:00.484+0000] {logging_mixin.py:154} INFO - [2025-12-08T13:38:00.483+0000] {dagbag.py:536} INFO - Filling up the DagBag from /home/airflow/.local/lib/python3.8/site-packages/airflow/example_dags/example_short_circuit_operator.py
[2025-12-08T13:38:00.489+0000] {processor.py:839} INFO - DAG(s) dict_keys(['example_short_circuit_operator']) retrieved from /home/airflow/.local/lib/python3.8/site-packages/airflow/example_dags/example_short_circuit_operator.py
[2025-12-08T13:38:00.503+0000] {logging_mixin.py:154} INFO - [2025-12-08T13:38:00.502+0000] {dag.py:2941} INFO - Sync 1 DAGs
[2025-12-08T13:38:00.515+0000] {logging_mixin.py:154} INFO - [2025-12-08T13:38:00.515+0000] {dag.py:3722} INFO - Setting next_dagrun for example_short_circuit_operator to 2025-12-07T13:38:00.515121+00:00, run_after=2025-12-08T13:38:00.515121+00:00
[2025-12-08T13:38:00.525+0000] {processor.py:179} INFO - Processing /home/airflow/.local/lib/python3.8/site-packages/airflow/example_dags/example_short_circuit_operator.py took 0.049 seconds
[2025-12-08T13:38:31.203+0000] {processor.py:157} INFO - Started process (PID=485) to work on /home/airflow/.local/lib/python3.8/site-packages/airflow/example_dags/example_short_circuit_operator.py
[2025-12-08T13:38:31.204+0000] {processor.py:829} INFO - Processing file /home/airflow/.local/lib/python3.8/site-packages/airflow/example_dags/example_short_circuit_operator.py for tasks to queue
[2025-12-08T13:38:31.205+0000] {logging_mixin.py:154} INFO - [2025-12-08T13:38:31.205+0000] {dagbag.py:536} INFO - Filling up the DagBag from /home/airflow/.local/lib/python3.8/site-packages/airflow/example_dags/example_short_circuit_operator.py
[2025-12-08T13:38:31.213+0000] {processor.py:839} INFO - DAG(s) dict_keys(['example_short_circuit_operator']) retrieved from /home/airflow/.local/lib/python3.8/site-packages/airflow/example_dags/example_short_circuit_operator.py
[2025-12-08T13:38:31.231+0000] {logging_mixin.py:154} INFO - [2025-12-08T13:38:31.231+0000] {dag.py:2941} INFO - Sync 1 DAGs
[2025-12-08T13:38:31.244+0000] {logging_mixin.py:154} INFO - [2025-12-08T13:38:31.244+0000] {dag.py:3722} INFO - Setting next_dagrun for example_short_circuit_operator to 2025-12-07T13:38:31.244182+00:00, run_after=2025-12-08T13:38:31.244182+00:00
[2025-12-08T13:38:31.255+0000] {processor.py:179} INFO - Processing /home/airflow/.local/lib/python3.8/site-packages/airflow/example_dags/example_short_circuit_operator.py took 0.055 seconds
