[2025-12-08T13:34:55.089+0000] {processor.py:157} INFO - Started process (PID=70) to work on /home/airflow/.local/lib/python3.8/site-packages/airflow/example_dags/example_external_task_marker_dag.py
[2025-12-08T13:34:55.090+0000] {processor.py:829} INFO - Processing file /home/airflow/.local/lib/python3.8/site-packages/airflow/example_dags/example_external_task_marker_dag.py for tasks to queue
[2025-12-08T13:34:55.092+0000] {logging_mixin.py:154} INFO - [2025-12-08T13:34:55.092+0000] {dagbag.py:536} INFO - Filling up the DagBag from /home/airflow/.local/lib/python3.8/site-packages/airflow/example_dags/example_external_task_marker_dag.py
[2025-12-08T13:34:55.101+0000] {processor.py:839} INFO - DAG(s) dict_keys(['example_external_task_marker_parent', 'example_external_task_marker_child']) retrieved from /home/airflow/.local/lib/python3.8/site-packages/airflow/example_dags/example_external_task_marker_dag.py
[2025-12-08T13:34:55.113+0000] {logging_mixin.py:154} INFO - [2025-12-08T13:34:55.113+0000] {dag.py:2941} INFO - Sync 2 DAGs
[2025-12-08T13:34:55.125+0000] {logging_mixin.py:154} INFO - [2025-12-08T13:34:55.125+0000] {dag.py:3722} INFO - Setting next_dagrun for example_external_task_marker_child to None, run_after=None
[2025-12-08T13:34:55.127+0000] {logging_mixin.py:154} INFO - [2025-12-08T13:34:55.127+0000] {dag.py:3722} INFO - Setting next_dagrun for example_external_task_marker_parent to None, run_after=None
[2025-12-08T13:34:55.138+0000] {processor.py:179} INFO - Processing /home/airflow/.local/lib/python3.8/site-packages/airflow/example_dags/example_external_task_marker_dag.py took 0.052 seconds
[2025-12-08T13:35:25.985+0000] {processor.py:157} INFO - Started process (PID=133) to work on /home/airflow/.local/lib/python3.8/site-packages/airflow/example_dags/example_external_task_marker_dag.py
[2025-12-08T13:35:25.985+0000] {processor.py:829} INFO - Processing file /home/airflow/.local/lib/python3.8/site-packages/airflow/example_dags/example_external_task_marker_dag.py for tasks to queue
[2025-12-08T13:35:25.987+0000] {logging_mixin.py:154} INFO - [2025-12-08T13:35:25.987+0000] {dagbag.py:536} INFO - Filling up the DagBag from /home/airflow/.local/lib/python3.8/site-packages/airflow/example_dags/example_external_task_marker_dag.py
[2025-12-08T13:35:25.992+0000] {processor.py:839} INFO - DAG(s) dict_keys(['example_external_task_marker_child', 'example_external_task_marker_parent']) retrieved from /home/airflow/.local/lib/python3.8/site-packages/airflow/example_dags/example_external_task_marker_dag.py
[2025-12-08T13:35:26.008+0000] {logging_mixin.py:154} INFO - [2025-12-08T13:35:26.008+0000] {dag.py:2941} INFO - Sync 2 DAGs
[2025-12-08T13:35:26.016+0000] {logging_mixin.py:154} INFO - [2025-12-08T13:35:26.016+0000] {dag.py:3722} INFO - Setting next_dagrun for example_external_task_marker_child to None, run_after=None
[2025-12-08T13:35:26.018+0000] {logging_mixin.py:154} INFO - [2025-12-08T13:35:26.018+0000] {dag.py:3722} INFO - Setting next_dagrun for example_external_task_marker_parent to None, run_after=None
[2025-12-08T13:35:26.028+0000] {processor.py:179} INFO - Processing /home/airflow/.local/lib/python3.8/site-packages/airflow/example_dags/example_external_task_marker_dag.py took 0.047 seconds
[2025-12-08T13:35:56.388+0000] {processor.py:157} INFO - Started process (PID=188) to work on /home/airflow/.local/lib/python3.8/site-packages/airflow/example_dags/example_external_task_marker_dag.py
[2025-12-08T13:35:56.389+0000] {processor.py:829} INFO - Processing file /home/airflow/.local/lib/python3.8/site-packages/airflow/example_dags/example_external_task_marker_dag.py for tasks to queue
[2025-12-08T13:35:56.391+0000] {logging_mixin.py:154} INFO - [2025-12-08T13:35:56.391+0000] {dagbag.py:536} INFO - Filling up the DagBag from /home/airflow/.local/lib/python3.8/site-packages/airflow/example_dags/example_external_task_marker_dag.py
[2025-12-08T13:35:56.395+0000] {processor.py:839} INFO - DAG(s) dict_keys(['example_external_task_marker_child', 'example_external_task_marker_parent']) retrieved from /home/airflow/.local/lib/python3.8/site-packages/airflow/example_dags/example_external_task_marker_dag.py
[2025-12-08T13:35:56.410+0000] {logging_mixin.py:154} INFO - [2025-12-08T13:35:56.410+0000] {dag.py:2941} INFO - Sync 2 DAGs
[2025-12-08T13:35:56.418+0000] {logging_mixin.py:154} INFO - [2025-12-08T13:35:56.418+0000] {dag.py:3722} INFO - Setting next_dagrun for example_external_task_marker_child to None, run_after=None
[2025-12-08T13:35:56.420+0000] {logging_mixin.py:154} INFO - [2025-12-08T13:35:56.419+0000] {dag.py:3722} INFO - Setting next_dagrun for example_external_task_marker_parent to None, run_after=None
[2025-12-08T13:35:56.431+0000] {processor.py:179} INFO - Processing /home/airflow/.local/lib/python3.8/site-packages/airflow/example_dags/example_external_task_marker_dag.py took 0.045 seconds
[2025-12-08T13:36:26.584+0000] {processor.py:157} INFO - Started process (PID=243) to work on /home/airflow/.local/lib/python3.8/site-packages/airflow/example_dags/example_external_task_marker_dag.py
[2025-12-08T13:36:26.585+0000] {processor.py:829} INFO - Processing file /home/airflow/.local/lib/python3.8/site-packages/airflow/example_dags/example_external_task_marker_dag.py for tasks to queue
[2025-12-08T13:36:26.587+0000] {logging_mixin.py:154} INFO - [2025-12-08T13:36:26.586+0000] {dagbag.py:536} INFO - Filling up the DagBag from /home/airflow/.local/lib/python3.8/site-packages/airflow/example_dags/example_external_task_marker_dag.py
[2025-12-08T13:36:26.591+0000] {processor.py:839} INFO - DAG(s) dict_keys(['example_external_task_marker_child', 'example_external_task_marker_parent']) retrieved from /home/airflow/.local/lib/python3.8/site-packages/airflow/example_dags/example_external_task_marker_dag.py
[2025-12-08T13:36:26.606+0000] {logging_mixin.py:154} INFO - [2025-12-08T13:36:26.606+0000] {dag.py:2941} INFO - Sync 2 DAGs
[2025-12-08T13:36:26.613+0000] {logging_mixin.py:154} INFO - [2025-12-08T13:36:26.613+0000] {dag.py:3722} INFO - Setting next_dagrun for example_external_task_marker_child to None, run_after=None
[2025-12-08T13:36:26.615+0000] {logging_mixin.py:154} INFO - [2025-12-08T13:36:26.615+0000] {dag.py:3722} INFO - Setting next_dagrun for example_external_task_marker_parent to None, run_after=None
[2025-12-08T13:36:26.643+0000] {processor.py:179} INFO - Processing /home/airflow/.local/lib/python3.8/site-packages/airflow/example_dags/example_external_task_marker_dag.py took 0.062 seconds
[2025-12-08T13:36:56.863+0000] {processor.py:157} INFO - Started process (PID=304) to work on /home/airflow/.local/lib/python3.8/site-packages/airflow/example_dags/example_external_task_marker_dag.py
[2025-12-08T13:36:56.864+0000] {processor.py:829} INFO - Processing file /home/airflow/.local/lib/python3.8/site-packages/airflow/example_dags/example_external_task_marker_dag.py for tasks to queue
[2025-12-08T13:36:56.865+0000] {logging_mixin.py:154} INFO - [2025-12-08T13:36:56.865+0000] {dagbag.py:536} INFO - Filling up the DagBag from /home/airflow/.local/lib/python3.8/site-packages/airflow/example_dags/example_external_task_marker_dag.py
[2025-12-08T13:36:56.868+0000] {processor.py:839} INFO - DAG(s) dict_keys(['example_external_task_marker_parent', 'example_external_task_marker_child']) retrieved from /home/airflow/.local/lib/python3.8/site-packages/airflow/example_dags/example_external_task_marker_dag.py
[2025-12-08T13:36:56.882+0000] {logging_mixin.py:154} INFO - [2025-12-08T13:36:56.882+0000] {dag.py:2941} INFO - Sync 2 DAGs
[2025-12-08T13:36:56.889+0000] {logging_mixin.py:154} INFO - [2025-12-08T13:36:56.889+0000] {dag.py:3722} INFO - Setting next_dagrun for example_external_task_marker_child to None, run_after=None
[2025-12-08T13:36:56.891+0000] {logging_mixin.py:154} INFO - [2025-12-08T13:36:56.890+0000] {dag.py:3722} INFO - Setting next_dagrun for example_external_task_marker_parent to None, run_after=None
[2025-12-08T13:36:56.904+0000] {processor.py:179} INFO - Processing /home/airflow/.local/lib/python3.8/site-packages/airflow/example_dags/example_external_task_marker_dag.py took 0.043 seconds
[2025-12-08T13:37:27.874+0000] {processor.py:157} INFO - Started process (PID=360) to work on /home/airflow/.local/lib/python3.8/site-packages/airflow/example_dags/example_external_task_marker_dag.py
[2025-12-08T13:37:27.875+0000] {processor.py:829} INFO - Processing file /home/airflow/.local/lib/python3.8/site-packages/airflow/example_dags/example_external_task_marker_dag.py for tasks to queue
[2025-12-08T13:37:27.876+0000] {logging_mixin.py:154} INFO - [2025-12-08T13:37:27.876+0000] {dagbag.py:536} INFO - Filling up the DagBag from /home/airflow/.local/lib/python3.8/site-packages/airflow/example_dags/example_external_task_marker_dag.py
[2025-12-08T13:37:27.879+0000] {processor.py:839} INFO - DAG(s) dict_keys(['example_external_task_marker_child', 'example_external_task_marker_parent']) retrieved from /home/airflow/.local/lib/python3.8/site-packages/airflow/example_dags/example_external_task_marker_dag.py
[2025-12-08T13:37:27.899+0000] {logging_mixin.py:154} INFO - [2025-12-08T13:37:27.899+0000] {dag.py:2941} INFO - Sync 2 DAGs
[2025-12-08T13:37:27.909+0000] {logging_mixin.py:154} INFO - [2025-12-08T13:37:27.909+0000] {dag.py:3722} INFO - Setting next_dagrun for example_external_task_marker_child to None, run_after=None
[2025-12-08T13:37:27.911+0000] {logging_mixin.py:154} INFO - [2025-12-08T13:37:27.911+0000] {dag.py:3722} INFO - Setting next_dagrun for example_external_task_marker_parent to None, run_after=None
[2025-12-08T13:37:27.922+0000] {processor.py:179} INFO - Processing /home/airflow/.local/lib/python3.8/site-packages/airflow/example_dags/example_external_task_marker_dag.py took 0.049 seconds
[2025-12-08T13:37:58.044+0000] {processor.py:157} INFO - Started process (PID=415) to work on /home/airflow/.local/lib/python3.8/site-packages/airflow/example_dags/example_external_task_marker_dag.py
[2025-12-08T13:37:58.044+0000] {processor.py:829} INFO - Processing file /home/airflow/.local/lib/python3.8/site-packages/airflow/example_dags/example_external_task_marker_dag.py for tasks to queue
[2025-12-08T13:37:58.045+0000] {logging_mixin.py:154} INFO - [2025-12-08T13:37:58.045+0000] {dagbag.py:536} INFO - Filling up the DagBag from /home/airflow/.local/lib/python3.8/site-packages/airflow/example_dags/example_external_task_marker_dag.py
[2025-12-08T13:37:58.048+0000] {processor.py:839} INFO - DAG(s) dict_keys(['example_external_task_marker_child', 'example_external_task_marker_parent']) retrieved from /home/airflow/.local/lib/python3.8/site-packages/airflow/example_dags/example_external_task_marker_dag.py
[2025-12-08T13:37:58.064+0000] {logging_mixin.py:154} INFO - [2025-12-08T13:37:58.064+0000] {dag.py:2941} INFO - Sync 2 DAGs
[2025-12-08T13:37:58.071+0000] {logging_mixin.py:154} INFO - [2025-12-08T13:37:58.071+0000] {dag.py:3722} INFO - Setting next_dagrun for example_external_task_marker_child to None, run_after=None
[2025-12-08T13:37:58.073+0000] {logging_mixin.py:154} INFO - [2025-12-08T13:37:58.073+0000] {dag.py:3722} INFO - Setting next_dagrun for example_external_task_marker_parent to None, run_after=None
[2025-12-08T13:37:58.083+0000] {processor.py:179} INFO - Processing /home/airflow/.local/lib/python3.8/site-packages/airflow/example_dags/example_external_task_marker_dag.py took 0.041 seconds
[2025-12-08T13:38:28.726+0000] {processor.py:157} INFO - Started process (PID=470) to work on /home/airflow/.local/lib/python3.8/site-packages/airflow/example_dags/example_external_task_marker_dag.py
[2025-12-08T13:38:28.727+0000] {processor.py:829} INFO - Processing file /home/airflow/.local/lib/python3.8/site-packages/airflow/example_dags/example_external_task_marker_dag.py for tasks to queue
[2025-12-08T13:38:28.728+0000] {logging_mixin.py:154} INFO - [2025-12-08T13:38:28.728+0000] {dagbag.py:536} INFO - Filling up the DagBag from /home/airflow/.local/lib/python3.8/site-packages/airflow/example_dags/example_external_task_marker_dag.py
[2025-12-08T13:38:28.732+0000] {processor.py:839} INFO - DAG(s) dict_keys(['example_external_task_marker_parent', 'example_external_task_marker_child']) retrieved from /home/airflow/.local/lib/python3.8/site-packages/airflow/example_dags/example_external_task_marker_dag.py
[2025-12-08T13:38:28.746+0000] {logging_mixin.py:154} INFO - [2025-12-08T13:38:28.746+0000] {dag.py:2941} INFO - Sync 2 DAGs
[2025-12-08T13:38:28.753+0000] {logging_mixin.py:154} INFO - [2025-12-08T13:38:28.753+0000] {dag.py:3722} INFO - Setting next_dagrun for example_external_task_marker_child to None, run_after=None
[2025-12-08T13:38:28.756+0000] {logging_mixin.py:154} INFO - [2025-12-08T13:38:28.756+0000] {dag.py:3722} INFO - Setting next_dagrun for example_external_task_marker_parent to None, run_after=None
[2025-12-08T13:38:28.767+0000] {processor.py:179} INFO - Processing /home/airflow/.local/lib/python3.8/site-packages/airflow/example_dags/example_external_task_marker_dag.py took 0.044 seconds
