[2025-12-08T13:34:54.704+0000] {processor.py:157} INFO - Started process (PID=61) to work on /home/airflow/.local/lib/python3.8/site-packages/airflow/example_dags/example_branch_labels.py
[2025-12-08T13:34:54.705+0000] {processor.py:829} INFO - Processing file /home/airflow/.local/lib/python3.8/site-packages/airflow/example_dags/example_branch_labels.py for tasks to queue
[2025-12-08T13:34:54.706+0000] {logging_mixin.py:154} INFO - [2025-12-08T13:34:54.706+0000] {dagbag.py:536} INFO - Filling up the DagBag from /home/airflow/.local/lib/python3.8/site-packages/airflow/example_dags/example_branch_labels.py
[2025-12-08T13:34:54.717+0000] {processor.py:839} INFO - DAG(s) dict_keys(['example_branch_labels']) retrieved from /home/airflow/.local/lib/python3.8/site-packages/airflow/example_dags/example_branch_labels.py
[2025-12-08T13:34:54.724+0000] {logging_mixin.py:154} INFO - [2025-12-08T13:34:54.724+0000] {dag.py:2941} INFO - Sync 1 DAGs
[2025-12-08T13:34:54.742+0000] {logging_mixin.py:154} INFO - [2025-12-08T13:34:54.742+0000] {dag.py:3722} INFO - Setting next_dagrun for example_branch_labels to 2025-12-07T00:00:00+00:00, run_after=2025-12-08T00:00:00+00:00
[2025-12-08T13:34:54.765+0000] {processor.py:179} INFO - Processing /home/airflow/.local/lib/python3.8/site-packages/airflow/example_dags/example_branch_labels.py took 0.063 seconds
[2025-12-08T13:35:25.562+0000] {processor.py:157} INFO - Started process (PID=124) to work on /home/airflow/.local/lib/python3.8/site-packages/airflow/example_dags/example_branch_labels.py
[2025-12-08T13:35:25.562+0000] {processor.py:829} INFO - Processing file /home/airflow/.local/lib/python3.8/site-packages/airflow/example_dags/example_branch_labels.py for tasks to queue
[2025-12-08T13:35:25.564+0000] {logging_mixin.py:154} INFO - [2025-12-08T13:35:25.564+0000] {dagbag.py:536} INFO - Filling up the DagBag from /home/airflow/.local/lib/python3.8/site-packages/airflow/example_dags/example_branch_labels.py
[2025-12-08T13:35:25.571+0000] {processor.py:839} INFO - DAG(s) dict_keys(['example_branch_labels']) retrieved from /home/airflow/.local/lib/python3.8/site-packages/airflow/example_dags/example_branch_labels.py
[2025-12-08T13:35:25.582+0000] {logging_mixin.py:154} INFO - [2025-12-08T13:35:25.582+0000] {dag.py:2941} INFO - Sync 1 DAGs
[2025-12-08T13:35:25.595+0000] {logging_mixin.py:154} INFO - [2025-12-08T13:35:25.595+0000] {dag.py:3722} INFO - Setting next_dagrun for example_branch_labels to 2025-12-07T00:00:00+00:00, run_after=2025-12-08T00:00:00+00:00
[2025-12-08T13:35:25.616+0000] {processor.py:179} INFO - Processing /home/airflow/.local/lib/python3.8/site-packages/airflow/example_dags/example_branch_labels.py took 0.057 seconds
[2025-12-08T13:35:55.953+0000] {processor.py:157} INFO - Started process (PID=179) to work on /home/airflow/.local/lib/python3.8/site-packages/airflow/example_dags/example_branch_labels.py
[2025-12-08T13:35:55.954+0000] {processor.py:829} INFO - Processing file /home/airflow/.local/lib/python3.8/site-packages/airflow/example_dags/example_branch_labels.py for tasks to queue
[2025-12-08T13:35:55.955+0000] {logging_mixin.py:154} INFO - [2025-12-08T13:35:55.955+0000] {dagbag.py:536} INFO - Filling up the DagBag from /home/airflow/.local/lib/python3.8/site-packages/airflow/example_dags/example_branch_labels.py
[2025-12-08T13:35:55.960+0000] {processor.py:839} INFO - DAG(s) dict_keys(['example_branch_labels']) retrieved from /home/airflow/.local/lib/python3.8/site-packages/airflow/example_dags/example_branch_labels.py
[2025-12-08T13:35:55.973+0000] {logging_mixin.py:154} INFO - [2025-12-08T13:35:55.972+0000] {dag.py:2941} INFO - Sync 1 DAGs
[2025-12-08T13:35:55.986+0000] {logging_mixin.py:154} INFO - [2025-12-08T13:35:55.986+0000] {dag.py:3722} INFO - Setting next_dagrun for example_branch_labels to 2025-12-07T00:00:00+00:00, run_after=2025-12-08T00:00:00+00:00
[2025-12-08T13:35:56.012+0000] {processor.py:179} INFO - Processing /home/airflow/.local/lib/python3.8/site-packages/airflow/example_dags/example_branch_labels.py took 0.061 seconds
[2025-12-08T13:36:26.145+0000] {processor.py:157} INFO - Started process (PID=234) to work on /home/airflow/.local/lib/python3.8/site-packages/airflow/example_dags/example_branch_labels.py
[2025-12-08T13:36:26.145+0000] {processor.py:829} INFO - Processing file /home/airflow/.local/lib/python3.8/site-packages/airflow/example_dags/example_branch_labels.py for tasks to queue
[2025-12-08T13:36:26.147+0000] {logging_mixin.py:154} INFO - [2025-12-08T13:36:26.147+0000] {dagbag.py:536} INFO - Filling up the DagBag from /home/airflow/.local/lib/python3.8/site-packages/airflow/example_dags/example_branch_labels.py
[2025-12-08T13:36:26.154+0000] {processor.py:839} INFO - DAG(s) dict_keys(['example_branch_labels']) retrieved from /home/airflow/.local/lib/python3.8/site-packages/airflow/example_dags/example_branch_labels.py
[2025-12-08T13:36:26.168+0000] {logging_mixin.py:154} INFO - [2025-12-08T13:36:26.168+0000] {dag.py:2941} INFO - Sync 1 DAGs
[2025-12-08T13:36:26.180+0000] {logging_mixin.py:154} INFO - [2025-12-08T13:36:26.180+0000] {dag.py:3722} INFO - Setting next_dagrun for example_branch_labels to 2025-12-07T00:00:00+00:00, run_after=2025-12-08T00:00:00+00:00
[2025-12-08T13:36:26.203+0000] {processor.py:179} INFO - Processing /home/airflow/.local/lib/python3.8/site-packages/airflow/example_dags/example_branch_labels.py took 0.064 seconds
[2025-12-08T13:36:56.416+0000] {processor.py:157} INFO - Started process (PID=289) to work on /home/airflow/.local/lib/python3.8/site-packages/airflow/example_dags/example_branch_labels.py
[2025-12-08T13:36:56.417+0000] {processor.py:829} INFO - Processing file /home/airflow/.local/lib/python3.8/site-packages/airflow/example_dags/example_branch_labels.py for tasks to queue
[2025-12-08T13:36:56.418+0000] {logging_mixin.py:154} INFO - [2025-12-08T13:36:56.418+0000] {dagbag.py:536} INFO - Filling up the DagBag from /home/airflow/.local/lib/python3.8/site-packages/airflow/example_dags/example_branch_labels.py
[2025-12-08T13:36:56.422+0000] {processor.py:839} INFO - DAG(s) dict_keys(['example_branch_labels']) retrieved from /home/airflow/.local/lib/python3.8/site-packages/airflow/example_dags/example_branch_labels.py
[2025-12-08T13:36:56.434+0000] {logging_mixin.py:154} INFO - [2025-12-08T13:36:56.434+0000] {dag.py:2941} INFO - Sync 1 DAGs
[2025-12-08T13:36:56.447+0000] {logging_mixin.py:154} INFO - [2025-12-08T13:36:56.447+0000] {dag.py:3722} INFO - Setting next_dagrun for example_branch_labels to 2025-12-07T00:00:00+00:00, run_after=2025-12-08T00:00:00+00:00
[2025-12-08T13:36:56.458+0000] {processor.py:179} INFO - Processing /home/airflow/.local/lib/python3.8/site-packages/airflow/example_dags/example_branch_labels.py took 0.045 seconds
[2025-12-08T13:37:26.520+0000] {processor.py:157} INFO - Started process (PID=344) to work on /home/airflow/.local/lib/python3.8/site-packages/airflow/example_dags/example_branch_labels.py
[2025-12-08T13:37:26.521+0000] {processor.py:829} INFO - Processing file /home/airflow/.local/lib/python3.8/site-packages/airflow/example_dags/example_branch_labels.py for tasks to queue
[2025-12-08T13:37:26.522+0000] {logging_mixin.py:154} INFO - [2025-12-08T13:37:26.522+0000] {dagbag.py:536} INFO - Filling up the DagBag from /home/airflow/.local/lib/python3.8/site-packages/airflow/example_dags/example_branch_labels.py
[2025-12-08T13:37:26.527+0000] {processor.py:839} INFO - DAG(s) dict_keys(['example_branch_labels']) retrieved from /home/airflow/.local/lib/python3.8/site-packages/airflow/example_dags/example_branch_labels.py
[2025-12-08T13:37:26.539+0000] {logging_mixin.py:154} INFO - [2025-12-08T13:37:26.538+0000] {dag.py:2941} INFO - Sync 1 DAGs
[2025-12-08T13:37:26.552+0000] {logging_mixin.py:154} INFO - [2025-12-08T13:37:26.552+0000] {dag.py:3722} INFO - Setting next_dagrun for example_branch_labels to 2025-12-07T00:00:00+00:00, run_after=2025-12-08T00:00:00+00:00
[2025-12-08T13:37:26.564+0000] {processor.py:179} INFO - Processing /home/airflow/.local/lib/python3.8/site-packages/airflow/example_dags/example_branch_labels.py took 0.045 seconds
[2025-12-08T13:37:56.677+0000] {processor.py:157} INFO - Started process (PID=399) to work on /home/airflow/.local/lib/python3.8/site-packages/airflow/example_dags/example_branch_labels.py
[2025-12-08T13:37:56.677+0000] {processor.py:829} INFO - Processing file /home/airflow/.local/lib/python3.8/site-packages/airflow/example_dags/example_branch_labels.py for tasks to queue
[2025-12-08T13:37:56.678+0000] {logging_mixin.py:154} INFO - [2025-12-08T13:37:56.678+0000] {dagbag.py:536} INFO - Filling up the DagBag from /home/airflow/.local/lib/python3.8/site-packages/airflow/example_dags/example_branch_labels.py
[2025-12-08T13:37:56.683+0000] {processor.py:839} INFO - DAG(s) dict_keys(['example_branch_labels']) retrieved from /home/airflow/.local/lib/python3.8/site-packages/airflow/example_dags/example_branch_labels.py
[2025-12-08T13:37:56.695+0000] {logging_mixin.py:154} INFO - [2025-12-08T13:37:56.694+0000] {dag.py:2941} INFO - Sync 1 DAGs
[2025-12-08T13:37:56.707+0000] {logging_mixin.py:154} INFO - [2025-12-08T13:37:56.707+0000] {dag.py:3722} INFO - Setting next_dagrun for example_branch_labels to 2025-12-07T00:00:00+00:00, run_after=2025-12-08T00:00:00+00:00
[2025-12-08T13:37:56.717+0000] {processor.py:179} INFO - Processing /home/airflow/.local/lib/python3.8/site-packages/airflow/example_dags/example_branch_labels.py took 0.042 seconds
[2025-12-08T13:38:27.303+0000] {processor.py:157} INFO - Started process (PID=461) to work on /home/airflow/.local/lib/python3.8/site-packages/airflow/example_dags/example_branch_labels.py
[2025-12-08T13:38:27.304+0000] {processor.py:829} INFO - Processing file /home/airflow/.local/lib/python3.8/site-packages/airflow/example_dags/example_branch_labels.py for tasks to queue
[2025-12-08T13:38:27.305+0000] {logging_mixin.py:154} INFO - [2025-12-08T13:38:27.305+0000] {dagbag.py:536} INFO - Filling up the DagBag from /home/airflow/.local/lib/python3.8/site-packages/airflow/example_dags/example_branch_labels.py
[2025-12-08T13:38:27.310+0000] {processor.py:839} INFO - DAG(s) dict_keys(['example_branch_labels']) retrieved from /home/airflow/.local/lib/python3.8/site-packages/airflow/example_dags/example_branch_labels.py
[2025-12-08T13:38:27.334+0000] {logging_mixin.py:154} INFO - [2025-12-08T13:38:27.334+0000] {dag.py:2941} INFO - Sync 1 DAGs
[2025-12-08T13:38:27.347+0000] {logging_mixin.py:154} INFO - [2025-12-08T13:38:27.347+0000] {dag.py:3722} INFO - Setting next_dagrun for example_branch_labels to 2025-12-07T00:00:00+00:00, run_after=2025-12-08T00:00:00+00:00
[2025-12-08T13:38:27.358+0000] {processor.py:179} INFO - Processing /home/airflow/.local/lib/python3.8/site-packages/airflow/example_dags/example_branch_labels.py took 0.058 seconds
