[2025-12-08T13:34:55.532+0000] {processor.py:157} INFO - Started process (PID=82) to work on /home/airflow/.local/lib/python3.8/site-packages/airflow/example_dags/example_setup_teardown.py
[2025-12-08T13:34:55.533+0000] {processor.py:829} INFO - Processing file /home/airflow/.local/lib/python3.8/site-packages/airflow/example_dags/example_setup_teardown.py for tasks to queue
[2025-12-08T13:34:55.534+0000] {logging_mixin.py:154} INFO - [2025-12-08T13:34:55.534+0000] {dagbag.py:536} INFO - Filling up the DagBag from /home/airflow/.local/lib/python3.8/site-packages/airflow/example_dags/example_setup_teardown.py
[2025-12-08T13:34:55.540+0000] {processor.py:839} INFO - DAG(s) dict_keys(['example_setup_teardown']) retrieved from /home/airflow/.local/lib/python3.8/site-packages/airflow/example_dags/example_setup_teardown.py
[2025-12-08T13:34:55.548+0000] {logging_mixin.py:154} INFO - [2025-12-08T13:34:55.548+0000] {dag.py:2941} INFO - Sync 1 DAGs
[2025-12-08T13:34:55.564+0000] {logging_mixin.py:154} INFO - [2025-12-08T13:34:55.564+0000] {dag.py:3722} INFO - Setting next_dagrun for example_setup_teardown to 2025-12-07T13:34:55.563830+00:00, run_after=2025-12-08T13:34:55.563830+00:00
[2025-12-08T13:34:55.581+0000] {processor.py:179} INFO - Processing /home/airflow/.local/lib/python3.8/site-packages/airflow/example_dags/example_setup_teardown.py took 0.051 seconds
[2025-12-08T13:35:26.517+0000] {processor.py:157} INFO - Started process (PID=145) to work on /home/airflow/.local/lib/python3.8/site-packages/airflow/example_dags/example_setup_teardown.py
[2025-12-08T13:35:26.517+0000] {processor.py:829} INFO - Processing file /home/airflow/.local/lib/python3.8/site-packages/airflow/example_dags/example_setup_teardown.py for tasks to queue
[2025-12-08T13:35:26.519+0000] {logging_mixin.py:154} INFO - [2025-12-08T13:35:26.518+0000] {dagbag.py:536} INFO - Filling up the DagBag from /home/airflow/.local/lib/python3.8/site-packages/airflow/example_dags/example_setup_teardown.py
[2025-12-08T13:35:26.522+0000] {processor.py:839} INFO - DAG(s) dict_keys(['example_setup_teardown']) retrieved from /home/airflow/.local/lib/python3.8/site-packages/airflow/example_dags/example_setup_teardown.py
[2025-12-08T13:35:26.534+0000] {logging_mixin.py:154} INFO - [2025-12-08T13:35:26.534+0000] {dag.py:2941} INFO - Sync 1 DAGs
[2025-12-08T13:35:26.546+0000] {logging_mixin.py:154} INFO - [2025-12-08T13:35:26.546+0000] {dag.py:3722} INFO - Setting next_dagrun for example_setup_teardown to 2025-12-07T13:35:26.546461+00:00, run_after=2025-12-08T13:35:26.546461+00:00
[2025-12-08T13:35:26.563+0000] {processor.py:179} INFO - Processing /home/airflow/.local/lib/python3.8/site-packages/airflow/example_dags/example_setup_teardown.py took 0.047 seconds
[2025-12-08T13:35:56.948+0000] {processor.py:157} INFO - Started process (PID=207) to work on /home/airflow/.local/lib/python3.8/site-packages/airflow/example_dags/example_setup_teardown.py
[2025-12-08T13:35:56.948+0000] {processor.py:829} INFO - Processing file /home/airflow/.local/lib/python3.8/site-packages/airflow/example_dags/example_setup_teardown.py for tasks to queue
[2025-12-08T13:35:56.950+0000] {logging_mixin.py:154} INFO - [2025-12-08T13:35:56.950+0000] {dagbag.py:536} INFO - Filling up the DagBag from /home/airflow/.local/lib/python3.8/site-packages/airflow/example_dags/example_setup_teardown.py
[2025-12-08T13:35:56.954+0000] {processor.py:839} INFO - DAG(s) dict_keys(['example_setup_teardown']) retrieved from /home/airflow/.local/lib/python3.8/site-packages/airflow/example_dags/example_setup_teardown.py
[2025-12-08T13:35:56.967+0000] {logging_mixin.py:154} INFO - [2025-12-08T13:35:56.967+0000] {dag.py:2941} INFO - Sync 1 DAGs
[2025-12-08T13:35:56.980+0000] {logging_mixin.py:154} INFO - [2025-12-08T13:35:56.980+0000] {dag.py:3722} INFO - Setting next_dagrun for example_setup_teardown to 2025-12-07T13:35:56.979959+00:00, run_after=2025-12-08T13:35:56.979959+00:00
[2025-12-08T13:35:57.001+0000] {processor.py:179} INFO - Processing /home/airflow/.local/lib/python3.8/site-packages/airflow/example_dags/example_setup_teardown.py took 0.057 seconds
[2025-12-08T13:36:27.255+0000] {processor.py:157} INFO - Started process (PID=262) to work on /home/airflow/.local/lib/python3.8/site-packages/airflow/example_dags/example_setup_teardown.py
[2025-12-08T13:36:27.262+0000] {processor.py:829} INFO - Processing file /home/airflow/.local/lib/python3.8/site-packages/airflow/example_dags/example_setup_teardown.py for tasks to queue
[2025-12-08T13:36:27.264+0000] {logging_mixin.py:154} INFO - [2025-12-08T13:36:27.263+0000] {dagbag.py:536} INFO - Filling up the DagBag from /home/airflow/.local/lib/python3.8/site-packages/airflow/example_dags/example_setup_teardown.py
[2025-12-08T13:36:27.268+0000] {processor.py:839} INFO - DAG(s) dict_keys(['example_setup_teardown']) retrieved from /home/airflow/.local/lib/python3.8/site-packages/airflow/example_dags/example_setup_teardown.py
[2025-12-08T13:36:27.292+0000] {logging_mixin.py:154} INFO - [2025-12-08T13:36:27.292+0000] {dag.py:2941} INFO - Sync 1 DAGs
[2025-12-08T13:36:27.311+0000] {logging_mixin.py:154} INFO - [2025-12-08T13:36:27.311+0000] {dag.py:3722} INFO - Setting next_dagrun for example_setup_teardown to 2025-12-07T13:36:27.310866+00:00, run_after=2025-12-08T13:36:27.310866+00:00
[2025-12-08T13:36:27.327+0000] {processor.py:179} INFO - Processing /home/airflow/.local/lib/python3.8/site-packages/airflow/example_dags/example_setup_teardown.py took 0.074 seconds
[2025-12-08T13:36:57.372+0000] {processor.py:157} INFO - Started process (PID=317) to work on /home/airflow/.local/lib/python3.8/site-packages/airflow/example_dags/example_setup_teardown.py
[2025-12-08T13:36:57.373+0000] {processor.py:829} INFO - Processing file /home/airflow/.local/lib/python3.8/site-packages/airflow/example_dags/example_setup_teardown.py for tasks to queue
[2025-12-08T13:36:57.374+0000] {logging_mixin.py:154} INFO - [2025-12-08T13:36:57.374+0000] {dagbag.py:536} INFO - Filling up the DagBag from /home/airflow/.local/lib/python3.8/site-packages/airflow/example_dags/example_setup_teardown.py
[2025-12-08T13:36:57.378+0000] {processor.py:839} INFO - DAG(s) dict_keys(['example_setup_teardown']) retrieved from /home/airflow/.local/lib/python3.8/site-packages/airflow/example_dags/example_setup_teardown.py
[2025-12-08T13:36:57.389+0000] {logging_mixin.py:154} INFO - [2025-12-08T13:36:57.389+0000] {dag.py:2941} INFO - Sync 1 DAGs
[2025-12-08T13:36:57.402+0000] {logging_mixin.py:154} INFO - [2025-12-08T13:36:57.401+0000] {dag.py:3722} INFO - Setting next_dagrun for example_setup_teardown to 2025-12-07T13:36:57.401808+00:00, run_after=2025-12-08T13:36:57.401808+00:00
[2025-12-08T13:36:57.412+0000] {processor.py:179} INFO - Processing /home/airflow/.local/lib/python3.8/site-packages/airflow/example_dags/example_setup_teardown.py took 0.042 seconds
[2025-12-08T13:37:28.328+0000] {processor.py:157} INFO - Started process (PID=372) to work on /home/airflow/.local/lib/python3.8/site-packages/airflow/example_dags/example_setup_teardown.py
[2025-12-08T13:37:28.329+0000] {processor.py:829} INFO - Processing file /home/airflow/.local/lib/python3.8/site-packages/airflow/example_dags/example_setup_teardown.py for tasks to queue
[2025-12-08T13:37:28.330+0000] {logging_mixin.py:154} INFO - [2025-12-08T13:37:28.330+0000] {dagbag.py:536} INFO - Filling up the DagBag from /home/airflow/.local/lib/python3.8/site-packages/airflow/example_dags/example_setup_teardown.py
[2025-12-08T13:37:28.334+0000] {processor.py:839} INFO - DAG(s) dict_keys(['example_setup_teardown']) retrieved from /home/airflow/.local/lib/python3.8/site-packages/airflow/example_dags/example_setup_teardown.py
[2025-12-08T13:37:28.349+0000] {logging_mixin.py:154} INFO - [2025-12-08T13:37:28.349+0000] {dag.py:2941} INFO - Sync 1 DAGs
[2025-12-08T13:37:28.362+0000] {logging_mixin.py:154} INFO - [2025-12-08T13:37:28.361+0000] {dag.py:3722} INFO - Setting next_dagrun for example_setup_teardown to 2025-12-07T13:37:28.361865+00:00, run_after=2025-12-08T13:37:28.361865+00:00
[2025-12-08T13:37:28.372+0000] {processor.py:179} INFO - Processing /home/airflow/.local/lib/python3.8/site-packages/airflow/example_dags/example_setup_teardown.py took 0.047 seconds
[2025-12-08T13:37:58.398+0000] {processor.py:157} INFO - Started process (PID=427) to work on /home/airflow/.local/lib/python3.8/site-packages/airflow/example_dags/example_setup_teardown.py
[2025-12-08T13:37:58.399+0000] {processor.py:829} INFO - Processing file /home/airflow/.local/lib/python3.8/site-packages/airflow/example_dags/example_setup_teardown.py for tasks to queue
[2025-12-08T13:37:58.400+0000] {logging_mixin.py:154} INFO - [2025-12-08T13:37:58.400+0000] {dagbag.py:536} INFO - Filling up the DagBag from /home/airflow/.local/lib/python3.8/site-packages/airflow/example_dags/example_setup_teardown.py
[2025-12-08T13:37:58.406+0000] {processor.py:839} INFO - DAG(s) dict_keys(['example_setup_teardown']) retrieved from /home/airflow/.local/lib/python3.8/site-packages/airflow/example_dags/example_setup_teardown.py
[2025-12-08T13:37:58.421+0000] {logging_mixin.py:154} INFO - [2025-12-08T13:37:58.421+0000] {dag.py:2941} INFO - Sync 1 DAGs
[2025-12-08T13:37:58.437+0000] {logging_mixin.py:154} INFO - [2025-12-08T13:37:58.437+0000] {dag.py:3722} INFO - Setting next_dagrun for example_setup_teardown to 2025-12-07T13:37:58.437407+00:00, run_after=2025-12-08T13:37:58.437407+00:00
[2025-12-08T13:37:58.448+0000] {processor.py:179} INFO - Processing /home/airflow/.local/lib/python3.8/site-packages/airflow/example_dags/example_setup_teardown.py took 0.053 seconds
[2025-12-08T13:38:29.095+0000] {processor.py:157} INFO - Started process (PID=482) to work on /home/airflow/.local/lib/python3.8/site-packages/airflow/example_dags/example_setup_teardown.py
[2025-12-08T13:38:29.095+0000] {processor.py:829} INFO - Processing file /home/airflow/.local/lib/python3.8/site-packages/airflow/example_dags/example_setup_teardown.py for tasks to queue
[2025-12-08T13:38:29.097+0000] {logging_mixin.py:154} INFO - [2025-12-08T13:38:29.096+0000] {dagbag.py:536} INFO - Filling up the DagBag from /home/airflow/.local/lib/python3.8/site-packages/airflow/example_dags/example_setup_teardown.py
[2025-12-08T13:38:29.101+0000] {processor.py:839} INFO - DAG(s) dict_keys(['example_setup_teardown']) retrieved from /home/airflow/.local/lib/python3.8/site-packages/airflow/example_dags/example_setup_teardown.py
[2025-12-08T13:38:29.114+0000] {logging_mixin.py:154} INFO - [2025-12-08T13:38:29.114+0000] {dag.py:2941} INFO - Sync 1 DAGs
[2025-12-08T13:38:29.127+0000] {logging_mixin.py:154} INFO - [2025-12-08T13:38:29.127+0000] {dag.py:3722} INFO - Setting next_dagrun for example_setup_teardown to 2025-12-07T13:38:29.127060+00:00, run_after=2025-12-08T13:38:29.127060+00:00
[2025-12-08T13:38:29.137+0000] {processor.py:179} INFO - Processing /home/airflow/.local/lib/python3.8/site-packages/airflow/example_dags/example_setup_teardown.py took 0.044 seconds
