[2025-12-08T13:34:55.148+0000] {processor.py:157} INFO - Started process (PID=71) to work on /home/airflow/.local/lib/python3.8/site-packages/airflow/example_dags/example_kubernetes_executor.py
[2025-12-08T13:34:55.148+0000] {processor.py:829} INFO - Processing file /home/airflow/.local/lib/python3.8/site-packages/airflow/example_dags/example_kubernetes_executor.py for tasks to queue
[2025-12-08T13:34:55.149+0000] {logging_mixin.py:154} INFO - [2025-12-08T13:34:55.149+0000] {dagbag.py:536} INFO - Filling up the DagBag from /home/airflow/.local/lib/python3.8/site-packages/airflow/example_dags/example_kubernetes_executor.py
[2025-12-08T13:34:55.158+0000] {processor.py:839} INFO - DAG(s) dict_keys(['example_kubernetes_executor']) retrieved from /home/airflow/.local/lib/python3.8/site-packages/airflow/example_dags/example_kubernetes_executor.py
[2025-12-08T13:34:55.168+0000] {logging_mixin.py:154} INFO - [2025-12-08T13:34:55.168+0000] {dag.py:2941} INFO - Sync 1 DAGs
[2025-12-08T13:34:55.179+0000] {logging_mixin.py:154} INFO - [2025-12-08T13:34:55.179+0000] {dag.py:3722} INFO - Setting next_dagrun for example_kubernetes_executor to None, run_after=None
[2025-12-08T13:34:55.197+0000] {processor.py:179} INFO - Processing /home/airflow/.local/lib/python3.8/site-packages/airflow/example_dags/example_kubernetes_executor.py took 0.051 seconds
[2025-12-08T13:35:25.996+0000] {processor.py:157} INFO - Started process (PID=134) to work on /home/airflow/.local/lib/python3.8/site-packages/airflow/example_dags/example_kubernetes_executor.py
[2025-12-08T13:35:25.996+0000] {processor.py:829} INFO - Processing file /home/airflow/.local/lib/python3.8/site-packages/airflow/example_dags/example_kubernetes_executor.py for tasks to queue
[2025-12-08T13:35:25.998+0000] {logging_mixin.py:154} INFO - [2025-12-08T13:35:25.997+0000] {dagbag.py:536} INFO - Filling up the DagBag from /home/airflow/.local/lib/python3.8/site-packages/airflow/example_dags/example_kubernetes_executor.py
[2025-12-08T13:35:26.012+0000] {processor.py:839} INFO - DAG(s) dict_keys(['example_kubernetes_executor']) retrieved from /home/airflow/.local/lib/python3.8/site-packages/airflow/example_dags/example_kubernetes_executor.py
[2025-12-08T13:35:26.042+0000] {logging_mixin.py:154} INFO - [2025-12-08T13:35:26.042+0000] {dag.py:2941} INFO - Sync 1 DAGs
[2025-12-08T13:35:26.049+0000] {logging_mixin.py:154} INFO - [2025-12-08T13:35:26.049+0000] {dag.py:3722} INFO - Setting next_dagrun for example_kubernetes_executor to None, run_after=None
[2025-12-08T13:35:26.059+0000] {processor.py:179} INFO - Processing /home/airflow/.local/lib/python3.8/site-packages/airflow/example_dags/example_kubernetes_executor.py took 0.066 seconds
[2025-12-08T13:35:56.427+0000] {processor.py:157} INFO - Started process (PID=189) to work on /home/airflow/.local/lib/python3.8/site-packages/airflow/example_dags/example_kubernetes_executor.py
[2025-12-08T13:35:56.427+0000] {processor.py:829} INFO - Processing file /home/airflow/.local/lib/python3.8/site-packages/airflow/example_dags/example_kubernetes_executor.py for tasks to queue
[2025-12-08T13:35:56.428+0000] {logging_mixin.py:154} INFO - [2025-12-08T13:35:56.428+0000] {dagbag.py:536} INFO - Filling up the DagBag from /home/airflow/.local/lib/python3.8/site-packages/airflow/example_dags/example_kubernetes_executor.py
[2025-12-08T13:35:56.436+0000] {processor.py:839} INFO - DAG(s) dict_keys(['example_kubernetes_executor']) retrieved from /home/airflow/.local/lib/python3.8/site-packages/airflow/example_dags/example_kubernetes_executor.py
[2025-12-08T13:35:56.464+0000] {logging_mixin.py:154} INFO - [2025-12-08T13:35:56.464+0000] {dag.py:2941} INFO - Sync 1 DAGs
[2025-12-08T13:35:56.471+0000] {logging_mixin.py:154} INFO - [2025-12-08T13:35:56.471+0000] {dag.py:3722} INFO - Setting next_dagrun for example_kubernetes_executor to None, run_after=None
[2025-12-08T13:35:56.484+0000] {processor.py:179} INFO - Processing /home/airflow/.local/lib/python3.8/site-packages/airflow/example_dags/example_kubernetes_executor.py took 0.059 seconds
[2025-12-08T13:36:26.658+0000] {processor.py:157} INFO - Started process (PID=244) to work on /home/airflow/.local/lib/python3.8/site-packages/airflow/example_dags/example_kubernetes_executor.py
[2025-12-08T13:36:26.658+0000] {processor.py:829} INFO - Processing file /home/airflow/.local/lib/python3.8/site-packages/airflow/example_dags/example_kubernetes_executor.py for tasks to queue
[2025-12-08T13:36:26.659+0000] {logging_mixin.py:154} INFO - [2025-12-08T13:36:26.659+0000] {dagbag.py:536} INFO - Filling up the DagBag from /home/airflow/.local/lib/python3.8/site-packages/airflow/example_dags/example_kubernetes_executor.py
[2025-12-08T13:36:26.666+0000] {processor.py:839} INFO - DAG(s) dict_keys(['example_kubernetes_executor']) retrieved from /home/airflow/.local/lib/python3.8/site-packages/airflow/example_dags/example_kubernetes_executor.py
[2025-12-08T13:36:26.687+0000] {logging_mixin.py:154} INFO - [2025-12-08T13:36:26.687+0000] {dag.py:2941} INFO - Sync 1 DAGs
[2025-12-08T13:36:26.694+0000] {logging_mixin.py:154} INFO - [2025-12-08T13:36:26.694+0000] {dag.py:3722} INFO - Setting next_dagrun for example_kubernetes_executor to None, run_after=None
[2025-12-08T13:36:26.708+0000] {processor.py:179} INFO - Processing /home/airflow/.local/lib/python3.8/site-packages/airflow/example_dags/example_kubernetes_executor.py took 0.052 seconds
[2025-12-08T13:36:56.917+0000] {processor.py:157} INFO - Started process (PID=306) to work on /home/airflow/.local/lib/python3.8/site-packages/airflow/example_dags/example_kubernetes_executor.py
[2025-12-08T13:36:56.917+0000] {processor.py:829} INFO - Processing file /home/airflow/.local/lib/python3.8/site-packages/airflow/example_dags/example_kubernetes_executor.py for tasks to queue
[2025-12-08T13:36:56.918+0000] {logging_mixin.py:154} INFO - [2025-12-08T13:36:56.918+0000] {dagbag.py:536} INFO - Filling up the DagBag from /home/airflow/.local/lib/python3.8/site-packages/airflow/example_dags/example_kubernetes_executor.py
[2025-12-08T13:36:56.926+0000] {processor.py:839} INFO - DAG(s) dict_keys(['example_kubernetes_executor']) retrieved from /home/airflow/.local/lib/python3.8/site-packages/airflow/example_dags/example_kubernetes_executor.py
[2025-12-08T13:36:56.952+0000] {logging_mixin.py:154} INFO - [2025-12-08T13:36:56.952+0000] {dag.py:2941} INFO - Sync 1 DAGs
[2025-12-08T13:36:56.959+0000] {logging_mixin.py:154} INFO - [2025-12-08T13:36:56.959+0000] {dag.py:3722} INFO - Setting next_dagrun for example_kubernetes_executor to None, run_after=None
[2025-12-08T13:36:56.972+0000] {processor.py:179} INFO - Processing /home/airflow/.local/lib/python3.8/site-packages/airflow/example_dags/example_kubernetes_executor.py took 0.057 seconds
[2025-12-08T13:37:27.924+0000] {processor.py:157} INFO - Started process (PID=361) to work on /home/airflow/.local/lib/python3.8/site-packages/airflow/example_dags/example_kubernetes_executor.py
[2025-12-08T13:37:27.925+0000] {processor.py:829} INFO - Processing file /home/airflow/.local/lib/python3.8/site-packages/airflow/example_dags/example_kubernetes_executor.py for tasks to queue
[2025-12-08T13:37:27.926+0000] {logging_mixin.py:154} INFO - [2025-12-08T13:37:27.926+0000] {dagbag.py:536} INFO - Filling up the DagBag from /home/airflow/.local/lib/python3.8/site-packages/airflow/example_dags/example_kubernetes_executor.py
[2025-12-08T13:37:27.934+0000] {processor.py:839} INFO - DAG(s) dict_keys(['example_kubernetes_executor']) retrieved from /home/airflow/.local/lib/python3.8/site-packages/airflow/example_dags/example_kubernetes_executor.py
[2025-12-08T13:37:27.955+0000] {logging_mixin.py:154} INFO - [2025-12-08T13:37:27.955+0000] {dag.py:2941} INFO - Sync 1 DAGs
[2025-12-08T13:37:27.963+0000] {logging_mixin.py:154} INFO - [2025-12-08T13:37:27.963+0000] {dag.py:3722} INFO - Setting next_dagrun for example_kubernetes_executor to None, run_after=None
[2025-12-08T13:37:27.976+0000] {processor.py:179} INFO - Processing /home/airflow/.local/lib/python3.8/site-packages/airflow/example_dags/example_kubernetes_executor.py took 0.054 seconds
[2025-12-08T13:37:58.064+0000] {processor.py:157} INFO - Started process (PID=416) to work on /home/airflow/.local/lib/python3.8/site-packages/airflow/example_dags/example_kubernetes_executor.py
[2025-12-08T13:37:58.064+0000] {processor.py:829} INFO - Processing file /home/airflow/.local/lib/python3.8/site-packages/airflow/example_dags/example_kubernetes_executor.py for tasks to queue
[2025-12-08T13:37:58.065+0000] {logging_mixin.py:154} INFO - [2025-12-08T13:37:58.065+0000] {dagbag.py:536} INFO - Filling up the DagBag from /home/airflow/.local/lib/python3.8/site-packages/airflow/example_dags/example_kubernetes_executor.py
[2025-12-08T13:37:58.072+0000] {processor.py:839} INFO - DAG(s) dict_keys(['example_kubernetes_executor']) retrieved from /home/airflow/.local/lib/python3.8/site-packages/airflow/example_dags/example_kubernetes_executor.py
[2025-12-08T13:37:58.094+0000] {logging_mixin.py:154} INFO - [2025-12-08T13:37:58.093+0000] {dag.py:2941} INFO - Sync 1 DAGs
[2025-12-08T13:37:58.100+0000] {logging_mixin.py:154} INFO - [2025-12-08T13:37:58.100+0000] {dag.py:3722} INFO - Setting next_dagrun for example_kubernetes_executor to None, run_after=None
[2025-12-08T13:37:58.112+0000] {processor.py:179} INFO - Processing /home/airflow/.local/lib/python3.8/site-packages/airflow/example_dags/example_kubernetes_executor.py took 0.050 seconds
[2025-12-08T13:38:28.732+0000] {processor.py:157} INFO - Started process (PID=471) to work on /home/airflow/.local/lib/python3.8/site-packages/airflow/example_dags/example_kubernetes_executor.py
[2025-12-08T13:38:28.732+0000] {processor.py:829} INFO - Processing file /home/airflow/.local/lib/python3.8/site-packages/airflow/example_dags/example_kubernetes_executor.py for tasks to queue
[2025-12-08T13:38:28.733+0000] {logging_mixin.py:154} INFO - [2025-12-08T13:38:28.733+0000] {dagbag.py:536} INFO - Filling up the DagBag from /home/airflow/.local/lib/python3.8/site-packages/airflow/example_dags/example_kubernetes_executor.py
[2025-12-08T13:38:28.740+0000] {processor.py:839} INFO - DAG(s) dict_keys(['example_kubernetes_executor']) retrieved from /home/airflow/.local/lib/python3.8/site-packages/airflow/example_dags/example_kubernetes_executor.py
[2025-12-08T13:38:28.762+0000] {logging_mixin.py:154} INFO - [2025-12-08T13:38:28.762+0000] {dag.py:2941} INFO - Sync 1 DAGs
[2025-12-08T13:38:28.770+0000] {logging_mixin.py:154} INFO - [2025-12-08T13:38:28.770+0000] {dag.py:3722} INFO - Setting next_dagrun for example_kubernetes_executor to None, run_after=None
[2025-12-08T13:38:28.781+0000] {processor.py:179} INFO - Processing /home/airflow/.local/lib/python3.8/site-packages/airflow/example_dags/example_kubernetes_executor.py took 0.052 seconds
