[2025-12-08T13:34:54.593+0000] {processor.py:157} INFO - Started process (PID=59) to work on /home/airflow/.local/lib/python3.8/site-packages/airflow/example_dags/example_branch_datetime_operator.py
[2025-12-08T13:34:54.593+0000] {processor.py:829} INFO - Processing file /home/airflow/.local/lib/python3.8/site-packages/airflow/example_dags/example_branch_datetime_operator.py for tasks to queue
[2025-12-08T13:34:54.595+0000] {logging_mixin.py:154} INFO - [2025-12-08T13:34:54.595+0000] {dagbag.py:536} INFO - Filling up the DagBag from /home/airflow/.local/lib/python3.8/site-packages/airflow/example_dags/example_branch_datetime_operator.py
[2025-12-08T13:34:54.606+0000] {processor.py:839} INFO - DAG(s) dict_keys(['example_branch_datetime_operator', 'example_branch_datetime_operator_3', 'example_branch_datetime_operator_2']) retrieved from /home/airflow/.local/lib/python3.8/site-packages/airflow/example_dags/example_branch_datetime_operator.py
[2025-12-08T13:34:54.617+0000] {logging_mixin.py:154} INFO - [2025-12-08T13:34:54.617+0000] {dag.py:2941} INFO - Sync 3 DAGs
[2025-12-08T13:34:54.634+0000] {logging_mixin.py:154} INFO - [2025-12-08T13:34:54.634+0000] {dag.py:3722} INFO - Setting next_dagrun for example_branch_datetime_operator to 2025-12-07T00:00:00+00:00, run_after=2025-12-08T00:00:00+00:00
[2025-12-08T13:34:54.637+0000] {logging_mixin.py:154} INFO - [2025-12-08T13:34:54.637+0000] {dag.py:3722} INFO - Setting next_dagrun for example_branch_datetime_operator_2 to 2025-12-07T00:00:00+00:00, run_after=2025-12-08T00:00:00+00:00
[2025-12-08T13:34:54.639+0000] {logging_mixin.py:154} INFO - [2025-12-08T13:34:54.639+0000] {dag.py:3722} INFO - Setting next_dagrun for example_branch_datetime_operator_3 to 2025-12-07T00:00:00+00:00, run_after=2025-12-08T00:00:00+00:00
[2025-12-08T13:34:54.655+0000] {processor.py:179} INFO - Processing /home/airflow/.local/lib/python3.8/site-packages/airflow/example_dags/example_branch_datetime_operator.py took 0.065 seconds
[2025-12-08T13:35:25.478+0000] {processor.py:157} INFO - Started process (PID=122) to work on /home/airflow/.local/lib/python3.8/site-packages/airflow/example_dags/example_branch_datetime_operator.py
[2025-12-08T13:35:25.479+0000] {processor.py:829} INFO - Processing file /home/airflow/.local/lib/python3.8/site-packages/airflow/example_dags/example_branch_datetime_operator.py for tasks to queue
[2025-12-08T13:35:25.481+0000] {logging_mixin.py:154} INFO - [2025-12-08T13:35:25.480+0000] {dagbag.py:536} INFO - Filling up the DagBag from /home/airflow/.local/lib/python3.8/site-packages/airflow/example_dags/example_branch_datetime_operator.py
[2025-12-08T13:35:25.488+0000] {processor.py:839} INFO - DAG(s) dict_keys(['example_branch_datetime_operator_3', 'example_branch_datetime_operator', 'example_branch_datetime_operator_2']) retrieved from /home/airflow/.local/lib/python3.8/site-packages/airflow/example_dags/example_branch_datetime_operator.py
[2025-12-08T13:35:25.510+0000] {logging_mixin.py:154} INFO - [2025-12-08T13:35:25.510+0000] {dag.py:2941} INFO - Sync 3 DAGs
[2025-12-08T13:35:25.522+0000] {logging_mixin.py:154} INFO - [2025-12-08T13:35:25.522+0000] {dag.py:3722} INFO - Setting next_dagrun for example_branch_datetime_operator to 2025-12-07T00:00:00+00:00, run_after=2025-12-08T00:00:00+00:00
[2025-12-08T13:35:25.525+0000] {logging_mixin.py:154} INFO - [2025-12-08T13:35:25.525+0000] {dag.py:3722} INFO - Setting next_dagrun for example_branch_datetime_operator_2 to 2025-12-07T00:00:00+00:00, run_after=2025-12-08T00:00:00+00:00
[2025-12-08T13:35:25.526+0000] {logging_mixin.py:154} INFO - [2025-12-08T13:35:25.526+0000] {dag.py:3722} INFO - Setting next_dagrun for example_branch_datetime_operator_3 to 2025-12-07T00:00:00+00:00, run_after=2025-12-08T00:00:00+00:00
[2025-12-08T13:35:25.546+0000] {processor.py:179} INFO - Processing /home/airflow/.local/lib/python3.8/site-packages/airflow/example_dags/example_branch_datetime_operator.py took 0.070 seconds
[2025-12-08T13:35:55.845+0000] {processor.py:157} INFO - Started process (PID=177) to work on /home/airflow/.local/lib/python3.8/site-packages/airflow/example_dags/example_branch_datetime_operator.py
[2025-12-08T13:35:55.846+0000] {processor.py:829} INFO - Processing file /home/airflow/.local/lib/python3.8/site-packages/airflow/example_dags/example_branch_datetime_operator.py for tasks to queue
[2025-12-08T13:35:55.847+0000] {logging_mixin.py:154} INFO - [2025-12-08T13:35:55.847+0000] {dagbag.py:536} INFO - Filling up the DagBag from /home/airflow/.local/lib/python3.8/site-packages/airflow/example_dags/example_branch_datetime_operator.py
[2025-12-08T13:35:55.854+0000] {processor.py:839} INFO - DAG(s) dict_keys(['example_branch_datetime_operator_2', 'example_branch_datetime_operator', 'example_branch_datetime_operator_3']) retrieved from /home/airflow/.local/lib/python3.8/site-packages/airflow/example_dags/example_branch_datetime_operator.py
[2025-12-08T13:35:55.876+0000] {logging_mixin.py:154} INFO - [2025-12-08T13:35:55.876+0000] {dag.py:2941} INFO - Sync 3 DAGs
[2025-12-08T13:35:55.892+0000] {logging_mixin.py:154} INFO - [2025-12-08T13:35:55.892+0000] {dag.py:3722} INFO - Setting next_dagrun for example_branch_datetime_operator to 2025-12-07T00:00:00+00:00, run_after=2025-12-08T00:00:00+00:00
[2025-12-08T13:35:55.895+0000] {logging_mixin.py:154} INFO - [2025-12-08T13:35:55.895+0000] {dag.py:3722} INFO - Setting next_dagrun for example_branch_datetime_operator_2 to 2025-12-07T00:00:00+00:00, run_after=2025-12-08T00:00:00+00:00
[2025-12-08T13:35:55.897+0000] {logging_mixin.py:154} INFO - [2025-12-08T13:35:55.897+0000] {dag.py:3722} INFO - Setting next_dagrun for example_branch_datetime_operator_3 to 2025-12-07T00:00:00+00:00, run_after=2025-12-08T00:00:00+00:00
[2025-12-08T13:35:55.927+0000] {processor.py:179} INFO - Processing /home/airflow/.local/lib/python3.8/site-packages/airflow/example_dags/example_branch_datetime_operator.py took 0.084 seconds
[2025-12-08T13:36:26.065+0000] {processor.py:157} INFO - Started process (PID=232) to work on /home/airflow/.local/lib/python3.8/site-packages/airflow/example_dags/example_branch_datetime_operator.py
[2025-12-08T13:36:26.066+0000] {processor.py:829} INFO - Processing file /home/airflow/.local/lib/python3.8/site-packages/airflow/example_dags/example_branch_datetime_operator.py for tasks to queue
[2025-12-08T13:36:26.067+0000] {logging_mixin.py:154} INFO - [2025-12-08T13:36:26.067+0000] {dagbag.py:536} INFO - Filling up the DagBag from /home/airflow/.local/lib/python3.8/site-packages/airflow/example_dags/example_branch_datetime_operator.py
[2025-12-08T13:36:26.073+0000] {processor.py:839} INFO - DAG(s) dict_keys(['example_branch_datetime_operator_3', 'example_branch_datetime_operator', 'example_branch_datetime_operator_2']) retrieved from /home/airflow/.local/lib/python3.8/site-packages/airflow/example_dags/example_branch_datetime_operator.py
[2025-12-08T13:36:26.088+0000] {logging_mixin.py:154} INFO - [2025-12-08T13:36:26.088+0000] {dag.py:2941} INFO - Sync 3 DAGs
[2025-12-08T13:36:26.102+0000] {logging_mixin.py:154} INFO - [2025-12-08T13:36:26.102+0000] {dag.py:3722} INFO - Setting next_dagrun for example_branch_datetime_operator to 2025-12-07T00:00:00+00:00, run_after=2025-12-08T00:00:00+00:00
[2025-12-08T13:36:26.105+0000] {logging_mixin.py:154} INFO - [2025-12-08T13:36:26.105+0000] {dag.py:3722} INFO - Setting next_dagrun for example_branch_datetime_operator_2 to 2025-12-07T00:00:00+00:00, run_after=2025-12-08T00:00:00+00:00
[2025-12-08T13:36:26.106+0000] {logging_mixin.py:154} INFO - [2025-12-08T13:36:26.106+0000] {dag.py:3722} INFO - Setting next_dagrun for example_branch_datetime_operator_3 to 2025-12-07T00:00:00+00:00, run_after=2025-12-08T00:00:00+00:00
[2025-12-08T13:36:26.131+0000] {processor.py:179} INFO - Processing /home/airflow/.local/lib/python3.8/site-packages/airflow/example_dags/example_branch_datetime_operator.py took 0.068 seconds
[2025-12-08T13:36:56.347+0000] {processor.py:157} INFO - Started process (PID=287) to work on /home/airflow/.local/lib/python3.8/site-packages/airflow/example_dags/example_branch_datetime_operator.py
[2025-12-08T13:36:56.348+0000] {processor.py:829} INFO - Processing file /home/airflow/.local/lib/python3.8/site-packages/airflow/example_dags/example_branch_datetime_operator.py for tasks to queue
[2025-12-08T13:36:56.350+0000] {logging_mixin.py:154} INFO - [2025-12-08T13:36:56.349+0000] {dagbag.py:536} INFO - Filling up the DagBag from /home/airflow/.local/lib/python3.8/site-packages/airflow/example_dags/example_branch_datetime_operator.py
[2025-12-08T13:36:56.356+0000] {processor.py:839} INFO - DAG(s) dict_keys(['example_branch_datetime_operator', 'example_branch_datetime_operator_3', 'example_branch_datetime_operator_2']) retrieved from /home/airflow/.local/lib/python3.8/site-packages/airflow/example_dags/example_branch_datetime_operator.py
[2025-12-08T13:36:56.371+0000] {logging_mixin.py:154} INFO - [2025-12-08T13:36:56.371+0000] {dag.py:2941} INFO - Sync 3 DAGs
[2025-12-08T13:36:56.384+0000] {logging_mixin.py:154} INFO - [2025-12-08T13:36:56.384+0000] {dag.py:3722} INFO - Setting next_dagrun for example_branch_datetime_operator to 2025-12-07T00:00:00+00:00, run_after=2025-12-08T00:00:00+00:00
[2025-12-08T13:36:56.388+0000] {logging_mixin.py:154} INFO - [2025-12-08T13:36:56.388+0000] {dag.py:3722} INFO - Setting next_dagrun for example_branch_datetime_operator_2 to 2025-12-07T00:00:00+00:00, run_after=2025-12-08T00:00:00+00:00
[2025-12-08T13:36:56.389+0000] {logging_mixin.py:154} INFO - [2025-12-08T13:36:56.389+0000] {dag.py:3722} INFO - Setting next_dagrun for example_branch_datetime_operator_3 to 2025-12-07T00:00:00+00:00, run_after=2025-12-08T00:00:00+00:00
[2025-12-08T13:36:56.400+0000] {processor.py:179} INFO - Processing /home/airflow/.local/lib/python3.8/site-packages/airflow/example_dags/example_branch_datetime_operator.py took 0.055 seconds
[2025-12-08T13:37:26.448+0000] {processor.py:157} INFO - Started process (PID=342) to work on /home/airflow/.local/lib/python3.8/site-packages/airflow/example_dags/example_branch_datetime_operator.py
[2025-12-08T13:37:26.449+0000] {processor.py:829} INFO - Processing file /home/airflow/.local/lib/python3.8/site-packages/airflow/example_dags/example_branch_datetime_operator.py for tasks to queue
[2025-12-08T13:37:26.450+0000] {logging_mixin.py:154} INFO - [2025-12-08T13:37:26.450+0000] {dagbag.py:536} INFO - Filling up the DagBag from /home/airflow/.local/lib/python3.8/site-packages/airflow/example_dags/example_branch_datetime_operator.py
[2025-12-08T13:37:26.456+0000] {processor.py:839} INFO - DAG(s) dict_keys(['example_branch_datetime_operator_2', 'example_branch_datetime_operator_3', 'example_branch_datetime_operator']) retrieved from /home/airflow/.local/lib/python3.8/site-packages/airflow/example_dags/example_branch_datetime_operator.py
[2025-12-08T13:37:26.475+0000] {logging_mixin.py:154} INFO - [2025-12-08T13:37:26.475+0000] {dag.py:2941} INFO - Sync 3 DAGs
[2025-12-08T13:37:26.490+0000] {logging_mixin.py:154} INFO - [2025-12-08T13:37:26.489+0000] {dag.py:3722} INFO - Setting next_dagrun for example_branch_datetime_operator to 2025-12-07T00:00:00+00:00, run_after=2025-12-08T00:00:00+00:00
[2025-12-08T13:37:26.492+0000] {logging_mixin.py:154} INFO - [2025-12-08T13:37:26.492+0000] {dag.py:3722} INFO - Setting next_dagrun for example_branch_datetime_operator_2 to 2025-12-07T00:00:00+00:00, run_after=2025-12-08T00:00:00+00:00
[2025-12-08T13:37:26.494+0000] {logging_mixin.py:154} INFO - [2025-12-08T13:37:26.494+0000] {dag.py:3722} INFO - Setting next_dagrun for example_branch_datetime_operator_3 to 2025-12-07T00:00:00+00:00, run_after=2025-12-08T00:00:00+00:00
[2025-12-08T13:37:26.504+0000] {processor.py:179} INFO - Processing /home/airflow/.local/lib/python3.8/site-packages/airflow/example_dags/example_branch_datetime_operator.py took 0.058 seconds
[2025-12-08T13:37:56.611+0000] {processor.py:157} INFO - Started process (PID=397) to work on /home/airflow/.local/lib/python3.8/site-packages/airflow/example_dags/example_branch_datetime_operator.py
[2025-12-08T13:37:56.611+0000] {processor.py:829} INFO - Processing file /home/airflow/.local/lib/python3.8/site-packages/airflow/example_dags/example_branch_datetime_operator.py for tasks to queue
[2025-12-08T13:37:56.613+0000] {logging_mixin.py:154} INFO - [2025-12-08T13:37:56.613+0000] {dagbag.py:536} INFO - Filling up the DagBag from /home/airflow/.local/lib/python3.8/site-packages/airflow/example_dags/example_branch_datetime_operator.py
[2025-12-08T13:37:56.621+0000] {processor.py:839} INFO - DAG(s) dict_keys(['example_branch_datetime_operator_2', 'example_branch_datetime_operator_3', 'example_branch_datetime_operator']) retrieved from /home/airflow/.local/lib/python3.8/site-packages/airflow/example_dags/example_branch_datetime_operator.py
[2025-12-08T13:37:56.637+0000] {logging_mixin.py:154} INFO - [2025-12-08T13:37:56.637+0000] {dag.py:2941} INFO - Sync 3 DAGs
[2025-12-08T13:37:56.650+0000] {logging_mixin.py:154} INFO - [2025-12-08T13:37:56.650+0000] {dag.py:3722} INFO - Setting next_dagrun for example_branch_datetime_operator to 2025-12-07T00:00:00+00:00, run_after=2025-12-08T00:00:00+00:00
[2025-12-08T13:37:56.653+0000] {logging_mixin.py:154} INFO - [2025-12-08T13:37:56.653+0000] {dag.py:3722} INFO - Setting next_dagrun for example_branch_datetime_operator_2 to 2025-12-07T00:00:00+00:00, run_after=2025-12-08T00:00:00+00:00
[2025-12-08T13:37:56.654+0000] {logging_mixin.py:154} INFO - [2025-12-08T13:37:56.654+0000] {dag.py:3722} INFO - Setting next_dagrun for example_branch_datetime_operator_3 to 2025-12-07T00:00:00+00:00, run_after=2025-12-08T00:00:00+00:00
[2025-12-08T13:37:56.663+0000] {processor.py:179} INFO - Processing /home/airflow/.local/lib/python3.8/site-packages/airflow/example_dags/example_branch_datetime_operator.py took 0.055 seconds
[2025-12-08T13:38:27.239+0000] {processor.py:157} INFO - Started process (PID=459) to work on /home/airflow/.local/lib/python3.8/site-packages/airflow/example_dags/example_branch_datetime_operator.py
[2025-12-08T13:38:27.239+0000] {processor.py:829} INFO - Processing file /home/airflow/.local/lib/python3.8/site-packages/airflow/example_dags/example_branch_datetime_operator.py for tasks to queue
[2025-12-08T13:38:27.240+0000] {logging_mixin.py:154} INFO - [2025-12-08T13:38:27.240+0000] {dagbag.py:536} INFO - Filling up the DagBag from /home/airflow/.local/lib/python3.8/site-packages/airflow/example_dags/example_branch_datetime_operator.py
[2025-12-08T13:38:27.246+0000] {processor.py:839} INFO - DAG(s) dict_keys(['example_branch_datetime_operator', 'example_branch_datetime_operator_2', 'example_branch_datetime_operator_3']) retrieved from /home/airflow/.local/lib/python3.8/site-packages/airflow/example_dags/example_branch_datetime_operator.py
[2025-12-08T13:38:27.262+0000] {logging_mixin.py:154} INFO - [2025-12-08T13:38:27.262+0000] {dag.py:2941} INFO - Sync 3 DAGs
[2025-12-08T13:38:27.275+0000] {logging_mixin.py:154} INFO - [2025-12-08T13:38:27.275+0000] {dag.py:3722} INFO - Setting next_dagrun for example_branch_datetime_operator to 2025-12-07T00:00:00+00:00, run_after=2025-12-08T00:00:00+00:00
[2025-12-08T13:38:27.278+0000] {logging_mixin.py:154} INFO - [2025-12-08T13:38:27.278+0000] {dag.py:3722} INFO - Setting next_dagrun for example_branch_datetime_operator_2 to 2025-12-07T00:00:00+00:00, run_after=2025-12-08T00:00:00+00:00
[2025-12-08T13:38:27.279+0000] {logging_mixin.py:154} INFO - [2025-12-08T13:38:27.279+0000] {dag.py:3722} INFO - Setting next_dagrun for example_branch_datetime_operator_3 to 2025-12-07T00:00:00+00:00, run_after=2025-12-08T00:00:00+00:00
[2025-12-08T13:38:27.289+0000] {processor.py:179} INFO - Processing /home/airflow/.local/lib/python3.8/site-packages/airflow/example_dags/example_branch_datetime_operator.py took 0.052 seconds
