[2025-12-08T13:34:56.079+0000] {processor.py:157} INFO - Started process (PID=100) to work on /home/airflow/.local/lib/python3.8/site-packages/airflow/example_dags/tutorial.py
[2025-12-08T13:34:56.079+0000] {processor.py:829} INFO - Processing file /home/airflow/.local/lib/python3.8/site-packages/airflow/example_dags/tutorial.py for tasks to queue
[2025-12-08T13:34:56.081+0000] {logging_mixin.py:154} INFO - [2025-12-08T13:34:56.081+0000] {dagbag.py:536} INFO - Filling up the DagBag from /home/airflow/.local/lib/python3.8/site-packages/airflow/example_dags/tutorial.py
[2025-12-08T13:34:56.085+0000] {processor.py:839} INFO - DAG(s) dict_keys(['tutorial']) retrieved from /home/airflow/.local/lib/python3.8/site-packages/airflow/example_dags/tutorial.py
[2025-12-08T13:34:56.093+0000] {logging_mixin.py:154} INFO - [2025-12-08T13:34:56.093+0000] {dag.py:2941} INFO - Sync 1 DAGs
[2025-12-08T13:34:56.108+0000] {logging_mixin.py:154} INFO - [2025-12-08T13:34:56.108+0000] {dag.py:3722} INFO - Setting next_dagrun for tutorial to 2025-12-07T13:34:56.108606+00:00, run_after=2025-12-08T13:34:56.108606+00:00
[2025-12-08T13:34:56.120+0000] {processor.py:179} INFO - Processing /home/airflow/.local/lib/python3.8/site-packages/airflow/example_dags/tutorial.py took 0.044 seconds
[2025-12-08T13:35:27.089+0000] {processor.py:157} INFO - Started process (PID=166) to work on /home/airflow/.local/lib/python3.8/site-packages/airflow/example_dags/tutorial.py
[2025-12-08T13:35:27.089+0000] {processor.py:829} INFO - Processing file /home/airflow/.local/lib/python3.8/site-packages/airflow/example_dags/tutorial.py for tasks to queue
[2025-12-08T13:35:27.090+0000] {logging_mixin.py:154} INFO - [2025-12-08T13:35:27.090+0000] {dagbag.py:536} INFO - Filling up the DagBag from /home/airflow/.local/lib/python3.8/site-packages/airflow/example_dags/tutorial.py
[2025-12-08T13:35:27.094+0000] {processor.py:839} INFO - DAG(s) dict_keys(['tutorial']) retrieved from /home/airflow/.local/lib/python3.8/site-packages/airflow/example_dags/tutorial.py
[2025-12-08T13:35:27.109+0000] {logging_mixin.py:154} INFO - [2025-12-08T13:35:27.108+0000] {dag.py:2941} INFO - Sync 1 DAGs
[2025-12-08T13:35:27.122+0000] {logging_mixin.py:154} INFO - [2025-12-08T13:35:27.122+0000] {dag.py:3722} INFO - Setting next_dagrun for tutorial to 2025-12-07T13:35:27.121966+00:00, run_after=2025-12-08T13:35:27.121966+00:00
[2025-12-08T13:35:27.139+0000] {processor.py:179} INFO - Processing /home/airflow/.local/lib/python3.8/site-packages/airflow/example_dags/tutorial.py took 0.053 seconds
[2025-12-08T13:35:57.624+0000] {processor.py:157} INFO - Started process (PID=221) to work on /home/airflow/.local/lib/python3.8/site-packages/airflow/example_dags/tutorial.py
[2025-12-08T13:35:57.624+0000] {processor.py:829} INFO - Processing file /home/airflow/.local/lib/python3.8/site-packages/airflow/example_dags/tutorial.py for tasks to queue
[2025-12-08T13:35:57.625+0000] {logging_mixin.py:154} INFO - [2025-12-08T13:35:57.625+0000] {dagbag.py:536} INFO - Filling up the DagBag from /home/airflow/.local/lib/python3.8/site-packages/airflow/example_dags/tutorial.py
[2025-12-08T13:35:57.629+0000] {processor.py:839} INFO - DAG(s) dict_keys(['tutorial']) retrieved from /home/airflow/.local/lib/python3.8/site-packages/airflow/example_dags/tutorial.py
[2025-12-08T13:35:57.649+0000] {logging_mixin.py:154} INFO - [2025-12-08T13:35:57.649+0000] {dag.py:2941} INFO - Sync 1 DAGs
[2025-12-08T13:35:57.663+0000] {logging_mixin.py:154} INFO - [2025-12-08T13:35:57.663+0000] {dag.py:3722} INFO - Setting next_dagrun for tutorial to 2025-12-07T13:35:57.662876+00:00, run_after=2025-12-08T13:35:57.662876+00:00
[2025-12-08T13:35:57.681+0000] {processor.py:179} INFO - Processing /home/airflow/.local/lib/python3.8/site-packages/airflow/example_dags/tutorial.py took 0.059 seconds
[2025-12-08T13:36:27.915+0000] {processor.py:157} INFO - Started process (PID=276) to work on /home/airflow/.local/lib/python3.8/site-packages/airflow/example_dags/tutorial.py
[2025-12-08T13:36:27.915+0000] {processor.py:829} INFO - Processing file /home/airflow/.local/lib/python3.8/site-packages/airflow/example_dags/tutorial.py for tasks to queue
[2025-12-08T13:36:27.917+0000] {logging_mixin.py:154} INFO - [2025-12-08T13:36:27.917+0000] {dagbag.py:536} INFO - Filling up the DagBag from /home/airflow/.local/lib/python3.8/site-packages/airflow/example_dags/tutorial.py
[2025-12-08T13:36:27.923+0000] {processor.py:839} INFO - DAG(s) dict_keys(['tutorial']) retrieved from /home/airflow/.local/lib/python3.8/site-packages/airflow/example_dags/tutorial.py
[2025-12-08T13:36:27.945+0000] {logging_mixin.py:154} INFO - [2025-12-08T13:36:27.945+0000] {dag.py:2941} INFO - Sync 1 DAGs
[2025-12-08T13:36:27.961+0000] {logging_mixin.py:154} INFO - [2025-12-08T13:36:27.961+0000] {dag.py:3722} INFO - Setting next_dagrun for tutorial to 2025-12-07T13:36:27.960872+00:00, run_after=2025-12-08T13:36:27.960872+00:00
[2025-12-08T13:36:27.976+0000] {processor.py:179} INFO - Processing /home/airflow/.local/lib/python3.8/site-packages/airflow/example_dags/tutorial.py took 0.066 seconds
[2025-12-08T13:36:59.089+0000] {processor.py:157} INFO - Started process (PID=331) to work on /home/airflow/.local/lib/python3.8/site-packages/airflow/example_dags/tutorial.py
[2025-12-08T13:36:59.090+0000] {processor.py:829} INFO - Processing file /home/airflow/.local/lib/python3.8/site-packages/airflow/example_dags/tutorial.py for tasks to queue
[2025-12-08T13:36:59.091+0000] {logging_mixin.py:154} INFO - [2025-12-08T13:36:59.091+0000] {dagbag.py:536} INFO - Filling up the DagBag from /home/airflow/.local/lib/python3.8/site-packages/airflow/example_dags/tutorial.py
[2025-12-08T13:36:59.095+0000] {processor.py:839} INFO - DAG(s) dict_keys(['tutorial']) retrieved from /home/airflow/.local/lib/python3.8/site-packages/airflow/example_dags/tutorial.py
[2025-12-08T13:36:59.107+0000] {logging_mixin.py:154} INFO - [2025-12-08T13:36:59.107+0000] {dag.py:2941} INFO - Sync 1 DAGs
[2025-12-08T13:36:59.120+0000] {logging_mixin.py:154} INFO - [2025-12-08T13:36:59.120+0000] {dag.py:3722} INFO - Setting next_dagrun for tutorial to 2025-12-07T13:36:59.119992+00:00, run_after=2025-12-08T13:36:59.119992+00:00
[2025-12-08T13:36:59.134+0000] {processor.py:179} INFO - Processing /home/airflow/.local/lib/python3.8/site-packages/airflow/example_dags/tutorial.py took 0.047 seconds
[2025-12-08T13:37:29.841+0000] {processor.py:157} INFO - Started process (PID=386) to work on /home/airflow/.local/lib/python3.8/site-packages/airflow/example_dags/tutorial.py
[2025-12-08T13:37:29.846+0000] {processor.py:829} INFO - Processing file /home/airflow/.local/lib/python3.8/site-packages/airflow/example_dags/tutorial.py for tasks to queue
[2025-12-08T13:37:29.847+0000] {logging_mixin.py:154} INFO - [2025-12-08T13:37:29.847+0000] {dagbag.py:536} INFO - Filling up the DagBag from /home/airflow/.local/lib/python3.8/site-packages/airflow/example_dags/tutorial.py
[2025-12-08T13:37:29.850+0000] {processor.py:839} INFO - DAG(s) dict_keys(['tutorial']) retrieved from /home/airflow/.local/lib/python3.8/site-packages/airflow/example_dags/tutorial.py
[2025-12-08T13:37:29.865+0000] {logging_mixin.py:154} INFO - [2025-12-08T13:37:29.865+0000] {dag.py:2941} INFO - Sync 1 DAGs
[2025-12-08T13:37:29.877+0000] {logging_mixin.py:154} INFO - [2025-12-08T13:37:29.877+0000] {dag.py:3722} INFO - Setting next_dagrun for tutorial to 2025-12-07T13:37:29.877656+00:00, run_after=2025-12-08T13:37:29.877656+00:00
[2025-12-08T13:37:29.887+0000] {processor.py:179} INFO - Processing /home/airflow/.local/lib/python3.8/site-packages/airflow/example_dags/tutorial.py took 0.048 seconds
[2025-12-08T13:38:00.878+0000] {processor.py:157} INFO - Started process (PID=441) to work on /home/airflow/.local/lib/python3.8/site-packages/airflow/example_dags/tutorial.py
[2025-12-08T13:38:00.879+0000] {processor.py:829} INFO - Processing file /home/airflow/.local/lib/python3.8/site-packages/airflow/example_dags/tutorial.py for tasks to queue
[2025-12-08T13:38:00.880+0000] {logging_mixin.py:154} INFO - [2025-12-08T13:38:00.880+0000] {dagbag.py:536} INFO - Filling up the DagBag from /home/airflow/.local/lib/python3.8/site-packages/airflow/example_dags/tutorial.py
[2025-12-08T13:38:00.885+0000] {processor.py:839} INFO - DAG(s) dict_keys(['tutorial']) retrieved from /home/airflow/.local/lib/python3.8/site-packages/airflow/example_dags/tutorial.py
[2025-12-08T13:38:00.899+0000] {logging_mixin.py:154} INFO - [2025-12-08T13:38:00.899+0000] {dag.py:2941} INFO - Sync 1 DAGs
[2025-12-08T13:38:00.911+0000] {logging_mixin.py:154} INFO - [2025-12-08T13:38:00.911+0000] {dag.py:3722} INFO - Setting next_dagrun for tutorial to 2025-12-07T13:38:00.911355+00:00, run_after=2025-12-08T13:38:00.911355+00:00
[2025-12-08T13:38:00.922+0000] {processor.py:179} INFO - Processing /home/airflow/.local/lib/python3.8/site-packages/airflow/example_dags/tutorial.py took 0.047 seconds
[2025-12-08T13:38:31.560+0000] {processor.py:157} INFO - Started process (PID=496) to work on /home/airflow/.local/lib/python3.8/site-packages/airflow/example_dags/tutorial.py
[2025-12-08T13:38:31.561+0000] {processor.py:829} INFO - Processing file /home/airflow/.local/lib/python3.8/site-packages/airflow/example_dags/tutorial.py for tasks to queue
[2025-12-08T13:38:31.562+0000] {logging_mixin.py:154} INFO - [2025-12-08T13:38:31.562+0000] {dagbag.py:536} INFO - Filling up the DagBag from /home/airflow/.local/lib/python3.8/site-packages/airflow/example_dags/tutorial.py
[2025-12-08T13:38:31.567+0000] {processor.py:839} INFO - DAG(s) dict_keys(['tutorial']) retrieved from /home/airflow/.local/lib/python3.8/site-packages/airflow/example_dags/tutorial.py
[2025-12-08T13:38:31.590+0000] {logging_mixin.py:154} INFO - [2025-12-08T13:38:31.589+0000] {dag.py:2941} INFO - Sync 1 DAGs
[2025-12-08T13:38:31.605+0000] {logging_mixin.py:154} INFO - [2025-12-08T13:38:31.605+0000] {dag.py:3722} INFO - Setting next_dagrun for tutorial to 2025-12-07T13:38:31.605087+00:00, run_after=2025-12-08T13:38:31.605087+00:00
[2025-12-08T13:38:31.615+0000] {processor.py:179} INFO - Processing /home/airflow/.local/lib/python3.8/site-packages/airflow/example_dags/tutorial.py took 0.057 seconds
