[2025-12-08T13:34:56.138+0000] {processor.py:157} INFO - Started process (PID=101) to work on /home/airflow/.local/lib/python3.8/site-packages/airflow/example_dags/tutorial_dag.py
[2025-12-08T13:34:56.138+0000] {processor.py:829} INFO - Processing file /home/airflow/.local/lib/python3.8/site-packages/airflow/example_dags/tutorial_dag.py for tasks to queue
[2025-12-08T13:34:56.141+0000] {logging_mixin.py:154} INFO - [2025-12-08T13:34:56.141+0000] {dagbag.py:536} INFO - Filling up the DagBag from /home/airflow/.local/lib/python3.8/site-packages/airflow/example_dags/tutorial_dag.py
[2025-12-08T13:34:56.147+0000] {processor.py:839} INFO - DAG(s) dict_keys(['tutorial_dag']) retrieved from /home/airflow/.local/lib/python3.8/site-packages/airflow/example_dags/tutorial_dag.py
[2025-12-08T13:34:56.161+0000] {logging_mixin.py:154} INFO - [2025-12-08T13:34:56.161+0000] {dag.py:2941} INFO - Sync 1 DAGs
[2025-12-08T13:34:56.175+0000] {logging_mixin.py:154} INFO - [2025-12-08T13:34:56.175+0000] {dag.py:3722} INFO - Setting next_dagrun for tutorial_dag to None, run_after=None
[2025-12-08T13:34:56.187+0000] {processor.py:179} INFO - Processing /home/airflow/.local/lib/python3.8/site-packages/airflow/example_dags/tutorial_dag.py took 0.053 seconds
[2025-12-08T13:35:27.098+0000] {processor.py:157} INFO - Started process (PID=167) to work on /home/airflow/.local/lib/python3.8/site-packages/airflow/example_dags/tutorial_dag.py
[2025-12-08T13:35:27.098+0000] {processor.py:829} INFO - Processing file /home/airflow/.local/lib/python3.8/site-packages/airflow/example_dags/tutorial_dag.py for tasks to queue
[2025-12-08T13:35:27.099+0000] {logging_mixin.py:154} INFO - [2025-12-08T13:35:27.099+0000] {dagbag.py:536} INFO - Filling up the DagBag from /home/airflow/.local/lib/python3.8/site-packages/airflow/example_dags/tutorial_dag.py
[2025-12-08T13:35:27.102+0000] {processor.py:839} INFO - DAG(s) dict_keys(['tutorial_dag']) retrieved from /home/airflow/.local/lib/python3.8/site-packages/airflow/example_dags/tutorial_dag.py
[2025-12-08T13:35:27.117+0000] {logging_mixin.py:154} INFO - [2025-12-08T13:35:27.117+0000] {dag.py:2941} INFO - Sync 1 DAGs
[2025-12-08T13:35:27.125+0000] {logging_mixin.py:154} INFO - [2025-12-08T13:35:27.124+0000] {dag.py:3722} INFO - Setting next_dagrun for tutorial_dag to None, run_after=None
[2025-12-08T13:35:27.141+0000] {processor.py:179} INFO - Processing /home/airflow/.local/lib/python3.8/site-packages/airflow/example_dags/tutorial_dag.py took 0.045 seconds
[2025-12-08T13:35:57.628+0000] {processor.py:157} INFO - Started process (PID=222) to work on /home/airflow/.local/lib/python3.8/site-packages/airflow/example_dags/tutorial_dag.py
[2025-12-08T13:35:57.628+0000] {processor.py:829} INFO - Processing file /home/airflow/.local/lib/python3.8/site-packages/airflow/example_dags/tutorial_dag.py for tasks to queue
[2025-12-08T13:35:57.629+0000] {logging_mixin.py:154} INFO - [2025-12-08T13:35:57.629+0000] {dagbag.py:536} INFO - Filling up the DagBag from /home/airflow/.local/lib/python3.8/site-packages/airflow/example_dags/tutorial_dag.py
[2025-12-08T13:35:57.633+0000] {processor.py:839} INFO - DAG(s) dict_keys(['tutorial_dag']) retrieved from /home/airflow/.local/lib/python3.8/site-packages/airflow/example_dags/tutorial_dag.py
[2025-12-08T13:35:57.649+0000] {logging_mixin.py:154} INFO - [2025-12-08T13:35:57.649+0000] {dag.py:2941} INFO - Sync 1 DAGs
[2025-12-08T13:35:57.657+0000] {logging_mixin.py:154} INFO - [2025-12-08T13:35:57.657+0000] {dag.py:3722} INFO - Setting next_dagrun for tutorial_dag to None, run_after=None
[2025-12-08T13:35:57.682+0000] {processor.py:179} INFO - Processing /home/airflow/.local/lib/python3.8/site-packages/airflow/example_dags/tutorial_dag.py took 0.057 seconds
[2025-12-08T13:36:27.991+0000] {processor.py:157} INFO - Started process (PID=277) to work on /home/airflow/.local/lib/python3.8/site-packages/airflow/example_dags/tutorial_dag.py
[2025-12-08T13:36:27.991+0000] {processor.py:829} INFO - Processing file /home/airflow/.local/lib/python3.8/site-packages/airflow/example_dags/tutorial_dag.py for tasks to queue
[2025-12-08T13:36:27.992+0000] {logging_mixin.py:154} INFO - [2025-12-08T13:36:27.992+0000] {dagbag.py:536} INFO - Filling up the DagBag from /home/airflow/.local/lib/python3.8/site-packages/airflow/example_dags/tutorial_dag.py
[2025-12-08T13:36:27.996+0000] {processor.py:839} INFO - DAG(s) dict_keys(['tutorial_dag']) retrieved from /home/airflow/.local/lib/python3.8/site-packages/airflow/example_dags/tutorial_dag.py
[2025-12-08T13:36:28.013+0000] {logging_mixin.py:154} INFO - [2025-12-08T13:36:28.012+0000] {dag.py:2941} INFO - Sync 1 DAGs
[2025-12-08T13:36:28.021+0000] {logging_mixin.py:154} INFO - [2025-12-08T13:36:28.021+0000] {dag.py:3722} INFO - Setting next_dagrun for tutorial_dag to None, run_after=None
[2025-12-08T13:36:28.039+0000] {processor.py:179} INFO - Processing /home/airflow/.local/lib/python3.8/site-packages/airflow/example_dags/tutorial_dag.py took 0.051 seconds
[2025-12-08T13:36:59.130+0000] {processor.py:157} INFO - Started process (PID=332) to work on /home/airflow/.local/lib/python3.8/site-packages/airflow/example_dags/tutorial_dag.py
[2025-12-08T13:36:59.131+0000] {processor.py:829} INFO - Processing file /home/airflow/.local/lib/python3.8/site-packages/airflow/example_dags/tutorial_dag.py for tasks to queue
[2025-12-08T13:36:59.132+0000] {logging_mixin.py:154} INFO - [2025-12-08T13:36:59.132+0000] {dagbag.py:536} INFO - Filling up the DagBag from /home/airflow/.local/lib/python3.8/site-packages/airflow/example_dags/tutorial_dag.py
[2025-12-08T13:36:59.136+0000] {processor.py:839} INFO - DAG(s) dict_keys(['tutorial_dag']) retrieved from /home/airflow/.local/lib/python3.8/site-packages/airflow/example_dags/tutorial_dag.py
[2025-12-08T13:36:59.149+0000] {logging_mixin.py:154} INFO - [2025-12-08T13:36:59.149+0000] {dag.py:2941} INFO - Sync 1 DAGs
[2025-12-08T13:36:59.157+0000] {logging_mixin.py:154} INFO - [2025-12-08T13:36:59.157+0000] {dag.py:3722} INFO - Setting next_dagrun for tutorial_dag to None, run_after=None
[2025-12-08T13:36:59.169+0000] {processor.py:179} INFO - Processing /home/airflow/.local/lib/python3.8/site-packages/airflow/example_dags/tutorial_dag.py took 0.041 seconds
[2025-12-08T13:37:29.890+0000] {processor.py:157} INFO - Started process (PID=387) to work on /home/airflow/.local/lib/python3.8/site-packages/airflow/example_dags/tutorial_dag.py
[2025-12-08T13:37:29.891+0000] {processor.py:829} INFO - Processing file /home/airflow/.local/lib/python3.8/site-packages/airflow/example_dags/tutorial_dag.py for tasks to queue
[2025-12-08T13:37:29.892+0000] {logging_mixin.py:154} INFO - [2025-12-08T13:37:29.892+0000] {dagbag.py:536} INFO - Filling up the DagBag from /home/airflow/.local/lib/python3.8/site-packages/airflow/example_dags/tutorial_dag.py
[2025-12-08T13:37:29.897+0000] {processor.py:839} INFO - DAG(s) dict_keys(['tutorial_dag']) retrieved from /home/airflow/.local/lib/python3.8/site-packages/airflow/example_dags/tutorial_dag.py
[2025-12-08T13:37:29.909+0000] {logging_mixin.py:154} INFO - [2025-12-08T13:37:29.909+0000] {dag.py:2941} INFO - Sync 1 DAGs
[2025-12-08T13:37:29.917+0000] {logging_mixin.py:154} INFO - [2025-12-08T13:37:29.916+0000] {dag.py:3722} INFO - Setting next_dagrun for tutorial_dag to None, run_after=None
[2025-12-08T13:37:29.928+0000] {processor.py:179} INFO - Processing /home/airflow/.local/lib/python3.8/site-packages/airflow/example_dags/tutorial_dag.py took 0.041 seconds
[2025-12-08T13:38:00.922+0000] {processor.py:157} INFO - Started process (PID=442) to work on /home/airflow/.local/lib/python3.8/site-packages/airflow/example_dags/tutorial_dag.py
[2025-12-08T13:38:00.922+0000] {processor.py:829} INFO - Processing file /home/airflow/.local/lib/python3.8/site-packages/airflow/example_dags/tutorial_dag.py for tasks to queue
[2025-12-08T13:38:00.924+0000] {logging_mixin.py:154} INFO - [2025-12-08T13:38:00.923+0000] {dagbag.py:536} INFO - Filling up the DagBag from /home/airflow/.local/lib/python3.8/site-packages/airflow/example_dags/tutorial_dag.py
[2025-12-08T13:38:00.927+0000] {processor.py:839} INFO - DAG(s) dict_keys(['tutorial_dag']) retrieved from /home/airflow/.local/lib/python3.8/site-packages/airflow/example_dags/tutorial_dag.py
[2025-12-08T13:38:00.939+0000] {logging_mixin.py:154} INFO - [2025-12-08T13:38:00.939+0000] {dag.py:2941} INFO - Sync 1 DAGs
[2025-12-08T13:38:00.946+0000] {logging_mixin.py:154} INFO - [2025-12-08T13:38:00.946+0000] {dag.py:3722} INFO - Setting next_dagrun for tutorial_dag to None, run_after=None
[2025-12-08T13:38:00.958+0000] {processor.py:179} INFO - Processing /home/airflow/.local/lib/python3.8/site-packages/airflow/example_dags/tutorial_dag.py took 0.038 seconds
[2025-12-08T13:38:31.627+0000] {processor.py:157} INFO - Started process (PID=497) to work on /home/airflow/.local/lib/python3.8/site-packages/airflow/example_dags/tutorial_dag.py
[2025-12-08T13:38:31.628+0000] {processor.py:829} INFO - Processing file /home/airflow/.local/lib/python3.8/site-packages/airflow/example_dags/tutorial_dag.py for tasks to queue
[2025-12-08T13:38:31.629+0000] {logging_mixin.py:154} INFO - [2025-12-08T13:38:31.629+0000] {dagbag.py:536} INFO - Filling up the DagBag from /home/airflow/.local/lib/python3.8/site-packages/airflow/example_dags/tutorial_dag.py
[2025-12-08T13:38:31.632+0000] {processor.py:839} INFO - DAG(s) dict_keys(['tutorial_dag']) retrieved from /home/airflow/.local/lib/python3.8/site-packages/airflow/example_dags/tutorial_dag.py
[2025-12-08T13:38:31.643+0000] {logging_mixin.py:154} INFO - [2025-12-08T13:38:31.643+0000] {dag.py:2941} INFO - Sync 1 DAGs
[2025-12-08T13:38:31.650+0000] {logging_mixin.py:154} INFO - [2025-12-08T13:38:31.650+0000] {dag.py:3722} INFO - Setting next_dagrun for tutorial_dag to None, run_after=None
[2025-12-08T13:38:31.660+0000] {processor.py:179} INFO - Processing /home/airflow/.local/lib/python3.8/site-packages/airflow/example_dags/tutorial_dag.py took 0.036 seconds
