[2025-11-30T00:21:37.897+0000] {taskinstance.py:1159} INFO - Dependencies all met for dep_context=non-requeueable deps ti=<TaskInstance: flight_etl.spark_batch_processor manual__2025-11-30T00:19:59.886994+00:00 [queued]>
[2025-11-30T00:21:37.903+0000] {taskinstance.py:1159} INFO - Dependencies all met for dep_context=requeueable deps ti=<TaskInstance: flight_etl.spark_batch_processor manual__2025-11-30T00:19:59.886994+00:00 [queued]>
[2025-11-30T00:21:37.903+0000] {taskinstance.py:1361} INFO - Starting attempt 1 of 1
[2025-11-30T00:21:37.932+0000] {taskinstance.py:1382} INFO - Executing <Task(BashOperator): spark_batch_processor> on 2025-11-30 00:19:59.886994+00:00
[2025-11-30T00:21:37.939+0000] {standard_task_runner.py:57} INFO - Started process 650 to run task
[2025-11-30T00:21:37.942+0000] {standard_task_runner.py:84} INFO - Running: ['***', 'tasks', 'run', 'flight_etl', 'spark_batch_processor', 'manual__2025-11-30T00:19:59.886994+00:00', '--job-id', '356', '--raw', '--subdir', 'DAGS_FOLDER/etl-dag.py', '--cfg-path', '/tmp/tmpv2ygbmjs']
[2025-11-30T00:21:37.944+0000] {standard_task_runner.py:85} INFO - Job 356: Subtask spark_batch_processor
[2025-11-30T00:21:37.977+0000] {task_command.py:416} INFO - Running <TaskInstance: flight_etl.spark_batch_processor manual__2025-11-30T00:19:59.886994+00:00 [running]> on host c5613c26f8d0
[2025-11-30T00:21:38.033+0000] {taskinstance.py:1662} INFO - Exporting env vars: AIRFLOW_CTX_DAG_OWNER='***' AIRFLOW_CTX_DAG_ID='flight_etl' AIRFLOW_CTX_TASK_ID='spark_batch_processor' AIRFLOW_CTX_EXECUTION_DATE='2025-11-30T00:19:59.886994+00:00' AIRFLOW_CTX_TRY_NUMBER='1' AIRFLOW_CTX_DAG_RUN_ID='manual__2025-11-30T00:19:59.886994+00:00'
[2025-11-30T00:21:38.035+0000] {subprocess.py:63} INFO - Tmp dir root location: /tmp
[2025-11-30T00:21:38.035+0000] {subprocess.py:75} INFO - Running command: ['/bin/bash', '-c', '\n        docker exec spark-master /spark/bin/spark-submit \\\n            --master spark://spark-master:7077 \\\n            --jars /tmp/spark_drivers/postgresql-42.7.7.jar \\\n            /tmp/spark_drivers/batch.py \n    ']
[2025-11-30T00:21:38.046+0000] {subprocess.py:86} INFO - Output:
[2025-11-30T00:21:40.126+0000] {subprocess.py:93} INFO - 25/11/30 00:21:40 WARN NativeCodeLoader: Unable to load native-hadoop library for your platform... using builtin-java classes where applicable
[2025-11-30T00:21:40.255+0000] {subprocess.py:93} INFO - 25/11/30 00:21:40 WARN DependencyUtils: Local jar /tmp/spark_drivers/postgresql-42.7.7.jar does not exist, skipping.
[2025-11-30T00:21:40.303+0000] {subprocess.py:93} INFO - python3: can't open file '/tmp/spark_drivers/batch.py': [Errno 2] No such file or directory
[2025-11-30T00:21:40.308+0000] {subprocess.py:93} INFO - 25/11/30 00:21:40 INFO ShutdownHookManager: Shutdown hook called
[2025-11-30T00:21:40.309+0000] {subprocess.py:93} INFO - 25/11/30 00:21:40 INFO ShutdownHookManager: Deleting directory /tmp/spark-af9ac266-9fce-4ce2-812d-4c5cd52d0dfd
[2025-11-30T00:21:40.352+0000] {subprocess.py:97} INFO - Command exited with return code 2
[2025-11-30T00:21:40.360+0000] {taskinstance.py:1937} ERROR - Task failed with exception
Traceback (most recent call last):
  File "/home/airflow/.local/lib/python3.8/site-packages/airflow/operators/bash.py", line 210, in execute
    raise AirflowException(
airflow.exceptions.AirflowException: Bash command failed. The command returned a non-zero exit code 2.
[2025-11-30T00:21:40.369+0000] {taskinstance.py:1400} INFO - Marking task as FAILED. dag_id=flight_etl, task_id=spark_batch_processor, execution_date=20251130T001959, start_date=20251130T002137, end_date=20251130T002140
[2025-11-30T00:21:40.383+0000] {standard_task_runner.py:104} ERROR - Failed to execute job 356 for task spark_batch_processor (Bash command failed. The command returned a non-zero exit code 2.; 650)
[2025-11-30T00:21:40.400+0000] {local_task_job_runner.py:228} INFO - Task exited with return code 1
[2025-11-30T00:21:40.413+0000] {taskinstance.py:2778} INFO - 0 downstream tasks scheduled from follow-on schedule check
