[2025-11-29T19:03:03.170+0000] {taskinstance.py:1159} INFO - Dependencies all met for dep_context=non-requeueable deps ti=<TaskInstance: flight_etl.talend_etl_pipeline manual__2025-11-29T19:03:00.755594+00:00 [queued]>
[2025-11-29T19:03:03.187+0000] {taskinstance.py:1159} INFO - Dependencies all met for dep_context=requeueable deps ti=<TaskInstance: flight_etl.talend_etl_pipeline manual__2025-11-29T19:03:00.755594+00:00 [queued]>
[2025-11-29T19:03:03.188+0000] {taskinstance.py:1361} INFO - Starting attempt 1 of 1
[2025-11-29T19:03:03.252+0000] {taskinstance.py:1382} INFO - Executing <Task(PythonOperator): talend_etl_pipeline> on 2025-11-29 19:03:00.755594+00:00
[2025-11-29T19:03:03.262+0000] {standard_task_runner.py:57} INFO - Started process 335 to run task
[2025-11-29T19:03:03.269+0000] {standard_task_runner.py:84} INFO - Running: ['***', 'tasks', 'run', 'flight_etl', 'talend_etl_pipeline', 'manual__2025-11-29T19:03:00.755594+00:00', '--job-id', '148', '--raw', '--subdir', 'DAGS_FOLDER/etl-dag.py', '--cfg-path', '/tmp/tmpc4v03334']
[2025-11-29T19:03:03.270+0000] {standard_task_runner.py:85} INFO - Job 148: Subtask talend_etl_pipeline
[2025-11-29T19:03:03.368+0000] {task_command.py:416} INFO - Running <TaskInstance: flight_etl.talend_etl_pipeline manual__2025-11-29T19:03:00.755594+00:00 [running]> on host 5eb1b8ec96b4
[2025-11-29T19:03:03.956+0000] {taskinstance.py:1662} INFO - Exporting env vars: AIRFLOW_CTX_DAG_OWNER='***' AIRFLOW_CTX_DAG_ID='flight_etl' AIRFLOW_CTX_TASK_ID='talend_etl_pipeline' AIRFLOW_CTX_EXECUTION_DATE='2025-11-29T19:03:00.755594+00:00' AIRFLOW_CTX_TRY_NUMBER='1' AIRFLOW_CTX_DAG_RUN_ID='manual__2025-11-29T19:03:00.755594+00:00'
[2025-11-29T19:42:31.624+0000] {taskinstance.py:1937} ERROR - Task failed with exception
Traceback (most recent call last):
  File "/home/airflow/.local/lib/python3.8/site-packages/airflow/operators/python.py", line 192, in execute
    return_value = self.execute_callable()
  File "/home/airflow/.local/lib/python3.8/site-packages/airflow/operators/python.py", line 209, in execute_callable
    return self.python_callable(*self.op_args, **self.op_kwargs)
  File "/opt/airflow/dags/etl-dag.py", line 38, in run_talend_job
    raise Exception(f"Talend job failed: {result.stderr}")
Exception: Talend job failed: Exception in component tDBInput_2 (airport_dim)
org.postgresql.util.PSQLException: The connection attempt failed.
	at org.postgresql.core.v3.ConnectionFactoryImpl.openConnectionImpl(ConnectionFactoryImpl.java:297)
	at org.postgresql.core.ConnectionFactory.openConnection(ConnectionFactory.java:49)
	at org.postgresql.jdbc.PgConnection.<init>(PgConnection.java:217)
	at org.postgresql.Driver.makeConnection(Driver.java:458)
	at org.postgresql.Driver.connect(Driver.java:260)
	at java.sql/java.sql.DriverManager.getConnection(DriverManager.java:677)
	at java.sql/java.sql.DriverManager.getConnection(DriverManager.java:228)
	at depi.airport_dim_0_1.airport_dim.tDBInput_2Process(airport_dim.java:1964)
	at depi.airport_dim_0_1.airport_dim.runJobInTOS(airport_dim.java:3601)
	at depi.airport_dim_0_1.airport_dim.runJob(airport_dim.java:3432)
	at depi.parent_job_0_1.parent_job.tRunJob_1Process(parent_job.java:952)
	at depi.parent_job_0_1.parent_job.runJobInTOS(parent_job.java:8475)
	at depi.parent_job_0_1.parent_job.main(parent_job.java:8306)
Caused by: java.net.UnknownHostException: dwh-postgress
	at java.base/java.net.AbstractPlainSocketImpl.connect(AbstractPlainSocketImpl.java:229)
	at java.base/java.net.SocksSocketImpl.connect(SocksSocketImpl.java:392)
	at java.base/java.net.Socket.connect(Socket.java:609)
	at org.postgresql.core.PGStream.<init>(PGStream.java:81)
	at org.postgresql.core.v3.ConnectionFactoryImpl.tryConnect(ConnectionFactoryImpl.java:93)
	at org.postgresql.core.v3.ConnectionFactoryImpl.openConnectionImpl(ConnectionFactoryImpl.java:197)
	... 12 more
Exception in component tRunJob_1 (parent_job)
java.lang.RuntimeException: Child job running failed.
org.postgresql.util.PSQLException: The connection attempt failed.
	at depi.parent_job_0_1.parent_job.tRunJob_1Process(parent_job.java:965)
	at depi.parent_job_0_1.parent_job.runJobInTOS(parent_job.java:8475)
	at depi.parent_job_0_1.parent_job.main(parent_job.java:8306)
Exception in component tDBInput_3 (booking_fact)
org.postgresql.util.PSQLException: FATAL: terminating connection due to administrator command
	at org.postgresql.core.v3.QueryExecutorImpl.receiveErrorResponse(QueryExecutorImpl.java:2532)
	at org.postgresql.core.v3.QueryExecutorImpl.processResults(QueryExecutorImpl.java:2267)
	at org.postgresql.core.v3.QueryExecutorImpl.execute(QueryExecutorImpl.java:312)
	at org.postgresql.jdbc.PgConnection.executeTransactionCommand(PgConnection.java:837)
	at org.postgresql.jdbc.PgConnection.commit(PgConnection.java:859)
	at depi.booking_fact_0_1.booking_fact.tDBInput_2Process(booking_fact.java:3568)
	at depi.booking_fact_0_1.booking_fact.runJobInTOS(booking_fact.java:4081)
	at depi.booking_fact_0_1.booking_fact.runJob(booking_fact.java:3920)
	at depi.parent_job_0_1.parent_job.tRunJob_2Process(parent_job.java:1804)
	at depi.parent_job_0_1.parent_job.runJobInTOS(parent_job.java:8484)
	at depi.parent_job_0_1.parent_job.main(parent_job.java:8306)
Exception in component tRunJob_2 (parent_job)
java.lang.RuntimeException: Child job running failed.
org.postgresql.util.PSQLException: FATAL: terminating connection due to administrator command
	at depi.parent_job_0_1.parent_job.tRunJob_2Process(parent_job.java:1817)
	at depi.parent_job_0_1.parent_job.runJobInTOS(parent_job.java:8484)
	at depi.parent_job_0_1.parent_job.main(parent_job.java:8306)
Exception in component tDBOutput_1 (date_dim)
org.postgresql.util.PSQLException: FATAL: the database system is shutting down
	at org.postgresql.core.v3.ConnectionFactoryImpl.doAuthentication(ConnectionFactoryImpl.java:525)
	at org.postgresql.core.v3.ConnectionFactoryImpl.tryConnect(ConnectionFactoryImpl.java:146)
	at org.postgresql.core.v3.ConnectionFactoryImpl.openConnectionImpl(ConnectionFactoryImpl.java:197)
	at org.postgresql.core.ConnectionFactory.openConnection(ConnectionFactory.java:49)
	at org.postgresql.jdbc.PgConnection.<init>(PgConnection.java:217)
	at org.postgresql.Driver.makeConnection(Driver.java:458)
	at org.postgresql.Driver.connect(Driver.java:260)
	at java.sql/java.sql.DriverManager.getConnection(DriverManager.java:677)
	at java.sql/java.sql.DriverManager.getConnection(DriverManager.java:228)
	at depi.date_dim_0_1.date_dim.tDBInput_1Process(date_dim.java:1766)
	at depi.date_dim_0_1.date_dim.runJobInTOS(date_dim.java:3416)
	at depi.date_dim_0_1.date_dim.runJob(date_dim.java:3255)
	at depi.parent_job_0_1.parent_job.tRunJob_3Process(parent_job.java:2787)
	at depi.parent_job_0_1.parent_job.runJobInTOS(parent_job.java:8493)
	at depi.parent_job_0_1.parent_job.main(parent_job.java:8306)
Exception in component tRunJob_3 (parent_job)
java.lang.RuntimeException: Child job running failed.
org.postgresql.util.PSQLException: FATAL: the database system is shutting down
	at depi.parent_job_0_1.parent_job.tRunJob_3Process(parent_job.java:2800)
	at depi.parent_job_0_1.parent_job.runJobInTOS(parent_job.java:8493)
	at depi.parent_job_0_1.parent_job.main(parent_job.java:8306)
Exception in component tDBInput_1 (flight_dim)
org.postgresql.util.PSQLException: FATAL: the database system is shutting down
	at org.postgresql.core.v3.ConnectionFactoryImpl.doAuthentication(ConnectionFactoryImpl.java:525)
	at org.postgresql.core.v3.ConnectionFactoryImpl.tryConnect(ConnectionFactoryImpl.java:146)
	at org.postgresql.core.v3.ConnectionFactoryImpl.openConnectionImpl(ConnectionFactoryImpl.java:197)
	at org.postgresql.core.ConnectionFactory.openConnection(ConnectionFactory.java:49)
	at org.postgresql.jdbc.PgConnection.<init>(PgConnection.java:217)
	at org.postgresql.Driver.makeConnection(Driver.java:458)
	at org.postgresql.Driver.connect(Driver.java:260)
	at java.sql/java.sql.DriverManager.getConnection(DriverManager.java:677)
	at java.sql/java.sql.DriverManager.getConnection(DriverManager.java:228)
	at depi.flight_dim_0_1.flight_dim.tDBInput_1Process(flight_dim.java:5379)
	at depi.flight_dim_0_1.flight_dim.runJobInTOS(flight_dim.java:8856)
	at depi.flight_dim_0_1.flight_dim.runJob(flight_dim.java:8695)
	at depi.parent_job_0_1.parent_job.tRunJob_4Process(parent_job.java:4475)
	at depi.parent_job_0_1.parent_job.runJobInTOS(parent_job.java:8502)
	at depi.parent_job_0_1.parent_job.main(parent_job.java:8306)
Exception in component tRunJob_4 (parent_job)
java.lang.RuntimeException: Child job running failed.
org.postgresql.util.PSQLException: FATAL: the database system is shutting down
	at depi.parent_job_0_1.parent_job.tRunJob_4Process(parent_job.java:4488)
	at depi.parent_job_0_1.parent_job.runJobInTOS(parent_job.java:8502)
	at depi.parent_job_0_1.parent_job.main(parent_job.java:8306)
Exception in component tDBOutput_1 (passenger_dim)
org.postgresql.util.PSQLException: FATAL: the database system is shutting down
	at org.postgresql.core.v3.ConnectionFactoryImpl.doAuthentication(ConnectionFactoryImpl.java:525)
	at org.postgresql.core.v3.ConnectionFactoryImpl.tryConnect(ConnectionFactoryImpl.java:146)
	at org.postgresql.core.v3.ConnectionFactoryImpl.openConnectionImpl(ConnectionFactoryImpl.java:197)
	at org.postgresql.core.ConnectionFactory.openConnection(ConnectionFactory.java:49)
	at org.postgresql.jdbc.PgConnection.<init>(PgConnection.java:217)
	at org.postgresql.Driver.makeConnection(Driver.java:458)
	at org.postgresql.Driver.connect(Driver.java:260)
	at java.sql/java.sql.DriverManager.getConnection(DriverManager.java:677)
	at java.sql/java.sql.DriverManager.getConnection(DriverManager.java:228)
	at depi.passenger_dim_0_1.passenger_dim.tDBInput_1Process(passenger_dim.java:1573)
	at depi.passenger_dim_0_1.passenger_dim.runJobInTOS(passenger_dim.java:3190)
	at depi.passenger_dim_0_1.passenger_dim.runJob(passenger_dim.java:3029)
	at depi.parent_job_0_1.parent_job.tRunJob_5Process(parent_job.java:5531)
	at depi.parent_job_0_1.parent_job.runJobInTOS(parent_job.java:8511)
	at depi.parent_job_0_1.parent_job.main(parent_job.java:8306)
Exception in component tRunJob_5 (parent_job)
java.lang.RuntimeException: Child job running failed.
org.postgresql.util.PSQLException: FATAL: the database system is shutting down
	at depi.parent_job_0_1.parent_job.tRunJob_5Process(parent_job.java:5544)
	at depi.parent_job_0_1.parent_job.runJobInTOS(parent_job.java:8511)
	at depi.parent_job_0_1.parent_job.main(parent_job.java:8306)
Exception in component tDBOutput_1 (payment_dim)
org.postgresql.util.PSQLException: FATAL: the database system is shutting down
	at org.postgresql.core.v3.ConnectionFactoryImpl.doAuthentication(ConnectionFactoryImpl.java:525)
	at org.postgresql.core.v3.ConnectionFactoryImpl.tryConnect(ConnectionFactoryImpl.java:146)
	at org.postgresql.core.v3.ConnectionFactoryImpl.openConnectionImpl(ConnectionFactoryImpl.java:197)
	at org.postgresql.core.ConnectionFactory.openConnection(ConnectionFactory.java:49)
	at org.postgresql.jdbc.PgConnection.<init>(PgConnection.java:217)
	at org.postgresql.Driver.makeConnection(Driver.java:458)
	at org.postgresql.Driver.connect(Driver.java:260)
	at java.sql/java.sql.DriverManager.getConnection(DriverManager.java:677)
	at java.sql/java.sql.DriverManager.getConnection(DriverManager.java:228)
	at depi.payment_dim_0_1.payment_dim.tDBInput_1Process(payment_dim.java:1323)
	at depi.payment_dim_0_1.payment_dim.runJobInTOS(payment_dim.java:2874)
	at depi.payment_dim_0_1.payment_dim.runJob(payment_dim.java:2713)
	at depi.parent_job_0_1.parent_job.tRunJob_6Process(parent_job.java:6318)
	at depi.parent_job_0_1.parent_job.runJobInTOS(parent_job.java:8520)
	at depi.parent_job_0_1.parent_job.main(parent_job.java:8306)
Exception in component tRunJob_6 (parent_job)
java.lang.RuntimeException: Child job running failed.
org.postgresql.util.PSQLException: FATAL: the database system is shutting down
	at depi.parent_job_0_1.parent_job.tRunJob_6Process(parent_job.java:6331)
	at depi.parent_job_0_1.parent_job.runJobInTOS(parent_job.java:8520)
	at depi.parent_job_0_1.parent_job.main(parent_job.java:8306)
Exception in component tDBOutput_1 (ticket_dim)
org.postgresql.util.PSQLException: FATAL: the database system is shutting down
	at org.postgresql.core.v3.ConnectionFactoryImpl.doAuthentication(ConnectionFactoryImpl.java:525)
	at org.postgresql.core.v3.ConnectionFactoryImpl.tryConnect(ConnectionFactoryImpl.java:146)
	at org.postgresql.core.v3.ConnectionFactoryImpl.openConnectionImpl(ConnectionFactoryImpl.java:197)
	at org.postgresql.core.ConnectionFactory.openConnection(ConnectionFactory.java:49)
	at org.postgresql.jdbc.PgConnection.<init>(PgConnection.java:217)
	at org.postgresql.Driver.makeConnection(Driver.java:458)
	at org.postgresql.Driver.connect(Driver.java:260)
	at java.sql/java.sql.DriverManager.getConnection(DriverManager.java:677)
	at java.sql/java.sql.DriverManager.getConnection(DriverManager.java:228)
	at depi.ticket_dim_0_1.ticket_dim.tDBInput_1Process(ticket_dim.java:1380)
	at depi.ticket_dim_0_1.ticket_dim.runJobInTOS(ticket_dim.java:2955)
	at depi.ticket_dim_0_1.ticket_dim.runJob(ticket_dim.java:2794)
	at depi.parent_job_0_1.parent_job.tRunJob_7Process(parent_job.java:7100)
	at depi.parent_job_0_1.parent_job.runJobInTOS(parent_job.java:8529)
	at depi.parent_job_0_1.parent_job.main(parent_job.java:8306)
Exception in component tRunJob_7 (parent_job)
java.lang.RuntimeException: Child job running failed.
org.postgresql.util.PSQLException: FATAL: the database system is shutting down
	at depi.parent_job_0_1.parent_job.tRunJob_7Process(parent_job.java:7113)
	at depi.parent_job_0_1.parent_job.runJobInTOS(parent_job.java:8529)
	at depi.parent_job_0_1.parent_job.main(parent_job.java:8306)
Exception in component tDBOutput_1 (weather_dim)
org.postgresql.util.PSQLException: FATAL: the database system is shutting down
	at org.postgresql.core.v3.ConnectionFactoryImpl.doAuthentication(ConnectionFactoryImpl.java:525)
	at org.postgresql.core.v3.ConnectionFactoryImpl.tryConnect(ConnectionFactoryImpl.java:146)
	at org.postgresql.core.v3.ConnectionFactoryImpl.openConnectionImpl(ConnectionFactoryImpl.java:197)
	at org.postgresql.core.ConnectionFactory.openConnection(ConnectionFactory.java:49)
	at org.postgresql.jdbc.PgConnection.<init>(PgConnection.java:217)
	at org.postgresql.Driver.makeConnection(Driver.java:458)
	at org.postgresql.Driver.connect(Driver.java:260)
	at java.sql/java.sql.DriverManager.getConnection(DriverManager.java:677)
	at java.sql/java.sql.DriverManager.getConnection(DriverManager.java:228)
	at depi.weather_dim_0_1.weather_dim.tDBInput_1Process(weather_dim.java:1494)
	at depi.weather_dim_0_1.weather_dim.runJobInTOS(weather_dim.java:3111)
	at depi.weather_dim_0_1.weather_dim.runJob(weather_dim.java:2950)
	at depi.parent_job_0_1.parent_job.tRunJob_8Process(parent_job.java:7928)
	at depi.parent_job_0_1.parent_job.runJobInTOS(parent_job.java:8538)
	at depi.parent_job_0_1.parent_job.main(parent_job.java:8306)
Exception in component tRunJob_8 (parent_job)
java.lang.RuntimeException: Child job running failed.
org.postgresql.util.PSQLException: FATAL: the database system is shutting down
	at depi.parent_job_0_1.parent_job.tRunJob_8Process(parent_job.java:7941)
	at depi.parent_job_0_1.parent_job.runJobInTOS(parent_job.java:8538)
	at depi.parent_job_0_1.parent_job.main(parent_job.java:8306)

[2025-11-29T19:42:31.684+0000] {taskinstance.py:1400} INFO - Marking task as FAILED. dag_id=flight_etl, task_id=talend_etl_pipeline, execution_date=20251129T190300, start_date=20251129T190303, end_date=20251129T194231
[2025-11-29T19:42:32.025+0000] {standard_task_runner.py:104} ERROR - Failed to execute job 148 for task talend_etl_pipeline (Talend job failed: Exception in component tDBInput_2 (airport_dim)
org.postgresql.util.PSQLException: The connection attempt failed.
	at org.postgresql.core.v3.ConnectionFactoryImpl.openConnectionImpl(ConnectionFactoryImpl.java:297)
	at org.postgresql.core.ConnectionFactory.openConnection(ConnectionFactory.java:49)
	at org.postgresql.jdbc.PgConnection.<init>(PgConnection.java:217)
	at org.postgresql.Driver.makeConnection(Driver.java:458)
	at org.postgresql.Driver.connect(Driver.java:260)
	at java.sql/java.sql.DriverManager.getConnection(DriverManager.java:677)
	at java.sql/java.sql.DriverManager.getConnection(DriverManager.java:228)
	at depi.airport_dim_0_1.airport_dim.tDBInput_2Process(airport_dim.java:1964)
	at depi.airport_dim_0_1.airport_dim.runJobInTOS(airport_dim.java:3601)
	at depi.airport_dim_0_1.airport_dim.runJob(airport_dim.java:3432)
	at depi.parent_job_0_1.parent_job.tRunJob_1Process(parent_job.java:952)
	at depi.parent_job_0_1.parent_job.runJobInTOS(parent_job.java:8475)
	at depi.parent_job_0_1.parent_job.main(parent_job.java:8306)
Caused by: java.net.UnknownHostException: dwh-postgress
	at java.base/java.net.AbstractPlainSocketImpl.connect(AbstractPlainSocketImpl.java:229)
	at java.base/java.net.SocksSocketImpl.connect(SocksSocketImpl.java:392)
	at java.base/java.net.Socket.connect(Socket.java:609)
	at org.postgresql.core.PGStream.<init>(PGStream.java:81)
	at org.postgresql.core.v3.ConnectionFactoryImpl.tryConnect(ConnectionFactoryImpl.java:93)
	at org.postgresql.core.v3.ConnectionFactoryImpl.openConnectionImpl(ConnectionFactoryImpl.java:197)
	... 12 more
Exception in component tRunJob_1 (parent_job)
java.lang.RuntimeException: Child job running failed.
org.postgresql.util.PSQLException: The connection attempt failed.
	at depi.parent_job_0_1.parent_job.tRunJob_1Process(parent_job.java:965)
	at depi.parent_job_0_1.parent_job.runJobInTOS(parent_job.java:8475)
	at depi.parent_job_0_1.parent_job.main(parent_job.java:8306)
Exception in component tDBInput_3 (booking_fact)
org.postgresql.util.PSQLException: FATAL: terminating connection due to administrator command
	at org.postgresql.core.v3.QueryExecutorImpl.receiveErrorResponse(QueryExecutorImpl.java:2532)
	at org.postgresql.core.v3.QueryExecutorImpl.processResults(QueryExecutorImpl.java:2267)
	at org.postgresql.core.v3.QueryExecutorImpl.execute(QueryExecutorImpl.java:312)
	at org.postgresql.jdbc.PgConnection.executeTransactionCommand(PgConnection.java:837)
	at org.postgresql.jdbc.PgConnection.commit(PgConnection.java:859)
	at depi.booking_fact_0_1.booking_fact.tDBInput_2Process(booking_fact.java:3568)
	at depi.booking_fact_0_1.booking_fact.runJobInTOS(booking_fact.java:4081)
	at depi.booking_fact_0_1.booking_fact.runJob(booking_fact.java:3920)
	at depi.parent_job_0_1.parent_job.tRunJob_2Process(parent_job.java:1804)
	at depi.parent_job_0_1.parent_job.runJobInTOS(parent_job.java:8484)
	at depi.parent_job_0_1.parent_job.main(parent_job.java:8306)
Exception in component tRunJob_2 (parent_job)
java.lang.RuntimeException: Child job running failed.
org.postgresql.util.PSQLException: FATAL: terminating connection due to administrator command
	at depi.parent_job_0_1.parent_job.tRunJob_2Process(parent_job.java:1817)
	at depi.parent_job_0_1.parent_job.runJobInTOS(parent_job.java:8484)
	at depi.parent_job_0_1.parent_job.main(parent_job.java:8306)
Exception in component tDBOutput_1 (date_dim)
org.postgresql.util.PSQLException: FATAL: the database system is shutting down
	at org.postgresql.core.v3.ConnectionFactoryImpl.doAuthentication(ConnectionFactoryImpl.java:525)
	at org.postgresql.core.v3.ConnectionFactoryImpl.tryConnect(ConnectionFactoryImpl.java:146)
	at org.postgresql.core.v3.ConnectionFactoryImpl.openConnectionImpl(ConnectionFactoryImpl.java:197)
	at org.postgresql.core.ConnectionFactory.openConnection(ConnectionFactory.java:49)
	at org.postgresql.jdbc.PgConnection.<init>(PgConnection.java:217)
	at org.postgresql.Driver.makeConnection(Driver.java:458)
	at org.postgresql.Driver.connect(Driver.java:260)
	at java.sql/java.sql.DriverManager.getConnection(DriverManager.java:677)
	at java.sql/java.sql.DriverManager.getConnection(DriverManager.java:228)
	at depi.date_dim_0_1.date_dim.tDBInput_1Process(date_dim.java:1766)
	at depi.date_dim_0_1.date_dim.runJobInTOS(date_dim.java:3416)
	at depi.date_dim_0_1.date_dim.runJob(date_dim.java:3255)
	at depi.parent_job_0_1.parent_job.tRunJob_3Process(parent_job.java:2787)
	at depi.parent_job_0_1.parent_job.runJobInTOS(parent_job.java:8493)
	at depi.parent_job_0_1.parent_job.main(parent_job.java:8306)
Exception in component tRunJob_3 (parent_job)
java.lang.RuntimeException: Child job running failed.
org.postgresql.util.PSQLException: FATAL: the database system is shutting down
	at depi.parent_job_0_1.parent_job.tRunJob_3Process(parent_job.java:2800)
	at depi.parent_job_0_1.parent_job.runJobInTOS(parent_job.java:8493)
	at depi.parent_job_0_1.parent_job.main(parent_job.java:8306)
Exception in component tDBInput_1 (flight_dim)
org.postgresql.util.PSQLException: FATAL: the database system is shutting down
	at org.postgresql.core.v3.ConnectionFactoryImpl.doAuthentication(ConnectionFactoryImpl.java:525)
	at org.postgresql.core.v3.ConnectionFactoryImpl.tryConnect(ConnectionFactoryImpl.java:146)
	at org.postgresql.core.v3.ConnectionFactoryImpl.openConnectionImpl(ConnectionFactoryImpl.java:197)
	at org.postgresql.core.ConnectionFactory.openConnection(ConnectionFactory.java:49)
	at org.postgresql.jdbc.PgConnection.<init>(PgConnection.java:217)
	at org.postgresql.Driver.makeConnection(Driver.java:458)
	at org.postgresql.Driver.connect(Driver.java:260)
	at java.sql/java.sql.DriverManager.getConnection(DriverManager.java:677)
	at java.sql/java.sql.DriverManager.getConnection(DriverManager.java:228)
	at depi.flight_dim_0_1.flight_dim.tDBInput_1Process(flight_dim.java:5379)
	at depi.flight_dim_0_1.flight_dim.runJobInTOS(flight_dim.java:8856)
	at depi.flight_dim_0_1.flight_dim.runJob(flight_dim.java:8695)
	at depi.parent_job_0_1.parent_job.tRunJob_4Process(parent_job.java:4475)
	at depi.parent_job_0_1.parent_job.runJobInTOS(parent_job.java:8502)
	at depi.parent_job_0_1.parent_job.main(parent_job.java:8306)
Exception in component tRunJob_4 (parent_job)
java.lang.RuntimeException: Child job running failed.
org.postgresql.util.PSQLException: FATAL: the database system is shutting down
	at depi.parent_job_0_1.parent_job.tRunJob_4Process(parent_job.java:4488)
	at depi.parent_job_0_1.parent_job.runJobInTOS(parent_job.java:8502)
	at depi.parent_job_0_1.parent_job.main(parent_job.java:8306)
Exception in component tDBOutput_1 (passenger_dim)
org.postgresql.util.PSQLException: FATAL: the database system is shutting down
	at org.postgresql.core.v3.ConnectionFactoryImpl.doAuthentication(ConnectionFactoryImpl.java:525)
	at org.postgresql.core.v3.ConnectionFactoryImpl.tryConnect(ConnectionFactoryImpl.java:146)
	at org.postgresql.core.v3.ConnectionFactoryImpl.openConnectionImpl(ConnectionFactoryImpl.java:197)
	at org.postgresql.core.ConnectionFactory.openConnection(ConnectionFactory.java:49)
	at org.postgresql.jdbc.PgConnection.<init>(PgConnection.java:217)
	at org.postgresql.Driver.makeConnection(Driver.java:458)
	at org.postgresql.Driver.connect(Driver.java:260)
	at java.sql/java.sql.DriverManager.getConnection(DriverManager.java:677)
	at java.sql/java.sql.DriverManager.getConnection(DriverManager.java:228)
	at depi.passenger_dim_0_1.passenger_dim.tDBInput_1Process(passenger_dim.java:1573)
	at depi.passenger_dim_0_1.passenger_dim.runJobInTOS(passenger_dim.java:3190)
	at depi.passenger_dim_0_1.passenger_dim.runJob(passenger_dim.java:3029)
	at depi.parent_job_0_1.parent_job.tRunJob_5Process(parent_job.java:5531)
	at depi.parent_job_0_1.parent_job.runJobInTOS(parent_job.java:8511)
	at depi.parent_job_0_1.parent_job.main(parent_job.java:8306)
Exception in component tRunJob_5 (parent_job)
java.lang.RuntimeException: Child job running failed.
org.postgresql.util.PSQLException: FATAL: the database system is shutting down
	at depi.parent_job_0_1.parent_job.tRunJob_5Process(parent_job.java:5544)
	at depi.parent_job_0_1.parent_job.runJobInTOS(parent_job.java:8511)
	at depi.parent_job_0_1.parent_job.main(parent_job.java:8306)
Exception in component tDBOutput_1 (payment_dim)
org.postgresql.util.PSQLException: FATAL: the database system is shutting down
	at org.postgresql.core.v3.ConnectionFactoryImpl.doAuthentication(ConnectionFactoryImpl.java:525)
	at org.postgresql.core.v3.ConnectionFactoryImpl.tryConnect(ConnectionFactoryImpl.java:146)
	at org.postgresql.core.v3.ConnectionFactoryImpl.openConnectionImpl(ConnectionFactoryImpl.java:197)
	at org.postgresql.core.ConnectionFactory.openConnection(ConnectionFactory.java:49)
	at org.postgresql.jdbc.PgConnection.<init>(PgConnection.java:217)
	at org.postgresql.Driver.makeConnection(Driver.java:458)
	at org.postgresql.Driver.connect(Driver.java:260)
	at java.sql/java.sql.DriverManager.getConnection(DriverManager.java:677)
	at java.sql/java.sql.DriverManager.getConnection(DriverManager.java:228)
	at depi.payment_dim_0_1.payment_dim.tDBInput_1Process(payment_dim.java:1323)
	at depi.payment_dim_0_1.payment_dim.runJobInTOS(payment_dim.java:2874)
	at depi.payment_dim_0_1.payment_dim.runJob(payment_dim.java:2713)
	at depi.parent_job_0_1.parent_job.tRunJob_6Process(parent_job.java:6318)
	at depi.parent_job_0_1.parent_job.runJobInTOS(parent_job.java:8520)
	at depi.parent_job_0_1.parent_job.main(parent_job.java:8306)
Exception in component tRunJob_6 (parent_job)
java.lang.RuntimeException: Child job running failed.
org.postgresql.util.PSQLException: FATAL: the database system is shutting down
	at depi.parent_job_0_1.parent_job.tRunJob_6Process(parent_job.java:6331)
	at depi.parent_job_0_1.parent_job.runJobInTOS(parent_job.java:8520)
	at depi.parent_job_0_1.parent_job.main(parent_job.java:8306)
Exception in component tDBOutput_1 (ticket_dim)
org.postgresql.util.PSQLException: FATAL: the database system is shutting down
	at org.postgresql.core.v3.ConnectionFactoryImpl.doAuthentication(ConnectionFactoryImpl.java:525)
	at org.postgresql.core.v3.ConnectionFactoryImpl.tryConnect(ConnectionFactoryImpl.java:146)
	at org.postgresql.core.v3.ConnectionFactoryImpl.openConnectionImpl(ConnectionFactoryImpl.java:197)
	at org.postgresql.core.ConnectionFactory.openConnection(ConnectionFactory.java:49)
	at org.postgresql.jdbc.PgConnection.<init>(PgConnection.java:217)
	at org.postgresql.Driver.makeConnection(Driver.java:458)
	at org.postgresql.Driver.connect(Driver.java:260)
	at java.sql/java.sql.DriverManager.getConnection(DriverManager.java:677)
	at java.sql/java.sql.DriverManager.getConnection(DriverManager.java:228)
	at depi.ticket_dim_0_1.ticket_dim.tDBInput_1Process(ticket_dim.java:1380)
	at depi.ticket_dim_0_1.ticket_dim.runJobInTOS(ticket_dim.java:2955)
	at depi.ticket_dim_0_1.ticket_dim.runJob(ticket_dim.java:2794)
	at depi.parent_job_0_1.parent_job.tRunJob_7Process(parent_job.java:7100)
	at depi.parent_job_0_1.parent_job.runJobInTOS(parent_job.java:8529)
	at depi.parent_job_0_1.parent_job.main(parent_job.java:8306)
Exception in component tRunJob_7 (parent_job)
java.lang.RuntimeException: Child job running failed.
org.postgresql.util.PSQLException: FATAL: the database system is shutting down
	at depi.parent_job_0_1.parent_job.tRunJob_7Process(parent_job.java:7113)
	at depi.parent_job_0_1.parent_job.runJobInTOS(parent_job.java:8529)
	at depi.parent_job_0_1.parent_job.main(parent_job.java:8306)
Exception in component tDBOutput_1 (weather_dim)
org.postgresql.util.PSQLException: FATAL: the database system is shutting down
	at org.postgresql.core.v3.ConnectionFactoryImpl.doAuthentication(ConnectionFactoryImpl.java:525)
	at org.postgresql.core.v3.ConnectionFactoryImpl.tryConnect(ConnectionFactoryImpl.java:146)
	at org.postgresql.core.v3.ConnectionFactoryImpl.openConnectionImpl(ConnectionFactoryImpl.java:197)
	at org.postgresql.core.ConnectionFactory.openConnection(ConnectionFactory.java:49)
	at org.postgresql.jdbc.PgConnection.<init>(PgConnection.java:217)
	at org.postgresql.Driver.makeConnection(Driver.java:458)
	at org.postgresql.Driver.connect(Driver.java:260)
	at java.sql/java.sql.DriverManager.getConnection(DriverManager.java:677)
	at java.sql/java.sql.DriverManager.getConnection(DriverManager.java:228)
	at depi.weather_dim_0_1.weather_dim.tDBInput_1Process(weather_dim.java:1494)
	at depi.weather_dim_0_1.weather_dim.runJobInTOS(weather_dim.java:3111)
	at depi.weather_dim_0_1.weather_dim.runJob(weather_dim.java:2950)
	at depi.parent_job_0_1.parent_job.tRunJob_8Process(parent_job.java:7928)
	at depi.parent_job_0_1.parent_job.runJobInTOS(parent_job.java:8538)
	at depi.parent_job_0_1.parent_job.main(parent_job.java:8306)
Exception in component tRunJob_8 (parent_job)
java.lang.RuntimeException: Child job running failed.
org.postgresql.util.PSQLException: FATAL: the database system is shutting down
	at depi.parent_job_0_1.parent_job.tRunJob_8Process(parent_job.java:7941)
	at depi.parent_job_0_1.parent_job.runJobInTOS(parent_job.java:8538)
	at depi.parent_job_0_1.parent_job.main(parent_job.java:8306)
; 335)
[2025-11-29T19:42:32.075+0000] {local_task_job_runner.py:228} INFO - Task exited with return code 1
[2025-11-29T19:42:32.093+0000] {taskinstance.py:2778} INFO - 0 downstream tasks scheduled from follow-on schedule check
